

  SamAir task started at 13:54 on 14 JAN 2013



      ######################################################################
      #                                                                    #
      #                 SamAir - Version 2.2.5   22 September 2007         #        
      #                 ------------------------------------------         #        
      #                                                                    #
      #      Develped by:  CSIRO Electromagnetic Modelling Group           #
      #                    Fred Sugeng, Glenn Wilson & Art Raiche          #
      #                                                                    #
      #              For:  AMIRA project P223F                             #
      #                                                                    #
      ######################################################################


          INPUT DATA
          ----------


 SamAir Forward - Dighem, Date : 25 July 2006, Time : 9:25AM, Project File : C:\CSIRO\WIP\AEM Inversion Studies\Program_T

  TDFD =  2   DO3D =  1   PRFL =  1    ISTOP = 0

          +------------------------------------------------+
          +  Frequency-Domain Airborne System Information  +
          +------------------------------------------------+

  NFRQ =  5;  CMP = 1;  NPPF = 3
  Data will be expressed as ppm 

  Frequencies, Tx Angles and Receiver Offset(s)

     Frequency  TXCLN  TXAZM   ZRX   XRX   YRX   CONFIG
     ---------  -----  -----   ---   ---   ---   ------
  1     380.      0.     0.    0.0   8.1   0.0    HCP
  2     900.     90.     0.    0.0   8.1   0.0    VCA
  3    5500.     90.     0.    0.0   8.1   0.0    VCA
  4    7200.      0.     0.    0.0   8.1   0.0    HCP
  5   56000.      0.     0.    0.0   6.3   0.0    HCP


  NSTAT =  63   SURVEY = 2   BAROMTRC = 1   LINE_TAG = 1

       63 transmitter positions along the flight path

     Line   Stat       East        North       Alt     Bearing
     ----   ----       ----        -----       ---     -------
      -80     1        -150.0       -80.0      30.0      90.0
      -80     2        -130.0       -80.0      30.0      90.0
      -80     3        -110.0       -80.0      30.0      90.0
      -80     4         -90.0       -80.0      30.0      90.0
      -80     5         -70.0       -80.0      30.0      90.0
      -80     6         -50.0       -80.0      30.0      90.0
      -80     7         -30.0       -80.0      30.0      90.0
      -80     8         -10.0       -80.0      30.0      90.0
      -80     9          10.0       -80.0      30.0      90.0
      -80    10          30.0       -80.0      30.0      90.0
      -80    11          50.0       -80.0      30.0      90.0
      -80    12          70.0       -80.0      30.0      90.0
      -80    13          90.0       -80.0      30.0      90.0
      -80    14         110.0       -80.0      30.0      90.0
      -80    15         130.0       -80.0      30.0      90.0
      -80    16         150.0       -80.0      30.0      90.0
      -80    17         170.0       -80.0      30.0      90.0
      -80    18         190.0       -80.0      30.0      90.0
      -80    19         210.0       -80.0      30.0      90.0
      -80    20         230.0       -80.0      30.0      90.0
      -80    21         250.0       -80.0      30.0      90.0
        0    22        -150.0         0.0      30.0      90.0
        0    23        -130.0         0.0      30.0      90.0
        0    24        -110.0         0.0      30.0      90.0
        0    25         -90.0         0.0      30.0      90.0
        0    26         -70.0         0.0      30.0      90.0
        0    27         -50.0         0.0      30.0      90.0
        0    28         -30.0         0.0      30.0      90.0
        0    29         -10.0         0.0      30.0      90.0
        0    30          10.0         0.0      30.0      90.0
        0    31          30.0         0.0      30.0      90.0
        0    32          50.0         0.0      30.0      90.0
        0    33          70.0         0.0      30.0      90.0
        0    34          90.0         0.0      30.0      90.0
        0    35         110.0         0.0      30.0      90.0
        0    36         130.0         0.0      30.0      90.0
        0    37         150.0         0.0      30.0      90.0
        0    38         170.0         0.0      30.0      90.0
        0    39         190.0         0.0      30.0      90.0
        0    40         210.0         0.0      30.0      90.0
        0    41         230.0         0.0      30.0      90.0
        0    42         250.0         0.0      30.0      90.0
       80    43        -150.0        80.0      30.0      90.0
       80    44        -130.0        80.0      30.0      90.0
       80    45        -110.0        80.0      30.0      90.0
       80    46         -90.0        80.0      30.0      90.0
       80    47         -70.0        80.0      30.0      90.0
       80    48         -50.0        80.0      30.0      90.0
       80    49         -30.0        80.0      30.0      90.0
       80    50         -10.0        80.0      30.0      90.0
       80    51          10.0        80.0      30.0      90.0
       80    52          30.0        80.0      30.0      90.0
       80    53          50.0        80.0      30.0      90.0
       80    54          70.0        80.0      30.0      90.0
       80    55          90.0        80.0      30.0      90.0
       80    56         110.0        80.0      30.0      90.0
       80    57         130.0        80.0      30.0      90.0
       80    58         150.0        80.0      30.0      90.0
       80    59         170.0        80.0      30.0      90.0
       80    60         190.0        80.0      30.0      90.0
       80    61         210.0        80.0      30.0      90.0
       80    62         230.0        80.0      30.0      90.0
       80    63         250.0        80.0      30.0      90.0


                          LITHOLOGY PROPERTIES
                          --------------------

                                  Relative   Relative     Cole-Cole Parameters
        Resistivity  Conductance     MU     Dielectric   CHRG    CTAU       CFREQ

   1      1000.          1.0       1.000      1.000      0.00    0.00        1.00
   2      1.000          1.0       1.000      1.000      0.00    0.00        1.00


  LAYERED EARTH INPUT DATA
  ------------------------



          +----------------------------------+
          +  Layered Earth Model Parameters  +
          +----------------------------------+

 Layer  Thickness  Resistivity   MU-R   EPS-R   CHRG    CTAU      CFREQ
 -----  ---------  -----------   ----   -----   ----    ----      -----
   1                 1000.       1.00   1.00    0.00    0.0       1.00


     LITHOLOGY AND MESH DESCRIPTION
     ------------------------------

  Number of node "slices" along North-South axis =  4
  Number of node rows in each slice =   3
  Number of node columns in each slice =   4
  KACC = 1    SOLVER = 2


  Before computation begins, array and model coordinates are transformed from
  "real world" coordimnates to a body- centred system where the new origin is
  over the centre of the model region where depth is positive downwards.
  In the original coordinate system the new computation origin is located at:
    EAST:         0.00;    NORTH:         0.00

  Altitudes expressed as ground clearance are converted to barometric altitude.
   The revised transmitter and receiver positions are:

                   TRANSMITTER                 RECEIVER 1
                                                                    Tx Ground   Rx 1 Ground
   Station    East    North   Altitude    East    North   Altitude  Clearance   Clearance
   -------    ----    -----   --------    ----    -----   --------  ---------   --------- 
      1       -146.     -80.      30.     -154.     -80.      30.       30.        30.
      2       -126.     -80.      30.     -134.     -80.      30.       30.        30.
      3       -106.     -80.      30.     -114.     -80.      30.       30.        30.
      4        -86.     -80.      30.      -94.     -80.      30.       30.        30.
      5        -66.     -80.      30.      -74.     -80.      30.       30.        30.
      6        -46.     -80.      30.      -54.     -80.      30.       30.        30.
      7        -26.     -80.      30.      -34.     -80.      30.       30.        30.
      8         -6.     -80.      30.      -14.     -80.      30.       30.        30.
      9         14.     -80.      30.        6.     -80.      30.       30.        30.
     10         34.     -80.      30.       26.     -80.      30.       30.        30.
     11         54.     -80.      30.       46.     -80.      30.       30.        30.
     12         74.     -80.      30.       66.     -80.      30.       30.        30.
     13         94.     -80.      30.       86.     -80.      30.       30.        30.
     14        114.     -80.      30.      106.     -80.      30.       30.        30.
     15        134.     -80.      30.      126.     -80.      30.       30.        30.
     16        154.     -80.      30.      146.     -80.      30.       30.        30.
     17        174.     -80.      30.      166.     -80.      30.       30.        30.
     18        194.     -80.      30.      186.     -80.      30.       30.        30.
     19        214.     -80.      30.      206.     -80.      30.       30.        30.
     20        234.     -80.      30.      226.     -80.      30.       30.        30.
     21        254.     -80.      30.      246.     -80.      30.       30.        30.
     22       -146.       0.      30.     -154.       0.      30.       30.        30.
     23       -126.       0.      30.     -134.       0.      30.       30.        30.
     24       -106.       0.      30.     -114.       0.      30.       30.        30.
     25        -86.       0.      30.      -94.       0.      30.       30.        30.
     26        -66.       0.      30.      -74.       0.      30.       30.        30.
     27        -46.       0.      30.      -54.       0.      30.       30.        30.
     28        -26.       0.      30.      -34.       0.      30.       30.        30.
     29         -6.       0.      30.      -14.       0.      30.       30.        30.
     30         14.       0.      30.        6.       0.      30.       30.        30.
     31         34.       0.      30.       26.       0.      30.       30.        30.
     32         54.       0.      30.       46.       0.      30.       30.        30.
     33         74.       0.      30.       66.       0.      30.       30.        30.
     34         94.       0.      30.       86.       0.      30.       30.        30.
     35        114.       0.      30.      106.       0.      30.       30.        30.
     36        134.       0.      30.      126.       0.      30.       30.        30.
     37        154.       0.      30.      146.       0.      30.       30.        30.
     38        174.       0.      30.      166.       0.      30.       30.        30.
     39        194.       0.      30.      186.       0.      30.       30.        30.
     40        214.       0.      30.      206.       0.      30.       30.        30.
     41        234.       0.      30.      226.       0.      30.       30.        30.
     42        254.       0.      30.      246.       0.      30.       30.        30.
     43       -146.      80.      30.     -154.      80.      30.       30.        30.
     44       -126.      80.      30.     -134.      80.      30.       30.        30.
     45       -106.      80.      30.     -114.      80.      30.       30.        30.
     46        -86.      80.      30.      -94.      80.      30.       30.        30.
     47        -66.      80.      30.      -74.      80.      30.       30.        30.
     48        -46.      80.      30.      -54.      80.      30.       30.        30.
     49        -26.      80.      30.      -34.      80.      30.       30.        30.
     50         -6.      80.      30.      -14.      80.      30.       30.        30.
     51         14.      80.      30.        6.      80.      30.       30.        30.
     52         34.      80.      30.       26.      80.      30.       30.        30.
     53         54.      80.      30.       46.      80.      30.       30.        30.
     54         74.      80.      30.       66.      80.      30.       30.        30.
     55         94.      80.      30.       86.      80.      30.       30.        30.
     56        114.      80.      30.      106.      80.      30.       30.        30.
     57        134.      80.      30.      126.      80.      30.       30.        30.
     58        154.      80.      30.      146.      80.      30.       30.        30.
     59        174.      80.      30.      166.      80.      30.       30.        30.
     60        194.      80.      30.      186.      80.      30.       30.        30.
     61        214.      80.      30.      206.      80.      30.       30.        30.
     62        234.      80.      30.      226.      80.      30.       30.        30.
     63        254.      80.      30.      246.      80.      30.       30.        30.

---------------------------------------------------------------------------
                       End of SamAir control file description
---------------------------------------------------------------------------

   Frequency    Coupled Primary   Normalisation
   Index        Field (pT)        Factor
   ---------    ---------------   ------------
     1             188.2            5314.    
     2             376.3            2657.    
     3             376.3            2657.    
     4             188.2            5314.    
     5             399.9            2500.    

  FREQUENCY-DOMAIN SamAir OUTPUT
  ---------------------------------


 TITLE:  SamAir Forward - Dighem, Date : 25 July 2006, Time : 9:25AM, Project File : C:\CSIRO\WIP\AEM Inversion Studies\Program_T
 -----


  SINGLE COMPONENT RESPONSE ALONG TRANSMITTER DIPOLE DIRECTION


         IN-PHASE COMPONENT - ppm

    RECEIVER POSITION 
         EAST     NORTH    ALT      380.        900.       5500.       7200.      56000.
                                    HCP         VCA         VCA         HCP         HCP

  1      -150       -80     30        0.46        0.45        3.97       22.44      102.71
  2      -130       -80     30        0.48        0.49        4.07       22.69      102.68
  3      -110       -80     30        0.53        0.55        4.20       22.99      102.69
  4       -90       -80     30        0.61        0.60        4.37       23.34      102.75
  5       -70       -80     30        0.73        0.64        4.52       23.79      102.84
  6       -50       -80     30        0.91        0.64        4.61       24.34      102.96
  7       -30       -80     30        1.10        0.59        4.62       24.90      103.10
  8       -10       -80     30        1.22        0.55        4.60       25.22      103.21
  9        10       -80     30        1.19        0.56        4.63       25.11      103.24
 10        30       -80     30        1.04        0.62        4.70       24.62      103.16
 11        50       -80     30        0.85        0.66        4.69       24.03      103.03
 12        70       -80     30        0.68        0.66        4.56       23.57      102.91
 13        90       -80     30        0.58        0.60        4.37       23.26      102.80
 14       110       -80     30        0.51        0.54        4.18       23.00      102.71
 15       130       -80     30        0.48        0.48        4.03       22.75      102.68
 16       150       -80     30        0.46        0.44        3.94       22.50      102.69
 17       170       -80     30        0.44        0.41        3.89       22.27      102.75
 18       190       -80     30        0.43        0.38        3.86       22.07      102.81
 19       210       -80     30        0.43        0.37        3.84       21.90      102.87
 20       230       -80     30        0.42        0.36        3.83       21.76      102.92
 21       250       -80     30        0.42        0.36        3.83       21.66      102.95
 22      -150         0     30        0.49        0.54        4.06       22.87      102.68
 23      -130         0     30        0.56        0.66        4.27       23.28      102.78
 24      -110         0     30        0.69        0.84        4.62       23.83      102.98
 25       -90         0     30        0.99        1.08        5.13       24.68      103.17
 26       -70         0     30        1.61        1.31        5.68       26.28      103.21
 27       -50         0     30        2.69        1.37        5.96       29.19      103.09
 28       -30         0     30        4.11        1.19        5.79       33.03      103.04
 29       -10         0     30        5.20        0.94        5.48       35.93      103.08
 30        10         0     30        5.21        0.93        5.46       35.94      103.08
 31        30         0     30        4.13        1.17        5.76       33.04      103.03
 32        50         0     30        2.71        1.35        5.92       29.17      103.09
 33        70         0     30        1.62        1.29        5.64       26.26      103.20
 34        90         0     30        1.00        1.07        5.11       24.65      103.17
 35       110         0     30        0.70        0.83        4.61       23.81      102.98
 36       130         0     30        0.56        0.65        4.27       23.26      102.78
 37       150         0     30        0.49        0.54        4.06       22.85      102.68
 38       170         0     30        0.46        0.46        3.95       22.52      102.69
 39       190         0     30        0.44        0.42        3.89       22.24      102.75
 40       210         0     30        0.43        0.39        3.85       22.02      102.82
 41       230         0     30        0.43        0.37        3.84       21.85      102.89
 42       250         0     30        0.42        0.36        3.83       21.72      102.93
 43      -150        80     30        0.46        0.44        3.95       22.51      102.69
 44      -130        80     30        0.48        0.49        4.04       22.76      102.67
 45      -110        80     30        0.52        0.55        4.19       23.02      102.71
 46       -90        80     30        0.59        0.62        4.39       23.30      102.79
 47       -70        80     30        0.70        0.68        4.59       23.64      102.89
 48       -50        80     30        0.87        0.69        4.73       24.13      103.01
 49       -30        80     30        1.08        0.64        4.73       24.77      103.13
 50       -10        80     30        1.25        0.58        4.66       25.29      103.20
 51        10        80     30        1.27        0.57        4.62       25.41      103.17
 52        30        80     30        1.15        0.61        4.63       25.06      103.06
 53        50        80     30        0.95        0.65        4.63       24.45      102.93
 54        70        80     30        0.76        0.65        4.53       23.85      102.82
 55        90        80     30        0.62        0.61        4.38       23.37      102.74
 56       110        80     30        0.53        0.55        4.21       22.99      102.69
 57       130        80     30        0.48        0.50        4.08       22.69      102.68
 58       150        80     30        0.46        0.45        3.98       22.43      102.71
 59       170        80     30        0.44        0.42        3.92       22.21      102.76
 60       190        80     30        0.43        0.39        3.88       22.02      102.83
 61       210        80     30        0.43        0.38        3.85       21.87      102.88
 62       230        80     30        0.42        0.37        3.84       21.74      102.92
 63       250        80     30        0.42        0.36        3.83       21.64      102.95


         QUADRATURE COMPONENT - ppm

    RECEIVER POSITION 
         EAST     NORTH    ALT      380.        900.       5500.       7200.      56000.
                                    HCP         VCA         VCA         HCP         HCP

  1      -150       -80     30        6.23        3.51       17.78       90.63      197.18
  2      -130       -80     30        6.29        3.55       17.78       90.83      196.98
  3      -110       -80     30        6.37        3.59       17.80       91.01      196.72
  4       -90       -80     30        6.50        3.65       17.86       91.14      196.45
  5       -70       -80     30        6.68        3.70       17.96       91.18      196.19
  6       -50       -80     30        6.91        3.73       18.09       91.13      195.94
  7       -30       -80     30        7.16        3.73       18.21       91.04      195.72
  8       -10       -80     30        7.31        3.73       18.28       90.98      195.60
  9        10       -80     30        7.28        3.74       18.29       91.00      195.63
 10        30       -80     30        7.07        3.76       18.23       91.08      195.79
 11        50       -80     30        6.81        3.76       18.11       91.20      195.99
 12        70       -80     30        6.60        3.72       17.97       91.27      196.19
 13        90       -80     30        6.45        3.65       17.86       91.24      196.41
 14       110       -80     30        6.36        3.58       17.80       91.10      196.66
 15       130       -80     30        6.29        3.53       17.78       90.89      196.92
 16       150       -80     30        6.24        3.50       17.78       90.68      197.14
 17       170       -80     30        6.20        3.48       17.79       90.49      197.30
 18       190       -80     30        6.17        3.47       17.80       90.34      197.40
 19       210       -80     30        6.15        3.46       17.81       90.23      197.46
 20       230       -80     30        6.14        3.46       17.81       90.15      197.48
 21       250       -80     30        6.13        3.45       17.81       90.10      197.48
 22      -150         0     30        6.32        3.55       17.70       90.96      196.81
 23      -130         0     30        6.44        3.63       17.67       91.23      196.42
 24      -110         0     30        6.65        3.75       17.66       91.39      196.01
 25       -90         0     30        7.04        3.94       17.75       91.23      195.69
 26       -70         0     30        7.80        4.15       17.95       90.56      195.43
 27       -50         0     30        9.11        4.25       18.23       89.42      194.99
 28       -30         0     30       10.78        4.20       18.49       88.15      194.31
 29       -10         0     30       12.05        4.08       18.65       87.32      193.74
 30        10         0     30       12.06        4.08       18.65       87.30      193.74
 31        30         0     30       10.81        4.18       18.51       88.11      194.33
 32        50         0     30        9.13        4.24       18.24       89.36      195.02
 33        70         0     30        7.81        4.13       17.96       90.52      195.46
 34        90         0     30        7.04        3.93       17.75       91.20      195.72
 35       110         0     30        6.65        3.75       17.67       91.37      196.03
 36       130         0     30        6.44        3.63       17.67       91.22      196.43
 37       150         0     30        6.32        3.55       17.70       90.96      196.82
 38       170         0     30        6.24        3.51       17.74       90.69      197.12
 39       190         0     30        6.20        3.49       17.78       90.48      197.31
 40       210         0     30        6.17        3.47       17.80       90.32      197.41
 41       230         0     30        6.15        3.46       17.81       90.21      197.46
 42       250         0     30        6.13        3.46       17.81       90.13      197.48
 43      -150        80     30        6.24        3.51       17.78       90.68      197.14
 44      -130        80     30        6.29        3.54       17.77       90.89      196.92
 45      -110        80     30        6.36        3.59       17.79       91.10      196.66
 46       -90        80     30        6.47        3.66       17.85       91.24      196.40
 47       -70        80     30        6.62        3.73       17.96       91.27      196.17
 48       -50        80     30        6.85        3.78       18.10       91.19      195.96
 49       -30        80     30        7.14        3.78       18.22       91.05      195.75
 50       -10        80     30        7.36        3.75       18.29       90.94      195.59
 51        10        80     30        7.40        3.73       18.28       90.91      195.57
 52        30        80     30        7.24        3.74       18.21       90.96      195.70
 53        50        80     30        6.97        3.74       18.09       91.06      195.93
 54        70        80     30        6.71        3.71       17.96       91.13      196.19
 55        90        80     30        6.51        3.65       17.86       91.11      196.46
 56       110        80     30        6.38        3.60       17.80       91.00      196.73
 57       130        80     30        6.29        3.55       17.78       90.82      196.98
 58       150        80     30        6.23        3.52       17.78       90.63      197.18
 59       170        80     30        6.20        3.49       17.79       90.46      197.33
 60       190        80     30        6.17        3.48       17.80       90.32      197.41
 61       210        80     30        6.15        3.47       17.81       90.22      197.46
 62       230        80     30        6.14        3.46       17.81       90.15      197.48
 63       250        80     30        6.13        3.46       17.81       90.10      197.48


  SamAir forward model completed at 13:54 on 14 JAN 2013

  Computation time =       0.50 seconds.


