

  SamAir task started at 13:54 on 14 JAN 2013



      ######################################################################
      #                                                                    #
      #                 SamAir - Version 2.2.5   22 September 2007         #        
      #                 ------------------------------------------         #        
      #                                                                    #
      #      Develped by:  CSIRO Electromagnetic Modelling Group           #
      #                    Fred Sugeng, Glenn Wilson & Art Raiche          #
      #                                                                    #
      #              For:  AMIRA project P223F                             #
      #                                                                    #
      ######################################################################


          INPUT DATA
          ----------


 SamAir Forward - GTK, Date : 25 July 2006, Time : 9:24AM, Project File : C:\CSIRO\WIP\AEM Inversion Studies\Program_Test

  TDFD =  2   DO3D =  1   PRFL =  1    ISTOP = 0

          +------------------------------------------------+
          +  Frequency-Domain Airborne System Information  +
          +------------------------------------------------+

  NFRQ =  4;  CMP = 1;  NPPF = 3
  Data will be expressed as ppm 

  Frequencies, Tx Angles and Receiver Offset(s)

     Frequency  TXCLN  TXAZM   ZRX   XRX   YRX   CONFIG
     ---------  -----  -----   ---   ---   ---   ------
  1     912.     90.     0.    0.0   0.0  21.4    VCP
  2    3005.     90.     0.    0.0   0.0  21.4    VCP
  3   11962.     90.     0.    0.0   0.0  21.4    VCP
  4   24510.     90.     0.    0.0   0.0  21.4    VCP


  NSTAT =  63   SURVEY = 2   BAROMTRC = 1   LINE_TAG = 1

       63 transmitter positions along the flight path

     Line   Stat       East        North       Alt     Bearing
     ----   ----       ----        -----       ---     -------
      -80     1        -150.0       -80.0      40.0      90.0
      -80     2        -130.0       -80.0      40.0      90.0
      -80     3        -110.0       -80.0      40.0      90.0
      -80     4         -90.0       -80.0      40.0      90.0
      -80     5         -70.0       -80.0      40.0      90.0
      -80     6         -50.0       -80.0      40.0      90.0
      -80     7         -30.0       -80.0      40.0      90.0
      -80     8         -10.0       -80.0      40.0      90.0
      -80     9          10.0       -80.0      40.0      90.0
      -80    10          30.0       -80.0      40.0      90.0
      -80    11          50.0       -80.0      40.0      90.0
      -80    12          70.0       -80.0      40.0      90.0
      -80    13          90.0       -80.0      40.0      90.0
      -80    14         110.0       -80.0      40.0      90.0
      -80    15         130.0       -80.0      40.0      90.0
      -80    16         150.0       -80.0      40.0      90.0
      -80    17         170.0       -80.0      40.0      90.0
      -80    18         190.0       -80.0      40.0      90.0
      -80    19         210.0       -80.0      40.0      90.0
      -80    20         230.0       -80.0      40.0      90.0
      -80    21         250.0       -80.0      40.0      90.0
        0    22        -150.0         0.0      40.0      90.0
        0    23        -130.0         0.0      40.0      90.0
        0    24        -110.0         0.0      40.0      90.0
        0    25         -90.0         0.0      40.0      90.0
        0    26         -70.0         0.0      40.0      90.0
        0    27         -50.0         0.0      40.0      90.0
        0    28         -30.0         0.0      40.0      90.0
        0    29         -10.0         0.0      40.0      90.0
        0    30          10.0         0.0      40.0      90.0
        0    31          30.0         0.0      40.0      90.0
        0    32          50.0         0.0      40.0      90.0
        0    33          70.0         0.0      40.0      90.0
        0    34          90.0         0.0      40.0      90.0
        0    35         110.0         0.0      40.0      90.0
        0    36         130.0         0.0      40.0      90.0
        0    37         150.0         0.0      40.0      90.0
        0    38         170.0         0.0      40.0      90.0
        0    39         190.0         0.0      40.0      90.0
        0    40         210.0         0.0      40.0      90.0
        0    41         230.0         0.0      40.0      90.0
        0    42         250.0         0.0      40.0      90.0
       80    43        -150.0        80.0      40.0      90.0
       80    44        -130.0        80.0      40.0      90.0
       80    45        -110.0        80.0      40.0      90.0
       80    46         -90.0        80.0      40.0      90.0
       80    47         -70.0        80.0      40.0      90.0
       80    48         -50.0        80.0      40.0      90.0
       80    49         -30.0        80.0      40.0      90.0
       80    50         -10.0        80.0      40.0      90.0
       80    51          10.0        80.0      40.0      90.0
       80    52          30.0        80.0      40.0      90.0
       80    53          50.0        80.0      40.0      90.0
       80    54          70.0        80.0      40.0      90.0
       80    55          90.0        80.0      40.0      90.0
       80    56         110.0        80.0      40.0      90.0
       80    57         130.0        80.0      40.0      90.0
       80    58         150.0        80.0      40.0      90.0
       80    59         170.0        80.0      40.0      90.0
       80    60         190.0        80.0      40.0      90.0
       80    61         210.0        80.0      40.0      90.0
       80    62         230.0        80.0      40.0      90.0
       80    63         250.0        80.0      40.0      90.0


                          LITHOLOGY PROPERTIES
                          --------------------

                                  Relative   Relative     Cole-Cole Parameters
        Resistivity  Conductance     MU     Dielectric   CHRG    CTAU       CFREQ

   1      1000.          1.0       1.000      1.000      0.00    0.00        1.00
   2      1.000          1.0       1.000      1.000      0.00    0.00        1.00


  LAYERED EARTH INPUT DATA
  ------------------------



          +----------------------------------+
          +  Layered Earth Model Parameters  +
          +----------------------------------+

 Layer  Thickness  Resistivity   MU-R   EPS-R   CHRG    CTAU      CFREQ
 -----  ---------  -----------   ----   -----   ----    ----      -----
   1                 1000.       1.00   1.00    0.00    0.0       1.00


     LITHOLOGY AND MESH DESCRIPTION
     ------------------------------

  Number of node "slices" along North-South axis =  4
  Number of node rows in each slice =   3
  Number of node columns in each slice =   4
  KACC = 1    SOLVER = 2


  Before computation begins, array and model coordinates are transformed from
  "real world" coordimnates to a body- centred system where the new origin is
  over the centre of the model region where depth is positive downwards.
  In the original coordinate system the new computation origin is located at:
    EAST:         0.00;    NORTH:         0.00

  Altitudes expressed as ground clearance are converted to barometric altitude.
   The revised transmitter and receiver positions are:

                   TRANSMITTER                 RECEIVER 1
                                                                    Tx Ground   Rx 1 Ground
   Station    East    North   Altitude    East    North   Altitude  Clearance   Clearance
   -------    ----    -----   --------    ----    -----   --------  ---------   --------- 
      1       -150.     -91.      40.     -150.     -69.      40.       40.        40.
      2       -130.     -91.      40.     -130.     -69.      40.       40.        40.
      3       -110.     -91.      40.     -110.     -69.      40.       40.        40.
      4        -90.     -91.      40.      -90.     -69.      40.       40.        40.
      5        -70.     -91.      40.      -70.     -69.      40.       40.        40.
      6        -50.     -91.      40.      -50.     -69.      40.       40.        40.
      7        -30.     -91.      40.      -30.     -69.      40.       40.        40.
      8        -10.     -91.      40.      -10.     -69.      40.       40.        40.
      9         10.     -91.      40.       10.     -69.      40.       40.        40.
     10         30.     -91.      40.       30.     -69.      40.       40.        40.
     11         50.     -91.      40.       50.     -69.      40.       40.        40.
     12         70.     -91.      40.       70.     -69.      40.       40.        40.
     13         90.     -91.      40.       90.     -69.      40.       40.        40.
     14        110.     -91.      40.      110.     -69.      40.       40.        40.
     15        130.     -91.      40.      130.     -69.      40.       40.        40.
     16        150.     -91.      40.      150.     -69.      40.       40.        40.
     17        170.     -91.      40.      170.     -69.      40.       40.        40.
     18        190.     -91.      40.      190.     -69.      40.       40.        40.
     19        210.     -91.      40.      210.     -69.      40.       40.        40.
     20        230.     -91.      40.      230.     -69.      40.       40.        40.
     21        250.     -91.      40.      250.     -69.      40.       40.        40.
     22       -150.     -11.      40.     -150.      11.      40.       40.        40.
     23       -130.     -11.      40.     -130.      11.      40.       40.        40.
     24       -110.     -11.      40.     -110.      11.      40.       40.        40.
     25        -90.     -11.      40.      -90.      11.      40.       40.        40.
     26        -70.     -11.      40.      -70.      11.      40.       40.        40.
     27        -50.     -11.      40.      -50.      11.      40.       40.        40.
     28        -30.     -11.      40.      -30.      11.      40.       40.        40.
     29        -10.     -11.      40.      -10.      11.      40.       40.        40.
     30         10.     -11.      40.       10.      11.      40.       40.        40.
     31         30.     -11.      40.       30.      11.      40.       40.        40.
     32         50.     -11.      40.       50.      11.      40.       40.        40.
     33         70.     -11.      40.       70.      11.      40.       40.        40.
     34         90.     -11.      40.       90.      11.      40.       40.        40.
     35        110.     -11.      40.      110.      11.      40.       40.        40.
     36        130.     -11.      40.      130.      11.      40.       40.        40.
     37        150.     -11.      40.      150.      11.      40.       40.        40.
     38        170.     -11.      40.      170.      11.      40.       40.        40.
     39        190.     -11.      40.      190.      11.      40.       40.        40.
     40        210.     -11.      40.      210.      11.      40.       40.        40.
     41        230.     -11.      40.      230.      11.      40.       40.        40.
     42        250.     -11.      40.      250.      11.      40.       40.        40.
     43       -150.      69.      40.     -150.      91.      40.       40.        40.
     44       -130.      69.      40.     -130.      91.      40.       40.        40.
     45       -110.      69.      40.     -110.      91.      40.       40.        40.
     46        -90.      69.      40.      -90.      91.      40.       40.        40.
     47        -70.      69.      40.      -70.      91.      40.       40.        40.
     48        -50.      69.      40.      -50.      91.      40.       40.        40.
     49        -30.      69.      40.      -30.      91.      40.       40.        40.
     50        -10.      69.      40.      -10.      91.      40.       40.        40.
     51         10.      69.      40.       10.      91.      40.       40.        40.
     52         30.      69.      40.       30.      91.      40.       40.        40.
     53         50.      69.      40.       50.      91.      40.       40.        40.
     54         70.      69.      40.       70.      91.      40.       40.        40.
     55         90.      69.      40.       90.      91.      40.       40.        40.
     56        110.      69.      40.      110.      91.      40.       40.        40.
     57        130.      69.      40.      130.      91.      40.       40.        40.
     58        150.      69.      40.      150.      91.      40.       40.        40.
     59        170.      69.      40.      170.      91.      40.       40.        40.
     60        190.      69.      40.      190.      91.      40.       40.        40.
     61        210.      69.      40.      210.      91.      40.       40.        40.
     62        230.      69.      40.      230.      91.      40.       40.        40.
     63        250.      69.      40.      250.      91.      40.       40.        40.

---------------------------------------------------------------------------
                       End of SamAir control file description
---------------------------------------------------------------------------

   Frequency    Coupled Primary   Normalisation
   Index        Field (pT)        Factor
   ---------    ---------------   ------------
     1             10.26           0.9745E+05
     2             10.26           0.9745E+05
     3             10.26           0.9745E+05
     4             10.26           0.9745E+05

  FREQUENCY-DOMAIN SamAir OUTPUT
  ---------------------------------


 TITLE:  SamAir Forward - GTK, Date : 25 July 2006, Time : 9:24AM, Project File : C:\CSIRO\WIP\AEM Inversion Studies\Program_Test
 -----


  SINGLE COMPONENT RESPONSE ALONG TRANSMITTER DIPOLE DIRECTION


         IN-PHASE COMPONENT - ppm

    RECEIVER POSITION 
         EAST     NORTH    ALT      912.       3005.      11962.      24510.
                                    VCP         VCP         VCP         VCP

  1      -150       -80     40       14.99       61.59      304.07      656.29
  2      -130       -80     40       16.25       63.86      306.58      656.59
  3      -110       -80     40       17.76       66.74      310.94      658.30
  4       -90       -80     40       19.26       69.82      317.25      662.29
  5       -70       -80     40       20.20       72.23      324.62      668.53
  6       -50       -80     40       20.05       72.97      331.25      675.54
  7       -30       -80     40       18.90       72.02      335.66      681.21
  8       -10       -80     40       17.79       70.89      337.84      684.43
  9        10       -80     40       17.88       71.21      338.47      685.02
 10        30       -80     40       19.12       72.82      337.17      682.63
 11        50       -80     40       20.26       73.79      332.80      676.96
 12        70       -80     40       20.28       72.67      325.48      669.28
 13        90       -80     40       19.20       69.81      317.30      662.31
 14       110       -80     40       17.64       66.46      310.51      657.94
 15       130       -80     40       16.13       63.52      306.03      656.22
 16       150       -80     40       14.89       61.29      303.60      656.07
 17       170       -80     40       13.97       59.74      302.53      656.40
 18       190       -80     40       13.31       58.69      302.17      656.59
 19       210       -80     40       12.86       58.01      302.11      656.46
 20       230       -80     40       12.55       57.57      302.10      656.04
 21       250       -80     40       12.33       57.29      302.06      655.46
 22      -150         0     40       17.42       64.66      303.29      654.44
 23      -130         0     40       20.55       69.79      307.54      653.75
 24      -110         0     40       25.04       77.45      316.47      656.60
 25       -90         0     40       30.51       87.20      331.17      666.16
 26       -70         0     40       35.13       96.03      349.15      682.73
 27       -50         0     40       35.83       98.73      363.45      700.63
 28       -30         0     40       31.49       93.29      368.56      712.31
 29       -10         0     40       26.10       85.85      367.42      716.39
 30        10         0     40       25.41       84.83      366.69      716.17
 31        30         0     40       29.75       90.64      366.65      711.71
 32        50         0     40       33.90       95.63      361.26      699.99
 33        70         0     40       33.76       93.75      347.70      682.49
 34        90         0     40       29.93       86.22      330.83      666.43
 35       110         0     40       25.05       77.48      316.92      657.10
 36       130         0     40       20.85       70.32      308.27      654.20
 37       150         0     40       17.77       65.31      303.99      654.71
 38       170         0     40       15.70       62.06      302.33      656.07
 39       190         0     40       14.35       60.02      301.93      657.02
 40       210         0     40       13.48       58.76      302.00      657.26
 41       230         0     40       12.92       58.00      302.15      656.92
 42       250         0     40       12.57       57.54      302.21      656.25
 43      -150        80     40       14.76       61.04      303.26      655.96
 44      -130        80     40       16.07       63.39      305.71      656.02
 45      -110        80     40       17.75       66.65      310.41      657.75
 46       -90        80     40       19.58       70.52      317.68      662.32
 47       -70        80     40       20.95       73.93      326.48      669.69
 48       -50        80     40       21.08       75.29      334.15      677.68
 49       -30        80     40       19.78       73.98      338.33      683.37
 50       -10        80     40       18.13       71.62      339.05      685.55
 51        10        80     40       17.58       70.55      337.91      684.81
 52        30        80     40       18.43       71.30      335.49      681.54
 53        50        80     40       19.59       72.26      331.09      675.83
 54        70        80     40       19.92       71.82      324.63      668.79
 55        90        80     40       19.21       69.78      317.46      662.52
 56       110        80     40       17.88       66.97      311.29      658.51
 57       130        80     40       16.45       64.23      306.97      656.77
 58       150        80     40       15.21       61.99      304.42      656.42
 59       170        80     40       14.24       60.32      303.14      656.53
 60       190        80     40       13.52       59.14      302.57      656.58
 61       210        80     40       13.02       58.34      302.34      656.36
 62       230        80     40       12.66       57.81      302.23      655.92
 63       250        80     40       12.42       57.46      302.12      655.34


         QUADRATURE COMPONENT - ppm

    RECEIVER POSITION 
         EAST     NORTH    ALT      912.       3005.      11962.      24510.
                                    VCP         VCP         VCP         VCP

  1      -150       -80     40       93.87      267.77      816.51     1354.41
  2      -130       -80     40       94.83      268.44      814.90     1352.23
  3      -110       -80     40       96.12      269.67      813.40     1348.63
  4       -90       -80     40       97.65      271.59      812.71     1343.92
  5       -70       -80     40       99.05      274.02      813.51     1339.09
  6       -50       -80     40       99.87      276.45      815.81     1335.28
  7       -30       -80     40       99.96      278.34      818.70     1333.00
  8       -10       -80     40       99.80      279.43      820.70     1331.89
  9        10       -80     40       99.97      279.66      820.72     1331.54
 10        30       -80     40      100.38      278.91      818.75     1332.17
 11        50       -80     40      100.31      277.05      815.87     1334.45
 12        70       -80     40       99.30      274.36      813.55     1338.63
 13        90       -80     40       97.66      271.63      812.76     1343.92
 14       110       -80     40       95.99      269.52      813.47     1348.96
 15       130       -80     40       94.66      268.24      815.02     1352.69
 16       150       -80     40       93.73      267.61      816.67     1354.84
 17       170       -80     40       93.11      267.37      817.96     1355.72
 18       190       -80     40       92.72      267.32      818.78     1355.82
 19       210       -80     40       92.46      267.35      819.15     1355.59
 20       230       -80     40       92.29      267.40      819.22     1355.34
 21       250       -80     40       92.18      267.43      819.09     1355.19
 22      -150         0     40       94.85      266.87      813.99     1355.16
 23      -130         0     40       96.86      267.63      809.92     1350.67
 24      -110         0     40      100.08      269.66      805.51     1342.52
 25       -90         0     40      104.48      273.52      802.64     1331.48
 26       -70         0     40      108.94      278.82      803.73     1320.87
 27       -50         0     40      111.17      283.84      809.81     1314.99
 28       -30         0     40      110.02      286.86      818.53     1315.05
 29       -10         0     40      107.67      287.91      825.12     1317.57
 30        10         0     40      107.25      287.86      825.70     1318.25
 31        30         0     40      108.91      286.67      820.02     1316.80
 32        50         0     40      109.84      283.58      811.57     1316.99
 33        70         0     40      107.95      278.66      805.13     1322.29
 34        90         0     40      104.07      273.54      803.37     1331.96
 35       110         0     40      100.11      269.82      805.66     1342.25
 36       130         0     40       97.12      267.81      809.72     1350.06
 37       150         0     40       95.15      267.03      813.63     1354.51
 38       170         0     40       93.93      266.88      816.54     1356.29
 39       190         0     40       93.19      266.98      818.31     1356.51
 40       210         0     40       92.74      267.13      819.19     1356.08
 41       230         0     40       92.47      267.27      819.46     1355.56
 42       250         0     40       92.29      267.37      819.39     1355.20
 43      -150        80     40       93.61      267.51      816.82     1355.19
 44      -130        80     40       94.59      268.14      815.05     1352.98
 45      -110        80     40       96.06      269.48      813.29     1349.02
 46       -90        80     40       97.96      271.70      812.30     1343.58
 47       -70        80     40       99.86      274.59      812.88     1337.84
 48       -50        80     40      100.98      277.37      815.18     1333.45
 49       -30        80     40      100.90      279.18      818.30     1331.36
 50       -10        80     40      100.15      279.81      820.69     1331.21
 51        10        80     40       99.67      279.51      821.08     1332.03
 52        30        80     40       99.68      278.41      819.32     1333.37
 53        50        80     40       99.59      276.53      816.39     1335.61
 54        70        80     40       98.90      274.11      813.86     1339.21
 55        90        80     40       97.64      271.69      812.81     1343.81
 56       110        80     40       96.23      269.77      813.31     1348.36
 57       130        80     40       94.99      268.53      814.71     1351.90
 58       150        80     40       94.05      267.85      816.29     1354.08
 59       170        80     40       93.38      267.54      817.58     1355.09
 60       190        80     40       92.92      267.43      818.43     1355.37
 61       210        80     40       92.61      267.42      818.87     1355.30
 62       230        80     40       92.40      267.43      818.99     1355.17
 63       250        80     40       92.25      267.44      818.92     1355.10


  SamAir forward model completed at 13:54 on 14 JAN 2013

  Computation time =       0.39 seconds.


