

  SamAir task started at 13:54 on 14 JAN 2013



      ######################################################################
      #                                                                    #
      #                 SamAir - Version 2.2.5   22 September 2007         #        
      #                 ------------------------------------------         #        
      #                                                                    #
      #      Develped by:  CSIRO Electromagnetic Modelling Group           #
      #                    Fred Sugeng, Glenn Wilson & Art Raiche          #
      #                                                                    #
      #              For:  AMIRA project P223F                             #
      #                                                                    #
      ######################################################################


          INPUT DATA
          ----------


 SamAir Forward - Geotem X & Z, Date : 25 July 2006, Time : 9:26AM, Project File : C:\CSIRO\WIP\AEM Inversion Studies\Pro

  TDFD =  1   DO3D =  1   PRFL =  1    ISTOP = 0

  ISW =   1   NSX =  37   STEP = 0    UNITS =   1  NCHNL =  16
  KRXW =  1   OFFTYM =   16.00    


         +----------------------------------------------
         +    Time-Domain AEM Impulse System Input Data 
         +          dB/dt output will be in nT/s
         +----------------------------------------------


                          Transmitter current
           TXON (ms)      waveform in amps
           ---------      -----------------

      1        0.000         0.000    
      2        0.111        0.8720E-01
      3        0.222        0.1736    
      4        0.333        0.2588    
      5        0.444        0.3420    
      6        0.556        0.4226    
      7        0.667        0.5000    
      8        0.778        0.5736    
      9        0.889        0.6428    
     10        1.000        0.7071    
     11        1.111        0.7660    
     12        1.222        0.8192    
     13        1.333        0.8660    
     14        1.444        0.9063    
     15        1.556        0.9397    
     16        1.667        0.9659    
     17        1.778        0.9848    
     18        1.889        0.9962    
     19        2.000         1.000    
     20        2.111        0.9962    
     21        2.222        0.9848    
     22        2.333        0.9659    
     23        2.444        0.9397    
     24        2.556        0.9063    
     25        2.667        0.8660    
     26        2.778        0.8192    
     27        2.889        0.7660    
     28        3.000        0.7071    
     29        3.111        0.6428    
     30        3.222        0.5736    
     31        3.333        0.5000    
     32        3.444        0.4226    
     33        3.556        0.3420    
     34        3.667        0.2588    
     35        3.778        0.1736    
     36        3.889        0.8720E-01
     37        4.000         0.000    

         Receiver Window Specifications (ms)
         -----------------------------------

       Window     Open        Close      Width      Centre
       ------     ----        -----      -----      ------
          1       4.423       4.579      0.156       4.501
          2       4.580       4.736      0.156       4.658
          3       4.736       4.892      0.156       4.814
          4       4.891       5.205      0.313       5.048
          5       5.205       5.517      0.313       5.361
          6       5.516       5.985      0.469       5.751
          7       5.985       6.455      0.469       6.220
          8       6.455       7.080      0.625       6.767
          9       7.080       7.860      0.781       7.470
         10       7.861       8.799      0.938       8.330
         11       8.798       9.892      1.094       9.345
         12       9.892      11.142      1.250      10.517
         13      11.142      12.705      1.563      11.923
         14      12.705      14.580      1.875      13.642
         15      14.580      17.080      2.500      15.830
         16      17.080      19.892      2.813      18.486

  CMP =  2    KPPM = 123
  Inclination angle of transmitter in level flight =  6.0 degrees (front up)

  Tx area =   10000 m^2;    NTRN = 1

  Initial Rx offset relative to Tx:   60.0 Below,  105.0 Behind,   0.0 Starboard


  NSTAT =  63   SURVEY = 2   BAROMTRC = 1   LINE_TAG = 1

       63 transmitter positions along the flight path

     Line   Stat     East       North       Alt      Bearing    Pitch   ZRX    XRX      YRX
     ----   ----     ----       -----       ---      -------    -----   ---    ---      ---

      -80     1      -150.0       -80.0     120.0      90.0      0.1    60.0   105.0     0.0
      -80     2      -130.0       -80.0     120.0      90.0      0.1    60.0   105.0     0.0
      -80     3      -110.0       -80.0     120.0      90.0      0.1    60.0   105.0     0.0
      -80     4       -90.0       -80.0     120.0      90.0      0.1    60.0   105.0     0.0
      -80     5       -70.0       -80.0     120.0      90.0      0.1    60.0   105.0     0.0
      -80     6       -50.0       -80.0     120.0      90.0      0.1    60.0   105.0     0.0
      -80     7       -30.0       -80.0     120.0      90.0      0.1    60.0   105.0     0.0
      -80     8       -10.0       -80.0     120.0      90.0      0.1    60.0   105.0     0.0
      -80     9        10.0       -80.0     120.0      90.0      0.1    60.0   105.0     0.0
      -80    10        30.0       -80.0     120.0      90.0      0.1    60.0   105.0     0.0
      -80    11        50.0       -80.0     120.0      90.0      0.1    60.0   105.0     0.0
      -80    12        70.0       -80.0     120.0      90.0      0.1    60.0   105.0     0.0
      -80    13        90.0       -80.0     120.0      90.0      0.1    60.0   105.0     0.0
      -80    14       110.0       -80.0     120.0      90.0      0.1    60.0   105.0     0.0
      -80    15       130.0       -80.0     120.0      90.0      0.1    60.0   105.0     0.0
      -80    16       150.0       -80.0     120.0      90.0      0.1    60.0   105.0     0.0
      -80    17       170.0       -80.0     120.0      90.0      0.1    60.0   105.0     0.0
      -80    18       190.0       -80.0     120.0      90.0      0.1    60.0   105.0     0.0
      -80    19       210.0       -80.0     120.0      90.0      0.1    60.0   105.0     0.0
      -80    20       230.0       -80.0     120.0      90.0      0.1    60.0   105.0     0.0
      -80    21       250.0       -80.0     120.0      90.0      0.1    60.0   105.0     0.0
        0    22      -150.0         0.0     120.0      90.0      0.1    60.0   105.0     0.0
        0    23      -130.0         0.0     120.0      90.0      0.1    60.0   105.0     0.0
        0    24      -110.0         0.0     120.0      90.0      0.1    60.0   105.0     0.0
        0    25       -90.0         0.0     120.0      90.0      0.1    60.0   105.0     0.0
        0    26       -70.0         0.0     120.0      90.0      0.1    60.0   105.0     0.0
        0    27       -50.0         0.0     120.0      90.0      0.1    60.0   105.0     0.0
        0    28       -30.0         0.0     120.0      90.0      0.1    60.0   105.0     0.0
        0    29       -10.0         0.0     120.0      90.0      0.1    60.0   105.0     0.0
        0    30        10.0         0.0     120.0      90.0      0.1    60.0   105.0     0.0
        0    31        30.0         0.0     120.0      90.0      0.1    60.0   105.0     0.0
        0    32        50.0         0.0     120.0      90.0      0.1    60.0   105.0     0.0
        0    33        70.0         0.0     120.0      90.0      0.1    60.0   105.0     0.0
        0    34        90.0         0.0     120.0      90.0      0.1    60.0   105.0     0.0
        0    35       110.0         0.0     120.0      90.0      0.1    60.0   105.0     0.0
        0    36       130.0         0.0     120.0      90.0      0.1    60.0   105.0     0.0
        0    37       150.0         0.0     120.0      90.0      0.1    60.0   105.0     0.0
        0    38       170.0         0.0     120.0      90.0      0.1    60.0   105.0     0.0
        0    39       190.0         0.0     120.0      90.0      0.1    60.0   105.0     0.0
        0    40       210.0         0.0     120.0      90.0      0.1    60.0   105.0     0.0
        0    41       230.0         0.0     120.0      90.0      0.1    60.0   105.0     0.0
        0    42       250.0         0.0     120.0      90.0      0.1    60.0   105.0     0.0
       80    43      -150.0        80.0     120.0      90.0      0.1    60.0   105.0     0.0
       80    44      -130.0        80.0     120.0      90.0      0.1    60.0   105.0     0.0
       80    45      -110.0        80.0     120.0      90.0      0.1    60.0   105.0     0.0
       80    46       -90.0        80.0     120.0      90.0      0.1    60.0   105.0     0.0
       80    47       -70.0        80.0     120.0      90.0      0.1    60.0   105.0     0.0
       80    48       -50.0        80.0     120.0      90.0      0.1    60.0   105.0     0.0
       80    49       -30.0        80.0     120.0      90.0      0.1    60.0   105.0     0.0
       80    50       -10.0        80.0     120.0      90.0      0.1    60.0   105.0     0.0
       80    51        10.0        80.0     120.0      90.0      0.1    60.0   105.0     0.0
       80    52        30.0        80.0     120.0      90.0      0.1    60.0   105.0     0.0
       80    53        50.0        80.0     120.0      90.0      0.1    60.0   105.0     0.0
       80    54        70.0        80.0     120.0      90.0      0.1    60.0   105.0     0.0
       80    55        90.0        80.0     120.0      90.0      0.1    60.0   105.0     0.0
       80    56       110.0        80.0     120.0      90.0      0.1    60.0   105.0     0.0
       80    57       130.0        80.0     120.0      90.0      0.1    60.0   105.0     0.0
       80    58       150.0        80.0     120.0      90.0      0.1    60.0   105.0     0.0
       80    59       170.0        80.0     120.0      90.0      0.1    60.0   105.0     0.0
       80    60       190.0        80.0     120.0      90.0      0.1    60.0   105.0     0.0
       80    61       210.0        80.0     120.0      90.0      0.1    60.0   105.0     0.0
       80    62       230.0        80.0     120.0      90.0      0.1    60.0   105.0     0.0
       80    63       250.0        80.0     120.0      90.0      0.1    60.0   105.0     0.0


                          LITHOLOGY PROPERTIES
                          --------------------

                                  Relative   Relative     Cole-Cole Parameters
        Resistivity  Conductance     MU     Dielectric   CHRG    CTAU       CFREQ

   1      1000.          1.0       1.000      1.000      0.00    0.00        1.00
   2      1.000          1.0       1.000      1.000      0.00    0.00        1.00


  LAYERED EARTH INPUT DATA
  ------------------------



          +----------------------------------+
          +  Layered Earth Model Parameters  +
          +----------------------------------+

 Layer  Thickness  Resistivity   MU-R   EPS-R   CHRG    CTAU      CFREQ
 -----  ---------  -----------   ----   -----   ----    ----      -----
   1                 1000.       1.00   1.00    0.00    0.0       1.00


     LITHOLOGY AND MESH DESCRIPTION
     ------------------------------

  Number of node "slices" along North-South axis =  4
  Number of node rows in each slice =   3
  Number of node columns in each slice =   4
  KACC = 1    SOLVER = 2


  Before computation begins, array and model coordinates are transformed from
  "real world" coordimnates to a body- centred system where the new origin is
  over the centre of the model region where depth is positive downwards.
  In the original coordinate system the new computation origin is located at:
    EAST:         0.00;    NORTH:         0.00

  Altitudes expressed as ground clearance are converted to barometric altitude.
   The revised transmitter and receiver positions are:

                   TRANSMITTER                 RECEIVER 1
                                                                    Tx Ground   Rx 1 Ground
   Station    East    North   Altitude    East    North   Altitude  Clearance   Clearance
   -------    ----    -----   --------    ----    -----   --------  ---------   --------- 
      1       -150.     -80.     120.     -255.     -80.      60.      120.        60.
      2       -130.     -80.     120.     -235.     -80.      60.      120.        60.
      3       -110.     -80.     120.     -215.     -80.      60.      120.        60.
      4        -90.     -80.     120.     -195.     -80.      60.      120.        60.
      5        -70.     -80.     120.     -175.     -80.      60.      120.        60.
      6        -50.     -80.     120.     -155.     -80.      60.      120.        60.
      7        -30.     -80.     120.     -135.     -80.      60.      120.        60.
      8        -10.     -80.     120.     -115.     -80.      60.      120.        60.
      9         10.     -80.     120.      -95.     -80.      60.      120.        60.
     10         30.     -80.     120.      -75.     -80.      60.      120.        60.
     11         50.     -80.     120.      -55.     -80.      60.      120.        60.
     12         70.     -80.     120.      -35.     -80.      60.      120.        60.
     13         90.     -80.     120.      -15.     -80.      60.      120.        60.
     14        110.     -80.     120.        5.     -80.      60.      120.        60.
     15        130.     -80.     120.       25.     -80.      60.      120.        60.
     16        150.     -80.     120.       45.     -80.      60.      120.        60.
     17        170.     -80.     120.       65.     -80.      60.      120.        60.
     18        190.     -80.     120.       85.     -80.      60.      120.        60.
     19        210.     -80.     120.      105.     -80.      60.      120.        60.
     20        230.     -80.     120.      125.     -80.      60.      120.        60.
     21        250.     -80.     120.      145.     -80.      60.      120.        60.
     22       -150.       0.     120.     -255.       0.      60.      120.        60.
     23       -130.       0.     120.     -235.       0.      60.      120.        60.
     24       -110.       0.     120.     -215.       0.      60.      120.        60.
     25        -90.       0.     120.     -195.       0.      60.      120.        60.
     26        -70.       0.     120.     -175.       0.      60.      120.        60.
     27        -50.       0.     120.     -155.       0.      60.      120.        60.
     28        -30.       0.     120.     -135.       0.      60.      120.        60.
     29        -10.       0.     120.     -115.       0.      60.      120.        60.
     30         10.       0.     120.      -95.       0.      60.      120.        60.
     31         30.       0.     120.      -75.       0.      60.      120.        60.
     32         50.       0.     120.      -55.       0.      60.      120.        60.
     33         70.       0.     120.      -35.       0.      60.      120.        60.
     34         90.       0.     120.      -15.       0.      60.      120.        60.
     35        110.       0.     120.        5.       0.      60.      120.        60.
     36        130.       0.     120.       25.       0.      60.      120.        60.
     37        150.       0.     120.       45.       0.      60.      120.        60.
     38        170.       0.     120.       65.       0.      60.      120.        60.
     39        190.       0.     120.       85.       0.      60.      120.        60.
     40        210.       0.     120.      105.       0.      60.      120.        60.
     41        230.       0.     120.      125.       0.      60.      120.        60.
     42        250.       0.     120.      145.       0.      60.      120.        60.
     43       -150.      80.     120.     -255.      80.      60.      120.        60.
     44       -130.      80.     120.     -235.      80.      60.      120.        60.
     45       -110.      80.     120.     -215.      80.      60.      120.        60.
     46        -90.      80.     120.     -195.      80.      60.      120.        60.
     47        -70.      80.     120.     -175.      80.      60.      120.        60.
     48        -50.      80.     120.     -155.      80.      60.      120.        60.
     49        -30.      80.     120.     -135.      80.      60.      120.        60.
     50        -10.      80.     120.     -115.      80.      60.      120.        60.
     51         10.      80.     120.      -95.      80.      60.      120.        60.
     52         30.      80.     120.      -75.      80.      60.      120.        60.
     53         50.      80.     120.      -55.      80.      60.      120.        60.
     54         70.      80.     120.      -35.      80.      60.      120.        60.
     55         90.      80.     120.      -15.      80.      60.      120.        60.
     56        110.      80.     120.        5.      80.      60.      120.        60.
     57        130.      80.     120.       25.      80.      60.      120.        60.
     58        150.      80.     120.       45.      80.      60.      120.        60.
     59        170.      80.     120.       65.      80.      60.      120.        60.
     60        190.      80.     120.       85.      80.      60.      120.        60.
     61        210.      80.     120.      105.      80.      60.      120.        60.
     62        230.      80.     120.      125.      80.      60.      120.        60.
     63        250.      80.     120.      145.      80.      60.      120.        60.

---------------------------------------------------------------------------
                       End of SamAir control file description
---------------------------------------------------------------------------

  The frequency-domain results are directly computed from
     1.000     Hz to   10.00     Hz, using  3 points per decade and from
     10.00     Hz to  0.1000E+06 Hz, using  6 points per decade.

  These are used to construct the frequency-domain spectrum from DC to  0.1000E+06 Hz
  before transformation to the time domain.


  TIME-DOMAIN SamAir OUTPUT
  ----------------------------

  The IN-LINE component is defined as the horizontal component along
  the flight path.  It is positive in the forward flight direction.

                     Vertical primary =  -175.4     nT/s
                      In-line primary =  -511.8     nT/s
                   Transverse primary =   0.000     nT/s
                        Total primary =   541.0     nT/s

  Each component is normalised to its corresponding primary field

  The receiver is  60.0 metres below and 105.0 metres behind the transmitter.  


 TITLE:  SamAir Forward - Geotem X & Z, Date : 25 July 2006, Time : 9:26AM, Project File : C:\CSIRO\WIP\AEM Inversion Studies\Pro
 -----

          VERTICAL COMPONENT - ppm

           RECEIVER POSITION       CHNL 1       CHNL 2       CHNL 3       CHNL 4       CHNL 5       CHNL 6       CHNL 7       CHNL 8       CHNL 9      CHNL 10      CHNL 11      CHNL 12      CHNL 13      CHNL 14      CHNL 15      CHNL 16 
         EAST     NORTH    ALT     4.501        4.658        4.814        5.048        5.361        5.751        6.220        6.767        7.470        8.330        9.345       10.517       11.923       13.642       15.830       18.486

  1      -255       -80     60     829.1        519.1        354.9        224.5        133.5        79.72        47.20        28.56        16.58        9.471        5.429        3.150        1.810        1.016       0.5498       0.2905    
  2      -235       -80     60     834.3        522.2        356.8        225.5        133.9        79.87        47.25        28.57        16.58        9.474        5.430        3.150        1.809        1.016       0.5501       0.2905    
  3      -215       -80     60     842.8        527.5        360.2        227.3        134.7        80.20        47.36        28.61        16.59        9.475        5.430        3.150        1.809        1.016       0.5502       0.2904    
  4      -195       -80     60     856.3        536.3        366.1        230.7        136.3        80.84        47.57        28.67        16.60        9.475        5.431        3.151        1.809        1.016       0.5500       0.2903    
  5      -175       -80     60     877.5        550.6        375.9        236.5        139.1        81.96        47.94        28.77        16.62        9.478        5.433        3.152        1.807        1.017       0.5502       0.2901    
  6      -155       -80     60     909.4        572.5        391.2        245.5        143.4        83.77        48.54        28.93        16.65        9.482        5.437        3.153        1.805        1.018       0.5503       0.2898    
  7      -135       -80     60     954.4        603.8        413.2        258.6        149.8        86.43        49.42        29.18        16.70        9.487        5.442        3.154        1.802        1.020       0.5504       0.2894    
  8      -115       -80     60     1013.        644.3        441.7        275.8        158.2        89.92        50.58        29.50        16.76        9.491        5.448        3.156        1.798        1.022       0.5504       0.2888    
  9       -95       -80     60     1079.        690.7        474.4        295.3        167.8        93.90        51.90        29.86        16.83        9.496        5.455        3.157        1.794        1.024       0.5505       0.2881    
 10       -75       -80     60     1143.        735.0        505.4        313.8        176.8        97.63        53.14        30.21        16.90        9.500        5.462        3.159        1.790        1.027       0.5503       0.2874    
 11       -55       -80     60     1188.        766.1        526.9        326.5        182.9        100.1        53.96        30.43        16.94        9.503        5.465        3.161        1.787        1.028       0.5505       0.2870    
 12       -35       -80     60     1200.        773.7        531.7        329.0        183.9        100.5        54.09        30.47        16.95        9.506        5.467        3.162        1.787        1.028       0.5504       0.2869    
 13       -15       -80     60     1174.        754.2        517.5        320.1        179.4        98.61        53.44        30.29        16.92        9.507        5.464        3.161        1.789        1.027       0.5508       0.2872    
 14         5       -80     60     1117.        713.8        488.7        302.6        170.8        94.96        52.23        29.96        16.86        9.503        5.457        3.160        1.793        1.025       0.5510       0.2878    
 15        25       -80     60     1046.        664.7        454.0        281.8        160.5        90.70        50.81        29.57        16.78        9.497        5.449        3.159        1.798        1.022       0.5509       0.2885    
 16        45       -80     60     980.1        618.9        421.9        262.7        151.2        86.84        49.53        29.21        16.71        9.491        5.442        3.157        1.802        1.020       0.5507       0.2892    
 17        65       -80     60     927.6        583.0        397.1        248.1        144.2        83.95        48.57        28.94        16.66        9.487        5.438        3.155        1.805        1.018       0.5507       0.2897    
 18        85       -80     60     890.7        558.2        380.2        238.2        139.6        82.06        47.95        28.77        16.62        9.480        5.433        3.154        1.807        1.017       0.5505       0.2900    
 19       105       -80     60     866.3        542.2        369.5        232.2        136.8        80.95        47.59        28.67        16.60        9.477        5.431        3.152        1.808        1.016       0.5503       0.2903    
 20       125       -80     60     850.8        532.4        363.1        228.8        135.3        80.36        47.40        28.61        16.59        9.475        5.430        3.151        1.809        1.016       0.5502       0.2905    
 21       145       -80     60     840.8        526.3        359.4        226.8        134.4        80.06        47.30        28.59        16.58        9.474        5.430        3.150        1.809        1.016       0.5501       0.2905    
 22      -255         0     60     834.6        521.9        356.2        224.9        133.5        79.66        47.17        28.55        16.58        9.473        5.428        3.150        1.809        1.015       0.5501       0.2905    
 23      -235         0     60     844.3        527.6        359.7        226.6        134.2        79.90        47.25        28.57        16.58        9.474        5.429        3.151        1.809        1.015       0.5502       0.2904    
 24      -215         0     60     861.3        538.2        366.4        230.2        135.7        80.48        47.42        28.62        16.59        9.477        5.430        3.152        1.808        1.016       0.5504       0.2903    
 25      -195         0     60     891.0        557.4        379.0        237.2        138.9        81.73        47.82        28.73        16.61        9.479        5.431        3.153        1.807        1.016       0.5506       0.2900    
 26      -175         0     60     941.4        590.8        401.6        250.1        144.9        84.12        48.59        28.94        16.65        9.483        5.435        3.156        1.805        1.018       0.5508       0.2895    
 27      -155         0     60     1023.        646.1        439.5        272.1        155.3        88.32        49.96        29.32        16.73        9.488        5.441        3.159        1.800        1.020       0.5511       0.2887    
 28      -135         0     60     1148.        731.3        498.3        306.5        171.7        95.03        52.15        29.91        16.84        9.496        5.452        3.163        1.792        1.024       0.5512       0.2874    
 29      -115         0     60     1323.        851.0        581.3        355.4        195.1        104.6        55.28        30.76        17.00        9.509        5.468        3.167        1.780        1.029       0.5518       0.2856    
 30       -95         0     60     1540.        999.6        684.4        416.2        224.3        116.6        59.19        31.83        17.20        9.520        5.486        3.174        1.767        1.037       0.5521       0.2834    
 31       -75         0     60     1767.        1155.        792.2        479.5        254.7        129.0        63.25        32.93        17.41        9.535        5.505        3.181        1.752        1.044       0.5526       0.2811    
 32       -55         0     60     1950.        1279.        877.4        529.2        278.4        138.6        66.38        33.78        17.57        9.546        5.521        3.187        1.741        1.050       0.5531       0.2792    
 33       -35         0     60     2026.        1329.        910.5        547.9        286.9        142.0        67.46        34.08        17.63        9.554        5.526        3.191        1.737        1.051       0.5537       0.2785    
 34       -15         0     60     1963.        1283.        876.8        527.0        276.4        137.5        65.98        33.68        17.56        9.554        5.519        3.191        1.742        1.048       0.5540       0.2792    
 35         5         0     60     1781.        1156.        787.4        473.5        250.3        126.7        62.44        32.73        17.39        9.546        5.502        3.186        1.755        1.042       0.5541       0.2812    
 36        25         0     60     1544.        992.1        673.4        406.1        217.8        113.4        58.08        31.54        17.16        9.532        5.481        3.180        1.771        1.034       0.5535       0.2836    
 37        45         0     60     1317.        837.2        566.5        343.5        188.0        101.3        54.11        30.46        16.96        9.517        5.463        3.173        1.785        1.027       0.5531       0.2859    
 38        65         0     60     1138.        717.0        484.5        296.1        165.6        92.23        51.18        29.66        16.80        9.504        5.448        3.166        1.796        1.022       0.5523       0.2878    
 39        85         0     60     1015.        635.9        429.9        265.0        151.2        86.46        49.31        29.15        16.70        9.494        5.440        3.161        1.802        1.019       0.5518       0.2889    
 40       105         0     60     937.9        585.8        396.8        246.6        142.8        83.18        48.27        28.86        16.64        9.486        5.434        3.157        1.806        1.017       0.5512       0.2897    
 41       125         0     60     891.2        556.5        377.9        236.3        138.3        81.45        47.72        28.71        16.61        9.481        5.432        3.154        1.808        1.016       0.5508       0.2901    
 42       145         0     60     863.6        539.6        367.3        230.7        136.0        80.59        47.46        28.63        16.59        9.478        5.431        3.152        1.808        1.016       0.5505       0.2904    
 43      -255        80     60     830.6        519.6        354.8        224.1        133.1        79.52        47.13        28.54        16.57        9.471        5.427        3.150        1.809        1.015       0.5501       0.2905    
 44      -235        80     60     836.7        523.0        356.7        224.9        133.4        79.57        47.13        28.54        16.57        9.472        5.428        3.150        1.809        1.015       0.5502       0.2905    
 45      -215        80     60     846.9        529.0        360.2        226.6        134.0        79.75        47.18        28.55        16.57        9.474        5.428        3.151        1.809        1.015       0.5503       0.2904    
 46      -195        80     60     863.8        539.2        366.5        229.8        135.3        80.20        47.31        28.58        16.58        9.474        5.428        3.153        1.809        1.015       0.5505       0.2903    
 47      -175        80     60     891.0        556.3        377.4        235.6        137.7        81.11        47.58        28.65        16.59        9.478        5.429        3.154        1.807        1.016       0.5509       0.2900    
 48      -155        80     60     933.0        583.3        395.0        245.2        141.9        82.71        48.07        28.79        16.62        9.480        5.430        3.156        1.805        1.016       0.5512       0.2895    
 49      -135        80     60     994.0        622.9        421.2        259.7        148.5        85.25        48.87        29.00        16.66        9.484        5.433        3.159        1.802        1.017       0.5517       0.2889    
 50      -115        80     60     1075.        676.0        456.6        279.6        157.5        88.79        49.99        29.30        16.72        9.488        5.438        3.162        1.797        1.019       0.5522       0.2881    
 51       -95        80     60     1172.        739.3        498.9        303.5        168.5        93.12        51.36        29.66        16.78        9.493        5.443        3.167        1.792        1.021       0.5526       0.2872    
 52       -75        80     60     1269.        803.5        541.8        327.8        179.7        97.53        52.76        30.04        16.86        9.498        5.448        3.170        1.787        1.023       0.5531       0.2861    
 53       -55        80     60     1347.        854.1        575.5        346.8        188.4        101.0        53.86        30.34        16.91        9.503        5.453        3.173        1.783        1.025       0.5536       0.2854    
 54       -35        80     60     1383.        876.4        590.1        354.9        192.0        102.4        54.31        30.46        16.94        9.505        5.454        3.175        1.782        1.026       0.5538       0.2852    
 55       -15        80     60     1364.        863.1        580.6        349.2        189.3        101.3        53.94        30.36        16.92        9.506        5.454        3.175        1.783        1.025       0.5539       0.2854    
 56         5        80     60     1297.        818.2        550.0        331.6        181.1        98.00        52.90        30.09        16.87        9.504        5.450        3.173        1.787        1.023       0.5536       0.2861    
 57        25        80     60     1203.        755.5        507.9        307.7        170.0        93.63        51.51        29.72        16.80        9.500        5.445        3.169        1.793        1.021       0.5532       0.2870    
 58        45        80     60     1104.        691.0        464.9        283.6        159.0        89.32        50.15        29.35        16.74        9.494        5.440        3.165        1.798        1.019       0.5526       0.2880    
 59        65        80     60     1018.        635.8        428.7        263.5        150.0        85.82        49.05        29.06        16.68        9.489        5.436        3.161        1.802        1.018       0.5519       0.2889    
 60        85        80     60     952.8        594.3        401.7        248.8        143.6        83.36        48.29        28.85        16.64        9.485        5.433        3.157        1.805        1.017       0.5515       0.2895    
 61       105        80     60     906.6        565.5        383.4        239.0        139.4        81.80        47.81        28.73        16.61        9.481        5.432        3.155        1.807        1.016       0.5511       0.2899    
 62       125        80     60     875.8        546.8        371.7        232.9        136.8        80.88        47.54        28.65        16.60        9.477        5.430        3.153        1.808        1.016       0.5505       0.2902    
 63       145        80     60     855.8        534.9        364.4        229.3        135.4        80.36        47.39        28.61        16.59        9.477        5.431        3.151        1.808        1.016       0.5505       0.2904    
-------------------------------------------------------------------------------------


          IN-LINE COMPONENT - ppm

           RECEIVER POSITION       CHNL 1       CHNL 2       CHNL 3       CHNL 4       CHNL 5       CHNL 6       CHNL 7       CHNL 8       CHNL 9      CHNL 10      CHNL 11      CHNL 12      CHNL 13      CHNL 14      CHNL 15      CHNL 16 
         EAST     NORTH    ALT     4.501        4.658        4.814        5.048        5.361        5.751        6.220        6.767        7.470        8.330        9.345       10.517       11.923       13.642       15.830       18.486

  1      -255       -80     60     55.76        33.83        22.11        12.90        6.740        3.469        1.766       0.9524       0.5087       0.2753       0.1531       0.8676E-01   0.4713E-01   0.2663E-01   0.1402E-01   0.6986E-02
  2      -235       -80     60     64.55        39.57        25.94        15.06        7.730        3.860        1.891       0.9862       0.5152       0.2759       0.1537       0.8714E-01   0.4667E-01   0.2684E-01   0.1408E-01   0.6899E-02
  3      -215       -80     60     76.51        47.42        31.20        18.04        9.107        4.407        2.066        1.034       0.5247       0.2768       0.1545       0.8767E-01   0.4606E-01   0.2713E-01   0.1415E-01   0.6791E-02
  4      -195       -80     60     92.13        57.73        38.13        21.99        10.94        5.138        2.301        1.098       0.5369       0.2780       0.1557       0.8835E-01   0.4522E-01   0.2752E-01   0.1423E-01   0.6646E-02
  5      -175       -80     60     111.4        70.49        46.74        26.91        13.23        6.052        2.596        1.178       0.5525       0.2794       0.1571       0.8914E-01   0.4420E-01   0.2803E-01   0.1434E-01   0.6461E-02
  6      -155       -80     60     133.4        85.05        56.57        32.52        15.84        7.097        2.932        1.269       0.5701       0.2811       0.1588       0.9014E-01   0.4304E-01   0.2860E-01   0.1442E-01   0.6246E-02
  7      -135       -80     60     155.7        99.76        66.46        38.16        18.45        8.138        3.267        1.360       0.5879       0.2828       0.1604       0.9111E-01   0.4186E-01   0.2918E-01   0.1456E-01   0.6032E-02
  8      -115       -80     60     174.3        111.9        74.51        42.68        20.52        8.953        3.526        1.431       0.6018       0.2844       0.1616       0.9204E-01   0.4100E-01   0.2960E-01   0.1468E-01   0.5875E-02
  9       -95       -80     60     184.2        118.0        78.37        44.71        21.37        9.269        3.622        1.457       0.6073       0.2853       0.1619       0.9275E-01   0.4073E-01   0.2975E-01   0.1478E-01   0.5780E-02
 10       -75       -80     60     180.9        115.1        75.99        43.07        20.47        8.865        3.482        1.418       0.6000       0.2854       0.1613       0.9308E-01   0.4126E-01   0.2945E-01   0.1487E-01   0.5835E-02
 11       -55       -80     60     163.0        102.3        66.85        37.50        17.71        7.702        3.095        1.313       0.5807       0.2848       0.1595       0.9279E-01   0.4256E-01   0.2870E-01   0.1493E-01   0.6042E-02
 12       -35       -80     60     133.7        82.07        52.68        29.08        13.62        6.016        2.539        1.161       0.5519       0.2830       0.1567       0.9206E-01   0.4454E-01   0.2773E-01   0.1495E-01   0.6339E-02
 13       -15       -80     60     100.3        59.44        37.11        19.98        9.283        4.247        1.961        1.003       0.5219       0.2810       0.1541       0.9095E-01   0.4653E-01   0.2671E-01   0.1488E-01   0.6681E-02
 14         5       -80     60     70.98        39.95        23.95        12.45        5.773        2.840        1.507       0.8785       0.4979       0.2788       0.1521       0.8987E-01   0.4820E-01   0.2595E-01   0.1473E-01   0.6971E-02
 15        25       -80     60     50.54        26.84        15.37        7.732        3.665        2.024        1.249       0.8082       0.4838       0.2770       0.1510       0.8882E-01   0.4915E-01   0.2559E-01   0.1457E-01   0.7162E-02
 16        45       -80     60     39.38        20.20        11.35        5.730        2.884        1.759        1.175       0.7884       0.4795       0.2757       0.1507       0.8799E-01   0.4949E-01   0.2557E-01   0.1440E-01   0.7260E-02
 17        65       -80     60     34.93        18.11        10.44        5.542        2.965        1.845        1.215       0.8001       0.4815       0.2754       0.1513       0.8738E-01   0.4935E-01   0.2574E-01   0.1428E-01   0.7294E-02
 18        85       -80     60     34.04        18.31        11.03        6.174        3.411        2.072        1.300       0.8245       0.4860       0.2753       0.1519       0.8698E-01   0.4910E-01   0.2599E-01   0.1419E-01   0.7294E-02
 19       105       -80     60     34.51        19.23        12.00        6.961        3.894        2.303        1.385       0.8488       0.4908       0.2755       0.1526       0.8677E-01   0.4886E-01   0.2619E-01   0.1411E-01   0.7281E-02
 20       125       -80     60     35.22        20.13        12.86        7.605        4.275        2.482        1.450       0.8677       0.4945       0.2756       0.1530       0.8668E-01   0.4872E-01   0.2636E-01   0.1406E-01   0.7266E-02
 21       145       -80     60     35.77        20.77        13.44        8.037        4.526        2.600        1.493       0.8806       0.4973       0.2759       0.1534       0.8662E-01   0.4860E-01   0.2646E-01   0.1403E-01   0.7257E-02
 22      -255         0     60     64.22        39.40        25.84        15.00        7.703        3.848        1.886       0.9841       0.5142       0.2754       0.1534       0.8701E-01   0.4663E-01   0.2679E-01   0.1404E-01   0.6896E-02
 23      -235         0     60     78.44        48.77        32.13        18.57        9.354        4.504        2.096        1.041       0.5251       0.2764       0.1544       0.8759E-01   0.4583E-01   0.2713E-01   0.1413E-01   0.6751E-02
 24      -215         0     60     98.94        62.36        41.31        23.82        11.80        5.481        2.410        1.126       0.5413       0.2777       0.1558       0.8843E-01   0.4473E-01   0.2767E-01   0.1422E-01   0.6560E-02
 25      -195         0     60     127.5        81.40        54.22        31.25        15.27        6.877        2.861        1.248       0.5646       0.2796       0.1578       0.8948E-01   0.4308E-01   0.2844E-01   0.1436E-01   0.6281E-02
 26      -175         0     60     165.3        106.7        71.47        41.20        19.96        8.765        3.472        1.414       0.5961       0.2820       0.1607       0.9089E-01   0.4089E-01   0.2951E-01   0.1451E-01   0.5902E-02
 27      -155         0     60     211.8        138.0        92.81        53.56        25.79        11.12        4.234        1.621       0.6354       0.2850       0.1643       0.9258E-01   0.3819E-01   0.3085E-01   0.1467E-01   0.5442E-02
 28      -135         0     60     263.4        172.6        116.4        67.25        32.25        13.73        5.081        1.851       0.6794       0.2882       0.1683       0.9449E-01   0.3520E-01   0.3233E-01   0.1485E-01   0.4938E-02
 29      -115         0     60     311.4        204.7        138.3        79.89        38.20        16.13        5.856        2.061       0.7195       0.2915       0.1720       0.9624E-01   0.3239E-01   0.3371E-01   0.1508E-01   0.4464E-02
 30       -95         0     60     342.9        225.5        152.3        87.82        41.87        17.59        6.325        2.189       0.7441       0.2938       0.1742       0.9761E-01   0.3080E-01   0.3452E-01   0.1523E-01   0.4176E-02
 31       -75         0     60     343.8        225.2        151.6        87.12        41.39        17.35        6.238        2.166       0.7407       0.2946       0.1738       0.9820E-01   0.3115E-01   0.3425E-01   0.1534E-01   0.4218E-02
 32       -55         0     60     305.7        198.4        132.6        75.70        35.79        15.03        5.471        1.957       0.7022       0.2930       0.1701       0.9745E-01   0.3397E-01   0.3290E-01   0.1541E-01   0.4591E-02
 33       -35         0     60     234.1        149.1        98.23        55.36        25.98        11.00        4.153        1.600       0.6355       0.2896       0.1641       0.9550E-01   0.3869E-01   0.3047E-01   0.1532E-01   0.5356E-02
 34       -15         0     60     148.8        91.03        58.19        31.93        14.81        6.452        2.671        1.197       0.5596       0.2845       0.1573       0.9301E-01   0.4417E-01   0.2787E-01   0.1511E-01   0.6228E-02
 35         5         0     60     74.40        41.12        24.20        12.31        5.586        2.736        1.468       0.8697       0.4969       0.2796       0.1518       0.9020E-01   0.4845E-01   0.2580E-01   0.1484E-01   0.6981E-02
 36        25         0     60     26.41        9.794        3.363       0.5930       0.2266       0.6204       0.7922       0.6854       0.4608       0.2757       0.1488       0.8805E-01   0.5093E-01   0.2475E-01   0.1455E-01   0.7455E-02
 37        45         0     60     5.724       -2.727       -4.402       -3.410       -1.422       0.2522E-01   0.6142       0.6364       0.4505       0.2737       0.1483       0.8658E-01   0.5151E-01   0.2462E-01   0.1433E-01   0.7623E-02
 38        65         0     60     3.483       -2.846       -3.712       -2.527      -0.7714       0.3587       0.7381       0.6702       0.4560       0.2729       0.1491       0.8593E-01   0.5111E-01   0.2497E-01   0.1413E-01   0.7618E-02
 39        85         0     60     9.546        2.326       0.4205       0.2391       0.7164        1.015       0.9640       0.7325       0.4675       0.2730       0.1503       0.8576E-01   0.5035E-01   0.2548E-01   0.1402E-01   0.7530E-02
 40       105         0     60     17.28        8.243        4.849        3.044        2.158        1.635        1.175       0.7908       0.4786       0.2736       0.1515       0.8579E-01   0.4963E-01   0.2591E-01   0.1396E-01   0.7441E-02
 41       125         0     60     23.79        13.01        8.315        5.181        3.231        2.090        1.328       0.8337       0.4870       0.2742       0.1525       0.8594E-01   0.4912E-01   0.2621E-01   0.1394E-01   0.7370E-02
 42       145         0     60     28.44        16.32        10.66        6.596        3.928        2.382        1.427       0.8614       0.4926       0.2748       0.1531       0.8610E-01   0.4883E-01   0.2640E-01   0.1393E-01   0.7317E-02
 43      -255        80     60     54.02        32.77        21.42        12.52        6.565        3.400        1.745       0.9467       0.5077       0.2752       0.1530       0.8669E-01   0.4721E-01   0.2661E-01   0.1402E-01   0.7000E-02
 44      -235        80     60     62.25        38.15        25.01        14.53        7.490        3.765        1.861       0.9783       0.5138       0.2760       0.1536       0.8708E-01   0.4675E-01   0.2678E-01   0.1407E-01   0.6924E-02
 45      -215        80     60     73.57        45.59        30.00        17.36        8.793        4.282        2.027        1.023       0.5226       0.2768       0.1544       0.8761E-01   0.4620E-01   0.2708E-01   0.1414E-01   0.6817E-02
 46      -195        80     60     88.54        55.48        36.65        21.15        10.55        4.983        2.253        1.085       0.5345       0.2779       0.1555       0.8828E-01   0.4544E-01   0.2748E-01   0.1422E-01   0.6671E-02
 47      -175        80     60     107.3        67.91        45.05        25.95        12.79        5.878        2.541        1.164       0.5499       0.2794       0.1569       0.8908E-01   0.4442E-01   0.2796E-01   0.1432E-01   0.6497E-02
 48      -155        80     60     129.0        82.32        54.79        31.54        15.40        6.926        2.880        1.256       0.5680       0.2810       0.1585       0.9000E-01   0.4328E-01   0.2856E-01   0.1442E-01   0.6287E-02
 49      -135        80     60     151.3        97.10        64.79        37.29        18.09        8.007        3.229        1.352       0.5866       0.2828       0.1603       0.9094E-01   0.4211E-01   0.2917E-01   0.1451E-01   0.6083E-02
 50      -115        80     60     170.0        109.5        73.13        42.07        20.32        8.907        3.521        1.431       0.6024       0.2845       0.1619       0.9174E-01   0.4114E-01   0.2971E-01   0.1463E-01   0.5920E-02
 51       -95        80     60     179.6        115.7        77.28        44.42        21.42        9.346        3.664        1.472       0.6113       0.2858       0.1627       0.9216E-01   0.4068E-01   0.2997E-01   0.1473E-01   0.5852E-02
 52       -75        80     60     175.0        112.4        74.92        43.01        20.74        9.071        3.575        1.449       0.6076       0.2863       0.1628       0.9224E-01   0.4116E-01   0.2985E-01   0.1472E-01   0.5900E-02
 53       -55        80     60     154.2        98.19        65.19        37.37        18.07        7.996        3.229        1.357       0.5912       0.2858       0.1616       0.9161E-01   0.4249E-01   0.2930E-01   0.1472E-01   0.6134E-02
 54       -35        80     60     120.3        75.43        49.69        28.42        13.87        6.309        2.686        1.211       0.5642       0.2841       0.1593       0.9059E-01   0.4465E-01   0.2839E-01   0.1458E-01   0.6491E-02
 55       -15        80     60     81.46        49.63        32.24        18.42        9.208        4.442        2.086        1.049       0.5336       0.2820       0.1569       0.8916E-01   0.4685E-01   0.2739E-01   0.1441E-01   0.6892E-02
 56         5        80     60     47.32        27.19        17.19        9.875        5.260        2.872        1.583       0.9122       0.5074       0.2797       0.1547       0.8777E-01   0.4871E-01   0.2662E-01   0.1425E-01   0.7211E-02
 57        25        80     60     24.23        12.30        7.357        4.386        2.768        1.893        1.271       0.8267       0.4904       0.2778       0.1533       0.8669E-01   0.4980E-01   0.2611E-01   0.1408E-01   0.7441E-02
 58        45        80     60     13.24        5.531        3.062        2.093        1.776        1.517        1.153       0.7935       0.4830       0.2763       0.1527       0.8607E-01   0.5020E-01   0.2596E-01   0.1395E-01   0.7524E-02
 59        65        80     60     11.41        4.794        2.810        2.094        1.843        1.561        1.170       0.7969       0.4828       0.2757       0.1526       0.8567E-01   0.5003E-01   0.2605E-01   0.1392E-01   0.7525E-02
 60        85        80     60     14.59        7.241        4.634        3.235        2.419        1.803        1.250       0.8174       0.4860       0.2753       0.1529       0.8566E-01   0.4968E-01   0.2618E-01   0.1388E-01   0.7483E-02
 61       105        80     60     19.46        10.65        7.026        4.651        3.098        2.080        1.339       0.8410       0.4900       0.2753       0.1532       0.8576E-01   0.4930E-01   0.2633E-01   0.1387E-01   0.7424E-02
 62       125        80     60     24.15        13.82        9.187        5.894        3.679        2.311        1.413       0.8607       0.4936       0.2754       0.1535       0.8593E-01   0.4903E-01   0.2645E-01   0.1388E-01   0.7364E-02
 63       145        80     60     27.93        16.30        10.84        6.823        4.102        2.478        1.466       0.8749       0.4963       0.2756       0.1536       0.8609E-01   0.4882E-01   0.2650E-01   0.1389E-01   0.7327E-02
-------------------------------------------------------------------------------------



  SamAir forward model completed at 13:54 on 14 JAN 2013

  Computation time =       2.45 seconds.


