
  ########################################################################
  #                                                                      #
  #      ArjunAir - Version 7.0.7 29 May,                                #
  #                                                                      #
  # This program has been released strictly for use by:                  #
  #                                                                      #
  # 1. Sponsors of AMIRA project P223F                                   #
  # 2. Their authorised agents (P223F sponsor work only)                 #
  # 3. Universities formally included in the P223F collaboration scheme  #
  # 4. Authorised CSIRO personnel                                        #
  #                                                                      #
  #    CSIRO ESRE Version: David Annetts November, 2012                  #
  #                                                                      #
  ########################################################################


 ArjunAir Inversion - Spectrem Z, Date : 7 June 2006, Time : 6:13PM, Project File : C:\CSIRO\WIP\AEM Inversion Studies\Pr

  TDFD =  1   DO3D = -2   PRFL =  1    ISTOP = 0

  ISW =   1   NSX =   3   STEP = 1    UNITS =   1  NCHNL =   8
  KRXW =  1   OFFTYM =   0.000    


         +---------------------------------------------+
         +    Time-Domain AEM Step System Input Data   +
         +        B output will be in nT            +
         +---------------------------------------------+


                          Transmitter current
           TXON (ms)      waveform in amps
           ---------      -----------------

      1        0.000         0.000    
      2        0.000        -1000.    
      3        6.900        -1000.    

         Receiver Window Specifications (ms)
         -----------------------------------

       Window     Open        Close      Width      Centre
       ------     ----        -----      -----      ------
          1       0.025       0.026      0.001       0.026
          2       0.052       0.078      0.026       0.065
          3       0.104       0.182      0.078       0.143
          4       0.208       0.391      0.183       0.299
          5       0.414       0.807      0.393       0.610
          6       0.833       1.641      0.808       1.237
          7       1.667       3.307      1.640       2.487
          8       3.333       6.641      3.308       4.987

  CMP = 13    KPPM =   3
  Inclination angle of transmitter in level flight =  2.0 degrees (front up)

  Tx area =     400 m^2;    NTRN = 1

  Initial Rx offset relative to Tx:   36.0 Below,  123.0 Behind,   0.0 Left


  ArjunAir task started at 14:51 on 23 Nov 2012




  --------------------------------------
  Inversion Controls & Data for ArjunAir
  --------------------------------------

  Inversion of Time-Domain Vertical Component Data.

  The data to be inverted has been normalised to ppt.


  NSTAT =  74   SURVEY = 2   BAROMTRC = 1   KCMP =  13   ORDER = 1

  Time-Domain Data Floor =  0.1000E-02 ppt

  N0STAT =   0   N0CHNL =  0   N0PTS =   0

  All data have the weighting RWTS= 1


     Line   Station   East       North     Alt                     Vertical Component Data
     ----   -------   ----       -----     ---                     -----------------------
        0      1    -730.00       0.00     120.00     0.000000E+00     0.000000E+00     0.000000E+00     0.000000E+00     0.000000E+00     0.000000E+00     0.000000E+00     0.000000E+00
        0      2    -710.00       0.00     120.00     0.000000E+00     0.000000E+00     0.000000E+00     0.000000E+00     0.000000E+00     0.000000E+00     0.000000E+00     0.000000E+00
        0      3    -690.00       0.00     120.00     0.000000E+00     0.000000E+00     0.000000E+00     0.000000E+00     0.000000E+00     0.000000E+00     0.000000E+00     0.000000E+00
        0      4    -670.00       0.00     120.00     0.000000E+00     0.000000E+00     0.000000E+00     0.000000E+00     0.000000E+00     0.000000E+00     0.000000E+00     0.000000E+00
        0      5    -650.00       0.00     120.00     0.000000E+00     0.000000E+00     0.000000E+00     0.000000E+00     0.000000E+00     0.000000E+00     0.000000E+00     0.000000E+00
        0      6    -630.00       0.00     120.00     0.000000E+00     0.000000E+00     0.000000E+00     0.000000E+00     0.000000E+00     0.000000E+00     0.000000E+00     0.000000E+00
        0      7    -610.00       0.00     120.00     0.000000E+00     0.000000E+00     0.000000E+00     0.000000E+00     0.000000E+00     0.000000E+00     0.000000E+00     0.000000E+00
        0      8    -590.00       0.00     120.00     0.000000E+00     0.000000E+00     0.000000E+00     0.000000E+00     0.000000E+00     0.000000E+00     0.000000E+00     0.000000E+00
        0      9    -570.00       0.00     120.00     0.000000E+00     0.000000E+00     0.000000E+00     0.000000E+00     0.000000E+00     0.000000E+00     0.000000E+00     0.000000E+00
        0     10    -550.00       0.00     120.00     0.000000E+00     0.000000E+00     0.000000E+00     0.000000E+00     0.000000E+00     0.000000E+00     0.000000E+00     0.000000E+00
        0     11    -530.00       0.00     120.00     0.000000E+00     0.000000E+00     0.000000E+00     0.000000E+00     0.000000E+00     0.000000E+00     0.000000E+00     0.000000E+00
        0     12    -510.00       0.00     120.00     0.000000E+00     0.000000E+00     0.000000E+00     0.000000E+00     0.000000E+00     0.000000E+00     0.000000E+00     0.000000E+00
        0     13    -490.00       0.00     120.00     0.000000E+00     0.000000E+00     0.000000E+00     0.000000E+00     0.000000E+00     0.000000E+00     0.000000E+00     0.000000E+00
        0     14    -470.00       0.00     120.00     0.000000E+00     0.000000E+00     0.000000E+00     0.000000E+00     0.000000E+00     0.000000E+00     0.000000E+00     0.000000E+00
        0     15    -450.00       0.00     120.00     0.000000E+00     0.000000E+00     0.000000E+00     0.000000E+00     0.000000E+00     0.000000E+00     0.000000E+00     0.000000E+00
        0     16    -430.00       0.00     120.00     0.000000E+00     0.000000E+00     0.000000E+00     0.000000E+00     0.000000E+00     0.000000E+00     0.000000E+00     0.000000E+00
        0     17    -410.00       0.00     120.00     0.000000E+00     0.000000E+00     0.000000E+00     0.000000E+00     0.000000E+00     0.000000E+00     0.000000E+00     0.000000E+00
        0     18    -390.00       0.00     120.00     0.000000E+00     0.000000E+00     0.000000E+00     0.000000E+00     0.000000E+00     0.000000E+00     0.000000E+00     0.000000E+00
        0     19    -370.00       0.00     120.00     0.000000E+00     0.000000E+00     0.000000E+00     0.000000E+00     0.000000E+00     0.000000E+00     0.000000E+00     0.000000E+00
        0     20    -350.00       0.00     120.00     0.000000E+00     0.000000E+00     0.000000E+00     0.000000E+00     0.000000E+00     0.000000E+00     0.000000E+00     0.000000E+00
        0     21    -330.00       0.00     120.00     0.000000E+00     0.000000E+00     0.000000E+00     0.000000E+00     0.000000E+00     0.000000E+00     0.000000E+00     0.000000E+00
        0     22    -310.00       0.00     120.00     0.000000E+00     0.000000E+00     0.000000E+00     0.000000E+00     0.000000E+00     0.000000E+00     0.000000E+00     0.000000E+00
        0     23    -290.00       0.00     120.00     0.000000E+00     0.000000E+00     0.000000E+00     0.000000E+00     0.000000E+00     0.000000E+00     0.000000E+00     0.000000E+00
        0     24    -270.00       0.00     120.00     0.000000E+00     0.000000E+00     0.000000E+00     0.000000E+00     0.000000E+00     0.000000E+00     0.000000E+00     0.000000E+00
        0     25    -250.00       0.00     120.00     0.000000E+00     0.000000E+00     0.000000E+00     0.000000E+00     0.000000E+00     0.000000E+00     0.000000E+00     0.000000E+00
        0     26    -230.00       0.00     120.00     0.000000E+00     0.000000E+00     0.000000E+00     0.000000E+00     0.000000E+00     0.000000E+00     0.000000E+00     0.000000E+00
        0     27    -210.00       0.00     120.00     0.000000E+00     0.000000E+00     0.000000E+00     0.000000E+00     0.000000E+00     0.000000E+00     0.000000E+00     0.000000E+00
        0     28    -190.00       0.00     120.00     0.000000E+00     0.000000E+00     0.000000E+00     0.000000E+00     0.000000E+00     0.000000E+00     0.000000E+00     0.000000E+00
        0     29    -170.00       0.00     120.00     0.000000E+00     0.000000E+00     0.000000E+00     0.000000E+00     0.000000E+00     0.000000E+00     0.000000E+00     0.000000E+00
        0     30    -150.00       0.00     120.00     0.000000E+00     0.000000E+00     0.000000E+00     0.000000E+00     0.000000E+00     0.000000E+00     0.000000E+00     0.000000E+00
        0     31    -130.00       0.00     120.00     0.000000E+00     0.000000E+00     0.000000E+00     0.000000E+00     0.000000E+00     0.000000E+00     0.000000E+00     0.000000E+00
        0     32    -110.00       0.00     120.00     0.000000E+00     0.000000E+00     0.000000E+00     0.000000E+00     0.000000E+00     0.000000E+00     0.000000E+00     0.000000E+00
        0     33     -90.00       0.00     120.00     0.000000E+00     0.000000E+00     0.000000E+00     0.000000E+00     0.000000E+00     0.000000E+00     0.000000E+00     0.000000E+00
        0     34     -70.00       0.00     120.00     0.000000E+00     0.000000E+00     0.000000E+00     0.000000E+00     0.000000E+00     0.000000E+00     0.000000E+00     0.000000E+00
        0     35     -50.00       0.00     120.00     0.000000E+00     0.000000E+00     0.000000E+00     0.000000E+00     0.000000E+00     0.000000E+00     0.000000E+00     0.000000E+00
        0     36     -30.00       0.00     120.00     0.000000E+00     0.000000E+00     0.000000E+00     0.000000E+00     0.000000E+00     0.000000E+00     0.000000E+00     0.000000E+00
        0     37     -10.00       0.00     120.00     0.000000E+00     0.000000E+00     0.000000E+00     0.000000E+00     0.000000E+00     0.000000E+00     0.000000E+00     0.000000E+00
        0     38      10.00       0.00     120.00     0.000000E+00     0.000000E+00     0.000000E+00     0.000000E+00     0.000000E+00     0.000000E+00     0.000000E+00     0.000000E+00
        0     39      30.00       0.00     120.00     0.000000E+00     0.000000E+00     0.000000E+00     0.000000E+00     0.000000E+00     0.000000E+00     0.000000E+00     0.000000E+00
        0     40      50.00       0.00     120.00     0.000000E+00     0.000000E+00     0.000000E+00     0.000000E+00     0.000000E+00     0.000000E+00     0.000000E+00     0.000000E+00
        0     41      70.00       0.00     120.00     0.000000E+00     0.000000E+00     0.000000E+00     0.000000E+00     0.000000E+00     0.000000E+00     0.000000E+00     0.000000E+00
        0     42      90.00       0.00     120.00     0.000000E+00     0.000000E+00     0.000000E+00     0.000000E+00     0.000000E+00     0.000000E+00     0.000000E+00     0.000000E+00
        0     43     110.00       0.00     120.00     0.000000E+00     0.000000E+00     0.000000E+00     0.000000E+00     0.000000E+00     0.000000E+00     0.000000E+00     0.000000E+00
        0     44     130.00       0.00     120.00     0.000000E+00     0.000000E+00     0.000000E+00     0.000000E+00     0.000000E+00     0.000000E+00     0.000000E+00     0.000000E+00
        0     45     150.00       0.00     120.00     0.000000E+00     0.000000E+00     0.000000E+00     0.000000E+00     0.000000E+00     0.000000E+00     0.000000E+00     0.000000E+00
        0     46     170.00       0.00     120.00     0.000000E+00     0.000000E+00     0.000000E+00     0.000000E+00     0.000000E+00     0.000000E+00     0.000000E+00     0.000000E+00
        0     47     190.00       0.00     120.00     0.000000E+00     0.000000E+00     0.000000E+00     0.000000E+00     0.000000E+00     0.000000E+00     0.000000E+00     0.000000E+00
        0     48     210.00       0.00     120.00     0.000000E+00     0.000000E+00     0.000000E+00     0.000000E+00     0.000000E+00     0.000000E+00     0.000000E+00     0.000000E+00
        0     49     230.00       0.00     120.00     0.000000E+00     0.000000E+00     0.000000E+00     0.000000E+00     0.000000E+00     0.000000E+00     0.000000E+00     0.000000E+00
        0     50     250.00       0.00     120.00     0.000000E+00     0.000000E+00     0.000000E+00     0.000000E+00     0.000000E+00     0.000000E+00     0.000000E+00     0.000000E+00
        0     51     270.00       0.00     120.00     0.000000E+00     0.000000E+00     0.000000E+00     0.000000E+00     0.000000E+00     0.000000E+00     0.000000E+00     0.000000E+00
        0     52     290.00       0.00     120.00     0.000000E+00     0.000000E+00     0.000000E+00     0.000000E+00     0.000000E+00     0.000000E+00     0.000000E+00     0.000000E+00
        0     53     310.00       0.00     120.00     0.000000E+00     0.000000E+00     0.000000E+00     0.000000E+00     0.000000E+00     0.000000E+00     0.000000E+00     0.000000E+00
        0     54     330.00       0.00     120.00     0.000000E+00     0.000000E+00     0.000000E+00     0.000000E+00     0.000000E+00     0.000000E+00     0.000000E+00     0.000000E+00
        0     55     350.00       0.00     120.00     0.000000E+00     0.000000E+00     0.000000E+00     0.000000E+00     0.000000E+00     0.000000E+00     0.000000E+00     0.000000E+00
        0     56     370.00       0.00     120.00     0.000000E+00     0.000000E+00     0.000000E+00     0.000000E+00     0.000000E+00     0.000000E+00     0.000000E+00     0.000000E+00
        0     57     390.00       0.00     120.00     0.000000E+00     0.000000E+00     0.000000E+00     0.000000E+00     0.000000E+00     0.000000E+00     0.000000E+00     0.000000E+00
        0     58     410.00       0.00     120.00     0.000000E+00     0.000000E+00     0.000000E+00     0.000000E+00     0.000000E+00     0.000000E+00     0.000000E+00     0.000000E+00
        0     59     430.00       0.00     120.00     0.000000E+00     0.000000E+00     0.000000E+00     0.000000E+00     0.000000E+00     0.000000E+00     0.000000E+00     0.000000E+00
        0     60     450.00       0.00     120.00     0.000000E+00     0.000000E+00     0.000000E+00     0.000000E+00     0.000000E+00     0.000000E+00     0.000000E+00     0.000000E+00
        0     61     470.00       0.00     120.00     0.000000E+00     0.000000E+00     0.000000E+00     0.000000E+00     0.000000E+00     0.000000E+00     0.000000E+00     0.000000E+00
        0     62     490.00       0.00     120.00     0.000000E+00     0.000000E+00     0.000000E+00     0.000000E+00     0.000000E+00     0.000000E+00     0.000000E+00     0.000000E+00
        0     63     510.00       0.00     120.00     0.000000E+00     0.000000E+00     0.000000E+00     0.000000E+00     0.000000E+00     0.000000E+00     0.000000E+00     0.000000E+00
        0     64     530.00       0.00     120.00     0.000000E+00     0.000000E+00     0.000000E+00     0.000000E+00     0.000000E+00     0.000000E+00     0.000000E+00     0.000000E+00
        0     65     550.00       0.00     120.00     0.000000E+00     0.000000E+00     0.000000E+00     0.000000E+00     0.000000E+00     0.000000E+00     0.000000E+00     0.000000E+00
        0     66     570.00       0.00     120.00     0.000000E+00     0.000000E+00     0.000000E+00     0.000000E+00     0.000000E+00     0.000000E+00     0.000000E+00     0.000000E+00
        0     67     590.00       0.00     120.00     0.000000E+00     0.000000E+00     0.000000E+00     0.000000E+00     0.000000E+00     0.000000E+00     0.000000E+00     0.000000E+00
        0     68     610.00       0.00     120.00     0.000000E+00     0.000000E+00     0.000000E+00     0.000000E+00     0.000000E+00     0.000000E+00     0.000000E+00     0.000000E+00
        0     69     630.00       0.00     120.00     0.000000E+00     0.000000E+00     0.000000E+00     0.000000E+00     0.000000E+00     0.000000E+00     0.000000E+00     0.000000E+00
        0     70     650.00       0.00     120.00     0.000000E+00     0.000000E+00     0.000000E+00     0.000000E+00     0.000000E+00     0.000000E+00     0.000000E+00     0.000000E+00
        0     71     670.00       0.00     120.00     0.000000E+00     0.000000E+00     0.000000E+00     0.000000E+00     0.000000E+00     0.000000E+00     0.000000E+00     0.000000E+00
        0     72     690.00       0.00     120.00     0.000000E+00     0.000000E+00     0.000000E+00     0.000000E+00     0.000000E+00     0.000000E+00     0.000000E+00     0.000000E+00
        0     73     710.00       0.00     120.00     0.000000E+00     0.000000E+00     0.000000E+00     0.000000E+00     0.000000E+00     0.000000E+00     0.000000E+00     0.000000E+00
        0     74     730.00       0.00     120.00     0.000000E+00     0.000000E+00     0.000000E+00     0.000000E+00     0.000000E+00     0.000000E+00     0.000000E+00     0.000000E+00

  Time-Domain Data Floor =  0.1000E-02 ppt

  Station   Vertical Weights
  -------   ----------------
         1   0 0 0 0 0 0 0 0
         2   0 0 0 0 0 0 0 0
         3   0 0 0 0 0 0 0 0
         4   0 0 0 0 0 0 0 0
         5   0 0 0 0 0 0 0 0
         6   0 0 0 0 0 0 0 0
         7   0 0 0 0 0 0 0 0
         8   0 0 0 0 0 0 0 0
         9   0 0 0 0 0 0 0 0
        10   0 0 0 0 0 0 0 0
        11   0 0 0 0 0 0 0 0
        12   0 0 0 0 0 0 0 0
        13   0 0 0 0 0 0 0 0
        14   0 0 0 0 0 0 0 0
        15   0 0 0 0 0 0 0 0
        16   0 0 0 0 0 0 0 0
        17   0 0 0 0 0 0 0 0
        18   0 0 0 0 0 0 0 0
        19   0 0 0 0 0 0 0 0
        20   0 0 0 0 0 0 0 0
        21   0 0 0 0 0 0 0 0
        22   0 0 0 0 0 0 0 0
        23   0 0 0 0 0 0 0 0
        24   0 0 0 0 0 0 0 0
        25   0 0 0 0 0 0 0 0
        26   0 0 0 0 0 0 0 0
        27   0 0 0 0 0 0 0 0
        28   0 0 0 0 0 0 0 0
        29   0 0 0 0 0 0 0 0
        30   0 0 0 0 0 0 0 0
        31   0 0 0 0 0 0 0 0
        32   0 0 0 0 0 0 0 0
        33   0 0 0 0 0 0 0 0
        34   0 0 0 0 0 0 0 0
        35   0 0 0 0 0 0 0 0
        36   0 0 0 0 0 0 0 0
        37   0 0 0 0 0 0 0 0
        38   0 0 0 0 0 0 0 0
        39   0 0 0 0 0 0 0 0
        40   0 0 0 0 0 0 0 0
        41   0 0 0 0 0 0 0 0
        42   0 0 0 0 0 0 0 0
        43   0 0 0 0 0 0 0 0
        44   0 0 0 0 0 0 0 0
        45   0 0 0 0 0 0 0 0
        46   0 0 0 0 0 0 0 0
        47   0 0 0 0 0 0 0 0
        48   0 0 0 0 0 0 0 0
        49   0 0 0 0 0 0 0 0
        50   0 0 0 0 0 0 0 0
        51   0 0 0 0 0 0 0 0
        52   0 0 0 0 0 0 0 0
        53   0 0 0 0 0 0 0 0
        54   0 0 0 0 0 0 0 0
        55   0 0 0 0 0 0 0 0
        56   0 0 0 0 0 0 0 0
        57   0 0 0 0 0 0 0 0
        58   0 0 0 0 0 0 0 0
        59   0 0 0 0 0 0 0 0
        60   0 0 0 0 0 0 0 0
        61   0 0 0 0 0 0 0 0
        62   0 0 0 0 0 0 0 0
        63   0 0 0 0 0 0 0 0
        64   0 0 0 0 0 0 0 0
        65   0 0 0 0 0 0 0 0
        66   0 0 0 0 0 0 0 0
        67   0 0 0 0 0 0 0 0
        68   0 0 0 0 0 0 0 0
        69   0 0 0 0 0 0 0 0
        70   0 0 0 0 0 0 0 0
        71   0 0 0 0 0 0 0 0
        72   0 0 0 0 0 0 0 0
        73   0 0 0 0 0 0 0 0
        74   0 0 0 0 0 0 0 0


     LITHOLOGY AND MESH DESCRIPTION
     ------------------------------

  Number of node rows =  26    Number of node columns =  61    NLITH =  4
  EASTD1  = -900.000    
  NORTHD1 = -10.0000    


                          LITHOLOGY PROPERTIES
                          --------------------

                                  Relative   Relative     Cole-Cole Parameters
        Resistivity  Conductance     MU     Dielectric   CHRG    CTAU       CFREQ

   1      1000.          1.0       1.000      1.000      0.00    0.00        1.00
   2      1.000          1.0       1.000      1.000      0.00    0.00        1.00
   3      10.00          1.0       1.000      1.000      0.00    0.00        1.00
   4      1000.          1.0       1.000      1.000      0.00    0.00        1.00
  -900.0000      -870.0000      -840.0000      -810.0000      -780.0000    
  -750.0000      -720.0000      -690.0000      -660.0000      -630.0000    
  -600.0000      -570.0000      -540.0000      -510.0000      -480.0000    
  -450.0000      -420.0000      -390.0000      -360.0000      -330.0000    
  -300.0000      -270.0000      -240.0000      -210.0000      -180.0000    
  -150.0000      -120.0000      -90.00000      -60.00000      -30.00000    
  0.0000000E+00   30.00000       60.00000       90.00000       120.0000    
   150.0000       180.0000       210.0000       240.0000       270.0000    
   300.0000       330.0000       360.0000       390.0000       420.0000    
   450.0000       480.0000       510.0000       540.0000       570.0000    
   600.0000       630.0000       660.0000       690.0000       720.0000    
   750.0000       780.0000       810.0000       840.0000       870.0000    
   900.0000    
  -900.0000      -870.0000      -840.0000      -810.0000      -780.0000    
  -750.0000      -720.0000      -690.0000      -660.0000      -630.0000    
  -600.0000      -570.0000      -540.0000      -510.0000      -480.0000    
  -450.0000      -420.0000      -390.0000      -360.0000      -330.0000    
  -300.0000      -270.0000      -240.0000      -210.0000      -180.0000    
  -150.0000      -120.0000      -90.00000      -60.00000      -30.00000    
  0.0000000E+00   30.00000       60.00000       90.00000       120.0000    
   150.0000       180.0000       210.0000       240.0000       270.0000    
   300.0000       330.0000       360.0000       390.0000       420.0000    
   450.0000       480.0000       510.0000       540.0000       570.0000    
   600.0000       630.0000       660.0000       690.0000       720.0000    
   750.0000       780.0000       810.0000       840.0000       870.0000    
   900.0000    

              2D LITHOLOGY MAP
              ----------------
         (reduced to rectangular grid)

  444444444444444444444444444444444444444444444444444444444444
  444444444444444444444444444444444444444444444444444444444444
  444444444444444444444444444444444444444444444444444444444444
  111111111111111111111111111111111111111111111111111111111111
  111111111111111111111111111111111111111111111111111111111111
  111111111111111111111111111111111111111111111111111111111111
  111111111111111111111111111111111111111111111111111111111111
  111111111111111111111111111111111111111111111111111111111111
  111111111111111111111111111111111111111111111111111111111111
  111111111111111111111111111111111111111111111111111111111111
  111111111111111111111111111111111111111111111111111111111111
  111111111111111111111111111111111111111111111111111111111111
  111111111111111111111111111111111111111111111111111111111111
  111111111111111111111111111111111111111111111111111111111111
  111111111111111111111111111111111111111111111111111111111111
  111111111111111111111111111111111111111111111111111111111111
  111111111111111111111111111111111111111111111111111111111111
  111111111111111111111111111111111111111111111111111111111111
  111111111111111111111111111111111111111111111111111111111111
  111111111111111111111111111111111111111111111111111111111111
  111111111111111111111111111111111111111111111111111111111111
  111111111111111111111111111111111111111111111111111111111111
  111111111111111111111111111111111111111111111111111111111111
  111111111111111111111111111111111111111111111111111111111111
  111111111111111111111111111111111111111111111111111111111111

  MAXITS =  4   CNVRG = 1   NFIX =  2   MV1PRT = 3   OUTPRT = 0

  The inversion will finish if the RMS error is less than  1.0 percent or if
  the error can no longer be reduced significantly or after  4 iterations.


           Constrained Parameters
           ----------------------

    Lithology
     Index      Parameter      Elasticity  Lower Bound   Upper Bound
    ---------   ---------      ----------  -----------   -----------
       1           1            0.2500      0.1000          2000.    
       4           1             0.000      0.1000E-07     0.1000E+09

  ----------------------------------------------------------------------

              Node-based Pseudo Transmitter and First Receiver Positions
              ----------------------------------------------------------

                   Transmitter                         Receiver
                                                                                 Rx Ground
 Index          East       GPS Alt          East         North       GPS Alt     Clearance
 -----          ----       -------          ----         -----       -------     ---------
     1      123.0000      120.0000        0.0000        0.0000       84.0000       84.0000
     2      153.0000      120.0000       30.0000        0.0000       84.0000       84.0000
     3      183.0000      120.0000       60.0000        0.0000       84.0000       84.0000
     4      213.0000      120.0000       90.0000        0.0000       84.0000       84.0000
     5      243.0000      120.0000      120.0000        0.0000       84.0000       84.0000
     6      273.0000      120.0000      150.0000        0.0000       84.0000       84.0000
     7      303.0000      120.0000      180.0000        0.0000       84.0000       84.0000
     8      333.0000      120.0000      210.0000        0.0000       84.0000       84.0000
     9      363.0000      120.0000      240.0000        0.0000       84.0000       84.0000
    10      393.0000      120.0000      270.0000        0.0000       84.0000       84.0000
    11      423.0000      120.0000      300.0000        0.0000       84.0000       84.0000
    12      453.0000      120.0000      330.0000        0.0000       84.0000       84.0000
    13      483.0000      120.0000      360.0000        0.0000       84.0000       84.0000
    14      513.0000      120.0000      390.0000        0.0000       84.0000       84.0000
    15      543.0000      120.0000      420.0000        0.0000       84.0000       84.0000
    16      573.0000      120.0000      450.0000        0.0000       84.0000       84.0000
    17      603.0000      120.0000      480.0000        0.0000       84.0000       84.0000
    18      633.0000      120.0000      510.0000        0.0000       84.0000       84.0000
    19      663.0000      120.0000      540.0000        0.0000       84.0000       84.0000
    20      693.0000      120.0000      570.0000        0.0000       84.0000       84.0000
    21      723.0000      120.0000      600.0000        0.0000       84.0000       84.0000
    22      753.0000      120.0000      630.0000        0.0000       84.0000       84.0000
    23      783.0000      120.0000      660.0000        0.0000       84.0000       84.0000
    24      813.0000      120.0000      690.0000        0.0000       84.0000       84.0000
    25      843.0000      120.0000      720.0000        0.0000       84.0000       84.0000
    26      873.0000      120.0000      750.0000        0.0000       84.0000       84.0000
    27      903.0000      120.0000      780.0000        0.0000       84.0000       84.0000
    28      933.0000      120.0000      810.0000        0.0000       84.0000       84.0000
    29      963.0000      120.0000      840.0000        0.0000       84.0000       84.0000
    30      993.0000      120.0000      870.0000        0.0000       84.0000       84.0000
    31     1023.0000      120.0000      900.0000        0.0000       84.0000       84.0000
    32     1053.0000      120.0000      930.0000        0.0000       84.0000       84.0000
    33     1083.0000      120.0000      960.0000        0.0000       84.0000       84.0000
    34     1113.0000      120.0000      990.0000        0.0000       84.0000       84.0000
    35     1143.0000      120.0000     1020.0000        0.0000       84.0000       84.0000
    36     1173.0000      120.0000     1050.0000        0.0000       84.0000       84.0000
    37     1203.0000      120.0000     1080.0000        0.0000       84.0000       84.0000
    38     1233.0000      120.0000     1110.0000        0.0000       84.0000       84.0000
    39     1263.0000      120.0000     1140.0000        0.0000       84.0000       84.0000
    40     1293.0000      120.0000     1170.0000        0.0000       84.0000       84.0000
    41     1323.0000      120.0000     1200.0000        0.0000       84.0000       84.0000
    42     1353.0000      120.0000     1230.0000        0.0000       84.0000       84.0000
    43     1383.0000      120.0000     1260.0000        0.0000       84.0000       84.0000
    44     1413.0000      120.0000     1290.0000        0.0000       84.0000       84.0000
    45     1443.0000      120.0000     1320.0000        0.0000       84.0000       84.0000
    46     1473.0000      120.0000     1350.0000        0.0000       84.0000       84.0000
    47     1503.0000      120.0000     1380.0000        0.0000       84.0000       84.0000
    48     1533.0000      120.0000     1410.0000        0.0000       84.0000       84.0000
    49     1563.0000      120.0000     1440.0000        0.0000       84.0000       84.0000
    50     1593.0000      120.0000     1470.0000        0.0000       84.0000       84.0000
    51     1623.0000      120.0000     1500.0000        0.0000       84.0000       84.0000
    52     1653.0000      120.0000     1530.0000        0.0000       84.0000       84.0000
    53     1683.0000      120.0000     1560.0000        0.0000       84.0000       84.0000

  The frequency-domain results are directly computed from
     1.000     Hz to   10.00     Hz, using  3 points per decade and from
     10.00     Hz to  0.1000E+06 Hz, using  6 points per decade.

  These are used to construct the frequency-domain spectrum from DC to  0.1000E+06 Hz
  before transformation to the time domain.  The transformed result is folded over
  5 pulses and convolved with the input signal.


                              Normalisation in ppt 
                              Primary field units are nT  

                     Vertical primary =  -15.03    
                      In-line primary =  -14.19    
                   Transverse primary =   0.000    
                        Total primary =   20.67    

          Each component is normalised to the vertical primary field
                        Vertical ppt  norm =   66.53    

  Begin time-domain inversion on Vertical component

  Maximum iterations =  4


  Inversion executed with field data at reciever positions
  --------------------------------------------------------


  RMS error reduction based on using the Survey norm
  --------------------------------------------------


  Singular value decomposition failure. INVERSION HALTED.


  ArjunAir inversion completed at 15:40 on 23 Nov 2012

  Computation time =    2909.06 seconds.


