
  ########################################################################
  #                                                                      #
  #      ArjunAir - Version 7.0.7 29 May,                                #
  #                                                                      #
  # This program has been released strictly for use by:                  #
  #                                                                      #
  # 1. Sponsors of AMIRA project P223F                                   #
  # 2. Their authorised agents (P223F sponsor work only)                 #
  # 3. Universities formally included in the P223F collaboration scheme  #
  # 4. Authorised CSIRO personnel                                        #
  #                                                                      #
  #    CSIRO ESRE Version: David Annetts November, 2012                  #
  #                                                                      #
  ########################################################################


 ArjunAir Inversion - Spectrem Z, Date : 7 June 2006, Time : 6:13PM, Project File : C:\CSIRO\WIP\AEM Inversion Studies\Pr

  TDFD =  1   DO3D = -1   PRFL =  1    ISTOP = 0

  ISW =   1   NSX =   3   STEP = 1    UNITS =   1  NCHNL =   8
  KRXW =  1   OFFTYM =   0.000    


         +---------------------------------------------+
         +    Time-Domain AEM Step System Input Data   +
         +        B output will be in nT            +
         +---------------------------------------------+


                          Transmitter current
           TXON (ms)      waveform in amps
           ---------      -----------------

      1        0.000         0.000    
      2        0.000        -1000.    
      3        6.900        -1000.    

         Receiver Window Specifications (ms)
         -----------------------------------

       Window     Open        Close      Width      Centre
       ------     ----        -----      -----      ------
          1       0.025       0.026      0.001       0.026
          2       0.052       0.078      0.026       0.065
          3       0.104       0.182      0.078       0.143
          4       0.208       0.391      0.183       0.299
          5       0.414       0.807      0.393       0.610
          6       0.833       1.641      0.808       1.237
          7       1.667       3.307      1.640       2.487
          8       3.333       6.641      3.308       4.987

  CMP = 13    KPPM =   3
  Inclination angle of transmitter in level flight =  2.0 degrees (front up)

  Tx area =     400 m^2;    NTRN = 1

  Initial Rx offset relative to Tx:   36.0 Below,  123.0 Behind,   0.0 Left


  ArjunAir task started at 14:51 on 23 Nov 2012




  --------------------------------------
  Inversion Controls & Data for ArjunAir
  --------------------------------------

  Inversion of Time-Domain Vertical Component Data.

  The data to be inverted has been normalised to ppt.


  NSTAT =  74   SURVEY = 2   BAROMTRC = 1   KCMP =  13   ORDER = 1

  Time-Domain Data Floor =  0.1000E-02 ppt

  N0STAT =   0   N0CHNL =  0   N0PTS =   0

  All data have the weighting RWTS= 1


     Line   Station   East       North     Alt                     Vertical Component Data
     ----   -------   ----       -----     ---                     -----------------------
        0      1    -730.00       0.00     120.00     0.000000E+00     0.000000E+00     0.000000E+00     0.000000E+00     0.000000E+00     0.000000E+00     0.000000E+00     0.000000E+00
        0      2    -710.00       0.00     120.00     0.000000E+00     0.000000E+00     0.000000E+00     0.000000E+00     0.000000E+00     0.000000E+00     0.000000E+00     0.000000E+00
        0      3    -690.00       0.00     120.00     0.000000E+00     0.000000E+00     0.000000E+00     0.000000E+00     0.000000E+00     0.000000E+00     0.000000E+00     0.000000E+00
        0      4    -670.00       0.00     120.00     0.000000E+00     0.000000E+00     0.000000E+00     0.000000E+00     0.000000E+00     0.000000E+00     0.000000E+00     0.000000E+00
        0      5    -650.00       0.00     120.00     0.000000E+00     0.000000E+00     0.000000E+00     0.000000E+00     0.000000E+00     0.000000E+00     0.000000E+00     0.000000E+00
        0      6    -630.00       0.00     120.00     0.000000E+00     0.000000E+00     0.000000E+00     0.000000E+00     0.000000E+00     0.000000E+00     0.000000E+00     0.000000E+00
        0      7    -610.00       0.00     120.00     0.000000E+00     0.000000E+00     0.000000E+00     0.000000E+00     0.000000E+00     0.000000E+00     0.000000E+00     0.000000E+00
        0      8    -590.00       0.00     120.00     0.000000E+00     0.000000E+00     0.000000E+00     0.000000E+00     0.000000E+00     0.000000E+00     0.000000E+00     0.000000E+00
        0      9    -570.00       0.00     120.00     0.000000E+00     0.000000E+00     0.000000E+00     0.000000E+00     0.000000E+00     0.000000E+00     0.000000E+00     0.000000E+00
        0     10    -550.00       0.00     120.00     0.000000E+00     0.000000E+00     0.000000E+00     0.000000E+00     0.000000E+00     0.000000E+00     0.000000E+00     0.000000E+00
        0     11    -530.00       0.00     120.00     0.000000E+00     0.000000E+00     0.000000E+00     0.000000E+00     0.000000E+00     0.000000E+00     0.000000E+00     0.000000E+00
        0     12    -510.00       0.00     120.00     0.000000E+00     0.000000E+00     0.000000E+00     0.000000E+00     0.000000E+00     0.000000E+00     0.000000E+00     0.000000E+00
        0     13    -490.00       0.00     120.00     0.000000E+00     0.000000E+00     0.000000E+00     0.000000E+00     0.000000E+00     0.000000E+00     0.000000E+00     0.000000E+00
        0     14    -470.00       0.00     120.00     0.000000E+00     0.000000E+00     0.000000E+00     0.000000E+00     0.000000E+00     0.000000E+00     0.000000E+00     0.000000E+00
        0     15    -450.00       0.00     120.00     0.000000E+00     0.000000E+00     0.000000E+00     0.000000E+00     0.000000E+00     0.000000E+00     0.000000E+00     0.000000E+00
        0     16    -430.00       0.00     120.00     0.000000E+00     0.000000E+00     0.000000E+00     0.000000E+00     0.000000E+00     0.000000E+00     0.000000E+00     0.000000E+00
        0     17    -410.00       0.00     120.00     0.000000E+00     0.000000E+00     0.000000E+00     0.000000E+00     0.000000E+00     0.000000E+00     0.000000E+00     0.000000E+00
        0     18    -390.00       0.00     120.00     0.000000E+00     0.000000E+00     0.000000E+00     0.000000E+00     0.000000E+00     0.000000E+00     0.000000E+00     0.000000E+00
        0     19    -370.00       0.00     120.00     0.000000E+00     0.000000E+00     0.000000E+00     0.000000E+00     0.000000E+00     0.000000E+00     0.000000E+00     0.000000E+00
        0     20    -350.00       0.00     120.00     0.000000E+00     0.000000E+00     0.000000E+00     0.000000E+00     0.000000E+00     0.000000E+00     0.000000E+00     0.000000E+00
        0     21    -330.00       0.00     120.00     0.000000E+00     0.000000E+00     0.000000E+00     0.000000E+00     0.000000E+00     0.000000E+00     0.000000E+00     0.000000E+00
        0     22    -310.00       0.00     120.00     0.000000E+00     0.000000E+00     0.000000E+00     0.000000E+00     0.000000E+00     0.000000E+00     0.000000E+00     0.000000E+00
        0     23    -290.00       0.00     120.00     0.000000E+00     0.000000E+00     0.000000E+00     0.000000E+00     0.000000E+00     0.000000E+00     0.000000E+00     0.000000E+00
        0     24    -270.00       0.00     120.00     0.000000E+00     0.000000E+00     0.000000E+00     0.000000E+00     0.000000E+00     0.000000E+00     0.000000E+00     0.000000E+00
        0     25    -250.00       0.00     120.00     0.000000E+00     0.000000E+00     0.000000E+00     0.000000E+00     0.000000E+00     0.000000E+00     0.000000E+00     0.000000E+00
        0     26    -230.00       0.00     120.00     0.000000E+00     0.000000E+00     0.000000E+00     0.000000E+00     0.000000E+00     0.000000E+00     0.000000E+00     0.000000E+00
        0     27    -210.00       0.00     120.00     0.000000E+00     0.000000E+00     0.000000E+00     0.000000E+00     0.000000E+00     0.000000E+00     0.000000E+00     0.000000E+00
        0     28    -190.00       0.00     120.00     0.000000E+00     0.000000E+00     0.000000E+00     0.000000E+00     0.000000E+00     0.000000E+00     0.000000E+00     0.000000E+00
        0     29    -170.00       0.00     120.00     0.000000E+00     0.000000E+00     0.000000E+00     0.000000E+00     0.000000E+00     0.000000E+00     0.000000E+00     0.000000E+00
        0     30    -150.00       0.00     120.00     0.000000E+00     0.000000E+00     0.000000E+00     0.000000E+00     0.000000E+00     0.000000E+00     0.000000E+00     0.000000E+00
        0     31    -130.00       0.00     120.00     0.000000E+00     0.000000E+00     0.000000E+00     0.000000E+00     0.000000E+00     0.000000E+00     0.000000E+00     0.000000E+00
        0     32    -110.00       0.00     120.00     0.000000E+00     0.000000E+00     0.000000E+00     0.000000E+00     0.000000E+00     0.000000E+00     0.000000E+00     0.000000E+00
        0     33     -90.00       0.00     120.00     0.000000E+00     0.000000E+00     0.000000E+00     0.000000E+00     0.000000E+00     0.000000E+00     0.000000E+00     0.000000E+00
        0     34     -70.00       0.00     120.00     0.000000E+00     0.000000E+00     0.000000E+00     0.000000E+00     0.000000E+00     0.000000E+00     0.000000E+00     0.000000E+00
        0     35     -50.00       0.00     120.00     0.000000E+00     0.000000E+00     0.000000E+00     0.000000E+00     0.000000E+00     0.000000E+00     0.000000E+00     0.000000E+00
        0     36     -30.00       0.00     120.00     0.000000E+00     0.000000E+00     0.000000E+00     0.000000E+00     0.000000E+00     0.000000E+00     0.000000E+00     0.000000E+00
        0     37     -10.00       0.00     120.00     0.000000E+00     0.000000E+00     0.000000E+00     0.000000E+00     0.000000E+00     0.000000E+00     0.000000E+00     0.000000E+00
        0     38      10.00       0.00     120.00     0.000000E+00     0.000000E+00     0.000000E+00     0.000000E+00     0.000000E+00     0.000000E+00     0.000000E+00     0.000000E+00
        0     39      30.00       0.00     120.00     0.000000E+00     0.000000E+00     0.000000E+00     0.000000E+00     0.000000E+00     0.000000E+00     0.000000E+00     0.000000E+00
        0     40      50.00       0.00     120.00     0.000000E+00     0.000000E+00     0.000000E+00     0.000000E+00     0.000000E+00     0.000000E+00     0.000000E+00     0.000000E+00
        0     41      70.00       0.00     120.00     0.000000E+00     0.000000E+00     0.000000E+00     0.000000E+00     0.000000E+00     0.000000E+00     0.000000E+00     0.000000E+00
        0     42      90.00       0.00     120.00     0.000000E+00     0.000000E+00     0.000000E+00     0.000000E+00     0.000000E+00     0.000000E+00     0.000000E+00     0.000000E+00
        0     43     110.00       0.00     120.00     0.000000E+00     0.000000E+00     0.000000E+00     0.000000E+00     0.000000E+00     0.000000E+00     0.000000E+00     0.000000E+00
        0     44     130.00       0.00     120.00     0.000000E+00     0.000000E+00     0.000000E+00     0.000000E+00     0.000000E+00     0.000000E+00     0.000000E+00     0.000000E+00
        0     45     150.00       0.00     120.00     0.000000E+00     0.000000E+00     0.000000E+00     0.000000E+00     0.000000E+00     0.000000E+00     0.000000E+00     0.000000E+00
        0     46     170.00       0.00     120.00     0.000000E+00     0.000000E+00     0.000000E+00     0.000000E+00     0.000000E+00     0.000000E+00     0.000000E+00     0.000000E+00
        0     47     190.00       0.00     120.00     0.000000E+00     0.000000E+00     0.000000E+00     0.000000E+00     0.000000E+00     0.000000E+00     0.000000E+00     0.000000E+00
        0     48     210.00       0.00     120.00     0.000000E+00     0.000000E+00     0.000000E+00     0.000000E+00     0.000000E+00     0.000000E+00     0.000000E+00     0.000000E+00
        0     49     230.00       0.00     120.00     0.000000E+00     0.000000E+00     0.000000E+00     0.000000E+00     0.000000E+00     0.000000E+00     0.000000E+00     0.000000E+00
        0     50     250.00       0.00     120.00     0.000000E+00     0.000000E+00     0.000000E+00     0.000000E+00     0.000000E+00     0.000000E+00     0.000000E+00     0.000000E+00
        0     51     270.00       0.00     120.00     0.000000E+00     0.000000E+00     0.000000E+00     0.000000E+00     0.000000E+00     0.000000E+00     0.000000E+00     0.000000E+00
        0     52     290.00       0.00     120.00     0.000000E+00     0.000000E+00     0.000000E+00     0.000000E+00     0.000000E+00     0.000000E+00     0.000000E+00     0.000000E+00
        0     53     310.00       0.00     120.00     0.000000E+00     0.000000E+00     0.000000E+00     0.000000E+00     0.000000E+00     0.000000E+00     0.000000E+00     0.000000E+00
        0     54     330.00       0.00     120.00     0.000000E+00     0.000000E+00     0.000000E+00     0.000000E+00     0.000000E+00     0.000000E+00     0.000000E+00     0.000000E+00
        0     55     350.00       0.00     120.00     0.000000E+00     0.000000E+00     0.000000E+00     0.000000E+00     0.000000E+00     0.000000E+00     0.000000E+00     0.000000E+00
        0     56     370.00       0.00     120.00     0.000000E+00     0.000000E+00     0.000000E+00     0.000000E+00     0.000000E+00     0.000000E+00     0.000000E+00     0.000000E+00
        0     57     390.00       0.00     120.00     0.000000E+00     0.000000E+00     0.000000E+00     0.000000E+00     0.000000E+00     0.000000E+00     0.000000E+00     0.000000E+00
        0     58     410.00       0.00     120.00     0.000000E+00     0.000000E+00     0.000000E+00     0.000000E+00     0.000000E+00     0.000000E+00     0.000000E+00     0.000000E+00
        0     59     430.00       0.00     120.00     0.000000E+00     0.000000E+00     0.000000E+00     0.000000E+00     0.000000E+00     0.000000E+00     0.000000E+00     0.000000E+00
        0     60     450.00       0.00     120.00     0.000000E+00     0.000000E+00     0.000000E+00     0.000000E+00     0.000000E+00     0.000000E+00     0.000000E+00     0.000000E+00
        0     61     470.00       0.00     120.00     0.000000E+00     0.000000E+00     0.000000E+00     0.000000E+00     0.000000E+00     0.000000E+00     0.000000E+00     0.000000E+00
        0     62     490.00       0.00     120.00     0.000000E+00     0.000000E+00     0.000000E+00     0.000000E+00     0.000000E+00     0.000000E+00     0.000000E+00     0.000000E+00
        0     63     510.00       0.00     120.00     0.000000E+00     0.000000E+00     0.000000E+00     0.000000E+00     0.000000E+00     0.000000E+00     0.000000E+00     0.000000E+00
        0     64     530.00       0.00     120.00     0.000000E+00     0.000000E+00     0.000000E+00     0.000000E+00     0.000000E+00     0.000000E+00     0.000000E+00     0.000000E+00
        0     65     550.00       0.00     120.00     0.000000E+00     0.000000E+00     0.000000E+00     0.000000E+00     0.000000E+00     0.000000E+00     0.000000E+00     0.000000E+00
        0     66     570.00       0.00     120.00     0.000000E+00     0.000000E+00     0.000000E+00     0.000000E+00     0.000000E+00     0.000000E+00     0.000000E+00     0.000000E+00
        0     67     590.00       0.00     120.00     0.000000E+00     0.000000E+00     0.000000E+00     0.000000E+00     0.000000E+00     0.000000E+00     0.000000E+00     0.000000E+00
        0     68     610.00       0.00     120.00     0.000000E+00     0.000000E+00     0.000000E+00     0.000000E+00     0.000000E+00     0.000000E+00     0.000000E+00     0.000000E+00
        0     69     630.00       0.00     120.00     0.000000E+00     0.000000E+00     0.000000E+00     0.000000E+00     0.000000E+00     0.000000E+00     0.000000E+00     0.000000E+00
        0     70     650.00       0.00     120.00     0.000000E+00     0.000000E+00     0.000000E+00     0.000000E+00     0.000000E+00     0.000000E+00     0.000000E+00     0.000000E+00
        0     71     670.00       0.00     120.00     0.000000E+00     0.000000E+00     0.000000E+00     0.000000E+00     0.000000E+00     0.000000E+00     0.000000E+00     0.000000E+00
        0     72     690.00       0.00     120.00     0.000000E+00     0.000000E+00     0.000000E+00     0.000000E+00     0.000000E+00     0.000000E+00     0.000000E+00     0.000000E+00
        0     73     710.00       0.00     120.00     0.000000E+00     0.000000E+00     0.000000E+00     0.000000E+00     0.000000E+00     0.000000E+00     0.000000E+00     0.000000E+00
        0     74     730.00       0.00     120.00     0.000000E+00     0.000000E+00     0.000000E+00     0.000000E+00     0.000000E+00     0.000000E+00     0.000000E+00     0.000000E+00

  Time-Domain Data Floor =  0.1000E-02 ppt

  Station   Vertical Weights
  -------   ----------------
         1   0 0 0 0 0 0 0 0
         2   0 0 0 0 0 0 0 0
         3   0 0 0 0 0 0 0 0
         4   0 0 0 0 0 0 0 0
         5   0 0 0 0 0 0 0 0
         6   0 0 0 0 0 0 0 0
         7   0 0 0 0 0 0 0 0
         8   0 0 0 0 0 0 0 0
         9   0 0 0 0 0 0 0 0
        10   0 0 0 0 0 0 0 0
        11   0 0 0 0 0 0 0 0
        12   0 0 0 0 0 0 0 0
        13   0 0 0 0 0 0 0 0
        14   0 0 0 0 0 0 0 0
        15   0 0 0 0 0 0 0 0
        16   0 0 0 0 0 0 0 0
        17   0 0 0 0 0 0 0 0
        18   0 0 0 0 0 0 0 0
        19   0 0 0 0 0 0 0 0
        20   0 0 0 0 0 0 0 0
        21   0 0 0 0 0 0 0 0
        22   0 0 0 0 0 0 0 0
        23   0 0 0 0 0 0 0 0
        24   0 0 0 0 0 0 0 0
        25   0 0 0 0 0 0 0 0
        26   0 0 0 0 0 0 0 0
        27   0 0 0 0 0 0 0 0
        28   0 0 0 0 0 0 0 0
        29   0 0 0 0 0 0 0 0
        30   0 0 0 0 0 0 0 0
        31   0 0 0 0 0 0 0 0
        32   0 0 0 0 0 0 0 0
        33   0 0 0 0 0 0 0 0
        34   0 0 0 0 0 0 0 0
        35   0 0 0 0 0 0 0 0
        36   0 0 0 0 0 0 0 0
        37   0 0 0 0 0 0 0 0
        38   0 0 0 0 0 0 0 0
        39   0 0 0 0 0 0 0 0
        40   0 0 0 0 0 0 0 0
        41   0 0 0 0 0 0 0 0
        42   0 0 0 0 0 0 0 0
        43   0 0 0 0 0 0 0 0
        44   0 0 0 0 0 0 0 0
        45   0 0 0 0 0 0 0 0
        46   0 0 0 0 0 0 0 0
        47   0 0 0 0 0 0 0 0
        48   0 0 0 0 0 0 0 0
        49   0 0 0 0 0 0 0 0
        50   0 0 0 0 0 0 0 0
        51   0 0 0 0 0 0 0 0
        52   0 0 0 0 0 0 0 0
        53   0 0 0 0 0 0 0 0
        54   0 0 0 0 0 0 0 0
        55   0 0 0 0 0 0 0 0
        56   0 0 0 0 0 0 0 0
        57   0 0 0 0 0 0 0 0
        58   0 0 0 0 0 0 0 0
        59   0 0 0 0 0 0 0 0
        60   0 0 0 0 0 0 0 0
        61   0 0 0 0 0 0 0 0
        62   0 0 0 0 0 0 0 0
        63   0 0 0 0 0 0 0 0
        64   0 0 0 0 0 0 0 0
        65   0 0 0 0 0 0 0 0
        66   0 0 0 0 0 0 0 0
        67   0 0 0 0 0 0 0 0
        68   0 0 0 0 0 0 0 0
        69   0 0 0 0 0 0 0 0
        70   0 0 0 0 0 0 0 0
        71   0 0 0 0 0 0 0 0
        72   0 0 0 0 0 0 0 0
        73   0 0 0 0 0 0 0 0
        74   0 0 0 0 0 0 0 0


     LITHOLOGY AND MESH DESCRIPTION
     ------------------------------

  Number of node rows =  26    Number of node columns =  61    NLITH =  4
  EASTD1  = -900.000    
  NORTHD1 = -10.0000    


                          LITHOLOGY PROPERTIES
                          --------------------

                                  Relative   Relative     Cole-Cole Parameters
        Resistivity  Conductance     MU     Dielectric   CHRG    CTAU       CFREQ

   1      1000.          1.0       1.000      1.000      0.00    0.00        1.00
   2      1.000          1.0       1.000      1.000      0.00    0.00        1.00
   3      10.00          1.0       1.000      1.000      0.00    0.00        1.00
   4      1000.          1.0       1.000      1.000      0.00    0.00        1.00
  -900.0000      -870.0000      -840.0000      -810.0000      -780.0000    
  -750.0000      -720.0000      -690.0000      -660.0000      -630.0000    
  -600.0000      -570.0000      -540.0000      -510.0000      -480.0000    
  -450.0000      -420.0000      -390.0000      -360.0000      -330.0000    
  -300.0000      -270.0000      -240.0000      -210.0000      -180.0000    
  -150.0000      -120.0000      -90.00000      -60.00000      -30.00000    
  0.0000000E+00   30.00000       60.00000       90.00000       120.0000    
   150.0000       180.0000       210.0000       240.0000       270.0000    
   300.0000       330.0000       360.0000       390.0000       420.0000    
   450.0000       480.0000       510.0000       540.0000       570.0000    
   600.0000       630.0000       660.0000       690.0000       720.0000    
   750.0000       780.0000       810.0000       840.0000       870.0000    
   900.0000    
  -900.0000      -870.0000      -840.0000      -810.0000      -780.0000    
  -750.0000      -720.0000      -690.0000      -660.0000      -630.0000    
  -600.0000      -570.0000      -540.0000      -510.0000      -480.0000    
  -450.0000      -420.0000      -390.0000      -360.0000      -330.0000    
  -300.0000      -270.0000      -240.0000      -210.0000      -180.0000    
  -150.0000      -120.0000      -90.00000      -60.00000      -30.00000    
  0.0000000E+00   30.00000       60.00000       90.00000       120.0000    
   150.0000       180.0000       210.0000       240.0000       270.0000    
   300.0000       330.0000       360.0000       390.0000       420.0000    
   450.0000       480.0000       510.0000       540.0000       570.0000    
   600.0000       630.0000       660.0000       690.0000       720.0000    
   750.0000       780.0000       810.0000       840.0000       870.0000    
   900.0000    

              2D LITHOLOGY MAP
              ----------------
         (reduced to rectangular grid)

  444444444444444444444444444444444444444444444444444444444444
  444444444444444444444444444444444444444444444444444444444444
  444444444444444444444444444444444444444444444444444444444444
  111111111111111111111111111111111111111111111111111111111111
  111111111111111111111111111111111111111111111111111111111111
  111111111111111111111111111111111111111111111111111111111111
  111111111111111111111111111111111111111111111111111111111111
  111111111111111111111111111111111111111111111111111111111111
  111111111111111111111111111111111111111111111111111111111111
  111111111111111111111111111111111111111111111111111111111111
  111111111111111111111111111111111111111111111111111111111111
  111111111111111111111111111111111111111111111111111111111111
  111111111111111111111111111111111111111111111111111111111111
  111111111111111111111111111111111111111111111111111111111111
  111111111111111111111111111111111111111111111111111111111111
  111111111111111111111111111111111111111111111111111111111111
  111111111111111111111111111111111111111111111111111111111111
  111111111111111111111111111111111111111111111111111111111111
  111111111111111111111111111111111111111111111111111111111111
  111111111111111111111111111111111111111111111111111111111111
  111111111111111111111111111111111111111111111111111111111111
  111111111111111111111111111111111111111111111111111111111111
  111111111111111111111111111111111111111111111111111111111111
  111111111111111111111111111111111111111111111111111111111111
  111111111111111111111111111111111111111111111111111111111111

  MAXITS =  4   CNVRG = 1   NFIX =  2   MV1PRT = 3   OUTPRT = 3

  The inversion will finish if the RMS error is less than  1.0 percent or if
  the error can no longer be reduced significantly or after  4 iterations.


           Constrained Parameters
           ----------------------

    Lithology
     Index      Parameter      Elasticity  Lower Bound   Upper Bound
    ---------   ---------      ----------  -----------   -----------
       1           1            0.2500      0.1000          2000.    
       4           1             0.000      0.1000E-07     0.1000E+09

  ----------------------------------------------------------------------

              Node-based Pseudo Transmitter and First Receiver Positions
              ----------------------------------------------------------

                   Transmitter                         Receiver
                                                                                 Rx Ground
 Index          East       GPS Alt          East         North       GPS Alt     Clearance
 -----          ----       -------          ----         -----       -------     ---------
     1      123.0000      120.0000        0.0000        0.0000       84.0000       84.0000
     2      153.0000      120.0000       30.0000        0.0000       84.0000       84.0000
     3      183.0000      120.0000       60.0000        0.0000       84.0000       84.0000
     4      213.0000      120.0000       90.0000        0.0000       84.0000       84.0000
     5      243.0000      120.0000      120.0000        0.0000       84.0000       84.0000
     6      273.0000      120.0000      150.0000        0.0000       84.0000       84.0000
     7      303.0000      120.0000      180.0000        0.0000       84.0000       84.0000
     8      333.0000      120.0000      210.0000        0.0000       84.0000       84.0000
     9      363.0000      120.0000      240.0000        0.0000       84.0000       84.0000
    10      393.0000      120.0000      270.0000        0.0000       84.0000       84.0000
    11      423.0000      120.0000      300.0000        0.0000       84.0000       84.0000
    12      453.0000      120.0000      330.0000        0.0000       84.0000       84.0000
    13      483.0000      120.0000      360.0000        0.0000       84.0000       84.0000
    14      513.0000      120.0000      390.0000        0.0000       84.0000       84.0000
    15      543.0000      120.0000      420.0000        0.0000       84.0000       84.0000
    16      573.0000      120.0000      450.0000        0.0000       84.0000       84.0000
    17      603.0000      120.0000      480.0000        0.0000       84.0000       84.0000
    18      633.0000      120.0000      510.0000        0.0000       84.0000       84.0000
    19      663.0000      120.0000      540.0000        0.0000       84.0000       84.0000
    20      693.0000      120.0000      570.0000        0.0000       84.0000       84.0000
    21      723.0000      120.0000      600.0000        0.0000       84.0000       84.0000
    22      753.0000      120.0000      630.0000        0.0000       84.0000       84.0000
    23      783.0000      120.0000      660.0000        0.0000       84.0000       84.0000
    24      813.0000      120.0000      690.0000        0.0000       84.0000       84.0000
    25      843.0000      120.0000      720.0000        0.0000       84.0000       84.0000
    26      873.0000      120.0000      750.0000        0.0000       84.0000       84.0000
    27      903.0000      120.0000      780.0000        0.0000       84.0000       84.0000
    28      933.0000      120.0000      810.0000        0.0000       84.0000       84.0000
    29      963.0000      120.0000      840.0000        0.0000       84.0000       84.0000
    30      993.0000      120.0000      870.0000        0.0000       84.0000       84.0000
    31     1023.0000      120.0000      900.0000        0.0000       84.0000       84.0000
    32     1053.0000      120.0000      930.0000        0.0000       84.0000       84.0000
    33     1083.0000      120.0000      960.0000        0.0000       84.0000       84.0000
    34     1113.0000      120.0000      990.0000        0.0000       84.0000       84.0000
    35     1143.0000      120.0000     1020.0000        0.0000       84.0000       84.0000
    36     1173.0000      120.0000     1050.0000        0.0000       84.0000       84.0000
    37     1203.0000      120.0000     1080.0000        0.0000       84.0000       84.0000
    38     1233.0000      120.0000     1110.0000        0.0000       84.0000       84.0000
    39     1263.0000      120.0000     1140.0000        0.0000       84.0000       84.0000
    40     1293.0000      120.0000     1170.0000        0.0000       84.0000       84.0000
    41     1323.0000      120.0000     1200.0000        0.0000       84.0000       84.0000
    42     1353.0000      120.0000     1230.0000        0.0000       84.0000       84.0000
    43     1383.0000      120.0000     1260.0000        0.0000       84.0000       84.0000
    44     1413.0000      120.0000     1290.0000        0.0000       84.0000       84.0000
    45     1443.0000      120.0000     1320.0000        0.0000       84.0000       84.0000
    46     1473.0000      120.0000     1350.0000        0.0000       84.0000       84.0000
    47     1503.0000      120.0000     1380.0000        0.0000       84.0000       84.0000
    48     1533.0000      120.0000     1410.0000        0.0000       84.0000       84.0000
    49     1563.0000      120.0000     1440.0000        0.0000       84.0000       84.0000
    50     1593.0000      120.0000     1470.0000        0.0000       84.0000       84.0000
    51     1623.0000      120.0000     1500.0000        0.0000       84.0000       84.0000
    52     1653.0000      120.0000     1530.0000        0.0000       84.0000       84.0000
    53     1683.0000      120.0000     1560.0000        0.0000       84.0000       84.0000

  The frequency-domain results are directly computed from
     1.000     Hz to   10.00     Hz, using  3 points per decade and from
     10.00     Hz to  0.1000E+06 Hz, using  6 points per decade.

  These are used to construct the frequency-domain spectrum from DC to  0.1000E+06 Hz
  before transformation to the time domain.  The transformed result is folded over
  5 pulses and convolved with the input signal.


                              Normalisation in ppt 
                              Primary field units are nT  

                     Vertical primary =  -15.03    
                      In-line primary =  -14.19    
                   Transverse primary =   0.000    
                        Total primary =   20.67    

          Each component is normalised to the vertical primary field
                        Vertical ppt  norm =   66.53    

  Begin time-domain inversion on Vertical component

  Maximum iterations =  4


  Inversion executed with field data at reciever positions
  --------------------------------------------------------


  RMS error reduction based on symmetric point normalisation
  ----------------------------------------------------------

  Initial Point-norm RMS error  =     NaN percent.
  Initial Survey-norm RMS error =     NaN percent.
  Initial Relative SV threshold =   0.100


      ERROR STRUCTURE OF INITIAL MODEL
      ---------------------------------

  For each station:
  ----------------
    The first line is the percent symmetric error.
    The second line is the model response.
    The third line is the data.


      VERTICAL COMPONENT STRUCTURE
      ----------------------------

       CHNL_1       CHNL_2       CHNL_3       CHNL_4       CHNL_5       CHNL_6       CHNL_7       CHNL_8 

   1    0.000        0.000        0.000        0.000        0.000        0.000        0.000        0.000    
        18.29        7.697        3.055        1.187       0.4835       0.1938       0.6911E-01   0.2191E-01
        0.000        0.000        0.000        0.000        0.000        0.000        0.000        0.000    

   2    0.000        0.000        0.000        0.000        0.000        0.000        0.000        0.000    
        18.99        7.807        3.123        1.228       0.4986       0.1967       0.6965E-01   0.2211E-01
        0.000        0.000        0.000        0.000        0.000        0.000        0.000        0.000    

   3    0.000        0.000        0.000        0.000        0.000        0.000        0.000        0.000    
        19.56        7.904        3.160        1.250       0.5077       0.1982       0.6986E-01   0.2183E-01
        0.000        0.000        0.000        0.000        0.000        0.000        0.000        0.000    

   4    0.000        0.000        0.000        0.000        0.000        0.000        0.000        0.000    
        20.00        7.993        3.187        1.266       0.5139       0.2000       0.7035E-01   0.2173E-01
        0.000        0.000        0.000        0.000        0.000        0.000        0.000        0.000    

   5    0.000        0.000        0.000        0.000        0.000        0.000        0.000        0.000    
        20.30        8.073        3.210        1.277       0.5179       0.2013       0.7102E-01   0.2187E-01
        0.000        0.000        0.000        0.000        0.000        0.000        0.000        0.000    

   6    0.000        0.000        0.000        0.000        0.000        0.000        0.000        0.000    
        20.49        8.141        3.226        1.283       0.5196       0.2015       0.7160E-01   0.2204E-01
        0.000        0.000        0.000        0.000        0.000        0.000        0.000        0.000    

   7    0.000        0.000        0.000        0.000        0.000        0.000        0.000        0.000    
        20.59        8.198        3.238        1.287       0.5198       0.2018       0.7206E-01   0.2210E-01
        0.000        0.000        0.000        0.000        0.000        0.000        0.000        0.000    

   8    0.000        0.000        0.000        0.000        0.000        0.000        0.000        0.000    
        20.64        8.244        3.249        1.290       0.5198       0.2023       0.7237E-01   0.2214E-01
        0.000        0.000        0.000        0.000        0.000        0.000        0.000        0.000    

   9    0.000        0.000        0.000        0.000        0.000        0.000        0.000        0.000    
        20.65        8.278        3.258        1.291       0.5198       0.2029       0.7247E-01   0.2224E-01
        0.000        0.000        0.000        0.000        0.000        0.000        0.000        0.000    

  10    0.000        0.000        0.000        0.000        0.000        0.000        0.000        0.000    
        20.63        8.305        3.264        1.292       0.5193       0.2030       0.7227E-01   0.2227E-01
        0.000        0.000        0.000        0.000        0.000        0.000        0.000        0.000    

  11    0.000        0.000        0.000        0.000        0.000        0.000        0.000        0.000    
        20.59        8.327        3.269        1.292       0.5182       0.2026       0.7225E-01   0.2223E-01
        0.000        0.000        0.000        0.000        0.000        0.000        0.000        0.000    

  12    0.000        0.000        0.000        0.000        0.000        0.000        0.000        0.000    
        20.56        8.344        3.275        1.292       0.5169       0.2022       0.7265E-01   0.2224E-01
        0.000        0.000        0.000        0.000        0.000        0.000        0.000        0.000    

  13    0.000        0.000        0.000        0.000        0.000        0.000        0.000        0.000    
        20.52        8.352        3.278        1.292       0.5160       0.2021       0.7306E-01   0.2251E-01
        0.000        0.000        0.000        0.000        0.000        0.000        0.000        0.000    

  14    0.000        0.000        0.000        0.000        0.000        0.000        0.000        0.000    
        20.49        8.355        3.280        1.292       0.5151       0.2017       0.7310E-01   0.2264E-01
        0.000        0.000        0.000        0.000        0.000        0.000        0.000        0.000    

  15    0.000        0.000        0.000        0.000        0.000        0.000        0.000        0.000    
        20.46        8.358        3.283        1.291       0.5140       0.2010       0.7296E-01   0.2252E-01
        0.000        0.000        0.000        0.000        0.000        0.000        0.000        0.000    

  16    0.000        0.000        0.000        0.000        0.000        0.000        0.000        0.000    
        20.43        8.357        3.287        1.290       0.5130       0.2011       0.7335E-01   0.2275E-01
        0.000        0.000        0.000        0.000        0.000        0.000        0.000        0.000    

  17    0.000        0.000        0.000        0.000        0.000        0.000        0.000        0.000    
        20.41        8.354        3.289        1.289       0.5120       0.2010       0.7339E-01   0.2294E-01
        0.000        0.000        0.000        0.000        0.000        0.000        0.000        0.000    

  18    0.000        0.000        0.000        0.000        0.000        0.000        0.000        0.000    
        20.40        8.352        3.289        1.290       0.5106       0.2003       0.7280E-01   0.2279E-01
        0.000        0.000        0.000        0.000        0.000        0.000        0.000        0.000    

  19    0.000        0.000        0.000        0.000        0.000        0.000        0.000        0.000    
        20.39        8.351        3.289        1.289       0.5093       0.2002       0.7274E-01   0.2269E-01
        0.000        0.000        0.000        0.000        0.000        0.000        0.000        0.000    

  20    0.000        0.000        0.000        0.000        0.000        0.000        0.000        0.000    
        20.37        8.346        3.290        1.289       0.5082       0.2001       0.7289E-01   0.2274E-01
        0.000        0.000        0.000        0.000        0.000        0.000        0.000        0.000    

  21    0.000        0.000        0.000        0.000        0.000        0.000        0.000        0.000    
        20.37        8.336        3.292        1.288       0.5073       0.1995       0.7287E-01   0.2285E-01
        0.000        0.000        0.000        0.000        0.000        0.000        0.000        0.000    

  22    0.000        0.000        0.000        0.000        0.000        0.000        0.000        0.000    
        20.36        8.332        3.293        1.287       0.5064       0.1991       0.7307E-01   0.2291E-01
        0.000        0.000        0.000        0.000        0.000        0.000        0.000        0.000    

  23    0.000        0.000        0.000        0.000        0.000        0.000        0.000        0.000    
        20.35        8.332        3.293        1.287       0.5057       0.1988       0.7315E-01   0.2294E-01
        0.000        0.000        0.000        0.000        0.000        0.000        0.000        0.000    

  24    0.000        0.000        0.000        0.000        0.000        0.000        0.000        0.000    
        20.35        8.329        3.292        1.288       0.5052       0.1986       0.7294E-01   0.2295E-01
        0.000        0.000        0.000        0.000        0.000        0.000        0.000        0.000    

  25    0.000        0.000        0.000        0.000        0.000        0.000        0.000        0.000    
        20.35        8.324        3.292        1.287       0.5046       0.1987       0.7292E-01   0.2288E-01
        0.000        0.000        0.000        0.000        0.000        0.000        0.000        0.000    

  26    0.000        0.000        0.000        0.000        0.000        0.000        0.000        0.000    
        20.35        8.321        3.290        1.287       0.5042       0.1984       0.7311E-01   0.2278E-01
        0.000        0.000        0.000        0.000        0.000        0.000        0.000        0.000    

  27    0.000        0.000        0.000        0.000        0.000        0.000        0.000        0.000    
        20.35        8.320        3.288        1.287       0.5040       0.1977       0.7331E-01   0.2281E-01
        0.000        0.000        0.000        0.000        0.000        0.000        0.000        0.000    

  28    0.000        0.000        0.000        0.000        0.000        0.000        0.000        0.000    
        20.35        8.316        3.290        1.286       0.5031       0.1973       0.7340E-01   0.2313E-01
        0.000        0.000        0.000        0.000        0.000        0.000        0.000        0.000    

  29    0.000        0.000        0.000        0.000        0.000        0.000        0.000        0.000    
        20.35        8.313        3.291        1.285       0.5021       0.1972       0.7319E-01   0.2314E-01
        0.000        0.000        0.000        0.000        0.000        0.000        0.000        0.000    

  30    0.000        0.000        0.000        0.000        0.000        0.000        0.000        0.000    
        20.35        8.314        3.290        1.286       0.5018       0.1972       0.7292E-01   0.2282E-01
        0.000        0.000        0.000        0.000        0.000        0.000        0.000        0.000    

  31    0.000        0.000        0.000        0.000        0.000        0.000        0.000        0.000    
        20.35        8.312        3.287        1.286       0.5016       0.1971       0.7337E-01   0.2309E-01
        0.000        0.000        0.000        0.000        0.000        0.000        0.000        0.000    

  32    0.000        0.000        0.000        0.000        0.000        0.000        0.000        0.000    
        20.35        8.310        3.286        1.286       0.5013       0.1967       0.7357E-01   0.2333E-01
        0.000        0.000        0.000        0.000        0.000        0.000        0.000        0.000    

  33    0.000        0.000        0.000        0.000        0.000        0.000        0.000        0.000    
        20.35        8.311        3.287        1.287       0.5006       0.1960       0.7313E-01   0.2308E-01
        0.000        0.000        0.000        0.000        0.000        0.000        0.000        0.000    

  34    0.000        0.000        0.000        0.000        0.000        0.000        0.000        0.000    
        20.35        8.310        3.286        1.286       0.5000       0.1959       0.7317E-01   0.2291E-01
        0.000        0.000        0.000        0.000        0.000        0.000        0.000        0.000    

  35    0.000        0.000        0.000        0.000        0.000        0.000        0.000        0.000    
        20.35        8.309        3.285        1.285       0.5000       0.1960       0.7342E-01   0.2297E-01
        0.000        0.000        0.000        0.000        0.000        0.000        0.000        0.000    

  36    0.000        0.000        0.000        0.000        0.000        0.000        0.000        0.000    
        20.34        8.308        3.285        1.285       0.5003       0.1959       0.7340E-01   0.2307E-01
        0.000        0.000        0.000        0.000        0.000        0.000        0.000        0.000    

  37    0.000        0.000        0.000        0.000        0.000        0.000        0.000        0.000    
        20.34        8.307        3.285        1.286       0.4998       0.1956       0.7324E-01   0.2297E-01
        0.000        0.000        0.000        0.000        0.000        0.000        0.000        0.000    

  38    0.000        0.000        0.000        0.000        0.000        0.000        0.000        0.000    
        20.34        8.306        3.284        1.286       0.4995       0.1956       0.7315E-01   0.2286E-01
        0.000        0.000        0.000        0.000        0.000        0.000        0.000        0.000    

  39    0.000        0.000        0.000        0.000        0.000        0.000        0.000        0.000    
        20.34        8.305        3.284        1.285       0.5001       0.1958       0.7309E-01   0.2293E-01
        0.000        0.000        0.000        0.000        0.000        0.000        0.000        0.000    

  40    0.000        0.000        0.000        0.000        0.000        0.000        0.000        0.000    
        20.35        8.305        3.286        1.285       0.5001       0.1958       0.7281E-01   0.2306E-01
        0.000        0.000        0.000        0.000        0.000        0.000        0.000        0.000    

  41    0.000        0.000        0.000        0.000        0.000        0.000        0.000        0.000    
        20.35        8.306        3.286        1.285       0.4998       0.1957       0.7296E-01   0.2311E-01
        0.000        0.000        0.000        0.000        0.000        0.000        0.000        0.000    

  42    0.000        0.000        0.000        0.000        0.000        0.000        0.000        0.000    
        20.34        8.308        3.284        1.285       0.4997       0.1958       0.7352E-01   0.2303E-01
        0.000        0.000        0.000        0.000        0.000        0.000        0.000        0.000    

  43    0.000        0.000        0.000        0.000        0.000        0.000        0.000        0.000    
        20.35        8.308        3.283        1.286       0.4998       0.1956       0.7331E-01   0.2288E-01
        0.000        0.000        0.000        0.000        0.000        0.000        0.000        0.000    

  44    0.000        0.000        0.000        0.000        0.000        0.000        0.000        0.000    
        20.35        8.306        3.284        1.286       0.5001       0.1955       0.7299E-01   0.2287E-01
        0.000        0.000        0.000        0.000        0.000        0.000        0.000        0.000    

  45    0.000        0.000        0.000        0.000        0.000        0.000        0.000        0.000    
        20.35        8.304        3.286        1.285       0.5005       0.1958       0.7315E-01   0.2303E-01
        0.000        0.000        0.000        0.000        0.000        0.000        0.000        0.000    

  46    0.000        0.000        0.000        0.000        0.000        0.000        0.000        0.000    
        20.35        8.305        3.284        1.285       0.5005       0.1961       0.7331E-01   0.2307E-01
        0.000        0.000        0.000        0.000        0.000        0.000        0.000        0.000    

  47    0.000        0.000        0.000        0.000        0.000        0.000        0.000        0.000    
        20.35        8.307        3.283        1.286       0.5004       0.1961       0.7332E-01   0.2313E-01
        0.000        0.000        0.000        0.000        0.000        0.000        0.000        0.000    

  48    0.000        0.000        0.000        0.000        0.000        0.000        0.000        0.000    
        20.34        8.308        3.285        1.286       0.5008       0.1961       0.7317E-01   0.2326E-01
        0.000        0.000        0.000        0.000        0.000        0.000        0.000        0.000    

  49    0.000        0.000        0.000        0.000        0.000        0.000        0.000        0.000    
        20.34        8.311        3.287        1.285       0.5011       0.1962       0.7292E-01   0.2314E-01
        0.000        0.000        0.000        0.000        0.000        0.000        0.000        0.000    

  50    0.000        0.000        0.000        0.000        0.000        0.000        0.000        0.000    
        20.34        8.313        3.287        1.285       0.5014       0.1964       0.7290E-01   0.2288E-01
        0.000        0.000        0.000        0.000        0.000        0.000        0.000        0.000    

  51    0.000        0.000        0.000        0.000        0.000        0.000        0.000        0.000    
        20.34        8.312        3.285        1.287       0.5019       0.1964       0.7310E-01   0.2270E-01
        0.000        0.000        0.000        0.000        0.000        0.000        0.000        0.000    

  52    0.000        0.000        0.000        0.000        0.000        0.000        0.000        0.000    
        20.34        8.312        3.286        1.286       0.5021       0.1966       0.7301E-01   0.2275E-01
        0.000        0.000        0.000        0.000        0.000        0.000        0.000        0.000    

  53    0.000        0.000        0.000        0.000        0.000        0.000        0.000        0.000    
        20.35        8.315        3.288        1.285       0.5023       0.1968       0.7297E-01   0.2283E-01
        0.000        0.000        0.000        0.000        0.000        0.000        0.000        0.000    

  54    0.000        0.000        0.000        0.000        0.000        0.000        0.000        0.000    
        20.34        8.318        3.286        1.286       0.5027       0.1971       0.7321E-01   0.2284E-01
        0.000        0.000        0.000        0.000        0.000        0.000        0.000        0.000    

  55    0.000        0.000        0.000        0.000        0.000        0.000        0.000        0.000    
        20.34        8.320        3.287        1.285       0.5032       0.1974       0.7327E-01   0.2293E-01
        0.000        0.000        0.000        0.000        0.000        0.000        0.000        0.000    

  56    0.000        0.000        0.000        0.000        0.000        0.000        0.000        0.000    
        20.34        8.321        3.289        1.285       0.5041       0.1977       0.7309E-01   0.2301E-01
        0.000        0.000        0.000        0.000        0.000        0.000        0.000        0.000    

  57    0.000        0.000        0.000        0.000        0.000        0.000        0.000        0.000    
        20.34        8.322        3.289        1.285       0.5053       0.1980       0.7288E-01   0.2295E-01
        0.000        0.000        0.000        0.000        0.000        0.000        0.000        0.000    

  58    0.000        0.000        0.000        0.000        0.000        0.000        0.000        0.000    
        20.35        8.323        3.289        1.286       0.5056       0.1983       0.7296E-01   0.2286E-01
        0.000        0.000        0.000        0.000        0.000        0.000        0.000        0.000    

  59    0.000        0.000        0.000        0.000        0.000        0.000        0.000        0.000    
        20.35        8.327        3.288        1.287       0.5061       0.1988       0.7296E-01   0.2278E-01
        0.000        0.000        0.000        0.000        0.000        0.000        0.000        0.000    

  60    0.000        0.000        0.000        0.000        0.000        0.000        0.000        0.000    
        20.36        8.334        3.286        1.287       0.5073       0.1993       0.7282E-01   0.2276E-01
        0.000        0.000        0.000        0.000        0.000        0.000        0.000        0.000    

  61    0.000        0.000        0.000        0.000        0.000        0.000        0.000        0.000    
        20.36        8.337        3.284        1.288       0.5079       0.1992       0.7307E-01   0.2274E-01
        0.000        0.000        0.000        0.000        0.000        0.000        0.000        0.000    

  62    0.000        0.000        0.000        0.000        0.000        0.000        0.000        0.000    
        20.37        8.339        3.283        1.288       0.5087       0.1993       0.7306E-01   0.2263E-01
        0.000        0.000        0.000        0.000        0.000        0.000        0.000        0.000    

  63    0.000        0.000        0.000        0.000        0.000        0.000        0.000        0.000    
        20.37        8.342        3.283        1.287       0.5101       0.1999       0.7266E-01   0.2250E-01
        0.000        0.000        0.000        0.000        0.000        0.000        0.000        0.000    

  64    0.000        0.000        0.000        0.000        0.000        0.000        0.000        0.000    
        20.39        8.343        3.281        1.288       0.5111       0.2003       0.7288E-01   0.2262E-01
        0.000        0.000        0.000        0.000        0.000        0.000        0.000        0.000    

  65    0.000        0.000        0.000        0.000        0.000        0.000        0.000        0.000    
        20.40        8.342        3.279        1.289       0.5120       0.2005       0.7290E-01   0.2267E-01
        0.000        0.000        0.000        0.000        0.000        0.000        0.000        0.000    

  66    0.000        0.000        0.000        0.000        0.000        0.000        0.000        0.000    
        20.41        8.341        3.276        1.289       0.5132       0.2008       0.7236E-01   0.2250E-01
        0.000        0.000        0.000        0.000        0.000        0.000        0.000        0.000    

  67    0.000        0.000        0.000        0.000        0.000        0.000        0.000        0.000    
        20.44        8.335        3.270        1.289       0.5143       0.2013       0.7248E-01   0.2242E-01
        0.000        0.000        0.000        0.000        0.000        0.000        0.000        0.000    

  68    0.000        0.000        0.000        0.000        0.000        0.000        0.000        0.000    
        20.47        8.326        3.265        1.290       0.5156       0.2016       0.7250E-01   0.2242E-01
        0.000        0.000        0.000        0.000        0.000        0.000        0.000        0.000    

  69    0.000        0.000        0.000        0.000        0.000        0.000        0.000        0.000    
        20.48        8.313        3.263        1.291       0.5171       0.2017       0.7197E-01   0.2236E-01
        0.000        0.000        0.000        0.000        0.000        0.000        0.000        0.000    

  70    0.000        0.000        0.000        0.000        0.000        0.000        0.000        0.000    
        20.50        8.294        3.256        1.291       0.5183       0.2017       0.7188E-01   0.2220E-01
        0.000        0.000        0.000        0.000        0.000        0.000        0.000        0.000    

  71    0.000        0.000        0.000        0.000        0.000        0.000        0.000        0.000    
        20.51        8.266        3.249        1.292       0.5195       0.2019       0.7190E-01   0.2212E-01
        0.000        0.000        0.000        0.000        0.000        0.000        0.000        0.000    

  72    0.000        0.000        0.000        0.000        0.000        0.000        0.000        0.000    
        20.50        8.228        3.243        1.292       0.5209       0.2024       0.7167E-01   0.2217E-01
        0.000        0.000        0.000        0.000        0.000        0.000        0.000        0.000    

  73    0.000        0.000        0.000        0.000        0.000        0.000        0.000        0.000    
        20.46        8.184        3.235        1.291       0.5222       0.2025       0.7155E-01   0.2210E-01
        0.000        0.000        0.000        0.000        0.000        0.000        0.000        0.000    

  74    0.000        0.000        0.000        0.000        0.000        0.000        0.000        0.000    
        20.38        8.133        3.224        1.291       0.5230       0.2024       0.7144E-01   0.2191E-01
        0.000        0.000        0.000        0.000        0.000        0.000        0.000        0.000    


  Singular value decomposition failure. INVERSION HALTED.


  ArjunAir inversion completed at 15:39 on 23 Nov 2012

  Computation time =    2843.97 seconds.


