
  ########################################################################
  #                                                                      #
  #      ArjunAir - Version 7.0.7 29 May,                                #
  #                                                                      #
  # This program has been released strictly for use by:                  #
  #                                                                      #
  # 1. Sponsors of AMIRA project P223F                                   #
  # 2. Their authorised agents (P223F sponsor work only)                 #
  # 3. Universities formally included in the P223F collaboration scheme  #
  # 4. Authorised CSIRO personnel                                        #
  #                                                                      #
  #    CSIRO ESRE Version: David Annetts November, 2012                  #
  #                                                                      #
  ########################################################################


 ArjunAir Inversion - Tempest Z, Date : 24 June 2006, Time : 5:35PM, Project File : C:\CSIRO\WIP\AEM Inversion Studies\Pr

  TDFD =  1   DO3D = -1   PRFL =  1    ISTOP = 0

  ISW =   4   NSX =   1   STEP = 1    UNITS =   3  NCHNL =  15
  KRXW =  1   OFFTYM =   0.000    


         +-----------------------------------------+
         +   Airborne System Information           +
         +   100 Percent Duty Cycle STEP Response  +
         +   for Rectangular Waveform              +
         +   B output will be in fT             +
         +-----------------------------------------+

     Peak Current =   1.0 amps.
     Single pulse response to step current turn-off.

         Receiver Window Specifications (ms)
         -----------------------------------

       Window     Open        Close      Width      Centre
       ------     ----        -----      -----      ------
          1       0.007       0.020      0.013       0.013
          2       0.033       0.047      0.013       0.040
          3       0.060       0.073      0.013       0.067
          4       0.087       0.127      0.040       0.107
          5       0.140       0.207      0.067       0.173
          6       0.220       0.340      0.120       0.280
          7       0.353       0.553      0.200       0.453
          8       0.567       0.873      0.307       0.720
          9       0.887       1.353      0.467       1.120
         10       1.367       2.100      0.733       1.733
         11       2.113       3.273      1.160       2.693
         12       3.287       5.113      1.827       4.200
         13       5.127       7.993      2.867       6.560
         14       8.007      12.393      4.387      10.200
         15      12.407      19.993      7.587      16.200

  CMP = 13    KPPM =   0
  Inclination angle of transmitter in level flight =  6.0 degrees (front up)

  Initial Rx offset relative to Tx:   45.0 Below,  120.0 Behind,   0.0 Left


  ArjunAir task started at 14:51 on 23 Nov 2012




  --------------------------------------
  Inversion Controls & Data for ArjunAir
  --------------------------------------

  Inversion of Time-Domain Vertical Component Data.

  The data to be inverted is expressed as fT.


  NSTAT =  74   SURVEY = 2   BAROMTRC = 1   KCMP =  13   ORDER = 1

  Time-Domain Data Floor =  0.1000E-02 fT

  N0STAT =   0   N0CHNL =  0   N0PTS =   0

  All data have the weighting RWTS= 1


     Line   Station   East       North     Alt                     Vertical Component Data
     ----   -------   ----       -----     ---                     -----------------------
        0      1    -730.00       0.00     120.00     0.000000E+00     0.000000E+00     0.000000E+00     0.000000E+00     0.000000E+00     0.000000E+00     0.000000E+00     0.000000E+00     0.000000E+00     0.000000E+00     0.000000E+00     0.000000E+00     0.000000E+00     0.000000E+00     0.000000E+00
        0      2    -710.00       0.00     120.00     0.000000E+00     0.000000E+00     0.000000E+00     0.000000E+00     0.000000E+00     0.000000E+00     0.000000E+00     0.000000E+00     0.000000E+00     0.000000E+00     0.000000E+00     0.000000E+00     0.000000E+00     0.000000E+00     0.000000E+00
        0      3    -690.00       0.00     120.00     0.000000E+00     0.000000E+00     0.000000E+00     0.000000E+00     0.000000E+00     0.000000E+00     0.000000E+00     0.000000E+00     0.000000E+00     0.000000E+00     0.000000E+00     0.000000E+00     0.000000E+00     0.000000E+00     0.000000E+00
        0      4    -670.00       0.00     120.00     0.000000E+00     0.000000E+00     0.000000E+00     0.000000E+00     0.000000E+00     0.000000E+00     0.000000E+00     0.000000E+00     0.000000E+00     0.000000E+00     0.000000E+00     0.000000E+00     0.000000E+00     0.000000E+00     0.000000E+00
        0      5    -650.00       0.00     120.00     0.000000E+00     0.000000E+00     0.000000E+00     0.000000E+00     0.000000E+00     0.000000E+00     0.000000E+00     0.000000E+00     0.000000E+00     0.000000E+00     0.000000E+00     0.000000E+00     0.000000E+00     0.000000E+00     0.000000E+00
        0      6    -630.00       0.00     120.00     0.000000E+00     0.000000E+00     0.000000E+00     0.000000E+00     0.000000E+00     0.000000E+00     0.000000E+00     0.000000E+00     0.000000E+00     0.000000E+00     0.000000E+00     0.000000E+00     0.000000E+00     0.000000E+00     0.000000E+00
        0      7    -610.00       0.00     120.00     0.000000E+00     0.000000E+00     0.000000E+00     0.000000E+00     0.000000E+00     0.000000E+00     0.000000E+00     0.000000E+00     0.000000E+00     0.000000E+00     0.000000E+00     0.000000E+00     0.000000E+00     0.000000E+00     0.000000E+00
        0      8    -590.00       0.00     120.00     0.000000E+00     0.000000E+00     0.000000E+00     0.000000E+00     0.000000E+00     0.000000E+00     0.000000E+00     0.000000E+00     0.000000E+00     0.000000E+00     0.000000E+00     0.000000E+00     0.000000E+00     0.000000E+00     0.000000E+00
        0      9    -570.00       0.00     120.00     0.000000E+00     0.000000E+00     0.000000E+00     0.000000E+00     0.000000E+00     0.000000E+00     0.000000E+00     0.000000E+00     0.000000E+00     0.000000E+00     0.000000E+00     0.000000E+00     0.000000E+00     0.000000E+00     0.000000E+00
        0     10    -550.00       0.00     120.00     0.000000E+00     0.000000E+00     0.000000E+00     0.000000E+00     0.000000E+00     0.000000E+00     0.000000E+00     0.000000E+00     0.000000E+00     0.000000E+00     0.000000E+00     0.000000E+00     0.000000E+00     0.000000E+00     0.000000E+00
        0     11    -530.00       0.00     120.00     0.000000E+00     0.000000E+00     0.000000E+00     0.000000E+00     0.000000E+00     0.000000E+00     0.000000E+00     0.000000E+00     0.000000E+00     0.000000E+00     0.000000E+00     0.000000E+00     0.000000E+00     0.000000E+00     0.000000E+00
        0     12    -510.00       0.00     120.00     0.000000E+00     0.000000E+00     0.000000E+00     0.000000E+00     0.000000E+00     0.000000E+00     0.000000E+00     0.000000E+00     0.000000E+00     0.000000E+00     0.000000E+00     0.000000E+00     0.000000E+00     0.000000E+00     0.000000E+00
        0     13    -490.00       0.00     120.00     0.000000E+00     0.000000E+00     0.000000E+00     0.000000E+00     0.000000E+00     0.000000E+00     0.000000E+00     0.000000E+00     0.000000E+00     0.000000E+00     0.000000E+00     0.000000E+00     0.000000E+00     0.000000E+00     0.000000E+00
        0     14    -470.00       0.00     120.00     0.000000E+00     0.000000E+00     0.000000E+00     0.000000E+00     0.000000E+00     0.000000E+00     0.000000E+00     0.000000E+00     0.000000E+00     0.000000E+00     0.000000E+00     0.000000E+00     0.000000E+00     0.000000E+00     0.000000E+00
        0     15    -450.00       0.00     120.00     0.000000E+00     0.000000E+00     0.000000E+00     0.000000E+00     0.000000E+00     0.000000E+00     0.000000E+00     0.000000E+00     0.000000E+00     0.000000E+00     0.000000E+00     0.000000E+00     0.000000E+00     0.000000E+00     0.000000E+00
        0     16    -430.00       0.00     120.00     0.000000E+00     0.000000E+00     0.000000E+00     0.000000E+00     0.000000E+00     0.000000E+00     0.000000E+00     0.000000E+00     0.000000E+00     0.000000E+00     0.000000E+00     0.000000E+00     0.000000E+00     0.000000E+00     0.000000E+00
        0     17    -410.00       0.00     120.00     0.000000E+00     0.000000E+00     0.000000E+00     0.000000E+00     0.000000E+00     0.000000E+00     0.000000E+00     0.000000E+00     0.000000E+00     0.000000E+00     0.000000E+00     0.000000E+00     0.000000E+00     0.000000E+00     0.000000E+00
        0     18    -390.00       0.00     120.00     0.000000E+00     0.000000E+00     0.000000E+00     0.000000E+00     0.000000E+00     0.000000E+00     0.000000E+00     0.000000E+00     0.000000E+00     0.000000E+00     0.000000E+00     0.000000E+00     0.000000E+00     0.000000E+00     0.000000E+00
        0     19    -370.00       0.00     120.00     0.000000E+00     0.000000E+00     0.000000E+00     0.000000E+00     0.000000E+00     0.000000E+00     0.000000E+00     0.000000E+00     0.000000E+00     0.000000E+00     0.000000E+00     0.000000E+00     0.000000E+00     0.000000E+00     0.000000E+00
        0     20    -350.00       0.00     120.00     0.000000E+00     0.000000E+00     0.000000E+00     0.000000E+00     0.000000E+00     0.000000E+00     0.000000E+00     0.000000E+00     0.000000E+00     0.000000E+00     0.000000E+00     0.000000E+00     0.000000E+00     0.000000E+00     0.000000E+00
        0     21    -330.00       0.00     120.00     0.000000E+00     0.000000E+00     0.000000E+00     0.000000E+00     0.000000E+00     0.000000E+00     0.000000E+00     0.000000E+00     0.000000E+00     0.000000E+00     0.000000E+00     0.000000E+00     0.000000E+00     0.000000E+00     0.000000E+00
        0     22    -310.00       0.00     120.00     0.000000E+00     0.000000E+00     0.000000E+00     0.000000E+00     0.000000E+00     0.000000E+00     0.000000E+00     0.000000E+00     0.000000E+00     0.000000E+00     0.000000E+00     0.000000E+00     0.000000E+00     0.000000E+00     0.000000E+00
        0     23    -290.00       0.00     120.00     0.000000E+00     0.000000E+00     0.000000E+00     0.000000E+00     0.000000E+00     0.000000E+00     0.000000E+00     0.000000E+00     0.000000E+00     0.000000E+00     0.000000E+00     0.000000E+00     0.000000E+00     0.000000E+00     0.000000E+00
        0     24    -270.00       0.00     120.00     0.000000E+00     0.000000E+00     0.000000E+00     0.000000E+00     0.000000E+00     0.000000E+00     0.000000E+00     0.000000E+00     0.000000E+00     0.000000E+00     0.000000E+00     0.000000E+00     0.000000E+00     0.000000E+00     0.000000E+00
        0     25    -250.00       0.00     120.00     0.000000E+00     0.000000E+00     0.000000E+00     0.000000E+00     0.000000E+00     0.000000E+00     0.000000E+00     0.000000E+00     0.000000E+00     0.000000E+00     0.000000E+00     0.000000E+00     0.000000E+00     0.000000E+00     0.000000E+00
        0     26    -230.00       0.00     120.00     0.000000E+00     0.000000E+00     0.000000E+00     0.000000E+00     0.000000E+00     0.000000E+00     0.000000E+00     0.000000E+00     0.000000E+00     0.000000E+00     0.000000E+00     0.000000E+00     0.000000E+00     0.000000E+00     0.000000E+00
        0     27    -210.00       0.00     120.00     0.000000E+00     0.000000E+00     0.000000E+00     0.000000E+00     0.000000E+00     0.000000E+00     0.000000E+00     0.000000E+00     0.000000E+00     0.000000E+00     0.000000E+00     0.000000E+00     0.000000E+00     0.000000E+00     0.000000E+00
        0     28    -190.00       0.00     120.00     0.000000E+00     0.000000E+00     0.000000E+00     0.000000E+00     0.000000E+00     0.000000E+00     0.000000E+00     0.000000E+00     0.000000E+00     0.000000E+00     0.000000E+00     0.000000E+00     0.000000E+00     0.000000E+00     0.000000E+00
        0     29    -170.00       0.00     120.00     0.000000E+00     0.000000E+00     0.000000E+00     0.000000E+00     0.000000E+00     0.000000E+00     0.000000E+00     0.000000E+00     0.000000E+00     0.000000E+00     0.000000E+00     0.000000E+00     0.000000E+00     0.000000E+00     0.000000E+00
        0     30    -150.00       0.00     120.00     0.000000E+00     0.000000E+00     0.000000E+00     0.000000E+00     0.000000E+00     0.000000E+00     0.000000E+00     0.000000E+00     0.000000E+00     0.000000E+00     0.000000E+00     0.000000E+00     0.000000E+00     0.000000E+00     0.000000E+00
        0     31    -130.00       0.00     120.00     0.000000E+00     0.000000E+00     0.000000E+00     0.000000E+00     0.000000E+00     0.000000E+00     0.000000E+00     0.000000E+00     0.000000E+00     0.000000E+00     0.000000E+00     0.000000E+00     0.000000E+00     0.000000E+00     0.000000E+00
        0     32    -110.00       0.00     120.00     0.000000E+00     0.000000E+00     0.000000E+00     0.000000E+00     0.000000E+00     0.000000E+00     0.000000E+00     0.000000E+00     0.000000E+00     0.000000E+00     0.000000E+00     0.000000E+00     0.000000E+00     0.000000E+00     0.000000E+00
        0     33     -90.00       0.00     120.00     0.000000E+00     0.000000E+00     0.000000E+00     0.000000E+00     0.000000E+00     0.000000E+00     0.000000E+00     0.000000E+00     0.000000E+00     0.000000E+00     0.000000E+00     0.000000E+00     0.000000E+00     0.000000E+00     0.000000E+00
        0     34     -70.00       0.00     120.00     0.000000E+00     0.000000E+00     0.000000E+00     0.000000E+00     0.000000E+00     0.000000E+00     0.000000E+00     0.000000E+00     0.000000E+00     0.000000E+00     0.000000E+00     0.000000E+00     0.000000E+00     0.000000E+00     0.000000E+00
        0     35     -50.00       0.00     120.00     0.000000E+00     0.000000E+00     0.000000E+00     0.000000E+00     0.000000E+00     0.000000E+00     0.000000E+00     0.000000E+00     0.000000E+00     0.000000E+00     0.000000E+00     0.000000E+00     0.000000E+00     0.000000E+00     0.000000E+00
        0     36     -30.00       0.00     120.00     0.000000E+00     0.000000E+00     0.000000E+00     0.000000E+00     0.000000E+00     0.000000E+00     0.000000E+00     0.000000E+00     0.000000E+00     0.000000E+00     0.000000E+00     0.000000E+00     0.000000E+00     0.000000E+00     0.000000E+00
        0     37     -10.00       0.00     120.00     0.000000E+00     0.000000E+00     0.000000E+00     0.000000E+00     0.000000E+00     0.000000E+00     0.000000E+00     0.000000E+00     0.000000E+00     0.000000E+00     0.000000E+00     0.000000E+00     0.000000E+00     0.000000E+00     0.000000E+00
        0     38      10.00       0.00     120.00     0.000000E+00     0.000000E+00     0.000000E+00     0.000000E+00     0.000000E+00     0.000000E+00     0.000000E+00     0.000000E+00     0.000000E+00     0.000000E+00     0.000000E+00     0.000000E+00     0.000000E+00     0.000000E+00     0.000000E+00
        0     39      30.00       0.00     120.00     0.000000E+00     0.000000E+00     0.000000E+00     0.000000E+00     0.000000E+00     0.000000E+00     0.000000E+00     0.000000E+00     0.000000E+00     0.000000E+00     0.000000E+00     0.000000E+00     0.000000E+00     0.000000E+00     0.000000E+00
        0     40      50.00       0.00     120.00     0.000000E+00     0.000000E+00     0.000000E+00     0.000000E+00     0.000000E+00     0.000000E+00     0.000000E+00     0.000000E+00     0.000000E+00     0.000000E+00     0.000000E+00     0.000000E+00     0.000000E+00     0.000000E+00     0.000000E+00
        0     41      70.00       0.00     120.00     0.000000E+00     0.000000E+00     0.000000E+00     0.000000E+00     0.000000E+00     0.000000E+00     0.000000E+00     0.000000E+00     0.000000E+00     0.000000E+00     0.000000E+00     0.000000E+00     0.000000E+00     0.000000E+00     0.000000E+00
        0     42      90.00       0.00     120.00     0.000000E+00     0.000000E+00     0.000000E+00     0.000000E+00     0.000000E+00     0.000000E+00     0.000000E+00     0.000000E+00     0.000000E+00     0.000000E+00     0.000000E+00     0.000000E+00     0.000000E+00     0.000000E+00     0.000000E+00
        0     43     110.00       0.00     120.00     0.000000E+00     0.000000E+00     0.000000E+00     0.000000E+00     0.000000E+00     0.000000E+00     0.000000E+00     0.000000E+00     0.000000E+00     0.000000E+00     0.000000E+00     0.000000E+00     0.000000E+00     0.000000E+00     0.000000E+00
        0     44     130.00       0.00     120.00     0.000000E+00     0.000000E+00     0.000000E+00     0.000000E+00     0.000000E+00     0.000000E+00     0.000000E+00     0.000000E+00     0.000000E+00     0.000000E+00     0.000000E+00     0.000000E+00     0.000000E+00     0.000000E+00     0.000000E+00
        0     45     150.00       0.00     120.00     0.000000E+00     0.000000E+00     0.000000E+00     0.000000E+00     0.000000E+00     0.000000E+00     0.000000E+00     0.000000E+00     0.000000E+00     0.000000E+00     0.000000E+00     0.000000E+00     0.000000E+00     0.000000E+00     0.000000E+00
        0     46     170.00       0.00     120.00     0.000000E+00     0.000000E+00     0.000000E+00     0.000000E+00     0.000000E+00     0.000000E+00     0.000000E+00     0.000000E+00     0.000000E+00     0.000000E+00     0.000000E+00     0.000000E+00     0.000000E+00     0.000000E+00     0.000000E+00
        0     47     190.00       0.00     120.00     0.000000E+00     0.000000E+00     0.000000E+00     0.000000E+00     0.000000E+00     0.000000E+00     0.000000E+00     0.000000E+00     0.000000E+00     0.000000E+00     0.000000E+00     0.000000E+00     0.000000E+00     0.000000E+00     0.000000E+00
        0     48     210.00       0.00     120.00     0.000000E+00     0.000000E+00     0.000000E+00     0.000000E+00     0.000000E+00     0.000000E+00     0.000000E+00     0.000000E+00     0.000000E+00     0.000000E+00     0.000000E+00     0.000000E+00     0.000000E+00     0.000000E+00     0.000000E+00
        0     49     230.00       0.00     120.00     0.000000E+00     0.000000E+00     0.000000E+00     0.000000E+00     0.000000E+00     0.000000E+00     0.000000E+00     0.000000E+00     0.000000E+00     0.000000E+00     0.000000E+00     0.000000E+00     0.000000E+00     0.000000E+00     0.000000E+00
        0     50     250.00       0.00     120.00     0.000000E+00     0.000000E+00     0.000000E+00     0.000000E+00     0.000000E+00     0.000000E+00     0.000000E+00     0.000000E+00     0.000000E+00     0.000000E+00     0.000000E+00     0.000000E+00     0.000000E+00     0.000000E+00     0.000000E+00
        0     51     270.00       0.00     120.00     0.000000E+00     0.000000E+00     0.000000E+00     0.000000E+00     0.000000E+00     0.000000E+00     0.000000E+00     0.000000E+00     0.000000E+00     0.000000E+00     0.000000E+00     0.000000E+00     0.000000E+00     0.000000E+00     0.000000E+00
        0     52     290.00       0.00     120.00     0.000000E+00     0.000000E+00     0.000000E+00     0.000000E+00     0.000000E+00     0.000000E+00     0.000000E+00     0.000000E+00     0.000000E+00     0.000000E+00     0.000000E+00     0.000000E+00     0.000000E+00     0.000000E+00     0.000000E+00
        0     53     310.00       0.00     120.00     0.000000E+00     0.000000E+00     0.000000E+00     0.000000E+00     0.000000E+00     0.000000E+00     0.000000E+00     0.000000E+00     0.000000E+00     0.000000E+00     0.000000E+00     0.000000E+00     0.000000E+00     0.000000E+00     0.000000E+00
        0     54     330.00       0.00     120.00     0.000000E+00     0.000000E+00     0.000000E+00     0.000000E+00     0.000000E+00     0.000000E+00     0.000000E+00     0.000000E+00     0.000000E+00     0.000000E+00     0.000000E+00     0.000000E+00     0.000000E+00     0.000000E+00     0.000000E+00
        0     55     350.00       0.00     120.00     0.000000E+00     0.000000E+00     0.000000E+00     0.000000E+00     0.000000E+00     0.000000E+00     0.000000E+00     0.000000E+00     0.000000E+00     0.000000E+00     0.000000E+00     0.000000E+00     0.000000E+00     0.000000E+00     0.000000E+00
        0     56     370.00       0.00     120.00     0.000000E+00     0.000000E+00     0.000000E+00     0.000000E+00     0.000000E+00     0.000000E+00     0.000000E+00     0.000000E+00     0.000000E+00     0.000000E+00     0.000000E+00     0.000000E+00     0.000000E+00     0.000000E+00     0.000000E+00
        0     57     390.00       0.00     120.00     0.000000E+00     0.000000E+00     0.000000E+00     0.000000E+00     0.000000E+00     0.000000E+00     0.000000E+00     0.000000E+00     0.000000E+00     0.000000E+00     0.000000E+00     0.000000E+00     0.000000E+00     0.000000E+00     0.000000E+00
        0     58     410.00       0.00     120.00     0.000000E+00     0.000000E+00     0.000000E+00     0.000000E+00     0.000000E+00     0.000000E+00     0.000000E+00     0.000000E+00     0.000000E+00     0.000000E+00     0.000000E+00     0.000000E+00     0.000000E+00     0.000000E+00     0.000000E+00
        0     59     430.00       0.00     120.00     0.000000E+00     0.000000E+00     0.000000E+00     0.000000E+00     0.000000E+00     0.000000E+00     0.000000E+00     0.000000E+00     0.000000E+00     0.000000E+00     0.000000E+00     0.000000E+00     0.000000E+00     0.000000E+00     0.000000E+00
        0     60     450.00       0.00     120.00     0.000000E+00     0.000000E+00     0.000000E+00     0.000000E+00     0.000000E+00     0.000000E+00     0.000000E+00     0.000000E+00     0.000000E+00     0.000000E+00     0.000000E+00     0.000000E+00     0.000000E+00     0.000000E+00     0.000000E+00
        0     61     470.00       0.00     120.00     0.000000E+00     0.000000E+00     0.000000E+00     0.000000E+00     0.000000E+00     0.000000E+00     0.000000E+00     0.000000E+00     0.000000E+00     0.000000E+00     0.000000E+00     0.000000E+00     0.000000E+00     0.000000E+00     0.000000E+00
        0     62     490.00       0.00     120.00     0.000000E+00     0.000000E+00     0.000000E+00     0.000000E+00     0.000000E+00     0.000000E+00     0.000000E+00     0.000000E+00     0.000000E+00     0.000000E+00     0.000000E+00     0.000000E+00     0.000000E+00     0.000000E+00     0.000000E+00
        0     63     510.00       0.00     120.00     0.000000E+00     0.000000E+00     0.000000E+00     0.000000E+00     0.000000E+00     0.000000E+00     0.000000E+00     0.000000E+00     0.000000E+00     0.000000E+00     0.000000E+00     0.000000E+00     0.000000E+00     0.000000E+00     0.000000E+00
        0     64     530.00       0.00     120.00     0.000000E+00     0.000000E+00     0.000000E+00     0.000000E+00     0.000000E+00     0.000000E+00     0.000000E+00     0.000000E+00     0.000000E+00     0.000000E+00     0.000000E+00     0.000000E+00     0.000000E+00     0.000000E+00     0.000000E+00
        0     65     550.00       0.00     120.00     0.000000E+00     0.000000E+00     0.000000E+00     0.000000E+00     0.000000E+00     0.000000E+00     0.000000E+00     0.000000E+00     0.000000E+00     0.000000E+00     0.000000E+00     0.000000E+00     0.000000E+00     0.000000E+00     0.000000E+00
        0     66     570.00       0.00     120.00     0.000000E+00     0.000000E+00     0.000000E+00     0.000000E+00     0.000000E+00     0.000000E+00     0.000000E+00     0.000000E+00     0.000000E+00     0.000000E+00     0.000000E+00     0.000000E+00     0.000000E+00     0.000000E+00     0.000000E+00
        0     67     590.00       0.00     120.00     0.000000E+00     0.000000E+00     0.000000E+00     0.000000E+00     0.000000E+00     0.000000E+00     0.000000E+00     0.000000E+00     0.000000E+00     0.000000E+00     0.000000E+00     0.000000E+00     0.000000E+00     0.000000E+00     0.000000E+00
        0     68     610.00       0.00     120.00     0.000000E+00     0.000000E+00     0.000000E+00     0.000000E+00     0.000000E+00     0.000000E+00     0.000000E+00     0.000000E+00     0.000000E+00     0.000000E+00     0.000000E+00     0.000000E+00     0.000000E+00     0.000000E+00     0.000000E+00
        0     69     630.00       0.00     120.00     0.000000E+00     0.000000E+00     0.000000E+00     0.000000E+00     0.000000E+00     0.000000E+00     0.000000E+00     0.000000E+00     0.000000E+00     0.000000E+00     0.000000E+00     0.000000E+00     0.000000E+00     0.000000E+00     0.000000E+00
        0     70     650.00       0.00     120.00     0.000000E+00     0.000000E+00     0.000000E+00     0.000000E+00     0.000000E+00     0.000000E+00     0.000000E+00     0.000000E+00     0.000000E+00     0.000000E+00     0.000000E+00     0.000000E+00     0.000000E+00     0.000000E+00     0.000000E+00
        0     71     670.00       0.00     120.00     0.000000E+00     0.000000E+00     0.000000E+00     0.000000E+00     0.000000E+00     0.000000E+00     0.000000E+00     0.000000E+00     0.000000E+00     0.000000E+00     0.000000E+00     0.000000E+00     0.000000E+00     0.000000E+00     0.000000E+00
        0     72     690.00       0.00     120.00     0.000000E+00     0.000000E+00     0.000000E+00     0.000000E+00     0.000000E+00     0.000000E+00     0.000000E+00     0.000000E+00     0.000000E+00     0.000000E+00     0.000000E+00     0.000000E+00     0.000000E+00     0.000000E+00     0.000000E+00
        0     73     710.00       0.00     120.00     0.000000E+00     0.000000E+00     0.000000E+00     0.000000E+00     0.000000E+00     0.000000E+00     0.000000E+00     0.000000E+00     0.000000E+00     0.000000E+00     0.000000E+00     0.000000E+00     0.000000E+00     0.000000E+00     0.000000E+00
        0     74     730.00       0.00     120.00     0.000000E+00     0.000000E+00     0.000000E+00     0.000000E+00     0.000000E+00     0.000000E+00     0.000000E+00     0.000000E+00     0.000000E+00     0.000000E+00     0.000000E+00     0.000000E+00     0.000000E+00     0.000000E+00     0.000000E+00

  Time-Domain Data Floor =  0.1000E-02 fT

  Station   Vertical Weights
  -------   ----------------
         1   0 0 0 0 0 0 0 0 0 0 0 0 0 0 0
         2   0 0 0 0 0 0 0 0 0 0 0 0 0 0 0
         3   0 0 0 0 0 0 0 0 0 0 0 0 0 0 0
         4   0 0 0 0 0 0 0 0 0 0 0 0 0 0 0
         5   0 0 0 0 0 0 0 0 0 0 0 0 0 0 0
         6   0 0 0 0 0 0 0 0 0 0 0 0 0 0 0
         7   0 0 0 0 0 0 0 0 0 0 0 0 0 0 0
         8   0 0 0 0 0 0 0 0 0 0 0 0 0 0 0
         9   0 0 0 0 0 0 0 0 0 0 0 0 0 0 0
        10   0 0 0 0 0 0 0 0 0 0 0 0 0 0 0
        11   0 0 0 0 0 0 0 0 0 0 0 0 0 0 0
        12   0 0 0 0 0 0 0 0 0 0 0 0 0 0 0
        13   0 0 0 0 0 0 0 0 0 0 0 0 0 0 0
        14   0 0 0 0 0 0 0 0 0 0 0 0 0 0 0
        15   0 0 0 0 0 0 0 0 0 0 0 0 0 0 0
        16   0 0 0 0 0 0 0 0 0 0 0 0 0 0 0
        17   0 0 0 0 0 0 0 0 0 0 0 0 0 0 0
        18   0 0 0 0 0 0 0 0 0 0 0 0 0 0 0
        19   0 0 0 0 0 0 0 0 0 0 0 0 0 0 0
        20   0 0 0 0 0 0 0 0 0 0 0 0 0 0 0
        21   0 0 0 0 0 0 0 0 0 0 0 0 0 0 0
        22   0 0 0 0 0 0 0 0 0 0 0 0 0 0 0
        23   0 0 0 0 0 0 0 0 0 0 0 0 0 0 0
        24   0 0 0 0 0 0 0 0 0 0 0 0 0 0 0
        25   0 0 0 0 0 0 0 0 0 0 0 0 0 0 0
        26   0 0 0 0 0 0 0 0 0 0 0 0 0 0 0
        27   0 0 0 0 0 0 0 0 0 0 0 0 0 0 0
        28   0 0 0 0 0 0 0 0 0 0 0 0 0 0 0
        29   0 0 0 0 0 0 0 0 0 0 0 0 0 0 0
        30   0 0 0 0 0 0 0 0 0 0 0 0 0 0 0
        31   0 0 0 0 0 0 0 0 0 0 0 0 0 0 0
        32   0 0 0 0 0 0 0 0 0 0 0 0 0 0 0
        33   0 0 0 0 0 0 0 0 0 0 0 0 0 0 0
        34   0 0 0 0 0 0 0 0 0 0 0 0 0 0 0
        35   0 0 0 0 0 0 0 0 0 0 0 0 0 0 0
        36   0 0 0 0 0 0 0 0 0 0 0 0 0 0 0
        37   0 0 0 0 0 0 0 0 0 0 0 0 0 0 0
        38   0 0 0 0 0 0 0 0 0 0 0 0 0 0 0
        39   0 0 0 0 0 0 0 0 0 0 0 0 0 0 0
        40   0 0 0 0 0 0 0 0 0 0 0 0 0 0 0
        41   0 0 0 0 0 0 0 0 0 0 0 0 0 0 0
        42   0 0 0 0 0 0 0 0 0 0 0 0 0 0 0
        43   0 0 0 0 0 0 0 0 0 0 0 0 0 0 0
        44   0 0 0 0 0 0 0 0 0 0 0 0 0 0 0
        45   0 0 0 0 0 0 0 0 0 0 0 0 0 0 0
        46   0 0 0 0 0 0 0 0 0 0 0 0 0 0 0
        47   0 0 0 0 0 0 0 0 0 0 0 0 0 0 0
        48   0 0 0 0 0 0 0 0 0 0 0 0 0 0 0
        49   0 0 0 0 0 0 0 0 0 0 0 0 0 0 0
        50   0 0 0 0 0 0 0 0 0 0 0 0 0 0 0
        51   0 0 0 0 0 0 0 0 0 0 0 0 0 0 0
        52   0 0 0 0 0 0 0 0 0 0 0 0 0 0 0
        53   0 0 0 0 0 0 0 0 0 0 0 0 0 0 0
        54   0 0 0 0 0 0 0 0 0 0 0 0 0 0 0
        55   0 0 0 0 0 0 0 0 0 0 0 0 0 0 0
        56   0 0 0 0 0 0 0 0 0 0 0 0 0 0 0
        57   0 0 0 0 0 0 0 0 0 0 0 0 0 0 0
        58   0 0 0 0 0 0 0 0 0 0 0 0 0 0 0
        59   0 0 0 0 0 0 0 0 0 0 0 0 0 0 0
        60   0 0 0 0 0 0 0 0 0 0 0 0 0 0 0
        61   0 0 0 0 0 0 0 0 0 0 0 0 0 0 0
        62   0 0 0 0 0 0 0 0 0 0 0 0 0 0 0
        63   0 0 0 0 0 0 0 0 0 0 0 0 0 0 0
        64   0 0 0 0 0 0 0 0 0 0 0 0 0 0 0
        65   0 0 0 0 0 0 0 0 0 0 0 0 0 0 0
        66   0 0 0 0 0 0 0 0 0 0 0 0 0 0 0
        67   0 0 0 0 0 0 0 0 0 0 0 0 0 0 0
        68   0 0 0 0 0 0 0 0 0 0 0 0 0 0 0
        69   0 0 0 0 0 0 0 0 0 0 0 0 0 0 0
        70   0 0 0 0 0 0 0 0 0 0 0 0 0 0 0
        71   0 0 0 0 0 0 0 0 0 0 0 0 0 0 0
        72   0 0 0 0 0 0 0 0 0 0 0 0 0 0 0
        73   0 0 0 0 0 0 0 0 0 0 0 0 0 0 0
        74   0 0 0 0 0 0 0 0 0 0 0 0 0 0 0


     LITHOLOGY AND MESH DESCRIPTION
     ------------------------------

  Number of node rows =  26    Number of node columns =  61    NLITH =  4
  EASTD1  = -900.000    
  NORTHD1 = -10.0000    


                          LITHOLOGY PROPERTIES
                          --------------------

                                  Relative   Relative     Cole-Cole Parameters
        Resistivity  Conductance     MU     Dielectric   CHRG    CTAU       CFREQ

   1      1000.          1.0       1.000      1.000      0.00    0.00        1.00
   2      1.000          1.0       1.000      1.000      0.00    0.00        1.00
   3      10.00          1.0       1.000      1.000      0.00    0.00        1.00
   4      1000.          1.0       1.000      1.000      0.00    0.00        1.00
  -900.0000      -870.0000      -840.0000      -810.0000      -780.0000    
  -750.0000      -720.0000      -690.0000      -660.0000      -630.0000    
  -600.0000      -570.0000      -540.0000      -510.0000      -480.0000    
  -450.0000      -420.0000      -390.0000      -360.0000      -330.0000    
  -300.0000      -270.0000      -240.0000      -210.0000      -180.0000    
  -150.0000      -120.0000      -90.00000      -60.00000      -30.00000    
  0.0000000E+00   30.00000       60.00000       90.00000       120.0000    
   150.0000       180.0000       210.0000       240.0000       270.0000    
   300.0000       330.0000       360.0000       390.0000       420.0000    
   450.0000       480.0000       510.0000       540.0000       570.0000    
   600.0000       630.0000       660.0000       690.0000       720.0000    
   750.0000       780.0000       810.0000       840.0000       870.0000    
   900.0000    
  -900.0000      -870.0000      -840.0000      -810.0000      -780.0000    
  -750.0000      -720.0000      -690.0000      -660.0000      -630.0000    
  -600.0000      -570.0000      -540.0000      -510.0000      -480.0000    
  -450.0000      -420.0000      -390.0000      -360.0000      -330.0000    
  -300.0000      -270.0000      -240.0000      -210.0000      -180.0000    
  -150.0000      -120.0000      -90.00000      -60.00000      -30.00000    
  0.0000000E+00   30.00000       60.00000       90.00000       120.0000    
   150.0000       180.0000       210.0000       240.0000       270.0000    
   300.0000       330.0000       360.0000       390.0000       420.0000    
   450.0000       480.0000       510.0000       540.0000       570.0000    
   600.0000       630.0000       660.0000       690.0000       720.0000    
   750.0000       780.0000       810.0000       840.0000       870.0000    
   900.0000    

              2D LITHOLOGY MAP
              ----------------
         (reduced to rectangular grid)

  444444444444444444444444444444444444444444444444444444444444
  444444444444444444444444444444444444444444444444444444444444
  444444444444444444444444444444444444444444444444444444444444
  111111111111111111111111111111111111111111111111111111111111
  111111111111111111111111111111111111111111111111111111111111
  111111111111111111111111111111111111111111111111111111111111
  111111111111111111111111111111111111111111111111111111111111
  111111111111111111111111111111111111111111111111111111111111
  111111111111111111111111111111111111111111111111111111111111
  111111111111111111111111111111111111111111111111111111111111
  111111111111111111111111111111111111111111111111111111111111
  111111111111111111111111111111111111111111111111111111111111
  111111111111111111111111111111111111111111111111111111111111
  111111111111111111111111111111111111111111111111111111111111
  111111111111111111111111111111111111111111111111111111111111
  111111111111111111111111111111111111111111111111111111111111
  111111111111111111111111111111111111111111111111111111111111
  111111111111111111111111111111111111111111111111111111111111
  111111111111111111111111111111111111111111111111111111111111
  111111111111111111111111111111111111111111111111111111111111
  111111111111111111111111111111111111111111111111111111111111
  111111111111111111111111111111111111111111111111111111111111
  111111111111111111111111111111111111111111111111111111111111
  111111111111111111111111111111111111111111111111111111111111
  111111111111111111111111111111111111111111111111111111111111

  MAXITS = 90   CNVRG = 1   NFIX =  2   MV1PRT = 3   OUTPRT = 0

  The inversion will finish if the RMS error is less than  1.0 percent or if
  the error can no longer be reduced significantly or after 90 iterations.


           Constrained Parameters
           ----------------------

    Lithology
     Index      Parameter      Elasticity  Lower Bound   Upper Bound
    ---------   ---------      ----------  -----------   -----------
       1           1             1.000      0.1000          2000.    
       4           1             0.000      0.1000E-07     0.1000E+09

  ----------------------------------------------------------------------

              Node-based Pseudo Transmitter and First Receiver Positions
              ----------------------------------------------------------

                   Transmitter                         Receiver
                                                                                 Rx Ground
 Index          East       GPS Alt          East         North       GPS Alt     Clearance
 -----          ----       -------          ----         -----       -------     ---------
     1      120.0000      120.0000        0.0000        0.0000       75.0000       75.0000
     2      150.0000      120.0000       30.0000        0.0000       75.0000       75.0000
     3      180.0000      120.0000       60.0000        0.0000       75.0000       75.0000
     4      210.0000      120.0000       90.0000        0.0000       75.0000       75.0000
     5      240.0000      120.0000      120.0000        0.0000       75.0000       75.0000
     6      270.0000      120.0000      150.0000        0.0000       75.0000       75.0000
     7      300.0000      120.0000      180.0000        0.0000       75.0000       75.0000
     8      330.0000      120.0000      210.0000        0.0000       75.0000       75.0000
     9      360.0000      120.0000      240.0000        0.0000       75.0000       75.0000
    10      390.0000      120.0000      270.0000        0.0000       75.0000       75.0000
    11      420.0000      120.0000      300.0000        0.0000       75.0000       75.0000
    12      450.0000      120.0000      330.0000        0.0000       75.0000       75.0000
    13      480.0000      120.0000      360.0000        0.0000       75.0000       75.0000
    14      510.0000      120.0000      390.0000        0.0000       75.0000       75.0000
    15      540.0000      120.0000      420.0000        0.0000       75.0000       75.0000
    16      570.0000      120.0000      450.0000        0.0000       75.0000       75.0000
    17      600.0000      120.0000      480.0000        0.0000       75.0000       75.0000
    18      630.0000      120.0000      510.0000        0.0000       75.0000       75.0000
    19      660.0000      120.0000      540.0000        0.0000       75.0000       75.0000
    20      690.0000      120.0000      570.0000        0.0000       75.0000       75.0000
    21      720.0000      120.0000      600.0000        0.0000       75.0000       75.0000
    22      750.0000      120.0000      630.0000        0.0000       75.0000       75.0000
    23      780.0000      120.0000      660.0000        0.0000       75.0000       75.0000
    24      810.0000      120.0000      690.0000        0.0000       75.0000       75.0000
    25      840.0000      120.0000      720.0000        0.0000       75.0000       75.0000
    26      870.0000      120.0000      750.0000        0.0000       75.0000       75.0000
    27      900.0000      120.0000      780.0000        0.0000       75.0000       75.0000
    28      930.0000      120.0000      810.0000        0.0000       75.0000       75.0000
    29      960.0000      120.0000      840.0000        0.0000       75.0000       75.0000
    30      990.0000      120.0000      870.0000        0.0000       75.0000       75.0000
    31     1020.0000      120.0000      900.0000        0.0000       75.0000       75.0000
    32     1050.0000      120.0000      930.0000        0.0000       75.0000       75.0000
    33     1080.0000      120.0000      960.0000        0.0000       75.0000       75.0000
    34     1110.0000      120.0000      990.0000        0.0000       75.0000       75.0000
    35     1140.0000      120.0000     1020.0000        0.0000       75.0000       75.0000
    36     1170.0000      120.0000     1050.0000        0.0000       75.0000       75.0000
    37     1200.0000      120.0000     1080.0000        0.0000       75.0000       75.0000
    38     1230.0000      120.0000     1110.0000        0.0000       75.0000       75.0000
    39     1260.0000      120.0000     1140.0000        0.0000       75.0000       75.0000
    40     1290.0000      120.0000     1170.0000        0.0000       75.0000       75.0000
    41     1320.0000      120.0000     1200.0000        0.0000       75.0000       75.0000
    42     1350.0000      120.0000     1230.0000        0.0000       75.0000       75.0000
    43     1380.0000      120.0000     1260.0000        0.0000       75.0000       75.0000
    44     1410.0000      120.0000     1290.0000        0.0000       75.0000       75.0000
    45     1440.0000      120.0000     1320.0000        0.0000       75.0000       75.0000
    46     1470.0000      120.0000     1350.0000        0.0000       75.0000       75.0000
    47     1500.0000      120.0000     1380.0000        0.0000       75.0000       75.0000
    48     1530.0000      120.0000     1410.0000        0.0000       75.0000       75.0000
    49     1560.0000      120.0000     1440.0000        0.0000       75.0000       75.0000
    50     1590.0000      120.0000     1470.0000        0.0000       75.0000       75.0000
    51     1620.0000      120.0000     1500.0000        0.0000       75.0000       75.0000
    52     1650.0000      120.0000     1530.0000        0.0000       75.0000       75.0000
    53     1680.0000      120.0000     1560.0000        0.0000       75.0000       75.0000

  The frequency-domain results are directly computed from
     1.000     Hz to   10.00     Hz, using  3 points per decade and from
     10.00     Hz to  0.1000E+06 Hz, using  6 points per decade.

  These are used to construct the frequency-domain spectrum from DC to  0.1000E+06 Hz
  before transformation to the time domain.  The transformed result is folded over
  1 pulses and convolved with the input signal.

  Begin time-domain inversion on Vertical component

  Maximum iterations = 90


  Inversion executed with field data at reciever positions
  --------------------------------------------------------


  RMS error reduction based on symmetric point normalisation
  ----------------------------------------------------------


  Singular value decomposition failure. INVERSION HALTED.


  ArjunAir inversion completed at 15:39 on 23 Nov 2012

  Computation time =    2882.23 seconds.


