

  Arjuna task started at 11:11 on 07 JAN 2013



            Arjuna Version :         2.1.1 11 January, 2008

  #######################################################################
  #*********************************************************************#
  #*                                                                   *#
  #*  THIS PROGRAM HAS BEEN RELEASED STRICTLY FOR THE USE OF SPONSORS  *#
  #*   OF AMIRA PROJECTS P223E AND THEIR AUTHORISED AGENTS.            *#
  #*                                                                   *#
  #*********************************************************************#
  #######################################################################


          INPUT DATA
          ----------


 2 Dipping Plates Arjuna Sample - 05 Aug 23:03:07                                                                        

  TDFD = 1;   PRFL = 1;   STEP = 1;   ISTOP = 0

          +-----------------------------------------+
          +  Time-Domain Ground System Information  +
          +-----------------------------------------+

  DO3D =  1;   NSX =  10;   NCHNL =  15
  KRXW = 1;    OFFTYM =   12.00    


             TXON (ms)    Transmitter current (amps)
             ---------    --------------------------

      1        0.000         0.000    
      2        0.100        -5.000    
      3        0.200        -10.00    
      4        0.300        -10.00    
      5        1.000        -10.00    
      6        1.100         0.000    
      7        1.200         10.00    
      8        2.000         10.00    
      9        2.100         5.000    
     10        2.200         0.000    


         Receiver Window Specifications (ms - referenced to signal origin)
         ----------------------------------------------------------------

       Window     Open       Close       Width     Centre
       ------     ----       -----       -----     ------
          1       2.200       2.400      0.200       2.300
          2       2.400       2.500      0.100       2.450
          3       2.500       3.000      0.500       2.750
          4       3.000       3.500      0.500       3.250
          5       3.500       4.500      1.000       4.000
          6       4.850       4.950      0.100       4.900
          7       5.050       5.150      0.100       5.100
          8       5.150       5.250      0.100       5.200
          9       5.250       5.350      0.100       5.300
         10       5.350       5.650      0.300       5.500
         11       5.500       6.500      1.000       6.000
         12       6.500       7.500      1.000       7.000
         13       7.500       8.500      1.000       8.000
         14       8.500      11.500      3.000      10.000
         15      11.500      14.500      3.000      13.000


  SOURCE_TYPE = 1;   SURVEY_TYPE = 1;   NTX =  1;   NRXG = 1


  Vertex Locations for Loop Sources
  ---------------------------------

  Transmitter  1 has  4 vertices.

            Easting      Northing      Elevation
            -------      --------      ---------
    1       -200.00       -100.00          0.00
    2       -200.00        100.00          0.00
    3       -100.00        100.00          0.00
    4       -100.00       -100.00          0.00


  Rx Group:  1;   NRX = 30;   Type = 1;   CMP = 0;   Units = 1

          Magnetic Dipole Receivers
          -------------------------

          Easting     Northing      Elevation   Moment
          -------     --------      ---------   ------
   1      -280.00         0.00         0.00       1.0
   2      -260.00         0.00         0.00       1.0
   3      -240.00         0.00         0.00       1.0
   4      -220.00         0.00         0.00       1.0
   5      -200.00         0.00         0.00       1.0
   6      -180.00         0.00         0.00       1.0
   7      -160.00         0.00         0.00       1.0
   8      -140.00         0.00         0.00       1.0
   9      -120.00         0.00         0.00       1.0
  10      -100.00         0.00         0.00       1.0
  11       -80.00         0.00         0.00       1.0
  12       -60.00         0.00         0.00       1.0
  13       -40.00         0.00         0.00       1.0
  14       -20.00         0.00         0.00       1.0
  15         0.00         0.00         0.00       1.0
  16        20.00         0.00         0.00       1.0
  17        40.00         0.00         0.00       1.0
  18        60.00         0.00         0.00       1.0
  19        80.00         0.00         0.00       1.0
  20       100.00         0.00         0.00       1.0
  21       120.00         0.00         0.00       1.0
  22       140.00         0.00         0.00       1.0
  23       160.00         0.00         0.00       1.0
  24       180.00         0.00         0.00       1.0
  25       200.00         0.00         0.00       1.0
  26       220.00         0.00         0.00       1.0
  27       240.00         0.00         0.00       1.0
  28       260.00         0.00         0.00       1.0
  29       280.00         0.00         0.00       1.0
  30       300.00         0.00         0.00       1.0

    This survey is composed of  1 events.

             Tx   Rx Group
   Event   Index  Index    NRX

     1       1       1     30


     MESH AND LITHOLOGIES DESCRIPTION
     ----------------------------------------

  Number of node rows =  32
  Number of node columns =  47
  NLITH =  9    KACC = 1    SOLVER = 1    OUTPUT =  10

   1      100.0         -1.0       1.000      1.000      0.00    0.00        1.00
   2      10.00         -1.0       1.000      1.000      0.00    0.00        1.00
   3      100.0         -1.0       1.000      1.000      0.00    0.00        1.00
   4      1.000         50.0       1.000      1.000      0.00    0.00        1.00
   5      20.00         30.0       1.000      1.000      0.40    1.17        0.20
   6      5.000         42.0       1.000      1.000      0.00    0.00        1.00
   7      1.000        200.0       1.000      1.000      0.20    1.20        0.40
   8      1.000         30.0       1.000      1.000      0.00    0.00        1.00
   9      1.000        300.0       1.000      1.000      0.00    0.00        1.00


  Before computation begins, Arjuna transforms array and model coordinates from
  "real world" coordimnates where elevation increases positive upwards to a
  body- centred system where depth increases positive downwards.  The new 
  vertical origin is at the air-earth interface.  The new horizontal origin is
  over the centre of the model region.  In the original user defined system
  the new computation origin is located at:

   EAST:         0.00;    NORTH:         0.00;    ELEVATION: 

  Transformed Vertex Locations for Loop Sources
  ---------------------------------------------

      Transmitter  1 has  4 vertices.

         Easting   Northing     Depth

    1    -200.00    -100.00      -0.00
    2    -200.00     100.00      -0.00
    3    -100.00     100.00      -0.00
    4    -100.00    -100.00      -0.00


  Transformed Locations for Magnetic Dipole Receivers in Rx Group  1
  ------------------------------------------------------------------
        Easting   Northing     Depth    Dip    Azimuth   Moment

   1    -280.00       0.00      -0.00    0.0    0.0        1.
   2    -260.00       0.00      -0.00    0.0    0.0        1.
   3    -240.00       0.00      -0.00    0.0    0.0        1.
   4    -220.00       0.00      -0.00    0.0    0.0        1.
   5    -200.00       0.00      -0.00    0.0    0.0        1.
   6    -180.00       0.00      -0.00    0.0    0.0        1.
   7    -160.00       0.00      -0.00    0.0    0.0        1.
   8    -140.00       0.00      -0.00    0.0    0.0        1.
   9    -120.00       0.00      -0.00    0.0    0.0        1.
  10    -100.00       0.00      -0.00    0.0    0.0        1.
  11     -80.00       0.00      -0.00    0.0    0.0        1.
  12     -60.00       0.00      -0.00    0.0    0.0        1.
  13     -40.00       0.00      -0.00    0.0    0.0        1.
  14     -20.00       0.00      -0.00    0.0    0.0        1.
  15       0.00       0.00      -0.00    0.0    0.0        1.
  16      20.00       0.00      -0.00    0.0    0.0        1.
  17      40.00       0.00      -0.00    0.0    0.0        1.
  18      60.00       0.00      -0.00    0.0    0.0        1.
  19      80.00       0.00      -0.00    0.0    0.0        1.
  20     100.00       0.00      -0.00    0.0    0.0        1.
  21     120.00       0.00      -0.00    0.0    0.0        1.
  22     140.00       0.00      -0.00    0.0    0.0        1.
  23     160.00       0.00      -0.00    0.0    0.0        1.
  24     180.00       0.00      -0.00    0.0    0.0        1.
  25     200.00       0.00      -0.00    0.0    0.0        1.
  26     220.00       0.00      -0.00    0.0    0.0        1.
  27     240.00       0.00      -0.00    0.0    0.0        1.
  28     260.00       0.00      -0.00    0.0    0.0        1.
  29     280.00       0.00      -0.00    0.0    0.0        1.
  30     300.00       0.00      -0.00    0.0    0.0        1.


      Revised transmitter indexing
      ----------------------------

    Old          New        Receiver  Group
  Tx Index     Tx Index     Groups     NRX

    1             1            1       30

---------------------------------------------------------------------------
                       END OF INPUT DATA DESCRIPTION
---------------------------------------------------------------------------

  The time-domain results will be constructed using frequency-domain
  output computed at 3 points per decade, from  1.0 Hz to 10 Hz
  and at 6 points per decade, from 10 Hz to  0.1000E+06 Hz.

  Arjuna will start by computing new frequency-domain responses in the specified 
  range to construct the spectrum from DC to the appropriate upper limit.

  2 Dipping Plates Arjuna Sample - 05 Aug 23:03:07                                                                        


  Time-domain output for Transmitter Position  1 & Receiver Group  1
  ------------------------------------------------------------------
  The source is a loop.           
  The receivers in this group are magnetic dipoles.
  For each receiver position, the output is printed in NANOTESLAS      


      PROFILE OUTPUT:  VERTICAL COMPONENT     
      STANDARD OUTPUT - LAYERED EARTH + SCATTERED FIELDS

          RECEIVER POSITIONS            CHNL 1       CHNL 2       CHNL 3       CHNL 4       CHNL 5       CHNL 6       CHNL 7       CHNL 8       CHNL 9      CHNL 10      CHNL 11      CHNL 12      CHNL 13      CHNL 14      CHNL 15 
       Northing     Easting     Elev    2.300        2.450        2.750        3.250        4.000        4.900        5.100        5.200        5.300        5.500        6.000        7.000        8.000        10.00        13.00    

  1        0.00     -280.00     0.00   0.8104       0.3722       0.1662       0.5917E-01   0.2235E-01   0.8652E-02   0.7334E-02   0.6771E-02   0.6266E-02   0.5417E-02   0.3924E-02   0.2146E-02   0.1265E-02   0.5409E-03   0.1761E-03
  2        0.00     -260.00     0.00   0.9708       0.4113       0.1810       0.6346E-01   0.2374E-01   0.9136E-02   0.7739E-02   0.7143E-02   0.6608E-02   0.5709E-02   0.4123E-02   0.2235E-02   0.1316E-02   0.5682E-03   0.1841E-03
  3        0.00     -240.00     0.00    1.110       0.4436       0.1933       0.6714E-01   0.2493E-01   0.9569E-02   0.8106E-02   0.7482E-02   0.6922E-02   0.5979E-02   0.4309E-02   0.2324E-02   0.1370E-02   0.5971E-03   0.1944E-03
  4        0.00     -220.00     0.00    1.308       0.4951       0.2133       0.7337E-01   0.2686E-01   0.1022E-01   0.8663E-02   0.7998E-02   0.7401E-02   0.6393E-02   0.4600E-02   0.2475E-02   0.1463E-02   0.6422E-03   0.2117E-03
  5        0.00     -200.00     0.00    1.434       0.5294       0.2275       0.7811E-01   0.2832E-01   0.1077E-01   0.9156E-02   0.8464E-02   0.7843E-02   0.6788E-02   0.4893E-02   0.2643E-02   0.1575E-02   0.7012E-03   0.2389E-03
  6        0.00     -180.00     0.00    1.596       0.5829       0.2492       0.8453E-01   0.3106E-01   0.1164E-01   0.9802E-02   0.9031E-02   0.8348E-02   0.7221E-02   0.5288E-02   0.3010E-02   0.1826E-02   0.8096E-03   0.2928E-03
  7        0.00     -160.00     0.00    1.784       0.6386       0.2731       0.9308E-01   0.3410E-01   0.1308E-01   0.1113E-01   0.1030E-01   0.9563E-02   0.8323E-02   0.6138E-02   0.3517E-02   0.2183E-02   0.1026E-02   0.4011E-03
  8        0.00     -140.00     0.00    1.810       0.6575       0.2848       0.9919E-01   0.3731E-01   0.1512E-01   0.1302E-01   0.1212E-01   0.1131E-01   0.9943E-02   0.7467E-02   0.4402E-02   0.2828E-02   0.1420E-02   0.5906E-03
  9        0.00     -120.00     0.00    1.732       0.6470       0.2872       0.1052       0.4242E-01   0.1864E-01   0.1624E-01   0.1521E-01   0.1428E-01   0.1270E-01   0.9785E-02   0.6040E-02   0.4012E-02   0.2116E-02   0.9503E-03
 10        0.00     -100.00     0.00    1.549       0.5861       0.2711       0.1089       0.4852E-01   0.2351E-01   0.2079E-01   0.1960E-01   0.1852E-01   0.1664E-01   0.1310E-01   0.8362E-02   0.5695E-02   0.3113E-02   0.1449E-02
 11        0.00      -80.00     0.00    1.215       0.4465       0.2177       0.9925E-01   0.5002E-01   0.2658E-01   0.2378E-01   0.2254E-01   0.2140E-01   0.1937E-01   0.1544E-01   0.1007E-01   0.7002E-02   0.3911E-02   0.1858E-02
 12        0.00      -60.00     0.00   0.7260       0.2304       0.1210       0.6918E-01   0.4129E-01   0.2423E-01   0.2190E-01   0.2085E-01   0.1987E-01   0.1812E-01   0.1464E-01   0.9819E-02   0.6905E-02   0.3921E-02   0.1910E-02
 13        0.00      -40.00     0.00   0.2840       0.1754E-01   0.1529E-01   0.2888E-01   0.2607E-01   0.1805E-01   0.1655E-01   0.1585E-01   0.1519E-01   0.1398E-01   0.1151E-01   0.7950E-02   0.5692E-02   0.3317E-02   0.1672E-02
 14        0.00      -20.00     0.00  -0.4084E-01  -0.1489      -0.7421E-01  -0.8771E-02   0.1085E-01   0.1142E-01   0.1075E-01   0.1041E-01   0.1008E-01   0.9428E-02   0.8020E-02   0.5792E-02   0.4257E-02   0.2580E-02   0.1351E-02
 15        0.00        0.00     0.00  -0.2515      -0.2611      -0.1397      -0.3911E-01  -0.2400E-02   0.5271E-02   0.5305E-02   0.5269E-02   0.5208E-02   0.5047E-02   0.4613E-02   0.3642E-02   0.2781E-02   0.1789E-02   0.9756E-03
 16        0.00       20.00     0.00  -0.3417      -0.3091      -0.1728      -0.5809E-01  -0.1223E-01   0.4425E-04   0.6216E-03   0.8293E-03   0.9955E-03   0.1236E-02   0.1571E-02   0.1620E-02   0.1371E-02   0.9968E-03   0.5906E-03
 17        0.00       40.00     0.00  -0.3438      -0.3045      -0.1763      -0.6493E-01  -0.1776E-01  -0.3568E-02  -0.2666E-02  -0.2307E-02  -0.1996E-02  -0.1491E-02  -0.6313E-03   0.1122E-03   0.3032E-03   0.3725E-03   0.2847E-03
 18        0.00       60.00     0.00  -0.2907      -0.2636      -0.1578      -0.6199E-01  -0.1921E-01  -0.5310E-02  -0.4296E-02  -0.3880E-02  -0.3514E-02  -0.2905E-02  -0.1835E-02  -0.7371E-03  -0.3107E-03   0.2659E-05   0.9302E-04
 19        0.00       80.00     0.00  -0.2413      -0.2223      -0.1368      -0.5664E-01  -0.1930E-01  -0.6235E-02  -0.5180E-02  -0.4740E-02  -0.4350E-02  -0.3696E-02  -0.2528E-02  -0.1250E-02  -0.6836E-03  -0.2214E-03  -0.2444E-04
 20        0.00      100.00     0.00  -0.1879      -0.1780      -0.1128      -0.4896E-01  -0.1779E-01  -0.6282E-02  -0.5289E-02  -0.4870E-02  -0.4495E-02  -0.3859E-02  -0.2714E-02  -0.1415E-02  -0.8157E-03  -0.3166E-03  -0.7776E-04
 21        0.00      120.00     0.00  -0.1479      -0.1427      -0.9337E-01  -0.4252E-01  -0.1640E-01  -0.6185E-02  -0.5249E-02  -0.4850E-02  -0.4492E-02  -0.3882E-02  -0.2776E-02  -0.1490E-02  -0.8773E-03  -0.3650E-03  -0.1063E-03
 22        0.00      140.00     0.00  -0.1164      -0.1141      -0.7678E-01  -0.3638E-01  -0.1471E-01  -0.5815E-02  -0.4962E-02  -0.4596E-02  -0.4265E-02  -0.3700E-02  -0.2671E-02  -0.1459E-02  -0.8679E-03  -0.3705E-03  -0.1145E-03
 23        0.00      160.00     0.00  -0.9185E-01  -0.9091E-01  -0.6339E-01  -0.3145E-01  -0.1331E-01  -0.5472E-02  -0.4686E-02  -0.4347E-02  -0.4041E-02  -0.3516E-02  -0.2558E-02  -0.1412E-02  -0.8450E-03  -0.3666E-03  -0.1173E-03
 24        0.00      180.00     0.00  -0.7432E-01  -0.7339E-01  -0.5270E-01  -0.2716E-01  -0.1194E-01  -0.5068E-02  -0.4350E-02  -0.4040E-02  -0.3758E-02  -0.3276E-02  -0.2397E-02  -0.1335E-02  -0.8009E-03  -0.3509E-03  -0.1132E-03
 25        0.00      200.00     0.00  -0.6004E-01  -0.5881E-01  -0.4384E-01  -0.2360E-01  -0.1078E-01  -0.4705E-02  -0.4050E-02  -0.3765E-02  -0.3506E-02  -0.3061E-02  -0.2249E-02  -0.1262E-02  -0.7589E-03  -0.3347E-03  -0.1087E-03
 26        0.00      220.00     0.00  -0.5018E-01  -0.4806E-01  -0.3687E-01  -0.2061E-01  -0.9717E-02  -0.4352E-02  -0.3757E-02  -0.3497E-02  -0.3260E-02  -0.2850E-02  -0.2099E-02  -0.1182E-02  -0.7133E-03  -0.3161E-03  -0.1025E-03
 27        0.00      240.00     0.00  -0.4201E-01  -0.3890E-01  -0.3090E-01  -0.1802E-01  -0.8790E-02  -0.4026E-02  -0.3484E-02  -0.3246E-02  -0.3029E-02  -0.2654E-02  -0.1962E-02  -0.1110E-02  -0.6712E-03  -0.2990E-03  -0.9697E-04
 28        0.00      260.00     0.00  -0.3619E-01  -0.3224E-01  -0.2625E-01  -0.1586E-01  -0.7967E-02  -0.3729E-02  -0.3231E-02  -0.3013E-02  -0.2813E-02  -0.2468E-02  -0.1833E-02  -0.1043E-02  -0.6308E-03  -0.2819E-03  -0.9158E-04
 29        0.00      280.00     0.00  -0.3142E-01  -0.2650E-01  -0.2219E-01  -0.1395E-01  -0.7221E-02  -0.3451E-02  -0.2998E-02  -0.2798E-02  -0.2615E-02  -0.2298E-02  -0.1714E-02  -0.9799E-03  -0.5940E-03  -0.2660E-03  -0.8671E-04
 30        0.00      300.00     0.00  -0.2789E-01  -0.2233E-01  -0.1901E-01  -0.1235E-01  -0.6570E-02  -0.3206E-02  -0.2792E-02  -0.2609E-02  -0.2440E-02  -0.2147E-02  -0.1605E-02  -0.9212E-03  -0.5606E-03  -0.2517E-03  -0.8219E-04

      PROFILE OUTPUT:  EAST COMPONENT         
      STANDARD OUTPUT - LAYERED EARTH + SCATTERED FIELDS

          RECEIVER POSITIONS            CHNL 1       CHNL 2       CHNL 3       CHNL 4       CHNL 5       CHNL 6       CHNL 7       CHNL 8       CHNL 9      CHNL 10      CHNL 11      CHNL 12      CHNL 13      CHNL 14      CHNL 15 
       Northing     Easting     Elev    2.300        2.450        2.750        3.250        4.000        4.900        5.100        5.200        5.300        5.500        6.000        7.000        8.000        10.00        13.00    

  1        0.00     -280.00     0.00   0.6859       0.1912       0.6526E-01   0.1539E-01   0.3604E-02   0.6415E-03   0.4569E-03   0.3843E-03   0.3232E-03   0.2308E-03   0.1006E-03  -0.2666E-05  -0.1825E-04  -0.8389E-05   0.6991E-05
  2        0.00     -260.00     0.00   0.6482       0.1694       0.5574E-01   0.1210E-01   0.2413E-02   0.2519E-03   0.1449E-03   0.1047E-03   0.7203E-04   0.2564E-04  -0.3001E-04  -0.5118E-04  -0.2753E-04   0.4241E-05   0.2383E-04
  3        0.00     -240.00     0.00   0.6574       0.1619       0.5165E-01   0.1033E-01   0.1693E-02  -0.2735E-04  -0.8749E-04  -0.1067E-03  -0.1200E-03  -0.1325E-03  -0.1264E-03  -0.7517E-04  -0.2871E-04   0.1621E-04   0.3865E-04
  4        0.00     -220.00     0.00   0.5325       0.1196       0.3420E-01   0.4806E-02  -0.5208E-04  -0.4675E-03  -0.4169E-03  -0.3905E-03  -0.3641E-03  -0.3134E-03  -0.2077E-03  -0.6004E-04   0.1902E-04   0.7435E-04   0.8188E-04
  5        0.00     -200.00     0.00   0.4314       0.8523E-01   0.1954E-01   0.5266E-04  -0.1457E-02  -0.8197E-03  -0.6819E-03  -0.6180E-03  -0.5579E-03  -0.4507E-03  -0.2502E-03  -0.1021E-04   0.8999E-04   0.1401E-03   0.1329E-03
  6        0.00     -180.00     0.00   0.2087       0.1199E-01  -0.9826E-02  -0.8592E-02  -0.3915E-02  -0.1245E-02  -0.9507E-03  -0.8251E-03  -0.7128E-03  -0.5258E-03  -0.2116E-03   0.1003E-03   0.2281E-03   0.2637E-03   0.2135E-03
  7        0.00     -160.00     0.00  -0.5725E-01  -0.7318E-01  -0.4411E-01  -0.1829E-01  -0.6094E-02  -0.1341E-02  -0.9218E-03  -0.7476E-03  -0.5949E-03  -0.3477E-03   0.5022E-04   0.4246E-03   0.5219E-03   0.4683E-03   0.3400E-03
  8        0.00     -140.00     0.00  -0.1004      -0.1148      -0.6377E-01  -0.2316E-01  -0.6194E-02  -0.4563E-03  -0.2090E-04   0.1550E-03   0.3063E-03   0.5425E-03   0.8795E-03   0.1054E-02   0.9993E-03   0.7879E-03   0.5049E-03
  9        0.00     -120.00     0.00  -0.5669      -0.2786      -0.1304      -0.4157E-01  -0.1042E-01  -0.8598E-03  -0.2053E-03   0.5224E-04   0.2695E-03   0.6015E-03   0.1078E-02   0.1376E-02   0.1307E-02   0.9975E-03   0.6337E-03
 10        0.00     -100.00     0.00  -0.9613      -0.4467      -0.2045      -0.6539E-01  -0.1783E-01  -0.3260E-02  -0.2238E-02  -0.1826E-02  -0.1470E-02  -0.8977E-03   0.3355E-04   0.8265E-03   0.9480E-03   0.8411E-03   0.5726E-03
 11        0.00      -80.00     0.00   -1.230      -0.5785      -0.2719      -0.9313E-01  -0.2972E-01  -0.8936E-02  -0.7251E-02  -0.6549E-02  -0.5930E-02  -0.4905E-02  -0.3141E-02  -0.1254E-02  -0.4795E-03   0.5267E-04   0.2019E-03
 12        0.00      -60.00     0.00   -1.326      -0.6416      -0.3135      -0.1162      -0.4192E-01  -0.1562E-01  -0.1327E-01  -0.1227E-01  -0.1138E-01  -0.9867E-02  -0.7138E-02  -0.3911E-02  -0.2352E-02  -0.1016E-02  -0.3131E-03
 13        0.00      -40.00     0.00   -1.228      -0.6079      -0.3079      -0.1214      -0.4692E-01  -0.1912E-01  -0.1650E-01  -0.1537E-01  -0.1436E-01  -0.1262E-01  -0.9427E-02  -0.5518E-02  -0.3510E-02  -0.1702E-02  -0.6693E-03
 14        0.00      -20.00     0.00   -1.041      -0.5204      -0.2718      -0.1128      -0.4598E-01  -0.1982E-01  -0.1726E-01  -0.1615E-01  -0.1514E-01  -0.1340E-01  -0.1017E-01  -0.6130E-02  -0.4011E-02  -0.2046E-02  -0.8718E-03
 15        0.00        0.00     0.00  -0.7985      -0.3978      -0.2142      -0.9448E-01  -0.4124E-01  -0.1890E-01  -0.1656E-01  -0.1555E-01  -0.1463E-01  -0.1303E-01  -0.1006E-01  -0.6234E-02  -0.4149E-02  -0.2206E-02  -0.9895E-03
 16        0.00       20.00     0.00  -0.5583      -0.2646      -0.1452      -0.6918E-01  -0.3313E-01  -0.1631E-01  -0.1439E-01  -0.1355E-01  -0.1279E-01  -0.1146E-01  -0.8953E-02  -0.5646E-02  -0.3800E-02  -0.2071E-02  -0.9577E-03
 17        0.00       40.00     0.00  -0.3561      -0.1456      -0.7972E-01  -0.4299E-01  -0.2374E-01  -0.1280E-01  -0.1137E-01  -0.1073E-01  -0.1014E-01  -0.9109E-02  -0.7194E-02  -0.4602E-02  -0.3113E-02  -0.1722E-02  -0.8087E-03
 18        0.00       60.00     0.00  -0.2586      -0.8753E-01  -0.4588E-01  -0.2788E-01  -0.1747E-01  -0.1003E-01  -0.8941E-02  -0.8449E-02  -0.7994E-02  -0.7198E-02  -0.5715E-02  -0.3673E-02  -0.2483E-02  -0.1379E-02  -0.6483E-03
 19        0.00       80.00     0.00  -0.1616      -0.2987E-01  -0.1195E-01  -0.1243E-01  -0.1091E-01  -0.7087E-02  -0.6362E-02  -0.6029E-02  -0.5718E-02  -0.5171E-02  -0.4146E-02  -0.2688E-02  -0.1817E-02  -0.1015E-02  -0.4782E-03
 20        0.00      100.00     0.00  -0.1254      -0.1142E-01  -0.6707E-03  -0.6328E-02  -0.7743E-02  -0.5457E-02  -0.4921E-02  -0.4671E-02  -0.4436E-02  -0.4021E-02  -0.3242E-02  -0.2111E-02  -0.1425E-02  -0.7967E-03  -0.3741E-03
 21        0.00      120.00     0.00  -0.9165E-01   0.5256E-02   0.9919E-02  -0.2678E-03  -0.4499E-02  -0.3786E-02  -0.3445E-02  -0.3282E-02  -0.3127E-02  -0.2848E-02  -0.2313E-02  -0.1527E-02  -0.1033E-02  -0.5764E-03  -0.2697E-03
 22        0.00      140.00     0.00  -0.7738E-01   0.9166E-02   0.1251E-01   0.1897E-02  -0.2967E-02  -0.2878E-02  -0.2643E-02  -0.2529E-02  -0.2418E-02  -0.2216E-02  -0.1813E-02  -0.1205E-02  -0.8181E-03  -0.4573E-03  -0.2134E-03
 23        0.00      160.00     0.00  -0.6504E-01   0.1173E-01   0.1459E-01   0.4001E-02  -0.1421E-02  -0.1972E-02  -0.1838E-02  -0.1769E-02  -0.1700E-02  -0.1572E-02  -0.1309E-02  -0.8845E-03  -0.6034E-03  -0.3390E-03  -0.1575E-03
 24        0.00      180.00     0.00  -0.5825E-01   0.1116E-01   0.1441E-01   0.4706E-02  -0.6434E-03  -0.1460E-02  -0.1381E-02  -0.1337E-02  -0.1292E-02  -0.1204E-02  -0.1020E-02  -0.7023E-03  -0.4830E-03  -0.2738E-03  -0.1275E-03
 25        0.00      200.00     0.00  -0.5264E-01   0.9709E-02   0.1389E-01   0.5337E-02   0.1253E-03  -0.9526E-03  -0.9276E-03  -0.9084E-03  -0.8868E-03  -0.8412E-03  -0.7352E-03  -0.5225E-03  -0.3642E-03  -0.2094E-03  -0.9792E-04
 26        0.00      220.00     0.00  -0.4859E-01   0.8008E-02   0.1292E-01   0.5474E-02   0.5403E-03  -0.6463E-03  -0.6529E-03  -0.6485E-03  -0.6408E-03  -0.6201E-03  -0.5613E-03  -0.4137E-03  -0.2936E-03  -0.1719E-03  -0.8127E-04
 27        0.00      240.00     0.00  -0.4506E-01   0.5745E-02   0.1171E-01   0.5543E-02   0.9374E-03  -0.3487E-03  -0.3861E-03  -0.3962E-03  -0.4020E-03  -0.4054E-03  -0.3920E-03  -0.3070E-03  -0.2243E-03  -0.1352E-03  -0.6492E-04
 28        0.00      260.00     0.00  -0.4206E-01   0.4014E-02   0.1060E-01   0.5444E-02   0.1160E-02  -0.1607E-03  -0.2159E-03  -0.2342E-03  -0.2480E-03  -0.2658E-03  -0.2818E-03  -0.2387E-03  -0.1803E-03  -0.1121E-03  -0.5513E-04
 29        0.00      280.00     0.00  -0.3930E-01   0.1930E-02   0.9316E-02   0.5290E-02   0.1361E-02   0.2074E-04  -0.5192E-04  -0.7877E-04  -0.1007E-03  -0.1331E-03  -0.1762E-03  -0.1717E-03  -0.1374E-03  -0.8997E-04  -0.4544E-04
 30        0.00      300.00     0.00  -0.3669E-01   0.5147E-03   0.8275E-02   0.5091E-02   0.1470E-02   0.1416E-03   0.5853E-04   0.2645E-04  -0.5673E-06  -0.4244E-04  -0.1039E-03  -0.1265E-03  -0.1084E-03  -0.7493E-04  -0.3943E-04

      PROFILE OUTPUT:  NORTH COMPONENT        
      STANDARD OUTPUT - LAYERED EARTH + SCATTERED FIELDS

          RECEIVER POSITIONS            CHNL 1       CHNL 2       CHNL 3       CHNL 4       CHNL 5       CHNL 6       CHNL 7       CHNL 8       CHNL 9      CHNL 10      CHNL 11      CHNL 12      CHNL 13      CHNL 14      CHNL 15 
       Northing     Easting     Elev    2.300        2.450        2.750        3.250        4.000        4.900        5.100        5.200        5.300        5.500        6.000        7.000        8.000        10.00        13.00    

  1        0.00     -280.00     0.00   0.4615E-05   0.1164E-05   0.4176E-06   0.1178E-06   0.3377E-07   0.9963E-08   0.8337E-08   0.7670E-08   0.7085E-08   0.6122E-08   0.4459E-08   0.2667E-08   0.1844E-08   0.1023E-08   0.5222E-09
  2        0.00     -260.00     0.00   0.5262E-05   0.1243E-05   0.4451E-06   0.1267E-06   0.3736E-07   0.1191E-07   0.1010E-07   0.9355E-08   0.8695E-08   0.7605E-08   0.5708E-08   0.3541E-08   0.2476E-08   0.1399E-08   0.7167E-09
  3        0.00     -240.00     0.00   0.5937E-05   0.1326E-05   0.4776E-06   0.1390E-06   0.4325E-07   0.1528E-07   0.1318E-07   0.1230E-07   0.1152E-07   0.1021E-07   0.7854E-08   0.5019E-08   0.3514E-08   0.1997E-08   0.1011E-08
  4        0.00     -220.00     0.00   0.6496E-05   0.1420E-05   0.5188E-06   0.1572E-06   0.5281E-07   0.2094E-07   0.1839E-07   0.1730E-07   0.1631E-07   0.1462E-07   0.1141E-07   0.7428E-08   0.5220E-08   0.2921E-08   0.1452E-08
  5        0.00     -200.00     0.00   0.6820E-05   0.1521E-05   0.5733E-06   0.1863E-06   0.6954E-07   0.3113E-07   0.2762E-07   0.2609E-07   0.2471E-07   0.2230E-07   0.1771E-07   0.1157E-07   0.8036E-08   0.4440E-08   0.2132E-08
  6        0.00     -180.00     0.00   0.6741E-05   0.1647E-05   0.6539E-06   0.2351E-06   0.9914E-07   0.4884E-07   0.4373E-07   0.4148E-07   0.3940E-07   0.3571E-07   0.2843E-07   0.1853E-07   0.1273E-07   0.6874E-08   0.3173E-08
  7        0.00     -160.00     0.00   0.7241E-05   0.1814E-05   0.7795E-06   0.3194E-06   0.1512E-06   0.8000E-07   0.7177E-07   0.6808E-07   0.6465E-07   0.5858E-07   0.4669E-07   0.3022E-07   0.2047E-07   0.1077E-07   0.4763E-08
  8        0.00     -140.00     0.00   0.7561E-05   0.2038E-05   0.9787E-06   0.4629E-06   0.2403E-06   0.1317E-06   0.1182E-06   0.1122E-06   0.1065E-06   0.9650E-07   0.7680E-07   0.4912E-07   0.3275E-07   0.1682E-07   0.7125E-08
  9        0.00     -120.00     0.00   0.7648E-05   0.2325E-05   0.1272E-05   0.6849E-06   0.3777E-06   0.2108E-06   0.1889E-06   0.1790E-06   0.1698E-06   0.1534E-06   0.1213E-06   0.7685E-07   0.5065E-07   0.2542E-07   0.1037E-07
 10        0.00     -100.00     0.00   0.7562E-05   0.2541E-05   0.1587E-05   0.9508E-06   0.5455E-06   0.3062E-06   0.2743E-06   0.2599E-06   0.2464E-06   0.2224E-06   0.1752E-06   0.1099E-06   0.7186E-07   0.3554E-07   0.1408E-07
 11        0.00      -80.00     0.00   0.6713E-05   0.2330E-05   0.1671E-05   0.1114E-05   0.6661E-06   0.3780E-06   0.3384E-06   0.3205E-06   0.3038E-06   0.2740E-06   0.2159E-06   0.1354E-06   0.8816E-07   0.4335E-07   0.1704E-07
 12        0.00      -60.00     0.00   0.4609E-05   0.1491E-05   0.1335E-05   0.1044E-05   0.6638E-06   0.3868E-06   0.3471E-06   0.3290E-06   0.3121E-06   0.2819E-06   0.2227E-06   0.1403E-06   0.9163E-07   0.4528E-07   0.1793E-07
 13        0.00      -40.00     0.00   0.2344E-05   0.4001E-06   0.7488E-06   0.7987E-06   0.5596E-06   0.3406E-06   0.3070E-06   0.2917E-06   0.2772E-06   0.2512E-06   0.1994E-06   0.1268E-06   0.8342E-07   0.4175E-07   0.1687E-07
 14        0.00      -20.00     0.00   0.6308E-06  -0.4844E-06   0.1993E-06   0.5214E-06   0.4259E-06   0.2747E-06   0.2486E-06   0.2364E-06   0.2250E-06   0.2044E-06   0.1636E-06   0.1054E-06   0.6995E-07   0.3558E-07   0.1474E-07
 15        0.00        0.00     0.00  -0.4296E-06  -0.1044E-05  -0.2118E-06   0.2772E-06   0.2963E-06   0.2057E-06   0.1871E-06   0.1784E-06   0.1701E-06   0.1551E-06   0.1252E-06   0.8174E-07   0.5472E-07   0.2834E-07   0.1206E-07
 16        0.00       20.00     0.00  -0.9495E-06  -0.1310E-05  -0.4688E-06   0.8846E-07   0.1838E-06   0.1419E-06   0.1300E-06   0.1243E-06   0.1188E-06   0.1088E-06   0.8869E-07   0.5881E-07   0.3978E-07   0.2104E-07   0.9221E-08
 17        0.00       40.00     0.00  -0.1079E-05  -0.1339E-05  -0.5807E-06  -0.3407E-07   0.9951E-07   0.9066E-07   0.8396E-07   0.8065E-07   0.7742E-07   0.7138E-07   0.5889E-07   0.3972E-07   0.2719E-07   0.1476E-07   0.6680E-08
 18        0.00       60.00     0.00  -0.9843E-06  -0.1218E-05  -0.5840E-06  -0.9708E-07   0.4488E-07   0.5495E-07   0.5153E-07   0.4976E-07   0.4800E-07   0.4463E-07   0.3744E-07   0.2579E-07   0.1797E-07   0.1001E-07   0.4698E-08
 19        0.00       80.00     0.00  -0.8156E-06  -0.1040E-05  -0.5321E-06  -0.1215E-06   0.1239E-07   0.3158E-07   0.3020E-07   0.2940E-07   0.2855E-07   0.2684E-07   0.2302E-07   0.1632E-07   0.1157E-07   0.6655E-08   0.3247E-08
 20        0.00      100.00     0.00  -0.6345E-06  -0.8544E-06  -0.4583E-06  -0.1230E-06  -0.4971E-08   0.1740E-07   0.1715E-07   0.1688E-07   0.1654E-07   0.1578E-07   0.1396E-07   0.1027E-07   0.7428E-08   0.4422E-08   0.2241E-08
 21        0.00      120.00     0.00  -0.4805E-06  -0.6898E-06  -0.3845E-06  -0.1149E-06  -0.1372E-07   0.8678E-08   0.9025E-08   0.9054E-08   0.9021E-08   0.8851E-08   0.8281E-08   0.6410E-08   0.4735E-08   0.2933E-08   0.1546E-08
 22        0.00      140.00     0.00  -0.3556E-06  -0.5519E-06  -0.3183E-06  -0.1028E-06  -0.1743E-07   0.3585E-08   0.4252E-08   0.4452E-08   0.4588E-08   0.4738E-08   0.4805E-08   0.3983E-08   0.3032E-08   0.1961E-08   0.1075E-08
 23        0.00      160.00     0.00  -0.2603E-06  -0.4406E-06  -0.2624E-06  -0.9034E-07  -0.1860E-07   0.5484E-09   0.1393E-08   0.1691E-08   0.1926E-08   0.2256E-08   0.2657E-08   0.2448E-08   0.1928E-08   0.1316E-08   0.7507E-09
 24        0.00      180.00     0.00  -0.1881E-06  -0.3520E-06  -0.2165E-06  -0.7868E-07  -0.1838E-07  -0.1121E-08  -0.2301E-09   0.9752E-10   0.3639E-09   0.7578E-09   0.1316E-08   0.1479E-08   0.1235E-08   0.8898E-09   0.5297E-09
 25        0.00      200.00     0.00  -0.1343E-06  -0.2817E-06  -0.1792E-06  -0.6844E-07  -0.1752E-07  -0.2093E-08  -0.1207E-08  -0.8675E-09  -0.5843E-09  -0.1505E-09   0.4982E-09   0.8536E-09   0.7760E-09   0.6031E-09   0.3760E-09
 26        0.00      220.00     0.00  -0.9429E-07  -0.2262E-06  -0.1490E-06  -0.5958E-07  -0.1637E-07  -0.2612E-08  -0.1760E-08  -0.1428E-08  -0.1145E-08  -0.7009E-09  -0.3705E-11   0.4571E-09   0.4749E-09   0.4102E-09   0.2694E-09
 27        0.00      240.00     0.00  -0.6462E-07  -0.1820E-06  -0.1245E-06  -0.5204E-07  -0.1517E-07  -0.2861E-08  -0.2044E-08  -0.1720E-08  -0.1443E-08  -0.1003E-08  -0.3131E-09   0.1931E-09   0.2775E-09   0.2755E-09   0.1947E-09
 28        0.00      260.00     0.00  -0.4268E-07  -0.1468E-06  -0.1046E-06  -0.4564E-07  -0.1397E-07  -0.2948E-08  -0.2177E-08  -0.1868E-08  -0.1601E-08  -0.1175E-08  -0.5002E-09   0.1721E-10   0.1424E-09   0.1848E-09   0.1411E-09
 29        0.00      280.00     0.00  -0.2652E-07  -0.1186E-06  -0.8829E-07  -0.4020E-07  -0.1285E-07  -0.2944E-08  -0.2220E-08  -0.1927E-08  -0.1673E-08  -0.1265E-08  -0.6162E-09  -0.9580E-10   0.5148E-10   0.1202E-09   0.1022E-09
 30        0.00      300.00     0.00  -0.1468E-07  -0.9609E-07  -0.7487E-07  -0.3554E-07  -0.1181E-07  -0.2884E-08  -0.2205E-08  -0.1929E-08  -0.1689E-08  -0.1302E-08  -0.6851E-09  -0.1684E-09  -0.9022E-11   0.7441E-10   0.7407E-10


  Arjuna forward model completed at 11:33 on 07 JAN 2013

  Computation time =    1350.94 seconds.


