

  Arjuna task started at 11:33 on 07 JAN 2013



            Arjuna Version :         2.1.1 11 January, 2008

  #######################################################################
  #*********************************************************************#
  #*                                                                   *#
  #*  THIS PROGRAM HAS BEEN RELEASED STRICTLY FOR THE USE OF SPONSORS  *#
  #*   OF AMIRA PROJECTS P223E AND THEIR AUTHORISED AGENTS.            *#
  #*                                                                   *#
  #*********************************************************************#
  #######################################################################


          INPUT DATA
          ----------


 Flat sheet model with central loop                                                                                      

  TDFD = 1;   PRFL = 1;   STEP = 0;   ISTOP = 0

          +-----------------------------------------+
          +  Time-Domain Ground System Information  +
          +-----------------------------------------+

  DO3D =  1;   NSX =   4;   NCHNL =  12
  KRXW = 1;    OFFTYM =   40.00    


             TXON (ms)    Transmitter current (amps)
             ---------    --------------------------

      1        0.000         0.000    
      2        0.100         20.00    
      3       39.900         20.00    
      4       40.000         0.000    


         Receiver Window Specifications (ms - referenced to signal origin)
         ----------------------------------------------------------------

       Window     Open       Close       Width     Centre
       ------     ----       -----       -----     ------
          1      40.095      40.105      0.010      40.100
          2      40.190      40.210      0.020      40.200
          3      40.285      40.315      0.030      40.300
          4      40.475      40.525      0.050      40.500
          5      40.950      41.050      0.100      41.000
          6      41.900      42.100      0.200      42.000
          7      42.850      43.150      0.300      43.000
          8      44.750      45.250      0.500      45.000
          9      49.500      50.500      1.000      50.000
         10      54.250      55.750      1.500      55.000
         11      59.000      61.000      2.000      60.000
         12      68.500      71.500      3.000      70.000


  SOURCE_TYPE = 1;   SURVEY_TYPE = 3;   NTX = 24;   NRXG =24


  Vertex Locations for Loop Sources
  ---------------------------------

  Transmitter  1 has  4 vertices.

            Easting      Northing      Elevation
            -------      --------      ---------
    1       -350.00         50.00          0.00
    2       -250.00         50.00          0.00
    3       -250.00        -50.00          0.00
    4       -350.00        -50.00          0.00

  Transmitter  2 has  4 vertices.

            Easting      Northing      Elevation
            -------      --------      ---------
    1       -325.00         50.00          0.00
    2       -225.00         50.00          0.00
    3       -225.00        -50.00          0.00
    4       -325.00        -50.00          0.00

  Transmitter  3 has  4 vertices.

            Easting      Northing      Elevation
            -------      --------      ---------
    1       -300.00         50.00          0.00
    2       -200.00         50.00          0.00
    3       -200.00        -50.00          0.00
    4       -300.00        -50.00          0.00

  Transmitter  4 has  4 vertices.

            Easting      Northing      Elevation
            -------      --------      ---------
    1       -275.00         50.00          0.00
    2       -175.00         50.00          0.00
    3       -175.00        -50.00          0.00
    4       -275.00        -50.00          0.00

  Transmitter  5 has  4 vertices.

            Easting      Northing      Elevation
            -------      --------      ---------
    1       -250.00         50.00          0.00
    2       -150.00         50.00          0.00
    3       -150.00        -50.00          0.00
    4       -250.00        -50.00          0.00

  Transmitter  6 has  4 vertices.

            Easting      Northing      Elevation
            -------      --------      ---------
    1       -225.00         50.00          0.00
    2       -125.00         50.00          0.00
    3       -125.00        -50.00          0.00
    4       -225.00        -50.00          0.00

  Transmitter  7 has  4 vertices.

            Easting      Northing      Elevation
            -------      --------      ---------
    1       -200.00         50.00          0.00
    2       -100.00         50.00          0.00
    3       -100.00        -50.00          0.00
    4       -200.00        -50.00          0.00

  Transmitter  8 has  4 vertices.

            Easting      Northing      Elevation
            -------      --------      ---------
    1       -175.00         50.00          0.00
    2        -75.00         50.00          0.00
    3        -75.00        -50.00          0.00
    4       -175.00        -50.00          0.00

  Transmitter  9 has  4 vertices.

            Easting      Northing      Elevation
            -------      --------      ---------
    1       -150.00         50.00          0.00
    2        -50.00         50.00          0.00
    3        -50.00        -50.00          0.00
    4       -150.00        -50.00          0.00

  Transmitter 10 has  4 vertices.

            Easting      Northing      Elevation
            -------      --------      ---------
    1       -125.00         50.00          0.00
    2        -25.00         50.00          0.00
    3        -25.00        -50.00          0.00
    4       -125.00        -50.00          0.00

  Transmitter 11 has  4 vertices.

            Easting      Northing      Elevation
            -------      --------      ---------
    1       -100.00         50.00          0.00
    2          0.00         50.00          0.00
    3          0.00        -50.00          0.00
    4       -100.00        -50.00          0.00

  Transmitter 12 has  4 vertices.

            Easting      Northing      Elevation
            -------      --------      ---------
    1        -75.00         50.00          0.00
    2         25.00         50.00          0.00
    3         25.00        -50.00          0.00
    4        -75.00        -50.00          0.00

  Transmitter 13 has  4 vertices.

            Easting      Northing      Elevation
            -------      --------      ---------
    1        -50.00         50.00          0.00
    2         50.00         50.00          0.00
    3         50.00        -50.00          0.00
    4        -50.00        -50.00          0.00

  Transmitter 14 has  4 vertices.

            Easting      Northing      Elevation
            -------      --------      ---------
    1        -25.00         50.00          0.00
    2         75.00         50.00          0.00
    3         75.00        -50.00          0.00
    4        -25.00        -50.00          0.00

  Transmitter 15 has  4 vertices.

            Easting      Northing      Elevation
            -------      --------      ---------
    1          0.00         50.00          0.00
    2        100.00         50.00          0.00
    3        100.00        -50.00          0.00
    4          0.00        -50.00          0.00

  Transmitter 16 has  4 vertices.

            Easting      Northing      Elevation
            -------      --------      ---------
    1         25.00         50.00          0.00
    2        125.00         50.00          0.00
    3        125.00        -50.00          0.00
    4         25.00        -50.00          0.00

  Transmitter 17 has  4 vertices.

            Easting      Northing      Elevation
            -------      --------      ---------
    1         50.00         50.00          0.00
    2        150.00         50.00          0.00
    3        150.00        -50.00          0.00
    4         50.00        -50.00          0.00

  Transmitter 18 has  4 vertices.

            Easting      Northing      Elevation
            -------      --------      ---------
    1         75.00         50.00          0.00
    2        175.00         50.00          0.00
    3        175.00        -50.00          0.00
    4         75.00        -50.00          0.00

  Transmitter 19 has  4 vertices.

            Easting      Northing      Elevation
            -------      --------      ---------
    1        100.00         50.00          0.00
    2        200.00         50.00          0.00
    3        200.00        -50.00          0.00
    4        100.00        -50.00          0.00

  Transmitter 20 has  4 vertices.

            Easting      Northing      Elevation
            -------      --------      ---------
    1        125.00         50.00          0.00
    2        225.00         50.00          0.00
    3        225.00        -50.00          0.00
    4        125.00        -50.00          0.00

  Transmitter 21 has  4 vertices.

            Easting      Northing      Elevation
            -------      --------      ---------
    1        150.00         50.00          0.00
    2        250.00         50.00          0.00
    3        250.00        -50.00          0.00
    4        150.00        -50.00          0.00

  Transmitter 22 has  4 vertices.

            Easting      Northing      Elevation
            -------      --------      ---------
    1        175.00         50.00          0.00
    2        275.00         50.00          0.00
    3        275.00        -50.00          0.00
    4        175.00        -50.00          0.00

  Transmitter 23 has  4 vertices.

            Easting      Northing      Elevation
            -------      --------      ---------
    1        200.00         50.00          0.00
    2        300.00         50.00          0.00
    3        300.00        -50.00          0.00
    4        200.00        -50.00          0.00

  Transmitter 24 has  4 vertices.

            Easting      Northing      Elevation
            -------      --------      ---------
    1        225.00         50.00          0.00
    2        325.00         50.00          0.00
    3        325.00        -50.00          0.00
    4        225.00        -50.00          0.00

  Fixed Offset for Magnetic Dipole Receiver
  -----------------------------------------
     East        North     Vertical   Moment    CMP  UNITS
       0.00       0.00       0.00       1.00     0     1


     MESH AND LITHOLOGIES DESCRIPTION
     ----------------------------------------

  Number of node rows =  27
  Number of node columns =  81
  NLITH = 11    KACC = 1    SOLVER = 1    OUTPUT =  10

   1      100.0         -1.0       1.000      1.000      0.00    0.00        0.00
   2      2000.         -1.0       1.000      1.000      0.00    0.00        0.00
   3      1000.         -1.0       1.000      1.000      0.00    0.00        1.00
   4      80.00         -1.0       1.000      1.000      0.00    0.00        1.00
   5      50.00         -1.0       1.000      1.000      0.00    0.00        1.00
   6      200.0         -1.0       1.000      1.000      0.00    0.00        1.00
   7      50.00         -1.0       1.000      1.000      0.00    0.00        1.00
   8      10.00        100.0       1.000      1.000      0.00    0.00        1.00
   9     0.1000        200.0       1.000      1.000      0.00    0.00        1.00
  10      1.000        120.0       1.000      1.000      0.00    0.00        1.00
  11     0.3800         -1.0       1.000      1.000      0.00    0.00        1.00


  Before computation begins, Arjuna transforms array and model coordinates from
  "real world" coordimnates where elevation increases positive upwards to a
  body- centred system where depth increases positive downwards.  The new 
  vertical origin is at the air-earth interface.  The new horizontal origin is
  over the centre of the model region.  In the original user defined system
  the new computation origin is located at:

   EAST:         0.00;    NORTH:         0.00;    ELEVATION: 

  Transformed Vertex Locations for Loop Sources
  ---------------------------------------------

      Transmitter  1 has  4 vertices.

         Easting   Northing     Depth

    1    -350.00      50.00      -0.00
    2    -250.00      50.00      -0.00
    3    -250.00     -50.00      -0.00
    4    -350.00     -50.00      -0.00

      Transmitter  2 has  4 vertices.

         Easting   Northing     Depth

    1    -325.00      50.00      -0.00
    2    -225.00      50.00      -0.00
    3    -225.00     -50.00      -0.00
    4    -325.00     -50.00      -0.00

      Transmitter  3 has  4 vertices.

         Easting   Northing     Depth

    1    -300.00      50.00      -0.00
    2    -200.00      50.00      -0.00
    3    -200.00     -50.00      -0.00
    4    -300.00     -50.00      -0.00

      Transmitter  4 has  4 vertices.

         Easting   Northing     Depth

    1    -275.00      50.00      -0.00
    2    -175.00      50.00      -0.00
    3    -175.00     -50.00      -0.00
    4    -275.00     -50.00      -0.00

      Transmitter  5 has  4 vertices.

         Easting   Northing     Depth

    1    -250.00      50.00      -0.00
    2    -150.00      50.00      -0.00
    3    -150.00     -50.00      -0.00
    4    -250.00     -50.00      -0.00

      Transmitter  6 has  4 vertices.

         Easting   Northing     Depth

    1    -225.00      50.00      -0.00
    2    -125.00      50.00      -0.00
    3    -125.00     -50.00      -0.00
    4    -225.00     -50.00      -0.00

      Transmitter  7 has  4 vertices.

         Easting   Northing     Depth

    1    -200.00      50.00      -0.00
    2    -100.00      50.00      -0.00
    3    -100.00     -50.00      -0.00
    4    -200.00     -50.00      -0.00

      Transmitter  8 has  4 vertices.

         Easting   Northing     Depth

    1    -175.00      50.00      -0.00
    2     -75.00      50.00      -0.00
    3     -75.00     -50.00      -0.00
    4    -175.00     -50.00      -0.00

      Transmitter  9 has  4 vertices.

         Easting   Northing     Depth

    1    -150.00      50.00      -0.00
    2     -50.00      50.00      -0.00
    3     -50.00     -50.00      -0.00
    4    -150.00     -50.00      -0.00

      Transmitter 10 has  4 vertices.

         Easting   Northing     Depth

    1    -125.00      50.00      -0.00
    2     -25.00      50.00      -0.00
    3     -25.00     -50.00      -0.00
    4    -125.00     -50.00      -0.00

      Transmitter 11 has  4 vertices.

         Easting   Northing     Depth

    1    -100.00      50.00      -0.00
    2       0.00      50.00      -0.00
    3       0.00     -50.00      -0.00
    4    -100.00     -50.00      -0.00

      Transmitter 12 has  4 vertices.

         Easting   Northing     Depth

    1     -75.00      50.00      -0.00
    2      25.00      50.00      -0.00
    3      25.00     -50.00      -0.00
    4     -75.00     -50.00      -0.00

      Transmitter 13 has  4 vertices.

         Easting   Northing     Depth

    1     -50.00      50.00      -0.00
    2      50.00      50.00      -0.00
    3      50.00     -50.00      -0.00
    4     -50.00     -50.00      -0.00

      Transmitter 14 has  4 vertices.

         Easting   Northing     Depth

    1     -25.00      50.00      -0.00
    2      75.00      50.00      -0.00
    3      75.00     -50.00      -0.00
    4     -25.00     -50.00      -0.00

      Transmitter 15 has  4 vertices.

         Easting   Northing     Depth

    1       0.00      50.00      -0.00
    2     100.00      50.00      -0.00
    3     100.00     -50.00      -0.00
    4       0.00     -50.00      -0.00

      Transmitter 16 has  4 vertices.

         Easting   Northing     Depth

    1      25.00      50.00      -0.00
    2     125.00      50.00      -0.00
    3     125.00     -50.00      -0.00
    4      25.00     -50.00      -0.00

      Transmitter 17 has  4 vertices.

         Easting   Northing     Depth

    1      50.00      50.00      -0.00
    2     150.00      50.00      -0.00
    3     150.00     -50.00      -0.00
    4      50.00     -50.00      -0.00

      Transmitter 18 has  4 vertices.

         Easting   Northing     Depth

    1      75.00      50.00      -0.00
    2     175.00      50.00      -0.00
    3     175.00     -50.00      -0.00
    4      75.00     -50.00      -0.00

      Transmitter 19 has  4 vertices.

         Easting   Northing     Depth

    1     100.00      50.00      -0.00
    2     200.00      50.00      -0.00
    3     200.00     -50.00      -0.00
    4     100.00     -50.00      -0.00

      Transmitter 20 has  4 vertices.

         Easting   Northing     Depth

    1     125.00      50.00      -0.00
    2     225.00      50.00      -0.00
    3     225.00     -50.00      -0.00
    4     125.00     -50.00      -0.00

      Transmitter 21 has  4 vertices.

         Easting   Northing     Depth

    1     150.00      50.00      -0.00
    2     250.00      50.00      -0.00
    3     250.00     -50.00      -0.00
    4     150.00     -50.00      -0.00

      Transmitter 22 has  4 vertices.

         Easting   Northing     Depth

    1     175.00      50.00      -0.00
    2     275.00      50.00      -0.00
    3     275.00     -50.00      -0.00
    4     175.00     -50.00      -0.00

      Transmitter 23 has  4 vertices.

         Easting   Northing     Depth

    1     200.00      50.00      -0.00
    2     300.00      50.00      -0.00
    3     300.00     -50.00      -0.00
    4     200.00     -50.00      -0.00

      Transmitter 24 has  4 vertices.

         Easting   Northing     Depth

    1     225.00      50.00      -0.00
    2     325.00      50.00      -0.00
    3     325.00     -50.00      -0.00
    4     225.00     -50.00      -0.00


  Transformed Locations for Central Loop Magnetic Dipole Receivers
  -----------------------------------------------------------------
   1    -300.00       0.00      -0.00    0.0    0.0        1.
   2    -275.00       0.00      -0.00    0.0    0.0        1.
   3    -250.00       0.00      -0.00    0.0    0.0        1.
   4    -225.00       0.00      -0.00    0.0    0.0        1.
   5    -200.00       0.00      -0.00    0.0    0.0        1.
   6    -175.00       0.00      -0.00    0.0    0.0        1.
   7    -150.00       0.00      -0.00    0.0    0.0        1.
   8    -125.00       0.00      -0.00    0.0    0.0        1.
   9    -100.00       0.00      -0.00    0.0    0.0        1.
  10     -75.00       0.00      -0.00    0.0    0.0        1.
  11     -50.00       0.00      -0.00    0.0    0.0        1.
  12     -25.00       0.00      -0.00    0.0    0.0        1.
  13       0.00       0.00      -0.00    0.0    0.0        1.
  14      25.00       0.00      -0.00    0.0    0.0        1.
  15      50.00       0.00      -0.00    0.0    0.0        1.
  16      75.00       0.00      -0.00    0.0    0.0        1.
  17     100.00       0.00      -0.00    0.0    0.0        1.
  18     125.00       0.00      -0.00    0.0    0.0        1.
  19     150.00       0.00      -0.00    0.0    0.0        1.
  20     175.00       0.00      -0.00    0.0    0.0        1.
  21     200.00       0.00      -0.00    0.0    0.0        1.
  22     225.00       0.00      -0.00    0.0    0.0        1.
  23     250.00       0.00      -0.00    0.0    0.0        1.
  24     275.00       0.00      -0.00    0.0    0.0        1.

---------------------------------------------------------------------------
                       END OF INPUT DATA DESCRIPTION
---------------------------------------------------------------------------

  The time-domain results will be constructed using frequency-domain
  output computed at 3 points per decade, from  1.0 Hz to 10 Hz
  and at 6 points per decade, from 10 Hz to  0.1000E+06 Hz.

  Arjuna will start by computing new frequency-domain responses in the specified 
  range to construct the spectrum from DC to the appropriate upper limit.

  Flat sheet model with central loop                                                                                      


  Time-domain output for a central loop survey.
  For each loop centre position, the output is printed in NANOTESLAS /SEC.


      PROFILE OUTPUT:  VERTICAL COMPONENT     
      STANDARD OUTPUT - LAYERED EARTH + SCATTERED FIELDS

          RECEIVER POSITIONS            CHNL 1       CHNL 2       CHNL 3       CHNL 4       CHNL 5       CHNL 6       CHNL 7       CHNL 8       CHNL 9      CHNL 10      CHNL 11      CHNL 12 
       Northing     Easting     Elev    40.10        40.20        40.30        40.50        41.00        42.00        43.00        45.00        50.00        55.00        60.00        70.00    

  1        0.00     -300.00     0.00   0.2086E+05    4514.        1869.        665.0        175.8        48.23        22.69        8.713        2.203       0.9186       0.4840       0.1798    
  2        0.00     -275.00     0.00   0.2039E+05    4595.        2019.        751.4        205.2        57.04        27.09        10.57        2.649        1.093       0.5613       0.2052    
  3        0.00     -250.00     0.00   0.2005E+05    4917.        2275.        881.6        246.5        69.35        33.44        13.21        3.266        1.300       0.6659       0.2406    
  4        0.00     -225.00     0.00   0.2032E+05    5594.        2707.        1070.        301.2        87.37        42.93        17.05        4.143        1.606       0.7973       0.2788    
  5        0.00     -200.00     0.00   0.2218E+05    6801.        3360.        1336.        383.3        114.4        57.24        23.20        5.450        2.022       0.9687       0.3171    
  6        0.00     -175.00     0.00   0.2664E+05    8644.        4270.        1693.        492.7        153.1        78.52        32.40        7.408        2.570        1.163       0.3413    
  7        0.00     -150.00     0.00   0.3330E+05   0.1093E+05    5350.        2102.        610.1        195.5        102.8        43.97        10.50        3.797        1.766       0.5621    
  8        0.00     -125.00     0.00   0.3875E+05   0.1331E+05    6680.        2702.        831.7        265.6        135.7        58.70        17.78        8.427        4.916        2.214    
  9        0.00     -100.00     0.00   0.4355E+05   0.1941E+05   0.1197E+05    6558.        2858.        1015.        477.9        167.7        47.93        26.31        17.09        8.669    
 10        0.00      -75.00     0.00   0.4385E+05   0.2650E+05   0.2006E+05   0.1423E+05    8194.        3496.        1716.        538.5        84.97        34.57        21.04        10.75    
 11        0.00      -50.00     0.00   0.3903E+05   0.2574E+05   0.2044E+05   0.1589E+05   0.1083E+05    5670.        3159.        1123.        143.9        32.23        12.77        5.392    
 12        0.00      -25.00     0.00   0.3562E+05   0.2394E+05   0.1910E+05   0.1514E+05   0.1089E+05    6306.        3848.        1576.        230.0        43.89        11.99        3.421    
 13        0.00        0.00     0.00   0.3461E+05   0.2335E+05   0.1862E+05   0.1480E+05   0.1077E+05    6388.        4008.        1729.        267.5        49.06        11.18        2.109    
 14        0.00       25.00     0.00   0.3555E+05   0.2390E+05   0.1911E+05   0.1512E+05   0.1088E+05    6316.        3863.        1588.        232.9        44.59        12.11        3.429    
 15        0.00       50.00     0.00   0.3894E+05   0.2573E+05   0.2042E+05   0.1587E+05   0.1086E+05    5716.        3201.        1146.        147.9        32.90        12.94        5.446    
 16        0.00       75.00     0.00   0.4376E+05   0.2652E+05   0.2008E+05   0.1431E+05    8308.        3586.        1773.        561.7        89.19        36.27        22.01        11.26    
 17        0.00      100.00     0.00   0.4362E+05   0.1954E+05   0.1208E+05    6633.        2922.        1056.        502.8        179.2        51.95        28.63        18.64        9.478    
 18        0.00      125.00     0.00   0.3914E+05   0.1358E+05    6906.        2861.        895.9        283.5        144.4        62.70        19.38        9.350        5.528        2.535    
 19        0.00      150.00     0.00   0.3287E+05   0.1086E+05    5339.        2099.        609.1        193.4        101.7        43.54        10.57        3.887        1.870       0.6412    
 20        0.00      175.00     0.00   0.2682E+05    8715.        4303.        1706.        495.3        155.0        79.61        32.89        7.550        2.648        1.202       0.3577    
 21        0.00      200.00     0.00   0.2226E+05    6843.        3378.        1346.        385.5        115.6        58.02        23.45        5.520        2.063       0.9791       0.3219    
 22        0.00      225.00     0.00   0.2035E+05    5618.        2714.        1077.        304.1        88.22        43.23        17.32        4.189        1.625       0.8047       0.2811    
 23        0.00      250.00     0.00   0.2005E+05    4914.        2289.        883.1        246.0        69.90        33.72        13.27        3.282        1.307       0.6714       0.2420    
 24        0.00      275.00     0.00   0.2039E+05    4604.        2025.        753.8        205.9        57.41        27.29        10.65        2.659        1.098       0.5675       0.2076    

      PROFILE OUTPUT:  EAST COMPONENT         
      STANDARD OUTPUT - LAYERED EARTH + SCATTERED FIELDS

          RECEIVER POSITIONS            CHNL 1       CHNL 2       CHNL 3       CHNL 4       CHNL 5       CHNL 6       CHNL 7       CHNL 8       CHNL 9      CHNL 10      CHNL 11      CHNL 12 
       Northing     Easting     Elev    40.10        40.20        40.30        40.50        41.00        42.00        43.00        45.00        50.00        55.00        60.00        70.00    

  1        0.00     -300.00     0.00    105.2        361.5        336.6        186.7        51.80        10.08        3.344       0.6752       0.3314E-01  -0.6810E-02  -0.1168E-01  -0.8883E-02
  2        0.00     -275.00     0.00    287.0        642.7        481.1        226.2        53.62        8.829        2.289       0.1379      -0.9719E-01  -0.4705E-01  -0.2796E-01  -0.1430E-01
  3        0.00     -250.00     0.00    946.4        1032.        640.9        257.4        50.97        5.622       0.1368      -0.8975      -0.3177      -0.1110      -0.5338E-01  -0.2010E-01
  4        0.00     -225.00     0.00    2326.        1482.        777.4        267.3        39.30       -1.781       -4.362       -2.907      -0.7169      -0.2072      -0.7984E-01  -0.1841E-01
  5        0.00     -200.00     0.00    4353.        1834.        821.2        226.3        5.970       -17.93       -13.83       -6.967       -1.410      -0.3226      -0.7291E-01   0.2197E-01
  6        0.00     -175.00     0.00    6050.        1821.        663.8        90.45       -64.77       -49.81       -32.12       -14.30       -2.190      -0.1046       0.2710       0.2950    
  7        0.00     -150.00     0.00    6105.        1605.        539.9        24.92       -99.36       -75.41       -50.15       -21.97       -1.484        1.652        1.861        1.330    
  8        0.00     -125.00     0.00    3893.        2521.        1887.        1262.        635.3        206.7        78.34        18.58        10.09        8.890        6.984        4.198    
  9        0.00     -100.00     0.00   -703.1        3597.        4219.        3960.        2660.        1190.        583.8        178.1        27.47        12.50        8.501        5.005    
 10        0.00      -75.00     0.00   -5368.       -50.76        1462.        2558.        2802.        1859.        1127.        427.2        49.12        5.184      -0.4740      -0.5545    
 11        0.00      -50.00     0.00   -5646.       -2531.       -1474.       -395.1        677.6        1037.        880.7        479.6        79.37        9.437       -1.638       -2.229    
 12        0.00      -25.00     0.00   -2880.       -1687.       -1243.       -767.8       -186.8        236.6        337.3        270.1        60.81        8.587      -0.9078       -1.767    
 13        0.00        0.00     0.00   -290.3       -362.0       -321.8       -250.8       -140.4       -51.37       -20.73       -3.110       0.7358       0.3445       0.1476       0.5777E-01
 14        0.00       25.00     0.00    2303.        986.2        624.2        293.6       -75.97       -338.4       -382.0       -279.2       -60.09       -7.986        1.270        1.933    
 15        0.00       50.00     0.00    5044.        1807.        826.3       -141.5       -1029.       -1190.       -950.4       -496.2       -79.50       -8.737        2.223        2.555    
 16        0.00       75.00     0.00    4092.       -1384.       -2707.       -3468.       -3247.       -1990.       -1178.       -441.9       -52.41       -6.585      -0.3484       0.1429    
 17        0.00      100.00     0.00    686.2       -3696.       -4210.       -3843.       -2535.       -1143.       -571.0       -181.6       -30.69       -14.21       -9.555       -5.513    
 18        0.00      125.00     0.00   -3086.       -2354.       -1865.       -1279.       -633.6       -199.3       -72.48       -14.61       -8.292       -7.888       -6.361       -3.897    
 19        0.00      150.00     0.00   -5065.       -1502.       -588.5       -102.8        60.25        64.42        46.87        22.54        2.582      -0.8483       -1.275      -0.9888    
 20        0.00      175.00     0.00   -4597.       -1394.       -474.2       -23.92        81.29        54.92        34.55        15.12        2.206       0.2557E-01  -0.3564      -0.3556    
 21        0.00      200.00     0.00   -2899.       -1402.       -632.9       -161.3        8.697        21.57        15.42        7.499        1.451       0.3072       0.4864E-01  -0.4351E-01
 22        0.00      225.00     0.00   -913.7       -1061.       -594.9       -207.4       -26.14        4.583        5.544        3.301       0.7754       0.2228       0.8153E-01   0.1555E-01
 23        0.00      250.00     0.00    444.1       -620.3       -462.1       -199.8       -39.27       -3.149       0.8311        1.201       0.3727       0.1287       0.5884E-01   0.2067E-01
 24        0.00      275.00     0.00    1097.       -233.2       -306.6       -169.5       -42.09       -6.572       -1.433       0.1292       0.1428       0.6402E-01   0.3602E-01   0.1605E-01

      PROFILE OUTPUT:  NORTH COMPONENT        
      STANDARD OUTPUT - LAYERED EARTH + SCATTERED FIELDS

          RECEIVER POSITIONS            CHNL 1       CHNL 2       CHNL 3       CHNL 4       CHNL 5       CHNL 6       CHNL 7       CHNL 8       CHNL 9      CHNL 10      CHNL 11      CHNL 12 
       Northing     Easting     Elev    40.10        40.20        40.30        40.50        41.00        42.00        43.00        45.00        50.00        55.00        60.00        70.00    

  1        0.00     -300.00     0.00   0.1345       0.2330E-01   0.8045E-02   0.2063E-02   0.3718E-03   0.5640E-04   0.1543E-04   0.3405E-05   0.5480E-06   0.1662E-06   0.7114E-07   0.2657E-07
  2        0.00     -275.00     0.00   0.1349       0.2444E-01   0.8701E-02   0.2265E-02   0.4041E-03   0.5919E-04   0.1502E-04   0.2882E-05   0.4886E-06   0.1696E-06   0.9071E-07   0.4212E-07
  3        0.00     -250.00     0.00   0.1372       0.2643E-01   0.9661E-02   0.2517E-02   0.4370E-03   0.5890E-04   0.1268E-04   0.1621E-05   0.3776E-06   0.2331E-06   0.1682E-06   0.9879E-07
  4        0.00     -225.00     0.00   0.1438       0.2962E-01   0.1098E-01   0.2817E-02   0.4577E-03   0.5105E-04   0.5812E-05  -0.1159E-05   0.4351E-06   0.6116E-06   0.5198E-06   0.3329E-06
  5        0.00     -200.00     0.00   0.1577       0.3428E-01   0.1266E-01   0.3118E-02   0.4430E-03   0.2433E-04  -0.1000E-04  -0.5197E-05   0.2392E-05   0.2752E-05   0.2257E-05   0.1394E-05
  6        0.00     -175.00     0.00   0.1821       0.4094E-01   0.1497E-01   0.3491E-02   0.3923E-03  -0.1260E-04  -0.2177E-04   0.4598E-05   0.1780E-04   0.1466E-04   0.1101E-04   0.6336E-05
  7        0.00     -150.00     0.00   0.2273       0.5819E-01   0.2373E-01   0.7001E-02   0.1556E-02   0.4123E-03   0.2350E-03   0.1636E-03   0.1052E-03   0.7032E-04   0.4891E-04   0.2603E-04
  8        0.00     -125.00     0.00   0.3060       0.1075       0.5735E-01   0.2713E-01   0.1155E-01   0.4345E-02   0.2232E-02   0.9879E-03   0.3842E-03   0.2224E-03   0.1453E-03   0.7264E-04
  9        0.00     -100.00     0.00   0.4896       0.2512       0.1700       0.1057       0.5348E-01   0.2075E-01   0.1023E-01   0.3853E-02   0.1117E-02   0.5820E-03   0.3646E-03   0.1752E-03
 10        0.00      -75.00     0.00   0.6911       0.4342       0.3306       0.2355       0.1333       0.5375E-01   0.2548E-01   0.7996E-02   0.1493E-02   0.6726E-03   0.4111E-03   0.1988E-03
 11        0.00      -50.00     0.00   0.7515       0.4975       0.3899       0.2917       0.1812       0.8139E-01   0.4050E-01   0.1239E-01   0.1437E-02   0.4167E-03   0.2247E-03   0.1095E-03
 12        0.00      -25.00     0.00   0.7433       0.4990       0.3920       0.2973       0.1925       0.9291E-01   0.4911E-01   0.1628E-01   0.1795E-02   0.3827E-03   0.1673E-03   0.7785E-04
 13        0.00        0.00     0.00   0.7372       0.4963       0.3902       0.2973       0.1941       0.9571E-01   0.5160E-01   0.1762E-01   0.1908E-02   0.3355E-03   0.1165E-03   0.4925E-04
 14        0.00       25.00     0.00   0.7432       0.4991       0.3921       0.2974       0.1927       0.9316E-01   0.4933E-01   0.1640E-01   0.1815E-02   0.3872E-03   0.1693E-03   0.7886E-04
 15        0.00       50.00     0.00   0.7527       0.4985       0.3906       0.2923       0.1819       0.8210E-01   0.4100E-01   0.1260E-01   0.1467E-02   0.4254E-03   0.2293E-03   0.1119E-03
 16        0.00       75.00     0.00   0.6944       0.4367       0.3327       0.2375       0.1354       0.5508E-01   0.2627E-01   0.8316E-02   0.1569E-02   0.7082E-03   0.4329E-03   0.2093E-03
 17        0.00      100.00     0.00   0.4939       0.2547       0.1728       0.1078       0.5508E-01   0.2172E-01   0.1084E-01   0.4154E-02   0.1218E-02   0.6339E-03   0.3965E-03   0.1902E-03
 18        0.00      125.00     0.00   0.3129       0.1151       0.6451E-01   0.3251E-01   0.1392E-01   0.5077E-02   0.2566E-02   0.1124E-02   0.4331E-03   0.2498E-03   0.1629E-03   0.8120E-04
 19        0.00      150.00     0.00   0.2296       0.6124E-01   0.2601E-01   0.8219E-02   0.1941E-02   0.4639E-03   0.2143E-03   0.1211E-03   0.7754E-04   0.5332E-04   0.3758E-04   0.2032E-04
 20        0.00      175.00     0.00   0.1830       0.4115E-01   0.1503E-01   0.3477E-02   0.3867E-03  -0.1002E-04  -0.1718E-04   0.9585E-05   0.2156E-04   0.1731E-04   0.1297E-04   0.7442E-05
 21        0.00      200.00     0.00   0.1583       0.3441E-01   0.1271E-01   0.3121E-02   0.4392E-03   0.2391E-04  -0.9823E-05  -0.4491E-05   0.3169E-05   0.3374E-05   0.2733E-05   0.1685E-05
 22        0.00      225.00     0.00   0.1441       0.2973E-01   0.1101E-01   0.2824E-02   0.4576E-03   0.5067E-04   0.5684E-05  -0.1078E-05   0.6052E-06   0.7690E-06   0.6452E-06   0.4127E-06
 23        0.00      250.00     0.00   0.1373       0.2651E-01   0.9692E-02   0.2520E-02   0.4378E-03   0.5878E-04   0.1258E-04   0.1598E-05   0.4206E-06   0.2777E-06   0.2028E-06   0.1222E-06
 24        0.00      275.00     0.00   0.1349       0.2446E-01   0.8734E-02   0.2264E-02   0.4048E-03   0.5914E-04   0.1499E-04   0.2861E-05   0.5135E-06   0.1792E-06   0.9819E-07   0.5100E-07


  Arjuna forward model completed at 12:31 on 07 JAN 2013

  Computation time =    3479.83 seconds.


