

  Arjuna task started at 12:31 on 07 JAN 2013



            Arjuna Version :         2.1.1 11 January, 2008

  #######################################################################
  #*********************************************************************#
  #*                                                                   *#
  #*  THIS PROGRAM HAS BEEN RELEASED STRICTLY FOR THE USE OF SPONSORS  *#
  #*   OF AMIRA PROJECTS P223E AND THEIR AUTHORISED AGENTS.            *#
  #*                                                                   *#
  #*********************************************************************#
  #######################################################################


          INPUT DATA
          ----------


 Fixed Loop with surface and down hole survey - 04 Aug 13:17:48                                                          

  TDFD = 1;   PRFL = 1;   STEP = 1;   ISTOP = 0

          +-----------------------------------------+
          +  Time-Domain Ground System Information  +
          +-----------------------------------------+

  DO3D =  1;   NSX =  10;   NCHNL =  15
  KRXW = 1;    OFFTYM =   12.00    


             TXON (ms)    Transmitter current (amps)
             ---------    --------------------------

      1        0.000         0.000    
      2        0.100        -5.000    
      3        0.200        -10.00    
      4        0.300        -10.00    
      5        1.000        -10.00    
      6        1.100         0.000    
      7        1.200         10.00    
      8        2.000         10.00    
      9        2.100         5.000    
     10        2.200         0.000    


         Receiver Window Specifications (ms - referenced to signal origin)
         ----------------------------------------------------------------

       Window     Open       Close       Width     Centre
       ------     ----       -----       -----     ------
          1       2.200       2.400      0.200       2.300
          2       2.400       2.500      0.100       2.450
          3       2.500       3.000      0.500       2.750
          4       3.000       3.500      0.500       3.250
          5       3.500       4.500      1.000       4.000
          6       4.850       4.950      0.100       4.900
          7       5.050       5.150      0.100       5.100
          8       5.150       5.250      0.100       5.200
          9       5.250       5.350      0.100       5.300
         10       5.350       5.650      0.300       5.500
         11       5.500       6.500      1.000       6.000
         12       6.500       7.500      1.000       7.000
         13       7.500       8.500      1.000       8.000
         14       8.500      11.500      3.000      10.000
         15      11.500      14.500      3.000      13.000


  SOURCE_TYPE = 1;   SURVEY_TYPE = 1;   NTX =  1;   NRXG = 2


  Vertex Locations for Loop Sources
  ---------------------------------

  Transmitter  1 has  4 vertices.

            Easting      Northing      Elevation
            -------      --------      ---------
    1       -200.00       -100.00          0.00
    2       -200.00        100.00          0.00
    3       -100.00        100.00          0.00
    4       -100.00       -100.00          0.00


  Rx Group:  1;   NRX = 30;   Type = 1;   CMP = 0;   Units = 1

          Magnetic Dipole Receivers
          -------------------------

          Easting     Northing      Elevation   Moment
          -------     --------      ---------   ------
   1      -280.00         0.00         0.00       1.0
   2      -260.00         0.00         0.00       1.0
   3      -240.00         0.00         0.00       1.0
   4      -220.00         0.00         0.00       1.0
   5      -200.00         0.00         0.00       1.0
   6      -180.00         0.00         0.00       1.0
   7      -160.00         0.00         0.00       1.0
   8      -140.00         0.00         0.00       1.0
   9      -120.00         0.00         0.00       1.0
  10      -100.00         0.00         0.00       1.0
  11       -80.00         0.00         0.00       1.0
  12       -60.00         0.00         0.00       1.0
  13       -40.00         0.00         0.00       1.0
  14       -20.00         0.00         0.00       1.0
  15         0.00         0.00         0.00       1.0
  16        20.00         0.00         0.00       1.0
  17        40.00         0.00         0.00       1.0
  18        60.00         0.00         0.00       1.0
  19        80.00         0.00         0.00       1.0
  20       100.00         0.00         0.00       1.0
  21       120.00         0.00         0.00       1.0
  22       140.00         0.00         0.00       1.0
  23       160.00         0.00         0.00       1.0
  24       180.00         0.00         0.00       1.0
  25       200.00         0.00         0.00       1.0
  26       220.00         0.00         0.00       1.0
  27       240.00         0.00         0.00       1.0
  28       260.00         0.00         0.00       1.0
  29       280.00         0.00         0.00       1.0
  30       300.00         0.00         0.00       1.0


  Rx Group:  2;   NRX = 11;   Type = 1;   CMP = 0;   Units = 1

          Magnetic Dipole Receivers
          -------------------------

          Easting     Northing      Elevation   Moment
          -------     --------      ---------   ------
   1       100.00         0.00         0.00       1.0
   2        80.00         0.00       -20.00       1.0
   3        60.00         0.00       -40.00       1.0
   4        40.00         0.00       -60.00       1.0
   5        20.00         0.00       -80.00       1.0
   6         0.00         0.00      -100.00       1.0
   7       -20.00         0.00      -120.00       1.0
   8       -40.00         0.00      -140.00       1.0
   9       -60.00         0.00      -160.00       1.0
  10       -80.00         0.00      -180.00       1.0
  11      -100.00         0.00      -200.00       1.0

    This survey is composed of  2 events.

             Tx   Rx Group
   Event   Index  Index    NRX

     1       1       1     30
     2       1       2     11


     MESH AND LITHOLOGIES DESCRIPTION
     ----------------------------------------

  Number of node rows =  32
  Number of node columns =  61
  NLITH =  9    KACC = 1    SOLVER = 1    OUTPUT =  10

   1      100.0         -1.0       1.000      1.000      0.00    0.00        1.00
   2      10.00         -1.0       1.000      1.000      0.00    0.00        1.00
   3      100.0         -1.0       1.000      1.000      0.00    0.00        1.00
   4      1.000         50.0       1.000      1.000      0.00    0.00        1.00
   5      20.00         30.0       1.000      1.000      0.40    1.17        0.20
   6      5.000         42.0       1.000      1.000      0.00    0.00        1.00
   7      1.000        200.0       1.000      1.000      0.20    1.20        0.40
   8      1.000         30.0       1.000      1.000      0.00    0.00        1.00
   9     0.1000        300.0       1.000      1.000      0.00    0.00        1.00


  Before computation begins, Arjuna transforms array and model coordinates from
  "real world" coordimnates where elevation increases positive upwards to a
  body- centred system where depth increases positive downwards.  The new 
  vertical origin is at the air-earth interface.  The new horizontal origin is
  over the centre of the model region.  In the original user defined system
  the new computation origin is located at:

   EAST:         0.00;    NORTH:         0.00;    ELEVATION: 

  Transformed Vertex Locations for Loop Sources
  ---------------------------------------------

      Transmitter  1 has  4 vertices.

         Easting   Northing     Depth

    1    -200.00    -100.00      -0.00
    2    -200.00     100.00      -0.00
    3    -100.00     100.00      -0.00
    4    -100.00    -100.00      -0.00


  Transformed Locations for Magnetic Dipole Receivers in Rx Group  1
  ------------------------------------------------------------------
        Easting   Northing     Depth    Dip    Azimuth   Moment

   1    -280.00       0.00      -0.00    0.0    0.0        1.
   2    -260.00       0.00      -0.00    0.0    0.0        1.
   3    -240.00       0.00      -0.00    0.0    0.0        1.
   4    -220.00       0.00      -0.00    0.0    0.0        1.
   5    -200.00       0.00      -0.00    0.0    0.0        1.
   6    -180.00       0.00      -0.00    0.0    0.0        1.
   7    -160.00       0.00      -0.00    0.0    0.0        1.
   8    -140.00       0.00      -0.00    0.0    0.0        1.
   9    -120.00       0.00      -0.00    0.0    0.0        1.
  10    -100.00       0.00      -0.00    0.0    0.0        1.
  11     -80.00       0.00      -0.00    0.0    0.0        1.
  12     -60.00       0.00      -0.00    0.0    0.0        1.
  13     -40.00       0.00      -0.00    0.0    0.0        1.
  14     -20.00       0.00      -0.00    0.0    0.0        1.
  15       0.00       0.00      -0.00    0.0    0.0        1.
  16      20.00       0.00      -0.00    0.0    0.0        1.
  17      40.00       0.00      -0.00    0.0    0.0        1.
  18      60.00       0.00      -0.00    0.0    0.0        1.
  19      80.00       0.00      -0.00    0.0    0.0        1.
  20     100.00       0.00      -0.00    0.0    0.0        1.
  21     120.00       0.00      -0.00    0.0    0.0        1.
  22     140.00       0.00      -0.00    0.0    0.0        1.
  23     160.00       0.00      -0.00    0.0    0.0        1.
  24     180.00       0.00      -0.00    0.0    0.0        1.
  25     200.00       0.00      -0.00    0.0    0.0        1.
  26     220.00       0.00      -0.00    0.0    0.0        1.
  27     240.00       0.00      -0.00    0.0    0.0        1.
  28     260.00       0.00      -0.00    0.0    0.0        1.
  29     280.00       0.00      -0.00    0.0    0.0        1.
  30     300.00       0.00      -0.00    0.0    0.0        1.


  Transformed Locations for Magnetic Dipole Receivers in Rx Group  2
  ------------------------------------------------------------------
        Easting   Northing     Depth    Dip    Azimuth   Moment

   1     100.00       0.00      -0.00    0.0    0.0        1.
   2      80.00       0.00      20.00    0.0    0.0        1.
   3      60.00       0.00      40.00    0.0    0.0        1.
   4      40.00       0.00      60.00    0.0    0.0        1.
   5      20.00       0.00      80.00    0.0    0.0        1.
   6       0.00       0.00     100.00    0.0    0.0        1.
   7     -20.00       0.00     120.00    0.0    0.0        1.
   8     -40.00       0.00     140.00    0.0    0.0        1.
   9     -60.00       0.00     160.00    0.0    0.0        1.
  10     -80.00       0.00     180.00    0.0    0.0        1.
  11    -100.00       0.00     200.00    0.0    0.0        1.


      Revised transmitter indexing
      ----------------------------

    Old          New        Receiver  Group
  Tx Index     Tx Index     Groups     NRX

    1             1            1       30
                               2       11

---------------------------------------------------------------------------
                       END OF INPUT DATA DESCRIPTION
---------------------------------------------------------------------------

  The time-domain results will be constructed using frequency-domain
  output computed at 3 points per decade, from  1.0 Hz to 10 Hz
  and at 6 points per decade, from 10 Hz to  0.1000E+06 Hz.

  Arjuna will start by computing new frequency-domain responses in the specified 
  range to construct the spectrum from DC to the appropriate upper limit.

  Fixed Loop with surface and down hole survey - 04 Aug 13:17:48                                                          


  Time-domain output for Transmitter Position  1 & Receiver Group  1
  ------------------------------------------------------------------
  The source is a loop.           
  The receivers in this group are magnetic dipoles.
  For each receiver position, the output is printed in NANOTESLAS      


      PROFILE OUTPUT:  VERTICAL COMPONENT     
      STANDARD OUTPUT - LAYERED EARTH + SCATTERED FIELDS

          RECEIVER POSITIONS            CHNL 1       CHNL 2       CHNL 3       CHNL 4       CHNL 5       CHNL 6       CHNL 7       CHNL 8       CHNL 9      CHNL 10      CHNL 11      CHNL 12      CHNL 13      CHNL 14      CHNL 15 
       Northing     Easting     Elev    2.300        2.450        2.750        3.250        4.000        4.900        5.100        5.200        5.300        5.500        6.000        7.000        8.000        10.00        13.00    

  1        0.00     -280.00     0.00   0.6299       0.2757       0.1282       0.4826E-01   0.1866E-01   0.7162E-02   0.6043E-02   0.5565E-02   0.5137E-02   0.4416E-02   0.3153E-02   0.1676E-02   0.9666E-03   0.4038E-03   0.1240E-03
  2        0.00     -260.00     0.00   0.7469       0.3012       0.1382       0.5145E-01   0.1976E-01   0.7501E-02   0.6311E-02   0.5805E-02   0.5352E-02   0.4593E-02   0.3269E-02   0.1729E-02   0.9916E-03   0.4115E-03   0.1282E-03
  3        0.00     -240.00     0.00   0.8757       0.3294       0.1496       0.5515E-01   0.2098E-01   0.7892E-02   0.6632E-02   0.6095E-02   0.5616E-02   0.4813E-02   0.3410E-02   0.1790E-02   0.1021E-02   0.4218E-03   0.1319E-03
  4        0.00     -220.00     0.00   0.9746       0.3532       0.1597       0.5867E-01   0.2214E-01   0.8229E-02   0.6906E-02   0.6343E-02   0.5839E-02   0.4996E-02   0.3529E-02   0.1843E-02   0.1050E-02   0.4331E-03   0.1315E-03
  5        0.00     -200.00     0.00    1.094       0.3832       0.1725       0.6306E-01   0.2359E-01   0.8684E-02   0.7279E-02   0.6682E-02   0.6147E-02   0.5251E-02   0.3687E-02   0.1908E-02   0.1085E-02   0.4476E-03   0.1302E-03
  6        0.00     -180.00     0.00    1.185       0.4134       0.1858       0.6775E-01   0.2519E-01   0.9095E-02   0.7586E-02   0.6948E-02   0.6380E-02   0.5434E-02   0.3807E-02   0.1972E-02   0.1115E-02   0.4537E-03   0.1349E-03
  7        0.00     -160.00     0.00    1.256       0.4419       0.1992       0.7271E-01   0.2689E-01   0.9567E-02   0.7952E-02   0.7271E-02   0.6666E-02   0.5662E-02   0.3949E-02   0.2031E-02   0.1140E-02   0.4572E-03   0.1378E-03
  8        0.00     -140.00     0.00    1.304       0.4737       0.2143       0.7826E-01   0.2868E-01   0.1001E-01   0.8291E-02   0.7568E-02   0.6927E-02   0.5867E-02   0.4069E-02   0.2081E-02   0.1166E-02   0.4655E-03   0.1375E-03
  9        0.00     -120.00     0.00    1.346       0.5064       0.2305       0.8440E-01   0.3061E-01   0.1053E-01   0.8705E-02   0.7939E-02   0.7258E-02   0.6133E-02   0.4225E-02   0.2136E-02   0.1195E-02   0.4813E-03   0.1419E-03
 10        0.00     -100.00     0.00    1.351       0.5356       0.2453       0.9002E-01   0.3236E-01   0.1092E-01   0.8996E-02   0.8189E-02   0.7475E-02   0.6296E-02   0.4312E-02   0.2175E-02   0.1228E-02   0.5080E-03   0.1577E-03
 11        0.00      -80.00     0.00    1.345       0.5610       0.2584       0.9502E-01   0.3385E-01   0.1133E-01   0.9338E-02   0.8503E-02   0.7764E-02   0.6543E-02   0.4486E-02   0.2285E-02   0.1317E-02   0.5715E-03   0.1985E-03
 12        0.00      -60.00     0.00    1.276       0.5581       0.2588       0.9560E-01   0.3419E-01   0.1154E-01   0.9544E-02   0.8708E-02   0.7968E-02   0.6751E-02   0.4710E-02   0.2514E-02   0.1528E-02   0.7263E-03   0.2913E-03
 13        0.00      -40.00     0.00    1.115       0.5068       0.2359       0.8823E-01   0.3250E-01   0.1165E-01   0.9786E-02   0.9005E-02   0.8313E-02   0.7169E-02   0.5216E-02   0.3036E-02   0.1984E-02   0.1042E-02   0.4868E-03
 14        0.00      -20.00     0.00   0.8044       0.3716       0.1731       0.6650E-01   0.2663E-01   0.1119E-01   0.9707E-02   0.9076E-02   0.8509E-02   0.7547E-02   0.5816E-02   0.3730E-02   0.2593E-02   0.1487E-02   0.7540E-03
 15        0.00        0.00     0.00   0.3780       0.1615       0.7140E-01   0.2891E-01   0.1471E-01   0.8425E-02   0.7638E-02   0.7288E-02   0.6966E-02   0.6408E-02   0.5340E-02   0.3742E-02   0.2750E-02   0.1676E-02   0.8909E-03
 16        0.00       20.00     0.00   0.1333E-01  -0.3827E-01  -0.3081E-01  -0.1221E-01  -0.3764E-03   0.3264E-02   0.3352E-02   0.3368E-02   0.3369E-02   0.3339E-02   0.3157E-02   0.2519E-02   0.1981E-02   0.1292E-02   0.7227E-03
 17        0.00       40.00     0.00  -0.1747      -0.1527      -0.9327E-01  -0.3974E-01  -0.1191E-01  -0.1531E-02  -0.7790E-03  -0.4806E-03  -0.2268E-03   0.1649E-03   0.7191E-03   0.9980E-03   0.9222E-03   0.6965E-03   0.4259E-03
 18        0.00       60.00     0.00  -0.2244      -0.1877      -0.1147      -0.5065E-01  -0.1736E-01  -0.4300E-02  -0.3238E-02  -0.2804E-02  -0.2428E-02  -0.1825E-02  -0.8808E-03  -0.7944E-04   0.1644E-03   0.2578E-03   0.2026E-03
 19        0.00       80.00     0.00  -0.2128      -0.1812      -0.1130      -0.5142E-01  -0.1867E-01  -0.5475E-02  -0.4336E-02  -0.3863E-02  -0.3448E-02  -0.2773E-02  -0.1684E-02  -0.6458E-03  -0.2449E-03   0.8862E-05   0.7371E-04
 20        0.00      100.00     0.00  -0.1785      -0.1571      -0.1006      -0.4721E-01  -0.1790E-01  -0.5701E-02  -0.4609E-02  -0.4153E-02  -0.3750E-02  -0.3088E-02  -0.1996E-02  -0.9026E-03  -0.4407E-03  -0.1165E-03   0.6506E-05
 21        0.00      120.00     0.00  -0.1477      -0.1328      -0.8756E-01  -0.4230E-01  -0.1653E-01  -0.5593E-02  -0.4578E-02  -0.4150E-02  -0.3770E-02  -0.3144E-02  -0.2099E-02  -0.1014E-02  -0.5352E-03  -0.1823E-03  -0.2967E-04
 22        0.00      140.00     0.00  -0.1204      -0.1101      -0.7390E-01  -0.3641E-01  -0.1472E-01  -0.5220E-02  -0.4314E-02  -0.3930E-02  -0.3589E-02  -0.3021E-02  -0.2057E-02  -0.1026E-02  -0.5602E-03  -0.2075E-03  -0.4669E-04
 23        0.00      160.00     0.00  -0.9828E-01  -0.9052E-01  -0.6234E-01  -0.3152E-01  -0.1311E-01  -0.4853E-02  -0.4043E-02  -0.3698E-02  -0.3390E-02  -0.2874E-02  -0.1985E-02  -0.1010E-02  -0.5614E-03  -0.2175E-03  -0.5510E-04
 24        0.00      180.00     0.00  -0.8182E-01  -0.7492E-01  -0.5264E-01  -0.2719E-01  -0.1160E-01  -0.4437E-02  -0.3719E-02  -0.3412E-02  -0.3136E-02  -0.2673E-02  -0.1867E-02  -0.9666E-03  -0.5441E-03  -0.2161E-03  -0.5765E-04
 25        0.00      200.00     0.00  -0.6796E-01  -0.6153E-01  -0.4431E-01  -0.2348E-01  -0.1030E-01  -0.4073E-02  -0.3430E-02  -0.3154E-02  -0.2906E-02  -0.2487E-02  -0.1755E-02  -0.9233E-03  -0.5241E-03  -0.2107E-03  -0.5811E-04
 26        0.00      220.00     0.00  -0.5843E-01  -0.5159E-01  -0.3774E-01  -0.2038E-01  -0.9140E-02  -0.3721E-02  -0.3148E-02  -0.2901E-02  -0.2679E-02  -0.2302E-02  -0.1637E-02  -0.8697E-03  -0.4974E-03  -0.2023E-03  -0.5673E-04
 27        0.00      240.00     0.00  -0.5012E-01  -0.4292E-01  -0.3204E-01  -0.1770E-01  -0.8142E-02  -0.3410E-02  -0.2899E-02  -0.2677E-02  -0.2477E-02  -0.2137E-02  -0.1531E-02  -0.8197E-03  -0.4712E-03  -0.1936E-03  -0.5485E-04
 28        0.00      260.00     0.00  -0.4439E-01  -0.3658E-01  -0.2757E-01  -0.1550E-01  -0.7285E-02  -0.3126E-02  -0.2666E-02  -0.2467E-02  -0.2286E-02  -0.1978E-02  -0.1426E-02  -0.7705E-03  -0.4454E-03  -0.1844E-03  -0.5246E-04
 29        0.00      280.00     0.00  -0.3932E-01  -0.3102E-01  -0.2366E-01  -0.1357E-01  -0.6531E-02  -0.2872E-02  -0.2459E-02  -0.2279E-02  -0.2115E-02  -0.1835E-02  -0.1331E-02  -0.7248E-03  -0.4210E-03  -0.1755E-03  -0.5011E-04
 30        0.00      300.00     0.00  -0.3570E-01  -0.2699E-01  -0.2062E-01  -0.1199E-01  -0.5880E-02  -0.2646E-02  -0.2274E-02  -0.2111E-02  -0.1963E-02  -0.1707E-02  -0.1245E-02  -0.6822E-03  -0.3978E-03  -0.1668E-03  -0.4773E-04

      PROFILE OUTPUT:  EAST COMPONENT         
      STANDARD OUTPUT - LAYERED EARTH + SCATTERED FIELDS

          RECEIVER POSITIONS            CHNL 1       CHNL 2       CHNL 3       CHNL 4       CHNL 5       CHNL 6       CHNL 7       CHNL 8       CHNL 9      CHNL 10      CHNL 11      CHNL 12      CHNL 13      CHNL 14      CHNL 15 
       Northing     Easting     Elev    2.300        2.450        2.750        3.250        4.000        4.900        5.100        5.200        5.300        5.500        6.000        7.000        8.000        10.00        13.00    

  1        0.00     -280.00     0.00   0.5695       0.1695       0.6511E-01   0.1841E-01   0.5029E-02   0.1020E-02   0.7343E-03   0.6198E-03   0.5217E-03   0.3692E-03   0.1435E-03  -0.3296E-04  -0.6237E-04  -0.4825E-04  -0.2426E-04
  2        0.00     -260.00     0.00   0.5532       0.1611       0.6146E-01   0.1708E-01   0.4444E-02   0.7380E-03   0.4881E-03   0.3897E-03   0.3069E-03   0.1814E-03   0.8380E-05  -0.1011E-03  -0.1009E-03  -0.6503E-04  -0.2802E-04
  3        0.00     -240.00     0.00   0.5164       0.1490       0.5651E-01   0.1539E-01   0.3740E-02   0.4243E-03   0.2181E-03   0.1386E-03   0.7273E-04  -0.2384E-04  -0.1447E-03  -0.1860E-03  -0.1484E-03  -0.8266E-04  -0.3271E-04
  4        0.00     -220.00     0.00   0.4697       0.1373       0.5143E-01   0.1349E-01   0.2928E-02   0.6097E-04  -0.9578E-04  -0.1533E-03  -0.1988E-03  -0.2597E-03  -0.3133E-03  -0.2714E-03  -0.1954E-03  -0.1006E-03  -0.3513E-04
  5        0.00     -200.00     0.00   0.4104       0.1253       0.4630E-01   0.1162E-01   0.2096E-02  -0.3164E-03  -0.4189E-03  -0.4531E-03  -0.4779E-03  -0.5037E-03  -0.4938E-03  -0.3694E-03  -0.2490E-03  -0.1188E-03  -0.3867E-04
  6        0.00     -180.00     0.00   0.3054       0.1002       0.3564E-01   0.7799E-02   0.6160E-03  -0.9008E-03  -0.9145E-03  -0.9100E-03  -0.8992E-03  -0.8635E-03  -0.7406E-03  -0.4860E-03  -0.3085E-03  -0.1380E-03  -0.3754E-04
  7        0.00     -160.00     0.00   0.1970       0.7806E-01   0.2613E-01   0.4341E-02  -0.8159E-03  -0.1479E-02  -0.1400E-02  -0.1356E-02  -0.1311E-02  -0.1219E-02  -0.9979E-03  -0.6200E-03  -0.3782E-03  -0.1582E-03  -0.3902E-04
  8        0.00     -140.00     0.00   0.7385E-01   0.4009E-01   0.8805E-02  -0.2143E-02  -0.3221E-02  -0.2304E-02  -0.2076E-02  -0.1969E-02  -0.1868E-02  -0.1680E-02  -0.1296E-02  -0.7422E-03  -0.4276E-03  -0.1608E-03  -0.2444E-04
  9        0.00     -120.00     0.00  -0.5888E-01   0.2971E-02  -0.8083E-02  -0.8481E-02  -0.5636E-02  -0.3178E-02  -0.2801E-02  -0.2630E-02  -0.2472E-02  -0.2189E-02  -0.1639E-02  -0.8975E-03  -0.4974E-03  -0.1706E-03  -0.1485E-04
 10        0.00     -100.00     0.00  -0.2195      -0.6601E-01  -0.4101E-01  -0.2090E-01  -0.9877E-02  -0.4366E-02  -0.3730E-02  -0.3453E-02  -0.3200E-02  -0.2763E-02  -0.1957E-02  -0.9715E-03  -0.4877E-03  -0.1215E-03   0.3308E-04
 11        0.00      -80.00     0.00  -0.4051      -0.1481      -0.7975E-01  -0.3513E-01  -0.1467E-01  -0.5681E-02  -0.4742E-02  -0.4339E-02  -0.3977E-02  -0.3365E-02  -0.2289E-02  -0.1049E-02  -0.4719E-03  -0.6266E-04   0.8580E-04
 12        0.00      -60.00     0.00  -0.6196      -0.2583      -0.1330      -0.5501E-01  -0.2104E-01  -0.7168E-02  -0.5843E-02  -0.5282E-02  -0.4783E-02  -0.3954E-02  -0.2545E-02  -0.1029E-02  -0.3681E-03   0.5284E-04   0.1734E-03
 13        0.00      -40.00     0.00  -0.8683      -0.3970      -0.2004      -0.8007E-01  -0.2905E-01  -0.9122E-02  -0.7325E-02  -0.6571E-02  -0.5904E-02  -0.4805E-02  -0.2976E-02  -0.1102E-02  -0.3390E-03   0.1169E-03   0.2270E-03
 14        0.00      -20.00     0.00   -1.082      -0.5267      -0.2652      -0.1052      -0.3782E-01  -0.1187E-01  -0.9562E-02  -0.8597E-02  -0.7746E-02  -0.6352E-02  -0.4053E-02  -0.1697E-02  -0.7245E-03  -0.7870E-04   0.1320E-03
 15        0.00        0.00     0.00   -1.129      -0.5790      -0.2950      -0.1192      -0.4433E-01  -0.1506E-01  -0.1241E-01  -0.1129E-01  -0.1030E-01  -0.8672E-02  -0.5923E-02  -0.2984E-02  -0.1671E-02  -0.6635E-03  -0.1849E-03
 16        0.00       20.00     0.00  -0.9552      -0.5096      -0.2647      -0.1102      -0.4306E-01  -0.1606E-01  -0.1351E-01  -0.1243E-01  -0.1146E-01  -0.9846E-02  -0.7075E-02  -0.3958E-02  -0.2455E-02  -0.1191E-02  -0.4847E-03
 17        0.00       40.00     0.00  -0.6933      -0.3757      -0.1984      -0.8509E-01  -0.3492E-01  -0.1409E-01  -0.1202E-01  -0.1114E-01  -0.1034E-01  -0.9000E-02  -0.6650E-02  -0.3909E-02  -0.2518E-02  -0.1287E-02  -0.5699E-03
 18        0.00       60.00     0.00  -0.4802      -0.2540      -0.1342      -0.5875E-01  -0.2532E-01  -0.1093E-01  -0.9426E-02  -0.8775E-02  -0.8187E-02  -0.7185E-02  -0.5399E-02  -0.3244E-02  -0.2115E-02  -0.1099E-02  -0.4959E-03
 19        0.00       80.00     0.00  -0.3284      -0.1621      -0.8389E-01  -0.3717E-01  -0.1702E-01  -0.7919E-02  -0.6917E-02  -0.6477E-02  -0.6077E-02  -0.5383E-02  -0.4104E-02  -0.2500E-02  -0.1640E-02  -0.8567E-03  -0.3874E-03
 20        0.00      100.00     0.00  -0.2546      -0.1168      -0.5823E-01  -0.2562E-01  -0.1230E-01  -0.6084E-02  -0.5358E-02  -0.5036E-02  -0.4740E-02  -0.4224E-02  -0.3252E-02  -0.1996E-02  -0.1312E-02  -0.6860E-03  -0.3080E-03
 21        0.00      120.00     0.00  -0.1841      -0.7336E-01  -0.3347E-01  -0.1441E-01  -0.7683E-02  -0.4255E-02  -0.3798E-02  -0.3592E-02  -0.3401E-02  -0.3062E-02  -0.2399E-02  -0.1494E-02  -0.9863E-03  -0.5154E-03  -0.2293E-03
 22        0.00      140.00     0.00  -0.1512      -0.5472E-01  -0.2282E-01  -0.9420E-02  -0.5470E-02  -0.3296E-02  -0.2970E-02  -0.2821E-02  -0.2682E-02  -0.2430E-02  -0.1926E-02  -0.1212E-02  -0.8018E-03  -0.4188E-03  -0.1848E-03
 23        0.00      160.00     0.00  -0.1208      -0.3769E-01  -0.1293E-01  -0.4673E-02  -0.3308E-02  -0.2342E-02  -0.2146E-02  -0.2054E-02  -0.1966E-02  -0.1801E-02  -0.1454E-02  -0.9300E-03  -0.6193E-03  -0.3242E-03  -0.1414E-03
 24        0.00      180.00     0.00  -0.1038      -0.2984E-01  -0.8578E-02  -0.2551E-02  -0.2252E-02  -0.1822E-02  -0.1691E-02  -0.1627E-02  -0.1564E-02  -0.1445E-02  -0.1183E-02  -0.7673E-03  -0.5137E-03  -0.2694E-03  -0.1169E-03
 25        0.00      200.00     0.00  -0.8842E-01  -0.2312E-01  -0.4737E-02  -0.5869E-03  -0.1227E-02  -0.1303E-02  -0.1235E-02  -0.1199E-02  -0.1163E-02  -0.1090E-02  -0.9138E-03  -0.6037E-03  -0.4090E-03  -0.2160E-03  -0.9317E-04
 26        0.00      220.00     0.00  -0.7823E-01  -0.1970E-01  -0.3027E-02   0.2936E-03  -0.7046E-03  -0.1006E-02  -0.9708E-03  -0.9498E-03  -0.9270E-03  -0.8778E-03  -0.7491E-03  -0.5039E-03  -0.3449E-03  -0.1837E-03  -0.7914E-04
 27        0.00      240.00     0.00  -0.6897E-01  -0.1701E-01  -0.1645E-02   0.1069E-02  -0.2051E-03  -0.7108E-03  -0.7076E-03  -0.7010E-03  -0.6917E-03  -0.6667E-03  -0.5856E-03  -0.4057E-03  -0.2820E-03  -0.1518E-03  -0.6541E-04
 28        0.00      260.00     0.00  -0.6202E-01  -0.1543E-01  -0.1055E-02   0.1389E-02   0.5832E-04  -0.5303E-03  -0.5442E-03  -0.5457E-03  -0.5439E-03  -0.5328E-03  -0.4800E-03  -0.3415E-03  -0.2411E-03  -0.1314E-03  -0.5702E-04
 29        0.00      280.00     0.00  -0.5556E-01  -0.1428E-01  -0.6803E-03   0.1640E-02   0.3050E-03  -0.3541E-03  -0.3845E-03  -0.3937E-03  -0.3994E-03  -0.4018E-03  -0.3764E-03  -0.2783E-03  -0.2009E-03  -0.1115E-03  -0.4875E-04
 30        0.00      300.00     0.00  -0.5032E-01  -0.1343E-01  -0.5542E-03   0.1711E-02   0.4342E-03  -0.2410E-03  -0.2800E-03  -0.2934E-03  -0.3033E-03  -0.3137E-03  -0.3058E-03  -0.2350E-03  -0.1733E-03  -0.9788E-04  -0.4348E-04

      PROFILE OUTPUT:  NORTH COMPONENT        
      STANDARD OUTPUT - LAYERED EARTH + SCATTERED FIELDS

          RECEIVER POSITIONS            CHNL 1       CHNL 2       CHNL 3       CHNL 4       CHNL 5       CHNL 6       CHNL 7       CHNL 8       CHNL 9      CHNL 10      CHNL 11      CHNL 12      CHNL 13      CHNL 14      CHNL 15 
       Northing     Easting     Elev    2.300        2.450        2.750        3.250        4.000        4.900        5.100        5.200        5.300        5.500        6.000        7.000        8.000        10.00        13.00    

  1        0.00     -280.00     0.00   0.3623E-05   0.8973E-06   0.3397E-06   0.1032E-06   0.2998E-07   0.7434E-08   0.5840E-08   0.5195E-08   0.4636E-08   0.3744E-08   0.2329E-08   0.1049E-08   0.5756E-09   0.2140E-09   0.6628E-10
  2        0.00     -260.00     0.00   0.4125E-05   0.9530E-06   0.3593E-06   0.1092E-06   0.3164E-07   0.7756E-08   0.6079E-08   0.5401E-08   0.4814E-08   0.3879E-08   0.2392E-08   0.1069E-08   0.5903E-09   0.2241E-09   0.7420E-10
  3        0.00     -240.00     0.00   0.4637E-05   0.1010E-05   0.3803E-06   0.1159E-06   0.3354E-07   0.8119E-08   0.6345E-08   0.5630E-08   0.5013E-08   0.4030E-08   0.2472E-08   0.1106E-08   0.6180E-09   0.2424E-09   0.8779E-10
  4        0.00     -220.00     0.00   0.4991E-05   0.1065E-05   0.4024E-06   0.1234E-06   0.3566E-07   0.8566E-08   0.6683E-08   0.5926E-08   0.5274E-08   0.4236E-08   0.2590E-08   0.1165E-08   0.6633E-09   0.2738E-09   0.1105E-09
  5        0.00     -200.00     0.00   0.5345E-05   0.1125E-05   0.4272E-06   0.1321E-06   0.3820E-07   0.9132E-08   0.7121E-08   0.6315E-08   0.5621E-08   0.4516E-08   0.2766E-08   0.1273E-08   0.7482E-09   0.3299E-09   0.1477E-09
  6        0.00     -180.00     0.00   0.5608E-05   0.1185E-05   0.4542E-06   0.1419E-06   0.4124E-07   0.9887E-08   0.7724E-08   0.6859E-08   0.6115E-08   0.4932E-08   0.3060E-08   0.1468E-08   0.9001E-09   0.4244E-09   0.2078E-09
  7        0.00     -160.00     0.00   0.5726E-05   0.1243E-05   0.4836E-06   0.1534E-06   0.4501E-07   0.1102E-07   0.8668E-08   0.7728E-08   0.6920E-08   0.5633E-08   0.3582E-08   0.1809E-08   0.1164E-08   0.5955E-09   0.3068E-09
  8        0.00     -140.00     0.00   0.5844E-05   0.1303E-05   0.5164E-06   0.1671E-06   0.4983E-07   0.1278E-07   0.1021E-07   0.9170E-08   0.8276E-08   0.6843E-08   0.4522E-08   0.2448E-08   0.1642E-08   0.8859E-09   0.4665E-09
  9        0.00     -120.00     0.00   0.5918E-05   0.1362E-05   0.5529E-06   0.1837E-06   0.5662E-07   0.1584E-07   0.1290E-07   0.1170E-07   0.1066E-07   0.8983E-08   0.6244E-08   0.3656E-08   0.2512E-08   0.1392E-08   0.7329E-09
 10        0.00     -100.00     0.00   0.5886E-05   0.1415E-05   0.5926E-06   0.2045E-06   0.6666E-07   0.2123E-07   0.1776E-07   0.1633E-07   0.1507E-07   0.1300E-07   0.9492E-08   0.5839E-08   0.4055E-08   0.2271E-08   0.1163E-08
 11        0.00      -80.00     0.00   0.5704E-05   0.1454E-05   0.6351E-06   0.2320E-06   0.8271E-07   0.3082E-07   0.2653E-07   0.2472E-07   0.2311E-07   0.2038E-07   0.1548E-07   0.9825E-08   0.6824E-08   0.3773E-08   0.1860E-08
 12        0.00      -60.00     0.00   0.5325E-05   0.1461E-05   0.6768E-06   0.2694E-06   0.1086E-06   0.4763E-07   0.4180E-07   0.3929E-07   0.3701E-07   0.3312E-07   0.2592E-07   0.1669E-07   0.1146E-07   0.6236E-08   0.2941E-08
 13        0.00      -40.00     0.00   0.4652E-05   0.1404E-05   0.7068E-06   0.3167E-06   0.1470E-06   0.7348E-07   0.6542E-07   0.6188E-07   0.5864E-07   0.5296E-07   0.4204E-07   0.2717E-07   0.1847E-07   0.9848E-08   0.4458E-08
 14        0.00      -20.00     0.00   0.3695E-05   0.1219E-05   0.6842E-06   0.3536E-06   0.1869E-06   0.1032E-06   0.9266E-07   0.8792E-07   0.8352E-07   0.7569E-07   0.6040E-07   0.3906E-07   0.2643E-07   0.1387E-07   0.6099E-08
 15        0.00        0.00     0.00   0.2505E-05   0.8375E-06   0.5392E-06   0.3284E-06   0.1966E-06   0.1166E-06   0.1054E-06   0.1003E-06   0.9558E-07   0.8708E-07   0.7010E-07   0.4554E-07   0.3068E-07   0.1604E-07   0.6980E-08
 16        0.00       20.00     0.00   0.1366E-05   0.3405E-06   0.2815E-06   0.2236E-06   0.1572E-06   0.1018E-06   0.9274E-07   0.8859E-07   0.8468E-07   0.7757E-07   0.6305E-07   0.4140E-07   0.2804E-07   0.1480E-07   0.6504E-08
 17        0.00       40.00     0.00   0.5763E-06  -0.6572E-07   0.3443E-07   0.9847E-07   0.9646E-07   0.7179E-07   0.6635E-07   0.6377E-07   0.6128E-07   0.5660E-07   0.4655E-07   0.3109E-07   0.2135E-07   0.1148E-07   0.5177E-08
 18        0.00       60.00     0.00   0.1589E-06  -0.2882E-06  -0.1213E-06   0.6566E-08   0.4602E-07   0.4415E-07   0.4154E-07   0.4023E-07   0.3894E-07   0.3642E-07   0.3075E-07   0.2110E-07   0.1470E-07   0.8126E-08   0.3793E-08
 19        0.00       80.00     0.00  -0.1744E-07  -0.3662E-06  -0.1915E-06  -0.4482E-07   0.1369E-07   0.2500E-07   0.2424E-07   0.2377E-07   0.2324E-07   0.2211E-07   0.1926E-07   0.1368E-07   0.9714E-08   0.5559E-08   0.2689E-08
 20        0.00      100.00     0.00  -0.7057E-07  -0.3650E-06  -0.2089E-06  -0.6771E-07  -0.4333E-08   0.1294E-07   0.1324E-07   0.1325E-07   0.1319E-07   0.1291E-07   0.1176E-07   0.8730E-08   0.6351E-08   0.3767E-08   0.1896E-08
 21        0.00      120.00     0.00  -0.7452E-07  -0.3300E-06  -0.2003E-06  -0.7442E-07  -0.1334E-07   0.5773E-08   0.6600E-08   0.6868E-08   0.7055E-08   0.7237E-08   0.7053E-08   0.5547E-08   0.4154E-08   0.2560E-08   0.1339E-08
 22        0.00      140.00     0.00  -0.5819E-07  -0.2838E-06  -0.1806E-06  -0.7271E-07  -0.1719E-07   0.1627E-08   0.2710E-08   0.3110E-08   0.3427E-08   0.3851E-08   0.4164E-08   0.3526E-08   0.2737E-08   0.1755E-08   0.9529E-09
 23        0.00      160.00     0.00  -0.3889E-07  -0.2381E-06  -0.1580E-06  -0.6733E-07  -0.1825E-07  -0.6524E-09   0.4904E-09   0.9283E-09   0.1287E-08   0.1799E-08   0.2347E-08   0.2244E-08   0.1825E-08   0.1216E-08   0.6844E-09
 24        0.00      180.00     0.00  -0.2054E-07  -0.1966E-06  -0.1359E-06  -0.6061E-07  -0.1787E-07  -0.1864E-08  -0.7540E-09  -0.3213E-09   0.3991E-10   0.5748E-09   0.1242E-08   0.1421E-08   0.1219E-08   0.8515E-09   0.4961E-09
 25        0.00      200.00     0.00  -0.5846E-08  -0.1610E-06  -0.1160E-06  -0.5377E-07  -0.1680E-07  -0.2483E-08  -0.1437E-08  -0.1023E-08  -0.6737E-09  -0.1448E-09   0.5594E-09   0.8881E-09   0.8221E-09   0.6002E-09   0.3647E-09
 26        0.00      220.00     0.00   0.5446E-08  -0.1311E-06  -0.9856E-07  -0.4733E-07  -0.1544E-07  -0.2746E-08  -0.1788E-08  -0.1406E-08  -0.1079E-08  -0.5742E-09   0.1389E-09   0.5445E-09   0.5518E-09   0.4287E-09   0.2695E-09
 27        0.00      240.00     0.00   0.1351E-07  -0.1063E-06  -0.8371E-07  -0.4155E-07  -0.1405E-07  -0.2805E-08  -0.1925E-08  -0.1570E-08  -0.1265E-08  -0.7911E-09  -0.1133E-09   0.3080E-09   0.3684E-09   0.3094E-09   0.2012E-09
 28        0.00      260.00     0.00   0.1903E-07  -0.8600E-07  -0.7111E-07  -0.3644E-07  -0.1270E-07  -0.2749E-08  -0.1950E-08  -0.1626E-08  -0.1347E-08  -0.9092E-09  -0.2725E-09   0.1561E-09   0.2436E-09   0.2241E-09   0.1513E-09
 29        0.00      280.00     0.00   0.2250E-07  -0.6939E-07  -0.6052E-07  -0.3201E-07  -0.1145E-07  -0.2634E-08  -0.1909E-08  -0.1614E-08  -0.1360E-08  -0.9596E-09  -0.3725E-09   0.5456E-10   0.1589E-09   0.1627E-09   0.1147E-09
 30        0.00      300.00     0.00   0.2443E-07  -0.5588E-07  -0.5160E-07  -0.2817E-07  -0.1032E-07  -0.2490E-08  -0.1834E-08  -0.1567E-08  -0.1336E-08  -0.9709E-09  -0.4268E-09  -0.1414E-10   0.9735E-10   0.1188E-09   0.8723E-10


  Time-domain output for Transmitter Position  1 & Receiver Group  2
  ------------------------------------------------------------------
  The source is a loop.           
  The receivers in this group are magnetic dipoles.
  For each receiver position, the output is printed in NANOTESLAS      


      PROFILE OUTPUT:  VERTICAL COMPONENT     
      STANDARD OUTPUT - LAYERED EARTH + SCATTERED FIELDS

          RECEIVER POSITIONS            CHNL 1       CHNL 2       CHNL 3       CHNL 4       CHNL 5       CHNL 6       CHNL 7       CHNL 8       CHNL 9      CHNL 10      CHNL 11      CHNL 12      CHNL 13      CHNL 14      CHNL 15 
       Northing     Easting     Elev    2.300        2.450        2.750        3.250        4.000        4.900        5.100        5.200        5.300        5.500        6.000        7.000        8.000        10.00        13.00    

  1        0.00      100.00     0.00  -0.1785      -0.1571      -0.1006      -0.4721E-01  -0.1790E-01  -0.5701E-02  -0.4609E-02  -0.4153E-02  -0.3750E-02  -0.3088E-02  -0.1996E-02  -0.9026E-03  -0.4407E-03  -0.1165E-03   0.6506E-05
  2        0.00       80.00   -20.00  -0.3326      -0.2670      -0.1623      -0.7203E-01  -0.2616E-01  -0.7911E-02  -0.6338E-02  -0.5683E-02  -0.5108E-02  -0.4168E-02  -0.2635E-02  -0.1146E-02  -0.5485E-03  -0.1396E-03   0.9641E-05
  3        0.00       60.00   -40.00  -0.6460      -0.4796      -0.2766      -0.1184      -0.4173E-01  -0.1219E-01  -0.9722E-02  -0.8703E-02  -0.7810E-02  -0.6362E-02  -0.4023E-02  -0.1797E-02  -0.9227E-03  -0.3089E-03  -0.6423E-04
  4        0.00       40.00   -60.00   -1.317      -0.9695      -0.5483      -0.2308      -0.8194E-01  -0.2534E-01  -0.2062E-01  -0.1866E-01  -0.1695E-01  -0.1416E-01  -0.9612E-02  -0.5079E-02  -0.3129E-02  -0.1547E-02  -0.6851E-03
  5        0.00       20.00   -80.00   -1.868       -1.757       -1.060      -0.4552      -0.1619      -0.5084E-01  -0.4167E-01  -0.3789E-01  -0.3456E-01  -0.2912E-01  -0.2010E-01  -0.1105E-01  -0.7136E-02  -0.3719E-02  -0.1780E-02
  6        0.00        0.00  -100.00   -1.998      -0.4110       0.6708E-01   0.1521       0.1235       0.8794E-01   0.8145E-01   0.7846E-01   0.7565E-01   0.7058E-01   0.6016E-01   0.4335E-01   0.3235E-01   0.1989E-01   0.1061E-01
  7        0.00      -20.00  -120.00    1.405       0.8097       0.5154       0.2627       0.1053       0.3725E-01   0.3090E-01   0.2820E-01   0.2577E-01   0.2168E-01   0.1458E-01   0.6957E-02   0.3576E-02   0.1057E-02  -0.5148E-05
  8        0.00      -40.00  -140.00    1.326       0.5746       0.2482       0.1021       0.4879E-01   0.2330E-01   0.2019E-01   0.1881E-01   0.1754E-01   0.1534E-01   0.1126E-01   0.6057E-02   0.3401E-02   0.1301E-02   0.2591E-03
  9        0.00      -60.00  -160.00    1.280       0.5143       0.1937       0.5726E-01   0.2862E-01   0.1620E-01   0.1436E-01   0.1351E-01   0.1271E-01   0.1130E-01   0.8615E-02   0.4862E-02   0.2831E-02   0.1187E-02   0.3184E-03
 10        0.00      -80.00  -180.00    1.178       0.4650       0.1629       0.4539E-01   0.2091E-01   0.1738E-01   0.1444E-01   0.1280E-01   0.1123E-01   0.8747E-02   0.6471E-02   0.3997E-02   0.2225E-02   0.1005E-02   0.3047E-03
 11        0.00     -100.00  -200.00    1.189       0.4968       0.1889       0.5878E-01   0.2566E-01   0.1258E-01   0.1098E-01   0.1027E-01   0.9625E-02   0.8499E-02   0.6395E-02   0.3590E-02   0.2134E-02   0.9501E-03   0.3124E-03

      PROFILE OUTPUT:  EAST COMPONENT         
      STANDARD OUTPUT - LAYERED EARTH + SCATTERED FIELDS

          RECEIVER POSITIONS            CHNL 1       CHNL 2       CHNL 3       CHNL 4       CHNL 5       CHNL 6       CHNL 7       CHNL 8       CHNL 9      CHNL 10      CHNL 11      CHNL 12      CHNL 13      CHNL 14      CHNL 15 
       Northing     Easting     Elev    2.300        2.450        2.750        3.250        4.000        4.900        5.100        5.200        5.300        5.500        6.000        7.000        8.000        10.00        13.00    

  1        0.00      100.00     0.00  -0.2546      -0.1168      -0.5823E-01  -0.2562E-01  -0.1230E-01  -0.6084E-02  -0.5358E-02  -0.5036E-02  -0.4740E-02  -0.4224E-02  -0.3252E-02  -0.1996E-02  -0.1312E-02  -0.6860E-03  -0.3080E-03
  2        0.00       80.00   -20.00  -0.2561      -0.1284      -0.6355E-01  -0.2883E-01  -0.1473E-01  -0.7795E-02  -0.6918E-02  -0.6524E-02  -0.6160E-02  -0.5520E-02  -0.4317E-02  -0.2719E-02  -0.1820E-02  -0.9878E-03  -0.4536E-03
  3        0.00       60.00   -40.00  -0.1995      -0.1281      -0.7120E-01  -0.3752E-01  -0.2112E-01  -0.1190E-01  -0.1064E-01  -0.1008E-01  -0.9552E-02  -0.8631E-02  -0.6880E-02  -0.4436E-02  -0.3013E-02  -0.1677E-02  -0.8006E-03
  4        0.00       40.00   -60.00   0.1843       0.1940E-01  -0.2144E-01  -0.3158E-01  -0.2521E-01  -0.1686E-01  -0.1536E-01  -0.1465E-01  -0.1399E-01  -0.1279E-01  -0.1040E-01  -0.6855E-02  -0.4747E-02  -0.2677E-02  -0.1290E-02
  5        0.00       20.00   -80.00    2.159        1.130       0.4656       0.1262       0.2308E-01  -0.3662E-02  -0.4765E-02  -0.5121E-02  -0.5366E-02  -0.5580E-02  -0.5287E-02  -0.3751E-02  -0.2526E-02  -0.1322E-02  -0.5390E-03
  6        0.00        0.00  -100.00    3.682        2.708        1.369       0.4490       0.1102       0.8985E-02   0.3120E-02   0.9410E-03  -0.8153E-03  -0.3276E-02  -0.6018E-02  -0.5930E-02  -0.4389E-02  -0.2518E-02  -0.1070E-02
  7        0.00      -20.00  -120.00    2.413        1.782        1.066       0.4180       0.1071       0.6655E-02   0.8638E-03  -0.1301E-02  -0.3061E-02  -0.5586E-02  -0.8540E-02  -0.8182E-02  -0.6291E-02  -0.3869E-02  -0.1852E-02
  8        0.00      -40.00  -140.00    1.450        1.078       0.6767       0.2887       0.8412E-01   0.1282E-01   0.8099E-02   0.6254E-02   0.4698E-02   0.2321E-02  -0.1014E-02  -0.2668E-02  -0.2459E-02  -0.1778E-02  -0.9732E-03
  9        0.00      -60.00  -160.00   0.9447       0.6834       0.4224       0.1836       0.5849E-01   0.1267E-01   0.9278E-02   0.7912E-02   0.6735E-02   0.4871E-02   0.2021E-02  -0.1264E-03  -0.6186E-03  -0.7300E-03  -0.5050E-03
 10        0.00      -80.00  -180.00   0.6131       0.4492       0.2772       0.1232       0.4272E-01   0.1164E-01   0.9093E-02   0.8042E-02   0.7122E-02   0.5631E-02   0.3225E-02   0.1033E-02   0.2550E-03  -0.1791E-03  -0.2422E-03
 11        0.00     -100.00  -200.00   0.3823       0.3057       0.1940       0.8914E-01   0.3319E-01   0.1046E-01   0.8437E-02   0.7593E-02   0.6846E-02   0.5614E-02   0.3553E-02   0.1496E-02   0.6572E-03   0.9203E-04  -0.9392E-04

      PROFILE OUTPUT:  NORTH COMPONENT        
      STANDARD OUTPUT - LAYERED EARTH + SCATTERED FIELDS

          RECEIVER POSITIONS            CHNL 1       CHNL 2       CHNL 3       CHNL 4       CHNL 5       CHNL 6       CHNL 7       CHNL 8       CHNL 9      CHNL 10      CHNL 11      CHNL 12      CHNL 13      CHNL 14      CHNL 15 
       Northing     Easting     Elev    2.300        2.450        2.750        3.250        4.000        4.900        5.100        5.200        5.300        5.500        6.000        7.000        8.000        10.00        13.00    

  1        0.00      100.00     0.00  -0.7057E-07  -0.3650E-06  -0.2089E-06  -0.6771E-07  -0.4333E-08   0.1294E-07   0.1324E-07   0.1325E-07   0.1319E-07   0.1291E-07   0.1176E-07   0.8730E-08   0.6351E-08   0.3767E-08   0.1896E-08
  2        0.00       80.00   -20.00   0.5568E-06   0.6510E-06   0.3312E-06   0.8423E-07  -0.1083E-07  -0.3031E-07  -0.2966E-07  -0.2918E-07  -0.2861E-07  -0.2731E-07  -0.2371E-07  -0.1669E-07  -0.1180E-07  -0.6609E-08  -0.3113E-08
  3        0.00       60.00   -40.00   0.1710E-05   0.1241E-05   0.5559E-06   0.9757E-07  -0.5047E-07  -0.6842E-07  -0.6501E-07  -0.6312E-07  -0.6118E-07  -0.5727E-07  -0.4831E-07  -0.3292E-07  -0.2250E-07  -0.1199E-07  -0.5282E-08
  4        0.00       40.00   -60.00   0.4698E-05   0.2811E-05   0.1172E-05   0.1772E-06  -0.1063E-06  -0.1300E-06  -0.1225E-06  -0.1185E-06  -0.1144E-06  -0.1064E-06  -0.8841E-07  -0.5862E-07  -0.3918E-07  -0.2016E-07  -0.8364E-08
  5        0.00       20.00   -80.00   0.1347E-04   0.8376E-05   0.3760E-05   0.9412E-06   0.7018E-07  -0.1042E-06  -0.1042E-06  -0.1031E-06  -0.1013E-06  -0.9674E-07  -0.8380E-07  -0.5719E-07  -0.3786E-07  -0.1937E-07  -0.7753E-08
  6        0.00        0.00  -100.00   0.1130E-04   0.3165E-05   0.1129E-05   0.5602E-06   0.3164E-06   0.1694E-06   0.1498E-06   0.1410E-06   0.1327E-06   0.1182E-06   0.9070E-07   0.5408E-07   0.3327E-07   0.1462E-07   0.4493E-08
  7        0.00      -20.00  -120.00  -0.1313E-04  -0.9231E-05  -0.4426E-05  -0.9771E-06   0.1655E-06   0.3195E-06   0.3018E-06   0.2918E-06   0.2816E-06   0.2613E-06   0.2164E-06   0.1395E-06   0.8910E-07   0.4257E-07   0.1502E-07
  8        0.00      -40.00  -140.00  -0.6374E-05  -0.5441E-05  -0.2830E-05  -0.8052E-06  -0.2579E-07   0.1352E-06   0.1329E-06   0.1306E-06   0.1278E-06   0.1214E-06   0.1046E-06   0.7068E-07   0.4659E-07   0.2350E-07   0.9126E-08
  9        0.00      -60.00  -160.00  -0.2573E-05  -0.3083E-05  -0.1677E-05  -0.5357E-06  -0.6094E-07   0.5595E-07   0.5791E-07   0.5807E-07   0.5781E-07   0.5640E-07   0.5062E-07   0.3578E-07   0.2443E-07   0.1305E-07   0.5568E-08
 10        0.00      -80.00  -180.00  -0.4820E-06  -0.1727E-05  -0.9967E-06  -0.3479E-06  -0.5890E-07   0.2101E-07   0.2381E-07   0.2463E-07   0.2516E-07   0.2549E-07   0.2417E-07   0.1804E-07   0.1283E-07   0.7282E-08   0.3384E-08
 11        0.00     -100.00  -200.00   0.6230E-06  -0.9603E-06  -0.6137E-06  -0.2342E-06  -0.5022E-07   0.5670E-08   0.8288E-08   0.9197E-08   0.9891E-08   0.1076E-07   0.1127E-07   0.9121E-08   0.6732E-08   0.4087E-08   0.2051E-08


  Arjuna forward model completed at 13:08 on 07 JAN 2013

  Computation time =    2188.19 seconds.


