

  Arjuna task started at 13:08 on 07 JAN 2013



            Arjuna Version :         2.1.1 11 January, 2008

  #######################################################################
  #*********************************************************************#
  #*                                                                   *#
  #*  THIS PROGRAM HAS BEEN RELEASED STRICTLY FOR THE USE OF SPONSORS  *#
  #*   OF AMIRA PROJECTS P223E AND THEIR AUTHORISED AGENTS.            *#
  #*                                                                   *#
  #*********************************************************************#
  #######################################################################


          INPUT DATA
          ----------


 ARJUNA.CFL CFL_V1 Default                                                                                               

  TDFD = 1;   PRFL = 1;   STEP = 0;   ISTOP = 0

          +-----------------------------------------+
          +  Time-Domain Ground System Information  +
          +-----------------------------------------+

  DO3D =  1;   NSX =   4;   NCHNL =  47
  KRXW = 1;    OFFTYM =   200.0    


             TXON (ms)    Transmitter current (amps)
             ---------    --------------------------

      1        0.000         0.000    
      2        0.500         1.000    
      3      200.000         1.000    
      4      200.200         0.000    


         Receiver Window Specifications (ms - referenced to signal origin)
         ----------------------------------------------------------------

       Window     Open       Close       Width     Centre
       ------     ----       -----       -----     ------
          1     200.025     200.075      0.050     200.050
          2     200.075     200.125      0.050     200.100
          3     200.125     200.175      0.050     200.150
          4     200.175     200.225      0.050     200.200
          5     200.225     200.275      0.050     200.250
          6     200.275     200.375      0.100     200.325
          7     200.375     200.475      0.100     200.425
          8     200.475     200.575      0.100     200.525
          9     200.575     200.675      0.100     200.625
         10     200.675     200.775      0.100     200.725
         11     200.775     200.975      0.200     200.875
         12     200.976     201.176      0.200     201.076
         13     201.175     201.375      0.200     201.275
         14     201.375     201.575      0.200     201.475
         15     201.575     201.775      0.200     201.675
         16     201.775     202.175      0.400     201.975
         17     202.175     202.575      0.400     202.375
         18     202.575     202.975      0.400     202.775
         19     202.975     203.375      0.400     203.175
         20     203.375     203.775      0.400     203.575
         21     203.775     204.575      0.800     204.175
         22     204.575     205.375      0.800     204.975
         23     205.375     206.175      0.800     205.775
         24     206.175     206.975      0.800     206.575
         25     206.975     207.775      0.800     207.375
         26     207.775     209.375      1.600     208.575
         27     209.375     210.975      1.600     210.175
         28     210.975     212.575      1.600     211.775
         29     212.575     214.175      1.600     213.375
         30     214.175     215.775      1.600     214.975
         31     215.775     218.975      3.200     217.375
         32     218.975     222.175      3.200     220.575
         33     222.175     225.375      3.200     223.775
         34     225.375     228.575      3.200     226.975
         35     228.575     231.775      3.200     230.175
         36     231.775     238.175      6.400     234.975
         37     238.175     244.575      6.400     241.375
         38     244.575     250.975      6.400     247.775
         39     250.975     257.375      6.400     254.175
         40     257.375     263.775      6.400     260.575
         41     263.775     276.575     12.800     270.175
         42     276.575     289.375     12.800     282.975
         43     289.375     302.175     12.800     295.775
         44     302.175     314.975     12.800     308.575
         45     314.975     327.775     12.800     321.375
         46     327.775     353.375     25.600     340.575
         47     353.375     378.975     25.600     366.175


  SOURCE_TYPE = 1;   SURVEY_TYPE = 4;   NTX = 25;   NRXG =25


  Vertex Locations for Loop Sources
  ---------------------------------

  Transmitter  1 has  4 vertices.

            Easting      Northing      Elevation
            -------      --------      ---------
    1     271100.00        100.00          0.00
    2     271300.00        100.00          0.00
    3     271300.00       -100.00          0.00
    4     271100.00       -100.00          0.00

  Transmitter  2 has  4 vertices.

            Easting      Northing      Elevation
            -------      --------      ---------
    1     271180.00        100.00          0.00
    2     271380.00        100.00          0.00
    3     271380.00       -100.00          0.00
    4     271180.00       -100.00          0.00

  Transmitter  3 has  4 vertices.

            Easting      Northing      Elevation
            -------      --------      ---------
    1     271260.00        100.00          0.00
    2     271460.00        100.00          0.00
    3     271460.00       -100.00          0.00
    4     271260.00       -100.00          0.00

  Transmitter  4 has  4 vertices.

            Easting      Northing      Elevation
            -------      --------      ---------
    1     271340.00        100.00          0.00
    2     271540.00        100.00          0.00
    3     271540.00       -100.00          0.00
    4     271340.00       -100.00          0.00

  Transmitter  5 has  4 vertices.

            Easting      Northing      Elevation
            -------      --------      ---------
    1     271420.00        100.00          0.00
    2     271620.00        100.00          0.00
    3     271620.00       -100.00          0.00
    4     271420.00       -100.00          0.00

  Transmitter  6 has  4 vertices.

            Easting      Northing      Elevation
            -------      --------      ---------
    1     271500.00        100.00          0.00
    2     271700.00        100.00          0.00
    3     271700.00       -100.00          0.00
    4     271500.00       -100.00          0.00

  Transmitter  7 has  4 vertices.

            Easting      Northing      Elevation
            -------      --------      ---------
    1     271580.00        100.00          0.00
    2     271780.00        100.00          0.00
    3     271780.00       -100.00          0.00
    4     271580.00       -100.00          0.00

  Transmitter  8 has  4 vertices.

            Easting      Northing      Elevation
            -------      --------      ---------
    1     271660.00        100.00          0.00
    2     271860.00        100.00          0.00
    3     271860.00       -100.00          0.00
    4     271660.00       -100.00          0.00

  Transmitter  9 has  4 vertices.

            Easting      Northing      Elevation
            -------      --------      ---------
    1     271740.00        100.00          0.00
    2     271940.00        100.00          0.00
    3     271940.00       -100.00          0.00
    4     271740.00       -100.00          0.00

  Transmitter 10 has  4 vertices.

            Easting      Northing      Elevation
            -------      --------      ---------
    1     271820.00        100.00          0.00
    2     272020.00        100.00          0.00
    3     272020.00       -100.00          0.00
    4     271820.00       -100.00          0.00

  Transmitter 11 has  4 vertices.

            Easting      Northing      Elevation
            -------      --------      ---------
    1     271900.00        100.00          0.00
    2     272100.00        100.00          0.00
    3     272100.00       -100.00          0.00
    4     271900.00       -100.00          0.00

  Transmitter 12 has  4 vertices.

            Easting      Northing      Elevation
            -------      --------      ---------
    1     271980.00        100.00          0.00
    2     272180.00        100.00          0.00
    3     272180.00       -100.00          0.00
    4     271980.00       -100.00          0.00

  Transmitter 13 has  4 vertices.

            Easting      Northing      Elevation
            -------      --------      ---------
    1     272060.00        100.00          0.00
    2     272260.00        100.00          0.00
    3     272260.00       -100.00          0.00
    4     272060.00       -100.00          0.00

  Transmitter 14 has  4 vertices.

            Easting      Northing      Elevation
            -------      --------      ---------
    1     272140.00        100.00          0.00
    2     272340.00        100.00          0.00
    3     272340.00       -100.00          0.00
    4     272140.00       -100.00          0.00

  Transmitter 15 has  4 vertices.

            Easting      Northing      Elevation
            -------      --------      ---------
    1     272220.00        100.00          0.00
    2     272420.00        100.00          0.00
    3     272420.00       -100.00          0.00
    4     272220.00       -100.00          0.00

  Transmitter 16 has  4 vertices.

            Easting      Northing      Elevation
            -------      --------      ---------
    1     272300.00        100.00          0.00
    2     272500.00        100.00          0.00
    3     272500.00       -100.00          0.00
    4     272300.00       -100.00          0.00

  Transmitter 17 has  4 vertices.

            Easting      Northing      Elevation
            -------      --------      ---------
    1     272380.00        100.00          0.00
    2     272580.00        100.00          0.00
    3     272580.00       -100.00          0.00
    4     272380.00       -100.00          0.00

  Transmitter 18 has  4 vertices.

            Easting      Northing      Elevation
            -------      --------      ---------
    1     272460.00        100.00          0.00
    2     272660.00        100.00          0.00
    3     272660.00       -100.00          0.00
    4     272460.00       -100.00          0.00

  Transmitter 19 has  4 vertices.

            Easting      Northing      Elevation
            -------      --------      ---------
    1     272540.00        100.00          0.00
    2     272740.00        100.00          0.00
    3     272740.00       -100.00          0.00
    4     272540.00       -100.00          0.00

  Transmitter 20 has  4 vertices.

            Easting      Northing      Elevation
            -------      --------      ---------
    1     272620.00        100.00          0.00
    2     272820.00        100.00          0.00
    3     272820.00       -100.00          0.00
    4     272620.00       -100.00          0.00

  Transmitter 21 has  4 vertices.

            Easting      Northing      Elevation
            -------      --------      ---------
    1     272700.00        100.00          0.00
    2     272900.00        100.00          0.00
    3     272900.00       -100.00          0.00
    4     272700.00       -100.00          0.00

  Transmitter 22 has  4 vertices.

            Easting      Northing      Elevation
            -------      --------      ---------
    1     272780.00        100.00          0.00
    2     272980.00        100.00          0.00
    3     272980.00       -100.00          0.00
    4     272780.00       -100.00          0.00

  Transmitter 23 has  4 vertices.

            Easting      Northing      Elevation
            -------      --------      ---------
    1     272860.00        100.00          0.00
    2     273060.00        100.00          0.00
    3     273060.00       -100.00          0.00
    4     272860.00       -100.00          0.00

  Transmitter 24 has  4 vertices.

            Easting      Northing      Elevation
            -------      --------      ---------
    1     272940.00        100.00          0.00
    2     273140.00        100.00          0.00
    3     273140.00       -100.00          0.00
    4     272940.00       -100.00          0.00

  Transmitter 25 has  4 vertices.

            Easting      Northing      Elevation
            -------      --------      ---------
    1     273020.00        100.00          0.00
    2     273220.00        100.00          0.00
    3     273220.00       -100.00          0.00
    4     273020.00       -100.00          0.00

  Coincident loop voltage units = 3


     MESH AND LITHOLOGIES DESCRIPTION
     ----------------------------------------

  Number of node rows =  27
  Number of node columns =  61
  NLITH =  6    KACC = 1    SOLVER = 1    OUTPUT =  10

   1      1000.         -1.0       1.000      1.000      0.00    0.00        1.00
   2      50.00         -1.0       1.000      1.000      0.00    0.00        1.00
   3      50.00         -1.0       1.000      1.000      0.00    0.00        1.00
   4     0.2000        500.0       1.000      1.000      0.00    0.00        1.00
   5     0.2500        200.0       1.000      1.000      0.00    0.00        1.00
   6     0.8000E-01   1000.0       1.000      1.000      0.00    0.00        1.00


  Before computation begins, Arjuna transforms array and model coordinates from
  "real world" coordimnates where elevation increases positive upwards to a
  body- centred system where depth increases positive downwards.  The new 
  vertical origin is at the air-earth interface.  The new horizontal origin is
  over the centre of the model region.  In the original user defined system
  the new computation origin is located at:

   EAST:    272200.00;    NORTH:         0.00;    ELEVATION: 

  Transformed Vertex Locations for Loop Sources
  ---------------------------------------------

      Transmitter  1 has  4 vertices.

         Easting   Northing     Depth

    1   -1100.00     100.00      -0.00
    2    -900.00     100.00      -0.00
    3    -900.00    -100.00      -0.00
    4   -1100.00    -100.00      -0.00

      Transmitter  2 has  4 vertices.

         Easting   Northing     Depth

    1   -1020.00     100.00      -0.00
    2    -820.00     100.00      -0.00
    3    -820.00    -100.00      -0.00
    4   -1020.00    -100.00      -0.00

      Transmitter  3 has  4 vertices.

         Easting   Northing     Depth

    1    -940.00     100.00      -0.00
    2    -740.00     100.00      -0.00
    3    -740.00    -100.00      -0.00
    4    -940.00    -100.00      -0.00

      Transmitter  4 has  4 vertices.

         Easting   Northing     Depth

    1    -860.00     100.00      -0.00
    2    -660.00     100.00      -0.00
    3    -660.00    -100.00      -0.00
    4    -860.00    -100.00      -0.00

      Transmitter  5 has  4 vertices.

         Easting   Northing     Depth

    1    -780.00     100.00      -0.00
    2    -580.00     100.00      -0.00
    3    -580.00    -100.00      -0.00
    4    -780.00    -100.00      -0.00

      Transmitter  6 has  4 vertices.

         Easting   Northing     Depth

    1    -700.00     100.00      -0.00
    2    -500.00     100.00      -0.00
    3    -500.00    -100.00      -0.00
    4    -700.00    -100.00      -0.00

      Transmitter  7 has  4 vertices.

         Easting   Northing     Depth

    1    -620.00     100.00      -0.00
    2    -420.00     100.00      -0.00
    3    -420.00    -100.00      -0.00
    4    -620.00    -100.00      -0.00

      Transmitter  8 has  4 vertices.

         Easting   Northing     Depth

    1    -540.00     100.00      -0.00
    2    -340.00     100.00      -0.00
    3    -340.00    -100.00      -0.00
    4    -540.00    -100.00      -0.00

      Transmitter  9 has  4 vertices.

         Easting   Northing     Depth

    1    -460.00     100.00      -0.00
    2    -260.00     100.00      -0.00
    3    -260.00    -100.00      -0.00
    4    -460.00    -100.00      -0.00

      Transmitter 10 has  4 vertices.

         Easting   Northing     Depth

    1    -380.00     100.00      -0.00
    2    -180.00     100.00      -0.00
    3    -180.00    -100.00      -0.00
    4    -380.00    -100.00      -0.00

      Transmitter 11 has  4 vertices.

         Easting   Northing     Depth

    1    -300.00     100.00      -0.00
    2    -100.00     100.00      -0.00
    3    -100.00    -100.00      -0.00
    4    -300.00    -100.00      -0.00

      Transmitter 12 has  4 vertices.

         Easting   Northing     Depth

    1    -220.00     100.00      -0.00
    2     -20.00     100.00      -0.00
    3     -20.00    -100.00      -0.00
    4    -220.00    -100.00      -0.00

      Transmitter 13 has  4 vertices.

         Easting   Northing     Depth

    1    -140.00     100.00      -0.00
    2      60.00     100.00      -0.00
    3      60.00    -100.00      -0.00
    4    -140.00    -100.00      -0.00

      Transmitter 14 has  4 vertices.

         Easting   Northing     Depth

    1     -60.00     100.00      -0.00
    2     140.00     100.00      -0.00
    3     140.00    -100.00      -0.00
    4     -60.00    -100.00      -0.00

      Transmitter 15 has  4 vertices.

         Easting   Northing     Depth

    1      20.00     100.00      -0.00
    2     220.00     100.00      -0.00
    3     220.00    -100.00      -0.00
    4      20.00    -100.00      -0.00

      Transmitter 16 has  4 vertices.

         Easting   Northing     Depth

    1     100.00     100.00      -0.00
    2     300.00     100.00      -0.00
    3     300.00    -100.00      -0.00
    4     100.00    -100.00      -0.00

      Transmitter 17 has  4 vertices.

         Easting   Northing     Depth

    1     180.00     100.00      -0.00
    2     380.00     100.00      -0.00
    3     380.00    -100.00      -0.00
    4     180.00    -100.00      -0.00

      Transmitter 18 has  4 vertices.

         Easting   Northing     Depth

    1     260.00     100.00      -0.00
    2     460.00     100.00      -0.00
    3     460.00    -100.00      -0.00
    4     260.00    -100.00      -0.00

      Transmitter 19 has  4 vertices.

         Easting   Northing     Depth

    1     340.00     100.00      -0.00
    2     540.00     100.00      -0.00
    3     540.00    -100.00      -0.00
    4     340.00    -100.00      -0.00

      Transmitter 20 has  4 vertices.

         Easting   Northing     Depth

    1     420.00     100.00      -0.00
    2     620.00     100.00      -0.00
    3     620.00    -100.00      -0.00
    4     420.00    -100.00      -0.00

      Transmitter 21 has  4 vertices.

         Easting   Northing     Depth

    1     500.00     100.00      -0.00
    2     700.00     100.00      -0.00
    3     700.00    -100.00      -0.00
    4     500.00    -100.00      -0.00

      Transmitter 22 has  4 vertices.

         Easting   Northing     Depth

    1     580.00     100.00      -0.00
    2     780.00     100.00      -0.00
    3     780.00    -100.00      -0.00
    4     580.00    -100.00      -0.00

      Transmitter 23 has  4 vertices.

         Easting   Northing     Depth

    1     660.00     100.00      -0.00
    2     860.00     100.00      -0.00
    3     860.00    -100.00      -0.00
    4     660.00    -100.00      -0.00

      Transmitter 24 has  4 vertices.

         Easting   Northing     Depth

    1     740.00     100.00      -0.00
    2     940.00     100.00      -0.00
    3     940.00    -100.00      -0.00
    4     740.00    -100.00      -0.00

      Transmitter 25 has  4 vertices.

         Easting   Northing     Depth

    1     820.00     100.00      -0.00
    2    1020.00     100.00      -0.00
    3    1020.00    -100.00      -0.00
    4     820.00    -100.00      -0.00

---------------------------------------------------------------------------
                       END OF INPUT DATA DESCRIPTION
---------------------------------------------------------------------------

  The time-domain results will be constructed using frequency-domain
  output computed at 3 points per decade, from  1.0 Hz to 10 Hz
  and at 6 points per decade, from 10 Hz to  0.1000E+06 Hz.

  Arjuna will start by computing new frequency-domain responses in the specified 
  range to construct the spectrum from DC to the appropriate upper limit.

  ARJUNA.CFL CFL_V1 Default                                                                                               


  Time-domain output for a coincident loop survey.
  For each loop centre position, the output is printed in MICROVOLTS.     


      PROFILE OUTPUT:  
      STANDARD OUTPUT - LAYERED EARTH + SCATTERED FIELDS

          RECEIVER POSITIONS            CHNL 1       CHNL 2       CHNL 3       CHNL 4       CHNL 5       CHNL 6       CHNL 7       CHNL 8       CHNL 9      CHNL 10      CHNL 11      CHNL 12      CHNL 13      CHNL 14      CHNL 15      CHNL 16      CHNL 17      CHNL 18      CHNL 19      CHNL 20      CHNL 21      CHNL 22      CHNL 23      CHNL 24      CHNL 25      CHNL 26      CHNL 27      CHNL 28      CHNL 29      CHNL 30      CHNL 31      CHNL 32      CHNL 33      CHNL 34      CHNL 35 
       Northing     Easting     Elev    200.0        200.1        200.1        200.2        200.3        200.3        200.4        200.5        200.6        200.7        200.9        201.1        201.3        201.5        201.7        202.0        202.4        202.8        203.2        203.6        204.2        205.0        205.8        206.6        207.4        208.6        210.2        211.8        213.4        215.0        217.4        220.6        223.8        227.0        230.2    

  1        0.00   271200.00     0.00  -0.2636E+06  -0.1358E+06  -0.8749E+05   0.9907E+05   0.2157E+06   0.7690E+05   0.3106E+05   0.1661E+05   0.1014E+05    6696.        4022.        2219.        1352.        881.1        607.9        388.1        237.8        162.2        118.6        91.47        67.07        47.26        35.09        27.26        21.77        16.42        12.08        9.312        7.437        6.123        4.797        3.622        2.854        2.315        1.918    
  2        0.00   271280.00     0.00  -0.2627E+06  -0.1341E+06  -0.8537E+05   0.1010E+06   0.2167E+06   0.7643E+05   0.2993E+05   0.1562E+05    9420.        6200.        3731.        2083.        1290.        859.0        606.4        398.7        253.3        177.6        132.9        103.9        76.86        54.38        40.56        31.63        25.37        19.24        14.19        11.02        8.896        7.408        5.895        4.542        3.639        2.993        2.506    
  3        0.00   271360.00     0.00  -0.2627E+06  -0.1340E+06  -0.8523E+05   0.1012E+06   0.2169E+06   0.7662E+05   0.2988E+05   0.1534E+05    9056.        5839.        3454.        1926.        1221.        841.5        617.0        425.9        282.8        203.3        154.4        121.5        89.98        63.97        47.83        37.44        30.26        23.27        17.49        13.88        11.40        9.632        7.843        6.217        5.093        4.259        3.612    
  4        0.00   271440.00     0.00  -0.2628E+06  -0.1341E+06  -0.8527E+05   0.1012E+06   0.2168E+06   0.7627E+05   0.2929E+05   0.1475E+05    8578.        5502.        3289.        1900.        1260.        903.5        683.5        487.0        331.6        240.6        184.0        145.2        107.8        77.36        58.84        46.89        38.59        30.41        23.45        19.11        16.16        14.03        11.72        9.488        7.882        6.660        5.695    
  5        0.00   271520.00     0.00  -0.2629E+06  -0.1342E+06  -0.8569E+05   0.1003E+06   0.2154E+06   0.7422E+05   0.2761E+05   0.1385E+05    8251.        5498.        3475.        2136.        1466.        1074.        821.0        589.1        405.8        297.1        229.4        183.5        139.0        102.3        80.22        65.70        55.56        45.48        36.56        30.64        26.38        23.14        19.49        15.87        13.17        11.06        9.377    
  6        0.00   271600.00     0.00  -0.2631E+06  -0.1356E+06  -0.8915E+05   0.9515E+05   0.2094E+06   0.6980E+05   0.2637E+05   0.1409E+05    8932.        6231.        4086.        2575.        1786.        1317.        1016.        740.1        522.5        394.9        314.4        259.3        205.1        159.0        129.5        109.5        94.76        79.03        64.38        54.02        46.20        40.05        33.06        26.13        21.07        17.23        14.29    
  7        0.00   271680.00     0.00  -0.2636E+06  -0.1393E+06  -0.9547E+05   0.8749E+05   0.2021E+06   0.6712E+05   0.2670E+05   0.1479E+05    9486.        6632.        4366.        2783.        1970.        1488.        1179.        893.0        659.8        519.8        426.3        360.0        291.2        228.5        186.6        156.4        133.8        109.6        86.93        71.33        59.90        51.20        41.72        32.71        26.42        21.82        18.34    
  8        0.00   271760.00     0.00  -0.2635E+06  -0.1394E+06  -0.9539E+05   0.8753E+05   0.2021E+06   0.6703E+05   0.2607E+05   0.1405E+05    8850.        6147.        4067.        2651.        1931.        1502.        1220.        945.1        710.0        557.0        451.9        373.7        291.1        217.1        168.1        134.7        111.1        87.73        67.84        55.74        47.60        41.76        35.69        29.99        25.89        22.74        20.24    
  9        0.00   271840.00     0.00  -0.2638E+06  -0.1395E+06  -0.9551E+05   0.8768E+05   0.2025E+06   0.6738E+05   0.2636E+05   0.1414E+05    8813.        6053.        3951.        2546.        1846.        1433.        1163.        899.3        672.7        527.6        427.3        354.5        279.0        211.7        168.2        138.5        117.3        96.09        77.76        65.70        57.13        50.69        43.44        36.30        30.95        26.76        23.45    
 10        0.00   271920.00     0.00  -0.2645E+06  -0.1383E+06  -0.9343E+05   0.9009E+05   0.2046E+06   0.6646E+05   0.2466E+05   0.1309E+05    8324.        5877.        3966.        2628.        1927.        1502.        1222.        949.5        718.5        573.4        474.2        402.0        327.0        259.4        213.5        181.2        156.9        130.6        105.6        88.03        74.93        64.75        53.22        41.97        33.85        27.75        23.08    
 11        0.00   272000.00     0.00  -0.2646E+06  -0.1374E+06  -0.9212E+05   0.9139E+05   0.2056E+06   0.6579E+05   0.2378E+05   0.1257E+05    8024.        5688.        3850.        2564.        1886.        1476.        1205.        942.8        721.0        580.8        486.4        417.3        344.7        278.8        233.2        200.4        175.4        147.6        120.5        101.0        86.01        74.20        60.69        47.32        37.58        30.23        24.61    
 12        0.00   272080.00     0.00  -0.2645E+06  -0.1392E+06  -0.9432E+05   0.8964E+05   0.2051E+06   0.6855E+05   0.2647E+05   0.1395E+05    8561.        5798.        3732.        2382.        1726.        1345.        1099.        862.9        662.3        533.4        446.0        380.7        311.3        248.1        204.5        173.6        150.2        124.7        100.6        83.35        70.37        60.31        48.98        37.99        30.13        24.32        19.94    
 13        0.00   272160.00     0.00  -0.2633E+06  -0.1360E+06  -0.8936E+05   0.9544E+05   0.2105E+06   0.7165E+05   0.2752E+05   0.1435E+05    8739.        5874.        3722.        2297.        1597.        1192.        932.4        688.3        486.8        362.0        280.3        222.3        164.7        116.7        87.35        68.98        56.55        44.60        34.62        28.54        24.29        21.14        17.83        14.76        12.61        11.01        9.800    
 14        0.00   272240.00     0.00  -0.2641E+06  -0.1384E+06  -0.9319E+05   0.9116E+05   0.2067E+06   0.7037E+05   0.2834E+05   0.1559E+05    9875.        6803.        4374.        2695.        1846.        1354.        1045.        761.4        534.7        402.0        316.1        256.9        198.5        148.5        117.5        96.61        81.69        66.35        52.33        42.94        36.09        30.85        25.15        19.73        15.91        13.13        11.07    
 15        0.00   272320.00     0.00  -0.2646E+06  -0.1368E+06  -0.9020E+05   0.9487E+05   0.2105E+06   0.7082E+05   0.2703E+05   0.1428E+05    8868.        6072.        3925.        2472.        1738.        1310.        1037.        781.3        573.0        446.4        362.4        302.8        242.2        188.0        151.7        126.1        107.0        86.50        67.37        54.06        44.36        37.04        29.07        21.61        16.53        12.91        10.28    
 16        0.00   272400.00     0.00  -0.2645E+06  -0.1349E+06  -0.8622E+05   0.1003E+06   0.2161E+06   0.7362E+05   0.2660E+05   0.1298E+05    7625.        5079.        3271.        2100.        1512.        1164.        933.8        711.8        526.9        410.6        333.9        278.2        220.2        168.7        134.6        110.7        92.91        73.92        56.35        44.39        35.80        29.40        22.55        16.29        12.12        9.230        7.171    
 17        0.00   272480.00     0.00  -0.2647E+06  -0.1353E+06  -0.8716E+05   0.9873E+05   0.2144E+06   0.7205E+05   0.2641E+05   0.1358E+05    8406.        5817.        3837.        2474.        1761.        1335.        1056.        790.5        574.3        441.1        353.7        291.5        227.6        171.1        134.4        109.0        90.29        70.55        52.49        40.47        31.96        25.70        19.14        13.25        9.448        6.883        5.111    
 18        0.00   272560.00     0.00  -0.2656E+06  -0.1395E+06  -0.9493E+05   0.8904E+05   0.2048E+06   0.6787E+05   0.2738E+05   0.1578E+05   0.1055E+05    7650.        5233.        3466.        2511.        1927.        1542.        1170.        856.1        658.4        523.4        425.5        323.9        232.8        173.2        132.8        104.1        75.52        51.59        37.03        27.47        20.94        14.62        9.236        5.954        3.853        2.448    
 19        0.00   272640.00     0.00  -0.2742E+06  -0.1592E+06  -0.1186E+06   0.6504E+05   0.1898E+06   0.6722E+05   0.3039E+05   0.1855E+05   0.1292E+05    9735.        7051.        5043.        3913.        3184.        2675.        2146.        1658.        1320.        1069.        875.2        660.7        459.1        323.2        230.9        166.3        105.4        58.96        34.91        21.74        14.41        8.979        5.069        3.178        2.177        1.437    
 20        0.00   272720.00     0.00  -0.2767E+06  -0.1630E+06  -0.1218E+06   0.6234E+05   0.1901E+06   0.6881E+05   0.3121E+05   0.1900E+05   0.1316E+05    9821.        6980.        4854.        3666.        2912.        2395.        1869.        1398.        1086.        863.7        697.9        521.9        362.9        259.7        191.6        145.2        102.1        69.29        52.17        42.21        36.05        30.61        25.57        22.06        19.39        17.13    
 21        0.00   272800.00     0.00  -0.2733E+06  -0.1570E+06  -0.1141E+06   0.7088E+05   0.1962E+06   0.7209E+05   0.3239E+05   0.1902E+05   0.1258E+05    8919.        5881.        3686.        2530.        1843.        1404.        1002.        686.6        505.0        391.8        317.2        247.4        190.7        157.1        135.6        120.2        104.0        88.80        77.66        68.90        61.78        53.39        44.69        38.08        32.93        28.86    
 22        0.00   272880.00     0.00  -0.2751E+06  -0.1589E+06  -0.1151E+06   0.7081E+05   0.1986E+06   0.7492E+05   0.3421E+05   0.2019E+05   0.1341E+05    9571.        6395.        4094.        2872.        2135.        1657.        1213.        852.6        637.1        497.7        401.3        305.6        223.1        171.0        135.8        110.7        85.42        63.65        49.87        40.51        33.87        27.13        21.07        17.05        14.21        12.09    
 23        0.00   272960.00     0.00  -0.2656E+06  -0.1390E+06  -0.9245E+05   0.9307E+05   0.2101E+06   0.7246E+05   0.2898E+05   0.1593E+05   0.1020E+05    7145.        4709.        2993.        2094.        1553.        1202.        872.1        604.4        443.8        340.1        268.7        198.6        139.5        102.8        78.46        61.43        44.66        30.47        21.89        16.34        12.59        8.996        6.045        4.298        3.191        2.452    
 24        0.00   273040.00     0.00  -0.2647E+06  -0.1351E+06  -0.8620E+05   0.1007E+06   0.2173E+06   0.7560E+05   0.2886E+05   0.1480E+05    8906.        5940.        3728.        2260.        1533.        1112.        845.5        602.1        410.5        298.1        227.4        178.9        131.2        91.45        67.35        51.68        40.70        29.76        20.38        14.70        10.99        8.459        6.011        3.982        2.776        2.014        1.511    
 25        0.00   273120.00     0.00  -0.2646E+06  -0.1349E+06  -0.8586E+05   0.1013E+06   0.2182E+06   0.7666E+05   0.2972E+05   0.1534E+05    9204.        6066.        3703.        2141.        1386.        964.4        707.7        486.2        320.8        228.6        172.1        134.3        98.11        68.26        50.21        38.64        30.53        22.40        15.50        11.27        8.509        6.615        4.744        3.169        2.224        1.625        1.229    

          RECEIVER POSITIONS           CHNL 36      CHNL 37      CHNL 38      CHNL 39      CHNL 40      CHNL 41      CHNL 42      CHNL 43      CHNL 44      CHNL 45      CHNL 46      CHNL 47 
       Northing     Easting     Elev    235.0        241.4        247.8        254.2        260.6        270.2        283.0        295.8        308.6        321.4        340.6        366.2    

  1        0.00   271200.00     0.00    1.492        1.102       0.8407       0.6579       0.5242       0.3860       0.2625       0.1844       0.1337       0.1004       0.6955E-01   0.4498E-01
  2        0.00   271280.00     0.00    1.974        1.479        1.137       0.8902       0.7056       0.5121       0.3400       0.2332       0.1650       0.1209       0.8139E-01   0.5106E-01
  3        0.00   271360.00     0.00    2.881        2.175        1.674        1.304        1.025       0.7305       0.4692       0.3098       0.2103       0.1479       0.9460E-01   0.5609E-01
  4        0.00   271440.00     0.00    4.569        3.449        2.640        2.037        1.582        1.104       0.6815       0.4281       0.2740       0.1808       0.1057       0.5579E-01
  5        0.00   271520.00     0.00    7.425        5.505        4.140        3.140        2.396        1.627       0.9627       0.5730       0.3428       0.2085       0.1057       0.4403E-01
  6        0.00   271600.00     0.00    11.01        7.910        5.817        4.348        3.289        2.231        1.344       0.8304       0.5274       0.3490       0.2068       0.1176    
  7        0.00   271680.00     0.00    14.55        11.04        8.660        6.975        5.728        4.425        3.256        2.495        1.975        1.607        1.232       0.9050    
  8        0.00   271760.00     0.00    17.29        14.29        12.06        10.31        8.911        7.323        5.754        4.640        3.810        3.176        2.491        1.851    
  9        0.00   271840.00     0.00    19.54        15.63        12.80        10.66        9.005        7.193        5.473        4.301        3.464        2.848        2.197        1.611    
 10        0.00   271920.00     0.00    17.90        13.04        9.765        7.483        5.843        4.213        2.842        2.020        1.498        1.152       0.8194       0.5582    
 11        0.00   272000.00     0.00    18.41        12.69        8.936        6.410        4.668        3.045        1.798        1.133       0.7509       0.5188       0.3096       0.1759    
 12        0.00   272080.00     0.00    15.18        10.84        8.012        6.105        4.775        3.508        2.496        1.910        1.530        1.263       0.9817       0.7462    
 13        0.00   272160.00     0.00    8.442        7.118        6.151        5.414        4.829        4.152        3.461        2.943        2.532        2.197        1.811        1.430    
 14        0.00   272240.00     0.00    8.820        6.758        5.396        4.446        3.756        3.046        2.408        1.980        1.667        1.425        1.155       0.9006    
 15        0.00   272320.00     0.00    7.527        5.123        3.625        2.655        1.997        1.391       0.9263       0.6666       0.5055       0.3978       0.2892       0.2038    
 16        0.00   272400.00     0.00    5.077        3.304        2.233        1.562        1.116       0.7180       0.4251       0.2694       0.1783       0.1211       0.6701E-01   0.2923E-01
 17        0.00   272480.00     0.00    3.370        1.958        1.154       0.6851       0.3928       0.1546       0.1839E-02  -0.6568E-01  -0.9498E-01  -0.1059      -0.1100      -0.1034    
 18        0.00   272560.00     0.00    1.141       0.1780      -0.2931      -0.5219      -0.6263      -0.6568      -0.6182      -0.5539      -0.4881      -0.4284      -0.3563      -0.2809    
 19        0.00   272640.00     0.00   0.7467       0.2841       0.7168E-01  -0.6765E-01  -0.1261      -0.1375      -0.1369      -0.1190      -0.9976E-01  -0.8408E-01  -0.6738E-01  -0.5033E-01
 20        0.00   272720.00     0.00    14.43        11.71        9.706        8.131        6.907        5.552        4.236        3.329        2.675        2.189        1.676        1.211    
 21        0.00   272800.00     0.00    24.08        19.30        15.82        13.19        11.14        8.875        6.723        5.248        4.194        3.417        2.598        1.862    
 22        0.00   272880.00     0.00    9.799        7.670        6.199        5.130        4.318        3.438        2.609        2.045        1.640        1.339        1.022       0.7360    
 23        0.00   272960.00     0.00    1.751        1.198       0.8784       0.6794       0.5448       0.4156       0.3050       0.2346       0.1855       0.1498       0.1129       0.7973E-01
 24        0.00   273040.00     0.00    1.037       0.6687       0.4618       0.3381       0.2577       0.1852       0.1280       0.9424E-01   0.7190E-01   0.5624E-01   0.4036E-01   0.2663E-01
 25        0.00   273120.00     0.00   0.8520       0.5526       0.3819       0.2803       0.2138       0.1532       0.1053       0.7665E-01   0.5790E-01   0.4499E-01   0.3205E-01   0.2102E-01


  Arjuna forward model completed at 14:52 on 07 JAN 2013

  Computation time =    6271.59 seconds.


