

  Arjuna task started at 14:52 on 07 JAN 2013



            Arjuna Version :         2.1.1 11 January, 2008

  #######################################################################
  #*********************************************************************#
  #*                                                                   *#
  #*  THIS PROGRAM HAS BEEN RELEASED STRICTLY FOR THE USE OF SPONSORS  *#
  #*   OF AMIRA PROJECTS P223E AND THEIR AUTHORISED AGENTS.            *#
  #*                                                                   *#
  #*********************************************************************#
  #######################################################################


          INPUT DATA
          ----------


 25 m offset Slim Boris going through weathered pod                                                                      

  TDFD = 2;   PRFL = 1;   STEP = 0;   ISTOP = 0

          +----------------------------------------------+
          +  Frequency-Domain Ground System Information  +
          +----------------------------------------------+

  NFRQ =  9

           Frequency      Transmitter current in amps
           ---------      ---------------------------

      1          35.         300.0    
      2          70.         250.0    
      3         140.         200.0    
      4         280.         175.0    
      5         560.         150.0    
      6        1120.         125.0    
      7        2240.         100.0    
      8        4480.         75.00    
      9        8960.         50.00    


  SOURCE_TYPE = 3;   SURVEY_TYPE = 2;   NTX = 29;   NRXG =29


  Dipole Source Specification

           Easting       Northing      Elevation     Dip   Azimuth   Moment
           -------       --------      ---------     ---   -------   ------
    1        120.00          0.00          0.00     45.0    -90.0       1.0
    2        110.00          0.00        -10.00     45.0    -90.0       1.0
    3        100.00          0.00        -20.00     45.0    -90.0       1.0
    4         90.00          0.00        -30.00     45.0    -90.0       1.0
    5         80.00          0.00        -40.00     45.0    -90.0       1.0
    6         70.00          0.00        -50.00     45.0    -90.0       1.0
    7         60.00          0.00        -60.00     45.0    -90.0       1.0
    8         50.00          0.00        -70.00     45.0    -90.0       1.0
    9         40.00          0.00        -80.00     45.0    -90.0       1.0
   10         30.00          0.00        -90.00     45.0    -90.0       1.0
   11         20.00          0.00       -100.00     45.0    -90.0       1.0
   12         10.00          0.00       -110.00     45.0    -90.0       1.0
   13          0.00          0.00       -120.00     45.0    -90.0       1.0
   14        -10.00          0.00       -130.00     45.0    -90.0       1.0
   15        -20.00          0.00       -140.00     45.0    -90.0       1.0
   16        -30.00          0.00       -150.00     45.0    -90.0       1.0
   17        -40.00          0.00       -160.00     45.0    -90.0       1.0
   18        -50.00          0.00       -170.00     45.0    -90.0       1.0
   19        -60.00          0.00       -180.00     45.0    -90.0       1.0
   20        -70.00          0.00       -190.00     45.0    -90.0       1.0
   21        -80.00          0.00       -200.00     45.0    -90.0       1.0
   22        -90.00          0.00       -210.00     45.0    -90.0       1.0
   23       -100.00          0.00       -220.00     45.0    -90.0       1.0
   24       -110.00          0.00       -230.00     45.0    -90.0       1.0
   25       -120.00          0.00       -240.00     45.0    -90.0       1.0
   26       -130.00          0.00       -250.00     45.0    -90.0       1.0
   27       -140.00          0.00       -260.00     45.0    -90.0       1.0
   28       -150.00          0.00       -270.00     45.0    -90.0       1.0
   29       -160.00          0.00       -280.00     45.0    -90.0       1.0

  Fixed Offset for Magnetic Dipole Receiver
  -----------------------------------------
     East        North     Vertical   Moment    CMP  UNITS
     -18.00       0.00     -18.00    1000.00     2     1


     MESH AND LITHOLOGIES DESCRIPTION
     ----------------------------------------

  Number of node rows =  28
  Number of node columns =  51
  NLITH =  7    KACC = 1    SOLVER = 1    OUTPUT =  10

   1      1000.         -1.0       1.000      1.000      0.00    0.00        0.00
   2      2000.         -1.0       1.000      1.000      0.00    0.00        0.00
   3      80.00         -1.0       1.000      1.000      0.00    0.00        1.00
   4      50.00         -1.0       1.000      1.000      0.00    0.00        1.00
   5      250.0         -1.0       1.000      1.000      0.00    0.00        1.00
   6      100.0         -1.0       1.000      1.000      0.00    0.00        1.00
   7     0.5000          1.0       1.000      1.000      0.00    0.00        1.00


  Before computation begins, Arjuna transforms array and model coordinates from
  "real world" coordimnates where elevation increases positive upwards to a
  body- centred system where depth increases positive downwards.  The new 
  vertical origin is at the air-earth interface.  The new horizontal origin is
  over the centre of the model region.  In the original user defined system
  the new computation origin is located at:

   EAST:         0.00;    NORTH:         0.00;    ELEVATION: 

  Transformed Dipole Source Specification



        Easting   Northing      Depth      Dip    Azimuth   Moment
        -------   --------      -----      ---    -------   ------
   1     120.00       0.00      -0.00     45.00    -90.00      1.00
   2     110.00       0.00      10.00     45.00    -90.00      1.00
   3     100.00       0.00      20.00     45.00    -90.00      1.00
   4      90.00       0.00      30.00     45.00    -90.00      1.00
   5      80.00       0.00      40.00     45.00    -90.00      1.00
   6      70.00       0.00      50.00     45.00    -90.00      1.00
   7      60.00       0.00      60.00     45.00    -90.00      1.00
   8      50.00       0.00      70.00     45.00    -90.00      1.00
   9      40.00       0.00      80.00     45.00    -90.00      1.00
  10      30.00       0.00      90.00     45.00    -90.00      1.00
  11      20.00       0.00     100.00     45.00    -90.00      1.00
  12      10.00       0.00     110.00     45.00    -90.00      1.00
  13       0.00       0.00     120.00     45.00    -90.00      1.00
  14     -10.00       0.00     130.00     45.00    -90.00      1.00
  15     -20.00       0.00     140.00     45.00    -90.00      1.00
  16     -30.00       0.00     150.00     45.00    -90.00      1.00
  17     -40.00       0.00     160.00     45.00    -90.00      1.00
  18     -50.00       0.00     170.00     45.00    -90.00      1.00
  19     -60.00       0.00     180.00     45.00    -90.00      1.00
  20     -70.00       0.00     190.00     45.00    -90.00      1.00
  21     -80.00       0.00     200.00     45.00    -90.00      1.00
  22     -90.00       0.00     210.00     45.00    -90.00      1.00
  23    -100.00       0.00     220.00     45.00    -90.00      1.00
  24    -110.00       0.00     230.00     45.00    -90.00      1.00
  25    -120.00       0.00     240.00     45.00    -90.00      1.00
  26    -130.00       0.00     250.00     45.00    -90.00      1.00
  27    -140.00       0.00     260.00     45.00    -90.00      1.00
  28    -150.00       0.00     270.00     45.00    -90.00      1.00
  29    -160.00       0.00     280.00     45.00    -90.00      1.00


  Transformed Locations for Constant Offset Magnetic Dipole Receivers
  -------------------------------------------------------------------
        Easting   Northing     Depth    Dip    Azimuth   Moment

   1     102.00       0.00      18.00   45.0  -90.0        1.
   2      92.00       0.00      28.00   45.0  -90.0        1.
   3      82.00       0.00      38.00   45.0  -90.0        1.
   4      72.00       0.00      48.00   45.0  -90.0        1.
   5      62.00       0.00      58.00   45.0  -90.0        1.
   6      52.00       0.00      68.00   45.0  -90.0        1.
   7      42.00       0.00      78.00   45.0  -90.0        1.
   8      32.00       0.00      88.00   45.0  -90.0        1.
   9      22.00       0.00      98.00   45.0  -90.0        1.
  10      12.00       0.00     108.00   45.0  -90.0        1.
  11       2.00       0.00     118.00   45.0  -90.0        1.
  12      -8.00       0.00     128.00   45.0  -90.0        1.
  13     -18.00       0.00     138.00   45.0  -90.0        1.
  14     -28.00       0.00     148.00   45.0  -90.0        1.
  15     -38.00       0.00     158.00   45.0  -90.0        1.
  16     -48.00       0.00     168.00   45.0  -90.0        1.
  17     -58.00       0.00     178.00   45.0  -90.0        1.
  18     -68.00       0.00     188.00   45.0  -90.0        1.
  19     -78.00       0.00     198.00   45.0  -90.0        1.
  20     -88.00       0.00     208.00   45.0  -90.0        1.
  21     -98.00       0.00     218.00   45.0  -90.0        1.
  22    -108.00       0.00     228.00   45.0  -90.0        1.
  23    -118.00       0.00     238.00   45.0  -90.0        1.
  24    -128.00       0.00     248.00   45.0  -90.0        1.
  25    -138.00       0.00     258.00   45.0  -90.0        1.
  26    -148.00       0.00     268.00   45.0  -90.0        1.
  27    -158.00       0.00     278.00   45.0  -90.0        1.
  28    -168.00       0.00     288.00   45.0  -90.0        1.
  29    -178.00       0.00     298.00   45.0  -90.0        1.

---------------------------------------------------------------------------
                       END OF INPUT DATA DESCRIPTION
---------------------------------------------------------------------------


      PPM OUTPUT for constant offset frequency-domain system
      ------------------------------------------------------

      DC magnetic field (in Teslas) used for PPM normalisation

       Axial field =  -6.062     picoTeslas.
       Slope field = -0.1090E-04 picoTeslas.
  Horizontal field =  0.9771E-11 picoTeslas.
    Total DC field =   6.062     picoTeslas.

  All fields will be normalised by the corresponding DC component unless
  that DC component is less than 10 percent of the total DC field

  The Horizontal component will be normalised by the TOTAL field.
  The Slope component will be normalised by the TOTAL field.


  TITLE:  25 m offset Slim Boris going through weathered pod                                                                      


  INPHASE RESPONSE in PPM     AXIAL BOREHOLE COMPONENT     
  -----------------------

          RECEIVER POSITIONS           FREQUENCIES
    Northing     Easting     Elev       35.00        70.00        140.0        280.0        560.0        1120.        2240.        4480.        8960.    

  1        0.00      102.00   -18.00    999723.25    999515.00    999108.69    998313.63    996716.31    993412.13    986486.63    971934.25    942242.38
  2        0.00       92.00   -28.00    999756.81    999597.50    999273.94    998604.81    997164.25    993970.00    986865.31    971450.19    940321.44
  3        0.00       82.00   -38.00    999667.00    999460.50    999055.94    998255.50    996617.63    993181.13    985789.19    969790.25    936402.31
  4        0.00       72.00   -48.00    999559.81    999348.94    998966.06    998239.63    996767.06    993641.25    986760.63    971771.69    941733.00
  5        0.00       62.00   -58.00    999181.44    998737.88    997953.69    996505.19    993683.25    988057.31    976236.94    951433.75    903609.94
  6        0.00       52.00   -68.00    998812.44    998248.88    997314.81    995618.69    992279.75    985507.44    971289.38    942079.31    888280.63
  7        0.00       42.00   -78.00    997893.44    996979.19    995694.56    993686.25    990103.56    983148.13    968258.56    935181.31    866461.63
  8        0.00       32.00   -88.00    998471.13    997465.38    995640.44    992720.56    988241.63    981228.00    968605.19    942739.94    891023.31
  9        0.00       22.00   -98.00    998518.19    996960.31    993655.88    987919.81    978980.25    967235.38    954056.75    935666.81    893585.94
 10        0.00       12.00  -108.00    994106.81    989111.00    980103.25    966173.88    947445.56    924968.25    897326.56    859324.75    802800.56
 11        0.00        2.00  -118.00    928234.06    875951.81    795852.69    683923.06    551928.38    414561.81    269376.09    110663.48    -32913.47
 12        0.00       -8.00  -128.00    948403.25    904692.50    833546.50    730411.25    605082.50    479652.53    373037.56    299954.84    265584.06
 13        0.00      -18.00  -138.00    947725.38    896065.06    805594.88    670783.25    508239.97    368246.84    289617.41    256001.48    242774.47
 14        0.00      -28.00  -148.00    949994.63    900701.50    820280.06    712643.19    594248.88    489970.00    419187.31    382053.94    369666.06
 15        0.00      -38.00  -158.00    948520.19    891527.06    789179.75    627771.25    391688.66    118923.57    -89724.17   -189430.84   -216687.64
 16        0.00      -48.00  -168.00    951373.56    904242.25    827285.25    722411.81    604553.13    492825.44    391104.31    307135.91    264745.06
 17        0.00      -58.00  -178.00    950094.88    898006.25    800816.44    641743.63    440705.38    258494.69    137217.02     74713.24     50343.87
 18        0.00      -68.00  -188.00    928168.81    868570.00    781483.31    674107.19    573512.94    492461.56    411405.50    340811.34    306417.16
 19        0.00      -78.00  -198.00    898159.13    804430.00    655568.31    449736.56    214499.86     -3796.06   -136033.66   -173764.59   -170163.70
 20        0.00      -88.00  -208.00   1000081.50    997733.19    994540.81    994017.81    997000.19    999986.81   1001004.50   1001746.75   1000681.38
 21        0.00      -98.00  -218.00   1003364.44   1001800.25    997223.31    991404.38    987052.75    984899.50    979583.38    970403.06    965831.25
 22        0.00     -108.00  -228.00   1002191.13   1001106.94    997949.81    993171.50    987440.50    981579.00    976055.44    971434.06    967785.56
 23        0.00     -118.00  -238.00    997282.25    995550.88    993307.81    991179.56    988873.38    985740.56    982239.00    980419.31    980869.13
 24        0.00     -128.00  -248.00    997520.00    995810.88    993440.88    990825.50    988428.13    986678.44    985620.25    984739.00    983605.56
 25        0.00     -138.00  -258.00    999089.19    998565.63    997878.44    997210.69    996593.75    996000.31    995400.44    994644.25    993078.44
 26        0.00     -148.00  -268.00    999456.94    999161.50    998770.38    998387.69    998010.75    997582.63    996993.69    995926.44    993492.25
 27        0.00     -158.00  -278.00    999665.00    999487.56    999247.56    999008.88    998757.50    998440.25    997953.75    996993.06    994728.06
 28        0.00     -168.00  -288.00    999778.00    999668.88    999521.81    999374.63    999205.94    998962.94    998538.13    997623.69    995423.38
 29        0.00     -178.00  -298.00    999850.25    999779.50    999683.19    999585.56    999468.63    999291.19    998969.50    998244.44    996415.88


  QUADRATURE RESPONSE in PPM     AXIAL BOREHOLE COMPONENT     
  --------------------------

          RECEIVER POSITIONS           FREQUENCIES
    Northing     Easting     Elev       35.00        70.00        140.0        280.0        560.0        1120.        2240.        4480.        8960.    

  1        0.00      102.00   -18.00     -1211.44     -2225.52     -4076.12     -7433.38    -13480.65    -24194.76    -42679.28    -73247.41   -120428.09
  2        0.00       92.00   -28.00     -1073.03     -1995.74     -3708.62     -6862.87    -12602.48    -22796.02    -40187.32    -67938.37   -107710.14
  3        0.00       82.00   -38.00     -1327.04     -2448.78     -4522.48     -8333.71    -15280.21    -27760.80    -49680.52    -86584.81   -144771.13
  4        0.00       72.00   -48.00     -1170.63     -2094.40     -3792.14     -6900.15    -12537.36    -22574.13    -39845.12    -67579.89   -107635.40
  5        0.00       62.00   -58.00     -2075.16     -3634.76     -6434.39    -11447.90    -20302.89    -35679.87    -61601.92   -101945.20   -157927.59
  6        0.00       52.00   -68.00     -2422.16     -4111.99     -7147.73    -12587.99    -22138.80    -38436.93    -65008.69   -104021.70   -152607.94
  7        0.00       42.00   -78.00     -3425.06     -5491.20     -9172.66    -15881.43    -28024.70    -49734.08    -87625.43   -149269.17   -238271.80
  8        0.00       32.00   -88.00     -3203.27     -5411.27     -8865.24    -14256.93    -22934.16    -37512.43    -62365.68   -101845.06   -154865.91
  9        0.00       22.00   -98.00     -4644.09     -8239.63    -13546.16    -20907.66    -30585.91    -43319.82    -63786.90   -103606.25   -174461.72
 10        0.00       12.00  -108.00    -11893.75    -19114.15    -28558.20    -39578.36    -51466.21    -65705.79    -86106.32   -115886.45   -154511.30
 11        0.00        2.00  -118.00   -108572.05   -155549.94   -208669.75   -256061.50   -284809.63   -299789.09   -308654.16   -294799.28   -236578.41
 12        0.00       -8.00  -128.00    -90474.15   -134314.98   -183751.98   -225718.61   -242096.39   -226168.14   -184172.70   -125691.94    -72960.19
 13        0.00      -18.00  -138.00   -106204.32   -163785.09   -227687.03   -276246.88   -277010.25   -218069.59   -139341.56    -79870.69    -42317.07
 14        0.00      -28.00  -148.00    -95405.09   -142285.52   -187703.91   -215440.00   -211740.38   -175314.84   -122772.50    -72654.63    -37704.06
 15        0.00      -38.00  -158.00   -125998.02   -201847.58   -295115.50   -394640.59   -464901.09   -439253.91   -318404.13   -182022.13    -90477.32
 16        0.00      -48.00  -168.00    -93328.56   -139626.34   -186961.28   -220755.14   -229034.28   -214683.19   -187355.06   -136828.73    -80417.52
 17        0.00      -58.00  -178.00   -114469.22   -181808.30   -265257.78   -337786.94   -352310.47   -296446.50   -207627.02   -125343.49    -67889.41
 18        0.00      -68.00  -188.00   -111772.34   -154766.58   -191571.28   -205513.09   -191064.05   -172288.61   -154269.72   -112645.73    -65841.57
 19        0.00      -78.00  -198.00   -185054.47   -270327.22   -358199.00   -417967.66   -417779.13   -338492.03   -205649.84    -94519.35    -37523.99
 20        0.00      -88.00  -208.00     -2542.42     -3786.70     -2495.90      1011.80      2867.02       928.28     -2575.33     -8138.11    -18970.17
 21        0.00      -98.00  -218.00     -2451.52     -6266.50     -9476.81    -10319.91     -9440.51    -10712.98    -15682.71    -17523.16    -17779.30
 22        0.00     -108.00  -228.00     -2166.28     -5129.51     -8271.87    -10753.75    -12268.78    -12993.53    -13564.58    -14889.48    -19520.80
 23        0.00     -118.00  -238.00     -3180.07     -4227.24     -4873.07     -5353.09     -6303.84     -7457.06     -7880.61     -8352.08    -12848.56
 24        0.00     -128.00  -248.00     -3145.49     -4234.12     -4998.40     -5211.75     -4948.75     -4673.69     -5270.42     -7698.87    -13099.54
 25        0.00     -138.00  -258.00     -1008.84     -1358.38     -1628.04     -1885.53     -2364.65     -3355.78     -5384.96     -9528.19    -17698.49
 26        0.00     -148.00  -268.00      -615.21      -860.19     -1103.09     -1431.50     -2064.95     -3316.32     -5749.38    -10414.35    -19004.98
 27        0.00     -158.00  -278.00      -418.54      -622.13      -872.62     -1274.57     -2056.87     -3583.78     -6543.11    -12234.03    -22872.11
 28        0.00     -168.00  -288.00      -277.40      -421.46      -614.06      -942.06     -1583.37     -2822.43     -5192.44     -9673.44    -17842.89
 29        0.00     -178.00  -298.00      -210.54      -335.91      -523.03      -860.05     -1522.55     -2809.80     -5300.12    -10084.75    -19026.15


  INPHASE RESPONSE in PPM     SLOPE BOREHOLE COMPONENT     
  -----------------------

          RECEIVER POSITIONS           FREQUENCIES
    Northing     Easting     Elev       35.00        70.00        140.0        280.0        560.0        1120.        2240.        4480.        8960.    

  1        0.00      102.00   -18.00   -500029.91   -500088.09   -500207.09   -500457.16   -501019.72   -502346.09   -505530.16   -512946.25   -528812.06
  2        0.00       92.00   -28.00   -500104.84   -500259.47   -500589.00   -501290.28   -502816.16   -506145.28   -513289.47   -528164.38   -556783.00
  3        0.00       82.00   -38.00   -500150.97   -500366.59   -500817.50   -501742.50   -503661.78   -507627.75   -515812.50   -532604.00   -565185.25
  4        0.00       72.00   -48.00   -500172.84   -500428.94   -500954.47   -502000.78   -504106.34   -508287.19   -516555.09   -532680.31   -561971.25
  5        0.00       62.00   -58.00   -500069.94   -500237.63   -500602.59   -501362.69   -503004.78   -506596.94   -514469.00   -531558.81   -566126.38
  6        0.00       52.00   -68.00   -500293.63   -500689.69   -501515.91   -503195.81   -506670.13   -513768.97   -527966.06   -555082.19   -602506.88
  7        0.00       42.00   -78.00   -500505.94   -501041.19   -502072.56   -504038.16   -507954.00   -515873.91   -531777.44   -562527.31   -617802.81
  8        0.00       32.00   -88.00   -501491.06   -502259.63   -503543.31   -505935.38   -510558.47   -519076.41   -533726.00   -557803.88   -595431.75
  9        0.00       22.00   -98.00   -502782.34   -504405.75   -507174.09   -512225.16   -521316.81   -536525.13   -559717.44   -592286.06   -632380.38
 10        0.00       12.00  -108.00   -506105.38   -510332.38   -517252.91   -528338.13   -544395.56   -565490.00   -593300.94   -633507.88   -688758.00
 11        0.00        2.00  -118.00   -538928.44   -570112.44   -618923.81   -688393.38   -772055.44   -856885.63   -914242.25   -910891.88   -850593.63
 12        0.00       -8.00  -128.00   -529785.06   -556603.75   -601200.13   -667228.56   -746669.50   -825890.75   -894349.56   -945011.25   -974542.06
 13        0.00      -18.00  -138.00   -524543.13   -553276.94   -607965.06   -689865.75   -772046.38   -809984.63   -781226.44   -722818.75   -687644.81
 14        0.00      -28.00  -148.00   -544921.94   -587424.63   -652459.25   -729992.13   -803742.94   -868571.56   -924542.50   -970732.06   -996003.63
 15        0.00      -38.00  -158.00   -546458.19   -596642.94   -677549.19   -778779.94   -871121.50   -895325.63   -841830.50   -786197.00   -765571.19
 16        0.00      -48.00  -168.00   -537123.31   -576612.06   -639345.69   -716003.31   -788269.44   -854026.56   -930461.06   -999282.00  -1033447.94
 17        0.00      -58.00  -178.00   -527905.56   -563091.25   -628453.63   -712993.88   -761238.06   -727167.00   -638646.38   -567116.50   -534184.19
 18        0.00      -68.00  -188.00   -535295.50   -572125.50   -636063.94   -723857.19   -799427.31   -842117.81   -874801.19   -904497.94   -917803.06
 19        0.00      -78.00  -198.00   -522515.91   -553179.75   -614663.25   -719970.69   -840766.69   -891166.94   -837138.94   -771702.06   -748567.81
 20        0.00      -88.00  -208.00   -499804.16   -498155.09   -493829.84   -485554.09   -474560.34   -467954.81   -473934.63   -487633.16   -499128.06
 21        0.00      -98.00  -218.00   -503202.25   -506923.84   -512462.91   -517329.38   -515009.06   -497441.28   -467207.25   -443767.06   -438706.00
 22        0.00     -108.00  -228.00   -499919.84   -500837.53   -502316.94   -503513.84   -503303.69   -500878.97   -496535.41   -492652.44   -492445.03
 23        0.00     -118.00  -238.00   -498105.81   -499172.16   -502187.03   -507133.69   -512978.38   -518367.66   -523517.84   -530544.13   -539507.56
 24        0.00     -128.00  -248.00   -499434.81   -500163.03   -501652.25   -503678.63   -505838.22   -507776.06   -509688.31   -512738.13   -518334.56
 25        0.00     -138.00  -258.00   -499398.28   -499558.00   -499958.13   -500478.41   -501069.25   -501724.31   -502499.53   -503661.75   -505876.97
 26        0.00     -148.00  -268.00   -499714.59   -499847.19   -500107.06   -500420.72   -500777.22   -501211.19   -501850.59   -503083.06   -505810.06
 27        0.00     -158.00  -278.00   -499865.91   -499963.06   -500130.09   -500326.31   -500557.50   -500866.28   -501390.72   -502521.25   -505143.88
 28        0.00     -168.00  -288.00   -499928.34   -499999.53   -500114.34   -500246.44   -500404.00   -500624.41   -501030.50   -501966.72   -504209.63
 29        0.00     -178.00  -298.00   -499959.28   -500011.50   -500092.34   -500183.41   -500289.81   -500436.28   -500718.19   -501415.81   -503170.69


  QUADRATURE RESPONSE in PPM     SLOPE BOREHOLE COMPONENT     
  --------------------------

          RECEIVER POSITIONS           FREQUENCIES
    Northing     Easting     Elev       35.00        70.00        140.0        280.0        560.0        1120.        2240.        4480.        8960.    

  1        0.00      102.00   -18.00      -428.81      -814.08     -1529.47     -2863.11     -5323.43     -9754.10    -17366.09    -29335.66    -45317.93
  2        0.00       92.00   -28.00      -995.63     -1875.91     -3490.13     -6426.17    -11670.75    -20745.23    -35737.62    -58706.54    -89641.12
  3        0.00       82.00   -38.00     -1205.86     -2247.75     -4123.05     -7469.81    -13335.80    -23332.96    -39745.61    -64862.19    -98557.45
  4        0.00       72.00   -48.00     -1242.65     -2290.19     -4132.01     -7347.93    -12846.06    -21951.20    -36433.74    -57693.41    -84670.98
  5        0.00       62.00   -58.00     -1022.22     -1939.32     -3594.69     -6579.26    -11881.66    -20997.20    -35906.22    -58001.96    -84012.88
  6        0.00       52.00   -68.00     -1959.66     -3620.41     -6552.26    -11680.89    -20430.26    -34723.39    -56686.29    -87026.47   -122092.20
  7        0.00       42.00   -78.00     -2344.12     -4221.63     -7480.90    -13143.98    -22820.53    -38704.89    -63203.36    -97110.17   -135914.77
  8        0.00       32.00   -88.00     -2749.46     -4512.91     -7579.18    -12789.94    -21147.37    -33625.34    -51188.13    -74346.25   -101884.88
  9        0.00       22.00   -98.00     -4896.63     -7832.07    -12618.19    -20036.98    -30470.58    -43392.52    -57109.58    -67876.67    -69056.24
 10        0.00       12.00  -108.00    -10419.82    -15953.80    -23804.49    -34031.54    -46049.48    -60342.60    -78954.49   -101266.77   -118990.77
 11        0.00        2.00  -118.00    -63214.07    -90854.08   -121003.09   -143896.00   -147003.39   -117747.62    -49977.95     33782.43     81240.70
 12        0.00       -8.00  -128.00    -56126.20    -84161.02   -116604.83   -143978.94   -154565.52   -146168.63   -123039.70    -90661.30    -59419.49
 13        0.00      -18.00  -138.00    -56219.57    -88468.71   -121496.04   -132086.47    -95780.86    -20358.46     47716.95     62011.98     39973.14
 14        0.00      -28.00  -148.00    -78263.98   -112422.33   -140116.53   -149687.08   -142356.11   -126884.41   -106825.26    -78728.59    -46474.82
 15        0.00      -38.00  -158.00    -88363.71   -129422.34   -159208.72   -156389.66    -98950.33      -769.99     59343.87     52775.04     28304.81
 16        0.00      -48.00  -168.00    -73272.98   -108419.27   -138377.95   -151326.63   -148164.05   -146783.61   -140413.47   -105557.76    -62188.19
 17        0.00      -58.00  -178.00    -60508.01    -92037.17   -114205.69    -91639.57     -9267.75     82833.76    116426.17     91501.19     54493.48
 18        0.00      -68.00  -188.00    -71025.77   -106313.27   -140697.08   -149473.09   -121905.50    -90251.16    -72441.11    -50332.44    -27620.10
 19        0.00      -78.00  -198.00    -64385.11   -103773.70   -150784.77   -177378.48   -134114.53    -21258.39     59912.71     56816.80     28925.85
 20        0.00      -88.00  -208.00      3701.43      6979.89     11051.71     13728.99     10299.34     -2407.71    -18166.52    -26734.82    -32216.78
 21        0.00      -98.00  -218.00     -4672.77     -5759.62     -3871.37      4177.89     19808.19     36245.43     37740.44     18033.53     -9771.01
 22        0.00     -108.00  -228.00     -1135.24     -1770.00     -1671.75      -373.19      1826.89      3612.03      2732.61     -3054.40    -14018.24
 23        0.00     -118.00  -238.00     -2315.41     -5155.70     -8446.80    -11207.64    -12772.53    -13954.39    -16863.14    -22052.32    -28917.30
 24        0.00     -128.00  -248.00     -1367.24     -2584.91     -3805.98     -4780.59     -5556.73     -6727.32     -9421.43    -14750.52    -23186.86
 25        0.00     -138.00  -258.00      -273.52      -703.83     -1129.58     -1553.75     -2113.47     -3034.01     -4736.93     -7945.16    -13713.44
 26        0.00     -148.00  -268.00      -270.07      -559.36      -876.92     -1286.02     -1965.91     -3219.32     -5598.58    -10039.52    -17919.84
 27        0.00     -158.00  -278.00      -227.02      -428.87      -677.09     -1049.37     -1717.31     -2980.66     -5390.86     -9879.25    -17830.69
 28        0.00     -168.00  -288.00      -180.38      -328.86      -523.81      -836.51     -1415.05     -2524.75     -4656.09     -8636.36    -15701.01
 29        0.00     -178.00  -298.00      -138.80      -247.80      -396.20      -642.40     -1105.67     -2006.46     -3759.32     -7068.31    -13005.61


  INPHASE RESPONSE in PPM     HORIZONTAL BOREHOLE COMPONENT
  -----------------------

          RECEIVER POSITIONS           FREQUENCIES
    Northing     Easting     Elev       35.00        70.00        140.0        280.0        560.0        1120.        2240.        4480.        8960.    

  1        0.00      102.00   -18.00   -707106.31   -707106.31   -707106.31   -707106.31   -707106.31   -707106.31   -707106.31   -707106.31   -707106.06
  2        0.00       92.00   -28.00   -707106.31   -707106.31   -707106.31   -707106.31   -707106.31   -707106.31   -707106.31   -707106.31   -707106.31
  3        0.00       82.00   -38.00   -707106.31   -707106.31   -707106.31   -707106.31   -707106.31   -707106.31   -707106.31   -707106.31   -707106.31
  4        0.00       72.00   -48.00   -707106.31   -707106.31   -707106.31   -707106.31   -707106.31   -707106.31   -707106.31   -707106.31   -707106.06
  5        0.00       62.00   -58.00   -707106.31   -707106.31   -707106.31   -707106.31   -707106.31   -707106.31   -707106.31   -707106.31   -707106.06
  6        0.00       52.00   -68.00   -707106.31   -707106.31   -707106.31   -707106.31   -707106.31   -707106.31   -707106.31   -707106.31   -707106.31
  7        0.00       42.00   -78.00   -707106.31   -707106.31   -707106.31   -707106.31   -707106.31   -707106.31   -707106.31   -707106.31   -707106.56
  8        0.00       32.00   -88.00   -707106.31   -707106.31   -707106.31   -707106.31   -707106.31   -707106.06   -707106.06   -707106.06   -707106.31
  9        0.00       22.00   -98.00   -707106.31   -707106.31   -707106.31   -707106.06   -707105.88   -707105.63   -707105.50   -707105.25   -707105.88
 10        0.00       12.00  -108.00   -707106.31   -707106.06   -707105.88   -707105.63   -707105.13   -707104.69   -707104.00   -707103.75   -707103.75
 11        0.00        2.00  -118.00   -707105.88   -707105.50   -707104.69   -707103.63   -707103.00   -707103.25   -707104.00   -707105.44   -707106.44
 12        0.00       -8.00  -128.00   -707106.06   -707105.88   -707105.63   -707105.63   -707106.31   -707107.94   -707110.00   -707111.44   -707112.06
 13        0.00      -18.00  -138.00   -707106.06   -707105.88   -707106.06   -707107.13   -707110.00   -707114.19   -707116.63   -707115.75   -707113.75
 14        0.00      -28.00  -148.00   -707106.31   -707106.31   -707106.31   -707106.94   -707107.75   -707108.56   -707109.00   -707109.00   -707109.00
 15        0.00      -38.00  -158.00   -707106.31   -707106.31   -707106.94   -707108.19   -707110.69   -707113.88   -707117.56   -707120.56   -707122.00
 16        0.00      -48.00  -168.00   -707106.31   -707106.31   -707106.56   -707106.94   -707107.75   -707108.56   -707109.44   -707109.75   -707109.75
 17        0.00      -58.00  -178.00   -707106.31   -707106.31   -707106.94   -707108.31   -707111.13   -707114.94   -707118.69   -707121.63   -707122.81
 18        0.00      -68.00  -188.00   -707106.31   -707106.06   -707105.88   -707105.50   -707105.25   -707105.50   -707106.06   -707106.69   -707107.13
 19        0.00      -78.00  -198.00   -707106.06   -707105.88   -707105.50   -707104.88   -707104.13   -707104.38   -707105.19   -707106.00   -707106.44
 20        0.00      -88.00  -208.00   -707106.31   -707106.31   -707106.56   -707106.56   -707106.69   -707106.69   -707106.56   -707106.31   -707106.31
 21        0.00      -98.00  -218.00   -707106.31   -707106.31   -707106.31   -707106.31   -707106.56   -707106.69   -707107.13   -707107.56   -707107.75
 22        0.00     -108.00  -228.00   -707106.31   -707106.31   -707106.31   -707106.31   -707106.56   -707106.69   -707106.69   -707106.69   -707106.69
 23        0.00     -118.00  -238.00   -707106.31   -707106.56   -707106.69   -707106.69   -707106.94   -707107.13   -707107.38   -707107.38   -707107.38
 24        0.00     -128.00  -248.00   -707106.31   -707106.31   -707106.31   -707106.56   -707106.56   -707106.56   -707106.56   -707106.56   -707106.56
 25        0.00     -138.00  -258.00   -707106.31   -707106.31   -707106.31   -707106.31   -707106.31   -707106.31   -707106.31   -707106.31   -707106.31
 26        0.00     -148.00  -268.00   -707106.31   -707106.31   -707106.31   -707106.31   -707106.31   -707106.31   -707106.31   -707106.31   -707106.31
 27        0.00     -158.00  -278.00   -707106.31   -707106.31   -707106.31   -707106.31   -707106.31   -707106.31   -707106.31   -707106.31   -707106.31
 28        0.00     -168.00  -288.00   -707106.31   -707106.31   -707106.31   -707106.31   -707106.31   -707106.31   -707106.31   -707106.31   -707106.31
 29        0.00     -178.00  -298.00   -707106.31   -707106.31   -707106.31   -707106.31   -707106.31   -707106.31   -707106.31   -707106.31   -707106.31


  QUADRATURE RESPONSE in PPM     HORIZONTAL BOREHOLE COMPONENT
  --------------------------

          RECEIVER POSITIONS           FREQUENCIES
    Northing     Easting     Elev       35.00        70.00        140.0        280.0        560.0        1120.        2240.        4480.        8960.    

  1        0.00      102.00   -18.00        -0.00        -0.00        -0.00        -0.00        -0.00         0.00         0.02         0.11         0.39
  2        0.00       92.00   -28.00        -0.00        -0.00        -0.00        -0.01        -0.01        -0.02        -0.02        -0.01         0.07
  3        0.00       82.00   -38.00         0.00         0.00         0.00         0.01         0.02         0.05         0.13         0.31         0.72
  4        0.00       72.00   -48.00        -0.00        -0.00        -0.01        -0.01        -0.02        -0.03        -0.03         0.01         0.14
  5        0.00       62.00   -58.00        -0.00        -0.00        -0.00        -0.00         0.01         0.02         0.08         0.24         0.65
  6        0.00       52.00   -68.00        -0.01        -0.01        -0.01        -0.01        -0.01        -0.00         0.02         0.08         0.24
  7        0.00       42.00   -78.00        -0.01        -0.01         0.00         0.03         0.08         0.19         0.41         0.84         1.65
  8        0.00       32.00   -88.00        -0.03        -0.04        -0.05        -0.06        -0.05         0.01         0.15         0.41         0.77
  9        0.00       22.00   -98.00        -0.07        -0.12        -0.18        -0.26        -0.29        -0.17         0.24         1.08         2.38
 10        0.00       12.00  -108.00        -0.24        -0.40        -0.61        -0.82        -0.92        -0.84        -0.53        -0.01         0.73
 11        0.00        2.00  -118.00        -0.80        -1.14        -1.38        -1.15        -0.20         1.12         2.18         2.77         3.29
 12        0.00       -8.00  -128.00        -0.20        -0.11         0.27         1.09         2.26         3.11         3.01         2.07         0.92
 13        0.00      -18.00  -138.00         0.22         0.73         1.87         3.76         5.55         5.11         1.89        -1.07        -1.42
 14        0.00      -28.00  -148.00         0.09         0.32         0.76         1.25         1.42         1.13         0.66         0.26         0.05
 15        0.00      -38.00  -158.00         0.62         1.30         2.47         4.04         5.57         6.46         6.12         4.50         2.64
 16        0.00      -48.00  -168.00         0.15         0.38         0.75         1.21         1.54         1.51         1.12         0.65         0.32
 17        0.00      -58.00  -178.00         0.66         1.38         2.65         4.48         6.26         6.99         6.19         4.29         2.43
 18        0.00      -68.00  -188.00        -0.23        -0.31        -0.37        -0.30         0.09         0.68         0.98         0.77         0.46
 19        0.00      -78.00  -198.00        -0.43        -0.60        -0.78        -0.78        -0.23         0.80         1.31         1.04         0.73
 20        0.00      -88.00  -208.00         0.06         0.11         0.15         0.14         0.05        -0.09        -0.24        -0.29        -0.19
 21        0.00      -98.00  -218.00        -0.00         0.04         0.12         0.24         0.41         0.59         0.68         0.54         0.30
 22        0.00     -108.00  -228.00         0.01         0.05         0.10         0.15         0.17         0.14         0.08         0.03         0.00
 23        0.00     -118.00  -238.00         0.15         0.22         0.30         0.35         0.34         0.27         0.20         0.18         0.18
 24        0.00     -128.00  -248.00         0.03         0.04         0.04         0.04         0.04         0.03         0.04         0.04         0.05
 25        0.00     -138.00  -258.00         0.01         0.01         0.02         0.02         0.02         0.02         0.03         0.05         0.10
 26        0.00     -148.00  -268.00         0.01         0.01         0.01         0.01         0.01         0.01         0.01         0.02         0.04
 27        0.00     -158.00  -278.00         0.00         0.00         0.01         0.01         0.01         0.02         0.03         0.06         0.11
 28        0.00     -168.00  -288.00         0.00         0.00         0.00         0.00         0.00         0.01         0.01         0.02         0.03
 29        0.00     -178.00  -298.00         0.00         0.00         0.00         0.00         0.01         0.02         0.03         0.06         0.11


  END OF PPM OUTPUT
  =================

  25 m offset Slim Boris going through weathered pod                                                                      


  Frequency-domain output for a single magnetic dipole receiver moving with
  constant offset with respect to the transmitter.
  The source is a magnetic dipole.
  For each position, the output is printed in NANOTESLAS /SEC.


  INPHASE RESPONSE
  ----------------

      PROFILE OUTPUT:  BH AXIAL COMPONENT     
      STANDARD OUTPUT - LAYERED EARTH + SCATTERED FIELDS

          RECEIVER POSITIONS           FREQUENCIES
    Northing     Easting     Elev       35.00        70.00        140.0        280.0        560.0        1120.        2240.        4480.        8960.    

  1        0.00      102.00   -18.00   0.4845        1.483        4.347        13.87        43.13        129.0        364.2        937.5        2055.    
  2        0.00       92.00   -28.00   0.4292        1.330        3.955        12.81        40.32        121.6        342.9        869.5        1838.    
  3        0.00       82.00   -38.00   0.5308        1.632        4.823        15.55        48.89        148.0        423.9        1108.        2470.    
  4        0.00       72.00   -48.00   0.4682        1.396        4.044        12.88        40.11        120.4        340.0        864.9        1837.    
  5        0.00       62.00   -58.00   0.8300        2.423        6.863        21.37        64.96        190.3        525.6        1305.        2695.    
  6        0.00       52.00   -68.00   0.9687        2.741        7.623        23.49        70.84        205.0        554.7        1331.        2604.    
  7        0.00       42.00   -78.00    1.370        3.660        9.783        29.64        89.67        265.2        747.6        1910.        4066.    
  8        0.00       32.00   -88.00    1.281        3.607        9.455        26.61        73.38        200.0        532.1        1303.        2643.    
  9        0.00       22.00   -98.00    1.857        5.492        14.45        39.02        97.86        231.0        544.2        1326.        2977.    
 10        0.00       12.00  -108.00    4.757        12.74        30.46        73.87        164.7        350.4        734.7        1483.        2637.    
 11        0.00        2.00  -118.00    43.42        103.7        222.6        477.9        911.3        1599.        2634.        3773.        4037.    
 12        0.00       -8.00  -128.00    36.19        89.53        196.0        421.3        774.6        1206.        1571.        1609.        1245.    
 13        0.00      -18.00  -138.00    42.48        109.2        242.8        515.6        886.3        1163.        1189.        1022.        722.1    
 14        0.00      -28.00  -148.00    38.16        94.85        200.2        402.1        677.5        934.9        1048.        929.9        643.4    
 15        0.00      -38.00  -158.00    50.39        134.5        314.8        736.6        1488.        2342.        2717.        2330.        1544.    
 16        0.00      -48.00  -168.00    37.33        93.07        199.4        412.0        732.8        1145.        1599.        1751.        1372.    
 17        0.00      -58.00  -178.00    45.78        121.2        282.9        630.5        1127.        1581.        1772.        1604.        1159.    
 18        0.00      -68.00  -188.00    44.70        103.2        204.3        383.6        611.3        918.8        1316.        1442.        1124.    
 19        0.00      -78.00  -198.00    74.01        180.2        382.0        780.1        1337.        1805.        1755.        1210.        640.3    
 20        0.00      -88.00  -208.00    1.017        2.524        2.662       -1.888       -9.173       -4.950        21.97        104.2        323.7    
 21        0.00      -98.00  -218.00   0.9805        4.177        10.11        19.26        30.21        57.13        133.8        224.3        303.4    
 22        0.00     -108.00  -228.00   0.8664        3.419        8.822        20.07        39.26        69.29        115.7        190.6        333.1    
 23        0.00     -118.00  -238.00    1.272        2.818        5.197        9.991        20.17        39.77        67.24        106.9        219.3    
 24        0.00     -128.00  -248.00    1.258        2.822        5.331        9.727        15.83        24.92        44.97        98.53        223.5    
 25        0.00     -138.00  -258.00   0.4035       0.9055        1.736        3.519        7.566        17.90        45.95        121.9        302.0    
 26        0.00     -148.00  -268.00   0.2461       0.5734        1.176        2.672        6.607        17.68        49.06        133.3        324.3    
 27        0.00     -158.00  -278.00   0.1674       0.4147       0.9307        2.379        6.581        19.11        55.83        156.6        390.3    
 28        0.00     -168.00  -288.00   0.1109       0.2809       0.6549        1.758        5.066        15.05        44.30        123.8        304.5    
 29        0.00     -178.00  -298.00   0.8420E-01   0.2239       0.5578        1.605        4.872        14.98        45.22        129.1        324.7    


  QUADRATURE RESPONSE
  -------------------

      PROFILE OUTPUT:  BH AXIAL COMPONENT     
      STANDARD OUTPUT - LAYERED EARTH + SCATTERED FIELDS

          RECEIVER POSITIONS           FREQUENCIES
    Northing     Easting     Elev       35.00        70.00        140.0        280.0        560.0        1120.        2240.        4480.        8960.    

  1        0.00      102.00   -18.00    399.8        666.3        1066.        1863.        3189.        5298.        8417.       0.1244E+05   0.1608E+05
  2        0.00       92.00   -28.00    399.9        666.3        1066.        1864.        3191.        5301.        8420.       0.1243E+05   0.1605E+05
  3        0.00       82.00   -38.00    399.8        666.2        1066.        1863.        3189.        5296.        8411.       0.1241E+05   0.1598E+05
  4        0.00       72.00   -48.00    399.8        666.2        1065.        1863.        3189.        5299.        8419.       0.1244E+05   0.1607E+05
  5        0.00       62.00   -58.00    399.6        665.7        1064.        1860.        3179.        5269.        8330.       0.1218E+05   0.1542E+05
  6        0.00       52.00   -68.00    399.5        665.4        1064.        1858.        3175.        5255.        8287.       0.1206E+05   0.1516E+05
  7        0.00       42.00   -78.00    399.1        664.6        1062.        1855.        3168.        5243.        8261.       0.1197E+05   0.1479E+05
  8        0.00       32.00   -88.00    399.3        664.9        1062.        1853.        3162.        5233.        8264.       0.1207E+05   0.1520E+05
  9        0.00       22.00   -98.00    399.4        664.6        1060.        1844.        3132.        5158.        8140.       0.1198E+05   0.1525E+05
 10        0.00       12.00  -108.00    397.6        659.3        1045.        1803.        3031.        4933.        7656.       0.1100E+05   0.1370E+05
 11        0.00        2.00  -118.00    371.2        583.9        848.8        1276.        1766.        2211.        2298.        1416.       -561.7    
 12        0.00       -8.00  -128.00    379.3        603.1        889.0        1363.        1936.        2558.        3183.        3839.        4532.    
 13        0.00      -18.00  -138.00    379.0        597.3        859.2        1252.        1626.        1964.        2471.        3276.        4143.    
 14        0.00      -28.00  -148.00    380.0        600.4        874.9        1330.        1901.        2613.        3577.        4890.        6308.    
 15        0.00      -38.00  -158.00    379.4        594.3        841.7        1172.        1253.        634.2       -765.6       -2424.       -3698.    
 16        0.00      -48.00  -168.00    380.5        602.8        882.3        1348.        1934.        2628.        3337.        3931.        4518.    
 17        0.00      -58.00  -178.00    380.0        598.6        854.1        1198.        1410.        1378.        1171.        956.2        859.1    
 18        0.00      -68.00  -188.00    371.2        579.0        833.5        1258.        1835.        2626.        3510.        4362.        5229.    
 19        0.00      -78.00  -198.00    359.2        536.2        699.2        839.4        686.3       -20.24       -1161.       -2224.       -2904.    
 20        0.00      -88.00  -208.00    400.0        665.1        1061.        1855.        3190.        5333.        8541.       0.1282E+05   0.1708E+05
 21        0.00      -98.00  -218.00    401.3        667.8        1064.        1850.        3158.        5252.        8358.       0.1242E+05   0.1648E+05
 22        0.00     -108.00  -228.00    400.8        667.3        1064.        1854.        3159.        5234.        8328.       0.1243E+05   0.1651E+05
 23        0.00     -118.00  -238.00    398.9        663.6        1059.        1850.        3164.        5257.        8381.       0.1255E+05   0.1674E+05
 24        0.00     -128.00  -248.00    399.0        663.8        1060.        1849.        3163.        5262.        8410.       0.1260E+05   0.1678E+05
 25        0.00     -138.00  -258.00    399.6        665.6        1064.        1861.        3189.        5311.        8493.       0.1273E+05   0.1695E+05
 26        0.00     -148.00  -268.00    399.7        666.0        1065.        1863.        3193.        5320.        8507.       0.1275E+05   0.1695E+05
 27        0.00     -158.00  -278.00    399.8        666.2        1066.        1865.        3196.        5324.        8515.       0.1276E+05   0.1697E+05
 28        0.00     -168.00  -288.00    399.9        666.4        1066.        1865.        3197.        5327.        8520.       0.1277E+05   0.1699E+05
 29        0.00     -178.00  -298.00    399.9        666.4        1066.        1866.        3198.        5329.        8523.       0.1278E+05   0.1700E+05


  INPHASE RESPONSE
  ----------------

      PROFILE OUTPUT:  BH SLOPE COMPONENT     
      STANDARD OUTPUT - LAYERED EARTH + SCATTERED FIELDS

          RECEIVER POSITIONS           FREQUENCIES
    Northing     Easting     Elev       35.00        70.00        140.0        280.0        560.0        1120.        2240.        4480.        8960.    

  1        0.00      102.00   -18.00   0.1715       0.5427        1.631        5.344        17.03        52.02        148.2        375.5        773.3    
  2        0.00       92.00   -28.00   0.3982        1.250        3.722        11.99        37.34        110.6        304.9        751.4        1530.    
  3        0.00       82.00   -38.00   0.4823        1.498        4.397        13.94        42.67        124.4        339.1        830.1        1682.    
  4        0.00       72.00   -48.00   0.4970        1.527        4.407        13.71        41.10        117.1        310.9        738.4        1445.    
  5        0.00       62.00   -58.00   0.4088        1.293        3.834        12.28        38.02        112.0        306.4        742.3        1434.    
  6        0.00       52.00   -68.00   0.7838        2.413        6.988        21.80        65.37        185.2        483.7        1114.        2083.    
  7        0.00       42.00   -78.00   0.9375        2.814        7.979        24.53        73.02        206.4        539.3        1243.        2319.    
  8        0.00       32.00   -88.00    1.100        3.008        8.083        23.87        67.66        179.3        436.8        951.5        1739.    
  9        0.00       22.00   -98.00    1.958        5.221        13.46        37.40        97.49        231.4        487.3        868.7        1178.    
 10        0.00       12.00  -108.00    4.167        10.63        25.39        63.52        147.3        321.8        673.7        1296.        2031.    
 11        0.00        2.00  -118.00    25.28        60.56        129.1        268.6        470.4        627.9        426.4       -432.4       -1386.    
 12        0.00       -8.00  -128.00    22.45        56.10        124.4        268.7        494.5        779.5        1050.        1160.        1014.    
 13        0.00      -18.00  -138.00    22.49        58.97        129.6        246.5        306.5        108.6       -407.1       -793.7       -682.1    
 14        0.00      -28.00  -148.00    31.30        74.94        149.4        279.4        455.5        676.6        911.5        1008.        793.1    
 15        0.00      -38.00  -158.00    35.34        86.27        169.8        291.9        316.6        4.106       -506.3       -675.4       -483.0    
 16        0.00      -48.00  -168.00    29.31        72.27        147.6        282.4        474.1        782.7        1198.        1351.        1061.    
 17        0.00      -58.00  -178.00    24.20        61.35        121.8        171.0        29.65       -441.7       -993.4       -1171.       -929.9    
 18        0.00      -68.00  -188.00    28.41        70.87        150.1        279.0        390.0        481.3        618.1        644.2        471.3    
 19        0.00      -78.00  -198.00    25.75        69.17        160.8        331.1        429.1        113.4       -511.2       -727.2       -493.6    
 20        0.00      -88.00  -208.00   -1.480       -4.653       -11.79       -25.62       -32.95        12.84        155.0        342.2        549.8    
 21        0.00      -98.00  -218.00    1.869        3.839        4.129       -7.798       -63.38       -193.3       -322.0       -230.8        166.7    
 22        0.00     -108.00  -228.00   0.4540        1.180        1.783       0.6965       -5.845       -19.26       -23.32        39.09        239.2    
 23        0.00     -118.00  -238.00   0.9260        3.437        9.009        20.92        40.87        74.41        143.9        282.2        493.5    
 24        0.00     -128.00  -248.00   0.5468        1.723        4.059        8.923        17.78        35.87        80.39        188.8        395.7    
 25        0.00     -138.00  -258.00   0.1094       0.4692        1.205        2.900        6.762        16.18        40.42        101.7        234.0    
 26        0.00     -148.00  -268.00   0.1080       0.3729       0.9353        2.400        6.290        17.17        47.77        128.5        305.8    
 27        0.00     -158.00  -278.00   0.9080E-01   0.2859       0.7221        1.959        5.495        15.89        46.00        126.4        304.3    
 28        0.00     -168.00  -288.00   0.7214E-01   0.2192       0.5587        1.561        4.528        13.46        39.73        110.5        267.9    
 29        0.00     -178.00  -298.00   0.5552E-01   0.1652       0.4226        1.199        3.538        10.70        32.08        90.46        221.9    


  QUADRATURE RESPONSE
  -------------------

      PROFILE OUTPUT:  BH SLOPE COMPONENT     
      STANDARD OUTPUT - LAYERED EARTH + SCATTERED FIELDS

          RECEIVER POSITIONS           FREQUENCIES
    Northing     Easting     Elev       35.00        70.00        140.0        280.0        560.0        1120.        2240.        4480.        8960.    

  1        0.00      102.00   -18.00   -200.0       -333.4       -533.5       -934.1       -1603.       -2679.       -4313.       -6565.       -9024.    
  2        0.00       92.00   -28.00   -200.0       -333.5       -533.9       -935.6       -1609.       -2699.       -4380.       -6760.       -9501.    
  3        0.00       82.00   -38.00   -200.0       -333.5       -534.1       -936.5       -1612.       -2707.       -4401.       -6816.       -9645.    
  4        0.00       72.00   -48.00   -200.0       -333.6       -534.3       -937.0       -1613.       -2711.       -4407.       -6817.       -9590.    
  5        0.00       62.00   -58.00   -200.0       -333.5       -533.9       -935.8       -1609.       -2702.       -4390.       -6803.       -9661.    
  6        0.00       52.00   -68.00   -200.1       -333.8       -534.9       -939.2       -1621.       -2740.       -4505.       -7104.      -0.1028E+05
  7        0.00       42.00   -78.00   -200.2       -334.0       -535.5       -940.8       -1625.       -2751.       -4537.       -7199.      -0.1054E+05
  8        0.00       32.00   -88.00   -200.6       -334.8       -537.0       -944.3       -1634.       -2768.       -4554.       -7139.      -0.1016E+05
  9        0.00       22.00   -98.00   -201.1       -336.2       -540.9       -956.0       -1668.       -2861.       -4776.       -7580.      -0.1079E+05
 10        0.00       12.00  -108.00   -202.4       -340.2       -551.7       -986.1       -1742.       -3016.       -5062.       -8108.      -0.1175E+05
 11        0.00        2.00  -118.00   -215.5       -380.0       -660.1       -1285.       -2470.       -4569.       -7801.      -0.1166E+05  -0.1452E+05
 12        0.00       -8.00  -128.00   -211.9       -371.0       -641.2       -1245.       -2389.       -4404.       -7631.      -0.1209E+05  -0.1663E+05
 13        0.00      -18.00  -138.00   -209.8       -368.8       -648.4       -1288.       -2470.       -4319.       -6666.       -9251.      -0.1173E+05
 14        0.00      -28.00  -148.00   -217.9       -391.6       -695.9       -1362.       -2572.       -4632.       -7888.      -0.1242E+05  -0.1700E+05
 15        0.00      -38.00  -158.00   -218.6       -397.7       -722.6       -1454.       -2787.       -4774.       -7183.      -0.1006E+05  -0.1306E+05
 16        0.00      -48.00  -168.00   -214.8       -384.4       -681.9       -1336.       -2522.       -4554.       -7939.      -0.1279E+05  -0.1764E+05
 17        0.00      -58.00  -178.00   -211.1       -375.3       -670.3       -1331.       -2436.       -3878.       -5449.       -7258.       -9116.    
 18        0.00      -68.00  -188.00   -214.1       -381.4       -678.4       -1351.       -2558.       -4491.       -7464.      -0.1158E+05  -0.1566E+05
 19        0.00      -78.00  -198.00   -209.0       -368.7       -655.6       -1344.       -2690.       -4752.       -7143.       -9877.      -0.1277E+05
 20        0.00      -88.00  -208.00   -199.9       -332.1       -526.7       -906.3       -1518.       -2495.       -4044.       -6241.       -8517.    
 21        0.00      -98.00  -218.00   -201.3       -337.9       -546.6       -965.6       -1648.       -2653.       -3986.       -5680.       -7486.    
 22        0.00     -108.00  -228.00   -199.9       -333.9       -535.7       -939.8       -1610.       -2671.       -4237.       -6305.       -8403.    
 23        0.00     -118.00  -238.00   -199.2       -332.7       -535.6       -946.5       -1641.       -2764.       -4467.       -6790.       -9206.    
 24        0.00     -128.00  -248.00   -199.7       -333.4       -535.0       -940.1       -1618.       -2708.       -4349.       -6562.       -8845.    
 25        0.00     -138.00  -258.00   -199.7       -333.0       -533.2       -934.1       -1603.       -2676.       -4287.       -6446.       -8633.    
 26        0.00     -148.00  -268.00   -199.9       -333.2       -533.4       -934.0       -1602.       -2673.       -4282.       -6439.       -8631.    
 27        0.00     -158.00  -278.00   -199.9       -333.3       -533.4       -933.8       -1602.       -2671.       -4278.       -6431.       -8620.    
 28        0.00     -168.00  -288.00   -199.9       -333.3       -533.4       -933.7       -1601.       -2670.       -4275.       -6424.       -8604.    
 29        0.00     -178.00  -298.00   -200.0       -333.3       -533.4       -933.6       -1601.       -2669.       -4272.       -6417.       -8586.    


  INPHASE RESPONSE
  ----------------

      PROFILE OUTPUT:  BH HORIZONTAL COMPONENT
      STANDARD OUTPUT - LAYERED EARTH + SCATTERED FIELDS

          RECEIVER POSITIONS           FREQUENCIES
    Northing     Easting     Elev       35.00        70.00        140.0        280.0        560.0        1120.        2240.        4480.        8960.    

  1        0.00      102.00   -18.00   0.2815E-06   0.7647E-06   0.1993E-05   0.5178E-05   0.9887E-05  -0.7546E-05  -0.2127E-03  -0.1430E-02  -0.6730E-02
  2        0.00       92.00   -28.00   0.5150E-06   0.1456E-05   0.4109E-05   0.1271E-04   0.3737E-04   0.9724E-04   0.1958E-03   0.1322E-03  -0.1172E-02
  3        0.00       82.00   -38.00  -0.1533E-06  -0.9831E-06  -0.4148E-05  -0.1744E-04  -0.7114E-04  -0.2842E-03  -0.1091E-02  -0.3939E-02  -0.1232E-01
  4        0.00       72.00   -48.00   0.1171E-05   0.2943E-05   0.7536E-05   0.2179E-04   0.5925E-04   0.1394E-03   0.2337E-03  -0.8312E-04  -0.2337E-02
  5        0.00       62.00   -58.00   0.1176E-05   0.2011E-05   0.2760E-05   0.1756E-05  -0.1654E-04  -0.1303E-03  -0.6817E-03  -0.3065E-02  -0.1116E-01
  6        0.00       52.00   -68.00   0.2894E-05   0.5539E-05   0.9691E-05   0.1824E-04   0.2871E-04   0.1519E-04  -0.1546E-03  -0.1047E-02  -0.4070E-02
  7        0.00       42.00   -78.00   0.4568E-05   0.5491E-05  -0.3003E-05  -0.5208E-04  -0.2595E-03  -0.1013E-02  -0.3486E-02  -0.1074E-01  -0.2813E-01
  8        0.00       32.00   -88.00   0.1054E-04   0.2583E-04   0.5631E-04   0.1152E-03   0.1571E-03  -0.6345E-04  -0.1315E-02  -0.5208E-02  -0.1314E-01
  9        0.00       22.00   -98.00   0.2751E-04   0.7719E-04   0.1944E-03   0.4777E-03   0.9224E-03   0.9100E-03  -0.2085E-02  -0.1382E-01  -0.4062E-01
 10        0.00       12.00  -108.00   0.9764E-04   0.2673E-03   0.6494E-03   0.1527E-02   0.2958E-02   0.4477E-02   0.4554E-02   0.9103E-04  -0.1250E-01
 11        0.00        2.00  -118.00   0.3208E-03   0.7622E-03   0.1468E-02   0.2142E-02   0.6280E-03  -0.5980E-02  -0.1859E-01  -0.3542E-01  -0.5615E-01
 12        0.00       -8.00  -128.00   0.8140E-04   0.7223E-04  -0.2829E-03  -0.2030E-02  -0.7228E-02  -0.1659E-01  -0.2567E-01  -0.2648E-01  -0.1565E-01
 13        0.00      -18.00  -138.00  -0.8776E-04  -0.4891E-03  -0.1994E-02  -0.7019E-02  -0.1777E-01  -0.2728E-01  -0.1612E-01   0.1369E-01   0.2432E-01
 14        0.00      -28.00  -148.00  -0.3600E-04  -0.2151E-03  -0.8075E-03  -0.2333E-02  -0.4552E-02  -0.6014E-02  -0.5614E-02  -0.3326E-02  -0.8274E-03
 15        0.00      -38.00  -158.00  -0.2465E-03  -0.8645E-03  -0.2636E-02  -0.7539E-02  -0.1782E-01  -0.3447E-01  -0.5225E-01  -0.5764E-01  -0.4506E-01
 16        0.00      -48.00  -168.00  -0.6183E-04  -0.2500E-03  -0.8019E-03  -0.2258E-02  -0.4932E-02  -0.8053E-02  -0.9554E-02  -0.8279E-02  -0.5431E-02
 17        0.00      -58.00  -178.00  -0.2655E-03  -0.9195E-03  -0.2825E-02  -0.8355E-02  -0.2004E-01  -0.3727E-01  -0.5282E-01  -0.5491E-01  -0.4148E-01
 18        0.00      -68.00  -188.00   0.9244E-04   0.2092E-03   0.3977E-03   0.5522E-03  -0.2819E-03  -0.3623E-02  -0.8348E-02  -0.9862E-02  -0.7897E-02
 19        0.00      -78.00  -198.00   0.1702E-03   0.4015E-03   0.8284E-03   0.1464E-02   0.7437E-03  -0.4278E-02  -0.1121E-01  -0.1337E-01  -0.1241E-01
 20        0.00      -88.00  -208.00  -0.2235E-04  -0.7107E-04  -0.1598E-03  -0.2608E-03  -0.1752E-03   0.4627E-03   0.2060E-02   0.3682E-02   0.3307E-02
 21        0.00      -98.00  -218.00   0.1874E-05  -0.2528E-04  -0.1249E-03  -0.4455E-03  -0.1301E-02  -0.3154E-02  -0.5801E-02  -0.6855E-02  -0.5196E-02
 22        0.00     -108.00  -228.00  -0.4084E-05  -0.3030E-04  -0.1055E-03  -0.2827E-03  -0.5497E-03  -0.7417E-03  -0.6920E-03  -0.4177E-03  -0.5680E-04
 23        0.00     -118.00  -238.00  -0.5827E-04  -0.1453E-03  -0.3153E-03  -0.6491E-03  -0.1077E-02  -0.1421E-02  -0.1703E-02  -0.2277E-02  -0.3008E-02
 24        0.00     -128.00  -248.00  -0.1215E-04  -0.2560E-04  -0.4472E-04  -0.7525E-04  -0.1165E-03  -0.1840E-03  -0.3045E-03  -0.5213E-03  -0.9135E-03
 25        0.00     -138.00  -258.00  -0.4747E-05  -0.9792E-05  -0.1716E-04  -0.3091E-04  -0.5760E-04  -0.1209E-03  -0.2842E-03  -0.7020E-03  -0.1664E-02
 26        0.00     -148.00  -268.00  -0.2224E-05  -0.4579E-05  -0.8109E-05  -0.1482E-04  -0.2746E-04  -0.5501E-04  -0.1206E-03  -0.2762E-03  -0.6012E-03
 27        0.00     -158.00  -278.00  -0.1267E-05  -0.2791E-05  -0.5676E-05  -0.1319E-04  -0.3374E-04  -0.9390E-04  -0.2698E-03  -0.7568E-03  -0.1926E-02
 28        0.00     -168.00  -288.00  -0.6451E-06  -0.1377E-05  -0.2655E-05  -0.5710E-05  -0.1342E-04  -0.3426E-04  -0.9065E-04  -0.2361E-03  -0.5629E-03
 29        0.00     -178.00  -298.00  -0.5101E-06  -0.1265E-05  -0.3055E-05  -0.8650E-05  -0.2609E-04  -0.8048E-04  -0.2445E-03  -0.7072E-03  -0.1837E-02


  QUADRATURE RESPONSE
  -------------------

      PROFILE OUTPUT:  BH HORIZONTAL COMPONENT
      STANDARD OUTPUT - LAYERED EARTH + SCATTERED FIELDS

          RECEIVER POSITIONS           FREQUENCIES
    Northing     Easting     Elev       35.00        70.00        140.0        280.0        560.0        1120.        2240.        4480.        8960.    

  1        0.00      102.00   -18.00   -282.8       -471.3       -754.2       -1320.       -2262.       -3771.       -6033.       -9050.      -0.1207E+05
  2        0.00       92.00   -28.00   -282.8       -471.3       -754.2       -1320.       -2262.       -3771.       -6033.       -9050.      -0.1207E+05
  3        0.00       82.00   -38.00   -282.8       -471.3       -754.2       -1320.       -2262.       -3771.       -6033.       -9050.      -0.1207E+05
  4        0.00       72.00   -48.00   -282.8       -471.3       -754.2       -1320.       -2262.       -3771.       -6033.       -9050.      -0.1207E+05
  5        0.00       62.00   -58.00   -282.8       -471.3       -754.2       -1320.       -2262.       -3771.       -6033.       -9050.      -0.1207E+05
  6        0.00       52.00   -68.00   -282.8       -471.3       -754.2       -1320.       -2262.       -3771.       -6033.       -9050.      -0.1207E+05
  7        0.00       42.00   -78.00   -282.8       -471.3       -754.2       -1320.       -2262.       -3771.       -6033.       -9050.      -0.1207E+05
  8        0.00       32.00   -88.00   -282.8       -471.3       -754.2       -1320.       -2262.       -3771.       -6033.       -9050.      -0.1207E+05
  9        0.00       22.00   -98.00   -282.8       -471.3       -754.2       -1320.       -2262.       -3771.       -6033.       -9050.      -0.1207E+05
 10        0.00       12.00  -108.00   -282.8       -471.3       -754.2       -1320.       -2262.       -3771.       -6033.       -9050.      -0.1207E+05
 11        0.00        2.00  -118.00   -282.8       -471.3       -754.2       -1320.       -2262.       -3771.       -6033.       -9050.      -0.1207E+05
 12        0.00       -8.00  -128.00   -282.8       -471.3       -754.2       -1320.       -2262.       -3771.       -6033.       -9050.      -0.1207E+05
 13        0.00      -18.00  -138.00   -282.8       -471.3       -754.2       -1320.       -2262.       -3771.       -6033.       -9050.      -0.1207E+05
 14        0.00      -28.00  -148.00   -282.8       -471.3       -754.2       -1320.       -2262.       -3771.       -6033.       -9050.      -0.1207E+05
 15        0.00      -38.00  -158.00   -282.8       -471.3       -754.2       -1320.       -2262.       -3771.       -6033.       -9050.      -0.1207E+05
 16        0.00      -48.00  -168.00   -282.8       -471.3       -754.2       -1320.       -2262.       -3771.       -6033.       -9050.      -0.1207E+05
 17        0.00      -58.00  -178.00   -282.8       -471.3       -754.2       -1320.       -2262.       -3771.       -6033.       -9050.      -0.1207E+05
 18        0.00      -68.00  -188.00   -282.8       -471.3       -754.2       -1320.       -2262.       -3771.       -6033.       -9050.      -0.1207E+05
 19        0.00      -78.00  -198.00   -282.8       -471.3       -754.2       -1320.       -2262.       -3771.       -6033.       -9050.      -0.1207E+05
 20        0.00      -88.00  -208.00   -282.8       -471.3       -754.2       -1320.       -2262.       -3771.       -6033.       -9050.      -0.1207E+05
 21        0.00      -98.00  -218.00   -282.8       -471.3       -754.2       -1320.       -2262.       -3771.       -6033.       -9050.      -0.1207E+05
 22        0.00     -108.00  -228.00   -282.8       -471.3       -754.2       -1320.       -2262.       -3771.       -6033.       -9050.      -0.1207E+05
 23        0.00     -118.00  -238.00   -282.8       -471.3       -754.2       -1320.       -2262.       -3771.       -6033.       -9050.      -0.1207E+05
 24        0.00     -128.00  -248.00   -282.8       -471.3       -754.2       -1320.       -2262.       -3771.       -6033.       -9050.      -0.1207E+05
 25        0.00     -138.00  -258.00   -282.8       -471.3       -754.2       -1320.       -2262.       -3771.       -6033.       -9050.      -0.1207E+05
 26        0.00     -148.00  -268.00   -282.8       -471.3       -754.2       -1320.       -2262.       -3771.       -6033.       -9050.      -0.1207E+05
 27        0.00     -158.00  -278.00   -282.8       -471.3       -754.2       -1320.       -2262.       -3771.       -6033.       -9050.      -0.1207E+05
 28        0.00     -168.00  -288.00   -282.8       -471.3       -754.2       -1320.       -2262.       -3771.       -6033.       -9050.      -0.1207E+05
 29        0.00     -178.00  -298.00   -282.8       -471.3       -754.2       -1320.       -2262.       -3771.       -6033.       -9050.      -0.1207E+05


  Arjuna forward model completed at 15:03 on 07 JAN 2013

  Computation time =     645.33 seconds.


