
  ------------------------------------------------------------------------------
  | Program:  MarcoAir                                
  | Version:  3.0.0                                   
  | Date:     30 January, 2020                        
  |
  | Authors:  CSIRO Electromagnetic Modelling Group   
  |           Zonghou Xiong, Art Raiche & David Annett
  | Project:  Internal                                
  |
  | Compiler: GCC version 9.2.1 20191102
  | Options:  -march=broadwell -mmmx -mno-3dnow -msse -msse2 -msse3 -mssse3 -mno-sse4a -mcx16 -msahf -mmovbe -maes -mno-sha -mpclmul -mpopcnt -mabm -mno-lwp -mfma -mno-fma4 -mno-xop -mbmi -mno-sgx -mbmi2 -mno-pconfig -mno-wbnoinvd -mno-tbm -mavx -mavx2 -msse4.2 -msse4.1 -mlzcnt -mrtm -mhle -mrdrnd -mf16c -mfsgsbase -mrdseed -mprfchw -madx -mfxsr -mxsave -mxsaveopt -mno-avx512f -mno-avx512er -mno-avx512cd -mno-avx512pf -mno-prefetchwt1 -mno-clflushopt -mno-xsavec -mno-xsaves -mno-avx512dq -mno-avx512bw -mno-avx512vl -mno-avx512ifma -mno-avx512vbmi -mno-avx5124fmaps -mno-avx5124vnniw -mno-clwb -mno-mwaitx -mno-clzero -mno-pku -mno-rdpid -mno-gfni -mno-shstk -mno-avx512vbmi2 -mno-avx512vnni -mno-vaes -mno-vpclmulqdq -mno-avx512bitalg -mno-movdiri -mno-movdir64b -mno-waitpkg -mno-cldemote -mno-ptwrite --param l1-cache-size=32 --param l1-cache-line-size=64 --param l2-cache-size=35840 -mtune=broadwell -O3 -fwhole-program -fdefault-double-8 -fdefault-real-8
  |
  | Started:  30/01/2020 at 11:00:15
  ------------------------------------------------------------------------------

          INPUT DATA
          ----------

 Marco air check of paper example 2                                                                                      
 2	1	1	0                                                                                                                 
 3	1	3                                                                                                                   
 1000	0	-10	0	0                                                                                                          
 5000	0	-10	0	0                                                                                                          
 10000	0	-10	0	0                                                                                                         
 101	2	1	0                                                                                                               
 -490.	0.	30.                                                                                                            
 -480.	0.	30.                                                                                                            
 -470.	0.	30.                                                                                                            
 -460.	0.	30.                                                                                                            
 -450.	0.	30.                                                                                                            
 -440.	0.	30.                                                                                                            
 -430.	0.	30.                                                                                                            
 -420.	0.	30.                                                                                                            
 -410.	0.	30.                                                                                                            
 -400.	0.	30.                                                                                                            
 -390.	0.	30.                                                                                                            
 -380.	0.	30.                                                                                                            
 -370.	0.	30.                                                                                                            
 -360.	0.	30.                                                                                                            
 -350.	0.	30.                                                                                                            
 -340.	0.	30.                                                                                                            
 -330.	0.	30.                                                                                                            
 -320.	0.	30.                                                                                                            
 -310.	0.	30.                                                                                                            
 -300.	0.	30.                                                                                                            
 -290.	0.	30.                                                                                                            
 -280.	0.	30.                                                                                                            
 -270.	0.	30.                                                                                                            
 -260.	0.	30.                                                                                                            
 -250.	0.	30.                                                                                                            
 -240.	0.	30.                                                                                                            
 -230.	0.	30.                                                                                                            
 -220.	0.	30.                                                                                                            
 -210.	0.	30.                                                                                                            
 -200.	0.	30.                                                                                                            
 -190.	0.	30.                                                                                                            
 -180.	0.	30.                                                                                                            
 -170.	0.	30.                                                                                                            
 -160.	0.	30.                                                                                                            
 -150.	0.	30.                                                                                                            
 -140.	0.	30.                                                                                                            
 -130.	0.	30.                                                                                                            
 -120.	0.	30.                                                                                                            
 -110.	0.	30.                                                                                                            
 -100.	0.	30.                                                                                                            
 -90.	0.	30.                                                                                                             
 -80.	0.	30.                                                                                                             
 -70.	0.	30.                                                                                                             
 -60.	0.	30.                                                                                                             
 -50.	0.	30.                                                                                                             
 -40.	0.	30.                                                                                                             
 -30.	0.	30.                                                                                                             
 -20.	0.	30.                                                                                                             
 -10.	0.	30.                                                                                                             
 0.	0.	30.                                                                                                               
 10.	0.	30.                                                                                                              
 20.	0.	30.                                                                                                              
 30.	0.	30.                                                                                                              
 40.	0.	30.                                                                                                              
 50.	0.	30.                                                                                                              
 60.	0.	30.                                                                                                              
 70.	0.	30.                                                                                                              
 80.	0.	30.                                                                                                              
 90.	0.	30.                                                                                                              
 100.	0.	30.                                                                                                             
 110.	0.	30.                                                                                                             
 120.	0.	30.                                                                                                             
 130.	0.	30.                                                                                                             
 140.	0.	30.                                                                                                             
 150.	0.	30.                                                                                                             
 160.	0.	30.                                                                                                             
 170.	0.	30.                                                                                                             
 180.	0.	30.                                                                                                             
 190.	0.	30.                                                                                                             
 200.	0.	30.                                                                                                             
 210.	0.	30.                                                                                                             
 220.	0.	30.                                                                                                             
 230.	0.	30.                                                                                                             
 240.	0.	30.                                                                                                             
 250.	0.	30.                                                                                                             
 260.	0.	30.                                                                                                             
 270.	0.	30.                                                                                                             
 280.	0.	30.                                                                                                             
 290.	0.	30.                                                                                                             
 300.	0.	30.                                                                                                             
 310.	0.	30.                                                                                                             
 320.	0.	30.                                                                                                             
 330.	0.	30.                                                                                                             
 340.	0.	30.                                                                                                             
 350.	0.	30.                                                                                                             
 360.	0.	30.                                                                                                             
 370.	0.	30.                                                                                                             
 380.	0.	30.                                                                                                             
 390.	0.	30.                                                                                                             
 400.	0.	30.                                                                                                             
 410.	0.	30.                                                                                                             
 420.	0.	30.                                                                                                             
 430.	0.	30.                                                                                                             
 440.	0.	30.                                                                                                             
 450.	0.	30.                                                                                                             
 460.	0.	30.                                                                                                             
 470.	0.	30.                                                                                                             
 480.	0.	30.                                                                                                             
 490.	0.	30.                                                                                                             
 500.	0.	30.                                                                                                             
 510.	0.	30.                                                                                                             
 1	-1	3	0                                                                                                                
 1	-1	1	1	0	0	0	! prisms                                                                                                 
 200	-1	1	1	0	0	0	! host                                                                                                 
 201	-1	1	1	0	0	0	! host                                                                                                 
 2                                                                                                                       
 3	2	10                                                                                                                  
 1	-100	0	-27                                                                                                            
 40	110	60                                                                                                               
 5	10	5                                                                                                                  

 Marco air check of paper example 2

  TDFD =  2   DO3D =  1   PRFL =  1    ISTOP = 0

          +------------------------------------------------+
          +  Frequency-Domain Airborne System Information  +
          +------------------------------------------------+

  NFRQ =  3;  CMP = 1;  NPPF = 3
  Data will be expressed as ppm 

  Frequencies, Tx Angles and Receiver Offset(s)

     Frequency  TXCLN  TXAZM   ZRX   XRX   YRX   CONFIG
     ---------  -----  -----   ---   ---   ---   ------
  1    1000.      0.     0.    0.0 -10.0   0.0    HCP
  2    5000.      0.     0.    0.0 -10.0   0.0    HCP
  3   10000.      0.     0.    0.0 -10.0   0.0    HCP


  NSTAT = 101   SURVEY = 2   BAROMTRC = 1   LINE_TAG = 0

      101 transmitter positions along the flight path

     Line   Stat       East        North       Alt     Bearing
     ----   ----       ----        -----       ---     -------
     1000     1        -490.0         0.0      30.0      90.0
     1000     2        -480.0         0.0      30.0      90.0
     1000     3        -470.0         0.0      30.0      90.0
     1000     4        -460.0         0.0      30.0      90.0
     1000     5        -450.0         0.0      30.0      90.0
     1000     6        -440.0         0.0      30.0      90.0
     1000     7        -430.0         0.0      30.0      90.0
     1000     8        -420.0         0.0      30.0      90.0
     1000     9        -410.0         0.0      30.0      90.0
     1000    10        -400.0         0.0      30.0      90.0
     1000    11        -390.0         0.0      30.0      90.0
     1000    12        -380.0         0.0      30.0      90.0
     1000    13        -370.0         0.0      30.0      90.0
     1000    14        -360.0         0.0      30.0      90.0
     1000    15        -350.0         0.0      30.0      90.0
     1000    16        -340.0         0.0      30.0      90.0
     1000    17        -330.0         0.0      30.0      90.0
     1000    18        -320.0         0.0      30.0      90.0
     1000    19        -310.0         0.0      30.0      90.0
     1000    20        -300.0         0.0      30.0      90.0
     1000    21        -290.0         0.0      30.0      90.0
     1000    22        -280.0         0.0      30.0      90.0
     1000    23        -270.0         0.0      30.0      90.0
     1000    24        -260.0         0.0      30.0      90.0
     1000    25        -250.0         0.0      30.0      90.0
     1000    26        -240.0         0.0      30.0      90.0
     1000    27        -230.0         0.0      30.0      90.0
     1000    28        -220.0         0.0      30.0      90.0
     1000    29        -210.0         0.0      30.0      90.0
     1000    30        -200.0         0.0      30.0      90.0
     1000    31        -190.0         0.0      30.0      90.0
     1000    32        -180.0         0.0      30.0      90.0
     1000    33        -170.0         0.0      30.0      90.0
     1000    34        -160.0         0.0      30.0      90.0
     1000    35        -150.0         0.0      30.0      90.0
     1000    36        -140.0         0.0      30.0      90.0
     1000    37        -130.0         0.0      30.0      90.0
     1000    38        -120.0         0.0      30.0      90.0
     1000    39        -110.0         0.0      30.0      90.0
     1000    40        -100.0         0.0      30.0      90.0
     1000    41         -90.0         0.0      30.0      90.0
     1000    42         -80.0         0.0      30.0      90.0
     1000    43         -70.0         0.0      30.0      90.0
     1000    44         -60.0         0.0      30.0      90.0
     1000    45         -50.0         0.0      30.0      90.0
     1000    46         -40.0         0.0      30.0      90.0
     1000    47         -30.0         0.0      30.0      90.0
     1000    48         -20.0         0.0      30.0      90.0
     1000    49         -10.0         0.0      30.0      90.0
     1000    50           0.0         0.0      30.0      90.0
     1000    51          10.0         0.0      30.0      90.0
     1000    52          20.0         0.0      30.0      90.0
     1000    53          30.0         0.0      30.0      90.0
     1000    54          40.0         0.0      30.0      90.0
     1000    55          50.0         0.0      30.0      90.0
     1000    56          60.0         0.0      30.0      90.0
     1000    57          70.0         0.0      30.0      90.0
     1000    58          80.0         0.0      30.0      90.0
     1000    59          90.0         0.0      30.0      90.0
     1000    60         100.0         0.0      30.0      90.0
     1000    61         110.0         0.0      30.0      90.0
     1000    62         120.0         0.0      30.0      90.0
     1000    63         130.0         0.0      30.0      90.0
     1000    64         140.0         0.0      30.0      90.0
     1000    65         150.0         0.0      30.0      90.0
     1000    66         160.0         0.0      30.0      90.0
     1000    67         170.0         0.0      30.0      90.0
     1000    68         180.0         0.0      30.0      90.0
     1000    69         190.0         0.0      30.0      90.0
     1000    70         200.0         0.0      30.0      90.0
     1000    71         210.0         0.0      30.0      90.0
     1000    72         220.0         0.0      30.0      90.0
     1000    73         230.0         0.0      30.0      90.0
     1000    74         240.0         0.0      30.0      90.0
     1000    75         250.0         0.0      30.0      90.0
     1000    76         260.0         0.0      30.0      90.0
     1000    77         270.0         0.0      30.0      90.0
     1000    78         280.0         0.0      30.0      90.0
     1000    79         290.0         0.0      30.0      90.0
     1000    80         300.0         0.0      30.0      90.0
     1000    81         310.0         0.0      30.0      90.0
     1000    82         320.0         0.0      30.0      90.0
     1000    83         330.0         0.0      30.0      90.0
     1000    84         340.0         0.0      30.0      90.0
     1000    85         350.0         0.0      30.0      90.0
     1000    86         360.0         0.0      30.0      90.0
     1000    87         370.0         0.0      30.0      90.0
     1000    88         380.0         0.0      30.0      90.0
     1000    89         390.0         0.0      30.0      90.0
     1000    90         400.0         0.0      30.0      90.0
     1000    91         410.0         0.0      30.0      90.0
     1000    92         420.0         0.0      30.0      90.0
     1000    93         430.0         0.0      30.0      90.0
     1000    94         440.0         0.0      30.0      90.0
     1000    95         450.0         0.0      30.0      90.0
     1000    96         460.0         0.0      30.0      90.0
     1000    97         470.0         0.0      30.0      90.0
     1000    98         480.0         0.0      30.0      90.0
     1000    99         490.0         0.0      30.0      90.0
     1000   100         500.0         0.0      30.0      90.0
     1000   101         510.0         0.0      30.0      90.0


  NLAYER =  1;   NPLATE =  1;   NLITH =  3;   GND_LVL =    0.00


                          LITHOLOGY PROPERTIES
                          --------------------

                                  Relative   Relative     Cole-Cole Parameters
        Resistivity  Conductance     MU     Dielectric   CHRG    CTAU       CFREQ

   1      1.000         -1.0       1.000      1.000      0.00    0.00        0.00
   2      200.0         -1.0       1.000      1.000      0.00    0.00        0.00
   3      201.0         -1.0       1.000      1.000      0.00    0.00        0.00


                          LITHOLOGY PROPERTIES
                          --------------------

                                  Relative   Relative     Cole-Cole Parameters
        Resistivity  Conductance     MU     Dielectric   CHRG    CTAU       CFREQ

   1      1.000         -1.0       1.000      1.000      0.00    0.00        1.00
   2      200.0         -1.0       1.000      1.000      0.00    0.00        1.00
   3      201.0         -1.0       1.000      1.000      0.00    0.00        1.00


  LAYERED EARTH INPUT DATA
  ------------------------

   1   2             Basement Lithology


  INITIAL PARAMETERS FOR  1 PRISMS
  ---------------------------------------
  KACC = 3    SOLVER = 2    OUTPUT = 10

  J, LITHP, PRISM_EAST, PRISM_NORTH, PRISM_TOP:   1   1      -100.0         0.0       -27.0
     PRSM_SIZE_EW, PRSM_SIZE_NS, PRSM_SIZE_Z                   40.0       110.0        60.0
     CELL_SIZE_EW, CELL_SIZE_NS, CELL_SIZE_Z                    5.0        10.0         5.0


         Description of PRISM  1
         -----------------------

  PRISM  1 extends:
           from -120.0  to  -80.0 - West to East
           from  -55.0  to   55.0 - South to North
           from   27.0  to   87.0 - Below Air-Earth Interface

  PRISM  1 is discretised into:
             8 cells of length    5.0 m.  East-West
            11 cells of length   10.0 m.  North-South
            12 cells of length    5.0 m.  Vertically

  PRISM  1 resistivity =   1.000     ohm-m
           Relative MU =   1.00    Relative EPSILON =   1.00
             PRSM_CHRG =   0.00    PRSM_CFR =  1.00    PRSM_TAU =   0.000    


          +----------------------------------+
          +  Layered Earth Model Parameters  +
          +----------------------------------+

 Layer  Thickness  Resistivity   MU-R   EPS-R   CHRG    CTAU      CFREQ
 -----  ---------  -----------   ----   -----   ----    ----      -----
   1                 200.0       1.00   1.00    0.00    0.0       1.00

  Marco_Air will compute 3D responses for a frequency-domain AEM system
  using accuracy level:   3

---------------------------------------------------------------------------
                       END OF INPUT DATA DESCRIPTION
---------------------------------------------------------------------------

   Frequency    Coupled Primary   Normalisation
   Index        Field (pT)        Factor
   ---------    ---------------   ------------
     1             100.0           0.1000E+05
     2             100.0           0.1000E+05
     3             100.0           0.1000E+05

  FREQUENCY-DOMAIN MarcoAir OUTPUT
  ---------------------------------


 TITLE:  Marco air check of paper example 2
 -----


  SINGLE COMPONENT RESPONSE ALONG TRANSMITTER DIPOLE DIRECTION


         IN-PHASE COMPONENT - ppm

         EAST     NORTH    ALT     1000.       5000.      10000.
                                    HCP         HCP         HCP

  1      -490         0     30       25.46      175.37      367.70
  2      -480         0     30       25.47      175.37      367.70
  3      -470         0     30       25.48      175.37      367.70
  4      -460         0     30       25.50      175.37      367.69
  5      -450         0     30       25.52      175.37      367.68
  6      -440         0     30       25.54      175.37      367.68
  7      -430         0     30       25.57      175.38      367.66
  8      -420         0     30       25.59      175.39      367.65
  9      -410         0     30       25.62      175.41      367.63
 10      -400         0     30       25.66      175.44      367.61
 11      -390         0     30       25.70      175.49      367.59
 12      -380         0     30       25.74      175.55      367.56
 13      -370         0     30       25.79      175.65      367.53
 14      -360         0     30       25.85      175.78      367.49
 15      -350         0     30       25.92      175.95      367.47
 16      -340         0     30       26.00      176.19      367.45
 17      -330         0     30       26.08      176.51      367.46
 18      -320         0     30       26.18      176.93      367.52
 19      -310         0     30       26.30      177.48      367.66
 20      -300         0     30       26.43      178.21      367.92
 21      -290         0     30       26.59      179.15      368.37
 22      -280         0     30       26.77      180.35      369.10
 23      -270         0     30       26.99      181.90      370.23
 24      -260         0     30       27.24      183.86      371.94
 25      -250         0     30       27.55      186.33      374.43
 26      -240         0     30       27.93      189.44      377.98
 27      -230         0     30       28.40      193.30      382.89
 28      -220         0     30       28.98      198.07      389.52
 29      -210         0     30       29.73      203.91      398.25
 30      -200         0     30       30.68      210.98      409.35
 31      -190         0     30       31.90      219.43      422.97
 32      -180         0     30       33.46      229.34      438.88
 33      -170         0     30       35.37      240.69      456.39
 34      -160         0     30       37.63      253.36      474.30
 35      -150         0     30       40.10      267.34      491.47
 36      -140         0     30       42.61      283.09      508.06
 37      -130         0     30       44.93      301.56      526.33
 38      -120         0     30       46.92      322.42      548.16
 39      -110         0     30       48.35      340.93      569.10
 40      -100         0     30       48.89      348.62      578.19
 41       -90         0     30       48.35      340.92      569.10
 42       -80         0     30       46.92      322.41      548.16
 43       -70         0     30       44.93      301.55      526.34
 44       -60         0     30       42.61      283.09      508.06
 45       -50         0     30       40.10      267.35      491.48
 46       -40         0     30       37.63      253.37      474.31
 47       -30         0     30       35.37      240.69      456.40
 48       -20         0     30       33.46      229.35      438.89
 49       -10         0     30       31.91      219.43      422.97
 50         0         0     30       30.68      210.98      409.36
 51        10         0     30       29.73      203.91      398.25
 52        20         0     30       28.98      198.07      389.52
 53        30         0     30       28.40      193.30      382.89
 54        40         0     30       27.93      189.44      377.98
 55        50         0     30       27.55      186.33      374.43
 56        60         0     30       27.24      183.86      371.94
 57        70         0     30       26.99      181.90      370.23
 58        80         0     30       26.77      180.35      369.10
 59        90         0     30       26.59      179.15      368.37
 60       100         0     30       26.43      178.21      367.92
 61       110         0     30       26.30      177.48      367.66
 62       120         0     30       26.18      176.93      367.52
 63       130         0     30       26.08      176.51      367.46
 64       140         0     30       26.00      176.19      367.45
 65       150         0     30       25.92      175.95      367.47
 66       160         0     30       25.85      175.78      367.49
 67       170         0     30       25.79      175.65      367.53
 68       180         0     30       25.74      175.55      367.56
 69       190         0     30       25.70      175.49      367.59
 70       200         0     30       25.66      175.44      367.61
 71       210         0     30       25.62      175.41      367.63
 72       220         0     30       25.59      175.39      367.65
 73       230         0     30       25.57      175.38      367.66
 74       240         0     30       25.54      175.37      367.68
 75       250         0     30       25.52      175.37      367.68
 76       260         0     30       25.50      175.37      367.69
 77       270         0     30       25.48      175.37      367.70
 78       280         0     30       25.47      175.37      367.70
 79       290         0     30       25.46      175.37      367.70
 80       300         0     30       25.45      175.37      367.70
 81       310         0     30       25.44      175.37      367.71
 82       320         0     30       25.43      175.38      367.71
 83       330         0     30       25.42      175.38      367.71
 84       340         0     30       25.41      175.38      367.71
 85       350         0     30       25.41      175.38      367.71
 86       360         0     30       25.40      175.38      367.71
 87       370         0     30       25.39      175.39      367.71
 88       380         0     30       25.39      175.39      367.71
 89       390         0     30       25.39      175.39      367.71
 90       400         0     30       25.38      175.39      367.71
 91       410         0     30       25.38      175.39      367.71
 92       420         0     30       25.38      175.39      367.71
 93       430         0     30       25.38      175.39      367.71
 94       440         0     30       25.37      175.39      367.71
 95       450         0     30       25.37      175.39      367.71
 96       460         0     30       25.37      175.39      367.71
 97       470         0     30       25.37      175.39      367.71
 98       480         0     30       25.37      175.39      367.71
 99       490         0     30       25.37      175.39      367.71
100       500         0     30       25.37      175.39      367.71
101       510         0     30       25.36      175.39      367.71


         QUADRATURE COMPONENT - ppm

         EAST     NORTH    ALT     1000.       5000.      10000.
                                    HCP         HCP         HCP

  1      -490         0     30      123.22      451.15      726.47
  2      -480         0     30      123.23      451.14      726.47
  3      -470         0     30      123.24      451.13      726.47
  4      -460         0     30      123.25      451.11      726.47
  5      -450         0     30      123.26      451.09      726.46
  6      -440         0     30      123.27      451.06      726.46
  7      -430         0     30      123.29      451.03      726.45
  8      -420         0     30      123.31      450.98      726.44
  9      -410         0     30      123.34      450.93      726.42
 10      -400         0     30      123.37      450.87      726.40
 11      -390         0     30      123.41      450.80      726.36
 12      -380         0     30      123.46      450.71      726.31
 13      -370         0     30      123.52      450.61      726.24
 14      -360         0     30      123.59      450.49      726.14
 15      -350         0     30      123.68      450.35      726.00
 16      -340         0     30      123.79      450.20      725.80
 17      -330         0     30      123.93      450.04      725.54
 18      -320         0     30      124.10      449.87      725.20
 19      -310         0     30      124.30      449.71      724.74
 20      -300         0     30      124.56      449.57      724.15
 21      -290         0     30      124.87      449.47      723.41
 22      -280         0     30      125.27      449.45      722.50
 23      -270         0     30      125.76      449.56      721.40
 24      -260         0     30      126.38      449.87      720.14
 25      -250         0     30      127.16      450.48      718.75
 26      -240         0     30      128.16      451.49      717.33
 27      -230         0     30      129.42      453.07      716.04
 28      -220         0     30      131.04      455.40      715.13
 29      -210         0     30      133.10      458.68      714.93
 30      -200         0     30      135.73      463.10      715.87
 31      -190         0     30      139.03      468.79      718.35
 32      -180         0     30      143.11      475.68      722.56
 33      -170         0     30      147.97      483.39      728.21
 34      -160         0     30      153.50      491.11      734.10
 35      -150         0     30      159.48      497.86      738.10
 36      -140         0     30      165.71      503.24      738.08
 37      -130         0     30      172.26      508.36      733.80
 38      -120         0     30      179.06      515.00      727.91
 39      -110         0     30      184.90      522.26      723.71
 40      -100         0     30      187.30      525.63      722.34
 41       -90         0     30      184.90      522.26      723.70
 42       -80         0     30      179.06      515.01      727.91
 43       -70         0     30      172.26      508.37      733.80
 44       -60         0     30      165.71      503.25      738.08
 45       -50         0     30      159.48      497.87      738.10
 46       -40         0     30      153.50      491.12      734.09
 47       -30         0     30      147.97      483.39      728.21
 48       -20         0     30      143.11      475.69      722.56
 49       -10         0     30      139.03      468.80      718.35
 50         0         0     30      135.73      463.11      715.87
 51        10         0     30      133.10      458.68      714.93
 52        20         0     30      131.04      455.40      715.13
 53        30         0     30      129.42      453.07      716.04
 54        40         0     30      128.16      451.49      717.33
 55        50         0     30      127.16      450.48      718.75
 56        60         0     30      126.38      449.87      720.14
 57        70         0     30      125.76      449.56      721.40
 58        80         0     30      125.27      449.45      722.50
 59        90         0     30      124.87      449.47      723.41
 60       100         0     30      124.56      449.57      724.15
 61       110         0     30      124.30      449.71      724.74
 62       120         0     30      124.10      449.87      725.20
 63       130         0     30      123.93      450.04      725.54
 64       140         0     30      123.79      450.20      725.80
 65       150         0     30      123.68      450.35      726.00
 66       160         0     30      123.59      450.49      726.14
 67       170         0     30      123.52      450.61      726.24
 68       180         0     30      123.46      450.71      726.31
 69       190         0     30      123.41      450.80      726.36
 70       200         0     30      123.37      450.87      726.40
 71       210         0     30      123.34      450.93      726.42
 72       220         0     30      123.31      450.98      726.44
 73       230         0     30      123.29      451.03      726.45
 74       240         0     30      123.27      451.06      726.46
 75       250         0     30      123.26      451.09      726.46
 76       260         0     30      123.25      451.11      726.47
 77       270         0     30      123.24      451.13      726.47
 78       280         0     30      123.23      451.14      726.47
 79       290         0     30      123.22      451.15      726.47
 80       300         0     30      123.22      451.16      726.47
 81       310         0     30      123.21      451.17      726.47
 82       320         0     30      123.21      451.17      726.47
 83       330         0     30      123.21      451.18      726.47
 84       340         0     30      123.21      451.18      726.47
 85       350         0     30      123.21      451.18      726.47
 86       360         0     30      123.20      451.19      726.47
 87       370         0     30      123.20      451.19      726.47
 88       380         0     30      123.20      451.19      726.47
 89       390         0     30      123.20      451.19      726.47
 90       400         0     30      123.20      451.19      726.47
 91       410         0     30      123.20      451.19      726.47
 92       420         0     30      123.20      451.19      726.47
 93       430         0     30      123.20      451.19      726.47
 94       440         0     30      123.20      451.19      726.47
 95       450         0     30      123.21      451.19      726.47
 96       460         0     30      123.21      451.19      726.47
 97       470         0     30      123.21      451.19      726.47
 98       480         0     30      123.21      451.19      726.47
 99       490         0     30      123.21      451.19      726.47
100       500         0     30      123.21      451.19      726.47
101       510         0     30      123.21      451.19      726.47

  MarcoAir forward model run completed at 11:16:34 on 30/01/2020 using       978.59 secs

