
      ######################################################################
      #                                                                    #
      #                 Marco - Version 4.4.1 10 June, 2003                #
      #                 -----------------------------------                #
      #                                                                    #
      #      Develped by:  CSIRO Electromagnetic Modelling Group           #
      #                    Zonghou Xiong and Art Raiche                    #
      #                                                                    #
      #              For:  AMIRA project P223D                             #
      #                                                                    #
      ######################################################################

-------------------------------------------------------------------------------

 Early time Sirotem surface and downhole coincident loops with sulphide and halo                                         

  TDFD = 1;   PRFL = 1;   STEP = 0;   ISTOP = 0

          +-----------------------------------------+
          +  Time-Domain Ground System Information  +
          +-----------------------------------------+

  DO3D =  1;   NSX =   4;   NCHNL =  32
  KRXW =-1;    OFFTYM =   22.00    


             TXON (ms)    Transmitter current (amps)
             ---------    --------------------------

      1        0.000         0.000    
      2        0.200         1.000    
      3       20.000         1.000    
      4       20.200         0.000    

         Receiver channel origin INPUT is shifted by   22.100 ms from signal origin.

         Receiver Window Specifications (ms - referenced to signal origin)
         ----------------------------------------------------------------

                                                             Referenced
       Window     Open       Close       Width     Centre      Centre
       ------     ----       -----       -----     ------      ------
          1      22.116      22.156      0.040      22.136      0.036
          2      22.165      22.205      0.040      22.185      0.085
          3      22.214      22.254      0.040      22.234      0.134
          4      22.263      22.303      0.040      22.283      0.183
          5      22.312      22.352      0.040      22.332      0.232
          6      22.361      22.451      0.090      22.406      0.306
          7      22.459      22.549      0.090      22.504      0.404
          8      22.557      22.647      0.090      22.602      0.502
          9      22.655      22.745      0.090      22.700      0.600
         10      22.753      22.843      0.090      22.798      0.698
         11      22.850      23.040      0.190      22.945      0.845
         12      23.046      23.236      0.190      23.141      1.041
         13      23.242      23.432      0.190      23.337      1.237
         14      23.438      23.628      0.190      23.533      1.433
         15      23.634      23.824      0.190      23.729      1.629
         16      23.828      24.218      0.390      24.023      1.923
         17      24.220      24.610      0.390      24.415      2.315
         18      24.612      25.002      0.390      24.807      2.707
         19      25.004      25.394      0.390      25.199      3.099
         20      25.396      25.786      0.390      25.591      3.491
         21      25.789      26.569      0.780      26.179      4.079
         22      26.573      27.353      0.780      26.963      4.863
         23      27.357      28.137      0.780      27.747      5.647
         24      28.141      28.921      0.780      28.531      6.431
         25      28.925      29.705      0.780      29.315      7.215
         26      29.711      31.271      1.560      30.491      8.391
         27      31.279      32.839      1.560      32.059      9.959
         28      32.847      34.407      1.560      33.627     11.527
         29      34.415      35.975      1.560      35.195     13.095
         30      35.983      37.543      1.560      36.763     14.663
         31      37.550      40.680      3.130      39.115     17.015
         32      40.686      43.816      3.130      42.251     20.151


  SOURCE_TYPE = 1;   SURVEY_TYPE = 4;   NTX =  4;   NRXG = 4


  Vertex Locations for Loop Sources
  ---------------------------------

  Transmitter  1 has  4 vertices.

            Easting      Northing      Elevation
            -------      --------      ---------
    1        700.00        900.00          0.00
    2        700.00       1100.00          0.00
    3        900.00       1100.00          0.00
    4        900.00        900.00          0.00

  Transmitter  2 has  4 vertices.

            Easting      Northing      Elevation
            -------      --------      ---------
    1        900.00        900.00          0.00
    2        900.00       1100.00          0.00
    3       1100.00       1100.00          0.00
    4       1100.00        900.00          0.00

  Transmitter  3 has  4 vertices.

            Easting      Northing      Elevation
            -------      --------      ---------
    1       1100.00        900.00          0.00
    2       1100.00       1100.00          0.00
    3       1300.00       1100.00          0.00
    4       1300.00        900.00          0.00

  Transmitter  4 has  4 vertices.

            Easting      Northing      Elevation
            -------      --------      ---------
    1        800.00        800.00          0.00
    2       1200.00        800.00          0.00
    3       1100.00        800.00       -200.00
    4        900.00        800.00       -150.00

  Coincident loop voltage units = 3


  NLAYER =  4;   NPRISM =  5;   NLITH = 15;   GND_LVL =    0.00


                          LITHOLOGY PROPERTIES
                          --------------------

                                  Relative   Relative     Cole-Cole Parameters
        Resistivity  Conductance     MU     Dielectric   CHRG    CTAU       CFREQ

   1      1000.         -1.0       1.000      1.000      0.00    0.00        1.00
   2      2000.         -1.0       1.000      1.000      0.00    0.00        1.00
   3     0.1000E+05     -1.0       1.200      1.000      0.00    0.00        1.00
   4      80.00         -1.0       1.010      1.200      0.00    0.00        1.00
   5      50.00         -1.0       1.000      1.000      0.30   0.100E-02    0.42
   6      200.0         -1.0       1.000      1.000      0.00    0.00        1.00
   7      1.000        200.0       1.000      1.000      0.00    0.00        1.00
   8      1.000        120.0       1.000      1.000      0.40   0.300E-02    0.22
   9     0.1000         -1.0       1.000      1.000      0.00    0.00        1.00
  10      10.00         -1.0       1.000      1.000      0.00    0.00        1.00
  11      250.0         -1.0       1.000      1.000      0.00    0.00        1.00
  12      1400.         -1.0       1.000      1.000      0.00    0.00        1.00
  13      20.00         -1.0       1.000      1.000      0.00    0.00        1.00
  14      300.0         -1.0       1.000      1.000      0.00    0.00        1.00
  15      1.000         -1.0       1.000      1.000      0.00    0.00        1.00


   Layered host specification
   --------------------------
   1   2   10.0   J, LITHL(J), THK(J)
   2   5   20.0   J, LITHL(J), THK(J)
   3  13   60.0   J, LITHL(J), THK(J)
   4  11             Basement Lithology


  Initial parameters for  5 prisms
  ---------------------------------------
  KACC = 2    SOLVER = 1    OUTPUT = 10

  J, LITHP, PRISM_EAST, PRISM_NORTH, PRISM_TOP:   1   9      1000.0      1000.0       -60.0
     PRSM_SIZE_EW, PRSM_SIZE_NS, PRSM_SIZE_Z                   60.0        60.0       100.0
     CELL_SIZE_EW, CELL_SIZE_NS, CELL_SIZE_Z                   25.0        25.0        25.0

  J, LITHP, PRISM_EAST, PRISM_NORTH, PRISM_TOP:   2  10      1000.0      1060.0       -60.0
     PRSM_SIZE_EW, PRSM_SIZE_NS, PRSM_SIZE_Z                  180.0        60.0       100.0
     CELL_SIZE_EW, CELL_SIZE_NS, CELL_SIZE_Z                   25.0        25.0        25.0

  J, LITHP, PRISM_EAST, PRISM_NORTH, PRISM_TOP:   3  10      1000.0       940.0       -60.0
     PRSM_SIZE_EW, PRSM_SIZE_NS, PRSM_SIZE_Z                  180.0        60.0       100.0
     CELL_SIZE_EW, CELL_SIZE_NS, CELL_SIZE_Z                   25.0        25.0        25.0

  J, LITHP, PRISM_EAST, PRISM_NORTH, PRISM_TOP:   4  10       940.0      1000.0       -60.0
     PRSM_SIZE_EW, PRSM_SIZE_NS, PRSM_SIZE_Z                   60.0        60.0       100.0
     CELL_SIZE_EW, CELL_SIZE_NS, CELL_SIZE_Z                   25.0        25.0        25.0

  J, LITHP, PRISM_EAST, PRISM_NORTH, PRISM_TOP:   5  10      1060.0      1000.0       -60.0
     PRSM_SIZE_EW, PRSM_SIZE_NS, PRSM_SIZE_Z                   60.0        60.0       100.0
     CELL_SIZE_EW, CELL_SIZE_NS, CELL_SIZE_Z                   25.0        25.0        25.0

  Prism structire has changed due either prisms crossing layer boundaries
  or no contrast in at least 1 layer.

  The prism structure has two-fold symmetry about
  East-North coordinates:   1000.       1000.    

  It has been reduced to an equivalent single quadrant structure
  to allow faster computation using a group symmetry option.


         Description of PRISM  1
         -----------------------

  PRISM  1 extends:
           from    0.0  to   30.0 - West to East
           from    0.0  to   30.0 - South to North
           from   60.0  to   90.0 - Below Air-Earth Interface

  PRISM  1 is discretised into:
             1 cells of length   30.0 m.  East-West
             1 cells of length   30.0 m.  North-South
             1 cells of length   30.0 m.  Vertically

  PRISM  1 resistivity =  0.1000     ohm-m
           Relative MU =   1.00    Relative EPSILON =   1.00
             PRSM_CHRG =   0.00    PRSM_CFR =  1.00    PRSM_TAU =   0.000    


         Description of PRISM  2
         -----------------------

  PRISM  2 extends:
           from    0.0  to   30.0 - West to East
           from    0.0  to   30.0 - South to North
           from   90.0  to  160.0 - Below Air-Earth Interface

  PRISM  2 is discretised into:
             1 cells of length   30.0 m.  East-West
             1 cells of length   30.0 m.  North-South
             2 cells of length   35.0 m.  Vertically

  PRISM  2 resistivity =  0.1000     ohm-m
           Relative MU =   1.00    Relative EPSILON =   1.00
             PRSM_CHRG =   0.00    PRSM_CFR =  1.00    PRSM_TAU =   0.000    


         Description of PRISM  3
         -----------------------

  PRISM  3 extends:
           from    0.0  to   90.0 - West to East
           from   30.0  to   90.0 - South to North
           from   60.0  to   90.0 - Below Air-Earth Interface

  PRISM  3 is discretised into:
             3 cells of length   30.0 m.  East-West
             2 cells of length   30.0 m.  North-South
             1 cells of length   30.0 m.  Vertically

  PRISM  3 resistivity =   10.00     ohm-m
           Relative MU =   1.00    Relative EPSILON =   1.00
             PRSM_CHRG =   0.00    PRSM_CFR =  1.00    PRSM_TAU =   0.000    


         Description of PRISM  4
         -----------------------

  PRISM  4 extends:
           from    0.0  to   90.0 - West to East
           from   30.0  to   90.0 - South to North
           from   90.0  to  160.0 - Below Air-Earth Interface

  PRISM  4 is discretised into:
             3 cells of length   30.0 m.  East-West
             2 cells of length   30.0 m.  North-South
             2 cells of length   35.0 m.  Vertically

  PRISM  4 resistivity =   10.00     ohm-m
           Relative MU =   1.00    Relative EPSILON =   1.00
             PRSM_CHRG =   0.00    PRSM_CFR =  1.00    PRSM_TAU =   0.000    


         Description of PRISM  5
         -----------------------

  PRISM  5 extends:
           from   30.0  to   90.0 - West to East
           from    0.0  to   30.0 - South to North
           from   60.0  to   90.0 - Below Air-Earth Interface

  PRISM  5 is discretised into:
             2 cells of length   30.0 m.  East-West
             1 cells of length   30.0 m.  North-South
             1 cells of length   30.0 m.  Vertically

  PRISM  5 resistivity =   10.00     ohm-m
           Relative MU =   1.00    Relative EPSILON =   1.00
             PRSM_CHRG =   0.00    PRSM_CFR =  1.00    PRSM_TAU =   0.000    


         Description of PRISM  6
         -----------------------

  PRISM  6 extends:
           from   30.0  to   90.0 - West to East
           from    0.0  to   30.0 - South to North
           from   90.0  to  160.0 - Below Air-Earth Interface

  PRISM  6 is discretised into:
             2 cells of length   30.0 m.  East-West
             1 cells of length   30.0 m.  North-South
             2 cells of length   35.0 m.  Vertically

  PRISM  6 resistivity =   10.00     ohm-m
           Relative MU =   1.00    Relative EPSILON =   1.00
             PRSM_CHRG =   0.00    PRSM_CFR =  1.00    PRSM_TAU =   0.000    


  Before computation begins, Marco transforms array and model coordinates from
  "real world" coordimnates where elevation increases positive upwards to a
  body- centred system where depth increases positive downwards.  The new 
  vertical origin is at the air-earth interface.  If the model is symmetric
  the new horizontal origin is over the centre of the model region.  Otherwise
  the origin is over the top of the first prism specified
  In the "real world" coordimnates the new computation origin is located at:

   EAST:     -1000.00;    NORTH:     -1000.00;    ELEVATION:     0.00

  Transformed Vertex Locations for Loop Sources
  ---------------------------------------------

      Transmitter  1 has  4 vertices.

         Easting   Northing     Depth

    1    -300.00    -100.00       0.00
    2    -300.00     100.00       0.00
    3    -100.00     100.00       0.00
    4    -100.00    -100.00       0.00

      Transmitter  2 has  4 vertices.

         Easting   Northing     Depth

    1    -100.00    -100.00       0.00
    2    -100.00     100.00       0.00
    3     100.00     100.00       0.00
    4     100.00    -100.00       0.00

      Transmitter  3 has  4 vertices.

         Easting   Northing     Depth

    1     100.00    -100.00       0.00
    2     100.00     100.00       0.00
    3     300.00     100.00       0.00
    4     300.00    -100.00       0.00

      Transmitter  4 has  4 vertices.

         Easting   Northing     Depth

    1    -200.00    -200.00       0.00
    2     200.00    -200.00       0.00
    3     100.00    -200.00     200.00
    4    -100.00    -200.00     150.00


          +----------------------------------+
          +  Layered Earth Model Parameters  +
          +----------------------------------+

 Layer  Thickness  Resistivity   MU-R   EPS-R   CHRG    CTAU      CFREQ
 -----  ---------  -----------   ----   -----   ----    ----      -----
   1       10.0      2000.       1.00   1.00    0.00    0.0       1.00
   2       20.0      50.00       1.00   1.00    0.30   0.10E-02   0.42
   3       60.0      20.00       1.00   1.00    0.00    0.0       1.00
   4                 250.0       1.00   1.00    0.00    0.0       1.00

  Marco will compute 3D responses for a time-domain system
  using accuracy level:  2

---------------------------------------------------------------------------
                       END OF INPUT DATA DESCRIPTION
---------------------------------------------------------------------------

  The time-domain results will be constructed using frequency-domain
  output computed at 3 points per decade, from  1.0 Hz to 10 Hz
  and at 6 points per decade, from 10 Hz to  0.1000E+06 Hz.

  Marco will start by computing new frequency-domain responses in the specified 
  range to construct the spectrum from DC to the appropriate upper limit.

  Early time Sirotem surface and downhole coincident loops with sulphide and halo                                         


  Time-domain output for a coincident loop survey.
  For each loop centre position, the output is printed in MICROVOLTS.     


      PROFILE OUTPUT:  
      STANDARD OUTPUT - LAYERED EARTH + SCATTERED FIELDS

          RECEIVER POSITIONS            CHNL 1       CHNL 2       CHNL 3       CHNL 4       CHNL 5       CHNL 6       CHNL 7       CHNL 8       CHNL 9      CHNL 10      CHNL 11      CHNL 12      CHNL 13      CHNL 14      CHNL 15      CHNL 16      CHNL 17      CHNL 18      CHNL 19      CHNL 20      CHNL 21      CHNL 22      CHNL 23      CHNL 24      CHNL 25      CHNL 26      CHNL 27      CHNL 28      CHNL 29      CHNL 30      CHNL 31      CHNL 32 
       Northing     Easting     Elev   0.3600E-01   0.8500E-01   0.1340       0.1830       0.2320       0.3060       0.4040       0.5020       0.6000       0.6980       0.8450        1.041        1.237        1.433        1.629        1.923        2.315        2.707        3.099        3.491        4.079        4.863        5.647        6.431        7.215        8.391        9.959        11.53        13.09        14.66        17.01        20.15    

  1     1000.00      800.00     0.00    411.3        378.3        348.3        321.1        296.7        265.3        230.7        201.3        175.6        153.5        127.4        100.1        79.11        63.95        52.70        39.85        28.35        20.50        15.08        11.31        7.834        5.153        3.301        2.134        1.571        1.049       0.5355       0.3160       0.2130       0.1300       0.6180E-01   0.2801E-01
  2     1000.00     1000.00     0.00    376.8        345.3        316.8        291.3        268.9        240.7        210.4        184.8        162.3        142.7        118.7        93.35        73.69        59.39        48.79        36.98        26.90        19.88        14.54        10.67        7.380        5.049        3.241        2.054        1.509        1.023       0.5331       0.3101       0.2037       0.1283       0.6312E-01   0.2602E-01
  3     1000.00     1200.00     0.00    411.3        378.3        348.3        321.1        296.7        265.3        230.7        201.3        175.6        153.5        127.4        100.1        79.11        63.96        52.70        39.85        28.35        20.50        15.08        11.31        7.835        5.153        3.301        2.134        1.571        1.049       0.5355       0.3160       0.2130       0.1300       0.6180E-01   0.2801E-01
  4      800.00     1000.00   -87.50   -29.40       -26.90       -24.56       -22.40       -20.40       -17.70       -14.62       -12.02       -9.864       -8.140       -6.345       -4.632       -3.249       -2.149       -1.291      -0.4048       0.2054       0.5347       0.7344       0.8482       0.9074       0.8826       0.8115       0.7340       0.6644       0.5679       0.4555       0.3740       0.3109       0.2589       0.2024       0.1510    


  Computation time =      57.44 seconds.

