
      ######################################################################
      #                                                                    #
      #                 Marco - Version 4.4.1 10 June, 2003                #
      #                 -----------------------------------                #
      #                                                                    #
      #      Develped by:  CSIRO Electromagnetic Modelling Group           #
      #                    Zonghou Xiong and Art Raiche                    #
      #                                                                    #
      #              For:  AMIRA project P223D                             #
      #                                                                    #
      ######################################################################

-------------------------------------------------------------------------------

 CSAMT over a simple prism                                                                                               

  TDFD = 2;   PRFL = 1;   STEP = 1;   ISTOP = 0

          +----------------------------------------------+
          +  Frequency-Domain Ground System Information  +
          +----------------------------------------------+

  NFRQ =  7

           Frequency      Transmitter current in amps
           ---------      ---------------------------

      1       1.0000         20.00    
      2       3.0000         20.00    
      3      10.0000         20.00    
      4      32.0000         20.00    
      5     100.0000         20.00    
      6     320.0000         20.00    
      7    1000.0000         20.00    


  SOURCE_TYPE = 2;   SURVEY_TYPE = 1;   NTX =  2;   NRXG = 3


  Vertex Locations for Grounded Wire Sources
  ------------------------------------------

  Transmitter  1 has  2 vertices.

            Easting      Northing      Elevation
            -------      --------      ---------
    1      -1500.00          0.00          0.00
    2      -2500.00          0.00          0.00

  Transmitter  2 has  2 vertices.

            Easting      Northing      Elevation
            -------      --------      ---------
    1      -2000.00       -500.00          0.00
    2      -2000.00        500.00          0.00


  Rx Group:  1;   NRX = 21;   Type = 3;   CMP = 1;   Units = 2

           Electric Dipole Receiver Electrodes
           -----------------------------------

           East 1      North 1     Elevation 1    East 2      North 2     Elevation 2
           ------      -------     -----------    ------      -------     -----------
   1      -950.00         0.00         0.00     -1050.00         0.00         0.00
   2      -850.00         0.00         0.00      -950.00         0.00         0.00
   3      -750.00         0.00         0.00      -850.00         0.00         0.00
   4      -650.00         0.00         0.00      -750.00         0.00         0.00
   5      -550.00         0.00         0.00      -650.00         0.00         0.00
   6      -450.00         0.00         0.00      -550.00         0.00         0.00
   7      -350.00         0.00         0.00      -450.00         0.00         0.00
   8      -250.00         0.00         0.00      -350.00         0.00         0.00
   9      -150.00         0.00         0.00      -250.00         0.00         0.00
  10       -50.00         0.00         0.00      -150.00         0.00         0.00
  11        50.00         0.00         0.00       -50.00         0.00         0.00
  12       150.00         0.00         0.00        50.00         0.00         0.00
  13       250.00         0.00         0.00       150.00         0.00         0.00
  14       350.00         0.00         0.00       250.00         0.00         0.00
  15       450.00         0.00         0.00       350.00         0.00         0.00
  16       550.00         0.00         0.00       450.00         0.00         0.00
  17       650.00         0.00         0.00       550.00         0.00         0.00
  18       750.00         0.00         0.00       650.00         0.00         0.00
  19       850.00         0.00         0.00       750.00         0.00         0.00
  20       950.00         0.00         0.00       850.00         0.00         0.00
  21      1050.00         0.00         0.00       950.00         0.00         0.00


  Rx Group:  2;   NRX = 21;   Type = 3;   CMP = 1;   Units = 2

           Electric Dipole Receiver Electrodes
           -----------------------------------

           East 1      North 1     Elevation 1    East 2      North 2     Elevation 2
           ------      -------     -----------    ------      -------     -----------
   1     -1000.00        50.00         0.00     -1000.00       -50.00         0.00
   2      -900.00        50.00         0.00      -900.00       -50.00         0.00
   3      -800.00        50.00         0.00      -800.00       -50.00         0.00
   4      -700.00        50.00         0.00      -700.00       -50.00         0.00
   5      -600.00        50.00         0.00      -600.00       -50.00         0.00
   6      -500.00        50.00         0.00      -500.00       -50.00         0.00
   7      -400.00        50.00         0.00      -400.00       -50.00         0.00
   8      -300.00        50.00         0.00      -300.00       -50.00         0.00
   9      -200.00        50.00         0.00      -200.00       -50.00         0.00
  10      -100.00        50.00         0.00      -100.00       -50.00         0.00
  11         0.00        50.00         0.00         0.00       -50.00         0.00
  12       100.00        50.00         0.00       100.00       -50.00         0.00
  13       200.00        50.00         0.00       200.00       -50.00         0.00
  14       300.00        50.00         0.00       300.00       -50.00         0.00
  15       400.00        50.00         0.00       400.00       -50.00         0.00
  16       500.00        50.00         0.00       500.00       -50.00         0.00
  17       600.00        50.00         0.00       600.00       -50.00         0.00
  18       700.00        50.00         0.00       700.00       -50.00         0.00
  19       800.00        50.00         0.00       800.00       -50.00         0.00
  20       900.00        50.00         0.00       900.00       -50.00         0.00
  21      1000.00        50.00         0.00      1000.00       -50.00         0.00


  Rx Group:  3;   NRX = 21;   Type = 1;   CMP = 1;   Units = 1

          Magnetic Dipole Receivers
          -------------------------

          Easting     Northing      Elevation   Moment
          -------     --------      ---------   ------
   1     -1000.00         0.00         0.00       1.0
   2      -900.00         0.00         0.00       1.0
   3      -800.00         0.00         0.00       1.0
   4      -700.00         0.00         0.00       1.0
   5      -600.00         0.00         0.00       1.0
   6      -500.00         0.00         0.00       1.0
   7      -400.00         0.00         0.00       1.0
   8      -300.00         0.00         0.00       1.0
   9      -200.00         0.00         0.00       1.0
  10      -100.00         0.00         0.00       1.0
  11         0.00         0.00         0.00       1.0
  12       100.00         0.00         0.00       1.0
  13       200.00         0.00         0.00       1.0
  14       300.00         0.00         0.00       1.0
  15       400.00         0.00         0.00       1.0
  16       500.00         0.00         0.00       1.0
  17       600.00         0.00         0.00       1.0
  18       700.00         0.00         0.00       1.0
  19       800.00         0.00         0.00       1.0
  20       900.00         0.00         0.00       1.0
  21      1000.00         0.00         0.00       1.0

    This survey is composed of  6 events.

             Tx   Rx Group
   Event   Index  Index    NRX

     1       1       1     21
     2       1       2     21
     3       1       3     21
     4       2       1     21
     5       2       2     21
     6       2       3     21


  NLAYER =  2;   NPRISM =  1;   NLITH =  3;   GND_LVL =    0.00


                          LITHOLOGY PROPERTIES
                          --------------------

                                  Relative   Relative     Cole-Cole Parameters
        Resistivity  Conductance     MU     Dielectric   CHRG    CTAU       CFREQ

   1      50.00         -1.0       1.000      1.000      0.30   0.100E-02    0.42
   2      250.0         -1.0       1.000      1.000      0.00    0.00        1.00
   3      1.000         -1.0       1.000      1.000      0.00    0.00        1.00


   Layered host specification
   --------------------------
   1   1   20.0   J, LITHL(J), THK(J)
   2   2             Basement Lithology


  Initial parameters for  1 prisms
  ---------------------------------------
  KACC = 2    SOLVER = 1    OUTPUT = 10

  J, LITHP, PRISM_EAST, PRISM_NORTH, PRISM_TOP:   1   3         0.0         0.0       -50.0
     PRSM_SIZE_EW, PRSM_SIZE_NS, PRSM_SIZE_Z                  400.0       200.0       200.0
     CELL_SIZE_EW, CELL_SIZE_NS, CELL_SIZE_Z                   25.0        25.0        25.0

  The prism structure has two-fold symmetry about
  East-North coordinates:   0.000       0.000    

  It has been reduced to an equivalent single quadrant structure
  to allow faster computation using a group symmetry option.


         Description of PRISM  1
         -----------------------

  PRISM  1 extends:
           from    0.0  to  200.0 - West to East
           from    0.0  to  100.0 - South to North
           from   50.0  to  250.0 - Below Air-Earth Interface

  PRISM  1 is discretised into:
             8 cells of length   25.0 m.  East-West
             4 cells of length   25.0 m.  North-South
             8 cells of length   25.0 m.  Vertically

  PRISM  1 resistivity =   1.000     ohm-m
           Relative MU =   1.00    Relative EPSILON =   1.00
             PRSM_CHRG =   0.00    PRSM_CFR =  1.00    PRSM_TAU =   0.000    


  Before computation begins, Marco transforms array and model coordinates from
  "real world" coordimnates where elevation increases positive upwards to a
  body- centred system where depth increases positive downwards.  The new 
  vertical origin is at the air-earth interface.  If the model is symmetric
  the new horizontal origin is over the centre of the model region.  Otherwise
  the origin is over the top of the first prism specified
  In the "real world" coordimnates the new computation origin is located at:

   EAST:         0.00;    NORTH:         0.00;    ELEVATION:     0.00

  Transformed Vertex Locations for Grounded Wire Sources
  ------------------------------------------------------

      Transmitter  1 has  2 vertices.

         Easting   Northing     Depth

    1   -1500.00       0.00       0.00
    2   -2500.00       0.00       0.00

      Transmitter  2 has  2 vertices.

         Easting   Northing     Depth

    1   -2000.00    -500.00       0.00
    2   -2000.00     500.00       0.00


  Transformed Electrode Positions for Electric Dipoles in Rx Group  1
  -------------------------------------------------------------------
         East 1    North 1    Depth 1     East 2    North 2    Depth 2

   1    -950.00       0.00       0.00   -1050.00       0.00       0.00
   2    -850.00       0.00       0.00    -950.00       0.00       0.00
   3    -750.00       0.00       0.00    -850.00       0.00       0.00
   4    -650.00       0.00       0.00    -750.00       0.00       0.00
   5    -550.00       0.00       0.00    -650.00       0.00       0.00
   6    -450.00       0.00       0.00    -550.00       0.00       0.00
   7    -350.00       0.00       0.00    -450.00       0.00       0.00
   8    -250.00       0.00       0.00    -350.00       0.00       0.00
   9    -150.00       0.00       0.00    -250.00       0.00       0.00
  10     -50.00       0.00       0.00    -150.00       0.00       0.00
  11      50.00       0.00       0.00     -50.00       0.00       0.00
  12     150.00       0.00       0.00      50.00       0.00       0.00
  13     250.00       0.00       0.00     150.00       0.00       0.00
  14     350.00       0.00       0.00     250.00       0.00       0.00
  15     450.00       0.00       0.00     350.00       0.00       0.00
  16     550.00       0.00       0.00     450.00       0.00       0.00
  17     650.00       0.00       0.00     550.00       0.00       0.00
  18     750.00       0.00       0.00     650.00       0.00       0.00
  19     850.00       0.00       0.00     750.00       0.00       0.00
  20     950.00       0.00       0.00     850.00       0.00       0.00
  21    1050.00       0.00       0.00     950.00       0.00       0.00


  Transformed Electrode Positions for Electric Dipoles in Rx Group  2
  -------------------------------------------------------------------
         East 1    North 1    Depth 1     East 2    North 2    Depth 2

   1   -1000.00      50.00       0.00   -1000.00     -50.00       0.00
   2    -900.00      50.00       0.00    -900.00     -50.00       0.00
   3    -800.00      50.00       0.00    -800.00     -50.00       0.00
   4    -700.00      50.00       0.00    -700.00     -50.00       0.00
   5    -600.00      50.00       0.00    -600.00     -50.00       0.00
   6    -500.00      50.00       0.00    -500.00     -50.00       0.00
   7    -400.00      50.00       0.00    -400.00     -50.00       0.00
   8    -300.00      50.00       0.00    -300.00     -50.00       0.00
   9    -200.00      50.00       0.00    -200.00     -50.00       0.00
  10    -100.00      50.00       0.00    -100.00     -50.00       0.00
  11       0.00      50.00       0.00       0.00     -50.00       0.00
  12     100.00      50.00       0.00     100.00     -50.00       0.00
  13     200.00      50.00       0.00     200.00     -50.00       0.00
  14     300.00      50.00       0.00     300.00     -50.00       0.00
  15     400.00      50.00       0.00     400.00     -50.00       0.00
  16     500.00      50.00       0.00     500.00     -50.00       0.00
  17     600.00      50.00       0.00     600.00     -50.00       0.00
  18     700.00      50.00       0.00     700.00     -50.00       0.00
  19     800.00      50.00       0.00     800.00     -50.00       0.00
  20     900.00      50.00       0.00     900.00     -50.00       0.00
  21    1000.00      50.00       0.00    1000.00     -50.00       0.00


  Transformed Locations for Magnetic Dipole Receivers in Rx Group  3
  ------------------------------------------------------------------
        Easting   Northing     Depth    Dip    Azimuth   Moment

   1   -1000.00       0.00       0.00    0.0    0.0        1.
   2    -900.00       0.00       0.00    0.0    0.0        1.
   3    -800.00       0.00       0.00    0.0    0.0        1.
   4    -700.00       0.00       0.00    0.0    0.0        1.
   5    -600.00       0.00       0.00    0.0    0.0        1.
   6    -500.00       0.00       0.00    0.0    0.0        1.
   7    -400.00       0.00       0.00    0.0    0.0        1.
   8    -300.00       0.00       0.00    0.0    0.0        1.
   9    -200.00       0.00       0.00    0.0    0.0        1.
  10    -100.00       0.00       0.00    0.0    0.0        1.
  11       0.00       0.00       0.00    0.0    0.0        1.
  12     100.00       0.00       0.00    0.0    0.0        1.
  13     200.00       0.00       0.00    0.0    0.0        1.
  14     300.00       0.00       0.00    0.0    0.0        1.
  15     400.00       0.00       0.00    0.0    0.0        1.
  16     500.00       0.00       0.00    0.0    0.0        1.
  17     600.00       0.00       0.00    0.0    0.0        1.
  18     700.00       0.00       0.00    0.0    0.0        1.
  19     800.00       0.00       0.00    0.0    0.0        1.
  20     900.00       0.00       0.00    0.0    0.0        1.
  21    1000.00       0.00       0.00    0.0    0.0        1.


      Revised transmitter indexing
      ----------------------------

    Old          New        Receiver  Group
  Tx Index     Tx Index     Groups     NRX

    1             1            1       21
                               2       21
                               3       21

    2             2            1       21
                               2       21
                               3       21


          +----------------------------------+
          +  Layered Earth Model Parameters  +
          +----------------------------------+

 Layer  Thickness  Resistivity   MU-R   EPS-R   CHRG    CTAU      CFREQ
 -----  ---------  -----------   ----   -----   ----    ----      -----
   1       20.0      50.00       1.00   1.00    0.30   0.10E-02   0.42
   2                 250.0       1.00   1.00    0.00    0.0       1.00

  Marco will compute 3D responses for a frequency-domain system
  using accuracy level:  2

---------------------------------------------------------------------------
                       END OF INPUT DATA DESCRIPTION
---------------------------------------------------------------------------

  CSAMT over a simple prism                                                                                               


  Frequency-domain output for Transmitter Position  1 & Receiver Group  1
  -----------------------------------------------------------------------
  The source is a grounded wire.  
  The receivers in this group are grounded wires.  
  For each position, the output is printed in MILLIVOLTS.     


  INPHASE RESPONSE
  ----------------

      PROFILE OUTPUT:  
      STANDARD OUTPUT - LAYERED EARTH + SCATTERED FIELDS

          RECEIVER POSITIONS           FREQUENCIES
    Northing     Easting     Elev       1.000        3.000        10.00        32.00        100.0        320.0        1000.    

  1        0.00    -1000.00     0.00    259.5        258.5        255.4        244.6        210.6        131.3        44.88    
  2        0.00     -900.00     0.00    178.2        177.5        174.9        165.3        136.0        75.90        26.88    
  3        0.00     -800.00     0.00    128.8        128.2        125.9        117.1        91.72        46.34        19.53    
  4        0.00     -700.00     0.00    97.01        96.50        94.30        86.14        63.91        29.89        15.77    
  5        0.00     -600.00     0.00    75.76        75.29        73.17        65.44        45.81        20.41        13.22    
  6        0.00     -500.00     0.00    61.47        61.01        58.90        51.41        33.78        14.78        11.13    
  7        0.00     -400.00     0.00    52.27        51.79        49.61        42.13        25.79        11.30        9.287    
  8        0.00     -300.00     0.00    46.49        45.97        43.68        36.05        20.48        8.983        7.650    
  9        0.00     -200.00     0.00    31.37        31.03        29.43        24.01        13.27        6.356        5.734    
 10        0.00     -100.00     0.00    9.373        9.349        9.018        7.718        5.282        3.976        3.875    
 11        0.00        0.00     0.00    4.071        4.079        3.967        3.553        3.109        3.005        3.067    
 12        0.00      100.00     0.00    5.551        5.506        5.190        4.222        3.095        2.942        2.688    
 13        0.00      200.00     0.00    15.84        15.53        14.18        10.39        5.318        3.983        2.723    
 14        0.00      300.00     0.00    19.92        19.47        17.64        12.62        6.067        4.323        2.655    
 15        0.00      400.00     0.00    16.67        16.28        14.65        10.28        4.938        3.777        2.393    
 16        0.00      500.00     0.00    13.74        13.39        11.94        8.203        4.014        3.315        2.152    
 17        0.00      600.00     0.00    11.54        11.22        9.904        6.646        3.356        2.947        1.934    
 18        0.00      700.00     0.00    9.867        9.566        8.353        5.474        2.880        2.639        1.736    
 19        0.00      800.00     0.00    8.563        8.277        7.142        4.573        2.522        2.373        1.560    
 20        0.00      900.00     0.00    7.515        7.240        6.171        3.863        2.245        2.138        1.404    
 21        0.00     1000.00     0.00    6.655        6.389        5.376        3.296        2.024        1.931        1.266    


  QUADRATURE RESPONSE
  -------------------

      PROFILE OUTPUT:  
      STANDARD OUTPUT - LAYERED EARTH + SCATTERED FIELDS

          RECEIVER POSITIONS           FREQUENCIES
    Northing     Easting     Elev       1.000        3.000        10.00        32.00        100.0        320.0        1000.    

  1        0.00    -1000.00     0.00   -2.261       -5.352       -14.18       -34.56       -69.73       -97.81       -67.00    
  2        0.00     -900.00     0.00   -1.735       -4.314       -11.70       -28.16       -53.57       -65.44       -35.52    
  3        0.00     -800.00     0.00   -1.428       -3.660       -10.00       -23.52       -41.84       -44.16       -19.96    
  4        0.00     -700.00     0.00   -1.236       -3.220       -8.779       -20.05       -33.14       -30.03       -12.26    
  5        0.00     -600.00     0.00   -1.113       -2.923       -7.900       -17.44       -26.64       -20.63       -8.401    
  6        0.00     -500.00     0.00   -1.046       -2.747       -7.325       -15.58       -21.89       -14.45       -6.386    
  7        0.00     -400.00     0.00   -1.034       -2.697       -7.069       -14.47       -18.65       -10.53       -5.268    
  8        0.00     -300.00     0.00   -1.059       -2.731       -7.028       -13.90       -16.59       -8.154       -4.547    
  9        0.00     -200.00     0.00  -0.7071       -1.879       -4.892       -9.585       -10.92       -4.785       -2.923    
 10        0.00     -100.00     0.00  -0.1014      -0.3760       -1.113       -2.204       -2.345      -0.9426      -0.8303    
 11        0.00        0.00     0.00  -0.9495E-02  -0.9675E-01  -0.3156      -0.5179      -0.3406      -0.1116      -0.2647    
 12        0.00      100.00     0.00  -0.9331E-01  -0.3002      -0.7828       -1.247      -0.8366      -0.3760      -0.4850    
 13        0.00      200.00     0.00  -0.5327       -1.356       -3.226       -5.254       -4.145       -1.921       -1.549    
 14        0.00      300.00     0.00  -0.7400       -1.838       -4.294       -6.874       -5.350       -2.540       -1.969    
 15        0.00      400.00     0.00  -0.6426       -1.603       -3.713       -5.775       -4.214       -2.006       -1.653    
 16        0.00      500.00     0.00  -0.5560       -1.388       -3.166       -4.731       -3.180       -1.575       -1.388    
 17        0.00      600.00     0.00  -0.4947       -1.230       -2.753       -3.928       -2.413       -1.287       -1.196    
 18        0.00      700.00     0.00  -0.4502       -1.112       -2.436       -3.308       -1.853       -1.090       -1.050    
 19        0.00      800.00     0.00  -0.4160       -1.019       -2.184       -2.815       -1.440      -0.9480      -0.9319    
 20        0.00      900.00     0.00  -0.3884      -0.9433       -1.974       -2.414       -1.131      -0.8395      -0.8333    
 21        0.00     1000.00     0.00  -0.3653      -0.8789       -1.796       -2.081      -0.8972      -0.7523      -0.7489    


  Frequency-domain output for Transmitter Position  1 & Receiver Group  2
  -----------------------------------------------------------------------
  The source is a grounded wire.  
  The receivers in this group are grounded wires.  
  For each position, the output is printed in MILLIVOLTS.     


  INPHASE RESPONSE
  ----------------

      PROFILE OUTPUT:  
      STANDARD OUTPUT - LAYERED EARTH + SCATTERED FIELDS

          RECEIVER POSITIONS           FREQUENCIES
    Northing     Easting     Elev       1.000        3.000        10.00        32.00        100.0        320.0        1000.    

  1        0.00    -1000.00     0.00   0.2899E-06   0.8711E-06   0.1745E-05   0.1310E-05   0.1455E-05   0.1310E-05   0.4366E-06
  2        0.00     -900.00     0.00   0.3618E-06   0.7964E-06   0.7995E-06   0.1017E-05   0.7997E-06   0.8731E-06   0.3650E-07
  3        0.00     -800.00     0.00   0.2842E-06   0.1085E-05   0.5775E-06   0.4337E-06   0.2900E-06   0.2912E-06   0.1822E-06
  4        0.00     -700.00     0.00   0.2080E-06   0.1012E-06   0.2899E-06   0.5059E-06   0.2893E-06   0.1818E-06   0.1003E-06
  5        0.00     -600.00     0.00   0.1774E-06   0.2285E-06   0.2899E-06   0.8527E-07   0.1404E-06   0.7223E-07   0.1550E-06
  6        0.00     -500.00     0.00   0.2660E-06   0.8185E-07   0.2274E-06   0.1683E-06   0.1779E-06   0.1904E-06   0.8697E-07
  7        0.00     -400.00     0.00   0.1592E-06   0.7276E-07   0.2728E-07   0.5912E-07   0.1000E-06   0.1336E-07   0.6878E-07
  8        0.00     -300.00     0.00   0.9095E-08  -0.1182E-06   0.8185E-07  -0.1819E-07   0.6821E-07   0.2899E-07   0.4079E-07
  9        0.00     -200.00     0.00   0.2183E-06  -0.3547E-06  -0.2001E-06  -0.2910E-06  -0.9095E-07   0.5230E-07   0.3496E-07
 10        0.00     -100.00     0.00  -0.3047E-06  -0.7640E-06  -0.1410E-06    0.000       0.1592E-06  -0.7390E-08   0.8242E-08
 11        0.00        0.00     0.00  -0.4547E-08   0.9777E-07   0.5230E-07   0.2728E-07   0.6878E-07   0.3098E-07   0.2842E-07
 12        0.00      100.00     0.00  -0.2728E-07   0.4320E-06   0.1273E-06   0.5457E-07   0.8640E-07   0.3297E-07   0.5684E-08
 13        0.00      200.00     0.00   0.2183E-06   0.1933E-06   0.3456E-06   0.1023E-06   0.1342E-06   0.9095E-07   0.1009E-07
 14        0.00      300.00     0.00   0.2092E-06   0.1114E-06   0.8640E-07   0.8640E-07   0.7731E-07   0.2842E-07   0.3411E-08
 15        0.00      400.00     0.00   0.3411E-07   0.7958E-07   0.7276E-07   0.5684E-07   0.2842E-07   0.1279E-07   0.7248E-08
 16        0.00      500.00     0.00   0.4320E-07   0.2501E-07   0.3183E-07   0.3297E-07   0.1421E-07   0.1421E-08   0.5329E-08
 17        0.00      600.00     0.00   0.1478E-07   0.2956E-07   0.2615E-07   0.1933E-07   0.9948E-08   0.8420E-08   0.4405E-08
 18        0.00      700.00     0.00   0.6821E-08   0.2387E-07   0.1137E-07   0.1648E-07   0.5542E-08   0.6875E-08   0.7283E-08
 19        0.00      800.00     0.00   0.1933E-07   0.6821E-08   0.1421E-07   0.6821E-08   0.1201E-07   0.4761E-08   0.2061E-08
 20        0.00      900.00     0.00   0.8811E-08   0.1648E-07   0.9948E-08   0.8384E-08   0.7105E-08   0.7329E-08   0.2665E-08
 21        0.00     1000.00     0.00   0.1037E-07   0.4547E-08   0.4832E-08   0.7248E-08   0.3979E-08   0.3938E-08   0.2549E-08


  QUADRATURE RESPONSE
  -------------------

      PROFILE OUTPUT:  
      STANDARD OUTPUT - LAYERED EARTH + SCATTERED FIELDS

          RECEIVER POSITIONS           FREQUENCIES
    Northing     Easting     Elev       1.000        3.000        10.00        32.00        100.0        320.0        1000.    

  1        0.00    -1000.00     0.00  -0.6706E-08  -0.1220E-07  -0.1776E-07  -0.7716E-07  -0.1627E-06  -0.5453E-06  -0.4365E-06
  2        0.00     -900.00     0.00  -0.2469E-08  -0.4867E-08  -0.7390E-08  -0.1521E-07  -0.8924E-07  -0.2547E-06  -0.2182E-06
  3        0.00     -800.00     0.00  -0.9059E-09  -0.3340E-08  -0.3268E-08  -0.2387E-07  -0.6054E-07  -0.1081E-06  -0.1634E-06
  4        0.00     -700.00     0.00  -0.5684E-09  -0.1066E-08  -0.2132E-08  -0.1364E-07  -0.4746E-07  -0.8143E-07  -0.8669E-08
  5        0.00     -600.00     0.00  -0.2487E-09    0.000      -0.1990E-08  -0.1592E-07  -0.4661E-07  -0.7049E-07  -0.5414E-07
  6        0.00     -500.00     0.00   0.1421E-09   0.3695E-08   0.1705E-08  -0.3411E-08  -0.7958E-08  -0.4945E-07  -0.1563E-07
  7        0.00     -400.00     0.00  -0.4619E-09   0.3340E-08  -0.1137E-08   0.2842E-07   0.2956E-07  -0.3297E-07  -0.9663E-08
  8        0.00     -300.00     0.00   0.3268E-08   0.1108E-07   0.3467E-07   0.3865E-07   0.1137E-07  -0.1592E-07  -0.5684E-08
  9        0.00     -200.00     0.00   0.1387E-07   0.3844E-07   0.4405E-07   0.1921E-06   0.1125E-06  -0.1137E-07   0.6821E-08
 10        0.00     -100.00     0.00   0.2860E-08   0.1890E-07   0.8043E-07  -0.7958E-08   0.2728E-07  -0.5457E-07   0.2728E-07
 11        0.00        0.00     0.00   0.1599E-09  -0.2949E-08  -0.1990E-08  -0.5116E-08    0.000      -0.2984E-07  -0.1187E-07
 12        0.00      100.00     0.00  -0.6875E-08  -0.5862E-08  -0.2430E-07  -0.8470E-07  -0.5969E-07  -0.2501E-07  -0.3865E-07
 13        0.00      200.00     0.00  -0.2389E-08   0.4228E-08  -0.2665E-07   0.3183E-07   0.3126E-07  -0.4775E-07  -0.9663E-08
 14        0.00      300.00     0.00  -0.5471E-08  -0.1034E-07  -0.1066E-08  -0.1990E-07  -0.6196E-07  -0.7390E-08  -0.5684E-08
 15        0.00      400.00     0.00  -0.1759E-08  -0.4352E-08  -0.7887E-08  -0.3240E-07  -0.1251E-07  -0.1421E-07  -0.1080E-07
 16        0.00      500.00     0.00  -0.7727E-09  -0.3553E-08  -0.3055E-08  -0.8527E-09  -0.1648E-07  -0.3979E-08  -0.3553E-08
 17        0.00      600.00     0.00  -0.3331E-09  -0.1386E-08  -0.1492E-08  -0.2132E-08  -0.6253E-08  -0.3126E-08  -0.4263E-08
 18        0.00      700.00     0.00   0.3553E-10  -0.6040E-09  -0.2736E-08  -0.3553E-08  -0.1990E-08  -0.3411E-08  -0.2380E-08
 19        0.00      800.00     0.00  -0.2043E-09  -0.7283E-09  -0.9237E-09  -0.2984E-08  -0.3126E-08  -0.3055E-08  -0.3020E-09
 20        0.00      900.00     0.00  -0.1688E-09  -0.5240E-09  -0.7816E-09  -0.2558E-08  -0.3268E-08  -0.2167E-08  -0.1998E-08
 21        0.00     1000.00     0.00  -0.1776E-10  -0.2220E-09  -0.5684E-09  -0.1776E-08  -0.2771E-08  -0.2238E-08  -0.1927E-08


  Frequency-domain output for Transmitter Position  1 & Receiver Group  3
  -----------------------------------------------------------------------
  The source is a grounded wire.  
  The receivers in this group are magnetic dipoles.
  For each position, the output is printed in NANOTESLAS      


  INPHASE RESPONSE
  ----------------

      PROFILE OUTPUT:  VERTICAL COMPONENT     
      STANDARD OUTPUT - LAYERED EARTH + SCATTERED FIELDS

          RECEIVER POSITIONS           FREQUENCIES
    Northing     Easting     Elev       1.000        3.000        10.00        32.00        100.0        320.0        1000.    

  1        0.00    -1000.00     0.00  -0.1134E-11  -0.1744E-12  -0.7412E-12   0.1744E-12  -0.3815E-13  -0.1362E-14   0.2512E-13
  2        0.00     -900.00     0.00   0.1875E-11   0.1744E-12  -0.1570E-11  -0.5014E-12  -0.2071E-12  -0.1744E-12   0.6216E-13
  3        0.00     -800.00     0.00  -0.1744E-12  -0.1700E-11  -0.5232E-12   0.4360E-12  -0.2943E-12  -0.2262E-12  -0.1172E-12
  4        0.00     -700.00     0.00  -0.1395E-11   0.4709E-11  -0.2965E-11  -0.4360E-13   0.9592E-12  -0.2725E-13   0.9231E-13
  5        0.00     -600.00     0.00  -0.1657E-11   0.3313E-11  -0.6889E-11   0.1700E-11  -0.6976E-12  -0.1144E-12  -0.1308E-12
  6        0.00     -500.00     0.00   0.1657E-10  -0.5406E-11  -0.2267E-11   0.5057E-11  -0.3139E-11   0.4360E-12    0.000    
  7        0.00     -400.00     0.00   0.5057E-10   0.4185E-11   0.5929E-11   0.1256E-10   0.9068E-11   0.1853E-11   0.3542E-12
  8        0.00     -300.00     0.00  -0.7743E-10   0.1430E-10   0.3069E-10  -0.1709E-10   0.1535E-10   0.2943E-11   0.4273E-11
  9        0.00     -200.00     0.00   0.3788E-09   0.4416E-09   0.5860E-09   0.9173E-10   0.1883E-09   0.5179E-10  -0.4207E-11
 10        0.00     -100.00     0.00   0.1284E-09   0.4102E-09   0.6829E-09   0.3516E-09   0.4967E-09   0.1221E-09   0.1156E-09
 11        0.00        0.00     0.00   0.7492E-09   0.4032E-09   0.5092E-09   0.5664E-09   0.3851E-09  -0.2206E-10   0.4656E-10
 12        0.00      100.00     0.00   0.2958E-09   0.7255E-09   0.4911E-09   0.5748E-09   0.1346E-09   0.2407E-09   0.1267E-09
 13        0.00      200.00     0.00   0.2400E-09   0.1395E-09   0.2986E-09   0.2428E-09   0.6139E-10   0.8493E-10   0.1674E-10
 14        0.00      300.00     0.00   0.2790E-11  -0.2790E-11    0.000       0.4185E-11   0.8022E-11   0.1709E-10  -0.3575E-11
 15        0.00      400.00     0.00   0.8371E-11   0.8371E-11   0.6976E-11   0.2232E-10  -0.4360E-11  -0.6278E-11   0.4360E-12
 16        0.00      500.00     0.00   0.9766E-11  -0.2093E-11   0.5581E-11  -0.1046E-10   0.4185E-11  -0.1177E-11   0.4796E-12
 17        0.00      600.00     0.00   0.4883E-11  -0.3488E-11  -0.2442E-11    0.000       0.3924E-12  -0.5232E-12   0.1962E-12
 18        0.00      700.00     0.00    0.000       0.1395E-11   0.1046E-11  -0.1570E-11  -0.2616E-12   0.4360E-13  -0.4905E-13
 19        0.00      800.00     0.00   0.1395E-11   0.1570E-11   0.6976E-12   0.7848E-12   0.1744E-12  -0.2071E-12  -0.1771E-12
 20        0.00      900.00     0.00  -0.8720E-12  -0.2267E-11   0.1744E-12  -0.2267E-11  -0.1744E-12  -0.1199E-12   0.5722E-13
 21        0.00     1000.00     0.00  -0.1046E-11   0.7848E-12  -0.4360E-12  -0.7848E-12  -0.3052E-12  -0.7085E-13  -0.2078E-13


  QUADRATURE RESPONSE
  -------------------

      PROFILE OUTPUT:  VERTICAL COMPONENT     
      STANDARD OUTPUT - LAYERED EARTH + SCATTERED FIELDS

          RECEIVER POSITIONS           FREQUENCIES
    Northing     Easting     Elev       1.000        3.000        10.00        32.00        100.0        320.0        1000.    

  1        0.00    -1000.00     0.00  -0.2997E-13  -0.5450E-13   0.1090E-12   0.8720E-12   0.1853E-12  -0.5927E-13   0.2640E-14
  2        0.00     -900.00     0.00   0.2180E-13  -0.1035E-12  -0.3379E-12  -0.1526E-12   0.1243E-11  -0.1090E-12  -0.2112E-13
  3        0.00     -800.00     0.00  -0.9265E-13   0.2452E-12  -0.3052E-12   0.2834E-12   0.1788E-11   0.7562E-13  -0.3951E-13
  4        0.00     -700.00     0.00  -0.1226E-12  -0.1744E-12  -0.1395E-11  -0.8720E-13   0.2333E-11   0.1710E-12  -0.5382E-13
  5        0.00     -600.00     0.00  -0.2180E-13  -0.6540E-13  -0.1526E-12   0.1744E-12  -0.1744E-11  -0.3883E-12  -0.1662E-12
  6        0.00     -500.00     0.00  -0.2289E-12   0.7630E-12  -0.3008E-11   0.4360E-12   0.9156E-11   0.2158E-11   0.8038E-12
  7        0.00     -400.00     0.00  -0.9483E-12   0.8284E-12  -0.6583E-11   0.6976E-11  -0.4011E-11   0.2245E-11  -0.3221E-11
  8        0.00     -300.00     0.00   0.1646E-11  -0.8371E-11  -0.2790E-11   0.1953E-10  -0.6801E-11   0.1500E-10   0.1564E-11
  9        0.00     -200.00     0.00  -0.3488E-11  -0.2651E-10  -0.8092E-10   0.1953E-10  -0.1311E-09  -0.9491E-10   0.1311E-11
 10        0.00     -100.00     0.00  -0.6976E-12  -0.2581E-10  -0.8580E-10  -0.9801E-10  -0.2013E-09  -0.3192E-09  -0.2121E-09
 11        0.00        0.00     0.00  -0.5406E-11  -0.3244E-10  -0.5685E-10  -0.1835E-09  -0.2637E-09  -0.2703E-09  -0.2335E-09
 12        0.00      100.00     0.00  -0.2180E-11  -0.3697E-10  -0.6557E-10  -0.1618E-09  -0.1618E-09  -0.1413E-09  -0.2548E-09
 13        0.00      200.00     0.00  -0.6976E-12  -0.2511E-10  -0.2651E-10  -0.8092E-10  -0.2790E-10  -0.7813E-10  -0.6836E-10
 14        0.00      300.00     0.00  -0.8720E-13    0.000      -0.6976E-12  -0.5581E-11   0.4185E-11  -0.5929E-11  -0.3749E-11
 15        0.00      400.00     0.00  -0.3052E-12   0.1918E-11  -0.4185E-11   0.4883E-11  -0.2093E-11    0.000       0.6322E-12
 16        0.00      500.00     0.00  -0.1744E-12   0.1221E-11  -0.5232E-12  -0.4534E-11   0.3488E-12   0.1395E-11   0.2180E-12
 17        0.00      600.00     0.00  -0.2834E-12   0.3488E-12  -0.2267E-11   0.6976E-12  -0.1744E-11  -0.2180E-12  -0.2180E-12
 18        0.00      700.00     0.00  -0.1090E-12   0.1744E-12   0.1046E-11   0.1570E-11  -0.6976E-12   0.2834E-12  -0.2452E-13
 19        0.00      800.00     0.00   0.8720E-13   0.2616E-12   0.3488E-12  -0.1744E-12   0.1046E-11   0.1526E-12   0.5995E-13
 20        0.00      900.00     0.00   0.2180E-13  -0.6540E-13   0.7412E-12  -0.5232E-12   0.3052E-12   0.3488E-12   0.2725E-14
 21        0.00     1000.00     0.00  -0.2725E-13   0.6540E-13   0.1744E-12   0.9156E-12  -0.2616E-12  -0.6267E-13   0.1499E-13


  Frequency-domain output for Transmitter Position  2 & Receiver Group  1
  -----------------------------------------------------------------------
  The source is a grounded wire.  
  The receivers in this group are grounded wires.  
  For each position, the output is printed in MILLIVOLTS.     


  INPHASE RESPONSE
  ----------------

      PROFILE OUTPUT:  
      STANDARD OUTPUT - LAYERED EARTH + SCATTERED FIELDS

          RECEIVER POSITIONS           FREQUENCIES
    Northing     Easting     Elev       1.000        3.000        10.00        32.00        100.0        320.0        1000.    

  1        0.00    -1000.00     0.00  -0.1513E-10   0.2217E-11   0.3277E-11   0.2390E-10   0.2891E-11  -0.2197E-10  -0.3840E-11
  2        0.00     -900.00     0.00   0.2332E-10   0.1764E-10  -0.1060E-10   0.3508E-10   0.5069E-10  -0.4915E-11   0.1565E-11
  3        0.00     -800.00     0.00   0.3094E-10   0.8192E-11   0.8674E-11  -0.6091E-10   0.6727E-10  -0.2361E-10   0.1470E-10
  4        0.00     -700.00     0.00   0.4664E-10  -0.3219E-10   0.5782E-11  -0.3007E-10  -0.5011E-11  -0.3277E-10   0.1446E-11
  5        0.00     -600.00     0.00   0.7267E-10  -0.1214E-10  -0.1315E-09  -0.1122E-09   0.1129E-09  -0.1525E-09  -0.6934E-10
  6        0.00     -500.00     0.00  -0.1569E-09  -0.1696E-09  -0.1773E-10   0.3200E-09   0.5274E-09   0.1538E-09   0.2043E-10
  7        0.00     -400.00     0.00   0.2082E-10  -0.1383E-08   0.7633E-10  -0.3107E-09   0.1372E-08  -0.7348E-09   0.7401E-10
  8        0.00     -300.00     0.00  -0.2441E-08  -0.3367E-08  -0.3883E-08  -0.1504E-07  -0.1086E-07  -0.7864E-08   0.6631E-10
  9        0.00     -200.00     0.00   0.6476E-08  -0.8044E-08  -0.1148E-07  -0.1925E-07  -0.1424E-07  -0.5950E-08   0.6584E-09
 10        0.00     -100.00     0.00   0.1799E-07  -0.3013E-08   0.5101E-08   0.1918E-08   0.7247E-08   0.6014E-08   0.5119E-08
 11        0.00        0.00     0.00   0.8228E-08   0.4873E-09   0.7463E-08   0.1406E-08  -0.7476E-08   0.7358E-08  -0.2128E-09
 12        0.00      100.00     0.00  -0.5406E-08  -0.7513E-08  -0.1958E-08  -0.1294E-07  -0.1789E-09   0.2964E-08   0.2999E-08
 13        0.00      200.00     0.00   0.1237E-08   0.4395E-09   0.4272E-08   0.6426E-08   0.6939E-08   0.5866E-08  -0.5155E-08
 14        0.00      300.00     0.00   0.2020E-08   0.1995E-08   0.2368E-08   0.3775E-08  -0.2344E-09   0.2372E-08   0.6962E-09
 15        0.00      400.00     0.00  -0.1203E-09  -0.1850E-09  -0.3084E-09  -0.3392E-09  -0.1493E-08   0.6168E-09  -0.2791E-09
 16        0.00      500.00     0.00  -0.1357E-09  -0.1264E-09  -0.4626E-10  -0.4194E-09   0.3392E-09  -0.6230E-09  -0.1234E-10
 17        0.00      600.00     0.00  -0.2930E-10   0.1234E-10   0.4934E-10  -0.3701E-10   0.2498E-09   0.1049E-09    0.000    
 18        0.00      700.00     0.00  -0.9252E-11   0.2313E-10   0.3315E-10  -0.1557E-09   0.2097E-09  -0.7093E-10  -0.1619E-10
 19        0.00      800.00     0.00  -0.5011E-11  -0.1735E-10  -0.1773E-10  -0.5705E-10   0.1126E-09   0.8481E-11  -0.1002E-10
 20        0.00      900.00     0.00  -0.1542E-11  -0.1426E-10   0.1581E-10   0.1388E-10   0.6399E-10   0.4048E-11   0.2506E-11
 21        0.00     1000.00     0.00  -0.8288E-11  -0.1118E-10   0.2120E-10   0.2853E-10   0.2313E-10  -0.2988E-11   0.1590E-11


  QUADRATURE RESPONSE
  -------------------

      PROFILE OUTPUT:  
      STANDARD OUTPUT - LAYERED EARTH + SCATTERED FIELDS

          RECEIVER POSITIONS           FREQUENCIES
    Northing     Easting     Elev       1.000        3.000        10.00        32.00        100.0        320.0        1000.    

  1        0.00    -1000.00     0.00  -0.3066E-11  -0.6264E-12  -0.1571E-10   0.3229E-10  -0.2718E-10   0.5235E-10   0.1337E-11
  2        0.00     -900.00     0.00   0.1952E-11  -0.7469E-11  -0.2935E-10  -0.6457E-10  -0.6168E-10   0.1735E-11   0.1002E-10
  3        0.00     -800.00     0.00  -0.6144E-12  -0.6529E-11   0.8915E-11   0.7103E-10  -0.5416E-10  -0.2872E-10   0.1055E-10
  4        0.00     -700.00     0.00   0.5662E-12   0.1010E-10   0.1001E-09   0.6573E-10  -0.1519E-09  -0.7363E-10   0.3079E-10
  5        0.00     -600.00     0.00  -0.1373E-11  -0.1094E-10  -0.2159E-10   0.3185E-09   0.7247E-10  -0.1207E-09   0.2626E-10
  6        0.00     -500.00     0.00   0.1609E-10   0.1113E-10   0.4838E-10  -0.4517E-09   0.9252E-11  -0.9583E-09   0.2406E-09
  7        0.00     -400.00     0.00   0.1778E-10   0.1358E-09   0.8731E-10  -0.7928E-09   0.8550E-09  -0.9622E-09   0.4007E-10
  8        0.00     -300.00     0.00  -0.7156E-10  -0.4954E-10  -0.7972E-09  -0.2917E-08   0.1146E-08   0.6399E-08   0.3294E-08
  9        0.00     -200.00     0.00  -0.2720E-09  -0.1827E-09  -0.1503E-08  -0.1049E-07   0.6927E-08   0.4774E-08   0.4797E-08
 10        0.00     -100.00     0.00  -0.6920E-09   0.1145E-09  -0.5328E-08   0.1665E-08  -0.1647E-08   0.1357E-08  -0.9915E-08
 11        0.00        0.00     0.00  -0.1629E-08   0.9414E-09  -0.3773E-08  -0.6748E-08  -0.2942E-08  -0.1143E-07  -0.3738E-08
 12        0.00      100.00     0.00  -0.1344E-08   0.3847E-09  -0.5263E-08  -0.3638E-08   0.7864E-09  -0.1505E-08  -0.4856E-08
 13        0.00      200.00     0.00   0.5792E-10   0.4144E-10   0.7016E-10  -0.1777E-09  -0.1383E-08  -0.5643E-08   0.2193E-08
 14        0.00      300.00     0.00  -0.3604E-10   0.9483E-10   0.9406E-10   0.1306E-08   0.4873E-09  -0.2461E-08  -0.2405E-09
 15        0.00      400.00     0.00  -0.6592E-10  -0.2698E-10  -0.1172E-09  -0.9560E-10  -0.1326E-09   0.2776E-09  -0.3824E-09
 16        0.00      500.00     0.00   0.5590E-11  -0.6168E-11   0.8172E-10  -0.1280E-09   0.1912E-09  -0.1234E-09  -0.6091E-10
 17        0.00      600.00     0.00  -0.1156E-11  -0.1214E-10  -0.1234E-10   0.4703E-10   0.2313E-10   0.9252E-10  -0.3855E-11
 18        0.00      700.00     0.00  -0.6843E-11   0.1060E-10   0.5358E-10   0.1388E-10  -0.1342E-09  -0.9252E-11  -0.2274E-10
 19        0.00      800.00     0.00  -0.4337E-12   0.2698E-11   0.8674E-11  -0.6939E-11   0.8712E-10   0.2776E-10  -0.2698E-11
 20        0.00      900.00     0.00   0.1470E-11  -0.1181E-10   0.1503E-10  -0.6361E-11   0.6708E-10  -0.2698E-10   0.1687E-11
 21        0.00     1000.00     0.00   0.1325E-11   0.1205E-11  -0.2120E-11   0.1614E-10  -0.3335E-10   0.1137E-10  -0.1446E-12


  Frequency-domain output for Transmitter Position  2 & Receiver Group  2
  -----------------------------------------------------------------------
  The source is a grounded wire.  
  The receivers in this group are grounded wires.  
  For each position, the output is printed in MILLIVOLTS.     


  INPHASE RESPONSE
  ----------------

      PROFILE OUTPUT:  
      STANDARD OUTPUT - LAYERED EARTH + SCATTERED FIELDS

          RECEIVER POSITIONS           FREQUENCIES
    Northing     Easting     Elev       1.000        3.000        10.00        32.00        100.0        320.0        1000.    

  1        0.00    -1000.00     0.00    55.61        55.95        57.92        66.10        88.62        103.9        49.22    
  2        0.00     -900.00     0.00    44.17        44.51        46.42        54.01        73.17        80.16        36.82    
  3        0.00     -800.00     0.00    35.51        35.86        37.69        44.72        60.91        62.14        28.94    
  4        0.00     -700.00     0.00    28.86        29.20        30.96        37.45        51.02        48.44        23.59    
  5        0.00     -600.00     0.00    23.64        23.97        25.65        31.60        42.88        37.98        19.66    
  6        0.00     -500.00     0.00    19.39        19.71        21.30        26.72        35.98        29.91        16.57    
  7        0.00     -400.00     0.00    15.70        16.00        17.46        22.28        29.76        23.47        13.95    
  8        0.00     -300.00     0.00    11.86        12.13        13.39        17.42        23.23        17.83        11.42    
  9        0.00     -200.00     0.00    6.930        7.129        8.007        10.80        15.01        12.06        8.445    
 10        0.00     -100.00     0.00    4.259        4.413        5.055        7.060        10.12        8.492        6.405    
 11        0.00        0.00     0.00    3.390        3.529        4.096        5.774        8.134        6.858        5.405    
 12        0.00      100.00     0.00    3.026        3.163        3.712        5.221        7.085        5.991        4.748    
 13        0.00      200.00     0.00    3.468        3.635        4.306        5.973        7.368        5.884        4.618    
 14        0.00      300.00     0.00    4.538        4.766        5.698        7.853        8.821        6.199        4.735    
 15        0.00      400.00     0.00    4.677        4.929        5.953        8.206        8.808        5.945        4.442    
 16        0.00      500.00     0.00    4.434        4.694        5.730        7.898        8.183        5.488        4.026    
 17        0.00      600.00     0.00    4.093        4.353        5.371        7.394        7.420        5.009        3.613    
 18        0.00      700.00     0.00    3.742        4.000        4.988        6.850        6.668        4.559        3.238    
 19        0.00      800.00     0.00    3.411        3.666        4.619        6.319        5.976        4.151        2.906    
 20        0.00      900.00     0.00    3.110        3.360        4.277        5.821        5.356        3.783        2.617    
 21        0.00     1000.00     0.00    2.838        3.083        3.964        5.360        4.806        3.453        2.364    


  QUADRATURE RESPONSE
  -------------------

      PROFILE OUTPUT:  
      STANDARD OUTPUT - LAYERED EARTH + SCATTERED FIELDS

          RECEIVER POSITIONS           FREQUENCIES
    Northing     Easting     Elev       1.000        3.000        10.00        32.00        100.0        320.0        1000.    

  1        0.00    -1000.00     0.00   0.9129        2.570        7.193        15.60        17.65       -20.51       -41.79    
  2        0.00     -900.00     0.00   0.8413        2.337        6.403        13.26        12.72       -20.71       -29.68    
  3        0.00     -800.00     0.00   0.7771        2.133        5.723        11.30        8.955       -19.49       -21.51    
  4        0.00     -700.00     0.00   0.7187        1.951        5.128        9.654        6.089       -17.54       -16.04    
  5        0.00     -600.00     0.00   0.6643        1.785        4.598        8.240        3.926       -15.28       -12.33    
  6        0.00     -500.00     0.00   0.6110        1.626        4.105        7.007        2.334       -12.91       -9.688    
  7        0.00     -400.00     0.00   0.5530        1.456        3.609        5.889        1.252       -10.49       -7.593    
  8        0.00     -300.00     0.00   0.4752        1.233        3.010        4.775       0.7570       -7.743       -5.575    
  9        0.00     -200.00     0.00   0.3523       0.8858        2.146        3.510        1.096       -4.271       -3.263    
 10        0.00     -100.00     0.00   0.2672       0.6571        1.576        2.607        1.099       -2.382       -1.889    
 11        0.00        0.00     0.00   0.2317       0.5654        1.327        2.106       0.8445       -1.712       -1.403    
 12        0.00      100.00     0.00   0.2177       0.5268        1.199        1.776       0.6069       -1.430       -1.270    
 13        0.00      200.00     0.00   0.2475       0.5979        1.296        1.626       0.1579E-01   -1.562       -1.520    
 14        0.00      300.00     0.00   0.3185       0.7755        1.615        1.656      -0.9892       -2.157       -2.011    
 15        0.00      400.00     0.00   0.3416       0.8283        1.680        1.527       -1.415       -2.240       -2.139    
 16        0.00      500.00     0.00   0.3418       0.8222        1.625        1.332       -1.551       -2.097       -2.075    
 17        0.00      600.00     0.00   0.3340       0.7960        1.533        1.133       -1.566       -1.905       -1.944    
 18        0.00      700.00     0.00   0.3232       0.7631        1.432       0.9482       -1.523       -1.717       -1.791    
 19        0.00      800.00     0.00   0.3116       0.7284        1.330       0.7823       -1.451       -1.549       -1.638    
 20        0.00      900.00     0.00   0.2999       0.6939        1.233       0.6360       -1.364       -1.402       -1.493    
 21        0.00     1000.00     0.00   0.2884       0.6605        1.141       0.5082       -1.271       -1.274       -1.359    


  Frequency-domain output for Transmitter Position  2 & Receiver Group  3
  -----------------------------------------------------------------------
  The source is a grounded wire.  
  The receivers in this group are magnetic dipoles.
  For each position, the output is printed in NANOTESLAS      


  INPHASE RESPONSE
  ----------------

      PROFILE OUTPUT:  VERTICAL COMPONENT     
      STANDARD OUTPUT - LAYERED EARTH + SCATTERED FIELDS

          RECEIVER POSITIONS           FREQUENCIES
    Northing     Easting     Elev       1.000        3.000        10.00        32.00        100.0        320.0        1000.    

  1        0.00    -1000.00     0.00    1.790        1.786        1.763        1.655        1.249       0.2937      -0.1741    
  2        0.00     -900.00     0.00    1.506        1.502        1.477        1.365       0.9673       0.1424      -0.1178    
  3        0.00     -800.00     0.00    1.284        1.279        1.253        1.138       0.7525       0.4940E-01  -0.7635E-01
  4        0.00     -700.00     0.00    1.107        1.102        1.075       0.9583       0.5872      -0.4998E-02  -0.4849E-01
  5        0.00     -600.00     0.00   0.9646       0.9595       0.9316       0.8136       0.4599      -0.3406E-01  -0.3111E-01
  6        0.00     -500.00     0.00   0.8491       0.8437       0.8151       0.6971       0.3627      -0.4642E-01  -0.2097E-01
  7        0.00     -400.00     0.00   0.7553       0.7499       0.7207       0.6042       0.2912      -0.4682E-01  -0.1519E-01
  8        0.00     -300.00     0.00   0.6808       0.6753       0.6463       0.5330       0.2446      -0.3517E-01  -0.1075E-01
  9        0.00     -200.00     0.00   0.6185       0.6128       0.5832       0.4697       0.2008      -0.1773E-01  -0.5760E-02
 10        0.00     -100.00     0.00   0.5450       0.5385       0.5037       0.3700       0.8958E-01  -0.3077E-01  -0.5869E-02
 11        0.00        0.00     0.00   0.4820       0.4747       0.4364       0.2931       0.2494E-01  -0.2431E-01  -0.2562E-02
 12        0.00      100.00     0.00   0.4281       0.4203       0.3808       0.2412      -0.7284E-03  -0.2403E-01  -0.8062E-03
 13        0.00      200.00     0.00   0.3814       0.3733       0.3342       0.2064      -0.5973E-02  -0.3791E-01  -0.3188E-02
 14        0.00      300.00     0.00   0.3531       0.3451       0.3073       0.1891       0.3808E-02  -0.2748E-01  -0.1705E-02
 15        0.00      400.00     0.00   0.3288       0.3208       0.2836       0.1709       0.5204E-02  -0.1788E-01  -0.9717E-03
 16        0.00      500.00     0.00   0.3056       0.2975       0.2605       0.1518       0.2535E-02  -0.1253E-01  -0.1002E-02
 17        0.00      600.00     0.00   0.2840       0.2758       0.2389       0.1338      -0.6971E-03  -0.9180E-02  -0.1119E-02
 18        0.00      700.00     0.00   0.2642       0.2559       0.2190       0.1173      -0.3500E-02  -0.6913E-02  -0.1175E-02
 19        0.00      800.00     0.00   0.2462       0.2378       0.2009       0.1026      -0.5646E-02  -0.5321E-02  -0.1162E-02
 20        0.00      900.00     0.00   0.2299       0.2213       0.1844       0.8953E-01  -0.7149E-02  -0.4184E-02  -0.1102E-02
 21        0.00     1000.00     0.00   0.2150       0.2063       0.1695       0.7797E-01  -0.8094E-02  -0.3362E-02  -0.1019E-02


  QUADRATURE RESPONSE
  -------------------

      PROFILE OUTPUT:  VERTICAL COMPONENT     
      STANDARD OUTPUT - LAYERED EARTH + SCATTERED FIELDS

          RECEIVER POSITIONS           FREQUENCIES
    Northing     Easting     Elev       1.000        3.000        10.00        32.00        100.0        320.0        1000.    

  1        0.00    -1000.00     0.00  -0.1643E-01  -0.4709E-01  -0.1424      -0.3746      -0.7693      -0.8762      -0.1718    
  2        0.00     -900.00     0.00  -0.1621E-01  -0.4620E-01  -0.1380      -0.3539      -0.6876      -0.6805      -0.9476E-01
  3        0.00     -800.00     0.00  -0.1599E-01  -0.4531E-01  -0.1336      -0.3340      -0.6130      -0.5248      -0.5499E-01
  4        0.00     -700.00     0.00  -0.1576E-01  -0.4440E-01  -0.1293      -0.3148      -0.5452      -0.4026      -0.3535E-01
  5        0.00     -600.00     0.00  -0.1551E-01  -0.4345E-01  -0.1250      -0.2963      -0.4841      -0.3083      -0.2596E-01
  6        0.00     -500.00     0.00  -0.1522E-01  -0.4241E-01  -0.1204      -0.2783      -0.4293      -0.2370      -0.2195E-01
  7        0.00     -400.00     0.00  -0.1485E-01  -0.4116E-01  -0.1155      -0.2602      -0.3803      -0.1855      -0.2149E-01
  8        0.00     -300.00     0.00  -0.1431E-01  -0.3948E-01  -0.1096      -0.2411      -0.3357      -0.1521      -0.2554E-01
  9        0.00     -200.00     0.00  -0.1405E-01  -0.3863E-01  -0.1061      -0.2271      -0.2920      -0.1236      -0.2956E-01
 10        0.00     -100.00     0.00  -0.1563E-01  -0.4280E-01  -0.1163      -0.2379      -0.2466      -0.6300E-01  -0.1146E-01
 11        0.00        0.00     0.00  -0.1644E-01  -0.4469E-01  -0.1194      -0.2330      -0.1993      -0.2987E-01  -0.6056E-02
 12        0.00      100.00     0.00  -0.1641E-01  -0.4412E-01  -0.1152      -0.2152      -0.1691      -0.1331E-01  -0.2295E-02
 13        0.00      200.00     0.00  -0.1591E-01  -0.4217E-01  -0.1070      -0.1924      -0.1563      -0.5580E-02   0.6038E-02
 14        0.00      300.00     0.00  -0.1513E-01  -0.3978E-01  -0.9918E-01  -0.1729      -0.1386      -0.1007E-01   0.1794E-02
 15        0.00      400.00     0.00  -0.1464E-01  -0.3829E-01  -0.9415E-01  -0.1594      -0.1210      -0.1179E-01  -0.1631E-02
 16        0.00      500.00     0.00  -0.1434E-01  -0.3727E-01  -0.9035E-01  -0.1482      -0.1054      -0.1145E-01  -0.2727E-02
 17        0.00      600.00     0.00  -0.1412E-01  -0.3646E-01  -0.8704E-01  -0.1382      -0.9164E-01  -0.1054E-01  -0.2917E-02
 18        0.00      700.00     0.00  -0.1393E-01  -0.3574E-01  -0.8399E-01  -0.1289      -0.7951E-01  -0.9589E-02  -0.2763E-02
 19        0.00      800.00     0.00  -0.1377E-01  -0.3507E-01  -0.8112E-01  -0.1202      -0.6888E-01  -0.8716E-02  -0.2492E-02
 20        0.00      900.00     0.00  -0.1362E-01  -0.3445E-01  -0.7837E-01  -0.1121      -0.5960E-01  -0.7942E-02  -0.2202E-02
 21        0.00     1000.00     0.00  -0.1347E-01  -0.3384E-01  -0.7572E-01  -0.1044      -0.5155E-01  -0.7239E-02  -0.1927E-02


  Computation time =       9.47 seconds.

