
      ######################################################################
      #                                                                    #
      #                 Marco - Version 4.4.1 10 June, 2003                #
      #                 -----------------------------------                #
      #                                                                    #
      #      Develped by:  CSIRO Electromagnetic Modelling Group           #
      #                    Zonghou Xiong and Art Raiche                    #
      #                                                                    #
      #              For:  AMIRA project P223D                             #
      #                                                                    #
      ######################################################################

-------------------------------------------------------------------------------

 Horizontal co-planar loops over ice and seawater for new Tx cnvention                                                   

  TDFD = 2;   PRFL = 1;   STEP = 0;   ISTOP = 0

          +----------------------------------------------+
          +  Frequency-Domain Ground System Information  +
          +----------------------------------------------+

  NFRQ =  1

           Frequency      Transmitter current in amps
           ---------      ---------------------------

      1    9800.0000         1.000    


  SOURCE_TYPE = 3;   SURVEY_TYPE = 2;   NTX = 65;   NRXG =65


  Dipole Source Specification

           Easting       Northing      Elevation     Dip   Azimuth   Moment
           -------       --------      ---------     ---   -------   ------
    1        -30.00          0.00          3.00     90.0      0.0       1.0
    2        -29.00          0.00          3.00     90.0      0.0       1.0
    3        -28.00          0.00          3.00     90.0      0.0       1.0
    4        -27.00          0.00          3.00     90.0      0.0       1.0
    5        -26.00          0.00          3.00     90.0      0.0       1.0
    6        -25.00          0.00          3.00     90.0      0.0       1.0
    7        -24.00          0.00          3.00     90.0      0.0       1.0
    8        -23.00          0.00          3.00     90.0      0.0       1.0
    9        -22.00          0.00          3.00     90.0      0.0       1.0
   10        -21.00          0.00          3.00     90.0      0.0       1.0
   11        -20.00          0.00          3.00     90.0      0.0       1.0
   12        -19.00          0.00          3.00     90.0      0.0       1.0
   13        -18.00          0.00          3.00     90.0      0.0       1.0
   14        -17.00          0.00          3.00     90.0      0.0       1.0
   15        -16.00          0.00          3.00     90.0      0.0       1.0
   16        -15.00          0.00          3.00     90.0      0.0       1.0
   17        -14.00          0.00          3.00     90.0      0.0       1.0
   18        -13.00          0.00          3.00     90.0      0.0       1.0
   19        -12.00          0.00          3.00     90.0      0.0       1.0
   20        -11.00          0.00          3.00     90.0      0.0       1.0
   21        -10.00          0.00          3.00     90.0      0.0       1.0
   22         -9.00          0.00          3.00     90.0      0.0       1.0
   23         -8.00          0.00          3.00     90.0      0.0       1.0
   24         -7.00          0.00          3.00     90.0      0.0       1.0
   25         -6.00          0.00          3.00     90.0      0.0       1.0
   26         -5.00          0.00          3.00     90.0      0.0       1.0
   27         -4.00          0.00          3.00     90.0      0.0       1.0
   28         -3.00          0.00          3.00     90.0      0.0       1.0
   29         -2.00          0.00          3.00     90.0      0.0       1.0
   30         -1.00          0.00          3.00     90.0      0.0       1.0
   31          0.00          0.00          3.00     90.0      0.0       1.0
   32          1.00          0.00          3.00     90.0      0.0       1.0
   33          2.00          0.00          3.00     90.0      0.0       1.0
   34          3.00          0.00          3.00     90.0      0.0       1.0
   35          4.00          0.00          3.00     90.0      0.0       1.0
   36          5.00          0.00          3.00     90.0      0.0       1.0
   37          6.00          0.00          3.00     90.0      0.0       1.0
   38          7.00          0.00          3.00     90.0      0.0       1.0
   39          8.00          0.00          3.00     90.0      0.0       1.0
   40          9.00          0.00          3.00     90.0      0.0       1.0
   41         10.00          0.00          3.00     90.0      0.0       1.0
   42         11.00          0.00          3.00     90.0      0.0       1.0
   43         12.00          0.00          3.00     90.0      0.0       1.0
   44         13.00          0.00          3.00     90.0      0.0       1.0
   45         14.00          0.00          3.00     90.0      0.0       1.0
   46         15.00          0.00          3.00     90.0      0.0       1.0
   47         16.00          0.00          3.00     90.0      0.0       1.0
   48         17.00          0.00          3.00     90.0      0.0       1.0
   49         18.00          0.00          3.00     90.0      0.0       1.0
   50         19.00          0.00          3.00     90.0      0.0       1.0
   51         20.00          0.00          3.00     90.0      0.0       1.0
   52         21.00          0.00          3.00     90.0      0.0       1.0
   53         22.00          0.00          3.00     90.0      0.0       1.0
   54         23.00          0.00          3.00     90.0      0.0       1.0
   55         24.00          0.00          3.00     90.0      0.0       1.0
   56         25.00          0.00          3.00     90.0      0.0       1.0
   57         26.00          0.00          3.00     90.0      0.0       1.0
   58         27.00          0.00          3.00     90.0      0.0       1.0
   59         28.00          0.00          3.00     90.0      0.0       1.0
   60         29.00          0.00          3.00     90.0      0.0       1.0
   61         30.00          0.00          3.00     90.0      0.0       1.0
   62         31.00          0.00          3.00     90.0      0.0       1.0
   63         32.00          0.00          3.00     90.0      0.0       1.0
   64         33.00          0.00          3.00     90.0      0.0       1.0
   65         34.00          0.00          3.00     90.0      0.0       1.0

  Fixed Offset for Magnetic Dipole Receiver
  -----------------------------------------
     East        North     Vertical   Moment    CMP  UNITS
      -3.66       0.00       0.00       1.00     1     1


  NLAYER =  2;   NPRISM =  2;   NLITH =  4;   GND_LVL =    0.00


                          LITHOLOGY PROPERTIES
                          --------------------

                                  Relative   Relative     Cole-Cole Parameters
        Resistivity  Conductance     MU     Dielectric   CHRG    CTAU       CFREQ

   1     0.3800         -1.0       1.000      1.000      0.00    0.00        1.00
   2      16.70         -1.0       1.000      1.000      0.00    0.00        1.00
   3      333.3         -1.0       1.000      1.000      0.00    0.00        1.00
   4      3.000         -1.0       1.000      1.000      0.00    0.00        1.00


   Layered host specification
   --------------------------
   1   2    0.4   J, LITHL(J), THK(J)
   2   1             Basement Lithology


  Initial parameters for  2 prisms
  ---------------------------------------
  KACC = 2    SOLVER = 1    OUTPUT = 10

  J, LITHP, PRISM_EAST, PRISM_NORTH, PRISM_TOP:   1   2         0.0         0.0        -0.4
     PRSM_SIZE_EW, PRSM_SIZE_NS, PRSM_SIZE_Z                   20.0       100.0         1.0
     CELL_SIZE_EW, CELL_SIZE_NS, CELL_SIZE_Z                    4.0        10.0         0.5

  J, LITHP, PRISM_EAST, PRISM_NORTH, PRISM_TOP:   2   2         0.0         0.0        -1.4
     PRSM_SIZE_EW, PRSM_SIZE_NS, PRSM_SIZE_Z                   10.0       100.0         1.0
     CELL_SIZE_EW, CELL_SIZE_NS, CELL_SIZE_Z                    2.0        10.0         0.5

  The prism structure has two-fold symmetry about
  East-North coordinates:   0.000       0.000    

  It has been reduced to an equivalent single quadrant structure
  to allow faster computation using a group symmetry option.


         Description of PRISM  1
         -----------------------

  PRISM  1 extends:
           from    0.0  to   10.0 - West to East
           from    0.0  to   50.0 - South to North
           from    0.4  to    1.4 - Below Air-Earth Interface

  PRISM  1 is discretised into:
             2 cells of length    5.0 m.  East-West
             5 cells of length   10.0 m.  North-South
             2 cells of length    0.5 m.  Vertically

  PRISM  1 resistivity =   16.70     ohm-m
           Relative MU =   1.00    Relative EPSILON =   1.00
             PRSM_CHRG =   0.00    PRSM_CFR =  1.00    PRSM_TAU =   0.000    


         Description of PRISM  2
         -----------------------

  PRISM  2 extends:
           from    0.0  to    5.0 - West to East
           from    0.0  to   50.0 - South to North
           from    1.4  to    2.4 - Below Air-Earth Interface

  PRISM  2 is discretised into:
             2 cells of length    2.5 m.  East-West
             5 cells of length   10.0 m.  North-South
             2 cells of length    0.5 m.  Vertically

  PRISM  2 resistivity =   16.70     ohm-m
           Relative MU =   1.00    Relative EPSILON =   1.00
             PRSM_CHRG =   0.00    PRSM_CFR =  1.00    PRSM_TAU =   0.000    


  Before computation begins, Marco transforms array and model coordinates from
  "real world" coordimnates where elevation increases positive upwards to a
  body- centred system where depth increases positive downwards.  The new 
  vertical origin is at the air-earth interface.  If the model is symmetric
  the new horizontal origin is over the centre of the model region.  Otherwise
  the origin is over the top of the first prism specified
  In the "real world" coordimnates the new computation origin is located at:

   EAST:         0.00;    NORTH:         0.00;    ELEVATION:     0.00

  Transformed Dipole Source Specification



        Easting   Northing      Depth      Dip    Azimuth   Moment
        -------   --------      -----      ---    -------   ------
   1     -30.00       0.00      -3.00     90.00      0.00      1.00
   2     -29.00       0.00      -3.00     90.00      0.00      1.00
   3     -28.00       0.00      -3.00     90.00      0.00      1.00
   4     -27.00       0.00      -3.00     90.00      0.00      1.00
   5     -26.00       0.00      -3.00     90.00      0.00      1.00
   6     -25.00       0.00      -3.00     90.00      0.00      1.00
   7     -24.00       0.00      -3.00     90.00      0.00      1.00
   8     -23.00       0.00      -3.00     90.00      0.00      1.00
   9     -22.00       0.00      -3.00     90.00      0.00      1.00
  10     -21.00       0.00      -3.00     90.00      0.00      1.00
  11     -20.00       0.00      -3.00     90.00      0.00      1.00
  12     -19.00       0.00      -3.00     90.00      0.00      1.00
  13     -18.00       0.00      -3.00     90.00      0.00      1.00
  14     -17.00       0.00      -3.00     90.00      0.00      1.00
  15     -16.00       0.00      -3.00     90.00      0.00      1.00
  16     -15.00       0.00      -3.00     90.00      0.00      1.00
  17     -14.00       0.00      -3.00     90.00      0.00      1.00
  18     -13.00       0.00      -3.00     90.00      0.00      1.00
  19     -12.00       0.00      -3.00     90.00      0.00      1.00
  20     -11.00       0.00      -3.00     90.00      0.00      1.00
  21     -10.00       0.00      -3.00     90.00      0.00      1.00
  22      -9.00       0.00      -3.00     90.00      0.00      1.00
  23      -8.00       0.00      -3.00     90.00      0.00      1.00
  24      -7.00       0.00      -3.00     90.00      0.00      1.00
  25      -6.00       0.00      -3.00     90.00      0.00      1.00
  26      -5.00       0.00      -3.00     90.00      0.00      1.00
  27      -4.00       0.00      -3.00     90.00      0.00      1.00
  28      -3.00       0.00      -3.00     90.00      0.00      1.00
  29      -2.00       0.00      -3.00     90.00      0.00      1.00
  30      -1.00       0.00      -3.00     90.00      0.00      1.00
  31       0.00       0.00      -3.00     90.00      0.00      1.00
  32       1.00       0.00      -3.00     90.00      0.00      1.00
  33       2.00       0.00      -3.00     90.00      0.00      1.00
  34       3.00       0.00      -3.00     90.00      0.00      1.00
  35       4.00       0.00      -3.00     90.00      0.00      1.00
  36       5.00       0.00      -3.00     90.00      0.00      1.00
  37       6.00       0.00      -3.00     90.00      0.00      1.00
  38       7.00       0.00      -3.00     90.00      0.00      1.00
  39       8.00       0.00      -3.00     90.00      0.00      1.00
  40       9.00       0.00      -3.00     90.00      0.00      1.00
  41      10.00       0.00      -3.00     90.00      0.00      1.00
  42      11.00       0.00      -3.00     90.00      0.00      1.00
  43      12.00       0.00      -3.00     90.00      0.00      1.00
  44      13.00       0.00      -3.00     90.00      0.00      1.00
  45      14.00       0.00      -3.00     90.00      0.00      1.00
  46      15.00       0.00      -3.00     90.00      0.00      1.00
  47      16.00       0.00      -3.00     90.00      0.00      1.00
  48      17.00       0.00      -3.00     90.00      0.00      1.00
  49      18.00       0.00      -3.00     90.00      0.00      1.00
  50      19.00       0.00      -3.00     90.00      0.00      1.00
  51      20.00       0.00      -3.00     90.00      0.00      1.00
  52      21.00       0.00      -3.00     90.00      0.00      1.00
  53      22.00       0.00      -3.00     90.00      0.00      1.00
  54      23.00       0.00      -3.00     90.00      0.00      1.00
  55      24.00       0.00      -3.00     90.00      0.00      1.00
  56      25.00       0.00      -3.00     90.00      0.00      1.00
  57      26.00       0.00      -3.00     90.00      0.00      1.00
  58      27.00       0.00      -3.00     90.00      0.00      1.00
  59      28.00       0.00      -3.00     90.00      0.00      1.00
  60      29.00       0.00      -3.00     90.00      0.00      1.00
  61      30.00       0.00      -3.00     90.00      0.00      1.00
  62      31.00       0.00      -3.00     90.00      0.00      1.00
  63      32.00       0.00      -3.00     90.00      0.00      1.00
  64      33.00       0.00      -3.00     90.00      0.00      1.00
  65      34.00       0.00      -3.00     90.00      0.00      1.00


  Transformed Locations for Constant Offset Magnetic Dipole Receivers
  -------------------------------------------------------------------
        Easting   Northing     Depth    Dip    Azimuth   Moment

   1     -33.66       0.00      -3.00   90.0    0.0        1.
   2     -32.66       0.00      -3.00   90.0    0.0        1.
   3     -31.66       0.00      -3.00   90.0    0.0        1.
   4     -30.66       0.00      -3.00   90.0    0.0        1.
   5     -29.66       0.00      -3.00   90.0    0.0        1.
   6     -28.66       0.00      -3.00   90.0    0.0        1.
   7     -27.66       0.00      -3.00   90.0    0.0        1.
   8     -26.66       0.00      -3.00   90.0    0.0        1.
   9     -25.66       0.00      -3.00   90.0    0.0        1.
  10     -24.66       0.00      -3.00   90.0    0.0        1.
  11     -23.66       0.00      -3.00   90.0    0.0        1.
  12     -22.66       0.00      -3.00   90.0    0.0        1.
  13     -21.66       0.00      -3.00   90.0    0.0        1.
  14     -20.66       0.00      -3.00   90.0    0.0        1.
  15     -19.66       0.00      -3.00   90.0    0.0        1.
  16     -18.66       0.00      -3.00   90.0    0.0        1.
  17     -17.66       0.00      -3.00   90.0    0.0        1.
  18     -16.66       0.00      -3.00   90.0    0.0        1.
  19     -15.66       0.00      -3.00   90.0    0.0        1.
  20     -14.66       0.00      -3.00   90.0    0.0        1.
  21     -13.66       0.00      -3.00   90.0    0.0        1.
  22     -12.66       0.00      -3.00   90.0    0.0        1.
  23     -11.66       0.00      -3.00   90.0    0.0        1.
  24     -10.66       0.00      -3.00   90.0    0.0        1.
  25      -9.66       0.00      -3.00   90.0    0.0        1.
  26      -8.66       0.00      -3.00   90.0    0.0        1.
  27      -7.66       0.00      -3.00   90.0    0.0        1.
  28      -6.66       0.00      -3.00   90.0    0.0        1.
  29      -5.66       0.00      -3.00   90.0    0.0        1.
  30      -4.66       0.00      -3.00   90.0    0.0        1.
  31      -3.66       0.00      -3.00   90.0    0.0        1.
  32      -2.66       0.00      -3.00   90.0    0.0        1.
  33      -1.66       0.00      -3.00   90.0    0.0        1.
  34      -0.66       0.00      -3.00   90.0    0.0        1.
  35       0.34       0.00      -3.00   90.0    0.0        1.
  36       1.34       0.00      -3.00   90.0    0.0        1.
  37       2.34       0.00      -3.00   90.0    0.0        1.
  38       3.34       0.00      -3.00   90.0    0.0        1.
  39       4.34       0.00      -3.00   90.0    0.0        1.
  40       5.34       0.00      -3.00   90.0    0.0        1.
  41       6.34       0.00      -3.00   90.0    0.0        1.
  42       7.34       0.00      -3.00   90.0    0.0        1.
  43       8.34       0.00      -3.00   90.0    0.0        1.
  44       9.34       0.00      -3.00   90.0    0.0        1.
  45      10.34       0.00      -3.00   90.0    0.0        1.
  46      11.34       0.00      -3.00   90.0    0.0        1.
  47      12.34       0.00      -3.00   90.0    0.0        1.
  48      13.34       0.00      -3.00   90.0    0.0        1.
  49      14.34       0.00      -3.00   90.0    0.0        1.
  50      15.34       0.00      -3.00   90.0    0.0        1.
  51      16.34       0.00      -3.00   90.0    0.0        1.
  52      17.34       0.00      -3.00   90.0    0.0        1.
  53      18.34       0.00      -3.00   90.0    0.0        1.
  54      19.34       0.00      -3.00   90.0    0.0        1.
  55      20.34       0.00      -3.00   90.0    0.0        1.
  56      21.34       0.00      -3.00   90.0    0.0        1.
  57      22.34       0.00      -3.00   90.0    0.0        1.
  58      23.34       0.00      -3.00   90.0    0.0        1.
  59      24.34       0.00      -3.00   90.0    0.0        1.
  60      25.34       0.00      -3.00   90.0    0.0        1.
  61      26.34       0.00      -3.00   90.0    0.0        1.
  62      27.34       0.00      -3.00   90.0    0.0        1.
  63      28.34       0.00      -3.00   90.0    0.0        1.
  64      29.34       0.00      -3.00   90.0    0.0        1.
  65      30.34       0.00      -3.00   90.0    0.0        1.


          +----------------------------------+
          +  Layered Earth Model Parameters  +
          +----------------------------------+

 Layer  Thickness  Resistivity   MU-R   EPS-R   CHRG    CTAU      CFREQ
 -----  ---------  -----------   ----   -----   ----    ----      -----
   1        0.4      16.70       1.00   1.00    0.00    0.0       1.00
   2                0.3800       1.00   1.00    0.00    0.0       1.00

  Marco will compute 3D responses for a frequency-domain system
  using accuracy level:  2

---------------------------------------------------------------------------
                       END OF INPUT DATA DESCRIPTION
---------------------------------------------------------------------------


      PPM OUTPUT for constant offset frequency-domain system
      ------------------------------------------------------

      DC magnetic field (in Teslas) used for PPM normalisation

       Axial field =  -2040.     picoTeslas.
    Total DC field =   2040.     picoTeslas.

  the Axial fields will be normalised by the Axial DC component.



  TITLE:  Horizontal co-planar loops over ice and seawater for new Tx cnvention                                                   


  INPHASE RESPONSE in PPM     AXIAL BOREHOLE COMPONENT     
  -----------------------

          RECEIVER POSITIONS           FREQUENCIES
    Northing     Easting     Elev       9800.    

  1        0.00      -33.66     3.00  -1050461.38
  2        0.00      -32.66     3.00  -1050460.00
  3        0.00      -31.66     3.00  -1050458.38
  4        0.00      -30.66     3.00  -1050456.12
  5        0.00      -29.66     3.00  -1050452.75
  6        0.00      -28.66     3.00  -1050448.12
  7        0.00      -27.66     3.00  -1050441.12
  8        0.00      -26.66     3.00  -1050430.88
  9        0.00      -25.66     3.00  -1050414.88
 10        0.00      -24.66     3.00  -1050389.75
 11        0.00      -23.66     3.00  -1050350.12
 12        0.00      -22.66     3.00  -1050286.25
 13        0.00      -21.66     3.00  -1050183.00
 14        0.00      -20.66     3.00  -1050016.50
 15        0.00      -19.66     3.00  -1049750.50
 16        0.00      -18.66     3.00  -1049334.12
 17        0.00      -17.66     3.00  -1048701.38
 18        0.00      -16.66     3.00  -1047783.88
 19        0.00      -15.66     3.00  -1046523.88
 20        0.00      -14.66     3.00  -1044920.62
 21        0.00      -13.66     3.00  -1043065.44
 22        0.00      -12.66     3.00  -1041123.25
 23        0.00      -11.66     3.00  -1039229.12
 24        0.00      -10.66     3.00  -1037339.00
 25        0.00       -9.66     3.00  -1035243.06
 26        0.00       -8.66     3.00  -1032800.62
 27        0.00       -7.66     3.00  -1030193.44
 28        0.00       -6.66     3.00  -1027902.88
 29        0.00       -5.66     3.00  -1026419.81
 30        0.00       -4.66     3.00  -1025937.75
 31        0.00       -3.66     3.00  -1026195.25
 32        0.00       -2.66     3.00  -1026629.94
 33        0.00       -1.66     3.00  -1026759.50
 34        0.00       -0.66     3.00  -1026520.12
 35        0.00        0.34     3.00  -1026303.56
 36        0.00        1.34     3.00  -1026625.50
 37        0.00        2.34     3.00  -1027763.69
 38        0.00        3.34     3.00  -1029648.69
 39        0.00        4.34     3.00  -1031966.00
 40        0.00        5.34     3.00  -1034345.12
 41        0.00        6.34     3.00  -1036517.56
 42        0.00        7.34     3.00  -1038424.56
 43        0.00        8.34     3.00  -1040186.31
 44        0.00        9.34     3.00  -1041941.50
 45        0.00       10.34     3.00  -1043731.62
 46        0.00       11.34     3.00  -1045450.88
 47        0.00       12.34     3.00  -1046935.88
 48        0.00       13.34     3.00  -1048093.94
 49        0.00       14.34     3.00  -1048923.88
 50        0.00       15.34     3.00  -1049484.25
 51        0.00       16.34     3.00  -1049848.12
 52        0.00       17.34     3.00  -1050076.88
 53        0.00       18.34     3.00  -1050220.38
 54        0.00       19.34     3.00  -1050309.12
 55        0.00       20.34     3.00  -1050364.25
 56        0.00       21.34     3.00  -1050398.50
 57        0.00       22.34     3.00  -1050420.25
 58        0.00       23.34     3.00  -1050434.25
 59        0.00       24.34     3.00  -1050443.50
 60        0.00       25.34     3.00  -1050449.75
 61        0.00       26.34     3.00  -1050453.88
 62        0.00       27.34     3.00  -1050456.88
 63        0.00       28.34     3.00  -1050458.88
 64        0.00       29.34     3.00  -1050460.38
 65        0.00       30.34     3.00  -1050461.50


  QUADRATURE RESPONSE in PPM     AXIAL BOREHOLE COMPONENT     
  --------------------------

          RECEIVER POSITIONS           FREQUENCIES
    Northing     Easting     Elev       9800.    

  1        0.00      -33.66     3.00    -38307.00
  2        0.00      -32.66     3.00    -38307.81
  3        0.00      -31.66     3.00    -38308.90
  4        0.00      -30.66     3.00    -38310.39
  5        0.00      -29.66     3.00    -38312.45
  6        0.00      -28.66     3.00    -38315.30
  7        0.00      -27.66     3.00    -38319.30
  8        0.00      -26.66     3.00    -38324.90
  9        0.00      -25.66     3.00    -38332.70
 10        0.00      -24.66     3.00    -38343.31
 11        0.00      -23.66     3.00    -38357.29
 12        0.00      -22.66     3.00    -38374.37
 13        0.00      -21.66     3.00    -38392.15
 14        0.00      -20.66     3.00    -38403.38
 15        0.00      -19.66     3.00    -38390.93
 16        0.00      -18.66     3.00    -38320.18
 17        0.00      -17.66     3.00    -38127.38
 18        0.00      -16.66     3.00    -37716.79
 19        0.00      -15.66     3.00    -36952.06
 20        0.00      -14.66     3.00    -35703.68
 21        0.00      -13.66     3.00    -33946.91
 22        0.00      -12.66     3.00    -31855.45
 23        0.00      -11.66     3.00    -29751.97
 24        0.00      -10.66     3.00    -27786.28
 25        0.00       -9.66     3.00    -25653.49
 26        0.00       -8.66     3.00    -22894.34
 27        0.00       -7.66     3.00    -19476.66
 28        0.00       -6.66     3.00    -16051.49
 29        0.00       -5.66     3.00    -13704.51
 30        0.00       -4.66     3.00    -13258.12
 31        0.00       -3.66     3.00    -14480.62
 32        0.00       -2.66     3.00    -16015.04
 33        0.00       -1.66     3.00    -16404.36
 34        0.00       -0.66     3.00    -15416.50
 35        0.00        0.34     3.00    -14270.13
 36        0.00        1.34     3.00    -14398.95
 37        0.00        2.34     3.00    -16207.53
 38        0.00        3.34     3.00    -19073.39
 39        0.00        4.34     3.00    -22140.95
 40        0.00        5.34     3.00    -24862.80
 41        0.00        6.34     3.00    -27088.81
 42        0.00        7.34     3.00    -28991.64
 43        0.00        8.34     3.00    -30828.53
 44        0.00        9.34     3.00    -32699.57
 45        0.00       10.34     3.00    -34512.84
 46        0.00       11.34     3.00    -36049.94
 47        0.00       12.34     3.00    -37150.28
 48        0.00       13.34     3.00    -37822.90
 49        0.00       14.34     3.00    -38176.25
 50        0.00       15.34     3.00    -38334.06
 51        0.00       16.34     3.00    -38388.36
 52        0.00       17.34     3.00    -38394.11
 53        0.00       18.34     3.00    -38382.48
 54        0.00       19.34     3.00    -38366.23
 55        0.00       20.34     3.00    -38351.11
 56        0.00       21.34     3.00    -38338.83
 57        0.00       22.34     3.00    -38329.54
 58        0.00       23.34     3.00    -38322.71
 59        0.00       24.34     3.00    -38317.79
 60        0.00       25.34     3.00    -38314.25
 61        0.00       26.34     3.00    -38311.70
 62        0.00       27.34     3.00    -38309.86
 63        0.00       28.34     3.00    -38308.52
 64        0.00       29.34     3.00    -38307.52
 65        0.00       30.34     3.00    -38306.78


  END OF PPM OUTPUT
  =================

  Horizontal co-planar loops over ice and seawater for new Tx cnvention                                                   


  Frequency-domain output for a single magnetic dipole receiver moving with
  constant offset with respect to the transmitter.
  The source is a magnetic dipole.
  For each position, the output is printed in NANOTESLAS /SEC.


  INPHASE RESPONSE
  ----------------

      PROFILE OUTPUT:  BH AXIAL COMPONENT     
      STANDARD OUTPUT - LAYERED EARTH + SCATTERED FIELDS

          RECEIVER POSITIONS           FREQUENCIES
    Northing     Easting     Elev       9800.    

  1        0.00      -33.66     3.00    4811.    
  2        0.00      -32.66     3.00    4811.    
  3        0.00      -31.66     3.00    4811.    
  4        0.00      -30.66     3.00    4811.    
  5        0.00      -29.66     3.00    4812.    
  6        0.00      -28.66     3.00    4812.    
  7        0.00      -27.66     3.00    4813.    
  8        0.00      -26.66     3.00    4813.    
  9        0.00      -25.66     3.00    4814.    
 10        0.00      -24.66     3.00    4816.    
 11        0.00      -23.66     3.00    4817.    
 12        0.00      -22.66     3.00    4820.    
 13        0.00      -21.66     3.00    4822.    
 14        0.00      -20.66     3.00    4823.    
 15        0.00      -19.66     3.00    4822.    
 16        0.00      -18.66     3.00    4813.    
 17        0.00      -17.66     3.00    4789.    
 18        0.00      -16.66     3.00    4737.    
 19        0.00      -15.66     3.00    4641.    
 20        0.00      -14.66     3.00    4484.    
 21        0.00      -13.66     3.00    4263.    
 22        0.00      -12.66     3.00    4001.    
 23        0.00      -11.66     3.00    3737.    
 24        0.00      -10.66     3.00    3490.    
 25        0.00       -9.66     3.00    3222.    
 26        0.00       -8.66     3.00    2875.    
 27        0.00       -7.66     3.00    2446.    
 28        0.00       -6.66     3.00    2016.    
 29        0.00       -5.66     3.00    1721.    
 30        0.00       -4.66     3.00    1665.    
 31        0.00       -3.66     3.00    1819.    
 32        0.00       -2.66     3.00    2011.    
 33        0.00       -1.66     3.00    2060.    
 34        0.00       -0.66     3.00    1936.    
 35        0.00        0.34     3.00    1792.    
 36        0.00        1.34     3.00    1808.    
 37        0.00        2.34     3.00    2036.    
 38        0.00        3.34     3.00    2395.    
 39        0.00        4.34     3.00    2781.    
 40        0.00        5.34     3.00    3123.    
 41        0.00        6.34     3.00    3402.    
 42        0.00        7.34     3.00    3641.    
 43        0.00        8.34     3.00    3872.    
 44        0.00        9.34     3.00    4107.    
 45        0.00       10.34     3.00    4335.    
 46        0.00       11.34     3.00    4528.    
 47        0.00       12.34     3.00    4666.    
 48        0.00       13.34     3.00    4750.    
 49        0.00       14.34     3.00    4795.    
 50        0.00       15.34     3.00    4814.    
 51        0.00       16.34     3.00    4821.    
 52        0.00       17.34     3.00    4822.    
 53        0.00       18.34     3.00    4821.    
 54        0.00       19.34     3.00    4818.    
 55        0.00       20.34     3.00    4817.    
 56        0.00       21.34     3.00    4815.    
 57        0.00       22.34     3.00    4814.    
 58        0.00       23.34     3.00    4813.    
 59        0.00       24.34     3.00    4812.    
 60        0.00       25.34     3.00    4812.    
 61        0.00       26.34     3.00    4812.    
 62        0.00       27.34     3.00    4811.    
 63        0.00       28.34     3.00    4811.    
 64        0.00       29.34     3.00    4811.    
 65        0.00       30.34     3.00    4811.    


  QUADRATURE RESPONSE
  -------------------

      PROFILE OUTPUT:  BH AXIAL COMPONENT     
      STANDARD OUTPUT - LAYERED EARTH + SCATTERED FIELDS

          RECEIVER POSITIONS           FREQUENCIES
    Northing     Easting     Elev       9800.    

  1        0.00      -33.66     3.00  -0.1319E+06
  2        0.00      -32.66     3.00  -0.1319E+06
  3        0.00      -31.66     3.00  -0.1319E+06
  4        0.00      -30.66     3.00  -0.1319E+06
  5        0.00      -29.66     3.00  -0.1319E+06
  6        0.00      -28.66     3.00  -0.1319E+06
  7        0.00      -27.66     3.00  -0.1319E+06
  8        0.00      -26.66     3.00  -0.1319E+06
  9        0.00      -25.66     3.00  -0.1319E+06
 10        0.00      -24.66     3.00  -0.1319E+06
 11        0.00      -23.66     3.00  -0.1319E+06
 12        0.00      -22.66     3.00  -0.1319E+06
 13        0.00      -21.66     3.00  -0.1319E+06
 14        0.00      -20.66     3.00  -0.1319E+06
 15        0.00      -19.66     3.00  -0.1318E+06
 16        0.00      -18.66     3.00  -0.1318E+06
 17        0.00      -17.66     3.00  -0.1317E+06
 18        0.00      -16.66     3.00  -0.1316E+06
 19        0.00      -15.66     3.00  -0.1314E+06
 20        0.00      -14.66     3.00  -0.1312E+06
 21        0.00      -13.66     3.00  -0.1310E+06
 22        0.00      -12.66     3.00  -0.1308E+06
 23        0.00      -11.66     3.00  -0.1305E+06
 24        0.00      -10.66     3.00  -0.1303E+06
 25        0.00       -9.66     3.00  -0.1300E+06
 26        0.00       -8.66     3.00  -0.1297E+06
 27        0.00       -7.66     3.00  -0.1294E+06
 28        0.00       -6.66     3.00  -0.1291E+06
 29        0.00       -5.66     3.00  -0.1289E+06
 30        0.00       -4.66     3.00  -0.1288E+06
 31        0.00       -3.66     3.00  -0.1289E+06
 32        0.00       -2.66     3.00  -0.1289E+06
 33        0.00       -1.66     3.00  -0.1290E+06
 34        0.00       -0.66     3.00  -0.1289E+06
 35        0.00        0.34     3.00  -0.1289E+06
 36        0.00        1.34     3.00  -0.1289E+06
 37        0.00        2.34     3.00  -0.1291E+06
 38        0.00        3.34     3.00  -0.1293E+06
 39        0.00        4.34     3.00  -0.1296E+06
 40        0.00        5.34     3.00  -0.1299E+06
 41        0.00        6.34     3.00  -0.1302E+06
 42        0.00        7.34     3.00  -0.1304E+06
 43        0.00        8.34     3.00  -0.1306E+06
 44        0.00        9.34     3.00  -0.1309E+06
 45        0.00       10.34     3.00  -0.1311E+06
 46        0.00       11.34     3.00  -0.1313E+06
 47        0.00       12.34     3.00  -0.1315E+06
 48        0.00       13.34     3.00  -0.1316E+06
 49        0.00       14.34     3.00  -0.1317E+06
 50        0.00       15.34     3.00  -0.1318E+06
 51        0.00       16.34     3.00  -0.1319E+06
 52        0.00       17.34     3.00  -0.1319E+06
 53        0.00       18.34     3.00  -0.1319E+06
 54        0.00       19.34     3.00  -0.1319E+06
 55        0.00       20.34     3.00  -0.1319E+06
 56        0.00       21.34     3.00  -0.1319E+06
 57        0.00       22.34     3.00  -0.1319E+06
 58        0.00       23.34     3.00  -0.1319E+06
 59        0.00       24.34     3.00  -0.1319E+06
 60        0.00       25.34     3.00  -0.1319E+06
 61        0.00       26.34     3.00  -0.1319E+06
 62        0.00       27.34     3.00  -0.1319E+06
 63        0.00       28.34     3.00  -0.1319E+06
 64        0.00       29.34     3.00  -0.1319E+06
 65        0.00       30.34     3.00  -0.1319E+06


  Computation time =       0.55 seconds.

