
      ######################################################################
      #                                                                    #
      #                 Marco - Version 4.4.1 10 June, 2003                #
      #                 -----------------------------------                #
      #                                                                    #
      #      Develped by:  CSIRO Electromagnetic Modelling Group           #
      #                    Zonghou Xiong and Art Raiche                    #
      #                                                                    #
      #              For:  AMIRA project P223D                             #
      #                                                                    #
      ######################################################################

-------------------------------------------------------------------------------

 SlimBoris (15 m cells) test going through conductive prisms at 45 degree dip from west to east                          

  TDFD = 2;   PRFL = 1;   STEP = 0;   ISTOP = 0

          +----------------------------------------------+
          +  Frequency-Domain Ground System Information  +
          +----------------------------------------------+

  NFRQ =  9

           Frequency      Transmitter current in amps
           ---------      ---------------------------

      1      35.0000         300.0    
      2      70.0000         250.0    
      3     140.0000         200.0    
      4     280.0000         175.0    
      5     560.0000         150.0    
      6    1120.0000         125.0    
      7    2240.0000         100.0    
      8    4480.0000         75.00    
      9    8960.0000         50.00    


  SOURCE_TYPE = 3;   SURVEY_TYPE = 2;   NTX = 22;   NRXG =22


  Dipole Source Specification

           Easting       Northing      Elevation     Dip   Azimuth   Moment
           -------       --------      ---------     ---   -------   ------
    1        900.00       1000.00          0.00     45.0     90.0       1.0
    2        910.00       1000.00        -10.00     45.0     90.0       1.0
    3        920.00       1000.00        -20.00     45.0     90.0       1.0
    4        930.00       1000.00        -30.00     45.0     90.0       1.0
    5        940.00       1000.00        -40.00     45.0     90.0       1.0
    6        950.00       1000.00        -50.00     45.0     90.0       1.0
    7        960.00       1000.00        -60.00     45.0     90.0       1.0
    8        970.00       1000.00        -70.00     45.0     90.0       1.0
    9        980.00       1000.00        -80.00     45.0     90.0       1.0
   10        990.00       1000.00        -90.00     45.0     90.0       1.0
   11       1000.00       1000.00       -100.00     45.0     90.0       1.0
   12       1010.00       1000.00       -110.00     45.0     90.0       1.0
   13       1020.00       1000.00       -120.00     45.0     90.0       1.0
   14       1030.00       1000.00       -130.00     45.0     90.0       1.0
   15       1040.00       1000.00       -140.00     45.0     90.0       1.0
   16       1050.00       1000.00       -150.00     45.0     90.0       1.0
   17       1060.00       1000.00       -160.00     45.0     90.0       1.0
   18       1070.00       1000.00       -170.00     45.0     90.0       1.0
   19       1080.00       1000.00       -180.00     45.0     90.0       1.0
   20       1090.00       1000.00       -190.00     45.0     90.0       1.0
   21       1100.00       1000.00       -200.00     45.0     90.0       1.0
   22       1110.00       1000.00       -210.00     45.0     90.0       1.0

  Fixed Offset for Magnetic Dipole Receiver
  -----------------------------------------
     East        North     Vertical   Moment    CMP  UNITS
       5.00       0.00      -5.00    1000.00     2     1


  NLAYER =  4;   NPRISM =  5;   NLITH =  6;   GND_LVL =    0.00


                          LITHOLOGY PROPERTIES
                          --------------------

                                  Relative   Relative     Cole-Cole Parameters
        Resistivity  Conductance     MU     Dielectric   CHRG    CTAU       CFREQ

   1      2000.         -1.0       1.000      1.000      0.00    0.00        1.00
   2      50.00         -1.0       1.000      1.000      0.30   0.100E-02    0.42
   3      20.00         -1.0       1.000      1.000      0.00    0.00        1.00
   4      250.0         -1.0       1.000      1.000      0.00    0.00        1.00
   5      1.000         -1.0       1.000      1.000      0.00    0.00        1.00
   6      10.00         -1.0       1.000      1.000      0.00    0.00        1.00


   Layered host specification
   --------------------------
   1   1   10.0   J, LITHL(J), THK(J)
   2   2   20.0   J, LITHL(J), THK(J)
   3   3   60.0   J, LITHL(J), THK(J)
   4   4             Basement Lithology


  Initial parameters for  5 prisms
  ---------------------------------------
  KACC = 2    SOLVER = 1    OUTPUT = 10

  J, LITHP, PRISM_EAST, PRISM_NORTH, PRISM_TOP:   1   5      1000.0      1000.0       -60.0
     PRSM_SIZE_EW, PRSM_SIZE_NS, PRSM_SIZE_Z                   60.0        60.0       100.0
     CELL_SIZE_EW, CELL_SIZE_NS, CELL_SIZE_Z                   15.0        15.0        15.0

  J, LITHP, PRISM_EAST, PRISM_NORTH, PRISM_TOP:   2   6      1000.0      1060.0       -60.0
     PRSM_SIZE_EW, PRSM_SIZE_NS, PRSM_SIZE_Z                  180.0        60.0       100.0
     CELL_SIZE_EW, CELL_SIZE_NS, CELL_SIZE_Z                   15.0        15.0        15.0

  J, LITHP, PRISM_EAST, PRISM_NORTH, PRISM_TOP:   3   6      1000.0       940.0       -60.0
     PRSM_SIZE_EW, PRSM_SIZE_NS, PRSM_SIZE_Z                  180.0        60.0       100.0
     CELL_SIZE_EW, CELL_SIZE_NS, CELL_SIZE_Z                   15.0        15.0        15.0

  J, LITHP, PRISM_EAST, PRISM_NORTH, PRISM_TOP:   4   6       940.0      1000.0       -60.0
     PRSM_SIZE_EW, PRSM_SIZE_NS, PRSM_SIZE_Z                   60.0        60.0       100.0
     CELL_SIZE_EW, CELL_SIZE_NS, CELL_SIZE_Z                   15.0        15.0        15.0

  J, LITHP, PRISM_EAST, PRISM_NORTH, PRISM_TOP:   5   6      1060.0      1000.0       -60.0
     PRSM_SIZE_EW, PRSM_SIZE_NS, PRSM_SIZE_Z                   60.0        60.0       100.0
     CELL_SIZE_EW, CELL_SIZE_NS, CELL_SIZE_Z                   15.0        15.0        15.0

  Prism structire has changed due either prisms crossing layer boundaries
  or no contrast in at least 1 layer.

  The prism structure has two-fold symmetry about
  East-North coordinates:   1000.       1000.    

  It has been reduced to an equivalent single quadrant structure
  to allow faster computation using a group symmetry option.


         Description of PRISM  1
         -----------------------

  PRISM  1 extends:
           from    0.0  to   30.0 - West to East
           from    0.0  to   30.0 - South to North
           from   60.0  to   90.0 - Below Air-Earth Interface

  PRISM  1 is discretised into:
             2 cells of length   15.0 m.  East-West
             2 cells of length   15.0 m.  North-South
             2 cells of length   15.0 m.  Vertically

  PRISM  1 resistivity =   1.000     ohm-m
           Relative MU =   1.00    Relative EPSILON =   1.00
             PRSM_CHRG =   0.00    PRSM_CFR =  1.00    PRSM_TAU =   0.000    


         Description of PRISM  2
         -----------------------

  PRISM  2 extends:
           from    0.0  to   30.0 - West to East
           from    0.0  to   30.0 - South to North
           from   90.0  to  160.0 - Below Air-Earth Interface

  PRISM  2 is discretised into:
             2 cells of length   15.0 m.  East-West
             2 cells of length   15.0 m.  North-South
             4 cells of length   17.5 m.  Vertically

  PRISM  2 resistivity =   1.000     ohm-m
           Relative MU =   1.00    Relative EPSILON =   1.00
             PRSM_CHRG =   0.00    PRSM_CFR =  1.00    PRSM_TAU =   0.000    


         Description of PRISM  3
         -----------------------

  PRISM  3 extends:
           from    0.0  to   90.0 - West to East
           from   30.0  to   90.0 - South to North
           from   60.0  to   90.0 - Below Air-Earth Interface

  PRISM  3 is discretised into:
             6 cells of length   15.0 m.  East-West
             4 cells of length   15.0 m.  North-South
             2 cells of length   15.0 m.  Vertically

  PRISM  3 resistivity =   10.00     ohm-m
           Relative MU =   1.00    Relative EPSILON =   1.00
             PRSM_CHRG =   0.00    PRSM_CFR =  1.00    PRSM_TAU =   0.000    


         Description of PRISM  4
         -----------------------

  PRISM  4 extends:
           from    0.0  to   90.0 - West to East
           from   30.0  to   90.0 - South to North
           from   90.0  to  160.0 - Below Air-Earth Interface

  PRISM  4 is discretised into:
             6 cells of length   15.0 m.  East-West
             4 cells of length   15.0 m.  North-South
             4 cells of length   17.5 m.  Vertically

  PRISM  4 resistivity =   10.00     ohm-m
           Relative MU =   1.00    Relative EPSILON =   1.00
             PRSM_CHRG =   0.00    PRSM_CFR =  1.00    PRSM_TAU =   0.000    


         Description of PRISM  5
         -----------------------

  PRISM  5 extends:
           from   30.0  to   90.0 - West to East
           from    0.0  to   30.0 - South to North
           from   60.0  to   90.0 - Below Air-Earth Interface

  PRISM  5 is discretised into:
             4 cells of length   15.0 m.  East-West
             2 cells of length   15.0 m.  North-South
             2 cells of length   15.0 m.  Vertically

  PRISM  5 resistivity =   10.00     ohm-m
           Relative MU =   1.00    Relative EPSILON =   1.00
             PRSM_CHRG =   0.00    PRSM_CFR =  1.00    PRSM_TAU =   0.000    


         Description of PRISM  6
         -----------------------

  PRISM  6 extends:
           from   30.0  to   90.0 - West to East
           from    0.0  to   30.0 - South to North
           from   90.0  to  160.0 - Below Air-Earth Interface

  PRISM  6 is discretised into:
             4 cells of length   15.0 m.  East-West
             2 cells of length   15.0 m.  North-South
             4 cells of length   17.5 m.  Vertically

  PRISM  6 resistivity =   10.00     ohm-m
           Relative MU =   1.00    Relative EPSILON =   1.00
             PRSM_CHRG =   0.00    PRSM_CFR =  1.00    PRSM_TAU =   0.000    


  Before computation begins, Marco transforms array and model coordinates from
  "real world" coordimnates where elevation increases positive upwards to a
  body- centred system where depth increases positive downwards.  The new 
  vertical origin is at the air-earth interface.  If the model is symmetric
  the new horizontal origin is over the centre of the model region.  Otherwise
  the origin is over the top of the first prism specified
  In the "real world" coordimnates the new computation origin is located at:

   EAST:     -1000.00;    NORTH:     -1000.00;    ELEVATION:     0.00

  Transformed Dipole Source Specification



        Easting   Northing      Depth      Dip    Azimuth   Moment
        -------   --------      -----      ---    -------   ------
   1    -100.00       0.00       0.00     45.00     90.00      1.00
   2     -90.00       0.00      10.00     45.00     90.00      1.00
   3     -80.00       0.00      20.00     45.00     90.00      1.00
   4     -70.00       0.00      30.00     45.00     90.00      1.00
   5     -60.00       0.00      40.00     45.00     90.00      1.00
   6     -50.00       0.00      50.00     45.00     90.00      1.00
   7     -40.00       0.00      60.00     45.00     90.00      1.00
   8     -30.00       0.00      70.00     45.00     90.00      1.00
   9     -20.00       0.00      80.00     45.00     90.00      1.00
  10     -10.00       0.00      90.00     45.00     90.00      1.00
  11       0.00       0.00     100.00     45.00     90.00      1.00
  12      10.00       0.00     110.00     45.00     90.00      1.00
  13      20.00       0.00     120.00     45.00     90.00      1.00
  14      30.00       0.00     130.00     45.00     90.00      1.00
  15      40.00       0.00     140.00     45.00     90.00      1.00
  16      50.00       0.00     150.00     45.00     90.00      1.00
  17      60.00       0.00     160.00     45.00     90.00      1.00
  18      70.00       0.00     170.00     45.00     90.00      1.00
  19      80.00       0.00     180.00     45.00     90.00      1.00
  20      90.00       0.00     190.00     45.00     90.00      1.00
  21     100.00       0.00     200.00     45.00     90.00      1.00
  22     110.00       0.00     210.00     45.00     90.00      1.00


  Transformed Locations for Constant Offset Magnetic Dipole Receivers
  -------------------------------------------------------------------
        Easting   Northing     Depth    Dip    Azimuth   Moment

   1     -95.00       0.00       5.00   45.0   90.0        1.
   2     -85.00       0.00      15.00   45.0   90.0        1.
   3     -75.00       0.00      25.00   45.0   90.0        1.
   4     -65.00       0.00      35.00   45.0   90.0        1.
   5     -55.00       0.00      45.00   45.0   90.0        1.
   6     -45.00       0.00      55.00   45.0   90.0        1.
   7     -35.00       0.00      65.00   45.0   90.0        1.
   8     -25.00       0.00      75.00   45.0   90.0        1.
   9     -15.00       0.00      85.00   45.0   90.0        1.
  10      -5.00       0.00      95.00   45.0   90.0        1.
  11       5.00       0.00     105.00   45.0   90.0        1.
  12      15.00       0.00     115.00   45.0   90.0        1.
  13      25.00       0.00     125.00   45.0   90.0        1.
  14      35.00       0.00     135.00   45.0   90.0        1.
  15      45.00       0.00     145.00   45.0   90.0        1.
  16      55.00       0.00     155.00   45.0   90.0        1.
  17      65.00       0.00     165.00   45.0   90.0        1.
  18      75.00       0.00     175.00   45.0   90.0        1.
  19      85.00       0.00     185.00   45.0   90.0        1.
  20      95.00       0.00     195.00   45.0   90.0        1.
  21     105.00       0.00     205.00   45.0   90.0        1.
  22     115.00       0.00     215.00   45.0   90.0        1.


          +----------------------------------+
          +  Layered Earth Model Parameters  +
          +----------------------------------+

 Layer  Thickness  Resistivity   MU-R   EPS-R   CHRG    CTAU      CFREQ
 -----  ---------  -----------   ----   -----   ----    ----      -----
   1       10.0      2000.       1.00   1.00    0.00    0.0       1.00
   2       20.0      50.00       1.00   1.00    0.30   0.10E-02   0.42
   3       60.0      20.00       1.00   1.00    0.00    0.0       1.00
   4                 250.0       1.00   1.00    0.00    0.0       1.00

  Marco will compute 3D responses for a frequency-domain system
  using accuracy level:  2

---------------------------------------------------------------------------
                       END OF INPUT DATA DESCRIPTION
---------------------------------------------------------------------------


      PPM OUTPUT for constant offset frequency-domain system
      ------------------------------------------------------

      DC magnetic field (in Teslas) used for PPM normalisation

       Axial field =  -282.8     picoTeslas.
       Slope field = -0.5722E-03 picoTeslas.
  Horizontal field = -0.5611E-09 picoTeslas.
    Total DC field =   282.8     picoTeslas.

  All fields will be normalised by the corresponding DC component unless
  that DC component is less than 10 percent of the total DC field

  The Horizontal component will be normalised by the TOTAL field.
  The Slope component will be normalised by the TOTAL field.


  TITLE:  SlimBoris (15 m cells) test going through conductive prisms at 45 degree dip from west to east                          


  INPHASE RESPONSE in PPM     AXIAL BOREHOLE COMPONENT     
  -----------------------

          RECEIVER POSITIONS           FREQUENCIES
    Northing     Easting     Elev       35.00        70.00        140.0        280.0        560.0        1120.        2240.        4480.        8960.    

  1     1000.00      905.00    -5.00   1999965.25   1999964.88   1999961.12   1999946.75   1999903.75   1999803.88   1999600.38   1999170.12   1998238.25
  2     1000.00      915.00   -15.00   1999971.62   1999979.50   1999991.62   2000006.38   2000005.62   1999952.75   1999745.88   1999020.00   1996678.50
  3     1000.00      925.00   -25.00   1999976.38   1999988.88   2000011.12   2000039.12   2000045.88   1999952.75   1999507.12   1997790.62   1991941.50
  4     1000.00      935.00   -35.00   1999969.75   1999973.12   1999973.12   1999947.12   1999820.38   1999392.12   1998097.25   1994101.12   1982066.75
  5     1000.00      945.00   -45.00   1999964.25   1999959.25   1999939.75   1999861.38   1999590.75   1998789.50   1996583.25   1990419.50   1973638.50
  6     1000.00      955.00   -55.00   1999962.62   1999954.38   1999921.25   1999795.25   1999366.00   1998123.12   1994944.88   1986978.75   1967514.88
  7     1000.00      965.00   -65.00   1999959.25   1999942.62   1999876.50   1999624.88   1998741.75   1996112.00   1989488.25   1974373.38   1942236.62
  8     1000.00      975.00   -75.00   1999947.12   1999894.50   1999684.50   1998870.88   1995885.38   1986228.00   1959628.62   1898888.12   1792290.50
  9     1000.00      985.00   -85.00   1999935.38   1999846.12   1999491.50   1998118.50   1993127.75   1977406.00   1936137.88   1845052.50   1689255.62
 10     1000.00      995.00   -95.00   1999944.50   1999882.50   1999638.62   1998707.25   1995450.88   1986171.38   1965672.12   1926582.62   1863355.12
 11     1000.00     1005.00  -105.00   1999948.75   1999900.25   1999709.50   1998984.38   1996477.88   1989544.25   1974869.00   1946619.50   1894688.00
 12     1000.00     1015.00  -115.00   1999952.25   1999915.00   1999767.88   1999207.38   1997262.75   1991776.50   1979538.00   1954362.25   1905836.12
 13     1000.00     1025.00  -125.00   1999955.38   1999926.38   1999812.75   1999380.00   1997858.75   1993360.88   1982260.12   1956957.00   1904283.25
 14     1000.00     1035.00  -135.00   1999959.25   1999941.38   1999872.25   1999609.88   1998698.62   1996057.00   1989842.25   1976971.75   1952551.25
 15     1000.00     1045.00  -145.00   1999961.50   1999950.88   1999909.50   1999754.88   1999223.38   1997669.38   1993853.38   1985498.50   1968632.25
 16     1000.00     1055.00  -155.00   1999962.62   1999955.75   1999929.62   1999832.50   1999503.00   1998525.12   1995982.12   1989924.88   1976138.62
 17     1000.00     1065.00  -165.00   1999963.62   1999959.75   1999945.12   1999892.25   1999721.12   1999242.25   1998083.00   1995608.62   1990838.62
 18     1000.00     1075.00  -175.00   1999964.25   1999962.12   1999954.12   1999927.62   1999848.38   1999646.50   1999206.12   1998325.12   1996685.50
 19     1000.00     1085.00  -185.00   1999964.38   1999963.25   1999958.25   1999942.88   1999900.00   1999802.88   1999610.00   1999233.62   1998477.75
 20     1000.00     1095.00  -195.00   1999964.62   1999963.62   1999959.88   1999949.62   1999921.62   1999863.12   1999751.00   1999520.50   1998993.00
 21     1000.00     1105.00  -205.00   1999964.62   1999963.62   1999960.88   1999952.25   1999931.88   1999889.75   1999806.75   1999620.38   1999146.38
 22     1000.00     1115.00  -215.00   1999964.88   1999964.00   1999961.38   1999954.38   1999937.88   1999903.75   1999833.12   1999661.12   1999197.62


  QUADRATURE RESPONSE in PPM     AXIAL BOREHOLE COMPONENT     
  --------------------------

          RECEIVER POSITIONS           FREQUENCIES
    Northing     Easting     Elev       35.00        70.00        140.0        280.0        560.0        1120.        2240.        4480.        8960.    

  1     1000.00      905.00    -5.00       -34.00       -68.54      -137.37      -271.27      -520.74      -967.49     -1766.75     -3191.49     -5632.32
  2     1000.00      915.00   -15.00      -176.81      -360.76      -736.63     -1500.75     -3037.66     -6096.53    -12167.09    -24153.45    -47482.29
  3     1000.00      925.00   -25.00      -304.84      -621.35     -1267.95     -2583.98     -5239.48    -10545.95    -21098.79    -41894.82    -81970.29
  4     1000.00      935.00   -35.00      -518.14     -1041.79     -2094.41     -4203.41     -8397.67    -16662.57    -32857.52    -64229.27   -123296.69
  5     1000.00      945.00   -45.00      -646.63     -1293.83     -2586.95     -5160.65    -10237.01    -20121.85    -39189.13    -75380.34   -141765.45
  6     1000.00      955.00   -55.00      -714.38     -1428.54     -2853.80     -5682.93    -11222.05    -21830.93    -41816.23    -78777.13   -144905.03
  7     1000.00      965.00   -65.00     -1018.35     -2035.92     -4065.47     -8085.98    -15896.99    -30514.08    -56836.51   -102547.44   -179276.12
  8     1000.00      975.00   -75.00     -2382.54     -4763.09     -9510.96    -18910.91    -37086.52    -70278.23   -125198.70   -201635.75   -285441.03
  9     1000.00      985.00   -85.00     -3504.56     -7005.56    -13983.93    -27767.54    -54204.72   -101486.20   -177229.58   -278384.50   -377144.59
 10     1000.00      995.00   -95.00     -1729.97     -3456.66     -6889.04    -13605.22    -26104.24    -46906.15    -77369.07   -116579.89   -156179.39
 11     1000.00     1005.00  -105.00     -1373.59     -2744.46     -5468.92    -10795.49    -20690.98    -37187.68    -62142.64    -98018.73   -142126.42
 12     1000.00     1015.00  -115.00     -1191.00     -2379.92     -4744.64     -9381.99    -18090.25    -33038.62    -56686.45    -91790.18   -135861.25
 13     1000.00     1025.00  -125.00     -1153.55     -2305.54     -4599.97     -9122.90    -17767.80    -33279.70    -59311.50    -99674.98   -152135.22
 14     1000.00     1035.00  -135.00      -666.59     -1332.08     -2656.70     -5263.44    -10223.71    -19035.76    -33582.89    -56125.80    -88716.05
 15     1000.00     1045.00  -145.00      -465.75      -930.70     -1856.46     -3681.98     -7187.22    -13582.20    -24610.63    -42619.70    -70376.39
 16     1000.00     1055.00  -155.00      -453.92      -907.22     -1810.90     -3601.43     -7094.70    -13726.82    -25944.60    -47784.00    -85594.43
 17     1000.00     1065.00  -165.00      -166.60      -332.70      -662.78     -1311.82     -2557.51     -4854.85     -8910.46    -15773.36    -27092.77
 18     1000.00     1075.00  -175.00       -87.83      -175.27      -348.62      -688.32     -1338.67     -2546.13     -4743.55     -8696.74    -15791.11
 19     1000.00     1085.00  -185.00       -66.84      -133.34      -265.16      -523.85     -1023.29     -1972.43     -3775.12     -7214.14    -13784.99
 20     1000.00     1095.00  -195.00       -60.47      -120.63      -239.94      -474.69      -931.59     -1814.54     -3528.91     -6874.05    -13391.24
 21     1000.00     1105.00  -205.00       -58.20      -116.11      -231.01      -457.57      -901.00     -1766.30     -3463.47     -6800.72    -13335.21
 22     1000.00     1115.00  -215.00       -57.18      -114.07      -227.01      -450.06      -888.23     -1748.20     -3443.11     -6785.02    -13335.22


  INPHASE RESPONSE in PPM     SLOPE BOREHOLE COMPONENT     
  -----------------------

          RECEIVER POSITIONS           FREQUENCIES
    Northing     Easting     Elev       35.00        70.00        140.0        280.0        560.0        1120.        2240.        4480.        8960.    

  1     1000.00      905.00    -5.00        22.67        22.86        22.08        17.76         3.04       -33.76      -117.76      -317.65      -789.95
  2     1000.00      915.00   -15.00        27.28        31.99        41.41        55.35        66.93        55.64       -57.41      -556.30     -2352.78
  3     1000.00      925.00   -25.00        22.37        20.90        17.07         0.98       -48.08      -179.48      -494.28     -1231.84     -2816.84
  4     1000.00      935.00   -35.00        17.27         9.71        -9.13       -57.70      -179.09      -460.53     -1057.95     -2318.14     -5070.42
  5     1000.00      945.00   -45.00        21.00        17.76         7.26       -26.30      -122.07      -336.59      -672.59      -990.14     -1158.24
  6     1000.00      955.00   -55.00        20.71        17.27         4.32       -40.72      -172.71      -471.32      -909.97     -1101.03      -352.68
  7     1000.00      965.00   -65.00        20.02        13.15       -12.66      -105.00      -405.67     -1232.92     -3149.41     -6976.31    -12867.11
  8     1000.00      975.00   -75.00        25.81        35.72        77.72       257.40      1045.19      4284.59     15206.93     41089.52     78101.12
  9     1000.00      985.00   -85.00        10.11       -26.99      -171.53      -724.99     -2705.66     -9007.62    -26559.00    -68916.16   -141610.58
 10     1000.00      995.00   -95.00        24.14        28.95        49.56       140.03       540.99      2108.63      7194.26     21337.46     49621.40
 11     1000.00     1005.00  -105.00        24.04        28.85        48.87       134.34       490.07      1670.77      4406.17      9700.13     17562.76
 12     1000.00     1015.00  -115.00        23.85        27.57        42.79       109.81       377.80      1165.01      2383.11      2804.09     -1045.49
 13     1000.00     1025.00  -125.00        23.55        27.08        41.71       104.71       374.07      1397.19      4713.71     14578.01     38933.19
 14     1000.00     1035.00  -135.00        21.29        18.25         6.38       -36.31      -176.73      -608.80     -1859.68     -4991.52    -12548.67
 15     1000.00     1045.00  -145.00        21.20        18.06         5.10       -41.71      -200.48      -672.39     -1832.98     -3947.51     -6485.86
 16     1000.00     1055.00  -155.00        21.49        19.14         9.71       -25.71      -148.86      -539.42     -1648.11     -4444.05    -10675.65
 17     1000.00     1065.00  -165.00        22.08        21.59        19.23        11.48       -11.68       -70.46      -207.55      -515.58     -1040.87
 18     1000.00     1075.00  -175.00        22.18        22.08        21.20        18.74        14.23        11.29        25.42        78.11       218.54
 19     1000.00     1085.00  -185.00        22.28        22.37        21.59        20.02        17.96        19.43        37.58        97.15       234.34
 20     1000.00     1095.00  -195.00        22.37        22.28        21.79        20.41        19.14        19.72        30.62        63.29       129.73
 21     1000.00     1105.00  -205.00        22.37        22.37        21.88        21.00        19.72        20.80        27.28        44.75        73.40
 22     1000.00     1115.00  -215.00        22.47        22.37        21.98        21.29        20.51        21.59        26.30        35.92        46.51


  QUADRATURE RESPONSE in PPM     SLOPE BOREHOLE COMPONENT     
  --------------------------

          RECEIVER POSITIONS           FREQUENCIES
    Northing     Easting     Elev       35.00        70.00        140.0        280.0        560.0        1120.        2240.        4480.        8960.    

  1     1000.00      905.00    -5.00       -18.62       -37.68       -76.00      -151.79      -297.54      -571.84     -1086.09     -2039.04     -3751.85
  2     1000.00      915.00   -15.00      -100.94      -206.42      -422.77      -864.85     -1760.94     -3561.71     -7159.95    -14283.77    -28123.96
  3     1000.00      925.00   -25.00       -28.79       -57.61      -114.73      -225.40      -429.80      -783.31     -1357.22     -2183.64     -2970.23
  4     1000.00      935.00   -35.00      -106.40      -208.16      -405.10      -781.79     -1486.44     -2767.37     -5056.39     -9112.18    -16088.39
  5     1000.00      945.00   -45.00       -27.44       -53.91      -104.53      -195.81      -337.06      -490.95      -547.68      -418.18      -235.27
  6     1000.00      955.00   -55.00       -29.04       -57.33      -111.47      -207.42      -343.05      -427.99      -219.12       536.75      1447.77
  7     1000.00      965.00   -65.00      -132.49      -264.14      -524.04     -1024.81     -1930.86     -3384.63     -5329.54     -7009.11     -6074.74
  8     1000.00      975.00   -75.00       646.58      1293.80      2590.46      5190.87     10368.29     20138.99     35402.92     49282.74     45294.94
  9     1000.00      985.00   -85.00     -1304.58     -2607.33     -5201.93    -10316.97    -20105.61    -37649.04    -65564.13    -98900.82   -110606.23
 10     1000.00      995.00   -95.00       489.95       980.21      1961.88      3929.92      7846.85     15339.24     28655.43     48547.87     68763.47
 11     1000.00     1005.00  -105.00       175.76       351.69       703.90      1405.63      2748.64      4946.84      7796.03     10428.96      9608.35
 12     1000.00     1015.00  -115.00       -21.97       -43.81       -87.50      -179.51      -430.65     -1390.33     -4516.84    -11951.35    -26218.40
 13     1000.00     1025.00  -125.00       385.95       772.11      1545.03      3091.99      6166.78     12099.54     22995.75     41051.37     63939.85
 14     1000.00     1035.00  -135.00      -148.54      -296.74      -591.64     -1173.40     -2301.00     -4430.81     -8225.36    -14477.57    -23675.22
 15     1000.00     1045.00  -145.00       -62.51      -124.71      -247.68      -485.29      -916.68     -1594.92     -2334.08     -2341.05      -280.41
 16     1000.00     1055.00  -155.00      -114.36      -228.49      -455.84      -905.23     -1776.29     -3399.19     -6227.64    -10638.74    -16376.75
 17     1000.00     1065.00  -165.00        -6.35       -12.57       -24.56       -46.52       -82.12      -127.36      -157.74       -59.05       533.14
 18     1000.00     1075.00  -175.00         1.90         3.91         8.25        18.11        41.39        94.48       199.01       380.83       689.14
 19     1000.00     1085.00  -185.00         1.11         2.33         5.06        11.40        26.37        59.32       120.57       212.89       320.53
 20     1000.00     1095.00  -195.00         0.18         0.47         1.31         3.71        10.14        24.61        49.99        81.92       100.29
 21     1000.00     1105.00  -205.00        -0.12        -0.14         0.05         1.05         4.20        11.14        21.85        31.35        26.48
 22     1000.00     1115.00  -215.00        -0.19        -0.28        -0.26         0.30         2.24         6.08        10.76        12.37         4.23


  INPHASE RESPONSE in PPM     HORIZONTAL BOREHOLE COMPONENT
  -----------------------

          RECEIVER POSITIONS           FREQUENCIES
    Northing     Easting     Elev       35.00        70.00        140.0        280.0        560.0        1120.        2240.        4480.        8960.    

  1     1000.00      905.00    -5.00        -1.09        -1.09        -1.09        -1.09        -1.09        -1.09        -1.09        -1.09        -1.09
  2     1000.00      915.00   -15.00        -1.09        -1.09        -1.09        -1.09        -1.09        -1.09        -1.09        -1.09        -1.09
  3     1000.00      925.00   -25.00        -1.09        -1.09        -1.09        -1.09        -1.09        -1.09        -1.09        -1.09        -1.09
  4     1000.00      935.00   -35.00        -1.09        -1.09        -1.09        -1.09        -1.09        -1.09        -1.09        -1.09        -1.10
  5     1000.00      945.00   -45.00        -1.09        -1.09        -1.09        -1.09        -1.09        -1.09        -1.09        -1.09        -1.11
  6     1000.00      955.00   -55.00        -1.09        -1.09        -1.09        -1.09        -1.09        -1.09        -1.09        -1.10        -1.12
  7     1000.00      965.00   -65.00        -1.09        -1.09        -1.09        -1.09        -1.09        -1.09        -1.09        -1.10        -1.13
  8     1000.00      975.00   -75.00        -1.09        -1.09        -1.09        -1.09        -1.09        -1.09        -1.10        -1.13        -1.16
  9     1000.00      985.00   -85.00        -1.09        -1.09        -1.09        -1.09        -1.09        -1.10        -1.11        -1.14        -1.20
 10     1000.00      995.00   -95.00        -1.09        -1.09        -1.09        -1.09        -1.09        -1.10        -1.11        -1.13        -1.17
 11     1000.00     1005.00  -105.00        -1.09        -1.09        -1.09        -1.09        -1.09        -1.10        -1.11        -1.13        -1.16
 12     1000.00     1015.00  -115.00        -1.09        -1.09        -1.09        -1.09        -1.09        -1.09        -1.10        -1.12        -1.15
 13     1000.00     1025.00  -125.00        -1.09        -1.09        -1.09        -1.09        -1.09        -1.09        -1.10        -1.11        -1.12
 14     1000.00     1035.00  -135.00        -1.09        -1.09        -1.09        -1.09        -1.09        -1.09        -1.09        -1.10        -1.12
 15     1000.00     1045.00  -145.00        -1.09        -1.09        -1.09        -1.09        -1.09        -1.09        -1.09        -1.10        -1.11
 16     1000.00     1055.00  -155.00        -1.09        -1.09        -1.09        -1.09        -1.09        -1.09        -1.09        -1.09        -1.09
 17     1000.00     1065.00  -165.00        -1.00        -1.00        -1.00        -1.00        -1.00        -1.00        -1.00        -1.00        -1.01
 18     1000.00     1075.00  -175.00        -1.00        -1.00        -1.00        -1.00        -1.00        -1.00        -1.00        -1.00        -1.00
 19     1000.00     1085.00  -185.00        -1.00        -1.00        -1.00        -1.00        -1.00        -1.00        -1.00        -1.00        -1.00
 20     1000.00     1095.00  -195.00        -1.00        -1.00        -1.00        -1.00        -1.00        -1.00        -1.00        -1.00        -1.00
 21     1000.00     1105.00  -205.00        -0.83        -0.83        -0.83        -0.83        -0.83        -0.83        -0.83        -0.83        -0.84
 22     1000.00     1115.00  -215.00        -0.83        -0.83        -0.83        -0.83        -0.83        -0.83        -0.83        -0.83        -0.84


  QUADRATURE RESPONSE in PPM     HORIZONTAL BOREHOLE COMPONENT
  --------------------------

          RECEIVER POSITIONS           FREQUENCIES
    Northing     Easting     Elev       35.00        70.00        140.0        280.0        560.0        1120.        2240.        4480.        8960.    

  1     1000.00      905.00    -5.00         0.00         0.00         0.00         0.00         0.00         0.00         0.00         0.00         0.00
  2     1000.00      915.00   -15.00         0.00         0.00         0.00         0.00         0.00         0.00         0.00         0.00         0.01
  3     1000.00      925.00   -25.00         0.00         0.00         0.00         0.00         0.00         0.00        -0.01        -0.01        -0.03
  4     1000.00      935.00   -35.00         0.00         0.00         0.00         0.00         0.00         0.00        -0.01        -0.01        -0.03
  5     1000.00      945.00   -45.00         0.00         0.00         0.00         0.00         0.00        -0.01        -0.01        -0.03        -0.05
  6     1000.00      955.00   -55.00         0.00         0.00         0.00         0.00         0.00        -0.01        -0.02        -0.03        -0.05
  7     1000.00      965.00   -65.00         0.00         0.00         0.00         0.00        -0.01        -0.01        -0.02        -0.04        -0.05
  8     1000.00      975.00   -75.00         0.00         0.00         0.00        -0.01        -0.01        -0.02        -0.04        -0.09        -0.09
  9     1000.00      985.00   -85.00         0.00         0.00         0.00        -0.01        -0.02        -0.03        -0.04        -0.07        -0.12
 10     1000.00      995.00   -95.00         0.00         0.00         0.00        -0.01        -0.02        -0.02        -0.04        -0.05        -0.08
 11     1000.00     1005.00  -105.00         0.00         0.00         0.00        -0.01        -0.02        -0.03        -0.04        -0.06        -0.07
 12     1000.00     1015.00  -115.00         0.00         0.00         0.00        -0.01        -0.01        -0.02        -0.03        -0.05        -0.07
 13     1000.00     1025.00  -125.00         0.00         0.00         0.00         0.00        -0.01        -0.01        -0.02        -0.04        -0.04
 14     1000.00     1035.00  -135.00         0.00         0.00         0.00         0.00        -0.01        -0.01        -0.02        -0.03        -0.04
 15     1000.00     1045.00  -145.00         0.00         0.00         0.00         0.00         0.00        -0.01        -0.02        -0.03        -0.05
 16     1000.00     1055.00  -155.00         0.00         0.00         0.00         0.00         0.00         0.00         0.00        -0.01         0.00
 17     1000.00     1065.00  -165.00         0.00         0.00         0.00         0.00         0.00         0.00         0.00        -0.01        -0.01
 18     1000.00     1075.00  -175.00         0.00         0.00         0.00         0.00         0.00         0.00         0.00         0.00        -0.01
 19     1000.00     1085.00  -185.00         0.00         0.00         0.00         0.00         0.00         0.00         0.00         0.00        -0.01
 20     1000.00     1095.00  -195.00         0.00         0.00         0.00         0.00         0.00         0.00         0.00         0.00        -0.01
 21     1000.00     1105.00  -205.00         0.00         0.00         0.00         0.00         0.00         0.00         0.00         0.00        -0.01
 22     1000.00     1115.00  -215.00         0.00         0.00         0.00         0.00         0.00         0.00         0.00         0.00        -0.01


  END OF PPM OUTPUT
  =================

  SlimBoris (15 m cells) test going through conductive prisms at 45 degree dip from west to east                          


  Frequency-domain output for a single magnetic dipole receiver moving with
  constant offset with respect to the transmitter.
  The source is a magnetic dipole.
  For each position, the output is printed in NANOTESLAS /SEC.


  INPHASE RESPONSE
  ----------------

      PROFILE OUTPUT:  BH AXIAL COMPONENT     
      STANDARD OUTPUT - LAYERED EARTH + SCATTERED FIELDS

          RECEIVER POSITIONS           FREQUENCIES
    Northing     Easting     Elev       35.00        70.00        140.0        280.0        560.0        1120.        2240.        4480.        8960.    

  1     1000.00      905.00    -5.00   0.6345        2.132        6.836        23.62        77.74        240.7        703.3        1906.        4484.    
  2     1000.00      915.00   -15.00    3.299        11.22        36.65        130.7        453.5        1517.        4844.       0.1442E+05   0.3780E+05
  3     1000.00      925.00   -25.00    5.688        19.32        63.09        225.0        782.2        2624.        8399.       0.2502E+05   0.6526E+05
  4     1000.00      935.00   -35.00    9.669        32.40        104.2        366.0        1254.        4146.       0.1308E+05   0.3835E+05   0.9816E+05
  5     1000.00      945.00   -45.00    12.07        40.24        128.7        449.4        1528.        5006.       0.1560E+05   0.4501E+05   0.1129E+06
  6     1000.00      955.00   -55.00    13.33        44.43        142.0        494.9        1675.        5432.       0.1665E+05   0.4704E+05   0.1154E+06
  7     1000.00      965.00   -65.00    19.00        63.32        202.3        704.1        2373.        7592.       0.2263E+05   0.6123E+05   0.1427E+06
  8     1000.00      975.00   -75.00    44.46        148.1        473.3        1647.        5536.       0.1749E+05   0.4984E+05   0.1204E+06   0.2273E+06
  9     1000.00      985.00   -85.00    65.40        217.9        695.8        2418.        8092.       0.2525E+05   0.7055E+05   0.1662E+06   0.3003E+06
 10     1000.00      995.00   -95.00    32.28        107.5        342.8        1185.        3897.       0.1167E+05   0.3080E+05   0.6961E+05   0.1243E+06
 11     1000.00     1005.00  -105.00    25.63        85.35        272.1        940.1        3089.        9252.       0.2474E+05   0.5853E+05   0.1132E+06
 12     1000.00     1015.00  -115.00    22.22        74.02        236.1        817.0        2701.        8220.       0.2257E+05   0.5481E+05   0.1082E+06
 13     1000.00     1025.00  -125.00    21.53        71.70        228.9        794.4        2652.        8280.       0.2361E+05   0.5952E+05   0.1211E+06
 14     1000.00     1035.00  -135.00    12.44        41.43        132.2        458.3        1526.        4736.       0.1337E+05   0.3351E+05   0.7063E+05
 15     1000.00     1045.00  -145.00    8.691        28.95        92.38        320.6        1073.        3379.        9797.       0.2545E+05   0.5603E+05
 16     1000.00     1055.00  -155.00    8.470        28.21        90.11        313.6        1059.        3415.       0.1033E+05   0.2853E+05   0.6815E+05
 17     1000.00     1065.00  -165.00    3.109        10.35        32.98        114.2        381.8        1208.        3547.        9419.       0.2157E+05
 18     1000.00     1075.00  -175.00    1.639        5.451        17.35        59.94        199.8        633.5        1888.        5193.       0.1257E+05
 19     1000.00     1085.00  -185.00    1.247        4.147        13.19        45.62        152.8        490.7        1503.        4308.       0.1098E+05
 20     1000.00     1095.00  -195.00    1.128        3.752        11.94        41.34        139.1        451.5        1405.        4105.       0.1066E+05
 21     1000.00     1105.00  -205.00    1.086        3.611        11.50        39.85        134.5        439.5        1379.        4061.       0.1062E+05
 22     1000.00     1115.00  -215.00    1.067        3.548        11.30        39.19        132.6        435.0        1371.        4051.       0.1062E+05


  QUADRATURE RESPONSE
  -------------------

      PROFILE OUTPUT:  BH AXIAL COMPONENT     
      STANDARD OUTPUT - LAYERED EARTH + SCATTERED FIELDS

          RECEIVER POSITIONS           FREQUENCIES
    Northing     Easting     Elev       35.00        70.00        140.0        280.0        560.0        1120.        2240.        4480.        8960.    

  1     1000.00      905.00    -5.00   0.3732E+05   0.6220E+05   0.9952E+05   0.1742E+06   0.2985E+06   0.4976E+06   0.7960E+06   0.1194E+07   0.1591E+07
  2     1000.00      915.00   -15.00   0.3732E+05   0.6220E+05   0.9952E+05   0.1742E+06   0.2986E+06   0.4976E+06   0.7961E+06   0.1194E+07   0.1590E+07
  3     1000.00      925.00   -25.00   0.3732E+05   0.6220E+05   0.9952E+05   0.1742E+06   0.2986E+06   0.4976E+06   0.7960E+06   0.1193E+07   0.1586E+07
  4     1000.00      935.00   -35.00   0.3732E+05   0.6220E+05   0.9952E+05   0.1742E+06   0.2985E+06   0.4975E+06   0.7954E+06   0.1191E+07   0.1578E+07
  5     1000.00      945.00   -45.00   0.3732E+05   0.6220E+05   0.9952E+05   0.1741E+06   0.2985E+06   0.4973E+06   0.7948E+06   0.1189E+07   0.1571E+07
  6     1000.00      955.00   -55.00   0.3732E+05   0.6220E+05   0.9952E+05   0.1741E+06   0.2985E+06   0.4971E+06   0.7942E+06   0.1186E+07   0.1566E+07
  7     1000.00      965.00   -65.00   0.3732E+05   0.6220E+05   0.9951E+05   0.1741E+06   0.2984E+06   0.4966E+06   0.7920E+06   0.1179E+07   0.1546E+07
  8     1000.00      975.00   -75.00   0.3732E+05   0.6220E+05   0.9950E+05   0.1741E+06   0.2979E+06   0.4942E+06   0.7801E+06   0.1134E+07   0.1427E+07
  9     1000.00      985.00   -85.00   0.3732E+05   0.6220E+05   0.9950E+05   0.1740E+06   0.2975E+06   0.4920E+06   0.7707E+06   0.1102E+07   0.1345E+07
 10     1000.00      995.00   -95.00   0.3732E+05   0.6220E+05   0.9950E+05   0.1740E+06   0.2979E+06   0.4942E+06   0.7825E+06   0.1150E+07   0.1484E+07
 11     1000.00     1005.00  -105.00   0.3732E+05   0.6220E+05   0.9951E+05   0.1741E+06   0.2980E+06   0.4950E+06   0.7862E+06   0.1162E+07   0.1508E+07
 12     1000.00     1015.00  -115.00   0.3732E+05   0.6220E+05   0.9951E+05   0.1741E+06   0.2982E+06   0.4956E+06   0.7880E+06   0.1167E+07   0.1517E+07
 13     1000.00     1025.00  -125.00   0.3732E+05   0.6220E+05   0.9951E+05   0.1741E+06   0.2982E+06   0.4960E+06   0.7891E+06   0.1169E+07   0.1516E+07
 14     1000.00     1035.00  -135.00   0.3732E+05   0.6220E+05   0.9951E+05   0.1741E+06   0.2984E+06   0.4966E+06   0.7921E+06   0.1180E+07   0.1555E+07
 15     1000.00     1045.00  -145.00   0.3732E+05   0.6220E+05   0.9952E+05   0.1741E+06   0.2984E+06   0.4970E+06   0.7937E+06   0.1186E+07   0.1567E+07
 16     1000.00     1055.00  -155.00   0.3732E+05   0.6220E+05   0.9952E+05   0.1741E+06   0.2985E+06   0.4972E+06   0.7946E+06   0.1188E+07   0.1573E+07
 17     1000.00     1065.00  -165.00   0.3732E+05   0.6220E+05   0.9952E+05   0.1742E+06   0.2985E+06   0.4974E+06   0.7954E+06   0.1192E+07   0.1585E+07
 18     1000.00     1075.00  -175.00   0.3732E+05   0.6220E+05   0.9952E+05   0.1742E+06   0.2985E+06   0.4975E+06   0.7958E+06   0.1193E+07   0.1590E+07
 19     1000.00     1085.00  -185.00   0.3732E+05   0.6220E+05   0.9952E+05   0.1742E+06   0.2985E+06   0.4976E+06   0.7960E+06   0.1194E+07   0.1591E+07
 20     1000.00     1095.00  -195.00   0.3732E+05   0.6220E+05   0.9952E+05   0.1742E+06   0.2986E+06   0.4976E+06   0.7961E+06   0.1194E+07   0.1592E+07
 21     1000.00     1105.00  -205.00   0.3732E+05   0.6220E+05   0.9952E+05   0.1742E+06   0.2986E+06   0.4976E+06   0.7961E+06   0.1194E+07   0.1592E+07
 22     1000.00     1115.00  -215.00   0.3732E+05   0.6220E+05   0.9952E+05   0.1742E+06   0.2986E+06   0.4976E+06   0.7961E+06   0.1194E+07   0.1592E+07


  INPHASE RESPONSE
  ----------------

      PROFILE OUTPUT:  BH SLOPE COMPONENT     
      STANDARD OUTPUT - LAYERED EARTH + SCATTERED FIELDS

          RECEIVER POSITIONS           FREQUENCIES
    Northing     Easting     Elev       35.00        70.00        140.0        280.0        560.0        1120.        2240.        4480.        8960.    

  1     1000.00      905.00    -5.00   0.3474        1.172        3.782        13.22        44.42        142.3        432.4        1218.        2987.    
  2     1000.00      915.00   -15.00    1.883        6.420        21.04        75.31        262.9        886.2        2850.        8529.       0.2239E+05
  3     1000.00      925.00   -25.00   0.5373        1.792        5.709        19.63        64.16        194.9        540.3        1304.        2365.    
  4     1000.00      935.00   -35.00    1.985        6.474        20.16        68.08        221.9        688.5        2013.        5441.       0.1281E+05
  5     1000.00      945.00   -45.00   0.5120        1.677        5.201        17.05        50.32        122.1        218.0        249.7        187.3    
  6     1000.00      955.00   -55.00   0.5418        1.783        5.547        18.06        51.21        106.5        87.23       -320.5       -1153.    
  7     1000.00      965.00   -65.00    2.472        8.215        26.08        89.24        288.2        842.1        2122.        4185.        4836.    
  8     1000.00      975.00   -75.00   -12.07       -40.24       -128.9       -452.0       -1548.       -5011.      -0.1409E+05  -0.2943E+05  -0.3606E+05
  9     1000.00      985.00   -85.00    24.34        81.09        258.8        898.4        3001.        9367.       0.2610E+05   0.5906E+05   0.8806E+05
 10     1000.00      995.00   -95.00   -9.143       -30.48       -97.62       -342.2       -1171.       -3816.      -0.1141E+05  -0.2899E+05  -0.5475E+05
 11     1000.00     1005.00  -105.00   -3.280       -10.94       -35.03       -122.4       -410.3       -1231.       -3103.       -6227.       -7650.    
 12     1000.00     1015.00  -115.00   0.4099        1.363        4.354        15.63        64.29        345.9        1798.        7136.       0.2087E+05
 13     1000.00     1025.00  -125.00   -7.202       -24.01       -76.88       -269.3       -920.6       -3010.       -9154.      -0.2451E+05  -0.5091E+05
 14     1000.00     1035.00  -135.00    2.772        9.229        29.44        102.2        343.5        1102.        3274.        8645.       0.1885E+05
 15     1000.00     1045.00  -145.00    1.166        3.878        12.32        42.26        136.8        396.8        929.2        1398.        223.3    
 16     1000.00     1055.00  -155.00    2.134        7.106        22.68        78.83        265.2        845.7        2479.        6353.       0.1304E+05
 17     1000.00     1065.00  -165.00   0.1185       0.3909        1.222        4.051        12.26        31.69        62.80        35.26       -424.5    
 18     1000.00     1075.00  -175.00  -0.3538E-01  -0.1215      -0.4106       -1.577       -6.179       -23.51       -79.22       -227.4       -548.7    
 19     1000.00     1085.00  -185.00  -0.2075E-01  -0.7261E-01  -0.2517      -0.9930       -3.936       -14.76       -48.00       -127.1       -255.2    
 20     1000.00     1095.00  -195.00  -0.3429E-02  -0.1474E-01  -0.6506E-01  -0.3233       -1.514       -6.124       -19.90       -48.91       -79.84    
 21     1000.00     1105.00  -205.00   0.2284E-02   0.4422E-02  -0.2400E-02  -0.9113E-01  -0.6264       -2.773       -8.698       -18.72       -21.08    
 22     1000.00     1115.00  -215.00   0.3574E-02   0.8848E-02   0.1299E-01  -0.2646E-01  -0.3341       -1.514       -4.283       -7.384       -3.367    


  QUADRATURE RESPONSE
  -------------------

      PROFILE OUTPUT:  BH SLOPE COMPONENT     
      STANDARD OUTPUT - LAYERED EARTH + SCATTERED FIELDS

          RECEIVER POSITIONS           FREQUENCIES
    Northing     Easting     Elev       35.00        70.00        140.0        280.0        560.0        1120.        2240.        4480.        8960.    

  1     1000.00      905.00    -5.00   0.4230       0.7111        1.099        1.547       0.4541       -8.399       -46.88       -189.7       -628.9    
  2     1000.00      915.00   -15.00   0.5091       0.9949        2.061        4.820        9.991        13.84       -22.85       -332.2       -1873.    
  3     1000.00      925.00   -25.00   0.4175       0.6501       0.8496       0.8545E-01   -7.178       -44.66       -196.8       -735.6       -2243.    
  4     1000.00      935.00   -35.00   0.3223       0.3021      -0.4541       -5.025       -26.73       -114.6       -421.2       -1384.       -4037.    
  5     1000.00      945.00   -45.00   0.3919       0.5524       0.3613       -2.290       -18.22       -83.74       -267.7       -591.2       -922.1    
  6     1000.00      955.00   -55.00   0.3864       0.5371       0.2149       -3.546       -25.78       -117.3       -362.2       -657.4       -280.8    
  7     1000.00      965.00   -65.00   0.3736       0.4090      -0.6299       -9.143       -60.56       -306.8       -1254.       -4166.      -0.1024E+05
  8     1000.00      975.00   -75.00   0.4816        1.111        3.867        22.41        156.0        1066.        6054.       0.2454E+05   0.6218E+05
  9     1000.00      985.00   -85.00   0.1886      -0.8393       -8.536       -63.13       -403.9       -2241.      -0.1057E+05  -0.4115E+05  -0.1127E+06
 10     1000.00      995.00   -95.00   0.4505       0.9003        2.466        12.19        80.76        524.6        2864.       0.1274E+05   0.3951E+05
 11     1000.00     1005.00  -105.00   0.4486       0.8973        2.432        11.70        73.16        415.7        1754.        5792.       0.1398E+05
 12     1000.00     1015.00  -115.00   0.4450       0.8576        2.129        9.562        56.40        289.9        948.7        1674.       -832.4    
 13     1000.00     1025.00  -125.00   0.4395       0.8423        2.075        9.118        55.84        347.6        1876.        8705.       0.3100E+05
 14     1000.00     1035.00  -135.00   0.3974       0.5677       0.3174       -3.162       -26.38       -151.5       -740.3       -2981.       -9991.    
 15     1000.00     1045.00  -145.00   0.3955       0.5615       0.2539       -3.632       -29.93       -167.3       -729.7       -2357.       -5164.    
 16     1000.00     1055.00  -155.00   0.4010       0.5951       0.4834       -2.239       -22.22       -134.2       -656.1       -2654.       -8500.    
 17     1000.00     1065.00  -165.00   0.4120       0.6714       0.9571       0.9998       -1.743       -17.53       -82.62       -307.9       -828.7    
 18     1000.00     1075.00  -175.00   0.4138       0.6867        1.055        1.632        2.124        2.808        10.12        46.64        174.0    
 19     1000.00     1085.00  -185.00   0.4157       0.6958        1.074        1.743        2.681        4.834        14.96        58.01        186.6    
 20     1000.00     1095.00  -195.00   0.4175       0.6928        1.084        1.777        2.857        4.907        12.19        37.79        103.3    
 21     1000.00     1105.00  -205.00   0.4175       0.6958        1.089        1.829        2.944        5.176        10.86        26.72        58.44    
 22     1000.00     1115.00  -215.00   0.4193       0.6958        1.094        1.854        3.062        5.371        10.47        21.45        37.03    


  INPHASE RESPONSE
  ----------------

      PROFILE OUTPUT:  BH HORIZONTAL COMPONENT
      STANDARD OUTPUT - LAYERED EARTH + SCATTERED FIELDS

          RECEIVER POSITIONS           FREQUENCIES
    Northing     Easting     Elev       35.00        70.00        140.0        280.0        560.0        1120.        2240.        4480.        8960.    

  1     1000.00      905.00    -5.00   0.3586E-06   0.1205E-05   0.3856E-05   0.1327E-04   0.4352E-04   0.1350E-03   0.3928E-03   0.1050E-02   0.2424E-02
  2     1000.00      915.00   -15.00  -0.2078E-06  -0.7459E-06  -0.2628E-05  -0.1038E-04  -0.4125E-04  -0.1613E-03  -0.6017E-03  -0.2079E-02  -0.6325E-02
  3     1000.00      925.00   -25.00   0.2149E-05   0.7260E-05   0.2354E-04   0.8324E-04   0.2866E-03   0.9516E-03   0.3008E-02   0.8800E-02   0.2231E-01
  4     1000.00      935.00   -35.00   0.2086E-05   0.7143E-05   0.2348E-04   0.8421E-04   0.2932E-03   0.9794E-03   0.3081E-02   0.8779E-02   0.2078E-01
  5     1000.00      945.00   -45.00   0.4494E-05   0.1502E-04   0.4817E-04   0.1687E-03   0.5750E-03   0.1874E-02   0.5739E-02   0.1579E-01   0.3590E-01
  6     1000.00      955.00   -55.00   0.5776E-05   0.1929E-04   0.6197E-04   0.2147E-03   0.7275E-03   0.2351E-02   0.6989E-02   0.1847E-01   0.3918E-01
  7     1000.00      965.00   -65.00   0.7926E-05   0.2434E-04   0.7541E-04   0.2804E-03   0.8844E-03   0.3102E-02   0.8690E-02   0.2167E-01   0.4342E-01
  8     1000.00      975.00   -75.00   0.1228E-04   0.3971E-04   0.1337E-03   0.5351E-03   0.1940E-02   0.4808E-02   0.1616E-01   0.5424E-01   0.7437E-01
  9     1000.00      985.00   -85.00   0.2079E-04   0.6416E-04   0.2284E-03   0.6763E-03   0.2849E-02   0.7958E-02   0.1642E-01   0.4381E-01   0.9258E-01
 10     1000.00      995.00   -95.00   0.2004E-04   0.6487E-04   0.2141E-03   0.7238E-03   0.2296E-02   0.5796E-02   0.1775E-01   0.3274E-01   0.6088E-01
 11     1000.00     1005.00  -105.00   0.1984E-04   0.7010E-04   0.2042E-03   0.6697E-03   0.2281E-02   0.6389E-02   0.1480E-01   0.3772E-01   0.5187E-01
 12     1000.00     1015.00  -115.00   0.1482E-04   0.4703E-04   0.1624E-03   0.5283E-03   0.1807E-02   0.5432E-02   0.1300E-01   0.2742E-01   0.5784E-01
 13     1000.00     1025.00  -125.00   0.8499E-05   0.3112E-04   0.9002E-04   0.3133E-03   0.8057E-03   0.3601E-02   0.7863E-02   0.2547E-01   0.3360E-01
 14     1000.00     1035.00  -135.00   0.5940E-05   0.1954E-04   0.6434E-04   0.2475E-03   0.8393E-03   0.2546E-02   0.7390E-02   0.1902E-01   0.3231E-01
 15     1000.00     1045.00  -145.00   0.6343E-05   0.2255E-04   0.7547E-04   0.2795E-03   0.5562E-03   0.1979E-02   0.7093E-02   0.1835E-01   0.3722E-01
 16     1000.00     1055.00  -155.00   0.4898E-06   0.3307E-05   0.7985E-05   0.3630E-04   0.8000E-04   0.6234E-03   0.8052E-03   0.6131E-02   0.1198E-02
 17     1000.00     1065.00  -165.00   0.1322E-05   0.4234E-05   0.1436E-04   0.5168E-04   0.1839E-03   0.5137E-03   0.1584E-02   0.4058E-02   0.1078E-01
 18     1000.00     1075.00  -175.00   0.6788E-06   0.2205E-05   0.7188E-05   0.2517E-04   0.8313E-04   0.2653E-03   0.7804E-03   0.2186E-02   0.5290E-02
 19     1000.00     1085.00  -185.00   0.5185E-06   0.1715E-05   0.5450E-05   0.1876E-04   0.6232E-04   0.1979E-03   0.6027E-03   0.1700E-02   0.4224E-02
 20     1000.00     1095.00  -195.00   0.4693E-06   0.1555E-05   0.4936E-05   0.1694E-04   0.5651E-04   0.1810E-03   0.5538E-03   0.1579E-02   0.3985E-02
 21     1000.00     1105.00  -205.00   0.5397E-06   0.1792E-05   0.5689E-05   0.1958E-04   0.6553E-04   0.2117E-03   0.6532E-03   0.1887E-02   0.4817E-02
 22     1000.00     1115.00  -215.00   0.5265E-06   0.1749E-05   0.5550E-05   0.1914E-04   0.6417E-04   0.2079E-03   0.6447E-03   0.1871E-02   0.4800E-02


  QUADRATURE RESPONSE
  -------------------

      PROFILE OUTPUT:  BH HORIZONTAL COMPONENT
      STANDARD OUTPUT - LAYERED EARTH + SCATTERED FIELDS

          RECEIVER POSITIONS           FREQUENCIES
    Northing     Easting     Elev       35.00        70.00        140.0        280.0        560.0        1120.        2240.        4480.        8960.    

  1     1000.00      905.00    -5.00  -0.2029E-01  -0.3382E-01  -0.5411E-01  -0.9469E-01  -0.1623      -0.2706      -0.4330      -0.6496      -0.8666    
  2     1000.00      915.00   -15.00  -0.2029E-01  -0.3382E-01  -0.5411E-01  -0.9469E-01  -0.1623      -0.2706      -0.4331      -0.6499      -0.8674    
  3     1000.00      925.00   -25.00  -0.2029E-01  -0.3382E-01  -0.5411E-01  -0.9469E-01  -0.1623      -0.2706      -0.4331      -0.6504      -0.8707    
  4     1000.00      935.00   -35.00  -0.2029E-01  -0.3382E-01  -0.5411E-01  -0.9469E-01  -0.1623      -0.2706      -0.4332      -0.6513      -0.8746    
  5     1000.00      945.00   -45.00  -0.2029E-01  -0.3382E-01  -0.5411E-01  -0.9469E-01  -0.1624      -0.2707      -0.4338      -0.6537      -0.8821    
  6     1000.00      955.00   -55.00  -0.2029E-01  -0.3382E-01  -0.5411E-01  -0.9470E-01  -0.1624      -0.2709      -0.4345      -0.6561      -0.8880    
  7     1000.00      965.00   -65.00  -0.2029E-01  -0.3382E-01  -0.5411E-01  -0.9470E-01  -0.1624      -0.2711      -0.4354      -0.6590      -0.8964    
  8     1000.00      975.00   -75.00  -0.2029E-01  -0.3382E-01  -0.5411E-01  -0.9472E-01  -0.1625      -0.2715      -0.4381      -0.6755      -0.9247    
  9     1000.00      985.00   -85.00  -0.2029E-01  -0.3382E-01  -0.5412E-01  -0.9475E-01  -0.1628      -0.2727      -0.4424      -0.6824      -0.9593    
 10     1000.00      995.00   -95.00  -0.2029E-01  -0.3382E-01  -0.5412E-01  -0.9477E-01  -0.1628      -0.2728      -0.4426      -0.6748      -0.9277    
 11     1000.00     1005.00  -105.00  -0.2029E-01  -0.3382E-01  -0.5412E-01  -0.9477E-01  -0.1628      -0.2729      -0.4415      -0.6765      -0.9233    
 12     1000.00     1015.00  -115.00  -0.2029E-01  -0.3382E-01  -0.5412E-01  -0.9474E-01  -0.1627      -0.2723      -0.4396      -0.6703      -0.9195    
 13     1000.00     1025.00  -125.00  -0.2029E-01  -0.3382E-01  -0.5411E-01  -0.9472E-01  -0.1625      -0.2715      -0.4365      -0.6631      -0.8943    
 14     1000.00     1035.00  -135.00  -0.2029E-01  -0.3382E-01  -0.5411E-01  -0.9471E-01  -0.1624      -0.2711      -0.4354      -0.6589      -0.8888    
 15     1000.00     1045.00  -145.00  -0.2029E-01  -0.3382E-01  -0.5411E-01  -0.9470E-01  -0.1624      -0.2708      -0.4343      -0.6554      -0.8842    
 16     1000.00     1055.00  -155.00  -0.2029E-01  -0.3382E-01  -0.5411E-01  -0.9469E-01  -0.1623      -0.2706      -0.4332      -0.6508      -0.8686    
 17     1000.00     1065.00  -165.00  -0.1872E-01  -0.3120E-01  -0.4991E-01  -0.8735E-01  -0.1498      -0.2496      -0.3996      -0.5999      -0.8018    
 18     1000.00     1075.00  -175.00  -0.1872E-01  -0.3120E-01  -0.4991E-01  -0.8735E-01  -0.1497      -0.2496      -0.3994      -0.5994      -0.8000    
 19     1000.00     1085.00  -185.00  -0.1872E-01  -0.3120E-01  -0.4991E-01  -0.8735E-01  -0.1497      -0.2496      -0.3994      -0.5992      -0.7994    
 20     1000.00     1095.00  -195.00  -0.1872E-01  -0.3120E-01  -0.4991E-01  -0.8735E-01  -0.1497      -0.2496      -0.3994      -0.5992      -0.7992    
 21     1000.00     1105.00  -205.00  -0.1557E-01  -0.2595E-01  -0.4153E-01  -0.7267E-01  -0.1246      -0.2076      -0.3323      -0.4985      -0.6650    
 22     1000.00     1115.00  -215.00  -0.1557E-01  -0.2595E-01  -0.4153E-01  -0.7267E-01  -0.1246      -0.2076      -0.3323      -0.4985      -0.6650    


  Computation time =     258.23 seconds.

