
      ######################################################################
      #                                                                    #
      #                 Marco - Version 4.4.1 10 June, 2003                #
      #                 -----------------------------------                #
      #                                                                    #
      #      Develped by:  CSIRO Electromagnetic Modelling Group           #
      #                    Zonghou Xiong and Art Raiche                    #
      #                                                                    #
      #              For:  AMIRA project P223D                             #
      #                                                                    #
      ######################################################################

-------------------------------------------------------------------------------

 Different shaped loops with surface electrode, loop and dipole receivers plus down hole receivers                       

  TDFD = 1;   PRFL = 0;   STEP = 0;   ISTOP = 0

          +-----------------------------------------+
          +  Time-Domain Ground System Information  +
          +-----------------------------------------+

  DO3D =  0;   NSX =   4;   NCHNL =  24
  KRXW =-1;    OFFTYM =   52.00    


             TXON (ms)    Transmitter current (amps)
             ---------    --------------------------

      1        0.000         0.000    
      2        0.100         10.00    
      3       52.000         10.00    
      4       52.100         0.000    

         Receiver channel origin INPUT is shifted by   52.100 ms from signal origin.

         Receiver Window Specifications (ms - referenced to signal origin)
         ----------------------------------------------------------------

                                                             Referenced
       Window     Open       Close       Width     Centre      Centre
       ------     ----       -----       -----     ------      ------
          1      52.415      52.759      0.344      52.587      0.487
          2      52.807      53.151      0.344      52.979      0.879
          3      53.199      53.543      0.344      53.371      1.271
          4      53.591      53.935      0.344      53.763      1.663
          5      53.983      54.327      0.344      54.155      2.055
          6      54.375      55.111      0.736      54.743      2.643
          7      55.159      55.895      0.736      55.527      3.427
          8      55.943      56.679      0.736      56.311      4.211
          9      56.727      57.463      0.736      57.095      4.995
         10      57.511      58.247      0.736      57.879      5.779
         11      58.295      59.815      1.520      59.055      6.955
         12      59.863      61.383      1.520      60.623      8.523
         13      61.431      62.951      1.520      62.191     10.091
         14      62.999      64.519      1.520      63.759     11.659
         15      64.567      66.087      1.520      65.327     13.227
         16      66.135      69.223      3.088      67.679     15.579
         17      69.271      72.359      3.088      70.815     18.715
         18      72.407      75.495      3.088      73.951     21.851
         19      75.543      78.631      3.088      77.087     24.987
         20      78.679      81.767      3.088      80.223     28.123
         21      81.815      88.039      6.224      84.927     32.827
         22      88.087      94.311      6.224      91.199     39.099
         23      94.359     100.583      6.224      97.471     45.371
         24     100.631     106.855      6.224     103.743     51.643


  SOURCE_TYPE = 1;   SURVEY_TYPE = 1;   NTX =  3;   NRXG = 6


  Vertex Locations for Loop Sources
  ---------------------------------

  Transmitter  1 has  5 vertices.

            Easting      Northing      Elevation
            -------      --------      ---------
    1       -100.00       -100.00          0.00
    2       -200.00          0.00          0.00
    3       -100.00        100.00          0.00
    4        100.00         50.00          0.00
    5         50.00        -25.00          0.00

  Transmitter  2 has  4 vertices.

            Easting      Northing      Elevation
            -------      --------      ---------
    1       -150.00       -150.00          0.00
    2       -100.00        100.00          0.00
    3        125.00        130.00          0.00
    4         90.00        -25.00          0.00

  Transmitter  3 has  6 vertices.

            Easting      Northing      Elevation
            -------      --------      ---------
    1       -100.00       -100.00          0.00
    2       -200.00          0.00          0.00
    3       -100.00        100.00          0.00
    4        100.00        125.00          0.00
    5        190.00        -25.00          0.00
    6        110.00        -90.00          0.00


  Rx Group:  1;   NRX = 22;   Type = 3;   CMP = 1;   Units = 2

           Electric Dipole Receiver Electrodes
           -----------------------------------

           East 1      North 1     Elevation 1    East 2      North 2     Elevation 2
           ------      -------     -----------    ------      -------     -----------
   1      -200.00      -200.00         0.00      -220.00      -200.00         0.00
   2      -180.00      -200.00         0.00      -200.00      -200.00         0.00
   3      -160.00      -200.00         0.00      -180.00      -200.00         0.00
   4      -140.00      -200.00         0.00      -160.00      -200.00         0.00
   5      -120.00      -200.00         0.00      -140.00      -200.00         0.00
   6      -100.00      -200.00         0.00      -120.00      -200.00         0.00
   7       -80.00      -200.00         0.00      -100.00      -200.00         0.00
   8       -60.00      -200.00         0.00       -80.00      -200.00         0.00
   9       -40.00      -200.00         0.00       -60.00      -200.00         0.00
  10       -20.00      -200.00         0.00       -40.00      -200.00         0.00
  11         0.00      -200.00         0.00       -20.00      -200.00         0.00
  12        20.00      -200.00         0.00         0.00      -200.00         0.00
  13        40.00      -200.00         0.00        20.00      -200.00         0.00
  14        60.00      -200.00         0.00        40.00      -200.00         0.00
  15        80.00      -200.00         0.00        60.00      -200.00         0.00
  16       100.00      -200.00         0.00        80.00      -200.00         0.00
  17       120.00      -200.00         0.00       100.00      -200.00         0.00
  18       140.00      -200.00         0.00       120.00      -200.00         0.00
  19       160.00      -200.00         0.00       140.00      -200.00         0.00
  20       180.00      -200.00         0.00       160.00      -200.00         0.00
  21       200.00      -200.00         0.00       180.00      -200.00         0.00
  22       220.00      -200.00         0.00       200.00      -200.00         0.00


  Rx Group:  2;   NRX =  1;   Type = 2;   CMP = 1;   Units = 3

          Receiver Loop Vertices
          ----------------------

          Easting     Northing      Elevation
          -------     --------      ---------

   1       -25.00        30.00         0.00
           -25.00       -30.00         0.00
           -75.00       -30.00         0.00
           -75.00        30.00         0.00


  Rx Group:  3;   NRX =  3;   Type = 1;   CMP = 0;   Units = 3

          Magnetic Dipole Receivers
          -------------------------

          Easting     Northing      Elevation   Moment
          -------     --------      ---------   ------
   1         0.00         0.00         0.00     100.0
   2       100.00         0.00         0.00     100.0
   3       200.00         0.00         0.00     100.0


  Rx Group:  4;   NRX =  3;   Type = 1;   CMP = 2;   Units = 1

          Magnetic Dipole Receivers
          -------------------------

          Easting     Northing     Elevation   Dip    Azimuth    Moment
          -------     --------     ---------   ---    -------    ------
   1         0.00         0.00         0.00    30.0     0.0       100.0
   2       100.00         0.00         0.00     0.0    30.0       100.0
   3       200.00         0.00         0.00    90.0    90.0       100.0


  Rx Group:  5;   NRX =  4;   Type = 1;   CMP = 1;   Units = 3

          Magnetic Dipole Receivers
          -------------------------

          Easting     Northing      Elevation   Moment
          -------     --------      ---------   ------
   1         0.00         0.00       -10.00     100.0
   2         0.00         0.00       -40.00     100.0
   3         0.00         0.00       -90.00     100.0
   4         0.00         0.00      -100.00     100.0


  Rx Group:  6;   NRX =  4;   Type = 1;   CMP = 2;   Units = 1

          Magnetic Dipole Receivers
          -------------------------

          Easting     Northing     Elevation   Dip    Azimuth    Moment
          -------     --------     ---------   ---    -------    ------
   1         0.00         0.00       -10.00    45.0     0.0       100.0
   2         0.00         0.00       -40.00     0.0   -45.0       100.0
   3         0.00         0.00       -90.00    45.0    90.0       100.0
   4         0.00         0.00      -100.00   -45.0   -30.0       100.0

    This survey is composed of 12 events.

             Tx   Rx Group
   Event   Index  Index    NRX

     1       1       1     22
     2       1       2      1
     3       1       3      3
     4       1       4      3
     5       1       5      4
     6       1       6      4
     7       2       2      1
     8       2       3      3
     9       2       6      4
    10       3       1     22
    11       3       4      3
    12       3       5      4


  NLAYER =  1;   NPRISM =  0;   NLITH =  1;   GND_LVL =    0.00


                          LITHOLOGY PROPERTIES
                          --------------------

                                  Relative   Relative     Cole-Cole Parameters
        Resistivity  Conductance     MU     Dielectric   CHRG    CTAU       CFREQ

   1      20.00         -1.0       1.000      1.000      0.00    0.00        1.00


   Layered host specification
   --------------------------
   1   1             Basement Lithology


  Before computation begins, Marco transforms array and model coordinates from
  "real world" coordimnates where elevation increases positive upwards to a
  body- centred system where depth increases positive downwards.  The new 
  vertical origin is at the air-earth interface.  If the model is symmetric
  the new horizontal origin is over the centre of the model region.  Otherwise
  the origin is over the top of the first prism specified
  In the "real world" coordimnates the new computation origin is located at:

   EAST:         0.00;    NORTH:         0.00;    ELEVATION:     0.00

  Transformed Vertex Locations for Loop Sources
  ---------------------------------------------

      Transmitter  1 has  5 vertices.

         Easting   Northing     Depth

    1    -100.00    -100.00       0.00
    2    -200.00       0.00       0.00
    3    -100.00     100.00       0.00
    4     100.00      50.00       0.00
    5      50.00     -25.00       0.00

      Transmitter  2 has  4 vertices.

         Easting   Northing     Depth

    1    -150.00    -150.00       0.00
    2    -100.00     100.00       0.00
    3     125.00     130.00       0.00
    4      90.00     -25.00       0.00

      Transmitter  3 has  6 vertices.

         Easting   Northing     Depth

    1    -100.00    -100.00       0.00
    2    -200.00       0.00       0.00
    3    -100.00     100.00       0.00
    4     100.00     125.00       0.00
    5     190.00     -25.00       0.00
    6     110.00     -90.00       0.00


  Transformed Electrode Positions for Electric Dipoles in Rx Group  1
  -------------------------------------------------------------------
         East 1    North 1    Depth 1     East 2    North 2    Depth 2

   1    -200.00    -200.00       0.00    -220.00    -200.00       0.00
   2    -180.00    -200.00       0.00    -200.00    -200.00       0.00
   3    -160.00    -200.00       0.00    -180.00    -200.00       0.00
   4    -140.00    -200.00       0.00    -160.00    -200.00       0.00
   5    -120.00    -200.00       0.00    -140.00    -200.00       0.00
   6    -100.00    -200.00       0.00    -120.00    -200.00       0.00
   7     -80.00    -200.00       0.00    -100.00    -200.00       0.00
   8     -60.00    -200.00       0.00     -80.00    -200.00       0.00
   9     -40.00    -200.00       0.00     -60.00    -200.00       0.00
  10     -20.00    -200.00       0.00     -40.00    -200.00       0.00
  11       0.00    -200.00       0.00     -20.00    -200.00       0.00
  12      20.00    -200.00       0.00       0.00    -200.00       0.00
  13      40.00    -200.00       0.00      20.00    -200.00       0.00
  14      60.00    -200.00       0.00      40.00    -200.00       0.00
  15      80.00    -200.00       0.00      60.00    -200.00       0.00
  16     100.00    -200.00       0.00      80.00    -200.00       0.00
  17     120.00    -200.00       0.00     100.00    -200.00       0.00
  18     140.00    -200.00       0.00     120.00    -200.00       0.00
  19     160.00    -200.00       0.00     140.00    -200.00       0.00
  20     180.00    -200.00       0.00     160.00    -200.00       0.00
  21     200.00    -200.00       0.00     180.00    -200.00       0.00
  22     220.00    -200.00       0.00     200.00    -200.00       0.00


  Transformed Vertices for Loop Receivers in Rx Group  2
  ------------------------------------------------------
        Easting   Northing     Depth 

   1     -25.00      30.00       0.00
         -25.00     -30.00       0.00
         -75.00     -30.00       0.00
         -75.00      30.00       0.00


  Transformed Locations for Magnetic Dipole Receivers in Rx Group  3
  ------------------------------------------------------------------
        Easting   Northing     Depth    Dip    Azimuth   Moment

   1       0.00       0.00       0.00    0.0    0.0      100.
   2     100.00       0.00       0.00    0.0    0.0      100.
   3     200.00       0.00       0.00    0.0    0.0      100.


  Transformed Locations for Magnetic Dipole Receivers in Rx Group  4
  ------------------------------------------------------------------
        Easting   Northing     Depth    Dip    Azimuth   Moment

   1       0.00       0.00       0.00   30.0    0.0        1.
   2     100.00       0.00       0.00    0.0   30.0        1.
   3     200.00       0.00       0.00   90.0   90.0        1.


  Transformed Locations for Magnetic Dipole Receivers in Rx Group  5
  ------------------------------------------------------------------
        Easting   Northing     Depth    Dip    Azimuth   Moment

   1       0.00       0.00      10.00    0.0    0.0      100.
   2       0.00       0.00      40.00    0.0    0.0      100.
   3       0.00       0.00      90.00    0.0    0.0      100.
   4       0.00       0.00     100.00    0.0    0.0      100.


  Transformed Locations for Magnetic Dipole Receivers in Rx Group  6
  ------------------------------------------------------------------
        Easting   Northing     Depth    Dip    Azimuth   Moment

   1       0.00       0.00      10.00   45.0    0.0        1.
   2       0.00       0.00      40.00    0.0  -45.0        1.
   3       0.00       0.00      90.00   45.0   90.0        1.
   4       0.00       0.00     100.00  -45.0  -30.0        1.


      Revised transmitter indexing
      ----------------------------

    Old          New        Receiver  Group
  Tx Index     Tx Index     Groups     NRX

    1             1            1       22
                               2        1
                               3        3
                               4        3
                               5        4
                               6        4

    2             2            2        1
                               3        3
                               6        4

    3             3            1       22
                               4        3
                               5        4


          +----------------------------------+
          +  Layered Earth Model Parameters  +
          +----------------------------------+

 Layer  Thickness  Resistivity   MU-R   EPS-R   CHRG    CTAU      CFREQ
 -----  ---------  -----------   ----   -----   ----    ----      -----
   1                 20.00       1.00   1.00    0.00    0.0       1.00

  Marco will compute layered earth responses for a
  time-domain system.

---------------------------------------------------------------------------
                       END OF INPUT DATA DESCRIPTION
---------------------------------------------------------------------------

  The time-domain results will be constructed using frequency-domain
  output computed at 3 points per decade, from  0.1 Hz to 10 Hz
  and at 6 points per decade, from 10 Hz to  0.1000E+06 Hz.

  Marco will start by computing new frequency-domain responses in the specified 
  range to construct the spectrum from DC to the appropriate upper limit.

  Different shaped loops with surface electrode, loop and dipole receivers plus down hole receivers                       


  Time-domain output for Transmitter Position  1 & Receiver Group  1
  ------------------------------------------------------------------
  The source is a loop.           
  The receivers in this group are grounded wires.  
  For each receiver position, the output is printed in MILLIVOLTS.     


      TEMPORAL OUTPUT:  
      STANDARD OUTPUT - LAYERED EARTH + SCATTERED FIELDS

                   RECEIVER COORDINATES (Top to Bottom): Northing, Easting, Elevation

        Window       -200.00      -200.00      -200.00      -200.00      -200.00      -200.00      -200.00      -200.00      -200.00      -200.00      -200.00      -200.00      -200.00      -200.00      -200.00      -200.00      -200.00      -200.00      -200.00      -200.00      -200.00      -200.00
       Centres       -210.00      -190.00      -170.00      -150.00      -130.00      -110.00       -90.00       -70.00       -50.00       -30.00       -10.00        10.00        30.00        50.00        70.00        90.00       110.00       130.00       150.00       170.00       190.00       210.00
 Chnl   (ms)            0.00         0.00         0.00         0.00         0.00         0.00         0.00         0.00         0.00         0.00         0.00         0.00         0.00         0.00         0.00         0.00         0.00         0.00         0.00         0.00         0.00         0.00

   1     0.487       5.013        5.454        5.858        6.210        6.505        6.737        6.904        7.003        7.026        6.967        6.824        6.597        6.294        5.926        5.509        5.057        4.587        4.113        3.648        3.204        2.788        2.406    
   2     0.879       2.189        2.331        2.463        2.582        2.683        2.762        2.815        2.840        2.837        2.807        2.753        2.677        2.582        2.470        2.346        2.210        2.068        1.920        1.771        1.622        1.476        1.334    
   3     1.271       1.089        1.132        1.169        1.200        1.225        1.245        1.259        1.269        1.273        1.271        1.262        1.245        1.221        1.190        1.153        1.109        1.060        1.007       0.9513       0.8933       0.8341       0.7745    
   4     1.663      0.6707       0.6977       0.7227       0.7453       0.7646       0.7795       0.7893       0.7935       0.7922       0.7860       0.7755       0.7612       0.7438       0.7236       0.7010       0.6763       0.6497       0.6216       0.5922       0.5620       0.5310       0.4998    
   5     2.055      0.4164       0.4273       0.4365       0.4441       0.4502       0.4549       0.4584       0.4606       0.4616       0.4611       0.4590       0.4552       0.4495       0.4421       0.4330       0.4222       0.4100       0.3966       0.3820       0.3665       0.3503       0.3335    
   6     2.643      0.2509       0.2568       0.2620       0.2665       0.2701       0.2730       0.2749       0.2760       0.2762       0.2754       0.2738       0.2713       0.2679       0.2638       0.2589       0.2533       0.2471       0.2402       0.2329       0.2251       0.2169       0.2084    
   7     3.427      0.1444       0.1472       0.1497       0.1518       0.1536       0.1550       0.1559       0.1564       0.1564       0.1559       0.1551       0.1539       0.1523       0.1503       0.1481       0.1455       0.1426       0.1395       0.1361       0.1324       0.1286       0.1245    
   8     4.211      0.8928E-01   0.9054E-01   0.9161E-01   0.9249E-01   0.9320E-01   0.9374E-01   0.9414E-01   0.9439E-01   0.9449E-01   0.9442E-01   0.9416E-01   0.9371E-01   0.9306E-01   0.9221E-01   0.9116E-01   0.8994E-01   0.8854E-01   0.8699E-01   0.8529E-01   0.8346E-01   0.8150E-01   0.7943E-01
   9     4.995      0.6549E-01   0.6634E-01   0.6710E-01   0.6776E-01   0.6831E-01   0.6873E-01   0.6901E-01   0.6914E-01   0.6913E-01   0.6899E-01   0.6873E-01   0.6835E-01   0.6788E-01   0.6731E-01   0.6663E-01   0.6586E-01   0.6498E-01   0.6401E-01   0.6294E-01   0.6178E-01   0.6052E-01   0.5918E-01
  10     5.779      0.4282E-01   0.4329E-01   0.4369E-01   0.4401E-01   0.4427E-01   0.4447E-01   0.4462E-01   0.4472E-01   0.4475E-01   0.4473E-01   0.4464E-01   0.4448E-01   0.4424E-01   0.4392E-01   0.4353E-01   0.4308E-01   0.4255E-01   0.4197E-01   0.4134E-01   0.4065E-01   0.3993E-01   0.3916E-01
  11     6.955      0.2788E-01   0.2811E-01   0.2831E-01   0.2848E-01   0.2862E-01   0.2873E-01   0.2880E-01   0.2884E-01   0.2884E-01   0.2881E-01   0.2875E-01   0.2865E-01   0.2853E-01   0.2838E-01   0.2820E-01   0.2799E-01   0.2775E-01   0.2748E-01   0.2718E-01   0.2685E-01   0.2649E-01   0.2610E-01
  12     8.523      0.1668E-01   0.1678E-01   0.1685E-01   0.1691E-01   0.1695E-01   0.1698E-01   0.1701E-01   0.1703E-01   0.1704E-01   0.1705E-01   0.1705E-01   0.1703E-01   0.1699E-01   0.1694E-01   0.1686E-01   0.1677E-01   0.1665E-01   0.1652E-01   0.1637E-01   0.1620E-01   0.1601E-01   0.1581E-01
  13    10.091      0.9844E-02   0.9921E-02   0.9991E-02   0.1005E-01   0.1011E-01   0.1015E-01   0.1017E-01   0.1018E-01   0.1018E-01   0.1017E-01   0.1014E-01   0.1010E-01   0.1005E-01   0.9993E-02   0.9930E-02   0.9860E-02   0.9785E-02   0.9704E-02   0.9617E-02   0.9524E-02   0.9426E-02   0.9321E-02
  14    11.659      0.8337E-02   0.8398E-02   0.8452E-02   0.8500E-02   0.8540E-02   0.8571E-02   0.8592E-02   0.8601E-02   0.8600E-02   0.8588E-02   0.8567E-02   0.8538E-02   0.8501E-02   0.8458E-02   0.8408E-02   0.8353E-02   0.8293E-02   0.8228E-02   0.8158E-02   0.8084E-02   0.8004E-02   0.7919E-02
  15    13.227      0.7494E-02   0.7518E-02   0.7532E-02   0.7540E-02   0.7543E-02   0.7545E-02   0.7550E-02   0.7557E-02   0.7567E-02   0.7578E-02   0.7587E-02   0.7593E-02   0.7593E-02   0.7585E-02   0.7568E-02   0.7541E-02   0.7505E-02   0.7458E-02   0.7402E-02   0.7337E-02   0.7265E-02   0.7185E-02
  16    15.579      0.3081E-02   0.3080E-02   0.3080E-02   0.3080E-02   0.3079E-02   0.3079E-02   0.3078E-02   0.3077E-02   0.3076E-02   0.3075E-02   0.3074E-02   0.3074E-02   0.3075E-02   0.3076E-02   0.3078E-02   0.3081E-02   0.3083E-02   0.3085E-02   0.3086E-02   0.3085E-02   0.3083E-02   0.3079E-02
  17    18.715      0.1962E-02   0.1928E-02   0.1894E-02   0.1861E-02   0.1831E-02   0.1808E-02   0.1794E-02   0.1789E-02   0.1795E-02   0.1809E-02   0.1831E-02   0.1858E-02   0.1888E-02   0.1919E-02   0.1951E-02   0.1980E-02   0.2007E-02   0.2030E-02   0.2049E-02   0.2064E-02   0.2075E-02   0.2082E-02
  18    21.851      0.9858E-03   0.9738E-03   0.9630E-03   0.9533E-03   0.9451E-03   0.9387E-03   0.9343E-03   0.9320E-03   0.9319E-03   0.9339E-03   0.9381E-03   0.9442E-03   0.9522E-03   0.9617E-03   0.9726E-03   0.9841E-03   0.9964E-03   0.1009E-02   0.1021E-02   0.1033E-02   0.1045E-02   0.1056E-02
  19    24.987      0.1373E-02   0.1377E-02   0.1380E-02   0.1383E-02   0.1387E-02   0.1389E-02   0.1390E-02   0.1391E-02   0.1390E-02   0.1388E-02   0.1386E-02   0.1383E-02   0.1380E-02   0.1377E-02   0.1374E-02   0.1371E-02   0.1369E-02   0.1367E-02   0.1365E-02   0.1363E-02   0.1361E-02   0.1359E-02
  20    28.123      0.5611E-03   0.5412E-03   0.5212E-03   0.5021E-03   0.4853E-03   0.4721E-03   0.4638E-03   0.4609E-03   0.4635E-03   0.4710E-03   0.4828E-03   0.4977E-03   0.5147E-03   0.5329E-03   0.5513E-03   0.5692E-03   0.5861E-03   0.6014E-03   0.6148E-03   0.6263E-03   0.6358E-03   0.6434E-03
  21    32.827      0.4503E-03   0.4470E-03   0.4445E-03   0.4427E-03   0.4415E-03   0.4405E-03   0.4396E-03   0.4388E-03   0.4380E-03   0.4373E-03   0.4369E-03   0.4372E-03   0.4381E-03   0.4398E-03   0.4423E-03   0.4459E-03   0.4504E-03   0.4559E-03   0.4621E-03   0.4690E-03   0.4766E-03   0.4845E-03
  22    39.099      0.2893E-03   0.2672E-03   0.2455E-03   0.2253E-03   0.2079E-03   0.1942E-03   0.1853E-03   0.1817E-03   0.1834E-03   0.1903E-03   0.2015E-03   0.2162E-03   0.2336E-03   0.2529E-03   0.2732E-03   0.2937E-03   0.3141E-03   0.3336E-03   0.3519E-03   0.3689E-03   0.3842E-03   0.3979E-03
  23    45.371      0.9982E-04   0.8871E-04   0.7798E-04   0.6809E-04   0.5958E-04   0.5292E-04   0.4853E-04   0.4667E-04   0.4738E-04   0.5050E-04   0.5576E-04   0.6280E-04   0.7123E-04   0.8068E-04   0.9077E-04   0.1012E-03   0.1116E-03   0.1218E-03   0.1316E-03   0.1408E-03   0.1494E-03   0.1574E-03
  24    51.643      0.1068E-03   0.1047E-03   0.1029E-03   0.1014E-03   0.1002E-03   0.9929E-04   0.9862E-04   0.9819E-04   0.9802E-04   0.9811E-04   0.9850E-04   0.9923E-04   0.1003E-03   0.1017E-03   0.1034E-03   0.1055E-03   0.1079E-03   0.1106E-03   0.1135E-03   0.1167E-03   0.1200E-03   0.1234E-03


  Time-domain output for Transmitter Position  1 & Receiver Group  2
  ------------------------------------------------------------------
  The source is a loop.           
  The receivers in this group are loops.           
  For each receiver position, the output is printed in MICROVOLTS.     


      TEMPORAL OUTPUT:  
      STANDARD OUTPUT - LAYERED EARTH + SCATTERED FIELDS

                   RECEIVER COORDINATES (Top to Bottom): Northing, Easting, Elevation

        Window          0.00
       Centres        -50.00
 Chnl   (ms)            0.00

   1     0.487       8.689    
   2     0.879       3.922    
   3     1.271       2.349    
   4     1.663       1.605    
   5     2.055       1.184    
   6     2.643      0.8289    
   7     3.427      0.5634    
   8     4.211      0.4139    
   9     4.995      0.3198    
  10     5.779      0.2561    
  11     6.955      0.1938    
  12     8.523      0.1410    
  13    10.091      0.1079    
  14    11.659      0.8562E-01
  15    13.227      0.6979E-01
  16    15.579      0.5358E-01
  17    18.715      0.3932E-01
  18    21.851      0.3011E-01
  19    24.987      0.2379E-01
  20    28.123      0.1926E-01
  21    32.827      0.1460E-01
  22    39.099      0.1049E-01
  23    45.371      0.7865E-02
  24    51.643      0.6081E-02


  Time-domain output for Transmitter Position  1 & Receiver Group  3
  ------------------------------------------------------------------
  The source is a loop.           
  The receivers in this group are magnetic dipoles.
  For each receiver position, the output is printed in MICROVOLTS.     


      TEMPORAL OUTPUT:  VERTICAL COMPONENT     
      STANDARD OUTPUT - LAYERED EARTH + SCATTERED FIELDS

                   RECEIVER COORDINATES (Top to Bottom): Northing, Easting, Elevation

        Window          0.00         0.00         0.00
       Centres          0.00       100.00       200.00
 Chnl   (ms)            0.00         0.00         0.00

   1     0.487       707.5        300.8       -2.845    
   2     0.879       191.7        116.5        34.79    
   3     1.271       82.80        58.19        26.72    
   4     1.663       44.33        33.75        18.88    
   5     2.055       26.96        21.54        13.56    
   6     2.643       15.12        12.66        8.793    
   7     3.427       8.032        6.994        5.306    
   8     4.211       4.855        4.341        3.468    
   9     4.995       3.196        2.904        2.404    
  10     5.779       2.229        2.055        1.749    
  11     6.955       1.434        1.337        1.165    
  12     8.523      0.8609       0.8141       0.7293    
  13    10.091      0.5649       0.5380       0.4890    
  14    11.659      0.3928       0.3768       0.3475    
  15    13.227      0.2854       0.2752       0.2563    
  16    15.579      0.1909       0.1848       0.1736    
  17    18.715      0.1189       0.1158       0.1100    
  18    21.851      0.7970E-01   0.7789E-01   0.7445E-01
  19    24.987      0.5617E-01   0.5504E-01   0.5290E-01
  20    28.123      0.4105E-01   0.4031E-01   0.3893E-01
  21    32.827      0.2754E-01   0.2711E-01   0.2628E-01
  22    39.099      0.1708E-01   0.1684E-01   0.1640E-01
  23    45.371      0.1134E-01   0.1120E-01   0.1095E-01
  24    51.643      0.7893E-02   0.7808E-02   0.7645E-02

      TEMPORAL OUTPUT:  EAST COMPONENT         
      STANDARD OUTPUT - LAYERED EARTH + SCATTERED FIELDS

                   RECEIVER COORDINATES (Top to Bottom): Northing, Easting, Elevation

        Window          0.00         0.00         0.00
       Centres          0.00       100.00       200.00
 Chnl   (ms)            0.00         0.00         0.00

   1     0.487      -231.8       -372.8       -225.2    
   2     0.879      -48.52       -96.49       -86.53    
   3     1.271      -17.71       -38.58       -40.93    
   4     1.663      -8.354       -19.17       -22.37    
   5     2.055      -4.612       -10.89       -13.49    
   6     2.643      -2.305       -5.626       -7.367    
   7     3.427      -1.081       -2.699       -3.712    
   8     4.211     -0.5889       -1.502       -2.134    
   9     4.995     -0.3582      -0.9193       -1.332    
  10     5.779     -0.2309      -0.6010      -0.8895    
  11     6.955     -0.1374      -0.3594      -0.5372    
  12     8.523     -0.7423E-01  -0.1960      -0.2992    
  13    10.091     -0.4508E-01  -0.1198      -0.1841    
  14    11.659     -0.2919E-01  -0.7770E-01  -0.1205    
  15    13.227     -0.1991E-01  -0.5325E-01  -0.8327E-01
  16    15.579     -0.1240E-01  -0.3335E-01  -0.5239E-01
  17    18.715     -0.7075E-02  -0.1900E-01  -0.3003E-01
  18    21.851     -0.4404E-02  -0.1194E-01  -0.1901E-01
  19    24.987     -0.2932E-02  -0.7913E-02  -0.1259E-01
  20    28.123     -0.2028E-02  -0.5472E-02  -0.8729E-02
  21    32.827     -0.1267E-02  -0.3453E-02  -0.5553E-02
  22    39.099     -0.7340E-03  -0.1985E-02  -0.3176E-02
  23    45.371     -0.4531E-03  -0.1234E-02  -0.1994E-02
  24    51.643     -0.2999E-03  -0.8160E-03  -0.1317E-02

      TEMPORAL OUTPUT:  NORTH COMPONENT        
      STANDARD OUTPUT - LAYERED EARTH + SCATTERED FIELDS

                   RECEIVER COORDINATES (Top to Bottom): Northing, Easting, Elevation

        Window          0.00         0.00         0.00
       Centres          0.00       100.00       200.00
 Chnl   (ms)            0.00         0.00         0.00

   1     0.487       39.92        33.17        15.76    
   2     0.879       7.175        6.437        4.232    
   3     1.271       2.475        2.293        1.709    
   4     1.663       1.137        1.071       0.8528    
   5     2.055      0.6169       0.5864       0.4855    
   6     2.643      0.3031       0.2915       0.2515    
   7     3.427      0.1403       0.1359       0.1209    
   8     4.211      0.7568E-01   0.7385E-01   0.6735E-01
   9     4.995      0.4571E-01   0.4474E-01   0.4128E-01
  10     5.779      0.2950E-01   0.2893E-01   0.2699E-01
  11     6.955      0.1734E-01   0.1709E-01   0.1616E-01
  12     8.523      0.9404E-02   0.9269E-02   0.8811E-02
  13    10.091      0.5631E-02   0.5590E-02   0.5393E-02
  14    11.659      0.3673E-02   0.3636E-02   0.3495E-02
  15    13.227      0.2506E-02   0.2479E-02   0.2396E-02
  16    15.579      0.1546E-02   0.1534E-02   0.1503E-02
  17    18.715      0.8891E-03   0.8797E-03   0.8556E-03
  18    21.851      0.5437E-03   0.5446E-03   0.5379E-03
  19    24.987      0.3642E-03   0.3639E-03   0.3562E-03
  20    28.123      0.2528E-03   0.2520E-03   0.2463E-03
  21    32.827      0.1568E-03   0.1566E-03   0.1557E-03
  22    39.099      0.9207E-04   0.9108E-04   0.8949E-04
  23    45.371      0.5625E-04   0.5614E-04   0.5568E-04
  24    51.643      0.3711E-04   0.3719E-04   0.3678E-04


  Time-domain output for Transmitter Position  1 & Receiver Group  4
  ------------------------------------------------------------------
  The source is a loop.           
  The receivers in this group are magnetic dipoles.
  For each receiver position, the output is printed in NANOTESLAS /SEC.


      TEMPORAL OUTPUT:  BH AXIAL COMPONENT     
      STANDARD OUTPUT - LAYERED EARTH + SCATTERED FIELDS

                   RECEIVER COORDINATES (Top to Bottom): Northing, Easting, Elevation

        Window          0.00         0.00         0.00
       Centres          0.00       100.00       200.00
 Chnl   (ms)            0.00         0.00         0.00

   1     0.487       3883.       -1577.       -28.45    
   2     0.879       1021.       -426.7        347.9    
   3     1.271       435.4       -173.0        267.2    
   4     1.663       231.5       -86.60        188.8    
   5     2.055       140.1       -49.36        135.6    
   6     2.643       78.21       -25.60        87.93    
   7     3.427       41.37       -12.32        53.06    
   8     4.211       24.93       -6.869        34.68    
   9     4.995       16.38       -4.209        24.04    
  10     5.779       11.40       -2.755        17.49    
  11     6.955       7.318       -1.649        11.65    
  12     8.523       4.386      -0.8998        7.293    
  13    10.091       2.873      -0.5507        4.890    
  14    11.659       1.996      -0.3570        3.475    
  15    13.227       1.449      -0.2448        2.563    
  16    15.579      0.9677      -0.1535        1.736    
  17    18.715      0.6022      -0.8738E-01    1.100    
  18    21.851      0.4032      -0.5496E-01   0.7445    
  19    24.987      0.2840      -0.3641E-01   0.5290    
  20    28.123      0.2075      -0.2518E-01   0.3893    
  21    32.827      0.1391      -0.1591E-01   0.2628    
  22    39.099      0.8619E-01  -0.9135E-02   0.1640    
  23    45.371      0.5717E-01  -0.5686E-02   0.1095    
  24    51.643      0.3979E-01  -0.3758E-02   0.7645E-01

      TEMPORAL OUTPUT:  BH SLOPE COMPONENT     
      STANDARD OUTPUT - LAYERED EARTH + SCATTERED FIELDS

                   RECEIVER COORDINATES (Top to Bottom): Northing, Easting, Elevation

        Window          0.00         0.00         0.00
       Centres          0.00       100.00       200.00
 Chnl   (ms)            0.00         0.00         0.00

   1     0.487       5927.        3008.        157.6    
   2     0.879       1624.        1165.        42.32    
   3     1.271       704.7        581.9        17.09    
   4     1.663       378.3        337.5        8.528    
   5     2.055       230.4        215.4        4.855    
   6     2.643       129.4        126.6        2.515    
   7     3.427       68.85        69.94        1.209    
   8     4.211       41.67        43.41       0.6735    
   9     4.995       27.45        29.04       0.4128    
  10     5.779       19.16        20.55       0.2699    
  11     6.955       12.33        13.37       0.1616    
  12     8.523       7.408        8.141       0.8811E-01
  13    10.091       4.864        5.380       0.5393E-01
  14    11.659       3.383        3.768       0.3495E-01
  15    13.227       2.460        2.752       0.2396E-01
  16    15.579       1.645        1.848       0.1503E-01
  17    18.715       1.025        1.158       0.8556E-02
  18    21.851      0.6875       0.7789       0.5379E-02
  19    24.987      0.4847       0.5504       0.3562E-02
  20    28.123      0.3543       0.4031       0.2463E-02
  21    32.827      0.2377       0.2711       0.1557E-02
  22    39.099      0.1474       0.1684       0.8949E-03
  23    45.371      0.9790E-01   0.1120       0.5568E-03
  24    51.643      0.6817E-01   0.7808E-01   0.3678E-03

      TEMPORAL OUTPUT:  BH HORIZONTAL COMPONENT
      STANDARD OUTPUT - LAYERED EARTH + SCATTERED FIELDS

                   RECEIVER COORDINATES (Top to Bottom): Northing, Easting, Elevation

        Window          0.00         0.00         0.00
       Centres          0.00       100.00       200.00
 Chnl   (ms)            0.00         0.00         0.00

   1     0.487       2318.        3395.        2252.    
   2     0.879       485.2        867.8        865.3    
   3     1.271       177.1        345.6        409.3    
   4     1.663       83.54        171.4        223.7    
   5     2.055       46.12        97.22        134.9    
   6     2.643       23.05        50.18        73.67    
   7     3.427       10.81        24.05        37.12    
   8     4.211       5.889        13.38        21.34    
   9     4.995       3.582        8.185        13.32    
  10     5.779       2.309        5.350        8.895    
  11     6.955       1.374        3.198        5.372    
  12     8.523      0.7423        1.744        2.992    
  13    10.091      0.4508        1.066        1.841    
  14    11.659      0.2919       0.6911        1.205    
  15    13.227      0.1991       0.4736       0.8327    
  16    15.579      0.1240       0.2965       0.5239    
  17    18.715      0.7075E-01   0.1689       0.3003    
  18    21.851      0.4404E-01   0.1061       0.1901    
  19    24.987      0.2932E-01   0.7035E-01   0.1259    
  20    28.123      0.2028E-01   0.4865E-01   0.8729E-01
  21    32.827      0.1267E-01   0.3068E-01   0.5553E-01
  22    39.099      0.7340E-02   0.1764E-01   0.3176E-01
  23    45.371      0.4531E-02   0.1097E-01   0.1994E-01
  24    51.643      0.2999E-02   0.7253E-02   0.1317E-01


  Time-domain output for Transmitter Position  1 & Receiver Group  5
  ------------------------------------------------------------------
  The source is a loop.           
  The receivers in this group are magnetic dipoles.
  For each receiver position, the output is printed in MICROVOLTS.     


      TEMPORAL OUTPUT:  VERTICAL COMPONENT     
      STANDARD OUTPUT - LAYERED EARTH + SCATTERED FIELDS

                   RECEIVER COORDINATES (Top to Bottom): Northing, Easting, Elevation

        Window          0.00         0.00         0.00         0.00
       Centres          0.00         0.00         0.00         0.00
 Chnl   (ms)          -10.00       -40.00       -90.00      -100.00

   1     0.487       781.2        935.7        961.1        935.8    
   2     0.879       207.5        245.5        273.5        273.8    
   3     1.271       88.66        103.4        117.5        118.7    
   4     1.663       47.12        54.33        62.11        63.01    
   5     2.055       28.50        32.57        37.24        37.83    
   6     2.643       15.90        17.98        20.54        20.91    
   7     3.427       8.396        9.394        10.68        10.87    
   8     4.211       5.056        5.607        6.349        6.470    
   9     4.995       3.317        3.656        4.119        4.194    
  10     5.779       2.309        2.528        2.837        2.890    
  11     6.955       1.481        1.613        1.801        1.833    
  12     8.523      0.8863       0.9582        1.063        1.081    
  13    10.091      0.5803       0.6243       0.6895       0.7012    
  14    11.659      0.4028       0.4316       0.4739       0.4816    
  15    13.227      0.2923       0.3119       0.3412       0.3467    
  16    15.579      0.1951       0.2074       0.2261       0.2296    
  17    18.715      0.1213       0.1284       0.1391       0.1410    
  18    21.851      0.8122E-01   0.8560E-01   0.9244E-01   0.9376E-01
  19    24.987      0.5718E-01   0.6013E-01   0.6466E-01   0.6549E-01
  20    28.123      0.4175E-01   0.4380E-01   0.4694E-01   0.4751E-01
  21    32.827      0.2797E-01   0.2924E-01   0.3126E-01   0.3165E-01
  22    39.099      0.1733E-01   0.1808E-01   0.1923E-01   0.1944E-01
  23    45.371      0.1149E-01   0.1195E-01   0.1268E-01   0.1282E-01
  24    51.643      0.7999E-02   0.8301E-02   0.8782E-02   0.8877E-02


  Time-domain output for Transmitter Position  1 & Receiver Group  6
  ------------------------------------------------------------------
  The source is a loop.           
  The receivers in this group are magnetic dipoles.
  For each receiver position, the output is printed in NANOTESLAS /SEC.


      TEMPORAL OUTPUT:  BH AXIAL COMPONENT     
      STANDARD OUTPUT - LAYERED EARTH + SCATTERED FIELDS

                   RECEIVER COORDINATES (Top to Bottom): Northing, Easting, Elevation

        Window          0.00         0.00         0.00         0.00
       Centres          0.00         0.00         0.00         0.00
 Chnl   (ms)          -10.00       -40.00       -90.00      -100.00

   1     0.487       5771.        831.7        7230.       -7005.    
   2     0.879       1514.        240.4        1908.       -1941.    
   3     1.271       643.2        98.12        800.6       -827.3    
   4     1.663       340.7        49.07        418.5       -435.5    
   5     2.055       205.6        28.05        249.9       -260.6    
   6     2.643       114.4        14.58        137.2       -143.5    
   7     3.427       60.32        7.045        71.27       -74.54    
   8     4.211       36.27        3.942        42.34       -44.31    
   9     4.995       23.77        2.430        27.51       -28.74    
  10     5.779       16.53        1.588        18.95       -19.80    
  11     6.955       10.59       0.9586        12.06       -12.57    
  12     8.523       6.332       0.5237        7.129       -7.421    
  13    10.091       4.143       0.3230        4.634       -4.817    
  14    11.659       2.874       0.2097        3.192       -3.312    
  15    13.227       2.084       0.1441        2.302       -2.386    
  16    15.579       1.391       0.9084E-01    1.528       -1.581    
  17    18.715      0.8641       0.5184E-01   0.9426      -0.9730    
  18    21.851      0.5781       0.3277E-01   0.6272      -0.6473    
  19    24.987      0.4069       0.2174E-01   0.4397      -0.4527    
  20    28.123      0.2970       0.1505E-01   0.3197      -0.3287    
  21    32.827      0.1989       0.9539E-02   0.2132      -0.2191    
  22    39.099      0.1232       0.5487E-02   0.1315      -0.1348    
  23    45.371      0.8165E-01   0.3431E-02   0.8677E-01  -0.8891E-01
  24    51.643      0.5683E-01   0.2274E-02   0.6021E-01  -0.6164E-01

      TEMPORAL OUTPUT:  BH SLOPE COMPONENT     
      STANDARD OUTPUT - LAYERED EARTH + SCATTERED FIELDS

                   RECEIVER COORDINATES (Top to Bottom): Northing, Easting, Elevation

        Window          0.00         0.00         0.00         0.00
       Centres          0.00         0.00         0.00         0.00
 Chnl   (ms)          -10.00       -40.00       -90.00      -100.00

   1     0.487       5276.        9357.        6362.        6230.    
   2     0.879       1421.        2455.        1959.        1931.    
   3     1.271       610.6        1034.        861.2        851.7    
   4     1.663       325.7        543.3        459.9        455.5    
   5     2.055       197.4        325.7        276.8        274.4    
   6     2.643       110.4        179.8        153.3        152.2    
   7     3.427       58.42        93.94        79.75        79.23    
   8     4.211       35.24        56.07        47.45        47.19    
   9     4.995       23.14        36.56        30.74        30.57    
  10     5.779       16.12        25.28        21.16        21.07    
  11     6.955       10.35        16.13        13.41        13.36    
  12     8.523       6.203        9.582        7.900        7.870    
  13    10.091       4.065        6.243        5.118        5.100    
  14    11.659       2.823        4.316        3.510        3.499    
  15    13.227       2.049        3.119        2.524        2.517    
  16    15.579       1.369        2.074        1.670        1.665    
  17    18.715      0.8518        1.284        1.024        1.021    
  18    21.851      0.5705       0.8560       0.6800       0.6787    
  19    24.987      0.4018       0.6013       0.4747       0.4735    
  20    28.123      0.2934       0.4380       0.3441       0.3432    
  21    32.827      0.1967       0.2924       0.2289       0.2285    
  22    39.099      0.1219       0.1808       0.1405       0.1401    
  23    45.371      0.8086E-01   0.1195       0.9249E-01   0.9234E-01
  24    51.643      0.5630E-01   0.8301E-01   0.6399E-01   0.6390E-01

      TEMPORAL OUTPUT:  BH HORIZONTAL COMPONENT
      STANDARD OUTPUT - LAYERED EARTH + SCATTERED FIELDS

                   RECEIVER COORDINATES (Top to Bottom): Northing, Easting, Elevation

        Window          0.00         0.00         0.00         0.00
       Centres          0.00         0.00         0.00         0.00
 Chnl   (ms)          -10.00       -40.00       -90.00      -100.00

   1     0.487       2018.        577.2       -93.55       -677.2    
   2     0.879       441.9        177.5        6.457       -10.91    
   3     1.271       164.4        73.81        6.340        21.52    
   4     1.663       78.34        37.28        4.060        18.14    
   5     2.055       43.54        21.38        2.583        12.64    
   6     2.643       21.91        11.19        1.508        7.953    
   7     3.427       10.34        5.419       0.7807        4.334    
   8     4.211       5.664        3.044       0.4652        2.666    
   9     4.995       3.455        1.876       0.2936        1.702    
  10     5.779       2.233        1.230       0.1979        1.184    
  11     6.955       1.333       0.7425       0.1225       0.7297    
  12     8.523      0.7219       0.4065       0.6833E-01   0.4189    
  13    10.091      0.4400       0.2508       0.4331E-01   0.2636    
  14    11.659      0.2851       0.1628       0.2818E-01   0.1745    
  15    13.227      0.1948       0.1120       0.1960E-01   0.1223    
  16    15.579      0.1216       0.7063E-01   0.1261E-01   0.7835E-01
  17    18.715      0.6937E-01   0.4031E-01   0.7191E-02   0.4531E-01
  18    21.851      0.4332E-01   0.2551E-01   0.4671E-02   0.2932E-01
  19    24.987      0.2883E-01   0.1692E-01   0.3083E-02   0.1944E-01
  20    28.123      0.1995E-01   0.1172E-01   0.2139E-02   0.1355E-01
  21    32.827      0.1251E-01   0.7437E-02   0.1385E-02   0.8785E-02
  22    39.099      0.7238E-02   0.4276E-02   0.7859E-03   0.5015E-02
  23    45.371      0.4477E-02   0.2676E-02   0.5000E-03   0.3205E-02
  24    51.643      0.2964E-02   0.1772E-02   0.3310E-03   0.2124E-02


  Time-domain output for Transmitter Position  2 & Receiver Group  2
  ------------------------------------------------------------------
  The source is a loop.           
  The receivers in this group are loops.           
  For each receiver position, the output is printed in MICROVOLTS.     


      TEMPORAL OUTPUT:  
      STANDARD OUTPUT - LAYERED EARTH + SCATTERED FIELDS

                   RECEIVER COORDINATES (Top to Bottom): Northing, Easting, Elevation

        Window          0.00
       Centres        -50.00
 Chnl   (ms)            0.00

   1     0.487       10.41    
   2     0.879       4.852    
   3     1.271       2.946    
   4     1.663       2.028    
   5     2.055       1.503    
   6     2.643       1.057    
   7     3.427      0.7211    
   8     4.211      0.5309    
   9     4.995      0.4109    
  10     5.779      0.3296    
  11     6.955      0.2497    
  12     8.523      0.1819    
  13    10.091      0.1393    
  14    11.659      0.1106    
  15    13.227      0.9019E-01
  16    15.579      0.6928E-01
  17    18.715      0.5087E-01
  18    21.851      0.3897E-01
  19    24.987      0.3080E-01
  20    28.123      0.2493E-01
  21    32.827      0.1890E-01
  22    39.099      0.1359E-01
  23    45.371      0.1019E-01
  24    51.643      0.7880E-02


  Time-domain output for Transmitter Position  2 & Receiver Group  3
  ------------------------------------------------------------------
  The source is a loop.           
  The receivers in this group are magnetic dipoles.
  For each receiver position, the output is printed in MICROVOLTS.     


      TEMPORAL OUTPUT:  VERTICAL COMPONENT     
      STANDARD OUTPUT - LAYERED EARTH + SCATTERED FIELDS

                   RECEIVER COORDINATES (Top to Bottom): Northing, Easting, Elevation

        Window          0.00         0.00         0.00
       Centres          0.00       100.00       200.00
 Chnl   (ms)            0.00         0.00         0.00

   1     0.487       924.9        550.8        88.43    
   2     0.879       250.6        184.4        77.40    
   3     1.271       108.0        86.80        48.15    
   4     1.663       57.78        48.77        31.15    
   5     2.055       35.12        30.51        21.24    
   6     2.643       19.68        17.61        13.22    
   7     3.427       10.45        9.576        7.687    
   8     4.211       6.313        5.886        4.920    
   9     4.995       4.153        3.910        3.362    
  10     5.779       2.897        2.752        2.420    
  11     6.955       1.862        1.782        1.595    
  12     8.523       1.118        1.079       0.9884    
  13    10.091      0.7333       0.7116       0.6588    
  14    11.659      0.5102       0.4967       0.4654    
  15    13.227      0.3707       0.3621       0.3421    
  16    15.579      0.2477       0.2429       0.2309    
  17    18.715      0.1544       0.1517       0.1456    
  18    21.851      0.1034       0.1020       0.9837E-01
  19    24.987      0.7293E-01   0.7196E-01   0.6968E-01
  20    28.123      0.5330E-01   0.5265E-01   0.5118E-01
  21    32.827      0.3572E-01   0.3540E-01   0.3453E-01
  22    39.099      0.2217E-01   0.2196E-01   0.2149E-01
  23    45.371      0.1471E-01   0.1460E-01   0.1434E-01
  24    51.643      0.1024E-01   0.1017E-01   0.1000E-01

      TEMPORAL OUTPUT:  EAST COMPONENT         
      STANDARD OUTPUT - LAYERED EARTH + SCATTERED FIELDS

                   RECEIVER COORDINATES (Top to Bottom): Northing, Easting, Elevation

        Window          0.00         0.00         0.00
       Centres          0.00       100.00       200.00
 Chnl   (ms)            0.00         0.00         0.00

   1     0.487      -96.68       -439.3       -366.1    
   2     0.879      -19.93       -105.3       -120.0    
   3     1.271      -7.241       -40.72       -53.12    
   4     1.663      -3.407       -19.87       -27.98    
   5     2.055      -1.879       -11.16       -16.47    
   6     2.643     -0.9375       -5.702       -8.809    
   7     3.427     -0.4394       -2.711       -4.354    
   8     4.211     -0.2392       -1.498       -2.473    
   9     4.995     -0.1455      -0.9147       -1.531    
  10     5.779     -0.9376E-01  -0.5952       -1.015    
  11     6.955     -0.5574E-01  -0.3552      -0.6107    
  12     8.523     -0.3012E-01  -0.1931      -0.3373    
  13    10.091     -0.1828E-01  -0.1178      -0.2071    
  14    11.659     -0.1184E-01  -0.7631E-01  -0.1350    
  15    13.227     -0.8076E-02  -0.5221E-01  -0.9300E-01
  16    15.579     -0.5024E-02  -0.3265E-01  -0.5845E-01
  17    18.715     -0.2869E-02  -0.1860E-01  -0.3340E-01
  18    21.851     -0.1784E-02  -0.1165E-01  -0.2110E-01
  19    24.987     -0.1190E-02  -0.7733E-02  -0.1397E-01
  20    28.123     -0.8228E-03  -0.5347E-02  -0.9674E-02
  21    32.827     -0.5130E-03  -0.3364E-02  -0.6140E-02
  22    39.099     -0.2975E-03  -0.1938E-02  -0.3516E-02
  23    45.371     -0.1836E-03  -0.1203E-02  -0.2201E-02
  24    51.643     -0.1216E-03  -0.7955E-03  -0.1453E-02

      TEMPORAL OUTPUT:  NORTH COMPONENT        
      STANDARD OUTPUT - LAYERED EARTH + SCATTERED FIELDS

                   RECEIVER COORDINATES (Top to Bottom): Northing, Easting, Elevation

        Window          0.00         0.00         0.00
       Centres          0.00       100.00       200.00
 Chnl   (ms)            0.00         0.00         0.00

   1     0.487       80.89        105.0        65.30    
   2     0.879       14.74        18.39        15.06    
   3     1.271       5.082        6.114        5.503    
   4     1.663       2.325        2.718        2.557    
   5     2.055       1.263        1.447        1.384    
   6     2.643      0.6176       0.6923       0.6791    
   7     3.427      0.2861       0.3142       0.3098    
   8     4.211      0.1537       0.1661       0.1662    
   9     4.995      0.9311E-01   0.9983E-01   0.9955E-01
  10     5.779      0.5969E-01   0.6319E-01   0.6319E-01
  11     6.955      0.3524E-01   0.3715E-01   0.3740E-01
  12     8.523      0.1901E-01   0.1983E-01   0.1978E-01
  13    10.091      0.1144E-01   0.1187E-01   0.1201E-01
  14    11.659      0.7437E-02   0.7686E-02   0.7669E-02
  15    13.227      0.5059E-02   0.5204E-02   0.5194E-02
  16    15.579      0.3121E-02   0.3197E-02   0.3241E-02
  17    18.715      0.1793E-02   0.1836E-02   0.1824E-02
  18    21.851      0.1105E-02   0.1120E-02   0.1135E-02
  19    24.987      0.7411E-03   0.7538E-03   0.7520E-03
  20    28.123      0.5130E-03   0.5222E-03   0.5177E-03
  21    32.827      0.3165E-03   0.3199E-03   0.3235E-03
  22    39.099      0.1847E-03   0.1885E-03   0.1870E-03
  23    45.371      0.1135E-03   0.1144E-03   0.1147E-03
  24    51.643      0.7541E-04   0.7587E-04   0.7590E-04


  Time-domain output for Transmitter Position  2 & Receiver Group  6
  ------------------------------------------------------------------
  The source is a loop.           
  The receivers in this group are magnetic dipoles.
  For each receiver position, the output is printed in NANOTESLAS /SEC.


      TEMPORAL OUTPUT:  BH AXIAL COMPONENT     
      STANDARD OUTPUT - LAYERED EARTH + SCATTERED FIELDS

                   RECEIVER COORDINATES (Top to Bottom): Northing, Easting, Elevation

        Window          0.00         0.00         0.00         0.00
       Centres          0.00         0.00         0.00         0.00
 Chnl   (ms)          -10.00       -40.00       -90.00      -100.00

   1     0.487       7722.        551.9        9059.       -8941.    
   2     0.879       2014.        150.6        2518.       -2535.    
   3     1.271       851.5        60.14        1073.       -1087.    
   4     1.663       449.7        29.70        564.4       -573.7    
   5     2.055       271.0        16.88        337.6       -343.6    
   6     2.643       150.4        8.703        185.8       -189.4    
   7     3.427       79.18        4.188        96.51       -98.38    
   8     4.211       47.52        2.332        57.34       -58.48    
   9     4.995       31.13        1.436        37.21       -37.91    
  10     5.779       21.61       0.9351        25.62       -26.12    
  11     6.955       13.85       0.5644        16.27       -16.56    
  12     8.523       8.270       0.3074        9.604       -9.776    
  13    10.091       5.409       0.1896        6.234       -6.340    
  14    11.659       3.750       0.1229        4.287       -4.357    
  15    13.227       2.718       0.8437E-01    3.088       -3.137    
  16    15.579       1.813       0.5316E-01    2.047       -2.078    
  17    18.715       1.126       0.3033E-01    1.260       -1.278    
  18    21.851      0.7532       0.1916E-01   0.8378      -0.8497    
  19    24.987      0.5300       0.1272E-01   0.5864      -0.5939    
  20    28.123      0.3867       0.8799E-02   0.4258      -0.4310    
  21    32.827      0.2589       0.5560E-02   0.2837      -0.2872    
  22    39.099      0.1603       0.3201E-02   0.1747      -0.1765    
  23    45.371      0.1063       0.2004E-02   0.1152      -0.1164    
  24    51.643      0.7390E-01   0.1332E-02   0.7982E-01  -0.8067E-01

      TEMPORAL OUTPUT:  BH SLOPE COMPONENT     
      STANDARD OUTPUT - LAYERED EARTH + SCATTERED FIELDS

                   RECEIVER COORDINATES (Top to Bottom): Northing, Easting, Elevation

        Window          0.00         0.00         0.00         0.00
       Centres          0.00         0.00         0.00         0.00
 Chnl   (ms)          -10.00       -40.00       -90.00      -100.00

   1     0.487       6720.       0.1223E+05    8701.        8351.    
   2     0.879       1823.        3209.        2539.        2529.    
   3     1.271       784.7        1350.        1098.        1105.    
   4     1.663       418.8        708.3        581.3        588.4    
   5     2.055       254.1        424.4        348.6        353.6    
   6     2.643       142.1        234.0        192.4        195.6    
   7     3.427       75.31        122.2        99.95        101.7    
   8     4.211       45.43        72.91        59.42        60.50    
   9     4.995       29.86        47.53        38.52        39.20    
  10     5.779       20.79        32.84        26.51        27.01    
  11     6.955       13.36        20.96        16.82        17.11    
  12     8.523       8.009        12.45        9.916        10.09    
  13    10.091       5.250        8.110        6.431        6.538    
  14    11.659       3.647        5.602        4.416        4.487    
  15    13.227       2.648        4.049        3.178        3.228    
  16    15.579       1.770        2.693        2.105        2.137    
  17    18.715       1.101        1.666        1.293        1.311    
  18    21.851      0.7378        1.112       0.8592       0.8714    
  19    24.987      0.5197       0.7803       0.6005       0.6083    
  20    28.123      0.3796       0.5682       0.4357       0.4410    
  21    32.827      0.2545       0.3797       0.2901       0.2937    
  22    39.099      0.1578       0.2345       0.1783       0.1802    
  23    45.371      0.1047       0.1551       0.1175       0.1188    
  24    51.643      0.7285E-01   0.1077       0.8135E-01   0.8224E-01

      TEMPORAL OUTPUT:  BH HORIZONTAL COMPONENT
      STANDARD OUTPUT - LAYERED EARTH + SCATTERED FIELDS

                   RECEIVER COORDINATES (Top to Bottom): Northing, Easting, Elevation

        Window          0.00         0.00         0.00         0.00
       Centres          0.00         0.00         0.00         0.00
 Chnl   (ms)          -10.00       -40.00       -90.00      -100.00

   1     0.487       842.2        38.54       -191.2       -169.7    
   2     0.879       181.6        21.39        13.24       -3.665    
   3     1.271       67.20        10.20        12.98        5.466    
   4     1.663       31.95        5.532        8.348        4.783    
   5     2.055       17.74        3.273        5.275        3.400    
   6     2.643       8.915        1.777        3.084        2.154    
   7     3.427       4.205       0.8802        1.589        1.188    
   8     4.211       2.301       0.5053       0.9478       0.7327    
   9     4.995       1.403       0.3128       0.5952       0.4704    
  10     5.779      0.9066       0.2088       0.4027       0.3283    
  11     6.955      0.5409       0.1260       0.2484       0.2022    
  12     8.523      0.2929       0.6987E-01   0.1388       0.1168    
  13    10.091      0.1784       0.4315E-01   0.8766E-01   0.7334E-01
  14    11.659      0.1156       0.2817E-01   0.5708E-01   0.4873E-01
  15    13.227      0.7899E-01   0.1946E-01   0.3970E-01   0.3420E-01
  16    15.579      0.4929E-01   0.1228E-01   0.2553E-01   0.2187E-01
  17    18.715      0.2814E-01   0.7027E-02   0.1456E-01   0.1269E-01
  18    21.851      0.1756E-01   0.4468E-02   0.9437E-02   0.8191E-02
  19    24.987      0.1169E-01   0.2960E-02   0.6224E-02   0.5443E-02
  20    28.123      0.8088E-02   0.2052E-02   0.4320E-02   0.3802E-02
  21    32.827      0.5066E-02   0.1310E-02   0.2804E-02   0.2464E-02
  22    39.099      0.2929E-02   0.7496E-03   0.1593E-02   0.1408E-02
  23    45.371      0.1810E-02   0.4709E-03   0.1015E-02   0.8971E-03
  24    51.643      0.1198E-02   0.3111E-03   0.6714E-03   0.5937E-03


  Time-domain output for Transmitter Position  3 & Receiver Group  1
  ------------------------------------------------------------------
  The source is a loop.           
  The receivers in this group are grounded wires.  
  For each receiver position, the output is printed in MILLIVOLTS.     


      TEMPORAL OUTPUT:  
      STANDARD OUTPUT - LAYERED EARTH + SCATTERED FIELDS

                   RECEIVER COORDINATES (Top to Bottom): Northing, Easting, Elevation

        Window       -200.00      -200.00      -200.00      -200.00      -200.00      -200.00      -200.00      -200.00      -200.00      -200.00      -200.00      -200.00      -200.00      -200.00      -200.00      -200.00      -200.00      -200.00      -200.00      -200.00      -200.00      -200.00
       Centres       -210.00      -190.00      -170.00      -150.00      -130.00      -110.00       -90.00       -70.00       -50.00       -30.00       -10.00        10.00        30.00        50.00        70.00        90.00       110.00       130.00       150.00       170.00       190.00       210.00
 Chnl   (ms)            0.00         0.00         0.00         0.00         0.00         0.00         0.00         0.00         0.00         0.00         0.00         0.00         0.00         0.00         0.00         0.00         0.00         0.00         0.00         0.00         0.00         0.00

   1     0.487       6.650        7.362        8.061        8.730        9.355        9.924        10.43        10.86        11.20        11.44        11.57        11.58        11.46        11.24        10.90        10.46        9.950        9.366        8.727        8.048        7.342        6.627    
   2     0.879       3.133        3.383        3.630        3.868        4.093        4.298        4.477        4.625        4.737        4.813        4.850        4.849        4.809        4.731        4.618        4.472        4.295        4.093        3.871        3.634        3.389        3.139    
   3     1.271       1.653        1.742        1.825        1.901        1.969        2.028        2.078        2.121        2.154        2.177        2.190        2.192        2.182        2.161        2.129        2.087        2.036        1.976        1.907        1.831        1.748        1.658    
   4     1.663       1.044        1.096        1.147        1.195        1.240        1.281        1.317        1.345        1.367        1.381        1.388        1.387        1.380        1.365        1.343        1.315        1.281        1.241        1.197        1.149        1.099        1.047    
   5     2.055      0.6687       0.6929       0.7151       0.7351       0.7528       0.7681       0.7810       0.7917       0.8000       0.8058       0.8089       0.8093       0.8069       0.8017       0.7938       0.7833       0.7703       0.7550       0.7372       0.7171       0.6949       0.6707    
   6     2.643      0.4109       0.4237       0.4357       0.4467       0.4566       0.4653       0.4726       0.4786       0.4832       0.4863       0.4879       0.4880       0.4865       0.4835       0.4791       0.4732       0.4659       0.4574       0.4476       0.4367       0.4248       0.4120    
   7     3.427      0.2411       0.2473       0.2530       0.2583       0.2631       0.2673       0.2709       0.2738       0.2760       0.2774       0.2781       0.2781       0.2774       0.2760       0.2738       0.2710       0.2675       0.2634       0.2587       0.2535       0.2478       0.2417    
   8     4.211      0.1516       0.1545       0.1572       0.1596       0.1617       0.1635       0.1651       0.1663       0.1673       0.1679       0.1683       0.1683       0.1680       0.1674       0.1665       0.1653       0.1638       0.1620       0.1599       0.1575       0.1548       0.1519    
   9     4.995      0.1121       0.1141       0.1159       0.1176       0.1191       0.1205       0.1216       0.1225       0.1232       0.1236       0.1238       0.1238       0.1236       0.1232       0.1225       0.1216       0.1205       0.1193       0.1178       0.1161       0.1143       0.1123    
  10     5.779      0.7383E-01   0.7493E-01   0.7592E-01   0.7681E-01   0.7759E-01   0.7825E-01   0.7881E-01   0.7927E-01   0.7963E-01   0.7987E-01   0.8001E-01   0.8002E-01   0.7992E-01   0.7970E-01   0.7936E-01   0.7891E-01   0.7835E-01   0.7768E-01   0.7691E-01   0.7602E-01   0.7503E-01   0.7394E-01
  11     6.955      0.4868E-01   0.4924E-01   0.4976E-01   0.5022E-01   0.5064E-01   0.5099E-01   0.5129E-01   0.5153E-01   0.5170E-01   0.5182E-01   0.5188E-01   0.5188E-01   0.5183E-01   0.5171E-01   0.5154E-01   0.5131E-01   0.5102E-01   0.5068E-01   0.5027E-01   0.4982E-01   0.4931E-01   0.4875E-01
  12     8.523      0.2931E-01   0.2957E-01   0.2980E-01   0.2999E-01   0.3016E-01   0.3029E-01   0.3041E-01   0.3050E-01   0.3057E-01   0.3062E-01   0.3065E-01   0.3065E-01   0.3063E-01   0.3059E-01   0.3053E-01   0.3044E-01   0.3033E-01   0.3019E-01   0.3003E-01   0.2983E-01   0.2961E-01   0.2935E-01
  13    10.091      0.1732E-01   0.1749E-01   0.1764E-01   0.1779E-01   0.1792E-01   0.1804E-01   0.1814E-01   0.1822E-01   0.1828E-01   0.1832E-01   0.1834E-01   0.1834E-01   0.1832E-01   0.1828E-01   0.1822E-01   0.1814E-01   0.1804E-01   0.1793E-01   0.1780E-01   0.1766E-01   0.1750E-01   0.1734E-01
  14    11.659      0.1469E-01   0.1482E-01   0.1495E-01   0.1506E-01   0.1517E-01   0.1526E-01   0.1534E-01   0.1540E-01   0.1545E-01   0.1548E-01   0.1549E-01   0.1549E-01   0.1548E-01   0.1544E-01   0.1540E-01   0.1534E-01   0.1526E-01   0.1517E-01   0.1507E-01   0.1496E-01   0.1484E-01   0.1471E-01
  15    13.227      0.1324E-01   0.1333E-01   0.1340E-01   0.1346E-01   0.1350E-01   0.1354E-01   0.1357E-01   0.1359E-01   0.1360E-01   0.1362E-01   0.1362E-01   0.1363E-01   0.1363E-01   0.1362E-01   0.1360E-01   0.1358E-01   0.1356E-01   0.1352E-01   0.1348E-01   0.1342E-01   0.1335E-01   0.1326E-01
  16    15.579      0.5582E-02   0.5588E-02   0.5591E-02   0.5594E-02   0.5596E-02   0.5597E-02   0.5598E-02   0.5598E-02   0.5597E-02   0.5596E-02   0.5595E-02   0.5595E-02   0.5595E-02   0.5596E-02   0.5596E-02   0.5597E-02   0.5597E-02   0.5596E-02   0.5595E-02   0.5593E-02   0.5590E-02   0.5586E-02
  17    18.715      0.3653E-02   0.3614E-02   0.3570E-02   0.3523E-02   0.3475E-02   0.3428E-02   0.3386E-02   0.3351E-02   0.3324E-02   0.3307E-02   0.3299E-02   0.3301E-02   0.3312E-02   0.3332E-02   0.3360E-02   0.3396E-02   0.3437E-02   0.3483E-02   0.3529E-02   0.3575E-02   0.3618E-02   0.3657E-02
  18    21.851      0.1857E-02   0.1837E-02   0.1817E-02   0.1798E-02   0.1780E-02   0.1764E-02   0.1749E-02   0.1737E-02   0.1728E-02   0.1722E-02   0.1719E-02   0.1719E-02   0.1722E-02   0.1728E-02   0.1737E-02   0.1749E-02   0.1764E-02   0.1780E-02   0.1798E-02   0.1817E-02   0.1837E-02   0.1857E-02
  19    24.987      0.2479E-02   0.2484E-02   0.2490E-02   0.2496E-02   0.2502E-02   0.2507E-02   0.2511E-02   0.2515E-02   0.2518E-02   0.2519E-02   0.2520E-02   0.2520E-02   0.2519E-02   0.2516E-02   0.2514E-02   0.2510E-02   0.2506E-02   0.2501E-02   0.2495E-02   0.2490E-02   0.2485E-02   0.2479E-02
  20    28.123      0.1087E-02   0.1061E-02   0.1033E-02   0.1004E-02   0.9748E-03   0.9471E-03   0.9222E-03   0.9013E-03   0.8856E-03   0.8752E-03   0.8704E-03   0.8713E-03   0.8777E-03   0.8893E-03   0.9058E-03   0.9267E-03   0.9514E-03   0.9784E-03   0.1007E-02   0.1036E-02   0.1063E-02   0.1089E-02
  21    32.827      0.8550E-03   0.8455E-03   0.8371E-03   0.8301E-03   0.8241E-03   0.8192E-03   0.8153E-03   0.8120E-03   0.8095E-03   0.8076E-03   0.8066E-03   0.8063E-03   0.8069E-03   0.8083E-03   0.8105E-03   0.8137E-03   0.8177E-03   0.8226E-03   0.8287E-03   0.8358E-03   0.8442E-03   0.8538E-03
  22    39.099      0.6230E-03   0.5903E-03   0.5563E-03   0.5221E-03   0.4889E-03   0.4578E-03   0.4302E-03   0.4071E-03   0.3896E-03   0.3779E-03   0.3723E-03   0.3728E-03   0.3795E-03   0.3921E-03   0.4101E-03   0.4332E-03   0.4605E-03   0.4911E-03   0.5239E-03   0.5577E-03   0.5913E-03   0.6239E-03
  23    45.371      0.2343E-03   0.2171E-03   0.1995E-03   0.1820E-03   0.1651E-03   0.1495E-03   0.1357E-03   0.1242E-03   0.1154E-03   0.1095E-03   0.1067E-03   0.1069E-03   0.1102E-03   0.1164E-03   0.1253E-03   0.1369E-03   0.1505E-03   0.1659E-03   0.1826E-03   0.1999E-03   0.2174E-03   0.2345E-03
  24    51.643      0.2114E-03   0.2065E-03   0.2021E-03   0.1981E-03   0.1946E-03   0.1914E-03   0.1888E-03   0.1867E-03   0.1851E-03   0.1840E-03   0.1834E-03   0.1833E-03   0.1838E-03   0.1848E-03   0.1864E-03   0.1885E-03   0.1911E-03   0.1941E-03   0.1977E-03   0.2017E-03   0.2061E-03   0.2109E-03


  Time-domain output for Transmitter Position  3 & Receiver Group  4
  ------------------------------------------------------------------
  The source is a loop.           
  The receivers in this group are magnetic dipoles.
  For each receiver position, the output is printed in NANOTESLAS /SEC.


      TEMPORAL OUTPUT:  BH AXIAL COMPONENT     
      STANDARD OUTPUT - LAYERED EARTH + SCATTERED FIELDS

                   RECEIVER COORDINATES (Top to Bottom): Northing, Easting, Elevation

        Window          0.00         0.00         0.00
       Centres          0.00       100.00       200.00
 Chnl   (ms)            0.00         0.00         0.00

   1     0.487       6309.       -1878.        3278.    
   2     0.879       1756.       -494.2        1474.    
   3     1.271       763.4       -198.3        801.7    
   4     1.663       409.4       -98.73        490.9    
   5     2.055       249.2       -56.10        325.4    
   6     2.643       139.8       -29.01        197.9    
   7     3.427       74.26       -13.92        113.0    
   8     4.211       44.88       -7.750        71.63    
   9     4.995       29.53       -4.747        48.63    
  10     5.779       20.58       -3.102        34.82    
  11     6.955       13.24       -1.856        22.88    
  12     8.523       7.940       -1.012        14.10    
  13    10.091       5.206      -0.6190        9.388    
  14    11.659       3.620      -0.4014        6.616    
  15    13.227       2.629      -0.2751        4.853    
  16    15.579       1.757      -0.1723        3.272    
  17    18.715       1.094      -0.9812E-01    2.061    
  18    21.851      0.7326      -0.6166E-01    1.390    
  19    24.987      0.5164      -0.4086E-01   0.9850    
  20    28.123      0.3773      -0.2826E-01   0.7230    
  21    32.827      0.2528      -0.1784E-01   0.4870    
  22    39.099      0.1568      -0.1025E-01   0.3033    
  23    45.371      0.1040      -0.6378E-02   0.2021    
  24    51.643      0.7242E-01  -0.4214E-02   0.1410    

      TEMPORAL OUTPUT:  BH SLOPE COMPONENT     
      STANDARD OUTPUT - LAYERED EARTH + SCATTERED FIELDS

                   RECEIVER COORDINATES (Top to Bottom): Northing, Easting, Elevation

        Window          0.00         0.00         0.00
       Centres          0.00       100.00       200.00
 Chnl   (ms)            0.00         0.00         0.00

   1     0.487       9968.        9017.        213.3    
   2     0.879       2846.        2768.        63.19    
   3     1.271       1252.        1271.        26.05    
   4     1.663       676.1        705.1        13.09    
   5     2.055       413.5        438.8        7.484    
   6     2.643       233.1        251.7        3.889    
   7     3.427       124.4        136.3        1.873    
   8     4.211       75.44        83.51        1.045    
   9     4.995       49.76        55.41       0.6413    
  10     5.779       34.75        38.97       0.4187    
  11     6.955       22.39        25.19       0.2515    
  12     8.523       13.47        15.25       0.1369    
  13    10.091       8.843        10.04       0.8401E-01
  14    11.659       6.157        7.007       0.5432E-01
  15    13.227       4.477        5.107       0.3724E-01
  16    15.579       2.995        3.422       0.2342E-01
  17    18.715       1.868        2.138       0.1330E-01
  18    21.851       1.252        1.436       0.8387E-02
  19    24.987      0.8831        1.013       0.5546E-02
  20    28.123      0.6456       0.7413       0.3831E-02
  21    32.827      0.4330       0.4981       0.2425E-02
  22    39.099      0.2688       0.3091       0.1389E-02
  23    45.371      0.1784       0.2055       0.8647E-03
  24    51.643      0.1243       0.1431       0.5714E-03

      TEMPORAL OUTPUT:  BH HORIZONTAL COMPONENT
      STANDARD OUTPUT - LAYERED EARTH + SCATTERED FIELDS

                   RECEIVER COORDINATES (Top to Bottom): Northing, Easting, Elevation

        Window          0.00         0.00         0.00
       Centres          0.00       100.00       200.00
 Chnl   (ms)            0.00         0.00         0.00

   1     0.487      -45.65        4123.        5305.    
   2     0.879      -7.934        1041.        1588.    
   3     1.271      -2.607        411.3        688.8    
   4     1.663      -1.142        203.0        360.5    
   5     2.055     -0.6074        114.9        211.8    
   6     2.643     -0.2872        59.09        113.0    
   7     3.427     -0.1303        28.27        55.88    
   8     4.211     -0.6826E-01    15.69        31.72    
   9     4.995     -0.4122E-01    9.598        19.66    
  10     5.779     -0.2575E-01    6.260        13.03    
  11     6.955     -0.1523E-01    3.743        7.838    
  12     8.523     -0.8054E-02    2.038        4.335    
  13    10.091     -0.4845E-02    1.246        2.660    
  14    11.659     -0.3129E-02   0.8074        1.736    
  15    13.227     -0.2117E-02   0.5529        1.196    
  16    15.579     -0.1306E-02   0.3461       0.7511    
  17    18.715     -0.7492E-03   0.1972       0.4299    
  18    21.851     -0.4578E-03   0.1238       0.2712    
  19    24.987     -0.3071E-03   0.8208E-01   0.1798    
  20    28.123     -0.2115E-03   0.5675E-01   0.1246    
  21    32.827     -0.1283E-03   0.3577E-01   0.7897E-01
  22    39.099     -0.7485E-04   0.2057E-01   0.4528E-01
  23    45.371     -0.4568E-04   0.1279E-01   0.2833E-01
  24    51.643     -0.3105E-04   0.8455E-02   0.1871E-01


  Time-domain output for Transmitter Position  3 & Receiver Group  5
  ------------------------------------------------------------------
  The source is a loop.           
  The receivers in this group are magnetic dipoles.
  For each receiver position, the output is printed in MICROVOLTS.     


      TEMPORAL OUTPUT:  VERTICAL COMPONENT     
      STANDARD OUTPUT - LAYERED EARTH + SCATTERED FIELDS

                   RECEIVER COORDINATES (Top to Bottom): Northing, Easting, Elevation

        Window          0.00         0.00         0.00         0.00
       Centres          0.00         0.00         0.00         0.00
 Chnl   (ms)          -10.00       -40.00       -90.00      -100.00

   1     0.487       1296.        1541.        1572.        1530.    
   2     0.879       361.4        426.2        473.4        473.9    
   3     1.271       156.8        182.6        207.1        209.1    
   4     1.663       83.96        96.71        110.5        112.0    
   5     2.055       51.02        58.25        66.53        67.60    
   6     2.643       28.57        32.30        36.87        37.53    
   7     3.427       15.14        16.93        19.24        19.59    
   8     4.211       9.138        10.13        11.47        11.69    
   9     4.995       6.006        6.616        7.449        7.588    
  10     5.779       4.181        4.579        5.141        5.234    
  11     6.955       2.686        2.925        3.265        3.323    
  12     8.523       1.609        1.739        1.930        1.963    
  13    10.091       1.055        1.135        1.252        1.273    
  14    11.659      0.7322       0.7841       0.8615       0.8754    
  15    13.227      0.5315       0.5671       0.6207       0.6305    
  16    15.579      0.3551       0.3775       0.4113       0.4175    
  17    18.715      0.2208       0.2335       0.2531       0.2567    
  18    21.851      0.1479       0.1559       0.1683       0.1706    
  19    24.987      0.1041       0.1095       0.1177       0.1193    
  20    28.123      0.7602E-01   0.7970E-01   0.8546E-01   0.8655E-01
  21    32.827      0.5097E-01   0.5329E-01   0.5697E-01   0.5764E-01
  22    39.099      0.3157E-01   0.3292E-01   0.3501E-01   0.3543E-01
  23    45.371      0.2094E-01   0.2177E-01   0.2311E-01   0.2335E-01
  24    51.643      0.1457E-01   0.1513E-01   0.1600E-01   0.1617E-01


  Computation time =       0.91 seconds.

