
  ------------------------------------------------------------------------------
  | Program:  Beowulf                                 
  | Version:  4.7.1                                   
  | Date:     01 August, 2018                         
  |
  | Authors:  CSIRO Electromagnetic Modelling Group   
  |           Art Raiche, Fred Sugeng and Glenn Wilson
  | Project:  AMIRA P223F                             
  |
  | Compiler: GCC version 9.1.0
  | Options:  -march=broadwell -mmmx -mno-3dnow -msse -msse2 -msse3 -mssse3 -mno-sse4a -mcx16 -msahf -mmovbe -maes -mno-sha -mpclmul -mpopcnt -mabm -mno-lwp -mfma -mno-fma4 -mno-xop -mbmi -mno-sgx -mbmi2 -mno-pconfig -mno-wbnoinvd -mno-tbm -mavx -mavx2 -msse4.2 -msse4.1 -mlzcnt -mrtm -mhle -mrdrnd -mf16c -mfsgsbase -mrdseed -mprfchw -madx -mfxsr -mxsave -mxsaveopt -mno-avx512f -mno-avx512er -mno-avx512cd -mno-avx512pf -mno-prefetchwt1 -mno-clflushopt -mno-xsavec -mno-xsaves -mno-avx512dq -mno-avx512bw -mno-avx512vl -mno-avx512ifma -mno-avx512vbmi -mno-avx5124fmaps -mno-avx5124vnniw -mno-clwb -mno-mwaitx -mno-clzero -mno-pku -mno-rdpid -mno-gfni -mno-shstk -mno-avx512vbmi2 -mno-avx512vnni -mno-vaes -mno-vpclmulqdq -mno-avx512bitalg -mno-movdiri -mno-movdir64b -mno-waitpkg -mno-cldemote -mno-ptwrite --param l1-cache-size=32 --param l1-cache-line-size=64 --param l2-cache-size=35840 -mtune=broadwell -O3 -fwhole-program
  |
  | Started:  14/01/2020 at 14:51:56
  ------------------------------------------------------------------------------


  TDFD = 1;   ISYS = 0;   ISTOP = 0

          +-----------------------------------------+
          +  Time-Domain Ground System Information  +
          +-----------------------------------------+

  STEP = 0;   NSX =   4;   NCHNL =  20;   KRXW = 2;   REFTYM =   30.00    ;   OFFTYM =   30.00    


             TXON (ms)    Transmitter current (amps)
             ---------    --------------------------

      1        0.000         0.000    
      2        0.400         10.00    
      3       29.600         10.00    
      4       30.000         0.000    


         Receiver channel origin INPUT is shifted by   30.000 ms from signal origin.

         Receiver Window Specifications (ms - referenced to signal origin)
         ----------------------------------------------------------------

                                                             Referenced
       Window     Open       Close       Width     Centre      Centre
       ------     ----       -----       -----     ------      ------
          1      30.315      30.659      0.344      30.487      0.487
          2      30.707      31.051      0.344      30.879      0.879
          3      31.099      31.443      0.344      31.271      1.271
          4      31.491      31.835      0.344      31.663      1.663
          5      31.883      32.227      0.344      32.055      2.055
          6      32.275      33.011      0.736      32.643      2.643
          7      33.059      33.795      0.736      33.427      3.427
          8      33.843      34.579      0.736      34.211      4.211
          9      34.627      35.363      0.736      34.995      4.995
         10      35.411      36.147      0.736      35.779      5.779
         11      36.195      37.715      1.520      36.955      6.955
         12      37.763      39.283      1.520      38.523      8.523
         13      39.331      40.851      1.520      40.091     10.091
         14      40.899      42.419      1.520      41.659     11.659
         15      42.467      43.987      1.520      43.227     13.227
         16      44.035      47.123      3.088      45.579     15.579
         17      47.171      50.259      3.088      48.715     18.715
         18      50.307      53.395      3.088      51.851     21.851
         19      53.443      56.531      3.088      54.987     24.987
         20      56.579      59.667      3.088      58.123     28.123


  SURVEY_TYPE = 1

  NLINES =  1;   MRXL =   8;   NTX =  1;   SOURCE_TYPE = 1;   MXVRTX = 6;   NTRN =  1

  Vertex Locations for Loop Sources
  ---------------------------------

  Transmitter  1 has  4 vertices:

            Easting      Northing      Elevation
            -------      --------      ---------
    1       -100.00        100.00          0.00
    2        100.00        100.00          0.00
    3        100.00       -100.00          0.00
    4       -100.00       -100.00          0.00


  Line     2040;   Tx Index  1;   Rx Type = 2;   NRX =  4;   Units =  2

           Electric Dipole Receiver Electrodes
           -----------------------------------

           East 1      North 1       East 2      North 2       Depth
           ------      -------       ------      -------       -----
   1       -50.00        70.00        50.00        70.00        -0.00
   2       -50.00       120.00        50.00       120.00        -0.00
   3       -50.00       200.00        50.00       200.00        -0.00
   4       -50.00       300.00        50.00       300.00        -0.00


  NLAYER =  3;   NLITH =  3


                          LITHOLOGY PROPERTIES
                          --------------------

                      Relative   Relative     Cole-Cole Parameters
        Resistivity      S   MU   EP   Dielectric    CHRG      CTAU   CFREQ

   1    100.00       -1.0000        150.00        1.0000        1.0000        0.0000        0.0000    
   2   0.50000       -1.0000        220.00        1.0000        1.0000        0.0000        0.0000    
   3    500.00       -1.0000        200.00        1.0000        1.0000        0.0000        0.0000    


  LAYERED EARTH INPUT DATA
  ------------------------

   1   1   35.0   J, LITHL(J), THK(J)
   2   2   10.0   J, LITHL(J), THK(J)
   3   3             Basement Lithology

  -------------------
  Primary fields (T):     1.0000E+00    1.0000E+00    1.0000E+00    1.0000E+00


  Before computation begins, Beowulf may transform array and model coordinates
  from GPS coordinates where elevation increases positive upwards to a
  body-centred system where depth increases positive downwards.
  In this system, the dip of magnetic dipole transmitters and receivers
  = 0 for vertical dipoles and 90 for horizontal dipoles.

  The computational horizontal origin remains unchanged.

  Transformed transmitter and receiver locations for Line   2040
  Survey aximuth =   0.degrees clockwise from North.

  Transformed Vertex Locations for Loop Sources
  ---------------------------------------------

      Transmitter  1 has  4 vertices.

         Easting   Northing

    1    -100.00     100.00      -0.00
    2     100.00     100.00      -0.00
    3     100.00    -100.00      -0.00
    4    -100.00    -100.00      -0.00


  Transformed Electrode Positions for Electric Dipoles in Line   2040
  -------------------------------------------------------------------
         East 1    North 1     East 2    North 2     Depth

   1     -50.00      70.00      50.00      70.00       0.00
   2     -50.00     120.00      50.00     120.00       0.00
   3     -50.00     200.00      50.00     200.00       0.00
   4     -50.00     300.00      50.00     300.00       0.00


  Plot points for receivers on Line   2040

            East        North     Elev
            ----        -----     ----

   1          0.0         70.0     -0.0
   2          0.0        120.0     -0.0
   3          0.0        200.0     -0.0
   4          0.0        300.0     -0.0


          +------------------------------------------+
          +  Initial Layered Earth Model Parameters  +
          +------------------------------------------+

                    Depth
 Layer  Thickness   to Top    Resistivity   MU-R   EPS-R   CHRG    CFREQ    CTAU
 -----  ---------   ------    -----------   ----   -----   ----    -----    ----
   1       35.0        0.0      100.0     150.00   1.00    0.00    1.00      0.0    
   2       10.0       35.0     0.5000     220.00   1.00    0.00    1.00      0.0    
   3                  45.0      500.0     200.00   1.00    0.00    1.00      0.0    



---------------------------------------------------------------------------
                       END OF INPUT DATA DESCRIPTION
---------------------------------------------------------------------------


  -----------------------------------------------------
  Inversion Controls for Layer Parameters using Beowulf
  -----------------------------------------------------

  NFIX =  0   MAXITS = 90   CNVRG = 1   INVPRT = 2

  The inversion will finish if the RMS error is less than  0.1 percent
  or for some other as yet undisclosed reason.
  A maximum of 90 iterations will be allowed.
  The inversion sequence will use 2 numerical derivative steps
  Values in percent:  5  3

  All parameters will be allowed to vary during inversion

  FD_ORDER = 0

  Inversion controls and data for Line 2040
  KMP =   1    CMP =   1
  Time-Domain Data Floor =  0.1000E-01


  SURVEY DATA
  -----------


  Line 2040    Electric dipole Rx    Units = millivolts    Plot point: Rx

         Electric Dipole Loop Survey Data for Line 2040
         -----------------------------------------

          RECEIVER POSITIONS            CHNL 1       CHNL 2       CHNL 3       CHNL 4       CHNL 5       CHNL 6       CHNL 7       CHNL 8       CHNL 9      CHNL 10      CHNL 11      CHNL 12      CHNL 13      CHNL 14      CHNL 15      CHNL 16      CHNL 17      CHNL 18      CHNL 19      CHNL 20 
        Easting    Northing     Elev   0.3049E-01   0.3088E-01   0.3127E-01   0.3166E-01   0.3206E-01   0.3264E-01   0.3343E-01   0.3421E-01   0.3500E-01   0.3578E-01   0.3696E-01   0.3852E-01   0.4009E-01   0.4166E-01   0.4323E-01   0.4558E-01   0.4872E-01   0.5185E-01   0.5499E-01   0.5812E-01

  1         0.0        70.0     -0.0    18.19        14.67        6.678      -0.2566       -3.734       -3.425      -0.3591       0.5365       0.4210E-01  -0.2475      -0.8710E-01  -0.4670E-01  -0.1298      -0.1023      -0.6550E-01    0.000       0.6560E-01   0.4200E-01   0.1480E-01    0.000    
  2         0.0       120.0     -0.0    24.10        16.30        5.415      -0.9902       -2.816       -2.204      -0.7115      -0.1071      -0.1704      -0.2821      -0.2160      -0.1510      -0.9680E-01    0.000       0.4280E-01   0.8030E-01   0.7900E-01   0.3250E-01   -0.000      -0.1270E-01
  3         0.0       200.0     -0.0    5.091        2.237        2.932        4.182        4.299        2.189      -0.8010      -0.8465       0.1761       0.6068       0.2010      -0.1685      -0.1104      -0.4090E-01  -0.2430E-01   -0.000       0.2290E-01   -0.000      -0.1870E-01  -0.2960E-01
  4         0.0       300.0     -0.0    2.687       0.8752       0.7917       0.4530       0.1436       0.5849        1.329       0.8056       0.3700E-01  -0.2481       -0.000       0.1828       0.7730E-01  -0.1450E-01  -0.2470E-01   -0.000       0.1950E-01   0.2430E-01   0.2210E-01   0.2390E-01


 =========================================================================
  BEGIN INVERSION - TITLE = Generate 3 lines of closed loop data over 3 layers for magnetic and electric dipole receivers (Use Leroi!)
  ---------------


  ---------------------------------------------------------------
  Begin Inversion for Station  1 of Line 2040.  NDATA = 18
  Maximum iterations = 90   Derivative step =  5 percent.

   0 iterations completed:  RMS error =    0.02 percent.  RSVT =   0.100
  No further error reduction can occur using a  5 percent derivative step.

  Predicted residual decrease < 1 percent of RMS error.
  Test derivative step =  3 percent.

  Convergence within RMS error threshold of   0.10 has been achieved.

   2 Iterations completed:  RMS error =    0.02 percent.  RSVT =   0.050


  ==================================================

  Final Model After  2 Iterations:  RMS error =   0.02

  Layer  Resistivity  Depth  Thickness  Conductance   ResImport   ThkImport
  -----  -----------  -----  ---------  -----------   ---------   ---------
    1      100.0       35.0     35.0       0.350        1.00        1.00
    2     0.5000       45.0     10.0      20.000        1.00        1.00
    B      500.0                                                    0.00


  Data and Misfit Final - (East, North, Elevation) =       0.000    ,      70.00    ,    -0.1000E-02

         Electric Dipole data for Station   1 of Line 2040
         --------------------------------------------------

                   CHNL 1       CHNL 2       CHNL 3       CHNL 4       CHNL 5       CHNL 6       CHNL 7       CHNL 8       CHNL 9       CHNL 10      CHNL 11      CHNL 12      CHNL 13      CHNL 14      CHNL 15      CHNL 16      CHNL 17      CHNL 18      CHNL 19      CHNL 20 

  Survey data:    18.19        14.67        6.678      -0.2566       -3.734       -3.425      -0.3591       0.5365       0.4210E-01  -0.2475      -0.8710E-01  -0.4670E-01  -0.1298      -0.1023      -0.6550E-01    0.000       0.6560E-01   0.4200E-01   0.1480E-01    0.000    
  Model data:     18.19        14.67        6.678      -0.2565       -3.734       -3.425      -0.3591       0.5365       0.4211E-01  -0.2474      -0.8714E-01  -0.4667E-01  -0.1298      -0.1023      -0.6553E-01   0.2013E-02   0.6558E-01   0.4200E-01   0.1480E-01   0.6365E-02
  Misfit (%):       -0.0         -0.0          0.0         -0.0          0.0         -0.0          0.0          0.0         -0.0         -0.0          0.0         -0.1         -0.0         -0.0          0.0          0.0          0.0          0.0         -0.0          0.0


  ---------------------------------------------------------------
  Begin Inversion for Station  2 of Line 2040.  NDATA = 18
  Maximum iterations = 90   Derivative step =  5 percent.

   0 iterations completed:  RMS error =    0.03 percent.  RSVT =   0.100
  No further error reduction can occur using a  5 percent derivative step.

  Predicted residual decrease < 1 percent of RMS error.
  Test derivative step =  3 percent.

  Convergence within RMS error threshold of   0.10 has been achieved.

   2 Iterations completed:  RMS error =    0.03 percent.  RSVT =   0.050


  ==================================================

  Final Model After  2 Iterations:  RMS error =   0.03

  Layer  Resistivity  Depth  Thickness  Conductance   ResImport   ThkImport
  -----  -----------  -----  ---------  -----------   ---------   ---------
    1      100.0       35.0     35.0       0.350        1.00        1.00
    2     0.5000       45.0     10.0      20.000        1.00        1.00
    B      500.0                                                    0.00


  Data and Misfit Final - (East, North, Elevation) =       0.000    ,      120.0    ,    -0.1000E-02

         Electric Dipole data for Station   2 of Line 2040
         --------------------------------------------------

                   CHNL 1       CHNL 2       CHNL 3       CHNL 4       CHNL 5       CHNL 6       CHNL 7       CHNL 8       CHNL 9       CHNL 10      CHNL 11      CHNL 12      CHNL 13      CHNL 14      CHNL 15      CHNL 16      CHNL 17      CHNL 18      CHNL 19      CHNL 20 

  Survey data:    24.10        16.30        5.415      -0.9902       -2.816       -2.204      -0.7115      -0.1071      -0.1704      -0.2821      -0.2160      -0.1510      -0.9680E-01    0.000       0.4280E-01   0.8030E-01   0.7900E-01   0.3250E-01   -0.000      -0.1270E-01
  Model data:     24.10        16.30        5.415      -0.9902       -2.816       -2.204      -0.7115      -0.1071      -0.1704      -0.2821      -0.2160      -0.1510      -0.9680E-01   0.2971E-02   0.4281E-01   0.8032E-01   0.7900E-01   0.3247E-01  -0.8070E-03  -0.1271E-01
  Misfit (%):        0.0          0.0         -0.0         -0.0         -0.0         -0.0         -0.0          0.0         -0.0          0.0         -0.0         -0.0         -0.0          0.0         -0.0         -0.0          0.0          0.1          0.0          0.0


  ---------------------------------------------------------------
  Begin Inversion for Station  3 of Line 2040.  NDATA = 18
  Maximum iterations = 90   Derivative step =  5 percent.

   0 iterations completed:  RMS error =    0.08 percent.  RSVT =   0.100

  Convergence within RMS error threshold of   0.10 has been achieved.

   1 Iterations completed:  RMS error =    0.07 percent.  RSVT =   0.050


  ==================================================

  Final Model After  1 Iterations:  RMS error =   0.07

  Layer  Resistivity  Depth  Thickness  Conductance   ResImport   ThkImport
  -----  -----------  -----  ---------  -----------   ---------   ---------
    1      100.0       35.0     35.0       0.350        1.00        1.00
    2     0.5000       45.0     10.0      19.999        1.00        1.00
    B      500.0                                                    0.00


  Data and Misfit Final - (East, North, Elevation) =       0.000    ,      200.0    ,    -0.1000E-02

         Electric Dipole data for Station   3 of Line 2040
         --------------------------------------------------

                   CHNL 1       CHNL 2       CHNL 3       CHNL 4       CHNL 5       CHNL 6       CHNL 7       CHNL 8       CHNL 9       CHNL 10      CHNL 11      CHNL 12      CHNL 13      CHNL 14      CHNL 15      CHNL 16      CHNL 17      CHNL 18      CHNL 19      CHNL 20 

  Survey data:    5.091        2.237        2.932        4.182        4.299        2.189      -0.8010      -0.8465       0.1761       0.6068       0.2010      -0.1685      -0.1104      -0.4090E-01  -0.2430E-01   -0.000       0.2290E-01   -0.000      -0.1870E-01  -0.2960E-01
  Model data:     5.091        2.237        2.932        4.182        4.299        2.190      -0.8009      -0.8466       0.1761       0.6068       0.2009      -0.1685      -0.1104      -0.4094E-01  -0.2428E-01  -0.3083E-02   0.2289E-01  -0.3499E-03  -0.1866E-01  -0.2964E-01
  Misfit (%):       -0.0          0.0          0.0          0.0         -0.0         -0.0         -0.0          0.0         -0.0         -0.0          0.0          0.0          0.0          0.1         -0.1          0.0          0.0          0.0         -0.2          0.2


  ---------------------------------------------------------------
  Begin Inversion for Station  4 of Line 2040.  NDATA = 18
  Maximum iterations = 90   Derivative step =  5 percent.

   0 iterations completed:  RMS error =    0.09 percent.  RSVT =   0.100
  No further error reduction can occur using a  5 percent derivative step.

  Predicted residual decrease < 1 percent of RMS error.
  Test derivative step =  3 percent.

  Predicted residual decrease < 1 percent of RMS error.
  Inversion terminated


  ==================================================

  Final Model After  2 Iterations:  RMS error =   0.09

  Layer  Resistivity  Depth  Thickness  Conductance   ResImport   ThkImport
  -----  -----------  -----  ---------  -----------   ---------   ---------
    1      100.0       35.0     35.0       0.350        1.00        1.00
    2     0.5000       45.0     10.0      20.000        1.00        1.00
    B      500.0                                                    0.00


  Data and Misfit Final - (East, North, Elevation) =       0.000    ,      300.0    ,    -0.1000E-02

         Electric Dipole data for Station   4 of Line 2040
         --------------------------------------------------

                   CHNL 1       CHNL 2       CHNL 3       CHNL 4       CHNL 5       CHNL 6       CHNL 7       CHNL 8       CHNL 9       CHNL 10      CHNL 11      CHNL 12      CHNL 13      CHNL 14      CHNL 15      CHNL 16      CHNL 17      CHNL 18      CHNL 19      CHNL 20 

  Survey data:    2.687       0.8752       0.7917       0.4530       0.1436       0.5849        1.329       0.8056       0.3700E-01  -0.2481       -0.000       0.1828       0.7730E-01  -0.1450E-01  -0.2470E-01   -0.000       0.1950E-01   0.2430E-01   0.2210E-01   0.2390E-01
  Model data:     2.687       0.8752       0.7917       0.4530       0.1436       0.5849        1.329       0.8056       0.3698E-01  -0.2481      -0.7532E-02   0.1828       0.7727E-01  -0.1446E-01  -0.2474E-01  -0.4518E-03   0.1950E-01   0.2432E-01   0.2207E-01   0.2388E-01
  Misfit (%):       -0.0         -0.0         -0.0         -0.0         -0.0         -0.0         -0.0         -0.0          0.1          0.0          0.0          0.0          0.0         -0.3          0.2          0.0          0.0         -0.1          0.1          0.1

  Beowulf inversion run completed at 14:51:57 on 14/01/2020 using         0.85 secs

