
  ------------------------------------------------------------------------------
  | Program:  Beowulf                                 
  | Version:  4.7.1                                   
  | Date:     01 August, 2018                         
  |
  | Authors:  CSIRO Electromagnetic Modelling Group   
  |           Art Raiche, Fred Sugeng and Glenn Wilson
  | Project:  AMIRA P223F                             
  |
  | Compiler: GCC version 9.1.0
  | Options:  -march=broadwell -mmmx -mno-3dnow -msse -msse2 -msse3 -mssse3 -mno-sse4a -mcx16 -msahf -mmovbe -maes -mno-sha -mpclmul -mpopcnt -mabm -mno-lwp -mfma -mno-fma4 -mno-xop -mbmi -mno-sgx -mbmi2 -mno-pconfig -mno-wbnoinvd -mno-tbm -mavx -mavx2 -msse4.2 -msse4.1 -mlzcnt -mrtm -mhle -mrdrnd -mf16c -mfsgsbase -mrdseed -mprfchw -madx -mfxsr -mxsave -mxsaveopt -mno-avx512f -mno-avx512er -mno-avx512cd -mno-avx512pf -mno-prefetchwt1 -mno-clflushopt -mno-xsavec -mno-xsaves -mno-avx512dq -mno-avx512bw -mno-avx512vl -mno-avx512ifma -mno-avx512vbmi -mno-avx5124fmaps -mno-avx5124vnniw -mno-clwb -mno-mwaitx -mno-clzero -mno-pku -mno-rdpid -mno-gfni -mno-shstk -mno-avx512vbmi2 -mno-avx512vnni -mno-vaes -mno-vpclmulqdq -mno-avx512bitalg -mno-movdiri -mno-movdir64b -mno-waitpkg -mno-cldemote -mno-ptwrite --param l1-cache-size=32 --param l1-cache-line-size=64 --param l2-cache-size=35840 -mtune=broadwell -O3 -fwhole-program
  |
  | Started:  14/01/2020 at 14:51:56
  ------------------------------------------------------------------------------


  TDFD = 1;   ISYS = 0;   ISTOP = 0

          +-----------------------------------------+
          +  Time-Domain Ground System Information  +
          +-----------------------------------------+

  STEP = 0;   NSX =   4;   NCHNL =  20;   KRXW = 2;   REFTYM =   30.00    ;   OFFTYM =   30.00    


             TXON (ms)    Transmitter current (amps)
             ---------    --------------------------

      1        0.000         0.000    
      2        0.400         10.00    
      3       29.600         10.00    
      4       30.000         0.000    


         Receiver channel origin INPUT is shifted by   30.000 ms from signal origin.

         Receiver Window Specifications (ms - referenced to signal origin)
         ----------------------------------------------------------------

                                                             Referenced
       Window     Open       Close       Width     Centre      Centre
       ------     ----       -----       -----     ------      ------
          1      30.315      30.659      0.344      30.487      0.487
          2      30.707      31.051      0.344      30.879      0.879
          3      31.099      31.443      0.344      31.271      1.271
          4      31.491      31.835      0.344      31.663      1.663
          5      31.883      32.227      0.344      32.055      2.055
          6      32.275      33.011      0.736      32.643      2.643
          7      33.059      33.795      0.736      33.427      3.427
          8      33.843      34.579      0.736      34.211      4.211
          9      34.627      35.363      0.736      34.995      4.995
         10      35.411      36.147      0.736      35.779      5.779
         11      36.195      37.715      1.520      36.955      6.955
         12      37.763      39.283      1.520      38.523      8.523
         13      39.331      40.851      1.520      40.091     10.091
         14      40.899      42.419      1.520      41.659     11.659
         15      42.467      43.987      1.520      43.227     13.227
         16      44.035      47.123      3.088      45.579     15.579
         17      47.171      50.259      3.088      48.715     18.715
         18      50.307      53.395      3.088      51.851     21.851
         19      53.443      56.531      3.088      54.987     24.987
         20      56.579      59.667      3.088      58.123     28.123


  SURVEY_TYPE = 1

  NLINES =  1;   MRXL =   8;   NTX =  1;   SOURCE_TYPE = 1;   MXVRTX = 6;   NTRN =  1

  Vertex Locations for Loop Sources
  ---------------------------------

  Transmitter  1 has  4 vertices:

            Easting      Northing      Elevation
            -------      --------      ---------
    1       -100.00        100.00          0.00
    2        100.00        100.00          0.00
    3        100.00       -100.00          0.00
    4       -100.00       -100.00          0.00


  Line     1180;   Tx Index  1;   Rx Type = 1;   NRX =  6;   Units =  3

        CMP =  13;   KNORM = 0;   IPLT = 1;   IDH = 1;   SV_AZM =    0.0;   RXMNT =   1000.    

          Magnetic Dipole Receivers
          -------------------------

         Easting     Northing   Elevation    Dip    Azimuth
         -------     --------   ---------    ---    -------
   1         0.0         0.0        20.0      0.0      0.0
   2         0.0         0.0        40.0      0.0      0.0
   3         0.0         0.0        60.0      0.0      0.0
   4         0.0       120.0        20.0     60.0      0.0
   5         0.0       120.0        20.0     60.0      0.0
   6         0.0       120.0        60.0     60.0      0.0


  NLAYER =  3;   NLITH =  3


                          LITHOLOGY PROPERTIES
                          --------------------

                      Relative   Relative     Cole-Cole Parameters
        Resistivity      S   MU   EP   Dielectric    CHRG      CTAU   CFREQ

   1    100.00       -1.0000        150.00        1.0000        1.0000        0.0000        0.0000    
   2   0.50000       -1.0000        220.00        1.0000        1.0000        0.0000        0.0000    
   3    500.00       -1.0000        200.00        1.0000        1.0000        0.0000        0.0000    


  LAYERED EARTH INPUT DATA
  ------------------------

   1   1   35.0   J, LITHL(J), THK(J)
   2   2   10.0   J, LITHL(J), THK(J)
   3   3             Basement Lithology

  -------------------
  Primary fields (T):     1.0000E+00    1.0000E+00    1.0000E+00    1.0000E+00    1.0000E+00    1.0000E+00


  Before computation begins, Beowulf may transform array and model coordinates
  from GPS coordinates where elevation increases positive upwards to a
  body-centred system where depth increases positive downwards.
  In this system, the dip of magnetic dipole transmitters and receivers
  = 0 for vertical dipoles and 90 for horizontal dipoles.

  The computational horizontal origin remains unchanged.

  Transformed transmitter and receiver locations for Line   1180
  Survey aximuth =   0.degrees clockwise from North.

  Transformed Vertex Locations for Loop Sources
  ---------------------------------------------

      Transmitter  1 has  4 vertices.

         Easting   Northing

    1    -100.00     100.00      -0.00
    2     100.00     100.00      -0.00
    3     100.00    -100.00      -0.00
    4    -100.00    -100.00      -0.00


  Transformed Locations for Magnetic Dipole Receivers in Line   1180
  ------------------------------------------------------------------

        Easting   Northing      Depth   Moment
        -------   --------      -----   ------
   1       0.00       0.00     -20.00   1000.    
   2       0.00       0.00     -40.00   1000.    
   3       0.00       0.00     -60.00   1000.    
   4       0.00     120.00     -20.00   1000.    
   5       0.00     120.00     -20.00   1000.    
   6       0.00     120.00     -60.00   1000.    


  Plot points for receivers on Line   1180

            East        North     Elev
            ----        -----     ----

   1          0.0          0.0     20.0
   2          0.0          0.0     40.0
   3          0.0          0.0     60.0
   4          0.0        120.0     20.0
   5          0.0        120.0     20.0
   6          0.0        120.0     60.0


          +------------------------------------------+
          +  Initial Layered Earth Model Parameters  +
          +------------------------------------------+

                    Depth
 Layer  Thickness   to Top    Resistivity   MU-R   EPS-R   CHRG    CFREQ    CTAU
 -----  ---------   ------    -----------   ----   -----   ----    -----    ----
   1       35.0        0.0      100.0     150.00   1.00    0.00    1.00      0.0    
   2       10.0       35.0     0.5000     220.00   1.00    0.00    1.00      0.0    
   3                  45.0      500.0     200.00   1.00    0.00    1.00      0.0    



---------------------------------------------------------------------------
                       END OF INPUT DATA DESCRIPTION
---------------------------------------------------------------------------


  -----------------------------------------------------
  Inversion Controls for Layer Parameters using Beowulf
  -----------------------------------------------------

  NFIX =  0   MAXITS = 90   CNVRG = 1   INVPRT = 2

  The inversion will finish if the RMS error is less than  0.1 percent
  or for some other as yet undisclosed reason.
  A maximum of 90 iterations will be allowed.
  The inversion sequence will use 2 numerical derivative steps
  Values in percent:  5  3

  All parameters will be allowed to vary during inversion

  FD_ORDER = 0

  Inversion controls and data for Line 1180
  KMP =  13    CMP =  13
  Time-Domain Data Floor =  0.1000E-01


  SURVEY DATA
  -----------


  Line 1180    Magnetic dipole Rx    Survey azimuth =   0 degrees    Units = microvolts    Plot point: Rx

         A : Axial Component Survey Data for Line 1180
         --------------------------------------------

          RECEIVER POSITIONS            CHNL 1       CHNL 2       CHNL 3       CHNL 4       CHNL 5       CHNL 6       CHNL 7       CHNL 8       CHNL 9      CHNL 10      CHNL 11      CHNL 12      CHNL 13      CHNL 14      CHNL 15      CHNL 16      CHNL 17      CHNL 18      CHNL 19      CHNL 20 
        Easting    Northing     Elev   0.3049E-01   0.3088E-01   0.3127E-01   0.3166E-01   0.3206E-01   0.3264E-01   0.3343E-01   0.3421E-01   0.3500E-01   0.3578E-01   0.3696E-01   0.3852E-01   0.4009E-01   0.4166E-01   0.4323E-01   0.4558E-01   0.4872E-01   0.5185E-01   0.5499E-01   0.5812E-01

  1         0.0         0.0     20.0   -0.000       -0.000       -0.000       -0.000        0.000        0.000       -0.000       -0.000       -0.000       -0.000       -0.000       -0.000       -0.000       -0.000        0.000        0.000        0.000       -0.000       -0.000       -0.000    
  2         0.0         0.0     40.0   -0.000       -0.000       -0.000       -0.000        0.000        0.000        0.000       -0.000        0.000       -0.000       -0.000       -0.000       -0.000       -0.000        0.000        0.000        0.000       -0.000       -0.000       -0.000    
  3         0.0         0.0     60.0   -0.000       -0.000       -0.000       -0.000        0.000        0.000        0.000       -0.000        0.000       -0.000       -0.000       -0.000       -0.000       -0.000        0.000        0.000        0.000       -0.000       -0.000       -0.000    
  4         0.0       120.0     20.0   -2631.       -1307.        792.1        1139.        625.8        117.3       -88.12       -18.94        52.70        63.25        55.37        64.45        48.42        9.188       -26.19       -43.58       -22.62        3.661        9.469        4.609    
  5         0.0       120.0     20.0   -2631.       -1307.        792.1        1139.        625.8        117.3       -88.12       -18.94        52.70        63.25        55.37        64.45        48.42        9.188       -26.19       -43.58       -22.62        3.661        9.469        4.609    
  6         0.0       120.0     60.0   -427.7       -293.1        119.7        300.4        263.3        95.84       -22.34       -5.967        15.17        15.81        11.39        12.44        9.087        2.434       -3.257       -6.284       -3.617       0.1407        1.026       0.3946    

         U : Slope Component Survey Data for Line 1180
         ------------------------------------------------

          RECEIVER POSITIONS            CHNL 1       CHNL 2       CHNL 3       CHNL 4       CHNL 5       CHNL 6       CHNL 7       CHNL 8       CHNL 9      CHNL 10      CHNL 11      CHNL 12      CHNL 13      CHNL 14      CHNL 15      CHNL 16      CHNL 17      CHNL 18      CHNL 19      CHNL 20 
        Easting    Northing     Elev   0.3049E-01   0.3088E-01   0.3127E-01   0.3166E-01   0.3206E-01   0.3264E-01   0.3343E-01   0.3421E-01   0.3500E-01   0.3578E-01   0.3696E-01   0.3852E-01   0.4009E-01   0.4166E-01   0.4323E-01   0.4558E-01   0.4872E-01   0.5185E-01   0.5499E-01   0.5812E-01

  1         0.0         0.0     20.0    2331.        2741.        3606.        950.0       -1442.       -1109.        23.63        57.84        1.819        15.85        39.13        85.70        93.66        24.65       -53.24       -92.54       -39.82        22.15        34.23        21.23    
  2         0.0         0.0     40.0    2352.        2195.        1985.        402.1       -805.1       -620.4       -20.83        18.32      -0.4593        8.712        13.75        26.46        30.15        5.321       -22.17       -34.62       -13.43        10.08        14.65        9.629    
  3         0.0         0.0     60.0    2002.        1657.        1187.        205.3       -452.4       -360.6       -32.63        2.421       -1.177        4.147        2.917        6.047        9.141       0.5389       -9.120       -12.83       -4.075        4.986        6.728        4.740    
  4         0.0       120.0     20.0    1954.        1630.        1090.        262.0       -286.8       -316.0       -108.9       -45.93       -22.59       -11.47       -6.257        11.86        21.82        11.59       -2.818       -12.07       -5.613        3.693        5.551        3.737    
  5         0.0       120.0     20.0    1954.        1630.        1090.        262.0       -286.8       -316.0       -108.9       -45.93       -22.59       -11.47       -6.257        11.86        21.82        11.59       -2.818       -12.07       -5.613        3.693        5.551        3.737    
  6         0.0       120.0     60.0    1235.        897.5        512.3        153.2       -60.30       -112.7       -58.12       -19.89       -2.253       0.6592       -4.031       -2.107        1.436       0.9400      -0.2690      -0.8653       0.1430E-01   0.9756        1.180        1.002    


 =========================================================================
  BEGIN INVERSION - TITLE = Generate 3 lines of closed loop data over 3 layers for magnetic and electric dipole receivers (Use Leroi!)
  ---------------


  ---------------------------------------------------------------
  Begin Inversion for Station  1 of Line 1180.  NDATA = 20
  Maximum iterations = 90   Derivative step =  5 percent.

   0 iterations completed:  RMS error =  200.00 percent.  RSVT =   0.100

  Model Description After  1 Iterations:  RMS error = 187.28  RSVT =  0.050

  Layer  Resistivity  Depth  Thickness  Conductance
  -----  -----------  -----  ---------  -----------
    1      104.0       36.8     36.8       0.353
    2     0.5610       47.7     11.0      19.537
    B      500.0    


  Model Description After  2 Iterations:  RMS error = 176.42  RSVT =  0.025

  Layer  Resistivity  Depth  Thickness  Conductance
  -----  -----------  -----  ---------  -----------
    1      112.8       40.3     40.3       0.358
    2     0.8339       54.3     14.0      16.788
    B      500.0    


  Model Description After  3 Iterations:  RMS error = 134.19  RSVT =  0.013

  Layer  Resistivity  Depth  Thickness  Conductance
  -----  -----------  -----  ---------  -----------
    1      124.8       49.0     49.0       0.393
    2     0.7579       64.5     15.6      20.549
    B      500.0    


  Model Description After  4 Iterations:  RMS error = 131.04  RSVT =  0.010

  Layer  Resistivity  Depth  Thickness  Conductance
  -----  -----------  -----  ---------  -----------
    1      134.8       52.1     52.1       0.386
    2     0.7562       67.3     15.2      20.135
    B      500.0    


  Model Description After  5 Iterations:  RMS error = 118.84  RSVT =  0.010

  Layer  Resistivity  Depth  Thickness  Conductance
  -----  -----------  -----  ---------  -----------
    1      144.8       57.5     57.5       0.397
    2     0.8864       72.9     15.5      17.465
    B      500.0    

  No further error reduction can occur using a  5 percent derivative step.
  Test derivative step =  3 percent.

  Model Description After  7 Iterations:  RMS error = 118.83  RSVT =  0.800

  Layer  Resistivity  Depth  Thickness  Conductance
  -----  -----------  -----  ---------  -----------
    1      144.8       57.3     57.3       0.396
    2     0.8834       72.6     15.3      17.331
    B      500.0    


  Model Description After  8 Iterations:  RMS error = 118.72  RSVT =  0.400

  Layer  Resistivity  Depth  Thickness  Conductance
  -----  -----------  -----  ---------  -----------
    1      144.7       57.4     57.4       0.396
    2     0.8863       72.7     15.3      17.301
    B      500.0    


  Model Description After  9 Iterations:  RMS error = 118.52  RSVT =  0.200

  Layer  Resistivity  Depth  Thickness  Conductance
  -----  -----------  -----  ---------  -----------
    1      144.7       57.5     57.5       0.397
    2     0.8903       72.8     15.4      17.259
    B      500.0    


  Predicted residual decrease < 1 percent of RMS error.
  Inversion terminated

  An alternative starting guess might achieve better results.


  ==================================================

  Final Model After 10 Iterations:  RMS error = 118.52

  Layer  Resistivity  Depth  Thickness  Conductance   ResImport   ThkImport
  -----  -----------  -----  ---------  -----------   ---------   ---------
    1      144.7       57.5     57.5       0.397        0.93        0.99
    2     0.8903       72.8     15.4      17.259        1.00        1.00
    B      500.0                                                    0.00


  Data and Misfit Final - (East, North, Elevation) =       0.000    ,      0.000    ,      20.00    

         A : Axial Component data for Station   1 of Line 1180
         ------------------------------------------------------

                   CHNL 1       CHNL 2       CHNL 3       CHNL 4       CHNL 5       CHNL 6       CHNL 7       CHNL 8       CHNL 9       CHNL 10      CHNL 11      CHNL 12      CHNL 13      CHNL 14      CHNL 15      CHNL 16      CHNL 17      CHNL 18      CHNL 19      CHNL 20 

  Survey data:   -0.000       -0.000       -0.000       -0.000        0.000        0.000       -0.000       -0.000       -0.000       -0.000       -0.000       -0.000       -0.000       -0.000        0.000        0.000        0.000       -0.000       -0.000       -0.000    
  Model data:   -0.6200E-04  -0.4491E-04  -0.4253E-04  -0.3647E-04  -0.2661E-04  -0.1087E-04   0.3411E-05   0.8567E-05   0.8688E-05   0.6977E-05   0.4568E-05   0.3106E-05   0.1444E-05  -0.1307E-05  -0.3433E-05  -0.3535E-05  -0.5438E-06   0.1889E-05   0.1877E-05   0.7394E-06
  Misfit (%):        0.0          0.0          0.0          0.0          0.0          0.0          0.0          0.0          0.0          0.0          0.0          0.0          0.0          0.0          0.0          0.0          0.0          0.0          0.0          0.0

         U : Slope Component data for Station   1 of Line 1180
         ------------------------------------------------------

                   CHNL 1       CHNL 2       CHNL 3       CHNL 4       CHNL 5       CHNL 6       CHNL 7       CHNL 8       CHNL 9       CHNL 10      CHNL 11      CHNL 12      CHNL 13      CHNL 14      CHNL 15      CHNL 16      CHNL 17      CHNL 18      CHNL 19      CHNL 20 

  Survey data:    2331.        2741.        3606.        950.0       -1442.       -1109.        23.63        57.84        1.819        15.85        39.13        85.70        93.66        24.65       -53.24       -92.54       -39.82        22.15        34.23        21.23    
  Model data:    -1418.       -1027.       -973.0       -834.4       -608.7       -248.6        78.04        196.0        198.8        159.6        104.5        71.06        33.04       -29.91       -78.54       -80.87       -12.44        43.21        42.94        16.92    
  Misfit (%):      194.3        182.1        173.4        199.6        -75.3       -107.1        -94.4        -95.6       -140.1       -126.8        -82.9         18.6         86.3        199.1         37.7        -13.4        -92.8        -61.3        -22.4         22.5


  ---------------------------------------------------------------
  Begin Inversion for Station  2 of Line 1180.  NDATA = 20
  Maximum iterations = 90   Derivative step =  5 percent.

   0 iterations completed:  RMS error =  200.00 percent.  RSVT =   0.100

  Model Description After  1 Iterations:  RMS error = 180.01  RSVT =  0.050

  Layer  Resistivity  Depth  Thickness  Conductance
  -----  -----------  -----  ---------  -----------
    1      106.8       38.2     38.2       0.358
    2     0.5628       49.5     11.3      20.042
    B      500.0    


  Model Description After  2 Iterations:  RMS error = 135.74  RSVT =  0.025

  Layer  Resistivity  Depth  Thickness  Conductance
  -----  -----------  -----  ---------  -----------
    1      137.7       49.2     49.2       0.358
    2     0.5819       62.8     13.6      23.347
    B      500.0    


  Model Description After  3 Iterations:  RMS error = 135.36  RSVT =  0.013

  Layer  Resistivity  Depth  Thickness  Conductance
  -----  -----------  -----  ---------  -----------
    1      159.4       54.2     54.2       0.340
    2     0.5261       67.0     12.8      24.338
    B      500.0    


  Model Description After  4 Iterations:  RMS error = 127.98  RSVT =  0.010

  Layer  Resistivity  Depth  Thickness  Conductance
  -----  -----------  -----  ---------  -----------
    1      161.5       57.2     57.2       0.354
    2     0.6217       70.3     13.1      21.006
    B      500.0    

  No further error reduction can occur using a  5 percent derivative step.
  Test derivative step =  3 percent.

  Model Description After  6 Iterations:  RMS error = 120.97  RSVT =  0.050

  Layer  Resistivity  Depth  Thickness  Conductance
  -----  -----------  -----  ---------  -----------
    1      160.9       62.6     62.6       0.389
    2     0.6580       76.0     13.3      20.246
    B      499.9    


  No significant error reduction during internal iterations.
  ICNT =  5;  RSVT =    3.200    
  Inversion terminated

  An alternative starting guess might achieve better results.


  ==================================================

  Final Model After  7 Iterations:  RMS error = 120.97

  Layer  Resistivity  Depth  Thickness  Conductance   ResImport   ThkImport
  -----  -----------  -----  ---------  -----------   ---------   ---------
    1      160.9       62.6     62.6       0.389        1.00        1.00
    2     0.6580       76.0     13.3      20.246        1.00        1.00
    B      499.9                                                    0.00


  Data and Misfit Final - (East, North, Elevation) =       0.000    ,      0.000    ,      40.00    

         A : Axial Component data for Station   2 of Line 1180
         ------------------------------------------------------

                   CHNL 1       CHNL 2       CHNL 3       CHNL 4       CHNL 5       CHNL 6       CHNL 7       CHNL 8       CHNL 9       CHNL 10      CHNL 11      CHNL 12      CHNL 13      CHNL 14      CHNL 15      CHNL 16      CHNL 17      CHNL 18      CHNL 19      CHNL 20 

  Survey data:   -0.000       -0.000       -0.000       -0.000        0.000        0.000        0.000       -0.000        0.000       -0.000       -0.000       -0.000       -0.000       -0.000        0.000        0.000        0.000       -0.000       -0.000       -0.000    
  Model data:   -0.4616E-04  -0.3203E-04  -0.2881E-04  -0.2412E-04  -0.1812E-04  -0.9613E-05  -0.1843E-05   0.1580E-05   0.2416E-05   0.2099E-05   0.1233E-05   0.6904E-06   0.4212E-06   0.1014E-07  -0.2871E-06  -0.3047E-06   0.5348E-07   0.3057E-06   0.2411E-06   0.4149E-07
  Misfit (%):        0.0          0.0          0.0          0.0          0.0          0.0          0.0          0.0          0.0          0.0          0.0          0.0          0.0          0.0          0.0          0.0          0.0          0.0          0.0          0.0

         U : Slope Component data for Station   2 of Line 1180
         ------------------------------------------------------

                   CHNL 1       CHNL 2       CHNL 3       CHNL 4       CHNL 5       CHNL 6       CHNL 7       CHNL 8       CHNL 9       CHNL 10      CHNL 11      CHNL 12      CHNL 13      CHNL 14      CHNL 15      CHNL 16      CHNL 17      CHNL 18      CHNL 19      CHNL 20 

  Survey data:    2352.        2195.        1985.        402.1       -805.1       -620.4       -20.83        18.32      -0.4593        8.712        13.75        26.46        30.15        5.321       -22.17       -34.62       -13.43        10.08        14.65        9.629    
  Model data:    -1056.       -732.7       -659.0       -551.9       -414.5       -219.9       -42.16        36.15        55.27        48.01        28.21        15.79        9.637       0.2319       -6.569       -6.971        1.224        6.993        5.517       0.9491    
  Misfit (%):      186.9        178.9        178.8        197.6        -61.0        -86.0         64.2        -62.2       -142.6       -113.9        -65.2         48.9         91.6        135.1        -95.4       -110.7       -153.7         35.6         82.5        126.9


  ---------------------------------------------------------------
  Begin Inversion for Station  3 of Line 1180.  NDATA = 20
  Maximum iterations = 90   Derivative step =  5 percent.

   0 iterations completed:  RMS error =  200.00 percent.  RSVT =   0.100

  Model Description After  1 Iterations:  RMS error = 185.33  RSVT =  0.050

  Layer  Resistivity  Depth  Thickness  Conductance
  -----  -----------  -----  ---------  -----------
    1      108.9       37.5     37.5       0.344
    2     0.5728       48.9     11.4      19.976
    B      500.2    


  Model Description After  2 Iterations:  RMS error = 158.45  RSVT =  0.025

  Layer  Resistivity  Depth  Thickness  Conductance
  -----  -----------  -----  ---------  -----------
    1      123.7       40.9     40.9       0.331
    2     0.6621       54.2     13.2      19.989
    B      500.2    


  Model Description After  3 Iterations:  RMS error = 143.44  RSVT =  0.013

  Layer  Resistivity  Depth  Thickness  Conductance
  -----  -----------  -----  ---------  -----------
    1      131.5       43.3     43.3       0.329
    2     0.6711       56.9     13.7      20.351
    B      500.2    


  Model Description After  4 Iterations:  RMS error = 142.12  RSVT =  0.400

  Layer  Resistivity  Depth  Thickness  Conductance
  -----  -----------  -----  ---------  -----------
    1      134.4       41.3     41.3       0.308
    2     0.6619       55.0     13.6      20.614
    B      500.2    


  Model Description After  5 Iterations:  RMS error = 142.06  RSVT =  0.800

  Layer  Resistivity  Depth  Thickness  Conductance
  -----  -----------  -----  ---------  -----------
    1      134.5       41.1     41.1       0.306
    2     0.6560       54.7     13.5      20.643
    B      500.2    


  Model Description After  6 Iterations:  RMS error = 142.04  RSVT =  0.400

  Layer  Resistivity  Depth  Thickness  Conductance
  -----  -----------  -----  ---------  -----------
    1      134.4       41.3     41.3       0.307
    2     0.6587       54.8     13.6      20.615
    B      500.2    


  Model Description After  7 Iterations:  RMS error = 142.03  RSVT =  1.600

  Layer  Resistivity  Depth  Thickness  Conductance
  -----  -----------  -----  ---------  -----------
    1      134.5       41.2     41.2       0.307
    2     0.6576       54.8     13.6      20.626
    B      500.2    


  Model Description After  8 Iterations:  RMS error = 142.03  RSVT =  0.800

  Layer  Resistivity  Depth  Thickness  Conductance
  -----  -----------  -----  ---------  -----------
    1      134.5       41.2     41.2       0.307
    2     0.6580       54.8     13.6      20.622
    B      500.2    


  Model Description After  9 Iterations:  RMS error = 142.03  RSVT =  3.200

  Layer  Resistivity  Depth  Thickness  Conductance
  -----  -----------  -----  ---------  -----------
    1      134.5       41.2     41.2       0.307
    2     0.6580       54.8     13.6      20.622
    B      500.2    

  No further error reduction can occur using a  5 percent derivative step.

  Predicted residual decrease < 1 percent of RMS error.
  Test derivative step =  3 percent.

  Error reduction after last 2 iterations < 0.5 percent.

  11 Iterations completed:  RMS error =  142.02 percent.  RSVT =   0.400
  Inversion terminated

  An alternative starting guess might achieve better results.


  ==================================================

  Final Model After 11 Iterations:  RMS error = 142.02

  Layer  Resistivity  Depth  Thickness  Conductance   ResImport   ThkImport
  -----  -----------  -----  ---------  -----------   ---------   ---------
    1      134.0       41.2     41.2       0.307        1.00        1.00
    2     0.6454       54.6     13.4      20.832        1.00        1.00
    B      500.2                                                    0.00


  Data and Misfit Final - (East, North, Elevation) =       0.000    ,      0.000    ,      60.00    

         A : Axial Component data for Station   3 of Line 1180
         ------------------------------------------------------

                   CHNL 1       CHNL 2       CHNL 3       CHNL 4       CHNL 5       CHNL 6       CHNL 7       CHNL 8       CHNL 9       CHNL 10      CHNL 11      CHNL 12      CHNL 13      CHNL 14      CHNL 15      CHNL 16      CHNL 17      CHNL 18      CHNL 19      CHNL 20 

  Survey data:   -0.000       -0.000       -0.000       -0.000        0.000        0.000        0.000       -0.000        0.000       -0.000       -0.000       -0.000       -0.000       -0.000        0.000        0.000        0.000       -0.000       -0.000       -0.000    
  Model data:   -0.7298E-04  -0.5776E-04  -0.3656E-04  -0.9020E-05   0.8500E-05   0.9859E-05   0.3440E-05   0.1173E-05   0.3455E-06   0.1823E-06   0.5803E-06   0.5911E-06   0.1771E-06  -0.1806E-06  -0.4067E-06  -0.3422E-06   0.1202E-06   0.4407E-06   0.3544E-06   0.1009E-06
  Misfit (%):        0.0          0.0          0.0          0.0          0.0          0.0          0.0          0.0          0.0          0.0          0.0          0.0          0.0          0.0          0.0          0.0          0.0          0.0          0.0          0.0

         U : Slope Component data for Station   3 of Line 1180
         ------------------------------------------------------

                   CHNL 1       CHNL 2       CHNL 3       CHNL 4       CHNL 5       CHNL 6       CHNL 7       CHNL 8       CHNL 9       CHNL 10      CHNL 11      CHNL 12      CHNL 13      CHNL 14      CHNL 15      CHNL 16      CHNL 17      CHNL 18      CHNL 19      CHNL 20 

  Survey data:    2002.        1657.        1187.        205.3       -452.4       -360.6       -32.63        2.421       -1.177        4.147        2.917        6.047        9.141       0.5389       -9.120       -12.83       -4.075        4.986        6.728        4.740    
  Model data:    -1670.       -1321.       -836.3       -206.3        194.5        225.6        78.69        26.82        7.904        4.171        13.28        13.52        4.052       -4.131       -9.304       -7.830        2.751        10.08        8.107        2.309    
  Misfit (%):      199.2        198.7        197.1        200.0       -185.8       -194.9       -184.8       -128.1       -160.7         -0.6       -107.8        -71.4         72.0        158.5          2.0        -47.0       -196.3        -64.1        -18.5         65.2


  ---------------------------------------------------------------
  Begin Inversion for Station  4 of Line 1180.  NDATA = 40
  Maximum iterations = 90   Derivative step =  5 percent.

   0 iterations completed:  RMS error =  141.34 percent.  RSVT =   0.100

  Model Description After  1 Iterations:  RMS error = 139.13  RSVT =  0.200

  Layer  Resistivity  Depth  Thickness  Conductance
  -----  -----------  -----  ---------  -----------
    1      101.0       36.4     36.4       0.360
    2     0.5073       47.0     10.6      20.949
    B      500.0    


  Model Description After  2 Iterations:  RMS error = 132.55  RSVT =  0.100

  Layer  Resistivity  Depth  Thickness  Conductance
  -----  -----------  -----  ---------  -----------
    1      101.5       36.7     36.7       0.361
    2     0.4755       47.2     10.6      22.211
    B      500.0    


  Model Description After  3 Iterations:  RMS error = 132.36  RSVT =  0.400

  Layer  Resistivity  Depth  Thickness  Conductance
  -----  -----------  -----  ---------  -----------
    1      103.2       35.7     35.7       0.346
    2     0.4676       46.2     10.4      22.281
    B      500.0    


  Model Description After  4 Iterations:  RMS error = 129.66  RSVT =  0.800

  Layer  Resistivity  Depth  Thickness  Conductance
  -----  -----------  -----  ---------  -----------
    1      103.4       35.4     35.4       0.343
    2     0.4653       45.9     10.5      22.508
    B      500.0    


  Model Description After  5 Iterations:  RMS error = 129.19  RSVT =  1.600

  Layer  Resistivity  Depth  Thickness  Conductance
  -----  -----------  -----  ---------  -----------
    1      103.4       35.4     35.4       0.342
    2     0.4651       45.9     10.5      22.553
    B      500.0    


  Model Description After  6 Iterations:  RMS error = 129.16  RSVT =  3.200

  Layer  Resistivity  Depth  Thickness  Conductance
  -----  -----------  -----  ---------  -----------
    1      103.4       35.4     35.4       0.342
    2     0.4651       45.9     10.5      22.556
    B      500.0    

  No further error reduction can occur using a  5 percent derivative step.

  Predicted residual decrease < 1 percent of RMS error.
  Test derivative step =  3 percent.

  Model Description After  8 Iterations:  RMS error = 126.58  RSVT =  0.200

  Layer  Resistivity  Depth  Thickness  Conductance
  -----  -----------  -----  ---------  -----------
    1      103.7       36.7     36.7       0.354
    2     0.4628       47.5     10.8      23.396
    B      500.0    


  Model Description After  9 Iterations:  RMS error = 126.49  RSVT =  0.800

  Layer  Resistivity  Depth  Thickness  Conductance
  -----  -----------  -----  ---------  -----------
    1      103.7       36.7     36.7       0.354
    2     0.4624       47.4     10.8      23.306
    B      500.0    


  Model Description After 10 Iterations:  RMS error = 126.49  RSVT =  1.600

  Layer  Resistivity  Depth  Thickness  Conductance
  -----  -----------  -----  ---------  -----------
    1      103.7       36.6     36.6       0.353
    2     0.4623       47.4     10.8      23.290
    B      500.0    


  Predicted residual decrease < 1 percent of RMS error.
  Inversion terminated

  An alternative starting guess might achieve better results.


  ==================================================

  Final Model After 11 Iterations:  RMS error = 126.49

  Layer  Resistivity  Depth  Thickness  Conductance   ResImport   ThkImport
  -----  -----------  -----  ---------  -----------   ---------   ---------
    1      103.7       36.6     36.6       0.353        1.00        1.00
    2     0.4623       47.4     10.8      23.290        1.00        1.00
    B      500.0                                                    0.00


  Data and Misfit Final - (East, North, Elevation) =       0.000    ,      120.0    ,      20.00    

         A : Axial Component data for Station   4 of Line 1180
         ------------------------------------------------------

                   CHNL 1       CHNL 2       CHNL 3       CHNL 4       CHNL 5       CHNL 6       CHNL 7       CHNL 8       CHNL 9       CHNL 10      CHNL 11      CHNL 12      CHNL 13      CHNL 14      CHNL 15      CHNL 16      CHNL 17      CHNL 18      CHNL 19      CHNL 20 

  Survey data:   -2631.       -1307.        792.1        1139.        625.8        117.3       -88.12       -18.94        52.70        63.25        55.37        64.45        48.42        9.188       -26.19       -43.58       -22.62        3.661        9.469        4.609    
  Model data:    -2146.       -1349.        217.3        894.5        803.8        287.8       -66.93        4.375        78.22        78.63        63.06        68.18        49.17        8.719       -27.09       -44.45       -23.07        3.655        9.744        4.989    
  Misfit (%):      -20.2          3.1         99.0         23.8        -24.7        -77.6        -27.1       -169.6        -38.3        -21.6        -13.0         -5.6         -1.5          5.2          3.4          2.0          2.0          0.2         -2.9         -7.9

         U : Slope Component data for Station   4 of Line 1180
         ------------------------------------------------------

                   CHNL 1       CHNL 2       CHNL 3       CHNL 4       CHNL 5       CHNL 6       CHNL 7       CHNL 8       CHNL 9       CHNL 10      CHNL 11      CHNL 12      CHNL 13      CHNL 14      CHNL 15      CHNL 16      CHNL 17      CHNL 18      CHNL 19      CHNL 20 

  Survey data:    1954.        1630.        1090.        262.0       -286.8       -316.0       -108.9       -45.93       -22.59       -11.47       -6.257        11.86        21.82        11.59       -2.818       -12.07       -5.613        3.693        5.551        3.737    
  Model data:    -1845.       -1560.       -1079.       -370.7        123.8        231.9        97.05        16.05       -20.41       -26.22       -15.61       -15.54       -9.756        10.24        27.03        29.42        7.970       -11.21       -13.18       -6.801    
  Misfit (%):      199.9        200.0        200.0        197.1       -185.9       -197.7       -199.7       -180.2        -10.1         72.9         78.7        198.2        186.8         12.3       -155.3       -184.5       -197.1        178.6        185.2        192.0


  ---------------------------------------------------------------
  Begin Inversion for Station  5 of Line 1180.  NDATA = 40
  Maximum iterations = 90   Derivative step =  5 percent.

   0 iterations completed:  RMS error =  141.34 percent.  RSVT =   0.100

  Model Description After  1 Iterations:  RMS error = 139.13  RSVT =  0.200

  Layer  Resistivity  Depth  Thickness  Conductance
  -----  -----------  -----  ---------  -----------
    1      101.0       36.4     36.4       0.360
    2     0.5073       47.0     10.6      20.949
    B      500.0    


  Model Description After  2 Iterations:  RMS error = 132.55  RSVT =  0.100

  Layer  Resistivity  Depth  Thickness  Conductance
  -----  -----------  -----  ---------  -----------
    1      101.5       36.7     36.7       0.361
    2     0.4755       47.2     10.6      22.211
    B      500.0    


  Model Description After  3 Iterations:  RMS error = 132.36  RSVT =  0.400

  Layer  Resistivity  Depth  Thickness  Conductance
  -----  -----------  -----  ---------  -----------
    1      103.2       35.7     35.7       0.346
    2     0.4676       46.2     10.4      22.281
    B      500.0    


  Model Description After  4 Iterations:  RMS error = 129.66  RSVT =  0.800

  Layer  Resistivity  Depth  Thickness  Conductance
  -----  -----------  -----  ---------  -----------
    1      103.4       35.4     35.4       0.343
    2     0.4653       45.9     10.5      22.508
    B      500.0    


  Model Description After  5 Iterations:  RMS error = 129.19  RSVT =  1.600

  Layer  Resistivity  Depth  Thickness  Conductance
  -----  -----------  -----  ---------  -----------
    1      103.4       35.4     35.4       0.342
    2     0.4651       45.9     10.5      22.553
    B      500.0    


  Model Description After  6 Iterations:  RMS error = 129.16  RSVT =  3.200

  Layer  Resistivity  Depth  Thickness  Conductance
  -----  -----------  -----  ---------  -----------
    1      103.4       35.4     35.4       0.342
    2     0.4651       45.9     10.5      22.556
    B      500.0    

  No further error reduction can occur using a  5 percent derivative step.

  Predicted residual decrease < 1 percent of RMS error.
  Test derivative step =  3 percent.

  Model Description After  8 Iterations:  RMS error = 126.58  RSVT =  0.200

  Layer  Resistivity  Depth  Thickness  Conductance
  -----  -----------  -----  ---------  -----------
    1      103.7       36.7     36.7       0.354
    2     0.4628       47.5     10.8      23.396
    B      500.0    


  Model Description After  9 Iterations:  RMS error = 126.49  RSVT =  0.800

  Layer  Resistivity  Depth  Thickness  Conductance
  -----  -----------  -----  ---------  -----------
    1      103.7       36.7     36.7       0.354
    2     0.4624       47.4     10.8      23.306
    B      500.0    


  Model Description After 10 Iterations:  RMS error = 126.49  RSVT =  1.600

  Layer  Resistivity  Depth  Thickness  Conductance
  -----  -----------  -----  ---------  -----------
    1      103.7       36.6     36.6       0.353
    2     0.4623       47.4     10.8      23.290
    B      500.0    


  Predicted residual decrease < 1 percent of RMS error.
  Inversion terminated

  An alternative starting guess might achieve better results.


  ==================================================

  Final Model After 11 Iterations:  RMS error = 126.49

  Layer  Resistivity  Depth  Thickness  Conductance   ResImport   ThkImport
  -----  -----------  -----  ---------  -----------   ---------   ---------
    1      103.7       36.6     36.6       0.353        1.00        1.00
    2     0.4623       47.4     10.8      23.290        1.00        1.00
    B      500.0                                                    0.00


  Data and Misfit Final - (East, North, Elevation) =       0.000    ,      120.0    ,      20.00    

         A : Axial Component data for Station   5 of Line 1180
         ------------------------------------------------------

                   CHNL 1       CHNL 2       CHNL 3       CHNL 4       CHNL 5       CHNL 6       CHNL 7       CHNL 8       CHNL 9       CHNL 10      CHNL 11      CHNL 12      CHNL 13      CHNL 14      CHNL 15      CHNL 16      CHNL 17      CHNL 18      CHNL 19      CHNL 20 

  Survey data:   -2631.       -1307.        792.1        1139.        625.8        117.3       -88.12       -18.94        52.70        63.25        55.37        64.45        48.42        9.188       -26.19       -43.58       -22.62        3.661        9.469        4.609    
  Model data:    -2146.       -1349.        217.3        894.5        803.8        287.8       -66.93        4.375        78.22        78.63        63.06        68.18        49.17        8.719       -27.09       -44.45       -23.07        3.655        9.744        4.989    
  Misfit (%):      -20.2          3.1         99.0         23.8        -24.7        -77.6        -27.1       -169.6        -38.3        -21.6        -13.0         -5.6         -1.5          5.2          3.4          2.0          2.0          0.2         -2.9         -7.9

         U : Slope Component data for Station   5 of Line 1180
         ------------------------------------------------------

                   CHNL 1       CHNL 2       CHNL 3       CHNL 4       CHNL 5       CHNL 6       CHNL 7       CHNL 8       CHNL 9       CHNL 10      CHNL 11      CHNL 12      CHNL 13      CHNL 14      CHNL 15      CHNL 16      CHNL 17      CHNL 18      CHNL 19      CHNL 20 

  Survey data:    1954.        1630.        1090.        262.0       -286.8       -316.0       -108.9       -45.93       -22.59       -11.47       -6.257        11.86        21.82        11.59       -2.818       -12.07       -5.613        3.693        5.551        3.737    
  Model data:    -1845.       -1560.       -1079.       -370.7        123.8        231.9        97.05        16.05       -20.41       -26.22       -15.61       -15.54       -9.756        10.24        27.03        29.42        7.970       -11.21       -13.18       -6.801    
  Misfit (%):      199.9        200.0        200.0        197.1       -185.9       -197.7       -199.7       -180.2        -10.1         72.9         78.7        198.2        186.8         12.3       -155.3       -184.5       -197.1        178.6        185.2        192.0


  ---------------------------------------------------------------
  Begin Inversion for Station  6 of Line 1180.  NDATA = 40
  Maximum iterations = 90   Derivative step =  5 percent.

   0 iterations completed:  RMS error =  138.52 percent.  RSVT =   0.100

  Model Description After  1 Iterations:  RMS error = 135.99  RSVT =  0.050

  Layer  Resistivity  Depth  Thickness  Conductance
  -----  -----------  -----  ---------  -----------
    1      104.5       35.0     35.0       0.335
    2     0.5164       45.5     10.5      20.297
    B      500.1    


  Model Description After  2 Iterations:  RMS error = 135.53  RSVT =  0.025

  Layer  Resistivity  Depth  Thickness  Conductance
  -----  -----------  -----  ---------  -----------
    1      106.6       35.3     35.3       0.331
    2     0.5340       46.1     10.8      20.144
    B      500.1    


  Model Description After  3 Iterations:  RMS error = 135.00  RSVT =  0.013

  Layer  Resistivity  Depth  Thickness  Conductance
  -----  -----------  -----  ---------  -----------
    1      109.4       35.8     35.8       0.327
    2     0.5480       46.8     11.0      20.060
    B      500.1    


  Model Description After  4 Iterations:  RMS error = 134.74  RSVT =  0.010

  Layer  Resistivity  Depth  Thickness  Conductance
  -----  -----------  -----  ---------  -----------
    1      113.8       36.6     36.6       0.321
    2     0.5572       47.7     11.2      20.024
    B      546.2    


  Model Description After  5 Iterations:  RMS error = 134.08  RSVT =  0.010

  Layer  Resistivity  Depth  Thickness  Conductance
  -----  -----------  -----  ---------  -----------
    1      116.9       36.7     36.7       0.314
    2     0.5672       48.0     11.3      20.007
    B      546.6    


  Model Description After  6 Iterations:  RMS error = 133.29  RSVT =  0.320

  Layer  Resistivity  Depth  Thickness  Conductance
  -----  -----------  -----  ---------  -----------
    1      120.3       37.4     37.4       0.311
    2     0.5526       48.4     11.0      19.913
    B      546.6    


  Model Description After  7 Iterations:  RMS error = 132.97  RSVT =  0.160

  Layer  Resistivity  Depth  Thickness  Conductance
  -----  -----------  -----  ---------  -----------
    1      123.4       37.9     37.9       0.307
    2     0.5513       48.9     11.0      19.958
    B      546.6    


  Model Description After  8 Iterations:  RMS error = 132.55  RSVT =  0.080

  Layer  Resistivity  Depth  Thickness  Conductance
  -----  -----------  -----  ---------  -----------
    1      127.6       38.3     38.3       0.300
    2     0.5595       49.4     11.1      19.831
    B      546.7    


  Model Description After  9 Iterations:  RMS error = 132.32  RSVT =  0.040

  Layer  Resistivity  Depth  Thickness  Conductance
  -----  -----------  -----  ---------  -----------
    1      138.5       39.7     39.7       0.287
    2     0.5787       51.0     11.3      19.555
    B      547.0    

  No further error reduction can occur using a  5 percent derivative step.
  Test derivative step =  3 percent.

  Error reduction after last 2 iterations < 0.5 percent.

  11 Iterations completed:  RMS error =  132.26 percent.  RSVT =   1.600
  Inversion terminated

  An alternative starting guess might achieve better results.


  ==================================================

  Final Model After 11 Iterations:  RMS error = 132.26

  Layer  Resistivity  Depth  Thickness  Conductance   ResImport   ThkImport
  -----  -----------  -----  ---------  -----------   ---------   ---------
    1      138.5       39.8     39.8       0.287        1.00        1.00
    2     0.5775       51.1     11.3      19.603        1.00        1.00
    B      547.0                                                    0.07


  Data and Misfit Final - (East, North, Elevation) =       0.000    ,      120.0    ,      60.00    

         A : Axial Component data for Station   6 of Line 1180
         ------------------------------------------------------

                   CHNL 1       CHNL 2       CHNL 3       CHNL 4       CHNL 5       CHNL 6       CHNL 7       CHNL 8       CHNL 9       CHNL 10      CHNL 11      CHNL 12      CHNL 13      CHNL 14      CHNL 15      CHNL 16      CHNL 17      CHNL 18      CHNL 19      CHNL 20 

  Survey data:   -427.7       -293.1        119.7        300.4        263.3        95.84       -22.34       -5.967        15.17        15.81        11.39        12.44        9.087        2.434       -3.257       -6.284       -3.617       0.1407        1.026       0.3946    
  Model data:    -340.5       -170.7        137.0        224.7        168.3        57.59       -9.010        1.635        14.59        14.81        11.92        13.04        9.979        3.070       -3.161       -6.500       -3.469       0.6250        1.443       0.5792    
  Misfit (%):      -22.6        -51.0        -13.5         28.5         43.0         48.4        -78.3       -173.8          3.9          6.5         -4.6         -4.7         -9.3        -22.9         -3.0          3.4         -4.2       -106.9        -33.3        -37.3

         U : Slope Component data for Station   6 of Line 1180
         ------------------------------------------------------

                   CHNL 1       CHNL 2       CHNL 3       CHNL 4       CHNL 5       CHNL 6       CHNL 7       CHNL 8       CHNL 9       CHNL 10      CHNL 11      CHNL 12      CHNL 13      CHNL 14      CHNL 15      CHNL 16      CHNL 17      CHNL 18      CHNL 19      CHNL 20 

  Survey data:    1235.        897.5        512.3        153.2       -60.30       -112.7       -58.12       -19.89       -2.253       0.6592       -4.031       -2.107        1.436       0.9400      -0.2690      -0.8653       0.1430E-01   0.9756        1.180        1.002    
  Model data:    -1116.       -742.3       -348.9       -64.08        70.29        80.51        30.15        10.03        2.825       0.9787        2.998        2.305       0.2365       0.1746       0.5039       0.5467       0.6608E-02  -0.4832      -0.6511      -0.6398    
  Misfit (%):      199.7        199.1        196.5        185.0       -199.4       -197.3       -190.7       -190.0       -198.7        -38.3       -197.9       -199.8        116.6        113.2       -191.4       -195.1         69.1        189.5        192.1        195.3

  Beowulf inversion run completed at 14:52:07 on 14/01/2020 using        11.20 secs

