
  ------------------------------------------------------------------------------
  | Program:  Beowulf                                 
  | Version:  4.7.1                                   
  | Date:     01 August, 2018                         
  |
  | Authors:  CSIRO Electromagnetic Modelling Group   
  |           Art Raiche, Fred Sugeng and Glenn Wilson
  | Project:  AMIRA P223F                             
  |
  | Compiler: GCC version 9.1.0
  | Options:  -march=broadwell -mmmx -mno-3dnow -msse -msse2 -msse3 -mssse3 -mno-sse4a -mcx16 -msahf -mmovbe -maes -mno-sha -mpclmul -mpopcnt -mabm -mno-lwp -mfma -mno-fma4 -mno-xop -mbmi -mno-sgx -mbmi2 -mno-pconfig -mno-wbnoinvd -mno-tbm -mavx -mavx2 -msse4.2 -msse4.1 -mlzcnt -mrtm -mhle -mrdrnd -mf16c -mfsgsbase -mrdseed -mprfchw -madx -mfxsr -mxsave -mxsaveopt -mno-avx512f -mno-avx512er -mno-avx512cd -mno-avx512pf -mno-prefetchwt1 -mno-clflushopt -mno-xsavec -mno-xsaves -mno-avx512dq -mno-avx512bw -mno-avx512vl -mno-avx512ifma -mno-avx512vbmi -mno-avx5124fmaps -mno-avx5124vnniw -mno-clwb -mno-mwaitx -mno-clzero -mno-pku -mno-rdpid -mno-gfni -mno-shstk -mno-avx512vbmi2 -mno-avx512vnni -mno-vaes -mno-vpclmulqdq -mno-avx512bitalg -mno-movdiri -mno-movdir64b -mno-waitpkg -mno-cldemote -mno-ptwrite --param l1-cache-size=32 --param l1-cache-line-size=64 --param l2-cache-size=35840 -mtune=broadwell -O3 -fwhole-program
  |
  | Started:  14/01/2020 at 14:51:56
  ------------------------------------------------------------------------------


  TDFD = 1;   ISYS = 0;   ISTOP = 0

          +-----------------------------------------+
          +  Time-Domain Ground System Information  +
          +-----------------------------------------+

  STEP = 0;   NSX =   4;   NCHNL =  20;   KRXW = 2;   REFTYM =   30.00    ;   OFFTYM =   30.00    


             TXON (ms)    Transmitter current (amps)
             ---------    --------------------------

      1        0.000         0.000    
      2        0.400         10.00    
      3       29.600         10.00    
      4       30.000         0.000    


         Receiver channel origin INPUT is shifted by   30.000 ms from signal origin.

         Receiver Window Specifications (ms - referenced to signal origin)
         ----------------------------------------------------------------

                                                             Referenced
       Window     Open       Close       Width     Centre      Centre
       ------     ----       -----       -----     ------      ------
          1      30.315      30.659      0.344      30.487      0.487
          2      30.707      31.051      0.344      30.879      0.879
          3      31.099      31.443      0.344      31.271      1.271
          4      31.491      31.835      0.344      31.663      1.663
          5      31.883      32.227      0.344      32.055      2.055
          6      32.275      33.011      0.736      32.643      2.643
          7      33.059      33.795      0.736      33.427      3.427
          8      33.843      34.579      0.736      34.211      4.211
          9      34.627      35.363      0.736      34.995      4.995
         10      35.411      36.147      0.736      35.779      5.779
         11      36.195      37.715      1.520      36.955      6.955
         12      37.763      39.283      1.520      38.523      8.523
         13      39.331      40.851      1.520      40.091     10.091
         14      40.899      42.419      1.520      41.659     11.659
         15      42.467      43.987      1.520      43.227     13.227
         16      44.035      47.123      3.088      45.579     15.579
         17      47.171      50.259      3.088      48.715     18.715
         18      50.307      53.395      3.088      51.851     21.851
         19      53.443      56.531      3.088      54.987     24.987
         20      56.579      59.667      3.088      58.123     28.123


  SURVEY_TYPE = 1

  NLINES =  1;   MRXL =   8;   NTX =  1;   SOURCE_TYPE = 1;   MXVRTX = 6;   NTRN =  1

  Vertex Locations for Loop Sources
  ---------------------------------

  Transmitter  1 has  4 vertices:

            Easting      Northing      Elevation
            -------      --------      ---------
    1       -100.00        100.00          0.00
    2        100.00        100.00          0.00
    3        100.00       -100.00          0.00
    4       -100.00       -100.00          0.00


  Line     1040;   Tx Index  1;   Rx Type = 1;   NRX =  4;   Units =  3

        CMP =  13;   KNORM = 0;   IPLT = 1;   IDH = 0;   SV_AZM =    0.0;   RXMNT =   1000.    

          Magnetic Dipole Receivers
          -------------------------

         Easting     Northing   Elevation
         -------     --------   ---------
   1         0.0         0.0         0.0
   2         0.0        70.0         0.0
   3         0.0       130.0         0.0
   4         0.0       200.0         0.0


  NLAYER =  3;   NLITH =  3


                          LITHOLOGY PROPERTIES
                          --------------------

                      Relative   Relative     Cole-Cole Parameters
        Resistivity      S   MU   EP   Dielectric    CHRG      CTAU   CFREQ

   1    100.00       -1.0000        150.00        1.0000        1.0000        0.0000        0.0000    
   2   0.50000       -1.0000        220.00        1.0000        1.0000        0.0000        0.0000    
   3    500.00       -1.0000        200.00        1.0000        1.0000        0.0000        0.0000    


  LAYERED EARTH INPUT DATA
  ------------------------

   1   1   35.0   J, LITHL(J), THK(J)
   2   2   10.0   J, LITHL(J), THK(J)
   3   3             Basement Lithology

  -------------------
  Primary fields (T):     1.0000E+00    1.0000E+00    1.0000E+00    1.0000E+00


  Before computation begins, Beowulf may transform array and model coordinates
  from GPS coordinates where elevation increases positive upwards to a
  body-centred system where depth increases positive downwards.
  In this system, the dip of magnetic dipole transmitters and receivers
  = 0 for vertical dipoles and 90 for horizontal dipoles.

  The computational horizontal origin remains unchanged.

  Transformed transmitter and receiver locations for Line   1040
  Survey aximuth =   0.degrees clockwise from North.

  Transformed Vertex Locations for Loop Sources
  ---------------------------------------------

      Transmitter  1 has  4 vertices.

         Easting   Northing

    1    -100.00     100.00      -0.00
    2     100.00     100.00      -0.00
    3     100.00    -100.00      -0.00
    4    -100.00    -100.00      -0.00


  Transformed Locations for Magnetic Dipole Receivers in Line   1040
  ------------------------------------------------------------------

        Easting   Northing      Depth   Moment
        -------   --------      -----   ------
   1       0.00       0.00      -0.00   1000.    
   2       0.00      70.00      -0.00   1000.    
   3       0.00     130.00      -0.00   1000.    
   4       0.00     200.00      -0.00   1000.    


  Plot points for receivers on Line   1040

            East        North     Elev
            ----        -----     ----

   1          0.0          0.0      0.0
   2          0.0         70.0      0.0
   3          0.0        130.0      0.0
   4          0.0        200.0      0.0


          +------------------------------------------+
          +  Initial Layered Earth Model Parameters  +
          +------------------------------------------+

                    Depth
 Layer  Thickness   to Top    Resistivity   MU-R   EPS-R   CHRG    CFREQ    CTAU
 -----  ---------   ------    -----------   ----   -----   ----    -----    ----
   1       35.0        0.0      100.0     150.00   1.00    0.00    1.00      0.0    
   2       10.0       35.0     0.5000     220.00   1.00    0.00    1.00      0.0    
   3                  45.0      500.0     200.00   1.00    0.00    1.00      0.0    



---------------------------------------------------------------------------
                       END OF INPUT DATA DESCRIPTION
---------------------------------------------------------------------------


  -----------------------------------------------------
  Inversion Controls for Layer Parameters using Beowulf
  -----------------------------------------------------

  NFIX =  0   MAXITS = 90   CNVRG = 1   INVPRT = 2

  The inversion will finish if the RMS error is less than  0.1 percent
  or for some other as yet undisclosed reason.
  A maximum of 90 iterations will be allowed.
  The inversion sequence will use 2 numerical derivative steps
  Values in percent:  5  3

  All parameters will be allowed to vary during inversion

  FD_ORDER = 0

  Inversion controls and data for Line 1040
  KMP =  13    CMP =  13
  Time-Domain Data Floor =  0.1000E-01


  SURVEY DATA
  -----------


  Line 1040    Magnetic dipole Rx    Survey azimuth =   0 degrees    Units = microvolts    Plot point: Rx

         Z : Vertical Component Survey Data for Line 1040
         -----------------------------------------------

          RECEIVER POSITIONS            CHNL 1       CHNL 2       CHNL 3       CHNL 4       CHNL 5       CHNL 6       CHNL 7       CHNL 8       CHNL 9      CHNL 10      CHNL 11      CHNL 12      CHNL 13      CHNL 14      CHNL 15      CHNL 16      CHNL 17      CHNL 18      CHNL 19      CHNL 20 
        Easting    Northing     Elev   0.3049E-01   0.3088E-01   0.3127E-01   0.3166E-01   0.3206E-01   0.3264E-01   0.3343E-01   0.3421E-01   0.3500E-01   0.3578E-01   0.3696E-01   0.3852E-01   0.4009E-01   0.4166E-01   0.4323E-01   0.4558E-01   0.4872E-01   0.5185E-01   0.5499E-01   0.5812E-01

  1         0.0         0.0      0.0    1403.        2935.        7022.        2409.       -2607.       -2053.        151.0        151.0       -2.680        6.021        78.90        245.6        283.0        96.18       -125.0       -246.8       -113.5        52.02        84.15        49.92    
  2         0.0        70.0      0.0    6585.        3379.        564.9       -453.4       -550.7       -390.1       -146.5       -37.66       -37.66       -72.82       -103.3       -65.66       -6.432        21.12        27.97        23.21        10.55      -0.2939       -2.648       0.1229    
  3         0.0       130.0      0.0   -5153.       -1908.        2658.        2545.        786.9       -146.1       -209.4       -39.00        105.0        138.8        130.5        155.8        120.2        20.75       -70.75       -114.5       -56.81        13.39        28.47        14.97    
  4         0.0       200.0      0.0    181.4       -612.1       -1882.       -498.6        965.1        692.1       -47.25       -48.00        3.288      -0.7665       -21.40       -62.52       -70.36       -18.43        41.45        71.77        30.74       -16.95       -25.35       -14.36    

         X : Radial Component Survey Data for Line 1040
         ---------------------------------------------

          RECEIVER POSITIONS            CHNL 1       CHNL 2       CHNL 3       CHNL 4       CHNL 5       CHNL 6       CHNL 7       CHNL 8       CHNL 9      CHNL 10      CHNL 11      CHNL 12      CHNL 13      CHNL 14      CHNL 15      CHNL 16      CHNL 17      CHNL 18      CHNL 19      CHNL 20 
        Easting    Northing     Elev   0.3049E-01   0.3088E-01   0.3127E-01   0.3166E-01   0.3206E-01   0.3264E-01   0.3343E-01   0.3421E-01   0.3500E-01   0.3578E-01   0.3696E-01   0.3852E-01   0.4009E-01   0.4166E-01   0.4323E-01   0.4558E-01   0.4872E-01   0.5185E-01   0.5499E-01   0.5812E-01

  1         0.0         0.0      0.0    0.000        0.000        0.000        0.000        0.000        0.000        0.000        0.000        0.000        0.000        0.000        0.000        0.000        0.000        0.000        0.000        0.000        0.000        0.000        0.000    
  2         0.0        70.0      0.0   -2455.       -2865.       -1589.        287.3        1203.        669.0       -74.79       -43.70        9.611       -20.97       -32.76        19.73        49.10        41.01        18.07       -5.763       -10.50       -5.483       -4.396       -4.562    
  3         0.0       130.0      0.0   -2021.       -2494.       -1594.        51.12        968.6        628.6        46.80        74.38        107.9        61.76       -4.524       -43.19       -48.49       -25.46        2.995        21.59        9.784       -8.256       -11.55       -7.535    
  4         0.0       200.0      0.0   -52.74        405.8        279.4       -858.9       -1396.       -490.8        282.9        28.93       -154.1       -122.1       -4.868        66.23        81.17        52.02        7.555       -26.22       -13.50        10.79        14.54        8.680    


 =========================================================================
  BEGIN INVERSION - TITLE = Generate 3 lines of closed loop data over 3 layers for magnetic and electric dipole receivers (Use Leroi!)
  ---------------


  ---------------------------------------------------------------
  Begin Inversion for Station  1 of Line 1040.  NDATA = 20
  Maximum iterations = 90   Derivative step =  5 percent.

   0 iterations completed:  RMS error =    0.01 percent.  RSVT =   0.100
  No further error reduction can occur using a  5 percent derivative step.

  Predicted residual decrease < 1 percent of RMS error.
  Test derivative step =  3 percent.

  Convergence within RMS error threshold of   0.10 has been achieved.

   2 Iterations completed:  RMS error =    0.01 percent.  RSVT =   0.200


  ==================================================

  Final Model After  2 Iterations:  RMS error =   0.01

  Layer  Resistivity  Depth  Thickness  Conductance   ResImport   ThkImport
  -----  -----------  -----  ---------  -----------   ---------   ---------
    1      100.0       35.0     35.0       0.350        1.00        1.00
    2     0.5000       45.0     10.0      20.000        1.00        1.00
    B      500.0                                                    0.00


  Data and Misfit Final - (East, North, Elevation) =       0.000    ,      0.000    ,      0.000    

         Z : Vertical Component data for Station   1 of Line 1040
         ---------------------------------------------------------

                   CHNL 1       CHNL 2       CHNL 3       CHNL 4       CHNL 5       CHNL 6       CHNL 7       CHNL 8       CHNL 9       CHNL 10      CHNL 11      CHNL 12      CHNL 13      CHNL 14      CHNL 15      CHNL 16      CHNL 17      CHNL 18      CHNL 19      CHNL 20 

  Survey data:    1403.        2935.        7022.        2409.       -2607.       -2053.        151.0        151.0       -2.680        6.021        78.90        245.6        283.0        96.18       -125.0       -246.8       -113.5        52.02        84.15        49.92    
  Model data:     1403.        2935.        7022.        2409.       -2607.       -2053.        151.0        151.0       -2.681        6.022        78.90        245.6        283.0        96.18       -125.0       -246.8       -113.5        52.02        84.15        49.92    
  Misfit (%):       -0.0         -0.0          0.0         -0.0         -0.0         -0.0          0.0          0.0          0.0         -0.0          0.0          0.0         -0.0         -0.0          0.0          0.0         -0.0         -0.0         -0.0          0.0

         X : Radial Component data for Station   1 of Line 1040
         -------------------------------------------------------

                   CHNL 1       CHNL 2       CHNL 3       CHNL 4       CHNL 5       CHNL 6       CHNL 7       CHNL 8       CHNL 9       CHNL 10      CHNL 11      CHNL 12      CHNL 13      CHNL 14      CHNL 15      CHNL 16      CHNL 17      CHNL 18      CHNL 19      CHNL 20 

  Survey data:    0.000        0.000        0.000        0.000        0.000        0.000        0.000        0.000        0.000        0.000        0.000        0.000        0.000        0.000        0.000        0.000        0.000        0.000        0.000        0.000    
  Model data:     0.000        0.000        0.000        0.000        0.000        0.000        0.000        0.000        0.000        0.000        0.000        0.000        0.000        0.000        0.000        0.000        0.000        0.000        0.000        0.000    
  Misfit (%):        0.0          0.0          0.0          0.0          0.0          0.0          0.0          0.0          0.0          0.0          0.0          0.0          0.0          0.0          0.0          0.0          0.0          0.0          0.0          0.0


  ---------------------------------------------------------------
  Begin Inversion for Station  2 of Line 1040.  NDATA = 40
  Maximum iterations = 90   Derivative step =  5 percent.

   0 iterations completed:  RMS error =    0.08 percent.  RSVT =   0.100

  Convergence within RMS error threshold of   0.10 has been achieved.

   1 Iterations completed:  RMS error =    0.06 percent.  RSVT =   0.050


  ==================================================

  Final Model After  1 Iterations:  RMS error =   0.06

  Layer  Resistivity  Depth  Thickness  Conductance   ResImport   ThkImport
  -----  -----------  -----  ---------  -----------   ---------   ---------
    1      100.0       35.0     35.0       0.350        1.00        1.00
    2     0.5000       45.0     10.0      20.000        1.00        1.00
    B      500.0                                                    0.00


  Data and Misfit Final - (East, North, Elevation) =       0.000    ,      70.00    ,      0.000    

         Z : Vertical Component data for Station   2 of Line 1040
         ---------------------------------------------------------

                   CHNL 1       CHNL 2       CHNL 3       CHNL 4       CHNL 5       CHNL 6       CHNL 7       CHNL 8       CHNL 9       CHNL 10      CHNL 11      CHNL 12      CHNL 13      CHNL 14      CHNL 15      CHNL 16      CHNL 17      CHNL 18      CHNL 19      CHNL 20 

  Survey data:    6585.        3379.        564.9       -453.4       -550.7       -390.1       -146.5       -37.66       -37.66       -72.82       -103.3       -65.66       -6.432        21.12        27.97        23.21        10.55      -0.2939       -2.648       0.1229    
  Model data:     6585.        3379.        564.8       -453.4       -550.7       -390.1       -146.5       -37.66       -37.67       -72.83       -103.3       -65.65       -6.431        21.12        27.97        23.21        10.55      -0.2947       -2.649       0.1226    
  Misfit (%):        0.0          0.0          0.0          0.0          0.0         -0.0         -0.0          0.0          0.0          0.0         -0.0         -0.0         -0.0         -0.0         -0.0         -0.0          0.0          0.3          0.0          0.2

         X : Radial Component data for Station   2 of Line 1040
         -------------------------------------------------------

                   CHNL 1       CHNL 2       CHNL 3       CHNL 4       CHNL 5       CHNL 6       CHNL 7       CHNL 8       CHNL 9       CHNL 10      CHNL 11      CHNL 12      CHNL 13      CHNL 14      CHNL 15      CHNL 16      CHNL 17      CHNL 18      CHNL 19      CHNL 20 

  Survey data:   -2455.       -2865.       -1589.        287.3        1203.        669.0       -74.79       -43.70        9.611       -20.97       -32.76        19.73        49.10        41.01        18.07       -5.763       -10.50       -5.483       -4.396       -4.562    
  Model data:    -2455.       -2864.       -1588.        287.4        1203.        669.0       -74.83       -43.71        9.616       -20.97       -32.76        19.74        49.11        41.01        18.07       -5.765       -10.50       -5.483       -4.395       -4.562    
  Misfit (%):        0.0         -0.0         -0.0         -0.0         -0.0          0.0          0.1          0.0         -0.0         -0.0          0.0         -0.0         -0.0         -0.0         -0.0          0.0          0.0         -0.0         -0.0         -0.0


  ---------------------------------------------------------------
  Begin Inversion for Station  3 of Line 1040.  NDATA = 40
  Maximum iterations = 90   Derivative step =  5 percent.

   0 iterations completed:  RMS error =    0.82 percent.  RSVT =   0.100
  No further error reduction can occur using a  5 percent derivative step.

  Predicted residual decrease < 1 percent of RMS error.
  Test derivative step =  3 percent.

  Model Description After  2 Iterations:  RMS error =   0.77  RSVT =  0.050

  Layer  Resistivity  Depth  Thickness  Conductance
  -----  -----------  -----  ---------  -----------
    1      100.0       35.0     35.0       0.350
    2     0.5002       45.0     10.0      20.002
    B      500.0    


  Model Description After  3 Iterations:  RMS error =   0.76  RSVT =  0.025

  Layer  Resistivity  Depth  Thickness  Conductance
  -----  -----------  -----  ---------  -----------
    1      100.1       35.0     35.0       0.350
    2     0.5009       45.0     10.0      19.989
    B      500.0    


  No significant error reduction during internal iterations.
  ICNT =  5;  RSVT =    1.600    
  Inversion terminated


  ==================================================

  Final Model After  4 Iterations:  RMS error =   0.76

  Layer  Resistivity  Depth  Thickness  Conductance   ResImport   ThkImport
  -----  -----------  -----  ---------  -----------   ---------   ---------
    1      100.1       35.0     35.0       0.350        1.00        1.00
    2     0.5009       45.0     10.0      19.989        1.00        1.00
    B      500.0                                                    0.00


  Data and Misfit Final - (East, North, Elevation) =       0.000    ,      130.0    ,      0.000    

         Z : Vertical Component data for Station   3 of Line 1040
         ---------------------------------------------------------

                   CHNL 1       CHNL 2       CHNL 3       CHNL 4       CHNL 5       CHNL 6       CHNL 7       CHNL 8       CHNL 9       CHNL 10      CHNL 11      CHNL 12      CHNL 13      CHNL 14      CHNL 15      CHNL 16      CHNL 17      CHNL 18      CHNL 19      CHNL 20 

  Survey data:   -5153.       -1908.        2658.        2545.        786.9       -146.1       -209.4       -39.00        105.0        138.8        130.5        155.8        120.2        20.75       -70.75       -114.5       -56.81        13.39        28.47        14.97    
  Model data:    -5148.       -1908.        2651.        2542.        788.8       -145.0       -210.3       -39.47        104.7        138.5        130.4        156.2        120.8        21.18       -70.65       -114.7       -56.95        13.39        28.50        14.99    
  Misfit (%):       -0.1         -0.0          0.3          0.1         -0.2         -0.7          0.4          1.2          0.2          0.2          0.1         -0.2         -0.5         -2.0         -0.1          0.2          0.3          0.0         -0.1         -0.1

         X : Radial Component data for Station   3 of Line 1040
         -------------------------------------------------------

                   CHNL 1       CHNL 2       CHNL 3       CHNL 4       CHNL 5       CHNL 6       CHNL 7       CHNL 8       CHNL 9       CHNL 10      CHNL 11      CHNL 12      CHNL 13      CHNL 14      CHNL 15      CHNL 16      CHNL 17      CHNL 18      CHNL 19      CHNL 20 

  Survey data:   -2021.       -2494.       -1594.        51.12        968.6        628.6        46.80        74.38        107.9        61.76       -4.524       -43.19       -48.49       -25.46        2.995        21.59        9.784       -8.256       -11.55       -7.535    
  Model data:    -2024.       -2494.       -1591.        52.21        966.8        627.0        46.46        74.07        107.6        61.49       -4.565       -42.88       -48.03       -25.15        3.069        21.47        9.688       -8.249       -11.52       -7.515    
  Misfit (%):        0.2         -0.0         -0.2         -2.1          0.2          0.3          0.7          0.4          0.3          0.4          0.9         -0.7         -0.9         -1.2         -2.4          0.6          1.0         -0.1         -0.3         -0.3


  ---------------------------------------------------------------
  Begin Inversion for Station  4 of Line 1040.  NDATA = 40
  Maximum iterations = 90   Derivative step =  5 percent.

   0 iterations completed:  RMS error =   38.97 percent.  RSVT =   0.100

  Model Description After  1 Iterations:  RMS error =  16.11  RSVT =  0.400

  Layer  Resistivity  Depth  Thickness  Conductance
  -----  -----------  -----  ---------  -----------
    1      100.0       35.0     35.0       0.350
    2     0.5008       44.9     10.0      19.904
    B      500.0    

  No further error reduction can occur using a  5 percent derivative step.

  Predicted residual decrease < 1 percent of RMS error.
  Test derivative step =  3 percent.

  Model Description After  3 Iterations:  RMS error =  12.71  RSVT =  0.800

  Layer  Resistivity  Depth  Thickness  Conductance
  -----  -----------  -----  ---------  -----------
    1      100.1       35.0     35.0       0.349
    2     0.5010       44.9     10.0      19.893
    B      500.0    


  Predicted residual decrease < 1 percent of RMS error.
  Inversion terminated


  ==================================================

  Final Model After  4 Iterations:  RMS error =  12.71

  Layer  Resistivity  Depth  Thickness  Conductance   ResImport   ThkImport
  -----  -----------  -----  ---------  -----------   ---------   ---------
    1      100.1       35.0     35.0       0.349        1.00        1.00
    2     0.5010       44.9     10.0      19.893        1.00        1.00
    B      500.0                                                    0.00


  Data and Misfit Final - (East, North, Elevation) =       0.000    ,      200.0    ,      0.000    

         Z : Vertical Component data for Station   4 of Line 1040
         ---------------------------------------------------------

                   CHNL 1       CHNL 2       CHNL 3       CHNL 4       CHNL 5       CHNL 6       CHNL 7       CHNL 8       CHNL 9       CHNL 10      CHNL 11      CHNL 12      CHNL 13      CHNL 14      CHNL 15      CHNL 16      CHNL 17      CHNL 18      CHNL 19      CHNL 20 

  Survey data:    181.4       -612.1       -1882.       -498.6        965.1        692.1       -47.25       -48.00        3.288      -0.7665       -21.40       -62.52       -70.36       -18.43        41.45        71.77        30.74       -16.95       -25.35       -14.36    
  Model data:     208.4       -619.5       -1936.       -505.3        1001.        701.0       -66.60       -54.73        4.233      -0.5247       -21.99       -59.25       -65.32       -15.45        41.46        69.55        29.23       -16.91       -24.90       -14.07    
  Misfit (%):      -13.8          1.2          2.8          1.3         -3.7         -1.3         33.5         13.1        -24.9        -36.8          2.7         -5.4         -7.4        -17.6         -0.0          3.1          5.0         -0.2         -1.8         -2.0

         X : Radial Component data for Station   4 of Line 1040
         -------------------------------------------------------

                   CHNL 1       CHNL 2       CHNL 3       CHNL 4       CHNL 5       CHNL 6       CHNL 7       CHNL 8       CHNL 9       CHNL 10      CHNL 11      CHNL 12      CHNL 13      CHNL 14      CHNL 15      CHNL 16      CHNL 17      CHNL 18      CHNL 19      CHNL 20 

  Survey data:   -52.74        405.8        279.4       -858.9       -1396.       -490.8        282.9        28.93       -154.1       -122.1       -4.868        66.23        81.17        52.02        7.555       -26.22       -13.50        10.79        14.54        8.680    
  Model data:    -68.59        392.8        266.8       -861.5       -1393.       -495.9        271.3        20.01       -160.4       -126.7       -5.059        72.79        89.82        57.53        8.505       -28.92       -15.52        10.89        15.18        9.060    
  Misfit (%):       25.9          3.2          4.6          0.3         -0.2          1.0          4.2         35.9          4.1          3.7          3.8         -9.4        -10.1        -10.0        -11.8          9.8         13.9         -0.9         -4.3         -4.3

  Beowulf inversion run completed at 14:51:57 on 14/01/2020 using         1.06 secs

