\BOOKMARK [0][-]{chapter.1}{\376\377\0001\000\040\000M\000o\000d\000u\000l\000e\000s\000\040\000I\000n\000d\000e\000x}{}% 1
\BOOKMARK [1][-]{section.1.1}{\376\377\0001\000.\0001\000\040\000M\000o\000d\000u\000l\000e\000s\000\040\000L\000i\000s\000t}{chapter.1}% 2
\BOOKMARK [0][-]{chapter.2}{\376\377\0002\000\040\000F\000i\000l\000e\000\040\000I\000n\000d\000e\000x}{}% 3
\BOOKMARK [1][-]{section.2.1}{\376\377\0002\000.\0001\000\040\000F\000i\000l\000e\000\040\000L\000i\000s\000t}{chapter.2}% 4
\BOOKMARK [0][-]{chapter.3}{\376\377\0003\000\040\000M\000o\000d\000u\000l\000e\000\040\000D\000o\000c\000u\000m\000e\000n\000t\000a\000t\000i\000o\000n}{}% 5
\BOOKMARK [1][-]{section.3.1}{\376\377\0003\000.\0001\000\040\000m\000g\000\137\000f\000i\000l\000t\000e\000r\000\137\000c\000o\000e\000f\000f\000i\000c\000i\000e\000n\000t\000s\000\040\000M\000o\000d\000u\000l\000e\000\040\000R\000e\000f\000e\000r\000e\000n\000c\000e}{chapter.3}% 6
\BOOKMARK [2][-]{subsection.3.1.1}{\376\377\0003\000.\0001\000.\0001\000\040\000V\000a\000r\000i\000a\000b\000l\000e\000\040\000D\000o\000c\000u\000m\000e\000n\000t\000a\000t\000i\000o\000n}{section.3.1}% 7
\BOOKMARK [3][-]{subsubsection.3.1.1.1}{\376\377\0003\000.\0001\000.\0001\000.\0001\000\040\000d\000e\000l\000c\000o\000s}{subsection.3.1.1}% 8
\BOOKMARK [3][-]{subsubsection.3.1.1.2}{\376\377\0003\000.\0001\000.\0001\000.\0002\000\040\000j\0009}{subsection.3.1.1}% 9
\BOOKMARK [3][-]{subsubsection.3.1.1.3}{\376\377\0003\000.\0001\000.\0001\000.\0003\000\040\000j\000n\000h\000i}{subsection.3.1.1}% 10
\BOOKMARK [3][-]{subsubsection.3.1.1.4}{\376\377\0003\000.\0001\000.\0001\000.\0004\000\040\000j\000n\000l\000o}{subsection.3.1.1}% 11
\BOOKMARK [3][-]{subsubsection.3.1.1.5}{\376\377\0003\000.\0001\000.\0001\000.\0005\000\040\000n\000d\000e\000c\000\137\000j\000n}{subsection.3.1.1}% 12
\BOOKMARK [3][-]{subsubsection.3.1.1.6}{\376\377\0003\000.\0001\000.\0001\000.\0006\000\040\000n\000d\000e\000c\000\137\000s\000n}{subsection.3.1.1}% 13
\BOOKMARK [3][-]{subsubsection.3.1.1.7}{\376\377\0003\000.\0001\000.\0001\000.\0007\000\040\000s\000h\000f\000t\000j\000n}{subsection.3.1.1}% 14
\BOOKMARK [3][-]{subsubsection.3.1.1.8}{\376\377\0003\000.\0001\000.\0001\000.\0008\000\040\000s\000n\000h\000i}{subsection.3.1.1}% 15
\BOOKMARK [3][-]{subsubsection.3.1.1.9}{\376\377\0003\000.\0001\000.\0001\000.\0009\000\040\000s\000n\000l\000o}{subsection.3.1.1}% 16
\BOOKMARK [3][-]{subsubsection.3.1.1.10}{\376\377\0003\000.\0001\000.\0001\000.\0001\0000\000\040\000w\000c\000o\000s}{subsection.3.1.1}% 17
\BOOKMARK [3][-]{subsubsection.3.1.1.11}{\376\377\0003\000.\0001\000.\0001\000.\0001\0001\000\040\000w\000j\0000}{subsection.3.1.1}% 18
\BOOKMARK [3][-]{subsubsection.3.1.1.12}{\376\377\0003\000.\0001\000.\0001\000.\0001\0002\000\040\000w\000j\0001}{subsection.3.1.1}% 19
\BOOKMARK [3][-]{subsubsection.3.1.1.13}{\376\377\0003\000.\0001\000.\0001\000.\0001\0003\000\040\000w\000s\000i\000n}{subsection.3.1.1}% 20
\BOOKMARK [1][-]{section.3.2}{\376\377\0003\000.\0002\000\040\000m\000g\000\137\000i\000n\000p\000u\000t\000\137\000r\000o\000u\000t\000i\000n\000e\000s\000\040\000M\000o\000d\000u\000l\000e\000\040\000R\000e\000f\000e\000r\000e\000n\000c\000e}{chapter.3}% 21
\BOOKMARK [2][-]{subsection.3.2.1}{\376\377\0003\000.\0002\000.\0001\000\040\000F\000u\000n\000c\000t\000i\000o\000n\000/\000S\000u\000b\000r\000o\000u\000t\000i\000n\000e\000\040\000D\000o\000c\000u\000m\000e\000n\000t\000a\000t\000i\000o\000n}{section.3.2}% 22
\BOOKMARK [3][-]{subsubsection.3.2.1.1}{\376\377\0003\000.\0002\000.\0001\000.\0001\000\040\000l\000y\000t\000h\000\137\000c\000h\000k\000\050\000\051}{subsection.3.2.1}% 23
\BOOKMARK [3][-]{subsubsection.3.2.1.2}{\376\377\0003\000.\0002\000.\0001\000.\0002\000\040\000r\000e\000a\000d\000\137\000m\000o\000d\000e\000l\000\137\000d\000a\000t\000a\000\050\000\051}{subsection.3.2.1}% 24
\BOOKMARK [3][-]{subsubsection.3.2.1.3}{\376\377\0003\000.\0002\000.\0001\000.\0003\000\040\000r\000e\000a\000d\000\137\000s\000y\000s\000t\000e\000m\000\137\000d\000a\000t\000a\000\050\000\051}{subsection.3.2.1}% 25
\BOOKMARK [3][-]{subsubsection.3.2.1.4}{\376\377\0003\000.\0002\000.\0001\000.\0004\000\040\000s\000e\000t\000\137\000f\000r\000q\000\050\000\051}{subsection.3.2.1}% 26
\BOOKMARK [3][-]{subsubsection.3.2.1.5}{\376\377\0003\000.\0002\000.\0001\000.\0005\000\040\000s\000e\000t\000\137\000s\000u\000r\000v\000e\000y\000\050\000\051}{subsection.3.2.1}% 27
\BOOKMARK [3][-]{subsubsection.3.2.1.6}{\376\377\0003\000.\0002\000.\0001\000.\0006\000\040\000s\000e\000t\000\137\000t\000r\000p\000\050\000\051}{subsection.3.2.1}% 28
\BOOKMARK [3][-]{subsubsection.3.2.1.7}{\376\377\0003\000.\0002\000.\0001\000.\0007\000\040\000s\000h\000o\000w\000\137\000m\000o\000d\000e\000l\000\050\000\051}{subsection.3.2.1}% 29
\BOOKMARK [2][-]{subsection.3.2.2}{\376\377\0003\000.\0002\000.\0002\000\040\000V\000a\000r\000i\000a\000b\000l\000e\000\040\000D\000o\000c\000u\000m\000e\000n\000t\000a\000t\000i\000o\000n}{section.3.2}% 30
\BOOKMARK [3][-]{subsubsection.3.2.2.1}{\376\377\0003\000.\0002\000.\0002\000.\0001\000\040\000b\000h\000a\000z}{subsection.3.2.2}% 31
\BOOKMARK [3][-]{subsubsection.3.2.2.2}{\376\377\0003\000.\0002\000.\0002\000.\0002\000\040\000b\000h\000d\000i\000p}{subsection.3.2.2}% 32
\BOOKMARK [3][-]{subsubsection.3.2.2.3}{\376\377\0003\000.\0002\000.\0002\000.\0003\000\040\000b\000h\000r}{subsection.3.2.2}% 33
\BOOKMARK [3][-]{subsubsection.3.2.2.4}{\376\377\0003\000.\0002\000.\0002\000.\0004\000\040\000c\000f\000r\000e\000q}{subsection.3.2.2}% 34
\BOOKMARK [3][-]{subsubsection.3.2.2.5}{\376\377\0003\000.\0002\000.\0002\000.\0005\000\040\000c\000h\000r\000g}{subsection.3.2.2}% 35
\BOOKMARK [3][-]{subsubsection.3.2.2.6}{\376\377\0003\000.\0002\000.\0002\000.\0006\000\040\000c\000l\000c\000d}{subsection.3.2.2}% 36
\BOOKMARK [3][-]{subsubsection.3.2.2.7}{\376\377\0003\000.\0002\000.\0002\000.\0007\000\040\000c\000m\000p}{subsection.3.2.2}% 37
\BOOKMARK [3][-]{subsubsection.3.2.2.8}{\376\377\0003\000.\0002\000.\0002\000.\0008\000\040\000c\000t\000a\000u}{subsection.3.2.2}% 38
\BOOKMARK [3][-]{subsubsection.3.2.2.9}{\376\377\0003\000.\0002\000.\0002\000.\0009\000\040\000c\000u\000r\000n\000t}{subsection.3.2.2}% 39
\BOOKMARK [3][-]{subsubsection.3.2.2.10}{\376\377\0003\000.\0002\000.\0002\000.\0001\0000\000\040\000d\000o\0003\000d}{subsection.3.2.2}% 40
\BOOKMARK [3][-]{subsubsection.3.2.2.11}{\376\377\0003\000.\0002\000.\0002\000.\0001\0001\000\040\000e\000c\000n\000t\000r\000d}{subsection.3.2.2}% 41
\BOOKMARK [3][-]{subsubsection.3.2.2.12}{\376\377\0003\000.\0002\000.\0002\000.\0001\0002\000\040\000f\000r\000e\000q}{subsection.3.2.2}% 42
\BOOKMARK [3][-]{subsubsection.3.2.2.13}{\376\377\0003\000.\0002\000.\0002\000.\0001\0003\000\040\000g\000n\000d\000\137\000l\000v\000l}{subsection.3.2.2}% 43
\BOOKMARK [3][-]{subsubsection.3.2.2.14}{\376\377\0003\000.\0002\000.\0002\000.\0001\0004\000\040\000i\000d\000\137\000l\000i\000t\000h}{subsection.3.2.2}% 44
\BOOKMARK [3][-]{subsubsection.3.2.2.15}{\376\377\0003\000.\0002\000.\0002\000.\0001\0005\000\040\000i\000n\000p}{subsection.3.2.2}% 45
\BOOKMARK [3][-]{subsubsection.3.2.2.16}{\376\377\0003\000.\0002\000.\0002\000.\0001\0006\000\040\000i\000s\000t\000o\000p}{subsection.3.2.2}% 46
\BOOKMARK [3][-]{subsubsection.3.2.2.17}{\376\377\0003\000.\0002\000.\0002\000.\0001\0007\000\040\000j}{subsection.3.2.2}% 47
\BOOKMARK [3][-]{subsubsection.3.2.2.18}{\376\377\0003\000.\0002\000.\0002\000.\0001\0008\000\040\000j\000b}{subsection.3.2.2}% 48
\BOOKMARK [3][-]{subsubsection.3.2.2.19}{\376\377\0003\000.\0002\000.\0002\000.\0001\0009\000\040\000j\000g}{subsection.3.2.2}% 49
\BOOKMARK [3][-]{subsubsection.3.2.2.20}{\376\377\0003\000.\0002\000.\0002\000.\0002\0000\000\040\000j\000l}{subsection.3.2.2}% 50
\BOOKMARK [3][-]{subsubsection.3.2.2.21}{\376\377\0003\000.\0002\000.\0002\000.\0002\0001\000\040\000j\000p}{subsection.3.2.2}% 51
\BOOKMARK [3][-]{subsubsection.3.2.2.22}{\376\377\0003\000.\0002\000.\0002\000.\0002\0002\000\040\000j\000r}{subsection.3.2.2}% 52
\BOOKMARK [3][-]{subsubsection.3.2.2.23}{\376\377\0003\000.\0002\000.\0002\000.\0002\0003\000\040\000j\000s}{subsection.3.2.2}% 53
\BOOKMARK [3][-]{subsubsection.3.2.2.24}{\376\377\0003\000.\0002\000.\0002\000.\0002\0004\000\040\000j\000t}{subsection.3.2.2}% 54
\BOOKMARK [3][-]{subsubsection.3.2.2.25}{\376\377\0003\000.\0002\000.\0002\000.\0002\0005\000\040\000j\000v}{subsection.3.2.2}% 55
\BOOKMARK [3][-]{subsubsection.3.2.2.26}{\376\377\0003\000.\0002\000.\0002\000.\0002\0006\000\040\000k\000a\000c\000c}{subsection.3.2.2}% 56
\BOOKMARK [3][-]{subsubsection.3.2.2.27}{\376\377\0003\000.\0002\000.\0002\000.\0002\0007\000\040\000k\000f\000r\000q\000e}{subsection.3.2.2}% 57
\BOOKMARK [3][-]{subsubsection.3.2.2.28}{\376\377\0003\000.\0002\000.\0002\000.\0002\0008\000\040\000k\000r\000x\000w}{subsection.3.2.2}% 58
\BOOKMARK [3][-]{subsubsection.3.2.2.29}{\376\377\0003\000.\0002\000.\0002\000.\0002\0009\000\040\000k\000s\000y\000m\000m}{subsection.3.2.2}% 59
\BOOKMARK [3][-]{subsubsection.3.2.2.30}{\376\377\0003\000.\0002\000.\0002\000.\0003\0000\000\040\000l\000i\000t\000h\000l}{subsection.3.2.2}% 60
\BOOKMARK [3][-]{subsubsection.3.2.2.31}{\376\377\0003\000.\0002\000.\0002\000.\0003\0001\000\040\000l\000i\000t\000h\000p}{subsection.3.2.2}% 61
\BOOKMARK [3][-]{subsubsection.3.2.2.32}{\376\377\0003\000.\0002\000.\0002\000.\0003\0002\000\040\000l\000r\000x}{subsection.3.2.2}% 62
\BOOKMARK [3][-]{subsubsection.3.2.2.33}{\376\377\0003\000.\0002\000.\0002\000.\0003\0003\000\040\000l\000y\000t\000h}{subsection.3.2.2}% 63
\BOOKMARK [3][-]{subsubsection.3.2.2.34}{\376\377\0003\000.\0002\000.\0002\000.\0003\0004\000\040\000m\000a\000x\000f\000r\000q}{subsection.3.2.2}% 64
\BOOKMARK [3][-]{subsubsection.3.2.2.35}{\376\377\0003\000.\0002\000.\0002\000.\0003\0005\000\040\000m\000i\000n\000f\000r\000q}{subsection.3.2.2}% 65
\BOOKMARK [3][-]{subsubsection.3.2.2.36}{\376\377\0003\000.\0002\000.\0002\000.\0003\0006\000\040\000m\000q\000v\000r}{subsection.3.2.2}% 66
\BOOKMARK [3][-]{subsubsection.3.2.2.37}{\376\377\0003\000.\0002\000.\0002\000.\0003\0007\000\040\000m\000r\000x}{subsection.3.2.2}% 67
\BOOKMARK [3][-]{subsubsection.3.2.2.38}{\376\377\0003\000.\0002\000.\0002\000.\0003\0008\000\040\000m\000s\000g}{subsection.3.2.2}% 68
\BOOKMARK [3][-]{subsubsection.3.2.2.39}{\376\377\0003\000.\0002\000.\0002\000.\0003\0009\000\040\000m\000x\000e\000r\000r}{subsection.3.2.2}% 69
\BOOKMARK [3][-]{subsubsection.3.2.2.40}{\376\377\0003\000.\0002\000.\0002\000.\0004\0000\000\040\000m\000x\000f\000r\000q\000e}{subsection.3.2.2}% 70
\BOOKMARK [3][-]{subsubsection.3.2.2.41}{\376\377\0003\000.\0002\000.\0002\000.\0004\0001\000\040\000m\000x\000v\000r\000t\000x}{subsection.3.2.2}% 71
\BOOKMARK [3][-]{subsubsection.3.2.2.42}{\376\377\0003\000.\0002\000.\0002\000.\0004\0002\000\040\000n\000\137\000v\000r\000t\000x}{subsection.3.2.2}% 72
\BOOKMARK [3][-]{subsubsection.3.2.2.43}{\376\377\0003\000.\0002\000.\0002\000.\0004\0003\000\040\000n\000c\000e\000l\000l\000\137\000e\000w}{subsection.3.2.2}% 73
\BOOKMARK [3][-]{subsubsection.3.2.2.44}{\376\377\0003\000.\0002\000.\0002\000.\0004\0004\000\040\000n\000c\000e\000l\000l\000\137\000n\000s}{subsection.3.2.2}% 74
\BOOKMARK [3][-]{subsubsection.3.2.2.45}{\376\377\0003\000.\0002\000.\0002\000.\0004\0005\000\040\000n\000c\000e\000l\000l\000\137\000z}{subsection.3.2.2}% 75
\BOOKMARK [3][-]{subsubsection.3.2.2.46}{\376\377\0003\000.\0002\000.\0002\000.\0004\0006\000\040\000n\000c\000h\000n\000l}{subsection.3.2.2}% 76
\BOOKMARK [3][-]{subsubsection.3.2.2.47}{\376\377\0003\000.\0002\000.\0002\000.\0004\0007\000\040\000n\000c\000m\000p}{subsection.3.2.2}% 77
\BOOKMARK [3][-]{subsubsection.3.2.2.48}{\376\377\0003\000.\0002\000.\0002\000.\0004\0008\000\040\000n\000c\000m\000p\000g}{subsection.3.2.2}% 78
\BOOKMARK [3][-]{subsubsection.3.2.2.49}{\376\377\0003\000.\0002\000.\0002\000.\0004\0009\000\040\000n\000c\000n\000t\000r\000d}{subsection.3.2.2}% 79
\BOOKMARK [3][-]{subsubsection.3.2.2.50}{\376\377\0003\000.\0002\000.\0002\000.\0005\0000\000\040\000n\000d}{subsection.3.2.2}% 80
\BOOKMARK [3][-]{subsubsection.3.2.2.51}{\376\377\0003\000.\0002\000.\0002\000.\0005\0001\000\040\000n\000d\000r}{subsection.3.2.2}% 81
\BOOKMARK [3][-]{subsubsection.3.2.2.52}{\376\377\0003\000.\0002\000.\0002\000.\0005\0002\000\040\000n\000e\000v\000e\000n\000t\000s}{subsection.3.2.2}% 82
\BOOKMARK [3][-]{subsubsection.3.2.2.53}{\376\377\0003\000.\0002\000.\0002\000.\0005\0003\000\040\000n\000e\000w}{subsection.3.2.2}% 83
\BOOKMARK [3][-]{subsubsection.3.2.2.54}{\376\377\0003\000.\0002\000.\0002\000.\0005\0004\000\040\000n\000f\000r\000q}{subsection.3.2.2}% 84
\BOOKMARK [3][-]{subsubsection.3.2.2.55}{\376\377\0003\000.\0002\000.\0002\000.\0005\0005\000\040\000n\000l\000g}{subsection.3.2.2}% 85
\BOOKMARK [3][-]{subsubsection.3.2.2.56}{\376\377\0003\000.\0002\000.\0002\000.\0005\0006\000\040\000n\000l\000i\000t\000h}{subsection.3.2.2}% 86
\BOOKMARK [3][-]{subsubsection.3.2.2.57}{\376\377\0003\000.\0002\000.\0002\000.\0005\0007\000\040\000n\000l\000y\000r}{subsection.3.2.2}% 87
\BOOKMARK [3][-]{subsubsection.3.2.2.58}{\376\377\0003\000.\0002\000.\0002\000.\0005\0008\000\040\000n\000p\000r\000i\000s\000m}{subsection.3.2.2}% 88
\BOOKMARK [3][-]{subsubsection.3.2.2.59}{\376\377\0003\000.\0002\000.\0002\000.\0005\0009\000\040\000n\000p\000r\000o\000p}{subsection.3.2.2}% 89
\BOOKMARK [3][-]{subsubsection.3.2.2.60}{\376\377\0003\000.\0002\000.\0002\000.\0006\0000\000\040\000n\000p\000u\000l\000s}{subsection.3.2.2}% 90
\BOOKMARK [3][-]{subsubsection.3.2.2.61}{\376\377\0003\000.\0002\000.\0002\000.\0006\0001\000\040\000n\000r}{subsection.3.2.2}% 91
\BOOKMARK [3][-]{subsubsection.3.2.2.62}{\376\377\0003\000.\0002\000.\0002\000.\0006\0002\000\040\000n\000r\000g\000t\000x}{subsection.3.2.2}% 92
\BOOKMARK [3][-]{subsubsection.3.2.2.63}{\376\377\0003\000.\0002\000.\0002\000.\0006\0003\000\040\000n\000r\000x}{subsection.3.2.2}% 93
\BOOKMARK [3][-]{subsubsection.3.2.2.64}{\376\377\0003\000.\0002\000.\0002\000.\0006\0004\000\040\000n\000r\000x\000g}{subsection.3.2.2}% 94
\BOOKMARK [3][-]{subsubsection.3.2.2.65}{\376\377\0003\000.\0002\000.\0002\000.\0006\0005\000\040\000n\000r\000x\000t\000x}{subsection.3.2.2}% 95
\BOOKMARK [3][-]{subsubsection.3.2.2.66}{\376\377\0003\000.\0002\000.\0002\000.\0006\0006\000\040\000n\000s\000x}{subsection.3.2.2}% 96
\BOOKMARK [3][-]{subsubsection.3.2.2.67}{\376\377\0003\000.\0002\000.\0002\000.\0006\0007\000\040\000n\000t\000x}{subsection.3.2.2}% 97
\BOOKMARK [3][-]{subsubsection.3.2.2.68}{\376\377\0003\000.\0002\000.\0002\000.\0006\0008\000\040\000n\000t\000x\000e}{subsection.3.2.2}% 98
\BOOKMARK [3][-]{subsubsection.3.2.2.69}{\376\377\0003\000.\0002\000.\0002\000.\0006\0009\000\040\000n\000t\000y\000p\000l\000s}{subsection.3.2.2}% 99
\BOOKMARK [3][-]{subsubsection.3.2.2.70}{\376\377\0003\000.\0002\000.\0002\000.\0007\0000\000\040\000n\000t\000y\000r\000p}{subsection.3.2.2}% 100
\BOOKMARK [3][-]{subsubsection.3.2.2.71}{\376\377\0003\000.\0002\000.\0002\000.\0007\0001\000\040\000n\000w}{subsection.3.2.2}% 101
\BOOKMARK [3][-]{subsubsection.3.2.2.72}{\376\377\0003\000.\0002\000.\0002\000.\0007\0002\000\040\000o\000f\000f\000t\000y\000m}{subsection.3.2.2}% 102
\BOOKMARK [3][-]{subsubsection.3.2.2.73}{\376\377\0003\000.\0002\000.\0002\000.\0007\0003\000\040\000o\000u\000t\000p\000u\000t}{subsection.3.2.2}% 103
\BOOKMARK [3][-]{subsubsection.3.2.2.74}{\376\377\0003\000.\0002\000.\0002\000.\0007\0004\000\040\000p\000i}{subsection.3.2.2}% 104
\BOOKMARK [3][-]{subsubsection.3.2.2.75}{\376\377\0003\000.\0002\000.\0002\000.\0007\0005\000\040\000p\000r\000f\000l}{subsection.3.2.2}% 105
\BOOKMARK [3][-]{subsubsection.3.2.2.76}{\376\377\0003\000.\0002\000.\0002\000.\0007\0006\000\040\000p\000r\000i\000s\000m\000\137\000e\000a\000s\000t}{subsection.3.2.2}% 106
\BOOKMARK [3][-]{subsubsection.3.2.2.77}{\376\377\0003\000.\0002\000.\0002\000.\0007\0007\000\040\000p\000r\000i\000s\000m\000\137\000e\000a\000s\000t\000d}{subsection.3.2.2}% 107
\BOOKMARK [3][-]{subsubsection.3.2.2.78}{\376\377\0003\000.\0002\000.\0002\000.\0007\0008\000\040\000p\000r\000i\000s\000m\000\137\000n\000o\000r\000t\000h}{subsection.3.2.2}% 108
\BOOKMARK [3][-]{subsubsection.3.2.2.79}{\376\377\0003\000.\0002\000.\0002\000.\0007\0009\000\040\000p\000r\000i\000s\000m\000\137\000n\000o\000r\000t\000h\000d}{subsection.3.2.2}% 109
\BOOKMARK [3][-]{subsubsection.3.2.2.80}{\376\377\0003\000.\0002\000.\0002\000.\0008\0000\000\040\000p\000r\000i\000s\000m\000\137\000z\000m\000i\000d}{subsection.3.2.2}% 110
\BOOKMARK [3][-]{subsubsection.3.2.2.81}{\376\377\0003\000.\0002\000.\0002\000.\0008\0001\000\040\000p\000r\000i\000s\000m\000\137\000z\000m\000i\000d\000d}{subsection.3.2.2}% 111
\BOOKMARK [3][-]{subsubsection.3.2.2.82}{\376\377\0003\000.\0002\000.\0002\000.\0008\0002\000\040\000p\000r\000s\000m\000\137\000c\000f\000r}{subsection.3.2.2}% 112
\BOOKMARK [3][-]{subsubsection.3.2.2.83}{\376\377\0003\000.\0002\000.\0002\000.\0008\0003\000\040\000p\000r\000s\000m\000\137\000c\000h\000r\000g}{subsection.3.2.2}% 113
\BOOKMARK [3][-]{subsubsection.3.2.2.84}{\376\377\0003\000.\0002\000.\0002\000.\0008\0004\000\040\000p\000r\000s\000m\000\137\000r\000e\000s}{subsection.3.2.2}% 114
\BOOKMARK [3][-]{subsubsection.3.2.2.85}{\376\377\0003\000.\0002\000.\0002\000.\0008\0005\000\040\000p\000r\000s\000m\000\137\000s\000i\000z\000e\000\137\000e\000w}{subsection.3.2.2}% 115
\BOOKMARK [3][-]{subsubsection.3.2.2.86}{\376\377\0003\000.\0002\000.\0002\000.\0008\0006\000\040\000p\000r\000s\000m\000\137\000s\000i\000z\000e\000\137\000n\000s}{subsection.3.2.2}% 116
\BOOKMARK [3][-]{subsubsection.3.2.2.87}{\376\377\0003\000.\0002\000.\0002\000.\0008\0007\000\040\000p\000r\000s\000m\000\137\000s\000i\000z\000e\000\137\000z}{subsection.3.2.2}% 117
\BOOKMARK [3][-]{subsubsection.3.2.2.88}{\376\377\0003\000.\0002\000.\0002\000.\0008\0008\000\040\000p\000r\000s\000m\000\137\000t\000a\000u}{subsection.3.2.2}% 118
\BOOKMARK [3][-]{subsubsection.3.2.2.89}{\376\377\0003\000.\0002\000.\0002\000.\0008\0009\000\040\000p\000r\000t\000c\000m\000p}{subsection.3.2.2}% 119
\BOOKMARK [3][-]{subsubsection.3.2.2.90}{\376\377\0003\000.\0002\000.\0002\000.\0009\0000\000\040\000p\000r\000t\000s\000e\000c}{subsection.3.2.2}% 120
\BOOKMARK [3][-]{subsubsection.3.2.2.91}{\376\377\0003\000.\0002\000.\0002\000.\0009\0001\000\040\000p\000u\000l\000s\000e}{subsection.3.2.2}% 121
\BOOKMARK [3][-]{subsubsection.3.2.2.92}{\376\377\0003\000.\0002\000.\0002\000.\0009\0002\000\040\000q\000d}{subsection.3.2.2}% 122
\BOOKMARK [3][-]{subsubsection.3.2.2.93}{\376\377\0003\000.\0002\000.\0002\000.\0009\0003\000\040\000r\000e\000f\000t\000y\000m}{subsection.3.2.2}% 123
\BOOKMARK [3][-]{subsubsection.3.2.2.94}{\376\377\0003\000.\0002\000.\0002\000.\0009\0004\000\040\000r\000e\000p\000s}{subsection.3.2.2}% 124
\BOOKMARK [3][-]{subsubsection.3.2.2.95}{\376\377\0003\000.\0002\000.\0002\000.\0009\0005\000\040\000r\000e\000p\000s\000p}{subsection.3.2.2}% 125
\BOOKMARK [3][-]{subsubsection.3.2.2.96}{\376\377\0003\000.\0002\000.\0002\000.\0009\0006\000\040\000r\000e\000s}{subsection.3.2.2}% 126
\BOOKMARK [3][-]{subsubsection.3.2.2.97}{\376\377\0003\000.\0002\000.\0002\000.\0009\0007\000\040\000r\000g\000t\000x\000i\000d}{subsection.3.2.2}% 127
\BOOKMARK [3][-]{subsubsection.3.2.2.98}{\376\377\0003\000.\0002\000.\0002\000.\0009\0008\000\040\000r\000m\000u}{subsection.3.2.2}% 128
\BOOKMARK [3][-]{subsubsection.3.2.2.99}{\376\377\0003\000.\0002\000.\0002\000.\0009\0009\000\040\000r\000m\000u\000p}{subsection.3.2.2}% 129
\BOOKMARK [3][-]{subsubsection.3.2.2.100}{\376\377\0003\000.\0002\000.\0002\000.\0001\0000\0000\000\040\000r\000x\000\137\000t\000y\000p\000e}{subsection.3.2.2}% 130
\BOOKMARK [3][-]{subsubsection.3.2.2.101}{\376\377\0003\000.\0002\000.\0002\000.\0001\0000\0001\000\040\000r\000x\000a\000z}{subsection.3.2.2}% 131
\BOOKMARK [3][-]{subsubsection.3.2.2.102}{\376\377\0003\000.\0002\000.\0002\000.\0001\0000\0002\000\040\000r\000x\000d\000i\000p}{subsection.3.2.2}% 132
\BOOKMARK [3][-]{subsubsection.3.2.2.103}{\376\377\0003\000.\0002\000.\0002\000.\0001\0000\0003\000\040\000r\000x\000e}{subsection.3.2.2}% 133
\BOOKMARK [3][-]{subsubsection.3.2.2.104}{\376\377\0003\000.\0002\000.\0002\000.\0001\0000\0004\000\040\000r\000x\000e\000d}{subsection.3.2.2}% 134
\BOOKMARK [3][-]{subsubsection.3.2.2.105}{\376\377\0003\000.\0002\000.\0002\000.\0001\0000\0005\000\040\000r\000x\000f\000m\000n\000t}{subsection.3.2.2}% 135
\BOOKMARK [3][-]{subsubsection.3.2.2.106}{\376\377\0003\000.\0002\000.\0002\000.\0001\0000\0006\000\040\000r\000x\000i\000d}{subsection.3.2.2}% 136
\BOOKMARK [3][-]{subsubsection.3.2.2.107}{\376\377\0003\000.\0002\000.\0002\000.\0001\0000\0007\000\040\000r\000x\000m\000n\000t}{subsection.3.2.2}% 137
\BOOKMARK [3][-]{subsubsection.3.2.2.108}{\376\377\0003\000.\0002\000.\0002\000.\0001\0000\0008\000\040\000r\000x\000n}{subsection.3.2.2}% 138
\BOOKMARK [3][-]{subsubsection.3.2.2.109}{\376\377\0003\000.\0002\000.\0002\000.\0001\0000\0009\000\040\000r\000x\000n\000d}{subsection.3.2.2}% 139
\BOOKMARK [3][-]{subsubsection.3.2.2.110}{\376\377\0003\000.\0002\000.\0002\000.\0001\0001\0000\000\040\000r\000x\000o\000e}{subsection.3.2.2}% 140
\BOOKMARK [3][-]{subsubsection.3.2.2.111}{\376\377\0003\000.\0002\000.\0002\000.\0001\0001\0001\000\040\000r\000x\000o\000n}{subsection.3.2.2}% 141
\BOOKMARK [3][-]{subsubsection.3.2.2.112}{\376\377\0003\000.\0002\000.\0002\000.\0001\0001\0002\000\040\000r\000x\000o\000z}{subsection.3.2.2}% 142
\BOOKMARK [3][-]{subsubsection.3.2.2.113}{\376\377\0003\000.\0002\000.\0002\000.\0001\0001\0003\000\040\000r\000x\000z}{subsection.3.2.2}% 143
\BOOKMARK [3][-]{subsubsection.3.2.2.114}{\376\377\0003\000.\0002\000.\0002\000.\0001\0001\0004\000\040\000r\000x\000z\000d}{subsection.3.2.2}% 144
\BOOKMARK [3][-]{subsubsection.3.2.2.115}{\376\377\0003\000.\0002\000.\0002\000.\0001\0001\0005\000\040\000s\000o\000l\000v\000e\000r}{subsection.3.2.2}% 145
\BOOKMARK [3][-]{subsubsection.3.2.2.116}{\376\377\0003\000.\0002\000.\0002\000.\0001\0001\0006\000\040\000s\000o\000u\000r\000c\000e\000\137\000t\000y\000p\000e}{subsection.3.2.2}% 146
\BOOKMARK [3][-]{subsubsection.3.2.2.117}{\376\377\0003\000.\0002\000.\0002\000.\0001\0001\0007\000\040\000s\000t\000e\000p}{subsection.3.2.2}% 147
\BOOKMARK [3][-]{subsubsection.3.2.2.118}{\376\377\0003\000.\0002\000.\0002\000.\0001\0001\0008\000\040\000s\000u\000r\000v\000e\000y\000\137\000t\000y\000p\000e}{subsection.3.2.2}% 148
\BOOKMARK [3][-]{subsubsection.3.2.2.119}{\376\377\0003\000.\0002\000.\0002\000.\0001\0001\0009\000\040\000s\000w\000x}{subsection.3.2.2}% 149
\BOOKMARK [3][-]{subsubsection.3.2.2.120}{\376\377\0003\000.\0002\000.\0002\000.\0001\0002\0000\000\040\000s\000w\000y}{subsection.3.2.2}% 150
\BOOKMARK [3][-]{subsubsection.3.2.2.121}{\376\377\0003\000.\0002\000.\0002\000.\0001\0002\0001\000\040\000s\000x\000a\000z}{subsection.3.2.2}% 151
\BOOKMARK [3][-]{subsubsection.3.2.2.122}{\376\377\0003\000.\0002\000.\0002\000.\0001\0002\0002\000\040\000s\000x\000d\000i\000p}{subsection.3.2.2}% 152
\BOOKMARK [3][-]{subsubsection.3.2.2.123}{\376\377\0003\000.\0002\000.\0002\000.\0001\0002\0003\000\040\000s\000x\000e}{subsection.3.2.2}% 153
\BOOKMARK [3][-]{subsubsection.3.2.2.124}{\376\377\0003\000.\0002\000.\0002\000.\0001\0002\0004\000\040\000s\000x\000e\000d}{subsection.3.2.2}% 154
\BOOKMARK [3][-]{subsubsection.3.2.2.125}{\376\377\0003\000.\0002\000.\0002\000.\0001\0002\0005\000\040\000s\000x\000m\000n\000t}{subsection.3.2.2}% 155
\BOOKMARK [3][-]{subsubsection.3.2.2.126}{\376\377\0003\000.\0002\000.\0002\000.\0001\0002\0006\000\040\000s\000x\000n}{subsection.3.2.2}% 156
\BOOKMARK [3][-]{subsubsection.3.2.2.127}{\376\377\0003\000.\0002\000.\0002\000.\0001\0002\0007\000\040\000s\000x\000n\000d}{subsection.3.2.2}% 157
\BOOKMARK [3][-]{subsubsection.3.2.2.128}{\376\377\0003\000.\0002\000.\0002\000.\0001\0002\0008\000\040\000s\000x\000z}{subsection.3.2.2}% 158
\BOOKMARK [3][-]{subsubsection.3.2.2.129}{\376\377\0003\000.\0002\000.\0002\000.\0001\0002\0009\000\040\000s\000x\000z\000d}{subsection.3.2.2}% 159
\BOOKMARK [3][-]{subsubsection.3.2.2.130}{\376\377\0003\000.\0002\000.\0002\000.\0001\0003\0000\000\040\000t\0000\000s\000x}{subsection.3.2.2}% 160
\BOOKMARK [3][-]{subsubsection.3.2.2.131}{\376\377\0003\000.\0002\000.\0002\000.\0001\0003\0001\000\040\000t\000c\000l\000s}{subsection.3.2.2}% 161
\BOOKMARK [3][-]{subsubsection.3.2.2.132}{\376\377\0003\000.\0002\000.\0002\000.\0001\0003\0002\000\040\000t\000d\000f\000d}{subsection.3.2.2}% 162
\BOOKMARK [3][-]{subsubsection.3.2.2.133}{\376\377\0003\000.\0002\000.\0002\000.\0001\0003\0003\000\040\000t\000e}{subsection.3.2.2}% 163
\BOOKMARK [3][-]{subsubsection.3.2.2.134}{\376\377\0003\000.\0002\000.\0002\000.\0001\0003\0004\000\040\000t\000h\000k}{subsection.3.2.2}% 164
\BOOKMARK [3][-]{subsubsection.3.2.2.135}{\376\377\0003\000.\0002\000.\0002\000.\0001\0003\0005\000\040\000t\000i\000t\000l\000e}{subsection.3.2.2}% 165
\BOOKMARK [3][-]{subsubsection.3.2.2.136}{\376\377\0003\000.\0002\000.\0002\000.\0001\0003\0006\000\040\000t\000m\000s}{subsection.3.2.2}% 166
\BOOKMARK [3][-]{subsubsection.3.2.2.137}{\376\377\0003\000.\0002\000.\0002\000.\0001\0003\0007\000\040\000t\000n}{subsection.3.2.2}% 167
\BOOKMARK [3][-]{subsubsection.3.2.2.138}{\376\377\0003\000.\0002\000.\0002\000.\0001\0003\0008\000\040\000t\000o\000p\000n}{subsection.3.2.2}% 168
\BOOKMARK [3][-]{subsubsection.3.2.2.139}{\376\377\0003\000.\0002\000.\0002\000.\0001\0003\0009\000\040\000t\000r\000p}{subsection.3.2.2}% 169
\BOOKMARK [3][-]{subsubsection.3.2.2.140}{\376\377\0003\000.\0002\000.\0002\000.\0001\0004\0000\000\040\000t\000v\000a\000l\000s}{subsection.3.2.2}% 170
\BOOKMARK [3][-]{subsubsection.3.2.2.141}{\376\377\0003\000.\0002\000.\0002\000.\0001\0004\0001\000\040\000t\000x\000i\000d}{subsection.3.2.2}% 171
\BOOKMARK [3][-]{subsubsection.3.2.2.142}{\376\377\0003\000.\0002\000.\0002\000.\0001\0004\0002\000\040\000t\000x\000o\000n}{subsection.3.2.2}% 172
\BOOKMARK [3][-]{subsubsection.3.2.2.143}{\376\377\0003\000.\0002\000.\0002\000.\0001\0004\0003\000\040\000u\000n\000i\000t\000s}{subsection.3.2.2}% 173
\BOOKMARK [3][-]{subsubsection.3.2.2.144}{\376\377\0003\000.\0002\000.\0002\000.\0001\0004\0004\000\040\000w\000a\000v\000e\000f\000o\000r\000m}{subsection.3.2.2}% 174
\BOOKMARK [3][-]{subsubsection.3.2.2.145}{\376\377\0003\000.\0002\000.\0002\000.\0001\0004\0005\000\040\000w\000t\000m\000s}{subsection.3.2.2}% 175
\BOOKMARK [1][-]{section.3.3}{\376\377\0003\000.\0003\000\040\000m\000g\000\137\000m\000e\000t\000a\000d\000a\000t\000a\000\040\000M\000o\000d\000u\000l\000e\000\040\000R\000e\000f\000e\000r\000e\000n\000c\000e}{chapter.3}% 176
\BOOKMARK [2][-]{subsection.3.3.1}{\376\377\0003\000.\0003\000.\0001\000\040\000V\000a\000r\000i\000a\000b\000l\000e\000\040\000D\000o\000c\000u\000m\000e\000n\000t\000a\000t\000i\000o\000n}{section.3.3}% 177
\BOOKMARK [3][-]{subsubsection.3.3.1.1}{\376\377\0003\000.\0003\000.\0001\000.\0001\000\040\000p\000a\000u\000t\0001}{subsection.3.3.1}% 178
\BOOKMARK [3][-]{subsubsection.3.3.1.2}{\376\377\0003\000.\0003\000.\0001\000.\0002\000\040\000p\000a\000u\000t\0002}{subsection.3.3.1}% 179
\BOOKMARK [3][-]{subsubsection.3.3.1.3}{\376\377\0003\000.\0003\000.\0001\000.\0003\000\040\000p\000d\000a\000t\000e}{subsection.3.3.1}% 180
\BOOKMARK [3][-]{subsubsection.3.3.1.4}{\376\377\0003\000.\0003\000.\0001\000.\0004\000\040\000p\000n\000a\000m\000e}{subsection.3.3.1}% 181
\BOOKMARK [3][-]{subsubsection.3.3.1.5}{\376\377\0003\000.\0003\000.\0001\000.\0005\000\040\000p\000p\000r\000o\000j}{subsection.3.3.1}% 182
\BOOKMARK [3][-]{subsubsection.3.3.1.6}{\376\377\0003\000.\0003\000.\0001\000.\0006\000\040\000p\000v\000e\000r\000s}{subsection.3.3.1}% 183
\BOOKMARK [0][-]{chapter.4}{\376\377\0004\000\040\000F\000i\000l\000e\000\040\000D\000o\000c\000u\000m\000e\000n\000t\000a\000t\000i\000o\000n}{}% 184
\BOOKMARK [1][-]{section.4.1}{\376\377\0004\000.\0001\000\040\000M\000a\000r\000c\000o\000.\000f\0009\0000\000\040\000F\000i\000l\000e\000\040\000R\000e\000f\000e\000r\000e\000n\000c\000e}{chapter.4}% 185
\BOOKMARK [2][-]{subsection.4.1.1}{\376\377\0004\000.\0001\000.\0001\000\040\000F\000u\000n\000c\000t\000i\000o\000n\000/\000S\000u\000b\000r\000o\000u\000t\000i\000n\000e\000\040\000D\000o\000c\000u\000m\000e\000n\000t\000a\000t\000i\000o\000n}{section.4.1}% 186
\BOOKMARK [3][-]{subsubsection.4.1.1.1}{\376\377\0004\000.\0001\000.\0001\000.\0001\000\040\000b\000h\000\137\000r\000o\000t\000a\000t\000e\000\050\000\051}{subsection.4.1.1}% 187
\BOOKMARK [3][-]{subsubsection.4.1.1.2}{\376\377\0004\000.\0001\000.\0001\000.\0002\000\040\000b\000h\000c\000\137\000r\000o\000t\000a\000t\000e\000\050\000\051}{subsection.4.1.1}% 188
\BOOKMARK [3][-]{subsubsection.4.1.1.3}{\376\377\0004\000.\0001\000.\0001\000.\0003\000\040\000c\000h\000k\000\137\000s\000y\000m\000\137\000p\000r\000o\000p\000\050\000\051}{subsection.4.1.1}% 189
\BOOKMARK [3][-]{subsubsection.4.1.1.4}{\376\377\0004\000.\0001\000.\0001\000.\0004\000\040\000c\000h\000k\000\137\000s\000y\000m\000m\000e\000t\000r\000y\000\050\000\051}{subsection.4.1.1}% 190
\BOOKMARK [3][-]{subsubsection.4.1.1.5}{\376\377\0004\000.\0001\000.\0001\000.\0005\000\040\000c\000o\000m\000p\000u\000t\000e\000\137\0003\000d\000\050\000\051}{subsection.4.1.1}% 191
\BOOKMARK [3][-]{subsubsection.4.1.1.6}{\376\377\0004\000.\0001\000.\0001\000.\0006\000\040\000c\000o\000s\000t\000r\000n\000\050\000\051}{subsection.4.1.1}% 192
\BOOKMARK [3][-]{subsubsection.4.1.1.7}{\376\377\0004\000.\0001\000.\0001\000.\0007\000\040\000c\000u\000b\000i\000n\000t\000\050\000\051}{subsection.4.1.1}% 193
\BOOKMARK [3][-]{subsubsection.4.1.1.8}{\376\377\0004\000.\0001\000.\0001\000.\0008\000\040\000c\000u\000b\000s\000p\000l\000\050\000\051}{subsection.4.1.1}% 194
\BOOKMARK [3][-]{subsubsection.4.1.1.9}{\376\377\0004\000.\0001\000.\0001\000.\0009\000\040\000c\000u\000b\000v\000a\000l\000\050\000\051}{subsection.4.1.1}% 195
\BOOKMARK [3][-]{subsubsection.4.1.1.10}{\376\377\0004\000.\0001\000.\0001\000.\0001\0000\000\040\000e\000n\000\137\000p\000r\000m\000\050\000\051}{subsection.4.1.1}% 196
\BOOKMARK [3][-]{subsubsection.4.1.1.11}{\376\377\0004\000.\0001\000.\0001\000.\0001\0001\000\040\000e\000n\000\137\000p\000r\000m\000\137\000c\000s\000\050\000\051}{subsection.4.1.1}% 197
\BOOKMARK [3][-]{subsubsection.4.1.1.12}{\376\377\0004\000.\0001\000.\0001\000.\0001\0002\000\040\000e\000n\000\137\000p\000r\000m\000\137\000g\000s\000\050\000\051}{subsection.4.1.1}% 198
\BOOKMARK [3][-]{subsubsection.4.1.1.13}{\376\377\0004\000.\0001\000.\0001\000.\0001\0003\000\040\000e\000n\000\137\000p\000r\000m\000\137\000m\000t\000\050\000\051}{subsection.4.1.1}% 199
\BOOKMARK [3][-]{subsubsection.4.1.1.14}{\376\377\0004\000.\0001\000.\0001\000.\0001\0004\000\040\000f\000d\000\137\000c\000u\000r\000n\000t\000\050\000\051}{subsection.4.1.1}% 200
\BOOKMARK [3][-]{subsubsection.4.1.1.15}{\376\377\0004\000.\0001\000.\0001\000.\0001\0005\000\040\000f\000d\000r\000e\000a\000d\000\050\000\051}{subsection.4.1.1}% 201
\BOOKMARK [3][-]{subsubsection.4.1.1.16}{\376\377\0004\000.\0001\000.\0001\000.\0001\0006\000\040\000f\000e\000m\000\137\000p\000e\000r\000c\000\050\000\051}{subsection.4.1.1}% 202
\BOOKMARK [3][-]{subsubsection.4.1.1.17}{\376\377\0004\000.\0001\000.\0001\000.\0001\0007\000\040\000f\000o\000l\000d\000\137\000a\000n\000d\000\137\000c\000o\000n\000v\000o\000l\000v\000e\000\050\000\051}{subsection.4.1.1}% 203
\BOOKMARK [3][-]{subsubsection.4.1.1.18}{\376\377\0004\000.\0001\000.\0001\000.\0001\0008\000\040\000h\000f\000i\000l\000h\000\050\000\051}{subsection.4.1.1}% 204
\BOOKMARK [3][-]{subsubsection.4.1.1.19}{\376\377\0004\000.\0001\000.\0001\000.\0001\0009\000\040\000h\000f\000i\000l\000l\000\050\000\051}{subsection.4.1.1}% 205
\BOOKMARK [3][-]{subsubsection.4.1.1.20}{\376\377\0004\000.\0001\000.\0001\000.\0002\0000\000\040\000i\000n\000i\000t\000\137\0003\000d\000\137\000i\000n\000p\000u\000t\000\137\000t\000e\000s\000t\000\050\000\051}{subsection.4.1.1}% 206
\BOOKMARK [3][-]{subsubsection.4.1.1.21}{\376\377\0004\000.\0001\000.\0001\000.\0002\0001\000\040\000i\000n\000i\000t\000\137\000c\000m\000p\000l\000x\000\137\000c\000d\000\137\0001\000d\000\050\000\051}{subsection.4.1.1}% 207
\BOOKMARK [3][-]{subsubsection.4.1.1.22}{\376\377\0004\000.\0001\000.\0001\000.\0002\0002\000\040\000i\000n\000i\000t\000\137\000c\000m\000p\000l\000x\000\137\000c\000d\000\137\0003\000d\000\050\000\051}{subsection.4.1.1}% 208
\BOOKMARK [3][-]{subsubsection.4.1.1.23}{\376\377\0004\000.\0001\000.\0001\000.\0002\0003\000\040\000i\000n\000i\000t\000\137\000c\000o\000m\000p\000u\000t\000a\000t\000i\000o\000n\000\050\000\051}{subsection.4.1.1}% 209
\BOOKMARK [3][-]{subsubsection.4.1.1.24}{\376\377\0004\000.\0001\000.\0001\000.\0002\0004\000\040\000i\000n\000i\000t\000\137\000d\000i\000s\000c\000r\000e\000t\000i\000z\000a\000t\000i\000o\000n\000\050\000\051}{subsection.4.1.1}% 210
\BOOKMARK [3][-]{subsubsection.4.1.1.25}{\376\377\0004\000.\0001\000.\0001\000.\0002\0005\000\040\000i\000n\000i\000t\000\137\000r\000e\000f\000\137\000c\000e\000l\000l\000\137\000d\000i\000m\000\050\000\051}{subsection.4.1.1}% 211
\BOOKMARK [3][-]{subsubsection.4.1.1.26}{\376\377\0004\000.\0001\000.\0001\000.\0002\0006\000\040\000i\000n\000i\000t\000\137\000r\000h\000o\000m\000a\000x\000\050\000\051}{subsection.4.1.1}% 212
\BOOKMARK [3][-]{subsubsection.4.1.1.27}{\376\377\0004\000.\0001\000.\0001\000.\0002\0007\000\040\000i\000n\000i\000t\000\137\000s\000u\000p\000e\000r\000\137\000b\000l\000o\000c\000k\000\050\000\051}{subsection.4.1.1}% 213
\BOOKMARK [3][-]{subsubsection.4.1.1.28}{\376\377\0004\000.\0001\000.\0001\000.\0002\0008\000\040\000i\000n\000i\000t\000\137\000z\000l\000v\000l\000s\000\050\000\051}{subsection.4.1.1}% 214
\BOOKMARK [3][-]{subsubsection.4.1.1.29}{\376\377\0004\000.\0001\000.\0001\000.\0002\0009\000\040\000i\000n\000t\000e\000r\000p\000o\000\137\0002\000d\000\137\000l\000g\0006\000\050\000\051}{subsection.4.1.1}% 215
\BOOKMARK [3][-]{subsubsection.4.1.1.30}{\376\377\0004\000.\0001\000.\0001\000.\0003\0000\000\040\000i\000n\000t\000e\000r\000p\000o\000\137\000l\000g\000\050\000\051}{subsection.4.1.1}% 216
\BOOKMARK [3][-]{subsubsection.4.1.1.31}{\376\377\0004\000.\0001\000.\0001\000.\0003\0001\000\040\000i\000n\000t\000e\000r\000p\000o\000\137\000l\000g\0001\000\050\000\051}{subsection.4.1.1}% 217
\BOOKMARK [3][-]{subsubsection.4.1.1.32}{\376\377\0004\000.\0001\000.\0001\000.\0003\0002\000\040\000i\000n\000t\000e\000r\000p\000o\000\137\000l\000g\0004\000\050\000\051}{subsection.4.1.1}% 218
\BOOKMARK [3][-]{subsubsection.4.1.1.33}{\376\377\0004\000.\0001\000.\0001\000.\0003\0003\000\040\000i\000n\000t\000e\000r\000p\000o\000\137\000l\000g\0005\000\050\000\051}{subsection.4.1.1}% 219
\BOOKMARK [3][-]{subsubsection.4.1.1.34}{\376\377\0004\000.\0001\000.\0001\000.\0003\0004\000\040\000i\000n\000t\000e\000r\000p\000o\000\137\000l\000g\0006\000\050\000\051}{subsection.4.1.1}% 220
\BOOKMARK [3][-]{subsubsection.4.1.1.35}{\376\377\0004\000.\0001\000.\0001\000.\0003\0005\000\040\000i\000n\000t\000e\000r\000p\000o\000\137\000l\000g\0006\000\137\000r\000h\000o\0000\000\050\000\051}{subsection.4.1.1}% 221
\BOOKMARK [3][-]{subsubsection.4.1.1.36}{\376\377\0004\000.\0001\000.\0001\000.\0003\0006\000\040\000i\000n\000t\000e\000r\000p\000o\000\137\000p\000l\000p\000o\000l\000\050\000\051}{subsection.4.1.1}% 222
\BOOKMARK [3][-]{subsubsection.4.1.1.37}{\376\377\0004\000.\0001\000.\0001\000.\0003\0007\000\040\000i\000n\000t\000e\000r\000p\000o\000\137\000p\000o\000l\000i\000n\000t\000\050\000\051}{subsection.4.1.1}% 223
\BOOKMARK [3][-]{subsubsection.4.1.1.38}{\376\377\0004\000.\0001\000.\0001\000.\0003\0008\000\040\000i\000n\000t\000e\000r\000v\000\050\000\051}{subsection.4.1.1}% 224
\BOOKMARK [3][-]{subsubsection.4.1.1.39}{\376\377\0004\000.\0001\000.\0001\000.\0003\0009\000\040\000i\000s\000a\000m\000a\000x\000\050\000\051}{subsection.4.1.1}% 225
\BOOKMARK [3][-]{subsubsection.4.1.1.40}{\376\377\0004\000.\0001\000.\0001\000.\0004\0000\000\040\000l\000i\000n\000v\000a\000l\000\050\000\051}{subsection.4.1.1}% 226
\BOOKMARK [3][-]{subsubsection.4.1.1.41}{\376\377\0004\000.\0001\000.\0001\000.\0004\0001\000\040\000l\000p\000\137\000v\000e\000r\000t\000e\000x\000\137\000o\000r\000d\000e\000r\000\050\000\051}{subsection.4.1.1}% 227
\BOOKMARK [3][-]{subsubsection.4.1.1.42}{\376\377\0004\000.\0001\000.\0001\000.\0004\0002\000\040\000m\000a\000i\000n\000\050\000\051}{subsection.4.1.1}% 228
\BOOKMARK [3][-]{subsubsection.4.1.1.43}{\376\377\0004\000.\0001\000.\0001\000.\0004\0003\000\040\000m\000a\000i\000n\000\137\000m\000a\000t\000r\000i\000c\000e\000s\000\050\000\051}{subsection.4.1.1}% 229
\BOOKMARK [3][-]{subsubsection.4.1.1.44}{\376\377\0004\000.\0001\000.\0001\000.\0004\0004\000\040\000m\000a\000i\000n\000\137\000p\000r\000m\000\137\000a\000t\000\137\000c\000e\000l\000l\000\050\000\051}{subsection.4.1.1}% 230
\BOOKMARK [3][-]{subsubsection.4.1.1.45}{\376\377\0004\000.\0001\000.\0001\000.\0004\0005\000\040\000m\000a\000i\000n\000\137\000p\000r\000m\000\137\000a\000t\000\137\000r\000c\000v\000\050\000\051}{subsection.4.1.1}% 231
\BOOKMARK [3][-]{subsubsection.4.1.1.46}{\376\377\0004\000.\0001\000.\0001\000.\0004\0006\000\040\000m\000a\000i\000n\000\137\000s\000c\000a\000t\000\137\000e\000h\000\137\000c\000s\000\050\000\051}{subsection.4.1.1}% 232
\BOOKMARK [3][-]{subsubsection.4.1.1.47}{\376\377\0004\000.\0001\000.\0001\000.\0004\0007\000\040\000m\000a\000i\000n\000\137\000s\000c\000a\000t\000\137\000e\000h\000\137\000m\000t\000\050\000\051}{subsection.4.1.1}% 233
\BOOKMARK [3][-]{subsubsection.4.1.1.48}{\376\377\0004\000.\0001\000.\0001\000.\0004\0008\000\040\000m\000a\000i\000n\000\137\000s\000o\000l\000v\000e\000r\000\050\000\051}{subsection.4.1.1}% 234
\BOOKMARK [3][-]{subsubsection.4.1.1.49}{\376\377\0004\000.\0001\000.\0001\000.\0004\0009\000\040\000m\000a\000i\000n\000\137\000s\000u\000p\000e\000r\000\137\000g\000r\000i\000d\000\050\000\051}{subsection.4.1.1}% 235
\BOOKMARK [3][-]{subsubsection.4.1.1.50}{\376\377\0004\000.\0001\000.\0001\000.\0005\0000\000\040\000m\000a\000r\000c\000o\000\137\0003\000d\000\050\000\051}{subsection.4.1.1}% 236
\BOOKMARK [3][-]{subsubsection.4.1.1.51}{\376\377\0004\000.\0001\000.\0001\000.\0005\0001\000\040\000m\000d\000\137\000p\000r\000m\000\050\000\051}{subsection.4.1.1}% 237
\BOOKMARK [3][-]{subsubsection.4.1.1.52}{\376\377\0004\000.\0001\000.\0001\000.\0005\0002\000\040\000m\000t\000r\000x\000\137\0001\000m\000\050\000\051}{subsection.4.1.1}% 238
\BOOKMARK [3][-]{subsubsection.4.1.1.53}{\376\377\0004\000.\0001\000.\0001\000.\0005\0003\000\040\000m\000t\000r\000x\000\137\0001\000m\000s\000\050\000\051}{subsection.4.1.1}% 239
\BOOKMARK [3][-]{subsubsection.4.1.1.54}{\376\377\0004\000.\0001\000.\0001\000.\0005\0004\000\040\000m\000t\000r\000x\000\137\0003\000m\000\050\000\051}{subsection.4.1.1}% 240
\BOOKMARK [3][-]{subsubsection.4.1.1.55}{\376\377\0004\000.\0001\000.\0001\000.\0005\0005\000\040\000m\000t\000r\000x\000\137\0003\000m\000s\000\050\000\051}{subsection.4.1.1}% 241
\BOOKMARK [3][-]{subsubsection.4.1.1.56}{\376\377\0004\000.\0001\000.\0001\000.\0005\0006\000\040\000m\000t\000r\000x\000\137\000g\000s\000\050\000\051}{subsection.4.1.1}% 242
\BOOKMARK [3][-]{subsubsection.4.1.1.57}{\376\377\0004\000.\0001\000.\0001\000.\0005\0007\000\040\000m\000t\000r\000x\000\137\000m\000\050\000\051}{subsection.4.1.1}% 243
\BOOKMARK [3][-]{subsubsection.4.1.1.58}{\376\377\0004\000.\0001\000.\0001\000.\0005\0008\000\040\000m\000t\000r\000x\000\137\000m\000s\000\050\000\051}{subsection.4.1.1}% 244
\BOOKMARK [3][-]{subsubsection.4.1.1.59}{\376\377\0004\000.\0001\000.\0001\000.\0005\0009\000\040\000m\000t\000r\000x\000\137\000s\000l\000v\000\137\000c\000s\000i\000f\000a\000\050\000\051}{subsection.4.1.1}% 245
\BOOKMARK [3][-]{subsubsection.4.1.1.60}{\376\377\0004\000.\0001\000.\0001\000.\0006\0000\000\040\000m\000t\000r\000x\000\137\000s\000l\000v\000\137\000c\000s\000i\000s\000l\000\050\000\051}{subsection.4.1.1}% 246
\BOOKMARK [3][-]{subsubsection.4.1.1.61}{\376\377\0004\000.\0001\000.\0001\000.\0006\0001\000\040\000m\000t\000r\000x\000\137\000s\000l\000v\000\137\000f\000a\000c\000t\000o\000r\000\050\000\051}{subsection.4.1.1}% 247
\BOOKMARK [3][-]{subsubsection.4.1.1.62}{\376\377\0004\000.\0001\000.\0001\000.\0006\0002\000\040\000m\000t\000r\000x\000\137\000s\000l\000v\000\137\000l\000u\000b\000k\000s\000b\000\050\000\051}{subsection.4.1.1}% 248
\BOOKMARK [3][-]{subsubsection.4.1.1.63}{\376\377\0004\000.\0001\000.\0001\000.\0006\0003\000\040\000m\000t\000r\000x\000\137\000s\000l\000v\000\137\000l\000u\000d\000c\000m\000p\000\050\000\051}{subsection.4.1.1}% 249
\BOOKMARK [3][-]{subsubsection.4.1.1.64}{\376\377\0004\000.\0001\000.\0001\000.\0006\0004\000\040\000m\000t\000r\000x\000\137\000s\000l\000v\000\137\000s\000a\000x\000p\000y\000\050\000\051}{subsection.4.1.1}% 250
\BOOKMARK [3][-]{subsubsection.4.1.1.65}{\376\377\0004\000.\0001\000.\0001\000.\0006\0005\000\040\000m\000t\000r\000x\000\137\000s\000l\000v\000\137\000s\000s\000w\000a\000p\000\050\000\051}{subsection.4.1.1}% 251
\BOOKMARK [3][-]{subsubsection.4.1.1.66}{\376\377\0004\000.\0001\000.\0001\000.\0006\0006\000\040\000m\000t\000r\000x\000\137\000s\000m\000r\000g\000s\000\050\000\051}{subsection.4.1.1}% 252
\BOOKMARK [3][-]{subsubsection.4.1.1.67}{\376\377\0004\000.\0001\000.\0001\000.\0006\0007\000\040\000m\000t\000r\000x\000\137\000s\000p\000s\000\050\000\051}{subsection.4.1.1}% 253
\BOOKMARK [3][-]{subsubsection.4.1.1.68}{\376\377\0004\000.\0001\000.\0001\000.\0006\0008\000\040\000m\000t\000r\000x\000\137\000s\000p\000s\0001\000b\000\050\000\051}{subsection.4.1.1}% 254
\BOOKMARK [3][-]{subsubsection.4.1.1.69}{\376\377\0004\000.\0001\000.\0001\000.\0006\0009\000\040\000m\000t\000r\000x\000\137\000s\000p\000s\000g\000s\000b\000\050\000\051}{subsection.4.1.1}% 255
\BOOKMARK [3][-]{subsubsection.4.1.1.70}{\376\377\0004\000.\0001\000.\0001\000.\0007\0000\000\040\000m\000t\000r\000x\000\137\000s\000p\000s\000m\000\050\000\051}{subsection.4.1.1}% 256
\BOOKMARK [3][-]{subsubsection.4.1.1.71}{\376\377\0004\000.\0001\000.\0001\000.\0007\0001\000\040\000m\000t\000r\000x\000\137\000s\000p\000s\000s\000\050\000\051}{subsection.4.1.1}% 257
\BOOKMARK [3][-]{subsubsection.4.1.1.72}{\376\377\0004\000.\0001\000.\0001\000.\0007\0002\000\040\000m\000t\000r\000x\000\137\000s\000p\000s\000s\000m\000\050\000\051}{subsection.4.1.1}% 258
\BOOKMARK [3][-]{subsubsection.4.1.1.73}{\376\377\0004\000.\0001\000.\0001\000.\0007\0003\000\040\000m\000t\000r\000x\000\137\000s\000p\000s\000s\000m\0002\000\050\000\051}{subsection.4.1.1}% 259
\BOOKMARK [3][-]{subsubsection.4.1.1.74}{\376\377\0004\000.\0001\000.\0001\000.\0007\0004\000\040\000m\000t\000r\000x\000\137\000u\000n\000i\000t\000a\000r\000y\000\050\000\051}{subsection.4.1.1}% 260
\BOOKMARK [3][-]{subsubsection.4.1.1.75}{\376\377\0004\000.\0001\000.\0001\000.\0007\0005\000\040\000o\000n\000e\000\137\000d\000\137\0000\000\137\0002\000\137\000i\000n\000f\000t\000y\000\050\000\051}{subsection.4.1.1}% 261
\BOOKMARK [3][-]{subsubsection.4.1.1.76}{\376\377\0004\000.\0001\000.\0001\000.\0007\0006\000\040\000o\000n\000e\000\137\000d\000\137\000c\000i\000r\000c\000l\000e\000\050\000\051}{subsection.4.1.1}% 262
\BOOKMARK [3][-]{subsubsection.4.1.1.77}{\376\377\0004\000.\0001\000.\0001\000.\0007\0007\000\040\000o\000n\000e\000\137\000d\000\137\000g\000r\000e\000e\000n\000\050\000\051}{subsection.4.1.1}% 263
\BOOKMARK [3][-]{subsubsection.4.1.1.78}{\376\377\0004\000.\0001\000.\0001\000.\0007\0008\000\040\000o\000n\000e\000\137\000d\000\137\000h\000f\000\137\000t\000a\000b\000l\000e\000\050\000\051}{subsection.4.1.1}% 264
\BOOKMARK [3][-]{subsubsection.4.1.1.79}{\376\377\0004\000.\0001\000.\0001\000.\0007\0009\000\040\000o\000n\000e\000\137\000d\000\137\000k\000e\000r\000n\000e\000l\000\050\000\051}{subsection.4.1.1}% 265
\BOOKMARK [3][-]{subsubsection.4.1.1.80}{\376\377\0004\000.\0001\000.\0001\000.\0008\0000\000\040\000o\000n\000e\000\137\000d\000\137\000l\000i\000n\000e\000\050\000\051}{subsection.4.1.1}% 266
\BOOKMARK [3][-]{subsubsection.4.1.1.81}{\376\377\0004\000.\0001\000.\0001\000.\0008\0001\000\040\000o\000n\000e\000\137\000d\000\137\000s\000i\000m\000p\000c\000s\000\050\000\051}{subsection.4.1.1}% 267
\BOOKMARK [3][-]{subsubsection.4.1.1.82}{\376\377\0004\000.\0001\000.\0001\000.\0008\0002\000\040\000o\000n\000e\000\137\000d\000\137\000s\000i\000m\000p\000s\000o\000n\000\137\000f\000o\000r\000\137\000h\000a\000n\000k\000e\000l\000\050\000\051}{subsection.4.1.1}% 268
\BOOKMARK [3][-]{subsubsection.4.1.1.83}{\376\377\0004\000.\0001\000.\0001\000.\0008\0003\000\040\000o\000n\000e\000\137\000d\000\137\000s\000o\000u\000r\000c\000e\000\050\000\051}{subsection.4.1.1}% 269
\BOOKMARK [3][-]{subsubsection.4.1.1.84}{\376\377\0004\000.\0001\000.\0001\000.\0008\0004\000\040\000p\000r\000i\000n\000t\000\137\000f\000d\000\050\000\051}{subsection.4.1.1}% 270
\BOOKMARK [3][-]{subsubsection.4.1.1.85}{\376\377\0004\000.\0001\000.\0001\000.\0008\0005\000\040\000r\000x\000\137\000l\000o\000o\000p\000\137\000i\000n\000t\000e\000g\000\050\000\051}{subsection.4.1.1}% 271
\BOOKMARK [3][-]{subsubsection.4.1.1.86}{\376\377\0004\000.\0001\000.\0001\000.\0008\0006\000\040\000s\000c\000a\000t\000\137\000e\000h\000\137\000c\000s\000\050\000\051}{subsection.4.1.1}% 272
\BOOKMARK [3][-]{subsubsection.4.1.1.87}{\376\377\0004\000.\0001\000.\0001\000.\0008\0007\000\040\000s\000c\000a\000t\000\137\000e\000h\000\137\000c\000s\000g\000s\000\050\000\051}{subsection.4.1.1}% 273
\BOOKMARK [3][-]{subsubsection.4.1.1.88}{\376\377\0004\000.\0001\000.\0001\000.\0008\0008\000\040\000s\000c\000a\000t\000\137\000e\000h\000\137\000m\000t\000\050\000\051}{subsection.4.1.1}% 274
\BOOKMARK [3][-]{subsubsection.4.1.1.89}{\376\377\0004\000.\0001\000.\0001\000.\0008\0009\000\040\000s\000c\000a\000t\000\137\000e\000h\000\137\000m\000t\000s\000\050\000\051}{subsection.4.1.1}% 275
\BOOKMARK [3][-]{subsubsection.4.1.1.90}{\376\377\0004\000.\0001\000.\0001\000.\0009\0000\000\040\000s\000d\000o\000t\000\050\000\051}{subsection.4.1.1}% 276
\BOOKMARK [3][-]{subsubsection.4.1.1.91}{\376\377\0004\000.\0001\000.\0001\000.\0009\0001\000\040\000s\000e\000t\000\137\000o\000u\000t\000p\000u\000t\000\137\000f\000a\000c\000t\000o\000r\000s\000\050\000\051}{subsection.4.1.1}% 277
\BOOKMARK [3][-]{subsubsection.4.1.1.92}{\376\377\0004\000.\0001\000.\0001\000.\0009\0002\000\040\000s\000e\000t\000\137\000o\000u\000t\000p\000u\000t\000\137\000s\000c\000a\000l\000i\000n\000g\000\050\000\051}{subsection.4.1.1}% 278
\BOOKMARK [3][-]{subsubsection.4.1.1.93}{\376\377\0004\000.\0001\000.\0001\000.\0009\0003\000\040\000s\000e\000t\000\137\000s\000o\000u\000r\000c\000e\000\050\000\051}{subsection.4.1.1}% 279
\BOOKMARK [3][-]{subsubsection.4.1.1.94}{\376\377\0004\000.\0001\000.\0001\000.\0009\0004\000\040\000s\000t\000r\000u\000c\000t\000u\000r\000i\000n\000g\000\050\000\051}{subsection.4.1.1}% 280
\BOOKMARK [3][-]{subsubsection.4.1.1.95}{\376\377\0004\000.\0001\000.\0001\000.\0009\0005\000\040\000t\000d\000e\000m\000\137\0003\000d\000\050\000\051}{subsection.4.1.1}% 281
\BOOKMARK [3][-]{subsubsection.4.1.1.96}{\376\377\0004\000.\0001\000.\0001\000.\0009\0006\000\040\000t\000e\000m\000\137\000p\000e\000r\000c\000\050\000\051}{subsection.4.1.1}% 282
\BOOKMARK [3][-]{subsubsection.4.1.1.97}{\376\377\0004\000.\0001\000.\0001\000.\0009\0007\000\040\000t\000e\000s\000t\000\137\000w\000i\000r\000e\000\137\000p\000a\000t\000h\000\050\000\051}{subsection.4.1.1}% 283
\BOOKMARK [3][-]{subsubsection.4.1.1.98}{\376\377\0004\000.\0001\000.\0001\000.\0009\0008\000\040\000t\000h\000r\000\137\000d\000\137\000g\0001\0002\000\050\000\051}{subsection.4.1.1}% 284
\BOOKMARK [3][-]{subsubsection.4.1.1.99}{\376\377\0004\000.\0001\000.\0001\000.\0009\0009\000\040\000t\000h\000r\000\137\000d\000\137\000g\000a\000s\000e\000l\000f\000\050\000\051}{subsection.4.1.1}% 285
\BOOKMARK [3][-]{subsubsection.4.1.1.100}{\376\377\0004\000.\0001\000.\0001\000.\0001\0000\0000\000\040\000t\000h\000r\000\137\000d\000\137\000g\000e\000p\000r\000m\000\050\000\051}{subsection.4.1.1}% 286
\BOOKMARK [3][-]{subsubsection.4.1.1.101}{\376\377\0004\000.\0001\000.\0001\000.\0001\0000\0001\000\040\000t\000h\000r\000\137\000d\000\137\000g\000h\000p\000r\000m\000\050\000\051}{subsection.4.1.1}% 287
\BOOKMARK [3][-]{subsubsection.4.1.1.102}{\376\377\0004\000.\0001\000.\0001\000.\0001\0000\0002\000\040\000t\000h\000r\000\137\000d\000\137\000g\000r\000e\000e\000n\000\050\000\051}{subsection.4.1.1}% 288
\BOOKMARK [3][-]{subsubsection.4.1.1.103}{\376\377\0004\000.\0001\000.\0001\000.\0001\0000\0003\000\040\000t\000h\000r\000\137\000d\000\137\000h\000f\000\137\000t\000a\000b\000l\000e\000\050\000\051}{subsection.4.1.1}% 289
\BOOKMARK [3][-]{subsubsection.4.1.1.104}{\376\377\0004\000.\0001\000.\0001\000.\0001\0000\0004\000\040\000t\000h\000r\000\137\000d\000\137\000v\000x\000y\000z\000\050\000\051}{subsection.4.1.1}% 290
\BOOKMARK [3][-]{subsubsection.4.1.1.105}{\376\377\0004\000.\0001\000.\0001\000.\0001\0000\0005\000\040\000t\000x\000\137\000r\000x\000\137\000c\000o\000n\000v\000e\000r\000t\000e\000r\000\050\000\051}{subsection.4.1.1}% 291
\BOOKMARK [3][-]{subsubsection.4.1.1.106}{\376\377\0004\000.\0001\000.\0001\000.\0001\0000\0006\000\040\000t\000x\000c\000m\000r\000g\000\050\000\051}{subsection.4.1.1}% 292
\BOOKMARK [3][-]{subsubsection.4.1.1.107}{\376\377\0004\000.\0001\000.\0001\000.\0001\0000\0007\000\040\000t\000x\000c\000n\000v\000d\000\050\000\051}{subsection.4.1.1}% 293
\BOOKMARK [3][-]{subsubsection.4.1.1.108}{\376\377\0004\000.\0001\000.\0001\000.\0001\0000\0008\000\040\000t\000x\000c\000n\000v\000l\000\050\000\051}{subsection.4.1.1}% 294
\BOOKMARK [3][-]{subsubsection.4.1.1.109}{\376\377\0004\000.\0001\000.\0001\000.\0001\0000\0009\000\040\000w\000a\000m\000x\000\137\000c\000l\000d\000i\000s\000t\000\050\000\051}{subsection.4.1.1}% 295
\BOOKMARK [3][-]{subsubsection.4.1.1.110}{\376\377\0004\000.\0001\000.\0001\000.\0001\0001\0000\000\040\000w\000a\000m\000x\000\137\000p\000o\000s\000\050\000\051}{subsection.4.1.1}% 296
\BOOKMARK [3][-]{subsubsection.4.1.1.111}{\376\377\0004\000.\0001\000.\0001\000.\0001\0001\0001\000\040\000w\000f\000a\000m\000x\000\137\000h\000e\000a\000d\000e\000r\000\050\000\051}{subsection.4.1.1}% 297
\BOOKMARK [3][-]{subsubsection.4.1.1.112}{\376\377\0004\000.\0001\000.\0001\000.\0001\0001\0002\000\040\000w\000r\000f\000d\000p\000\050\000\051}{subsection.4.1.1}% 298
\BOOKMARK [3][-]{subsubsection.4.1.1.113}{\376\377\0004\000.\0001\000.\0001\000.\0001\0001\0003\000\040\000w\000r\000f\000d\000s\000\050\000\051}{subsection.4.1.1}% 299
\BOOKMARK [3][-]{subsubsection.4.1.1.114}{\376\377\0004\000.\0001\000.\0001\000.\0001\0001\0004\000\040\000w\000r\000i\000t\000e\000\137\000f\000a\000m\000x\000\050\000\051}{subsection.4.1.1}% 300
\BOOKMARK [3][-]{subsubsection.4.1.1.115}{\376\377\0004\000.\0001\000.\0001\000.\0001\0001\0005\000\040\000w\000r\000i\000t\000e\000\137\000f\000a\000m\000x\000\137\000p\000p\000m\000\050\000\051}{subsection.4.1.1}% 301
\BOOKMARK [3][-]{subsubsection.4.1.1.116}{\376\377\0004\000.\0001\000.\0001\000.\0001\0001\0006\000\040\000w\000r\000i\000t\000e\000\137\000f\000d\000\050\000\051}{subsection.4.1.1}% 302
\BOOKMARK [3][-]{subsubsection.4.1.1.117}{\376\377\0004\000.\0001\000.\0001\000.\0001\0001\0007\000\040\000w\000r\000i\000t\000e\000\137\000f\000d\000\137\000p\000p\000m\000\050\000\051}{subsection.4.1.1}% 303
\BOOKMARK [3][-]{subsubsection.4.1.1.118}{\376\377\0004\000.\0001\000.\0001\000.\0001\0001\0008\000\040\000w\000r\000i\000t\000e\000\137\000t\000a\000m\000x\000\050\000\051}{subsection.4.1.1}% 304
\BOOKMARK [3][-]{subsubsection.4.1.1.119}{\376\377\0004\000.\0001\000.\0001\000.\0001\0001\0009\000\040\000w\000r\000i\000t\000e\000\137\000t\000d\000\050\000\051}{subsection.4.1.1}% 305
\BOOKMARK [3][-]{subsubsection.4.1.1.120}{\376\377\0004\000.\0001\000.\0001\000.\0001\0002\0000\000\040\000w\000r\000t\000d\000p\000\050\000\051}{subsection.4.1.1}% 306
\BOOKMARK [3][-]{subsubsection.4.1.1.121}{\376\377\0004\000.\0001\000.\0001\000.\0001\0002\0001\000\040\000w\000r\000t\000d\000t\000\050\000\051}{subsection.4.1.1}% 307
\BOOKMARK [3][-]{subsubsection.4.1.1.122}{\376\377\0004\000.\0001\000.\0001\000.\0001\0002\0002\000\040\000w\000r\000y\000t\000\137\000l\000o\000g\000\137\000f\000i\000l\000e\000\050\000\051}{subsection.4.1.1}% 308
\BOOKMARK [3][-]{subsubsection.4.1.1.123}{\376\377\0004\000.\0001\000.\0001\000.\0001\0002\0003\000\040\000w\000t\000a\000m\000x\000\137\000h\000e\000a\000d\000e\000r\000\050\000\051}{subsection.4.1.1}% 309
\BOOKMARK [3][-]{subsubsection.4.1.1.124}{\376\377\0004\000.\0001\000.\0001\000.\0001\0002\0004\000\040\000z\000\137\000z\000p\000\137\000l\000v\000l\000s\000\050\000\051}{subsection.4.1.1}% 310
\BOOKMARK [0][-]{section*.194}{\376\377\000I\000n\000d\000e\000x}{}% 311
