

  LokiAir task started at 12:04 on 20 NOV 2006



      ##############################################################################
      #****************************************************************************#
      #*                                                                          *#
      #*       LokiAir - Version 3.5.3    23 October 2006                         *#
      #*                                                                          *#
      #*  THIS PROGRAM HAS BEEN RELEASED STRICTLY FOR USE BY                      *#
      #*                                                                          *#
      #*    1. Sponsors of AMIRA project P223F                                    *#
      #*                                                                          *#
      #*    2. Their authorised agents (P223F sponsor work only)                  *#
      #*                                                                          *#
      #*    3. Universities formally included in the P223F collaboration scheme   *#
      #*                                                                          *#
      #*    4. Authorised CSIRO personnel                                         *#
      #*                                                                          *#
      #****************************************************************************#
      ##############################################################################


          INPUT DATA
          ----------


 Geotem 25 Hz dB/dt response

  TDFD =  1   DO3D =  1   PRFL =  1    ISTOP = 0

  ISW = -30   NSX = 384   STEP = 0    UNITS =   1  NCHNL =  20
  KRXW =  1   OFFTYM =   0.000    

  Geotem / Questem stripping algorithm will be applied to computations.


         +----------------------------------------------
         +    Time-Domain AEM Impulse System Input Data 
         +          dB/dt output will be in nT/s
         +----------------------------------------------


                          Vertical receiver  
           TXON (ms)      waveform in nT/s
           ---------      -----------------

      1        0.000         0.000    
      2        0.052         8.267    
      3        0.104         11.38    
      4        0.156         567.2    
      5        0.208         5245.    
      6        0.260        0.1499E+05
      7        0.312        0.2313E+05
      8        0.365        0.2721E+05
      9        0.417        0.2879E+05
     10        0.469        0.2922E+05
     11        0.521        0.2917E+05
     12        0.573        0.2891E+05
     13        0.625        0.2854E+05
     14        0.677        0.2811E+05
     15        0.729        0.2763E+05
     16        0.781        0.2711E+05
     17        0.833        0.2654E+05
     18        0.885        0.2593E+05
     19        0.938        0.2528E+05
     20        0.990        0.2459E+05
     21        1.042        0.2387E+05
     22        1.094        0.2311E+05
     23        1.146        0.2231E+05
     24        1.198        0.2148E+05
     25        1.250        0.2062E+05
     26        1.302        0.1973E+05
     27        1.354        0.1881E+05
     28        1.406        0.1786E+05
     29        1.458        0.1689E+05
     30        1.510        0.1589E+05
     31        1.562        0.1487E+05
     32        1.615        0.1383E+05
     33        1.667        0.1277E+05
     34        1.719        0.1170E+05
     35        1.771        0.1061E+05
     36        1.823         9508.    
     37        1.875         8395.    
     38        1.927         7271.    
     39        1.979         6140.    
     40        2.031         5004.    
     41        2.083         3863.    
     42        2.135         2720.    
     43        2.188         1577.    
     44        2.240         434.5    
     45        2.292        -705.2    
     46        2.344        -1838.    
     47        2.396        -2963.    
     48        2.448        -4079.    
     49        2.500        -5184.    
     50        2.552        -6277.    
     51        2.604        -7357.    
     52        2.656        -8420.    
     53        2.708        -9466.    
     54        2.760       -0.1049E+05
     55        2.812       -0.1150E+05
     56        2.865       -0.1248E+05
     57        2.917       -0.1344E+05
     58        2.969       -0.1438E+05
     59        3.021       -0.1529E+05
     60        3.073       -0.1617E+05
     61        3.125       -0.1702E+05
     62        3.177       -0.1784E+05
     63        3.229       -0.1863E+05
     64        3.281       -0.1938E+05
     65        3.333       -0.2011E+05
     66        3.385       -0.2079E+05
     67        3.438       -0.2144E+05
     68        3.490       -0.2206E+05
     69        3.542       -0.2263E+05
     70        3.594       -0.2317E+05
     71        3.646       -0.2367E+05
     72        3.698       -0.2413E+05
     73        3.750       -0.2455E+05
     74        3.802       -0.2492E+05
     75        3.854       -0.2526E+05
     76        3.906       -0.2555E+05
     77        3.958       -0.2580E+05
     78        4.010       -0.2601E+05
     79        4.062       -0.2618E+05
     80        4.115       -0.2630E+05
     81        4.167       -0.2638E+05
     82        4.219       -0.2632E+05
     83        4.271       -0.2437E+05
     84        4.323       -0.1691E+05
     85        4.375        -7450.    
     86        4.427        -2074.    
     87        4.479        -432.8    
     88        4.531        -197.8    
     89        4.583        -221.8    
     90        4.635        -234.9    
     91        4.688        -227.9    
     92        4.740        -216.0    
     93        4.792        -204.6    
     94        4.844        -194.6    
     95        4.896        -185.1    
     96        4.948        -176.4    
     97        5.000        -168.6    
     98        5.052        -161.2    
     99        5.104        -154.4    
    100        5.156        -148.4    
    101        5.208        -142.9    
    102        5.260        -136.9    
    103        5.312        -130.8    
    104        5.365        -126.6    
    105        5.417        -122.4    
    106        5.469        -117.0    
    107        5.521        -112.8    
    108        5.573        -109.0    
    109        5.625        -105.2    
    110        5.677        -101.7    
    111        5.729        -98.70    
    112        5.781        -95.70    
    113        5.833        -92.86    
    114        5.885        -89.90    
    115        5.938        -86.84    
    116        5.990        -83.92    
    117        6.042        -81.22    
    118        6.094        -79.50    
    119        6.146        -77.62    
    120        6.198        -75.36    
    121        6.250        -73.05    
    122        6.302        -71.19    
    123        6.354        -69.11    
    124        6.406        -66.31    
    125        6.458        -64.01    
    126        6.510        -62.86    
    127        6.562        -61.99    
    128        6.615        -60.24    
    129        6.667        -58.42    
    130        6.719        -57.85    
    131        6.771        -56.18    
    132        6.823        -54.12    
    133        6.875        -53.54    
    134        6.927        -52.19    
    135        6.979        -50.80    
    136        7.031        -49.32    
    137        7.083        -48.38    
    138        7.135        -47.64    
    139        7.188        -46.08    
    140        7.240        -44.84    
    141        7.292        -43.88    
    142        7.344        -43.20    
    143        7.396        -41.99    
    144        7.448        -40.94    
    145        7.500        -40.45    
    146        7.552        -39.81    
    147        7.604        -38.70    
    148        7.656        -37.96    
    149        7.708        -37.24    
    150        7.760        -36.93    
    151        7.812        -35.70    
    152        7.865        -34.54    
    153        7.917        -33.81    
    154        7.969        -33.52    
    155        8.021        -32.96    
    156        8.073        -32.77    
    157        8.125        -32.06    
    158        8.177        -31.48    
    159        8.229        -30.00    
    160        8.281        -28.85    
    161        8.333        -28.55    
    162        8.385        -28.91    
    163        8.438        -28.67    
    164        8.490        -27.92    
    165        8.542        -27.09    
    166        8.594        -26.43    
    167        8.646        -26.22    
    168        8.698        -26.03    
    169        8.750        -25.72    
    170        8.802        -25.11    
    171        8.854        -24.55    
    172        8.906        -24.35    
    173        8.958        -24.26    
    174        9.010        -23.73    
    175        9.062        -23.04    
    176        9.115        -22.69    
    177        9.167        -23.20    
    178        9.219        -22.43    
    179        9.271        -21.77    
    180        9.323        -21.13    
    181        9.375        -20.71    
    182        9.427        -21.20    
    183        9.479        -20.93    
    184        9.531        -20.47    
    185        9.583        -19.20    
    186        9.635        -19.25    
    187        9.688        -19.44    
    188        9.740        -19.70    
    189        9.792        -19.45    
    190        9.844        -18.20    
    191        9.896        -18.27    
    192        9.948        -18.49    
    193       10.000        -17.73    
    194       10.052        -17.12    
    195       10.104        -17.40    
    196       10.156        -17.84    
    197       10.208        -17.04    
    198       10.260        -17.41    
    199       10.312        -17.20    
    200       10.365        -16.12    
    201       10.417        -16.03    
    202       10.469        -16.33    
    203       10.521        -16.51    
    204       10.573        -16.02    
    205       10.625        -14.82    
    206       10.677        -14.41    
    207       10.729        -14.82    
    208       10.781        -15.04    
    209       10.833        -15.28    
    210       10.885        -14.87    
    211       10.938        -14.25    
    212       10.990        -14.38    
    213       11.042        -14.34    
    214       11.094        -13.88    
    215       11.146        -13.37    
    216       11.198        -12.78    
    217       11.250        -12.41    
    218       11.302        -12.91    
    219       11.354        -13.31    
    220       11.406        -12.79    
    221       11.458        -12.93    
    222       11.510        -12.84    
    223       11.562        -12.12    
    224       11.615        -11.52    
    225       11.667        -11.57    
    226       11.719        -12.01    
    227       11.771        -12.40    
    228       11.823        -12.03    
    229       11.875        -11.92    
    230       11.927        -11.46    
    231       11.979        -10.83    
    232       12.031        -11.11    
    233       12.083        -10.87    
    234       12.135        -9.883    
    235       12.188        -10.06    
    236       12.240        -10.80    
    237       12.292        -10.98    
    238       12.344        -10.93    
    239       12.396        -10.89    
    240       12.448        -10.81    
    241       12.500        -10.14    
    242       12.552        -9.579    
    243       12.604        -9.739    
    244       12.656        -10.18    
    245       12.708        -10.24    
    246       12.760        -10.11    
    247       12.812        -9.686    
    248       12.865        -9.236    
    249       12.917        -9.666    
    250       12.969        -9.645    
    251       13.021        -9.449    
    252       13.073        -9.514    
    253       13.125        -9.246    
    254       13.177        -9.455    
    255       13.229        -9.563    
    256       13.281        -8.990    
    257       13.333        -8.774    
    258       13.385        -8.662    
    259       13.438        -8.573    
    260       13.490        -8.311    
    261       13.542        -7.788    
    262       13.594        -8.599    
    263       13.646        -9.492    
    264       13.698        -9.431    
    265       13.750        -8.615    
    266       13.802        -7.407    
    267       13.854        -7.632    
    268       13.906        -7.967    
    269       13.958        -7.564    
    270       14.010        -8.175    
    271       14.062        -8.858    
    272       14.115        -8.782    
    273       14.167        -8.442    
    274       14.219        -8.370    
    275       14.271        -7.735    
    276       14.323        -7.087    
    277       14.375        -7.701    
    278       14.427        -7.612    
    279       14.479        -6.834    
    280       14.531        -7.342    
    281       14.583        -7.667    
    282       14.635        -6.959    
    283       14.688        -7.156    
    284       14.740        -7.575    
    285       14.792        -7.625    
    286       14.844        -8.167    
    287       14.896        -7.418    
    288       14.948        -6.669    
    289       15.000        -6.466    
    290       15.052        -6.884    
    291       15.104        -7.132    
    292       15.156        -7.275    
    293       15.208        -7.729    
    294       15.260        -7.085    
    295       15.312        -6.580    
    296       15.365        -7.041    
    297       15.417        -7.238    
    298       15.469        -7.028    
    299       15.521        -7.070    
    300       15.573        -7.049    
    301       15.625        -6.588    
    302       15.677        -6.044    
    303       15.729        -6.022    
    304       15.781        -5.733    
    305       15.833        -6.128    
    306       15.885        -6.732    
    307       15.938        -6.444    
    308       15.990        -5.657    
    309       16.042        -5.717    
    310       16.094        -6.437    
    311       16.146        -6.891    
    312       16.198        -6.209    
    313       16.250        -5.812    
    314       16.302        -5.754    
    315       16.354        -6.040    
    316       16.406        -6.213    
    317       16.458        -6.126    
    318       16.510        -5.903    
    319       16.562        -5.254    
    320       16.615        -5.050    
    321       16.667        -5.288    
    322       16.719        -5.419    
    323       16.771        -5.977    
    324       16.823        -6.292    
    325       16.875        -5.958    
    326       16.927        -5.269    
    327       16.979        -5.330    
    328       17.031        -5.360    
    329       17.083        -5.316    
    330       17.135        -5.386    
    331       17.188        -5.955    
    332       17.240        -6.015    
    333       17.292        -5.551    
    334       17.344        -5.291    
    335       17.396        -5.320    
    336       17.448        -5.490    
    337       17.500        -5.128    
    338       17.552        -5.055    
    339       17.604        -5.375    
    340       17.656        -5.549    
    341       17.708        -5.212    
    342       17.760        -5.169    
    343       17.812        -5.142    
    344       17.865        -4.974    
    345       17.917        -5.343    
    346       17.969        -5.406    
    347       18.021        -4.896    
    348       18.073        -4.129    
    349       18.125        -4.313    
    350       18.177        -4.376    
    351       18.229        -4.726    
    352       18.281        -5.491    
    353       18.333        -5.294    
    354       18.385        -4.954    
    355       18.438        -5.156    
    356       18.490        -5.407    
    357       18.542        -5.187    
    358       18.594        -4.816    
    359       18.646        -4.357    
    360       18.698        -4.425    
    361       18.750        -4.325    
    362       18.802        -4.028    
    363       18.854        -4.173    
    364       18.906        -4.829    
    365       18.958        -4.268    
    366       19.010        -4.351    
    367       19.062        -5.075    
    368       19.115        -5.009    
    369       19.167        -4.373    
    370       19.219        -4.679    
    371       19.271        -4.652    
    372       19.323        -4.339    
    373       19.375        -4.849    
    374       19.427        -5.276    
    375       19.479        -4.961    
    376       19.531        -4.272    
    377       19.583        -4.143    
    378       19.635        -3.913    
    379       19.688        -4.044    
    380       19.740        -4.068    
    381       19.792        -4.376    
    382       19.844        -4.868    
    383       19.896        -4.192    
    384       19.948        -3.717    
    385       20.000        -3.571    

         Receiver Window Specifications (ms)
         -----------------------------------

       Window     Open        Close      Width      Centre
       ------     ----        -----      -----      ------
          1       0.208       0.625      0.417       0.417
          2       0.677       1.719      1.042       1.198
          3       1.771       2.969      1.198       2.370
          4       3.021       4.531      1.510       3.776
          5       4.583       4.688      0.104       4.635
          6       4.740       4.844      0.104       4.792
          7       4.896       5.000      0.104       4.948
          8       5.052       5.312      0.260       5.182
          9       5.365       5.625      0.260       5.495
         10       5.677       6.094      0.417       5.885
         11       6.146       6.562      0.417       6.354
         12       6.615       7.188      0.573       6.901
         13       7.240       7.969      0.729       7.604
         14       8.021       8.906      0.885       8.464
         15       8.958      10.000      1.042       9.479
         16      10.052      11.250      1.198      10.651
         17      11.302      12.812      1.510      12.057
         18      12.865      14.688      1.823      13.776
         19      14.740      17.188      2.448      15.964
         20      17.240      20.000      2.760      18.620

  CMP =  2    KPPM =   0
  Inclination angle of transmitter in level flight =  6.0 degrees (front up)

  Initial Rx offset relative to Tx:   45.0 Below,  115.0 Behind,   0.0 Starboard


  NSTAT =  45   SURVEY = 2   BAROMTRC = 1   LINE_TAG = 1

       45 transmitter positions along the flight path

     Line   Stat     East       North       Alt      Bearing    Pitch   ZRX    XRX      YRX
     ----   ----     ----       -----       ---      -------    -----   ---    ---      ---

     5000     1      -680.3         0.0     181.0      90.0      0.0    45.0   115.0     0.0
     5000     2      -640.1         0.0     185.0      90.0      0.0    45.0   115.0     0.0
     5000     3      -600.3         0.0     181.0      90.0      0.0    45.0   115.0     0.0
     5000     4      -561.0         0.0     171.0      90.0      0.0    45.0   115.0     0.0
     5000     5      -521.8         0.0     156.0      90.0      0.0    45.0   115.0     0.0
     5000     6      -482.7         0.0     141.0      90.0      0.0    45.0   115.0     0.0
     5000     7      -443.5         0.0     128.0      90.0      0.0    45.0   115.0     0.0
     5000     8      -404.1         0.0     119.0      90.0      0.0    45.0   115.0     0.0
     5000     9      -364.6         0.0     112.0      90.0      0.0    45.0   115.0     0.0
     5000    10      -324.8         0.0     109.0      90.0      0.0    45.0   115.0     0.0
     5000    11      -284.9         0.0     108.0      90.0      0.0    45.0   115.0     0.0
     5000    12      -244.9         0.0     109.0      90.0      0.0    45.0   115.0     0.0
     5000    13      -204.9         0.0     112.0      90.0      0.0    45.0   115.0     0.0
     5000    14      -164.8         0.0     118.0      90.0      0.0    45.0   115.0     0.0
     5000    15      -124.6         0.0     128.0      90.0      0.0    45.0   115.0     0.0
     5000    16       -84.4         0.0     142.0      90.0      0.0    45.0   115.0     0.0
     5000    17       -44.1         0.0     159.0      90.0      0.0    45.0   115.0     0.0
     5000    18        -3.8         0.0     176.0      90.0      0.0    45.0   115.0     0.0
     5000    19        32.1         0.0     188.0      90.0      0.0    45.0   115.0     0.0
     5000    20        60.8         0.0     194.0      90.0      0.0    45.0   115.0     0.0
     5000    21        83.6         0.0     195.0      90.0      0.0    45.0   115.0     0.0
     5000    22       101.9         0.0     194.0      90.0      0.0    45.0   115.0     0.0
     5000    23       116.5         0.0     192.0      90.0      0.0    45.0   115.0     0.0
     5000    24       126.4         0.0     190.0      90.0      0.0    45.0   115.0     0.0
     5000    25       136.4         0.0     187.0      90.0      0.0    45.0   115.0     0.0
     5000    26       150.9         0.0     182.0      90.0      0.0    45.0   115.0     0.0
     5000    27       175.6         0.0     172.0      90.0      0.0    45.0   115.0     0.0
     5000    28       202.7         0.0     160.0      90.0      0.0    45.0   115.0     0.0
     5000    29       232.6         0.0     145.0      90.0      0.0    45.0   115.0     0.0
     5000    30       265.3         0.0     130.0      90.0      0.0    45.0   115.0     0.0
     5000    31       303.4         0.0     116.0      90.0      0.0    45.0   115.0     0.0
     5000    32       341.4         0.0     104.0      90.0      0.0    45.0   115.0     0.0
     5000    33       379.4         0.0      95.0      90.0      0.0    45.0   115.0     0.0
     5000    34       417.4         0.0      88.0      90.0      0.0    45.0   115.0     0.0
     5000    35       455.4         0.0      82.0      90.0      0.0    45.0   115.0     0.0
     5000    36       493.4         0.0      77.0      90.0      0.0    45.0   115.0     0.0
     5000    37       531.4         0.0      72.0      90.0      0.0    45.0   115.0     0.0
     5000    38       569.5         0.0      68.0      90.0      0.0    45.0   115.0     0.0
     5000    39       607.7         0.0      65.0      90.0      0.0    45.0   115.0     0.0
     5000    40       646.0         0.0      63.0      90.0      0.0    45.0   115.0     0.0
     5000    41       684.6         0.0      62.0      90.0      0.0    45.0   115.0     0.0
     5000    42       723.3         0.0      63.0      90.0      0.0    45.0   115.0     0.0
     5000    43       762.2         0.0      65.0      90.0      0.0    45.0   115.0     0.0
     5000    44       801.2         0.0      68.0      90.0      0.0    45.0   115.0     0.0
     5000    45       840.3         0.0      72.0      90.0      0.0    45.0   115.0     0.0


     LITHOLOGY AND MESH DESCRIPTION
     ------------------------------

  Number of node "slices" along North-South axis = 45
  Number of node rows in each slice =  33
  Number of node columns in each slice =  43
  KACC = 2    SOLVER = 2


                          LITHOLOGY PROPERTIES
                          --------------------

                                  Relative   Relative     Cole-Cole Parameters
        Resistivity  Conductance     MU     Dielectric   CHRG    CTAU       CFREQ

   1      100.0         -1.0       1.000      1.000      0.00    0.00        0.00
   2      2000.         -1.0       1.000      1.000      0.00    0.00        0.00
   3      1.000          1.0       1.000      1.000      0.00    0.00        0.00
   4      50.00         -1.0       1.000      1.000      0.00    0.00        0.00
   5      200.0         -1.0       1.000      1.000      0.00    0.00        0.00
   6      100.0          1.0       1.000      1.000      0.00    0.00        0.00
   7      10.00          1.0       1.000      1.000      0.00    0.00        0.00
   8     0.1000          2.0       1.000      1.000      0.00    0.00        1.00
   9      10.00         -1.0       1.000      1.000      0.00    0.00        1.00
  10     0.3800         -1.0       1.000      1.000      0.00    0.00        1.00
  11      3.000         -1.0       1.000      1.000      0.00    0.00        1.00
  12      16.70         -1.0       1.000      1.000      0.00    0.00        1.00
  13      333.3         -1.0       1.000      1.000      0.00    0.00        1.00
  14      1000.         -1.0       1.000      1.000      0.00    0.00        1.00
  15      10.00         -1.0       1.000      1.000      0.00    0.00        1.00


  Before computation begins, array and model coordinates are transformed from
  "real world" coordimnates to a body- centred system where the new origin is
  over the centre of the model region where depth is positive downwards.
  In the original coordinate system the new computation origin is located at:
    EAST:         0.00;    NORTH:         0.00

  Altitudes expressed as ground clearance are converted to barometric altitude.
   The revised transmitter and receiver positions are:

                   TRANSMITTER                 RECEIVER 1
                                                                    Tx Ground   Rx 1 Ground
   Station    East    North   Altitude    East    North   Altitude  Clearance   Clearance
   -------    ----    -----   --------    ----    -----   --------  ---------   --------- 
      1       -680.       0.     181.     -795.       0.     136.      181.       136.
      2       -640.       0.     185.     -755.       0.     140.      185.       140.
      3       -600.       0.     181.     -715.       0.     136.      181.       136.
      4       -561.       0.     171.     -676.       0.     126.      171.       126.
      5       -522.       0.     156.     -637.       0.     111.      156.       111.
      6       -483.       0.     141.     -598.       0.      96.      141.        96.
      7       -444.       0.     128.     -559.       0.      83.      128.        83.
      8       -404.       0.     119.     -519.       0.      74.      119.        74.
      9       -365.       0.     112.     -480.       0.      67.      112.        67.
     10       -325.       0.     109.     -440.       0.      64.      109.        64.
     11       -285.       0.     108.     -400.       0.      63.      108.        63.
     12       -245.       0.     109.     -360.       0.      64.      109.        64.
     13       -205.       0.     112.     -320.       0.      67.      112.        67.
     14       -165.       0.     118.     -280.       0.      73.      118.        73.
     15       -125.       0.     128.     -240.       0.      83.      128.        83.
     16        -84.       0.     142.     -199.       0.      97.      142.        97.
     17        -44.       0.     159.     -159.       0.     114.      159.       114.
     18         -4.       0.     176.     -119.       0.     131.      176.       131.
     19         32.       0.     188.      -83.       0.     143.      188.       143.
     20         61.       0.     194.      -54.       0.     149.      194.       149.
     21         84.       0.     195.      -31.       0.     150.      195.       150.
     22        102.       0.     194.      -13.       0.     149.      194.       149.
     23        116.       0.     192.        1.       0.     147.      192.       147.
     24        126.       0.     190.       11.       0.     145.      190.       145.
     25        136.       0.     187.       21.       0.     142.      187.       142.
     26        151.       0.     182.       36.       0.     137.      182.       137.
     27        176.       0.     172.       61.       0.     127.      172.       127.
     28        203.       0.     160.       88.       0.     115.      160.       115.
     29        233.       0.     145.      118.       0.     100.      145.       100.
     30        265.       0.     130.      150.       0.      85.      130.        85.
     31        303.       0.     116.      188.       0.      71.      116.        71.
     32        341.       0.     104.      226.       0.      59.      104.        59.
     33        379.       0.      95.      264.       0.      50.       95.        50.
     34        417.       0.      88.      302.       0.      43.       88.        43.
     35        455.       0.      82.      340.       0.      37.       82.        37.
     36        493.       0.      77.      378.       0.      32.       77.        32.
     37        531.       0.      72.      416.       0.      27.       72.        27.
     38        570.       0.      68.      454.       0.      23.       68.        23.
     39        608.       0.      65.      493.       0.      20.       65.        20.
     40        646.       0.      63.      531.       0.      18.       63.        18.
     41        685.       0.      62.      570.       0.      17.       62.        17.
     42        723.       0.      63.      608.       0.      18.       63.        18.
     43        762.       0.      65.      647.       0.      20.       65.        20.
     44        801.       0.      68.      686.       0.      23.       68.        23.
     45        840.       0.      72.      725.       0.      27.       72.        27.

---------------------------------------------------------------------------
                       END OF LokiAir CONTROL FILE DESCRIPTION
---------------------------------------------------------------------------


  LokiAir.log contains comments or adjustment information for this run.
  IT is advisable to read them.

  The frequency-domain results are directly computed from
     1.000     Hz to   10.00     Hz, using  3 points per decade and from
     10.00     Hz to  0.1000E+06 Hz, using  6 points per decade.

  These are used to construct the frequency-domain spectrum from DC to  0.1000E+06 Hz
  before transformation to the time domain.  The transformed result is folded over
  5 pulses and convolved with the input signal.


  TIME-DOMAIN LokiAir OUTPUT
  ----------------------------

  The IN-LINE component is defined as the horizontal component along
  the flight path.  It is positive in the forward flight direction.

  The receiver is  45.0 metres below and 115.0 metres behind the transmitter.  


 TITLE:  Geotem 25 Hz dB/dt response
 -----

          VERTICAL COMPONENT - nT/s

           RECEIVER POSITION       CHNL 1       CHNL 2       CHNL 3       CHNL 4       CHNL 5       CHNL 6       CHNL 7       CHNL 8       CHNL 9      CHNL 10      CHNL 11      CHNL 12      CHNL 13      CHNL 14      CHNL 15      CHNL 16      CHNL 17      CHNL 18      CHNL 19      CHNL 20 
         EAST     NORTH    ALT     0.417        1.198        2.370        3.776        4.635        4.792        4.948        5.182        5.495        5.885        6.354        6.901        7.604        8.464        9.479       10.651       12.057       13.776       15.964       18.620

  1      -795         0    136     387.8       -179.6       -227.3        175.3        273.0        165.6        111.9        71.40        44.27        27.51        17.13        11.17        6.896        3.841        2.218        1.465       0.8752       0.4938       0.2617       0.1705    
  2      -755         0    140     367.1       -171.4       -219.2        165.5        261.0        160.0        109.6        71.22        44.83        28.09        17.69        11.74        7.256        3.870        2.137        1.437       0.8881       0.5087       0.2724       0.1669    
  3      -715         0    136     380.7       -177.6       -227.5        172.8        267.4        164.5        113.5        74.47        47.25        29.67        18.51        12.01        7.539        4.393        2.488        1.433       0.7840       0.5021       0.3010       0.1599    
  4      -676         0    126     423.0       -196.2       -249.6        194.6        287.8        175.6        121.7        80.95        52.35        33.65        21.22        13.22        7.572        4.094        2.424        1.688        1.064       0.5733       0.2563       0.1537    
  5      -637         0    111     501.6       -229.4       -288.3        235.6        322.8        194.1        133.9        89.08        58.45        38.01        24.19        15.71        9.090        4.289        2.294        1.829        1.252       0.6379       0.2597       0.1624    
  6      -598         0     96     600.8       -271.2       -336.5        288.4        366.6        217.2        149.9        100.2        66.06        43.59        28.14        17.83        9.700        4.289        2.346        2.114        1.522       0.7104       0.2261       0.1671    
  7      -559         0     83     708.4       -315.7       -388.0        346.5        411.0        241.0        166.4        111.1        72.74        47.98        31.09        19.62        10.92        5.333        2.926        2.189        1.439       0.7508       0.3079       0.1943    
  8      -519         0     74     801.2       -354.0       -434.0        398.6        447.8        262.0        181.9        122.2        80.55        53.08        34.07        21.38        11.85        5.716        3.142        2.401        1.583       0.8213       0.3419       0.2449    
  9      -480         0     67     870.0       -383.6       -472.8        435.3        484.7        286.8        201.0        134.1        87.31        56.60        35.24        22.12        13.04        7.113        3.983        2.462        1.367       0.7887       0.4002       0.2518    
 10      -440         0     64     887.0       -394.6       -492.5        442.0        507.0        306.3        218.3        147.2        96.41        62.57        38.33        23.12        13.49        7.981        4.620        2.489        1.236       0.8225       0.4947       0.2877    
 11      -400         0     63     898.3       -403.5       -511.0        446.4        529.7        327.4        237.8        161.6        105.5        68.58        42.11        24.95        14.07        8.217        4.723        2.516        1.260       0.8550       0.5294       0.3225    
 12      -360         0     64     896.3       -406.5       -525.2        442.3        553.7        353.6        257.0        174.8        112.8        71.49        43.68        26.72        15.52        8.610        4.666        2.541        1.328       0.9191       0.5806       0.3274    
 13      -320         0     67     876.0       -403.4       -531.2        424.9        579.7        379.5        276.1        187.0        119.9        75.24        45.60        27.62        15.70        8.429        4.570        2.647        1.420       0.8466       0.4831       0.3322    
 14      -280         0     73     832.6       -389.5       -519.3        391.9        594.2        390.0        282.1        191.6        121.2        74.63        45.54        26.99        14.95        8.350        4.738        2.717        1.415       0.7782       0.4056       0.3004    
 15      -240         0     83     755.8       -357.3       -478.8        345.2        570.4        373.6        268.8        179.4        111.6        67.92        40.59        23.84        13.16        7.395        4.486        2.906        1.646       0.7879       0.2935       0.2146    
 16      -199         0     97     647.2       -305.7       -405.7        290.4        495.2        318.5        225.6        149.3        92.52        55.95        32.74        18.22        9.980        6.446        4.108        2.233        1.117       0.6815       0.3461       0.1781    
 17      -159         0    114     526.3       -245.6       -317.7        235.2        391.5        243.9        168.5        108.1        65.54        39.55        23.51        13.93        7.987        4.726        2.862        1.736       0.9945       0.6227       0.3407       0.1898    
 18      -119         0    131     423.8       -195.5       -246.1        189.6        304.5        184.9        123.8        75.67        44.32        27.00        16.94        11.16        6.970        3.981        2.233        1.340       0.7347       0.4423       0.2746       0.1878    
 19       -83         0    143     366.0       -168.9       -209.3        163.1        260.7        155.7        102.8        61.09        36.36        23.49        14.91        9.695        5.736        3.007        1.686        1.184       0.7648       0.4478       0.2498       0.1735    
 20       -54         0    149     342.9       -158.9       -197.7        151.8        247.1        147.2        97.75        58.44        35.08        22.53        13.72        8.683        5.503        3.503        2.134        1.190       0.6168       0.3948       0.2289       0.1194    
 21       -31         0    150     341.4       -159.0       -201.2        150.3        252.1        152.8        102.0        61.66        37.91        23.86        14.10        9.902        6.355        2.768        1.252        1.067       0.8259       0.5402       0.2939       0.1197    
 22       -13         0    149     346.0       -162.3       -209.1        152.0        261.2        159.7        109.2        69.03        43.12        26.47        14.86        9.253        5.772        3.177        1.883        1.311       0.8527       0.5435       0.2950       0.1479    
 23         1         0    147     355.3       -168.0       -218.3        155.3        273.8        170.6        117.6        73.17        45.23        27.97        15.63        9.986        6.746        4.162        2.400        1.281       0.6687       0.5154       0.3477       0.1483    
 24        11         0    145     364.8       -173.4       -227.0        158.8        285.2        178.9        124.0        78.19        48.52        29.99        16.95        10.59        6.921        4.295        2.507        1.339       0.7069       0.5418       0.3584       0.1524    
 25        21         0    142     379.4       -181.7       -238.5        164.3        301.0        190.3        132.7        84.52        52.42        32.98        19.47        11.49        6.670        4.079        2.526        1.502       0.8821       0.5881       0.3296       0.1497    
 26        36         0    137     404.1       -194.6       -258.6        174.3        326.1        208.4        146.7        94.86        58.71        36.26        21.54        13.11        7.687        4.365        2.570        1.624       0.9991       0.6415       0.3656       0.1953    
 27        61         0    127     456.0       -221.6       -300.1        196.5        376.2        247.2        174.9        115.6        72.17        43.97        26.47        16.08        9.254        5.130        2.955        1.858        1.109       0.6490       0.3330       0.1836    
 28        88         0    115     524.4       -256.5       -352.2        226.6        438.4        291.8        208.9        140.5        88.95        54.21        32.26        19.36        11.17        6.292        3.588        2.086        1.126       0.6345       0.3430       0.2297    
 29       118         0    100     616.9       -301.7       -416.5        270.9        508.9        340.8        247.8        169.6        107.2        65.37        40.00        24.09        13.51        7.397        4.181        2.523        1.378       0.6879       0.3270       0.2647    
 30       150         0     85     721.9       -347.8       -478.3        328.5        562.7        377.4        275.8        190.5        123.3        75.78        44.87        26.76        15.75        9.233        4.945        2.219       0.9734       0.8469       0.6426       0.3111    
 31       188         0     71     832.8       -391.6       -526.5        395.7        588.9        391.4        284.3        197.9        129.0        80.28        48.90        28.81        16.59        10.09        5.497        2.331        1.010        1.023       0.7733       0.2831    
 32       226         0     59     944.8       -432.6       -563.0        465.3        594.4        384.0        277.7        191.4        126.7        81.87        51.69        32.75        18.37        8.390        3.998        2.847        1.951        1.206       0.6499       0.3502    
 33       264         0     50     1047.       -468.0       -590.0        525.3        598.9        371.1        265.0        182.2        121.4        79.57        51.03        32.25        17.77        7.985        3.884        2.908        1.934        1.042       0.5257       0.4284    
 34       302         0     43     1145.       -502.3       -615.6        579.4        614.3        365.3        256.8        172.2        111.1        72.63        48.37        31.96        17.89        7.593        3.401        2.805        2.022        1.135       0.5222       0.3018    
 35       340         0     37     1291.       -553.4       -661.3        666.7        637.5        364.5        249.8        164.3        105.3        68.95        45.87        30.49        17.80        8.403        3.864        2.469        1.471       0.9530       0.5741       0.3672    
 36       378         0     32     1454.       -609.0       -715.7        771.3        660.0        366.6        247.6        160.0        102.4        67.06        43.49        28.72        16.86        7.912        3.727        2.537        1.558        1.045       0.6019       0.3531    
 37       416         0     27     1511.       -633.0       -734.6        790.6        694.3        376.6        248.6        156.7        97.69        63.38        41.31        26.98        16.09        8.381        4.161        2.336        1.210       0.9313       0.5847       0.2908    
 38       455         0     23     1651.       -682.6       -784.2        875.7        726.6        387.8        249.2        153.7        94.80        60.54        39.06        26.21        15.99        7.929        3.915        2.561        1.442       0.9890       0.6018       0.3910    
 39       493         0     20     1730.       -709.2       -813.9        926.5        748.3        398.1        253.6        155.1        94.73        58.99        36.91        24.92        15.43        7.428        3.659        2.606        1.509       0.9831       0.5512       0.3610    
 40       531         0     18     1699.       -703.8       -806.0        888.8        771.3        408.6        261.6        158.2        92.71        56.28        35.62        24.01        14.90        7.508        3.612        2.219        1.206       0.9720       0.6594       0.3779    
 41       570         0     17     1850.       -753.4       -860.8        999.5        788.3        419.1        268.1        160.0        91.47        54.71        34.12        22.14        13.44        7.173        3.811        2.411        1.260       0.9738       0.6148       0.3787    
 42       608         0     18     1752.       -718.7       -824.9        931.5        782.4        421.5        268.7        159.4        89.87        52.57        32.67        21.46        12.80        6.227        3.201        2.403        1.443       0.9754       0.5450       0.3541    
 43       647         0     20     1676.       -692.4       -796.5        877.3        785.8        423.0        264.0        158.3        89.79        50.62        30.62        19.29        11.60        6.303        3.392        2.107        1.130       0.9451       0.6293       0.3644    
 44       686         0     23     1672.       -684.0       -787.9        886.5        769.1        415.2        259.1        154.6        85.70        47.19        28.62        17.45        10.16        5.850        3.456        2.254        1.203       0.9128       0.5616       0.3660    
 45       725         0     27     1525.       -633.1       -726.7        782.7        752.6        404.5        250.5        142.5        78.04        44.55        26.02        15.88        9.467        5.446        3.281        2.191        1.211       0.8698       0.5136       0.3315    
-------------------------------------------------------------------------------------


          IN-LINE COMPONENT - nT/s

           RECEIVER POSITION       CHNL 1       CHNL 2       CHNL 3       CHNL 4       CHNL 5       CHNL 6       CHNL 7       CHNL 8       CHNL 9      CHNL 10      CHNL 11      CHNL 12      CHNL 13      CHNL 14      CHNL 15      CHNL 16      CHNL 17      CHNL 18      CHNL 19      CHNL 20 
         EAST     NORTH    ALT     0.417        1.198        2.370        3.776        4.635        4.792        4.948        5.182        5.495        5.885        6.354        6.901        7.604        8.464        9.479       10.651       12.057       13.776       15.964       18.620

  1      -795         0    136     143.0       -63.03       -76.54        74.54        77.77        51.40        38.47        25.63        10.71        6.793        8.473        4.002       0.5860        1.011       0.7707       0.9804E-01  -0.6743E-01   0.4780E-01   0.1149       0.1322    
  2      -755         0    140     137.8       -60.88       -72.84        71.33        74.01        47.88        35.27        23.50        9.840        6.410        7.942        3.458       0.4584        1.340        1.039       0.5456E-01  -0.1884       0.3486E-01   0.1501       0.1406    
  3      -715         0    136     149.2       -64.92       -77.32        78.03        77.55        47.09        34.52        23.48        10.70        6.773        7.480        3.436       0.7017        1.248       0.9318       0.1128      -0.1070       0.6392E-01   0.1559       0.1533    
  4      -676         0    126     176.6       -74.11       -91.08        94.34        85.64        50.26        36.47        26.31        14.21        7.025        5.840        4.510        2.299       0.3143      -0.1959       0.2223       0.2960       0.1351       0.9590E-01   0.1521    
  5      -637         0    111     230.4       -95.49       -111.5        124.6        104.2        61.88        41.17        27.74        14.39        8.597        7.569        2.695       0.2809E-01    1.024       0.9982       0.2156      -0.2949E-01   0.1267       0.1819       0.1743    
  6      -598         0     96     299.9       -120.6       -139.1        166.8        124.9        69.28        44.27        27.71        12.63        5.444        3.995        1.322        1.797        4.079        2.588      -0.3428       -1.087      -0.4092E-01   0.4650       0.2564    
  7      -559         0     83     379.0       -149.2       -175.9        216.8        148.9        84.60        55.85        37.61        19.92        8.361        4.197        1.271       0.6844        1.542        1.237       0.3057      -0.1169       0.1061       0.2142       0.2105    
  8      -519         0     74     450.1       -174.5       -204.2        261.1        169.7        96.18        62.01        40.02        19.00        6.084        2.531       0.5772        1.549        3.341        2.132      -0.1756      -0.8772      -0.5657E-01   0.2925       0.9076E-01
  9      -480         0     67     516.0       -200.4       -230.7        300.4        189.0        108.4        67.77        40.06        20.37        9.827        6.146        3.623        1.944        1.044       0.3787       0.2141E-01  -0.1440       0.9112E-01   0.2267       0.2306    
 10      -440         0     64     571.5       -220.5       -251.9        333.5        208.4        120.1        73.27        41.29        19.72        9.168        6.275        3.788       0.8022       -1.267       -1.146       0.5593E-01   0.3865       0.2409       0.1332       0.2080    
 11      -400         0     63     604.6       -231.2       -262.7        350.2        222.7        124.6        75.50        40.05        15.76        4.377        2.335        2.012       0.7871      -0.7799      -0.7291       0.2102       0.2806       0.7449E-01   0.3125E-01   0.2143    
 12      -360         0     64     606.3       -232.6       -259.0        345.5        232.7        120.6        73.23        37.09        15.32        6.517        2.644       0.7391E-01   -1.802       -2.179       -1.028       0.3554       0.5179       0.1109      -0.6800E-01   0.1571    
 13      -320         0     67     584.9       -222.6       -240.1        328.1        226.1        110.2        60.22        25.56        6.589       0.5987      -0.8528       -2.053       -2.407       -1.676      -0.9455      -0.3961      -0.1513       0.6119E-01   0.2697E-01  -0.3410E-01
 14      -280         0     73     529.1       -198.9       -207.6        293.7        198.9        88.54        42.67        11.23      -0.8498       -3.509       -4.897       -3.479       -2.315       -2.148       -1.398      -0.4361      -0.1047       0.7303E-02  -0.2061E-01  -0.2050E-01
 15      -240         0     83     442.2       -163.4       -161.6        243.9        152.2        55.98        18.89       -1.030       -7.823       -7.903       -6.167       -4.227       -2.900       -2.279       -1.565      -0.7594      -0.2680       0.9146E-01   0.1282       0.2227E-01
 16      -199         0     97     340.0       -125.3       -119.8        186.4        110.4        36.04        8.522       -6.027       -11.75       -10.12       -5.205       -1.876      -0.9735       -1.436       -1.121      -0.2180       0.7777E-01   0.8056E-01   0.1018       0.1556    
 17      -159         0    114     247.1       -95.28       -99.51        132.9        96.69        41.90        20.55        7.178      -0.2494       -2.226       -1.761       -1.287      -0.2770       0.7557       0.7114       0.1491      -0.1400      -0.1708E-01   0.5910E-01   0.7003E-01
 18      -119         0    131     189.0       -81.62       -101.3        95.52        107.3        63.21        44.11        29.77        18.56        10.69        5.223        1.677       0.6223        1.180        1.136       0.5567       0.2650       0.2570       0.1546       0.5540E-01
 19       -83         0    143     163.9       -79.29       -113.0        76.46        128.9        90.13        69.66        50.54        29.57        16.21        10.71        6.159        3.193        2.228        1.717        1.249       0.6824       0.1772      -0.3295E-01   0.5494E-01
 20       -54         0    149     154.2       -80.38       -126.2        68.28        147.8        113.4        88.86        65.42        40.29        22.16        13.38        8.054        4.874        3.227        2.012        1.092       0.5048       0.2668       0.1766       0.1608    
 21       -31         0    150     153.9       -85.49       -136.0        65.29        161.4        125.2        102.5        77.92        48.38        29.02        18.01        6.675        2.743        5.437        4.678        1.541       0.7374E-01   0.4847E-01   0.1048       0.1646    
 22       -13         0    149     160.8       -91.98       -144.2        64.38        174.3        137.3        108.9        78.49        48.21        30.84        23.18        14.80        7.863        4.357        2.232        1.061       0.4431       0.1443       0.8616E-01   0.1281    
 23         1         0    147     168.7       -97.15       -154.2        66.65        184.9        143.0        113.2        86.16        56.74        36.29        25.82        15.96        7.750        3.274        1.507        1.154       0.7855       0.2572       0.7300E-01   0.1791    
 24        11         0    145     173.6       -100.5       -160.7        68.53        191.6        149.0        118.7        89.86        59.71        38.41        26.81        16.97        8.659        3.630        1.555        1.136       0.7633       0.2727       0.1052       0.1793    
 25        21         0    142     178.5       -103.0       -169.5        71.33        198.4        155.7        125.1        96.24        64.82        40.06        26.52        17.93        10.20        3.987        1.411        1.110       0.7616       0.2783       0.1328       0.1901    
 26        36         0    137     190.4       -109.8       -179.9        76.84        209.7        164.9        132.1        101.1        69.21        43.58        28.37        18.74        10.51        4.266        1.856        1.591        1.035       0.2335      -0.4603E-01   0.9065E-01
 27        61         0    127     212.4       -121.6       -196.3        88.02        226.8        172.7        143.3        107.6        75.22        49.68        30.68        20.03        11.49        4.619        1.777        1.353        1.018       0.5787       0.3249       0.1834    
 28        88         0    115     237.9       -131.3       -209.5        107.3        229.9        173.9        147.0        115.2        81.18        52.94        31.25        16.39        8.833        6.633        4.308        1.725       0.5984       0.5278       0.3870       0.1583    
 29       118         0    100     285.9       -146.5       -218.1        142.8        215.1        157.7        128.1        99.15        79.98        57.00        31.59        18.51        10.94        5.699        3.222        1.956        1.059       0.4914       0.1712       0.9200E-01
 30       150         0     85     351.2       -162.7       -226.5        195.3        193.2        134.7        117.4        93.03        66.10        44.81        27.64        15.35        8.782        6.482        3.909        1.330       0.3641       0.5801       0.4945       0.1195    
 31       188         0     71     452.2       -188.1       -239.9        271.1        159.1        100.9        89.47        71.41        51.86        34.57        19.78        11.66        7.727        5.596        3.498        1.538       0.5198       0.4687       0.3236       0.1034    
 32       226         0     59     589.7       -232.2       -263.9        359.8        147.1        71.58        61.26        47.88        33.85        26.79        21.85        15.33        7.471        1.874       0.7779        1.829        1.520       0.3734      -0.1820       0.1871E-01
 33       264         0     50     738.9       -280.1       -304.4        452.2        162.1        66.64        45.80        31.99        24.47        20.13        15.98        12.75        7.087        1.167      -0.9511E-01    1.225        1.213       0.4556       0.3419E-01   0.1182    
 34       302         0     43     879.7       -326.1       -352.7        542.8        192.8        73.55        40.08        27.45        23.24        15.41        8.733        8.858        6.776        1.354      -0.4141E-01    1.073       0.9680       0.4799       0.1616       0.1574    
 35       340         0     37     1012.       -369.3       -396.1        631.3        208.1        81.35        42.54        22.39        16.40        10.20        4.589        6.320        6.204        2.064       0.4715       0.8515       0.5964       0.5092       0.2936       0.1131    
 36       378         0     32     1096.       -401.2       -422.9        685.2        227.5        89.74        46.17        20.91        14.24        13.36        8.804        4.496        1.849        1.077        1.028        1.033       0.6490       0.5359       0.2579       0.1624    
 37       416         0     27     1205.       -440.0       -465.5        756.8        254.1        107.4        57.06        28.36        12.16        8.902        8.481        2.889       0.1127        1.686        1.775       0.7898       0.1976       0.4638       0.2870       0.8478E-01
 38       455         0     23     1440.       -514.8       -549.5        927.3        272.2        118.9        60.76        26.29        7.750        3.213        5.655        6.303        3.929       0.6082      -0.1552       0.8472       0.6965       0.5173       0.2296       0.1684    
 39       493         0     20     1462.       -523.2       -566.4        934.7        290.4        128.9        66.27        29.47        15.51        5.162      -0.6842        4.685        6.115       0.5857      -0.7795       0.8564       0.7860       0.5449       0.2805       0.2127    
 40       531         0     18     1548.       -553.9       -597.8        992.0        308.3        138.0        72.24        30.63        14.53        5.731       0.1224        3.519        4.456       0.4799      -0.3317       0.9968       0.7768       0.5458       0.2512       0.2045    
 41       570         0     17     1597.       -568.8       -613.5        1028.        311.2        139.3        73.05        31.23        13.28        4.694       0.3567        2.841        3.479       0.4207      -0.1929       0.8904       0.6584       0.5815       0.3153       0.2104    
 42       608         0     18     1540.       -556.1       -593.6        971.9        328.1        145.5        74.27        30.30        9.635        3.129        2.292        3.280        2.826        1.009       0.8280        1.517       0.8276       0.2790      -0.5802E-01   0.1319    
 43       647         0     20     1235.       -458.5       -482.8        743.9        314.6        135.0        70.68        26.71        8.530        4.769        2.210        1.285        1.048       0.9224       0.8098       0.7179       0.3746       0.5066       0.3216       0.1401    
 44       686         0     23     1412.       -510.1       -537.4        885.0        303.3        124.4        59.73        20.88        5.879        3.161        1.901        1.322        1.083       0.9112       0.9490        1.051       0.5824       0.5590       0.2597       0.1005    
 45       725         0     27     1296.       -469.7       -489.6        803.6        273.7        101.7        46.73        16.31        3.919        1.551        1.354        1.341        1.230       0.9852        1.088        1.279       0.7484       0.5179       0.1773       0.9765E-01
-------------------------------------------------------------------------------------



  Computation time =   79582.97 seconds.

