

  LokiAir task started at 04:53 on 01 DEC 2006



      ##############################################################################
      #****************************************************************************#
      #*                                                                          *#
      #*       LokiAir - Version 3.5.3    23 October 2006                         *#
      #*                                                                          *#
      #*  THIS PROGRAM HAS BEEN RELEASED STRICTLY FOR USE BY                      *#
      #*                                                                          *#
      #*    1. Sponsors of AMIRA project P223F                                    *#
      #*                                                                          *#
      #*    2. Their authorised agents (P223F sponsor work only)                  *#
      #*                                                                          *#
      #*    3. Universities formally included in the P223F collaboration scheme   *#
      #*                                                                          *#
      #*    4. Authorised CSIRO personnel                                         *#
      #*                                                                          *#
      #****************************************************************************#
      ##############################################################################


          INPUT DATA
          ----------


 Geotem 25 Hz dB/dt response

  TDFD =  0   DO3D =  1   PRFL =  1    ISTOP = 0
  KLO = -1    KHI =  5    KMD =  1     PPD1 = 3   PPD2 = 6

  ISW = -30   NSX = 384   STEP = 0    UNITS =   1  NCHNL =  20
  KRXW =  1   OFFTYM =   0.000    

  Geotem / Questem stripping algorithm will be applied to computations.


         +----------------------------------------------
         +    Time-Domain AEM Impulse System Input Data 
         +          dB/dt output will be in nT/s
         +----------------------------------------------


                          Vertical receiver  
           TXON (ms)      waveform in nT/s
           ---------      -----------------

      1        0.000         0.000    
      2        0.052         8.267    
      3        0.104         11.38    
      4        0.156         567.2    
      5        0.208         5245.    
      6        0.260        0.1499E+05
      7        0.312        0.2313E+05
      8        0.365        0.2721E+05
      9        0.417        0.2879E+05
     10        0.469        0.2922E+05
     11        0.521        0.2917E+05
     12        0.573        0.2891E+05
     13        0.625        0.2854E+05
     14        0.677        0.2811E+05
     15        0.729        0.2763E+05
     16        0.781        0.2711E+05
     17        0.833        0.2654E+05
     18        0.885        0.2593E+05
     19        0.938        0.2528E+05
     20        0.990        0.2459E+05
     21        1.042        0.2387E+05
     22        1.094        0.2311E+05
     23        1.146        0.2231E+05
     24        1.198        0.2148E+05
     25        1.250        0.2062E+05
     26        1.302        0.1973E+05
     27        1.354        0.1881E+05
     28        1.406        0.1786E+05
     29        1.458        0.1689E+05
     30        1.510        0.1589E+05
     31        1.562        0.1487E+05
     32        1.615        0.1383E+05
     33        1.667        0.1277E+05
     34        1.719        0.1170E+05
     35        1.771        0.1061E+05
     36        1.823         9508.    
     37        1.875         8395.    
     38        1.927         7271.    
     39        1.979         6140.    
     40        2.031         5004.    
     41        2.083         3863.    
     42        2.135         2720.    
     43        2.188         1577.    
     44        2.240         434.5    
     45        2.292        -705.2    
     46        2.344        -1838.    
     47        2.396        -2963.    
     48        2.448        -4079.    
     49        2.500        -5184.    
     50        2.552        -6277.    
     51        2.604        -7357.    
     52        2.656        -8420.    
     53        2.708        -9466.    
     54        2.760       -0.1049E+05
     55        2.812       -0.1150E+05
     56        2.865       -0.1248E+05
     57        2.917       -0.1344E+05
     58        2.969       -0.1438E+05
     59        3.021       -0.1529E+05
     60        3.073       -0.1617E+05
     61        3.125       -0.1702E+05
     62        3.177       -0.1784E+05
     63        3.229       -0.1863E+05
     64        3.281       -0.1938E+05
     65        3.333       -0.2011E+05
     66        3.385       -0.2079E+05
     67        3.438       -0.2144E+05
     68        3.490       -0.2206E+05
     69        3.542       -0.2263E+05
     70        3.594       -0.2317E+05
     71        3.646       -0.2367E+05
     72        3.698       -0.2413E+05
     73        3.750       -0.2455E+05
     74        3.802       -0.2492E+05
     75        3.854       -0.2526E+05
     76        3.906       -0.2555E+05
     77        3.958       -0.2580E+05
     78        4.010       -0.2601E+05
     79        4.062       -0.2618E+05
     80        4.115       -0.2630E+05
     81        4.167       -0.2638E+05
     82        4.219       -0.2632E+05
     83        4.271       -0.2437E+05
     84        4.323       -0.1691E+05
     85        4.375        -7450.    
     86        4.427        -2074.    
     87        4.479        -432.8    
     88        4.531        -197.8    
     89        4.583        -221.8    
     90        4.635        -234.9    
     91        4.688        -227.9    
     92        4.740        -216.0    
     93        4.792        -204.6    
     94        4.844        -194.6    
     95        4.896        -185.1    
     96        4.948        -176.4    
     97        5.000        -168.6    
     98        5.052        -161.2    
     99        5.104        -154.4    
    100        5.156        -148.4    
    101        5.208        -142.9    
    102        5.260        -136.9    
    103        5.312        -130.8    
    104        5.365        -126.6    
    105        5.417        -122.4    
    106        5.469        -117.0    
    107        5.521        -112.8    
    108        5.573        -109.0    
    109        5.625        -105.2    
    110        5.677        -101.7    
    111        5.729        -98.70    
    112        5.781        -95.70    
    113        5.833        -92.86    
    114        5.885        -89.90    
    115        5.938        -86.84    
    116        5.990        -83.92    
    117        6.042        -81.22    
    118        6.094        -79.50    
    119        6.146        -77.62    
    120        6.198        -75.36    
    121        6.250        -73.05    
    122        6.302        -71.19    
    123        6.354        -69.11    
    124        6.406        -66.31    
    125        6.458        -64.01    
    126        6.510        -62.86    
    127        6.562        -61.99    
    128        6.615        -60.24    
    129        6.667        -58.42    
    130        6.719        -57.85    
    131        6.771        -56.18    
    132        6.823        -54.12    
    133        6.875        -53.54    
    134        6.927        -52.19    
    135        6.979        -50.80    
    136        7.031        -49.32    
    137        7.083        -48.38    
    138        7.135        -47.64    
    139        7.188        -46.08    
    140        7.240        -44.84    
    141        7.292        -43.88    
    142        7.344        -43.20    
    143        7.396        -41.99    
    144        7.448        -40.94    
    145        7.500        -40.45    
    146        7.552        -39.81    
    147        7.604        -38.70    
    148        7.656        -37.96    
    149        7.708        -37.24    
    150        7.760        -36.93    
    151        7.812        -35.70    
    152        7.865        -34.54    
    153        7.917        -33.81    
    154        7.969        -33.52    
    155        8.021        -32.96    
    156        8.073        -32.77    
    157        8.125        -32.06    
    158        8.177        -31.48    
    159        8.229        -30.00    
    160        8.281        -28.85    
    161        8.333        -28.55    
    162        8.385        -28.91    
    163        8.438        -28.67    
    164        8.490        -27.92    
    165        8.542        -27.09    
    166        8.594        -26.43    
    167        8.646        -26.22    
    168        8.698        -26.03    
    169        8.750        -25.72    
    170        8.802        -25.11    
    171        8.854        -24.55    
    172        8.906        -24.35    
    173        8.958        -24.26    
    174        9.010        -23.73    
    175        9.062        -23.04    
    176        9.115        -22.69    
    177        9.167        -23.20    
    178        9.219        -22.43    
    179        9.271        -21.77    
    180        9.323        -21.13    
    181        9.375        -20.71    
    182        9.427        -21.20    
    183        9.479        -20.93    
    184        9.531        -20.47    
    185        9.583        -19.20    
    186        9.635        -19.25    
    187        9.688        -19.44    
    188        9.740        -19.70    
    189        9.792        -19.45    
    190        9.844        -18.20    
    191        9.896        -18.27    
    192        9.948        -18.49    
    193       10.000        -17.73    
    194       10.052        -17.12    
    195       10.104        -17.40    
    196       10.156        -17.84    
    197       10.208        -17.04    
    198       10.260        -17.41    
    199       10.312        -17.20    
    200       10.365        -16.12    
    201       10.417        -16.03    
    202       10.469        -16.33    
    203       10.521        -16.51    
    204       10.573        -16.02    
    205       10.625        -14.82    
    206       10.677        -14.41    
    207       10.729        -14.82    
    208       10.781        -15.04    
    209       10.833        -15.28    
    210       10.885        -14.87    
    211       10.938        -14.25    
    212       10.990        -14.38    
    213       11.042        -14.34    
    214       11.094        -13.88    
    215       11.146        -13.37    
    216       11.198        -12.78    
    217       11.250        -12.41    
    218       11.302        -12.91    
    219       11.354        -13.31    
    220       11.406        -12.79    
    221       11.458        -12.93    
    222       11.510        -12.84    
    223       11.562        -12.12    
    224       11.615        -11.52    
    225       11.667        -11.57    
    226       11.719        -12.01    
    227       11.771        -12.40    
    228       11.823        -12.03    
    229       11.875        -11.92    
    230       11.927        -11.46    
    231       11.979        -10.83    
    232       12.031        -11.11    
    233       12.083        -10.87    
    234       12.135        -9.883    
    235       12.188        -10.06    
    236       12.240        -10.80    
    237       12.292        -10.98    
    238       12.344        -10.93    
    239       12.396        -10.89    
    240       12.448        -10.81    
    241       12.500        -10.14    
    242       12.552        -9.579    
    243       12.604        -9.739    
    244       12.656        -10.18    
    245       12.708        -10.24    
    246       12.760        -10.11    
    247       12.812        -9.686    
    248       12.865        -9.236    
    249       12.917        -9.666    
    250       12.969        -9.645    
    251       13.021        -9.449    
    252       13.073        -9.514    
    253       13.125        -9.246    
    254       13.177        -9.455    
    255       13.229        -9.563    
    256       13.281        -8.990    
    257       13.333        -8.774    
    258       13.385        -8.662    
    259       13.438        -8.573    
    260       13.490        -8.311    
    261       13.542        -7.788    
    262       13.594        -8.599    
    263       13.646        -9.492    
    264       13.698        -9.431    
    265       13.750        -8.615    
    266       13.802        -7.407    
    267       13.854        -7.632    
    268       13.906        -7.967    
    269       13.958        -7.564    
    270       14.010        -8.175    
    271       14.062        -8.858    
    272       14.115        -8.782    
    273       14.167        -8.442    
    274       14.219        -8.370    
    275       14.271        -7.735    
    276       14.323        -7.087    
    277       14.375        -7.701    
    278       14.427        -7.612    
    279       14.479        -6.834    
    280       14.531        -7.342    
    281       14.583        -7.667    
    282       14.635        -6.959    
    283       14.688        -7.156    
    284       14.740        -7.575    
    285       14.792        -7.625    
    286       14.844        -8.167    
    287       14.896        -7.418    
    288       14.948        -6.669    
    289       15.000        -6.466    
    290       15.052        -6.884    
    291       15.104        -7.132    
    292       15.156        -7.275    
    293       15.208        -7.729    
    294       15.260        -7.085    
    295       15.312        -6.580    
    296       15.365        -7.041    
    297       15.417        -7.238    
    298       15.469        -7.028    
    299       15.521        -7.070    
    300       15.573        -7.049    
    301       15.625        -6.588    
    302       15.677        -6.044    
    303       15.729        -6.022    
    304       15.781        -5.733    
    305       15.833        -6.128    
    306       15.885        -6.732    
    307       15.938        -6.444    
    308       15.990        -5.657    
    309       16.042        -5.717    
    310       16.094        -6.437    
    311       16.146        -6.891    
    312       16.198        -6.209    
    313       16.250        -5.812    
    314       16.302        -5.754    
    315       16.354        -6.040    
    316       16.406        -6.213    
    317       16.458        -6.126    
    318       16.510        -5.903    
    319       16.562        -5.254    
    320       16.615        -5.050    
    321       16.667        -5.288    
    322       16.719        -5.419    
    323       16.771        -5.977    
    324       16.823        -6.292    
    325       16.875        -5.958    
    326       16.927        -5.269    
    327       16.979        -5.330    
    328       17.031        -5.360    
    329       17.083        -5.316    
    330       17.135        -5.386    
    331       17.188        -5.955    
    332       17.240        -6.015    
    333       17.292        -5.551    
    334       17.344        -5.291    
    335       17.396        -5.320    
    336       17.448        -5.490    
    337       17.500        -5.128    
    338       17.552        -5.055    
    339       17.604        -5.375    
    340       17.656        -5.549    
    341       17.708        -5.212    
    342       17.760        -5.169    
    343       17.812        -5.142    
    344       17.865        -4.974    
    345       17.917        -5.343    
    346       17.969        -5.406    
    347       18.021        -4.896    
    348       18.073        -4.129    
    349       18.125        -4.313    
    350       18.177        -4.376    
    351       18.229        -4.726    
    352       18.281        -5.491    
    353       18.333        -5.294    
    354       18.385        -4.954    
    355       18.438        -5.156    
    356       18.490        -5.407    
    357       18.542        -5.187    
    358       18.594        -4.816    
    359       18.646        -4.357    
    360       18.698        -4.425    
    361       18.750        -4.325    
    362       18.802        -4.028    
    363       18.854        -4.173    
    364       18.906        -4.829    
    365       18.958        -4.268    
    366       19.010        -4.351    
    367       19.062        -5.075    
    368       19.115        -5.009    
    369       19.167        -4.373    
    370       19.219        -4.679    
    371       19.271        -4.652    
    372       19.323        -4.339    
    373       19.375        -4.849    
    374       19.427        -5.276    
    375       19.479        -4.961    
    376       19.531        -4.272    
    377       19.583        -4.143    
    378       19.635        -3.913    
    379       19.688        -4.044    
    380       19.740        -4.068    
    381       19.792        -4.376    
    382       19.844        -4.868    
    383       19.896        -4.192    
    384       19.948        -3.717    
    385       20.000        -3.571    

         Receiver Window Specifications (ms)
         -----------------------------------

       Window     Open        Close      Width      Centre
       ------     ----        -----      -----      ------
          1       0.208       0.625      0.417       0.417
          2       0.677       1.719      1.042       1.198
          3       1.771       2.969      1.198       2.370
          4       3.021       4.531      1.510       3.776
          5       4.583       4.688      0.104       4.635
          6       4.740       4.844      0.104       4.792
          7       4.896       5.000      0.104       4.948
          8       5.052       5.312      0.260       5.182
          9       5.365       5.625      0.260       5.495
         10       5.677       6.094      0.417       5.885
         11       6.146       6.562      0.417       6.354
         12       6.615       7.188      0.573       6.901
         13       7.240       7.969      0.729       7.604
         14       8.021       8.906      0.885       8.464
         15       8.958      10.000      1.042       9.479
         16      10.052      11.250      1.198      10.651
         17      11.302      12.812      1.510      12.057
         18      12.865      14.688      1.823      13.776
         19      14.740      17.188      2.448      15.964
         20      17.240      20.000      2.760      18.620

  CMP =  2    KPPM =   0
  Inclination angle of transmitter in level flight =  6.0 degrees (front up)

  Initial Rx offset relative to Tx:   45.0 Below,  115.0 Behind,   0.0 Starboard


  NSTAT =  45   SURVEY = 2   BAROMTRC = 1   LINE_TAG = 1

       45 transmitter positions along the flight path

     Line   Stat     East       North       Alt      Bearing    Pitch   ZRX    XRX      YRX
     ----   ----     ----       -----       ---      -------    -----   ---    ---      ---

     5000     1      -680.3         0.0     181.0      90.0      0.0    45.0   115.0     0.0
     5000     2      -640.1         0.0     185.0      90.0      0.0    45.0   115.0     0.0
     5000     3      -600.3         0.0     181.0      90.0      0.0    45.0   115.0     0.0
     5000     4      -561.0         0.0     171.0      90.0      0.0    45.0   115.0     0.0
     5000     5      -521.8         0.0     156.0      90.0      0.0    45.0   115.0     0.0
     5000     6      -482.7         0.0     141.0      90.0      0.0    45.0   115.0     0.0
     5000     7      -443.5         0.0     128.0      90.0      0.0    45.0   115.0     0.0
     5000     8      -404.1         0.0     119.0      90.0      0.0    45.0   115.0     0.0
     5000     9      -364.6         0.0     112.0      90.0      0.0    45.0   115.0     0.0
     5000    10      -324.8         0.0     109.0      90.0      0.0    45.0   115.0     0.0
     5000    11      -284.9         0.0     108.0      90.0      0.0    45.0   115.0     0.0
     5000    12      -244.9         0.0     109.0      90.0      0.0    45.0   115.0     0.0
     5000    13      -204.9         0.0     112.0      90.0      0.0    45.0   115.0     0.0
     5000    14      -164.8         0.0     118.0      90.0      0.0    45.0   115.0     0.0
     5000    15      -124.6         0.0     128.0      90.0      0.0    45.0   115.0     0.0
     5000    16       -84.4         0.0     142.0      90.0      0.0    45.0   115.0     0.0
     5000    17       -44.1         0.0     159.0      90.0      0.0    45.0   115.0     0.0
     5000    18        -3.8         0.0     176.0      90.0      0.0    45.0   115.0     0.0
     5000    19        32.1         0.0     188.0      90.0      0.0    45.0   115.0     0.0
     5000    20        60.8         0.0     194.0      90.0      0.0    45.0   115.0     0.0
     5000    21        83.6         0.0     195.0      90.0      0.0    45.0   115.0     0.0
     5000    22       101.9         0.0     194.0      90.0      0.0    45.0   115.0     0.0
     5000    23       116.5         0.0     192.0      90.0      0.0    45.0   115.0     0.0
     5000    24       126.4         0.0     190.0      90.0      0.0    45.0   115.0     0.0
     5000    25       136.4         0.0     187.0      90.0      0.0    45.0   115.0     0.0
     5000    26       150.9         0.0     182.0      90.0      0.0    45.0   115.0     0.0
     5000    27       175.6         0.0     172.0      90.0      0.0    45.0   115.0     0.0
     5000    28       202.7         0.0     160.0      90.0      0.0    45.0   115.0     0.0
     5000    29       232.6         0.0     145.0      90.0      0.0    45.0   115.0     0.0
     5000    30       265.3         0.0     130.0      90.0      0.0    45.0   115.0     0.0
     5000    31       303.4         0.0     116.0      90.0      0.0    45.0   115.0     0.0
     5000    32       341.4         0.0     104.0      90.0      0.0    45.0   115.0     0.0
     5000    33       379.4         0.0      95.0      90.0      0.0    45.0   115.0     0.0
     5000    34       417.4         0.0      88.0      90.0      0.0    45.0   115.0     0.0
     5000    35       455.4         0.0      82.0      90.0      0.0    45.0   115.0     0.0
     5000    36       493.4         0.0      77.0      90.0      0.0    45.0   115.0     0.0
     5000    37       531.4         0.0      72.0      90.0      0.0    45.0   115.0     0.0
     5000    38       569.5         0.0      68.0      90.0      0.0    45.0   115.0     0.0
     5000    39       607.7         0.0      65.0      90.0      0.0    45.0   115.0     0.0
     5000    40       646.0         0.0      63.0      90.0      0.0    45.0   115.0     0.0
     5000    41       684.6         0.0      62.0      90.0      0.0    45.0   115.0     0.0
     5000    42       723.3         0.0      63.0      90.0      0.0    45.0   115.0     0.0
     5000    43       762.2         0.0      65.0      90.0      0.0    45.0   115.0     0.0
     5000    44       801.2         0.0      68.0      90.0      0.0    45.0   115.0     0.0
     5000    45       840.3         0.0      72.0      90.0      0.0    45.0   115.0     0.0


     LITHOLOGY AND MESH DESCRIPTION
     ------------------------------

  Number of node "slices" along North-South axis = 45
  Number of node rows in each slice =  33
  Number of node columns in each slice =  43
  KACC = 2    SOLVER = 2


                          LITHOLOGY PROPERTIES
                          --------------------

                                  Relative   Relative     Cole-Cole Parameters
        Resistivity  Conductance     MU     Dielectric   CHRG    CTAU       CFREQ

   1      100.0         -1.0       1.000      1.000      0.00    0.00        0.00
   2      2000.         -1.0       1.000      1.000      0.00    0.00        0.00
   3      1.000          1.0       1.000      1.000      0.00    0.00        0.00
   4      50.00         -1.0       1.000      1.000      0.00    0.00        0.00
   5      200.0         -1.0       1.000      1.000      0.00    0.00        0.00
   6      100.0          1.0       1.000      1.000      0.00    0.00        0.00
   7      10.00          1.0       1.000      1.000      0.00    0.00        0.00
   8     0.1000          2.0       1.000      1.000      0.00    0.00        1.00
   9      10.00         -1.0       1.000      1.000      0.00    0.00        1.00
  10     0.3800         -1.0       1.000      1.000      0.00    0.00        1.00
  11      3.000         -1.0       1.000      1.000      0.00    0.00        1.00
  12      16.70         -1.0       1.000      1.000      0.00    0.00        1.00
  13      333.3         -1.0       1.000      1.000      0.00    0.00        1.00
  14      1000.         -1.0       1.000      1.000      0.00    0.00        1.00
  15      10.00         -1.0       1.000      1.000      0.00    0.00        1.00


  Before computation begins, array and model coordinates are transformed from
  "real world" coordimnates to a body- centred system where the new origin is
  over the centre of the model region where depth is positive downwards.
  In the original coordinate system the new computation origin is located at:
    EAST:         0.00;    NORTH:         0.00

  Altitudes expressed as ground clearance are converted to barometric altitude.
   The revised transmitter and receiver positions are:

                   TRANSMITTER                 RECEIVER 1
                                                                    Tx Ground   Rx 1 Ground
   Station    East    North   Altitude    East    North   Altitude  Clearance   Clearance
   -------    ----    -----   --------    ----    -----   --------  ---------   --------- 
      1       -680.       0.     181.     -795.       0.     136.      181.       136.
      2       -640.       0.     185.     -755.       0.     140.      185.       140.
      3       -600.       0.     181.     -715.       0.     136.      181.       136.
      4       -561.       0.     171.     -676.       0.     126.      171.       126.
      5       -522.       0.     156.     -637.       0.     111.      156.       111.
      6       -483.       0.     141.     -598.       0.      96.      141.        96.
      7       -444.       0.     128.     -559.       0.      83.      128.        83.
      8       -404.       0.     119.     -519.       0.      74.      119.        74.
      9       -365.       0.     112.     -480.       0.      67.      112.        67.
     10       -325.       0.     109.     -440.       0.      64.      109.        64.
     11       -285.       0.     108.     -400.       0.      63.      108.        63.
     12       -245.       0.     109.     -360.       0.      64.      109.        64.
     13       -205.       0.     112.     -320.       0.      67.      112.        67.
     14       -165.       0.     118.     -280.       0.      73.      118.        73.
     15       -125.       0.     128.     -240.       0.      83.      128.        83.
     16        -84.       0.     142.     -199.       0.      97.      142.        97.
     17        -44.       0.     159.     -159.       0.     114.      159.       114.
     18         -4.       0.     176.     -119.       0.     131.      176.       131.
     19         32.       0.     188.      -83.       0.     143.      188.       143.
     20         61.       0.     194.      -54.       0.     149.      194.       149.
     21         84.       0.     195.      -31.       0.     150.      195.       150.
     22        102.       0.     194.      -13.       0.     149.      194.       149.
     23        116.       0.     192.        1.       0.     147.      192.       147.
     24        126.       0.     190.       11.       0.     145.      190.       145.
     25        136.       0.     187.       21.       0.     142.      187.       142.
     26        151.       0.     182.       36.       0.     137.      182.       137.
     27        176.       0.     172.       61.       0.     127.      172.       127.
     28        203.       0.     160.       88.       0.     115.      160.       115.
     29        233.       0.     145.      118.       0.     100.      145.       100.
     30        265.       0.     130.      150.       0.      85.      130.        85.
     31        303.       0.     116.      188.       0.      71.      116.        71.
     32        341.       0.     104.      226.       0.      59.      104.        59.
     33        379.       0.      95.      264.       0.      50.       95.        50.
     34        417.       0.      88.      302.       0.      43.       88.        43.
     35        455.       0.      82.      340.       0.      37.       82.        37.
     36        493.       0.      77.      378.       0.      32.       77.        32.
     37        531.       0.      72.      416.       0.      27.       72.        27.
     38        570.       0.      68.      454.       0.      23.       68.        23.
     39        608.       0.      65.      493.       0.      20.       65.        20.
     40        646.       0.      63.      531.       0.      18.       63.        18.
     41        685.       0.      62.      570.       0.      17.       62.        17.
     42        723.       0.      63.      608.       0.      18.       63.        18.
     43        762.       0.      65.      647.       0.      20.       65.        20.
     44        801.       0.      68.      686.       0.      23.       68.        23.
     45        840.       0.      72.      725.       0.      27.       72.        27.

---------------------------------------------------------------------------
                       END OF LokiAir CONTROL FILE DESCRIPTION
---------------------------------------------------------------------------


  LokiAir.log contains comments or adjustment information for this run.
  IT is advisable to read them.

  The frequency-domain results are directly computed from
    0.1000     Hz to   10.00     Hz, using  3 points per decade and from
     10.00     Hz to  0.1000E+06 Hz, using  6 points per decade.

  These are used to construct the frequency-domain spectrum from DC to  0.1000E+06 Hz
  before transformation to the time domain.  The transformed result is folded over
  5 pulses and convolved with the input signal.


  TIME-DOMAIN LokiAir OUTPUT
  ----------------------------

  The IN-LINE component is defined as the horizontal component along
  the flight path.  It is positive in the forward flight direction.

  The receiver is  45.0 metres below and 115.0 metres behind the transmitter.  


 TITLE:  Geotem 25 Hz dB/dt response
 -----

          VERTICAL COMPONENT - nT/s

           RECEIVER POSITION       CHNL 1       CHNL 2       CHNL 3       CHNL 4       CHNL 5       CHNL 6       CHNL 7       CHNL 8       CHNL 9      CHNL 10      CHNL 11      CHNL 12      CHNL 13      CHNL 14      CHNL 15      CHNL 16      CHNL 17      CHNL 18      CHNL 19      CHNL 20 
         EAST     NORTH    ALT     0.417        1.198        2.370        3.776        4.635        4.792        4.948        5.182        5.495        5.885        6.354        6.901        7.604        8.464        9.479       10.651       12.057       13.776       15.964       18.620

  1      -795         0    136     387.8       -179.6       -227.4        175.3        273.0        165.5        111.9        71.41        44.28        27.52        17.15        11.19        6.917        3.854        2.215        1.450       0.8636       0.4941       0.2667       0.1718    
  2      -755         0    140     367.1       -171.5       -219.1        165.5        261.0        160.0        109.6        71.18        44.79        28.09        17.73        11.74        7.239        3.872        2.145        1.440       0.8879       0.5069       0.2705       0.1666    
  3      -715         0    136     380.7       -177.6       -227.5        172.8        267.4        164.5        113.5        74.46        47.25        29.67        18.50        12.01        7.540        4.395        2.489        1.433       0.7837       0.5024       0.3013       0.1598    
  4      -676         0    126     423.3       -196.3       -249.7        194.7        287.9        175.6        121.7        80.81        52.09        33.33        21.08        13.40        7.780        4.066        2.341        1.686        1.085       0.5754       0.2534       0.1532    
  5      -637         0    111     501.6       -229.4       -288.3        235.6        322.8        194.1        133.8        89.06        58.42        38.00        24.21        15.72        9.085        4.287        2.294        1.829        1.254       0.6396       0.2602       0.1615    
  6      -598         0     96     600.8       -271.2       -336.6        288.4        366.7        217.1        150.0        100.3        66.10        43.59        28.10        17.83        9.723        4.289        2.339        2.114        1.523       0.7103       0.2260       0.1672    
  7      -559         0     83     708.5       -315.7       -388.0        346.5        411.1        240.9        166.4        111.1        72.71        47.97        31.09        19.62        10.92        5.335        2.927        2.189        1.437       0.7500       0.3077       0.1947    
  8      -519         0     74     801.2       -354.0       -434.0        398.6        447.8        262.0        181.9        122.2        80.54        53.07        34.06        21.38        11.86        5.707        3.127        2.387        1.568       0.8055       0.3281       0.2365    
  9      -480         0     67     870.0       -383.6       -472.8        435.4        484.6        286.7        201.0        134.2        87.42        56.57        35.17        22.11        13.06        7.085        3.936        2.430        1.361       0.8079       0.4207       0.2535    
 10      -440         0     64     887.0       -394.6       -492.5        442.0        506.9        306.5        218.2        147.2        96.42        62.56        38.32        23.11        13.49        7.990        4.626        2.488        1.232       0.8218       0.4954       0.2880    
 11      -400         0     63     898.2       -403.4       -511.0        446.4        529.7        327.4        237.8        161.6        105.5        68.58        42.05        24.93        14.08        8.213        4.721        2.523        1.267       0.8568       0.5286       0.3214    
 12      -360         0     64     896.5       -406.8       -525.1        442.0        554.5        352.3        257.2        174.9        112.7        71.58        43.76        26.76        15.52        8.593        4.655        2.546        1.343       0.9346       0.5949       0.3406    
 13      -320         0     67     876.2       -403.6       -531.1        424.6        580.2        377.6        275.9        187.6        120.2        75.37        45.73        27.48        15.50        8.448        4.633        2.653        1.448       0.9182       0.5190       0.2945    
 14      -280         0     73     832.1       -389.0       -519.7        391.9        593.7        389.7        282.1        192.1        121.8        74.61        45.03        26.93        15.17        8.335        4.654        2.700        1.416       0.7762       0.4022       0.2925    
 15      -240         0     83     755.8       -357.3       -478.7        345.2        570.4        373.6        268.8        179.4        111.6        67.91        40.58        23.83        13.17        7.410        4.494        2.904        1.641       0.7888       0.2967       0.2164    
 16      -199         0     97     647.0       -305.7       -405.7        290.3        494.9        318.3        225.4        149.3        92.53        55.97        32.78        18.33        10.05        6.400        4.063        2.254        1.156       0.6983       0.3479       0.1787    
 17      -159         0    114     526.3       -245.6       -317.7        235.2        391.4        243.9        168.5        108.1        65.57        39.55        23.49        13.93        7.998        4.728        2.862        1.739       0.9956       0.6213       0.3389       0.1893    
 18      -119         0    131     424.1       -195.6       -246.4        189.8        305.3        185.5        124.3        75.94        44.50        26.89        16.44        10.60        6.773        4.184        2.438        1.331       0.6605       0.4334       0.2926       0.1900    
 19       -83         0    143     366.0       -168.9       -209.3        163.1        260.7        155.7        102.8        61.10        36.35        23.48        14.91        9.706        5.751        3.009        1.687        1.187       0.7629       0.4381       0.2375       0.1639    
 20       -54         0    149     343.6       -159.5       -197.4        151.8        247.7        147.4        97.78        57.95        34.31        22.55        14.40        8.999        5.530        3.647        2.149        1.013       0.4744       0.3991       0.2884       0.1344    
 21       -31         0    150     341.3       -159.0       -201.3        150.2        251.9        152.8        101.9        61.59        37.89        23.85        14.13        9.949        6.432        2.913        1.486        1.296       0.8963       0.4204       0.1541       0.1043    
 22       -13         0    149     345.5       -162.4       -208.7        151.8        261.4        161.1        110.1        67.41        42.02        26.55        14.57        9.018        5.942        3.664        2.185        1.231       0.6844       0.5142       0.3323       0.1500    
 23         1         0    147     355.9       -168.1       -218.3        155.5        273.7        169.4        116.5        73.73        45.27        27.51        15.80        10.05        6.652        4.137        2.388        1.259       0.6571       0.5159       0.3539       0.1573    
 24        11         0    145     365.3       -173.9       -226.6        158.7        285.8        179.2        124.0        77.76        47.89        29.99        17.45        10.63        6.684        4.293        2.572        1.332       0.6864       0.5329       0.3573       0.1600    
 25        21         0    142     379.7       -181.7       -238.6        164.4        301.2        190.4        132.7        84.36        52.11        32.61        19.30        11.68        6.895        4.043        2.429        1.495       0.9017       0.5889       0.3271       0.1519    
 26        36         0    137     404.0       -194.6       -258.6        174.3        326.2        208.5        146.7        94.92        58.77        36.32        21.58        13.12        7.697        4.397        2.605        1.644        1.004       0.6372       0.3574       0.1867    
 27        61         0    127     456.0       -221.6       -300.1        196.6        376.2        247.4        174.9        115.6        72.19        43.96        26.47        16.09        9.263        5.134        2.956        1.853        1.087       0.6174       0.3179       0.1963    
 28        88         0    115     524.4       -256.5       -352.2        226.6        438.4        291.8        208.9        140.5        88.90        54.21        32.29        19.37        11.17        6.332        3.654        2.145        1.146       0.6090       0.3102       0.2238    
 29       118         0    100     617.2       -301.6       -416.8        271.3        509.9        341.6        248.6        170.2        107.5        65.25        39.45        23.32        13.12        7.577        4.332        2.375        1.228       0.7310       0.4136       0.2603    
 30       150         0     85     721.9       -347.8       -478.4        328.5        562.7        377.4        275.8        190.6        123.3        75.76        44.82        26.70        15.73        9.256        4.970        2.219       0.9657       0.8461       0.6447       0.3116    
 31       188         0     71     831.1       -391.3       -526.3        395.1        589.0        394.1        287.2        197.8        127.9        80.24        49.20        28.99        16.55        10.04        5.473        2.332        1.025        1.025       0.7689       0.2814    
 32       226         0     59     945.8       -433.4       -562.6        465.4        595.2        384.3        277.4        190.6        126.2        82.28        52.41        32.83        18.03        8.273        4.056        2.931        2.007        1.188       0.6051       0.3438    
 33       264         0     50     1047.       -468.0       -590.0        525.3        598.8        371.2        265.0        182.2        121.4        79.57        51.02        32.25        17.77        7.977        3.871        2.896        1.931        1.048       0.5331       0.4290    
 34       302         0     43     1145.       -502.2       -615.6        579.6        614.0        366.4        256.6        172.3        111.4        72.75        48.53        32.07        17.95        7.638        3.461        2.807        1.850       0.8430       0.3772       0.4330    
 35       340         0     37     1291.       -553.3       -661.2        666.8        637.5        364.6        249.8        164.3        105.3        68.91        45.82        30.44        17.74        8.289        3.680        2.306        1.470        1.120       0.7128       0.3381    
 36       378         0     32     1454.       -609.0       -715.7        771.3        659.9        366.7        247.6        160.0        102.4        67.03        43.46        28.67        16.80        7.876        3.734        2.575        1.588        1.045       0.5897       0.3497    
 37       416         0     27     1512.       -633.1       -736.9        791.8        699.4        379.6        252.2        159.2        98.37        62.34        38.50        23.68        14.78        9.661        5.486        2.322       0.7631       0.8553       0.6706       0.3007    
 38       455         0     23     1651.       -682.8       -784.2        875.5        727.3        386.8        249.4        153.8        94.72        60.58        39.05        26.21        15.99        7.929        3.915        2.563        1.443       0.9894       0.6022       0.3918    
 39       493         0     20     1730.       -709.2       -813.8        926.5        748.2        398.0        253.6        155.0        94.62        58.89        36.82        24.88        15.45        7.483        3.674        2.567        1.464       0.9637       0.5369       0.3363    
 40       531         0     18     1698.       -703.6       -806.2        888.8        771.0        408.6        261.7        158.3        92.90        56.28        35.46        23.99        14.97        7.506        3.592        2.220        1.211       0.9709       0.6569       0.3757    
 41       570         0     17     1850.       -753.4       -860.8        999.5        788.2        419.1        268.1        160.0        91.46        54.70        34.11        22.13        13.44        7.177        3.820        2.419        1.265       0.9762       0.6173       0.3829    
 42       608         0     18     1752.       -718.7       -824.8        931.5        782.4        421.5        268.7        159.4        89.87        52.57        32.67        21.46        12.80        6.228        3.201        2.403        1.443       0.9747       0.5443       0.3535    
 43       647         0     20     1677.       -692.4       -796.9        877.8        785.8        423.7        263.8        157.7        88.95        49.49        30.14        19.91        12.31        6.207        3.106        2.100        1.202       0.9529       0.6221       0.3672    
 44       686         0     23     1672.       -684.1       -787.9        886.5        769.2        415.1        259.1        154.6        85.69        47.20        28.64        17.47        10.17        5.839        3.445        2.255        1.207       0.9134       0.5608       0.3659    
 45       725         0     27     1525.       -633.1       -726.7        782.7        752.5        404.5        250.4        142.5        78.04        44.58        26.05        15.92        9.487        5.429        3.263        2.191        1.216       0.8687       0.5115       0.3326    
-------------------------------------------------------------------------------------


          IN-LINE COMPONENT - nT/s

           RECEIVER POSITION       CHNL 1       CHNL 2       CHNL 3       CHNL 4       CHNL 5       CHNL 6       CHNL 7       CHNL 8       CHNL 9      CHNL 10      CHNL 11      CHNL 12      CHNL 13      CHNL 14      CHNL 15      CHNL 16      CHNL 17      CHNL 18      CHNL 19      CHNL 20 
         EAST     NORTH    ALT     0.417        1.198        2.370        3.776        4.635        4.792        4.948        5.182        5.495        5.885        6.354        6.901        7.604        8.464        9.479       10.651       12.057       13.776       15.964       18.620

  1      -795         0    136     143.0       -63.06       -76.55        74.59        77.99        51.28        38.47        25.64        10.69        6.787        8.470        4.012       0.5980        1.013       0.7671       0.9471E-01  -0.6930E-01   0.4789E-01   0.1159       0.1324    
  2      -755         0    140     137.8       -60.89       -72.84        71.34        74.01        47.88        35.27        23.50        9.834        6.404        7.941        3.462       0.4627        1.341        1.041       0.5695E-01  -0.1873       0.3373E-01   0.1487       0.1406    
  3      -715         0    136     149.2       -64.93       -77.32        78.04        77.56        47.09        34.52        23.48        10.69        6.768        7.479        3.435       0.7024        1.252       0.9343       0.1122      -0.1087       0.6297E-01   0.1558       0.1537    
  4      -676         0    126     175.2       -73.97       -90.64        93.81        85.09        50.03        36.59        26.96        15.38        8.467        6.482        3.704        1.366       0.4410       0.1794       0.2324       0.2036       0.1280       0.1094       0.1526    
  5      -637         0    111     230.2       -95.32       -111.7        124.6        104.0        61.79        41.19        27.90        14.62        8.597        7.390        2.677       0.1106        1.024       0.9756       0.2166      -0.2734E-01   0.1230       0.1798       0.1763    
  6      -598         0     96     300.1       -120.8       -139.0        166.7        125.2        69.18        44.28        27.56        12.37        5.463        4.191        1.337        1.704        4.080        2.615      -0.3436       -1.092      -0.4020E-01   0.4658       0.2560    
  7      -559         0     83     379.1       -149.3       -175.8        216.7        149.2        84.27        55.92        37.62        19.84        8.383        4.243        1.270       0.6587        1.545        1.246       0.3053      -0.1192       0.1058       0.2144       0.2106    
  8      -519         0     74     450.0       -174.6       -204.4        261.0        169.7        96.21        62.06        40.08        19.08        6.161        2.593       0.6262        1.593        3.407        2.235      -0.8038E-01  -0.8585      -0.9681E-01   0.3193       0.2297    
  9      -480         0     67     516.7       -201.1       -230.2        300.5        189.8        108.8        67.73        39.49        19.49        9.847        6.859        3.686        1.589       0.9820       0.3618      -0.9428E-01  -0.1980       0.1474       0.2948       0.2373    
 10      -440         0     64     571.9       -220.8       -251.9        333.2        209.6        118.6        73.60        41.49        19.56        9.206        6.241        3.771       0.8075       -1.251       -1.136       0.5339E-01   0.3806       0.2394       0.1341       0.2081    
 11      -400         0     63     604.9       -231.5       -262.5        350.2        223.1        124.8        75.46        39.78        15.34        4.357        2.621        2.011       0.6189      -0.7834      -0.6823       0.2207       0.2973       0.1040       0.4248E-01   0.1977    
 12      -360         0     64     605.7       -231.7       -259.0        346.6        229.4        125.2        72.38        36.42        15.52        6.107        2.571       0.1745       -1.682       -2.175       -1.068       0.3310       0.4790       0.4610E-01  -0.1373       0.9798E-01
 13      -320         0     67     585.5       -222.4       -240.3        328.9        225.3        110.2        58.89        25.92        6.573      -0.3778      -0.9942       -1.655       -2.058       -1.724       -1.088      -0.4035      -0.1490       0.7304E-02  -0.4264E-02  -0.3700E-02
 14      -280         0     73     530.3       -200.1       -206.9        293.7        200.1        89.10        42.57        10.24       -2.308       -3.465       -3.710       -3.335       -2.827       -2.119       -1.207      -0.4027      -0.1115       0.8287E-02  -0.1709E-01  -0.7575E-02
 15      -240         0     83     442.1       -163.4       -161.6        243.9        152.3        55.98        18.89       -1.008       -7.801       -7.884       -6.157       -4.233       -2.915       -2.289       -1.566      -0.7528      -0.2569       0.1031       0.1391       0.3222E-01
 16      -199         0     97     340.1       -125.2       -119.9        186.5        110.7        36.33        8.781       -5.807       -11.62       -10.16       -5.390       -2.083       -1.074       -1.443       -1.182      -0.3556      -0.5957E-02   0.1169       0.1642       0.1556    
 17      -159         0    114     247.2       -95.31       -99.49        132.9        96.72        41.92        20.55        7.150      -0.2896       -2.227       -1.730       -1.285      -0.2936       0.7535       0.7125       0.1459      -0.1418      -0.1550E-01   0.6126E-01   0.7082E-01
 18      -119         0    131     188.8       -81.66       -101.2        95.41        107.1        62.89        43.98        29.74        18.44        10.69        5.449        1.919       0.7214        1.169        1.168       0.6646       0.3246       0.2051       0.8380E-01   0.4836E-01
 19       -83         0    143     163.8       -79.26       -113.1        76.50        128.7        90.38        69.62        50.51        29.60        16.21        10.71        6.143        3.174        2.226        1.717        1.248       0.6912       0.1989      -0.8967E-02   0.7225E-01
 20       -54         0    149     153.2       -79.16       -126.5        68.29        146.6        113.2        88.73        66.17        41.50        21.93        11.97        7.218        4.491        2.748        2.034        1.656       0.9554       0.2547      -0.1518E-01   0.1120    
 21       -31         0    150     154.0       -85.41       -135.9        65.37        161.7        125.2        102.6        78.01        48.41        29.02        17.97        6.599        2.622        5.210        4.308        1.175      -0.3887E-01   0.2407       0.3285       0.1879    
 22       -13         0    149     161.8       -92.13       -145.3        64.77        174.2        134.8        107.5        82.79        51.48        31.71        24.63        15.34        6.837        2.605        1.279        1.348        1.018       0.2501      -0.4229E-01   0.1238    
 23         1         0    147     167.3       -96.96       -154.3        66.18        185.5        146.1        115.8        84.60        56.37        37.31        25.45        15.81        7.926        3.299        1.509        1.181       0.8024       0.2576       0.6672E-01   0.1703    
 24        11         0    145     172.2       -99.11       -161.6        68.59        190.1        148.2        118.8        91.03        61.45        38.35        25.39        16.80        9.274        3.597        1.344        1.122       0.7844       0.2666       0.1045       0.1898    
 25        21         0    142     177.7       -102.9       -169.2        71.02        197.9        155.5        125.1        96.58        65.51        40.92        26.89        17.40        9.589        4.030        1.610        1.093       0.6960       0.2776       0.1509       0.2022    
 26        36         0    137     190.5       -109.8       -179.8        76.85        209.6        164.7        131.8        100.9        68.88        43.24        28.13        18.67        10.46        4.099        1.671        1.480        1.001       0.2545      -0.1013E-02   0.1398    
 27        61         0    127     212.4       -121.6       -196.2        87.96        227.0        172.4        143.3        107.6        75.19        49.72        30.70        20.03        11.47        4.611        1.774        1.355        1.032       0.5967       0.3262       0.1611    
 28        88         0    115     237.7       -131.3       -209.7        107.2        229.6        173.8        146.9        115.3        81.30        52.93        31.16        16.43        8.993        6.838        4.614        2.028       0.6722       0.3356       0.1860       0.1533    
 29       118         0    100     288.0       -146.2       -220.1        144.3        218.8        161.4        131.0        101.0        80.17        55.41        28.86        16.05        10.19        6.493        3.798        1.596       0.6192       0.6003       0.4341       0.1118    
 30       150         0     85     351.3       -162.7       -226.5        195.3        193.2        134.8        117.4        93.04        66.10        44.79        27.62        15.34        8.790        6.493        3.915        1.330       0.3613       0.5780       0.4919       0.1153    
 31       188         0     71     450.8       -187.5       -239.5        270.6        157.3        99.68        89.73        73.55        51.54        33.46        20.67        12.53        7.847        5.358        3.263        1.536       0.6031       0.4820       0.3057       0.9960E-01
 32       226         0     59     591.8       -232.6       -264.2        360.6        147.8        70.12        58.12        44.84        35.16        28.32        20.60        14.82        7.918        1.862       0.4850        1.529        1.391       0.5079      -0.7824E-03   0.3850E-01
 33       264         0     50     738.9       -280.0       -304.4        452.1        162.1        66.67        45.80        31.99        24.48        20.13        15.98        12.75        7.087        1.167      -0.9339E-01    1.227        1.214       0.4547       0.3317E-01   0.1182    
 34       302         0     43     879.8       -326.2       -352.8        542.7        193.3        73.58        40.03        27.58        23.40        15.53        8.877        8.987        6.869        1.429       0.4676E-01    1.139       0.9379       0.3669       0.1004       0.2141    
 35       340         0     37     1012.       -369.5       -396.1        631.1        208.1        81.01        42.36        22.31        16.35        10.24        4.695        6.458        6.313        2.167       0.6570        1.061       0.6510       0.3664       0.1482       0.1190    
 36       378         0     32     1096.       -401.2       -422.9        685.3        227.5        89.84        46.14        20.89        14.22        13.30        8.729        4.401        1.747        1.013        1.046        1.110       0.7088       0.5347       0.2322       0.1560    
 37       416         0     27     1207.       -440.3       -467.3        757.7        259.4        109.2        60.46        30.61        12.54        8.025        6.106      -0.1778E-01   -1.094        2.809        2.956       0.7799      -0.1961       0.3972       0.3622       0.9339E-01
 38       455         0     23     1440.       -515.0       -549.5        927.1        272.9        118.0        60.94        26.40        7.666        3.249        5.650        6.302        3.928       0.6046      -0.1561       0.8498       0.6991       0.5177       0.2292       0.1688    
 39       493         0     20     1462.       -523.2       -566.5        934.7        290.5        129.1        66.52        29.79        15.84        5.482      -0.4391        4.776        5.986       0.3260      -0.9582       0.8344       0.8208       0.5380       0.2348       0.1653    
 40       531         0     18     1548.       -553.6       -597.9        991.7        306.8        138.7        72.27        30.63        14.73        5.710       0.4896E-02    3.508        4.513       0.4830      -0.3473       0.9943       0.7781       0.5467       0.2521       0.2033    
 41       570         0     17     1597.       -568.8       -613.5        1028.        311.2        139.3        73.05        31.23        13.28        4.700       0.3665        2.855        3.493       0.4290      -0.1941       0.8829       0.6527       0.5824       0.3194       0.2127    
 42       608         0     18     1540.       -556.0       -593.6        972.0        327.9        145.7        74.29        30.28        9.643        3.128        2.294        3.279        2.825        1.009       0.8279        1.517       0.8274       0.2792      -0.5779E-01   0.1320    
 43       647         0     20     1238.       -459.1       -483.5        744.5        316.3        134.5        70.61        25.79        6.461        2.349        1.135        2.649        2.618       0.7097       0.1786       0.7003       0.5287       0.5162       0.2973       0.1394    
 44       686         0     23     1412.       -510.1       -537.4        885.1        303.2        124.6        59.79        20.90        5.898        3.142        1.863        1.276        1.065       0.9287       0.9670        1.050       0.5762       0.5580       0.2610       0.1008    
 45       725         0     27     1296.       -469.7       -489.6        803.6        273.7        101.5        46.73        16.28        3.897        1.577        1.382        1.377        1.247       0.9692        1.071        1.278       0.7530       0.5182       0.1766       0.9893E-01
-------------------------------------------------------------------------------------



  Computation time =   95678.74 seconds.

