

  Airbeo task started at 14:08 on 13 JUL 2016



      ######################################################################
      #                                                                    #
      #                 Airbeo - Version 4.7.1  22 November, 2012          #        
      #                 ---------------------------------------            #        
      #                                                                    #
      #      Develped by:  CSIRO Electromagnetic Modelling Group           #
      #                    Art Raiche, Fred Sugeng & Glenn Wilson          #
      #                                                                    #
      #              For:  AMIRA project P223F                             #
      #                                                                    #
      ######################################################################

-------------------------------------------------------------------------------

 Inversion of 5 Vtem stations - layer thicknesses - static starting model

  TDFD =  1   DO1D =  1   PRFL =  1    ISTOP = 0
  ISW = 130   NSX = 441   STEP = 0    UNITS =   1  NCHNL =  26
  KRXW =  1   OFFTYM =   11.16    


         +----------------------------------------------
         +    Time-Domain AEM Impulse System Input Data 
         +          dB/dt output will be in nT/s
         +----------------------------------------------


                          Vertical receiver  
           TXON (ms)      waveform in nT/s
           ---------      -----------------

      1        0.000         877.2    
      2        0.020        0.1897E+07
      3        0.040        0.2077E+08
      4        0.060        0.3621E+08
      5        0.080        0.3974E+08
      6        0.100        0.3935E+08
      7        0.120        0.3872E+08
      8        0.140        0.3818E+08
      9        0.160        0.3760E+08
     10        0.180        0.3696E+08
     11        0.200        0.3625E+08
     12        0.220        0.3548E+08
     13        0.240        0.3465E+08
     14        0.260        0.3375E+08
     15        0.280        0.3281E+08
     16        0.300        0.3180E+08
     17        0.320        0.3074E+08
     18        0.340        0.2963E+08
     19        0.360        0.2847E+08
     20        0.380        0.2727E+08
     21        0.400        0.2602E+08
     22        0.420        0.2471E+08
     23        0.440        0.2338E+08
     24        0.460        0.2201E+08
     25        0.480        0.2060E+08
     26        0.500        0.1917E+08
     27        0.520        0.1769E+08
     28        0.540        0.1620E+08
     29        0.560        0.1468E+08
     30        0.580        0.1314E+08
     31        0.600        0.1158E+08
     32        0.620        0.1002E+08
     33        0.640        0.8432E+07
     34        0.660        0.6842E+07
     35        0.680        0.5240E+07
     36        0.700        0.3639E+07
     37        0.720        0.2050E+07
     38        0.740        0.8132E+06
     39        0.760        0.7342E+06
     40        0.780        0.1106E+07
     41        0.800        0.9000E+06
     42        0.820        0.7982E+06
     43        0.840        0.1009E+07
     44        0.860        0.9456E+06
     45        0.880        0.8307E+06
     46        0.900        0.9447E+06
     47        0.920        0.9474E+06
     48        0.940        0.8605E+06
     49        0.960        0.9035E+06
     50        0.980        0.9290E+06
     51        1.000        0.8790E+06
     52        1.020        0.8877E+06
     53        1.040        0.9132E+06
     54        1.060        0.8781E+06
     55        1.080        0.8693E+06
     56        1.100        0.8965E+06
     57        1.120        0.8781E+06
     58        1.140        0.8649E+06
     59        1.160        0.8754E+06
     60        1.180        0.8702E+06
     61        1.200        0.8596E+06
     62        1.220        0.8675E+06
     63        1.240        0.8579E+06
     64        1.260        0.8553E+06
     65        1.280        0.8561E+06
     66        1.300        0.8447E+06
     67        1.320        0.8456E+06
     68        1.340        0.8430E+06
     69        1.360        0.8395E+06
     70        1.380        0.8333E+06
     71        1.400        0.8298E+06
     72        1.420        0.8228E+06
     73        1.440        0.8228E+06
     74        1.460        0.8175E+06
     75        1.480        0.8202E+06
     76        1.500        0.8193E+06
     77        1.520        0.8123E+06
     78        1.540        0.8123E+06
     79        1.560        0.8096E+06
     80        1.580        0.7991E+06
     81        1.600        0.8000E+06
     82        1.620        0.8000E+06
     83        1.640        0.7930E+06
     84        1.660        0.7886E+06
     85        1.680        0.7868E+06
     86        1.700        0.7833E+06
     87        1.720        0.7851E+06
     88        1.740        0.7798E+06
     89        1.760        0.7710E+06
     90        1.780        0.7737E+06
     91        1.800        0.7684E+06
     92        1.820        0.7710E+06
     93        1.840        0.7632E+06
     94        1.860        0.7561E+06
     95        1.880        0.7614E+06
     96        1.900        0.7544E+06
     97        1.920        0.7526E+06
     98        1.940        0.7474E+06
     99        1.960        0.7544E+06
    100        1.980        0.7412E+06
    101        2.000        0.7421E+06
    102        2.020        0.7412E+06
    103        2.040        0.7360E+06
    104        2.060        0.7342E+06
    105        2.080        0.7333E+06
    106        2.100        0.7254E+06
    107        2.120        0.7246E+06
    108        2.140        0.7228E+06
    109        2.160        0.7219E+06
    110        2.180        0.7167E+06
    111        2.200        0.7167E+06
    112        2.220        0.7114E+06
    113        2.240        0.7088E+06
    114        2.260        0.7026E+06
    115        2.280        0.7044E+06
    116        2.300        0.6982E+06
    117        2.320        0.6974E+06
    118        2.340        0.6904E+06
    119        2.360        0.6939E+06
    120        2.380        0.6886E+06
    121        2.400        0.6895E+06
    122        2.420        0.6816E+06
    123        2.440        0.6842E+06
    124        2.460        0.6781E+06
    125        2.480        0.6754E+06
    126        2.500        0.6746E+06
    127        2.520        0.6728E+06
    128        2.540        0.6693E+06
    129        2.560        0.6632E+06
    130        2.580        0.6623E+06
    131        2.600        0.6675E+06
    132        2.620        0.6623E+06
    133        2.640        0.6570E+06
    134        2.660        0.6474E+06
    135        2.680        0.6491E+06
    136        2.700        0.6482E+06
    137        2.720        0.6518E+06
    138        2.740        0.6412E+06
    139        2.760        0.6412E+06
    140        2.780        0.6404E+06
    141        2.800        0.6351E+06
    142        2.820        0.6333E+06
    143        2.840        0.6263E+06
    144        2.860        0.6333E+06
    145        2.880        0.6290E+06
    146        2.900        0.6228E+06
    147        2.920        0.6184E+06
    148        2.940        0.6184E+06
    149        2.960        0.6167E+06
    150        2.980        0.6105E+06
    151        3.000        0.6123E+06
    152        3.020        0.6088E+06
    153        3.040        0.6105E+06
    154        3.060        0.6035E+06
    155        3.080        0.5956E+06
    156        3.100        0.5974E+06
    157        3.120        0.5939E+06
    158        3.140        0.5956E+06
    159        3.160        0.5939E+06
    160        3.180        0.5904E+06
    161        3.200        0.5860E+06
    162        3.220        0.5877E+06
    163        3.240        0.5807E+06
    164        3.260        0.5860E+06
    165        3.280        0.5816E+06
    166        3.300        0.5790E+06
    167        3.320        0.5790E+06
    168        3.340        0.5737E+06
    169        3.360        0.5702E+06
    170        3.380        0.5649E+06
    171        3.400        0.5649E+06
    172        3.420        0.5640E+06
    173        3.440        0.5605E+06
    174        3.460        0.5623E+06
    175        3.480        0.5588E+06
    176        3.500        0.5535E+06
    177        3.520        0.5474E+06
    178        3.540        0.5570E+06
    179        3.560        0.5535E+06
    180        3.580        0.5465E+06
    181        3.600        0.5430E+06
    182        3.620        0.5439E+06
    183        3.640        0.5412E+06
    184        3.660        0.5351E+06
    185        3.680        0.5395E+06
    186        3.700        0.5342E+06
    187        3.720        0.5281E+06
    188        3.740        0.5281E+06
    189        3.760        0.5254E+06
    190        3.780        0.5290E+06
    191        3.800        0.5307E+06
    192        3.820        0.5219E+06
    193        3.840        0.5210E+06
    194        3.860        0.5167E+06
    195        3.880        0.5175E+06
    196        3.900        0.5132E+06
    197        3.920        0.5123E+06
    198        3.940        0.5035E+06
    199        3.960        0.5053E+06
    200        3.980        0.5096E+06
    201        4.000        0.5044E+06
    202        4.020        0.5044E+06
    203        4.040        0.5035E+06
    204        4.060        0.4939E+06
    205        4.080        0.4956E+06
    206        4.100        0.4956E+06
    207        4.120        0.4921E+06
    208        4.140        0.4895E+06
    209        4.160        0.4877E+06
    210        4.180        0.4886E+06
    211        4.200        0.4833E+06
    212        4.220        0.4842E+06
    213        4.240        0.4816E+06
    214        4.260        0.4825E+06
    215        4.280        0.4754E+06
    216        4.300        0.4754E+06
    217        4.320        0.4772E+06
    218        4.340        0.4754E+06
    219        4.360        0.4675E+06
    220        4.380        0.4632E+06
    221        4.400        0.4675E+06
    222        4.420        0.4684E+06
    223        4.440        0.4579E+06
    224        4.460        0.4596E+06
    225        4.480        0.4570E+06
    226        4.500        0.4535E+06
    227        4.520        0.4588E+06
    228        4.540        0.4509E+06
    229        4.560        0.4509E+06
    230        4.580        0.4509E+06
    231        4.600        0.4456E+06
    232        4.620        0.4439E+06
    233        4.640        0.4491E+06
    234        4.660        0.4412E+06
    235        4.680        0.4404E+06
    236        4.700        0.4386E+06
    237        4.720        0.4395E+06
    238        4.740        0.4351E+06
    239        4.760        0.4342E+06
    240        4.780        0.4333E+06
    241        4.800        0.4333E+06
    242        4.820        0.4351E+06
    243        4.840        0.4263E+06
    244        4.860        0.4263E+06
    245        4.880        0.4228E+06
    246        4.900        0.4219E+06
    247        4.920        0.4202E+06
    248        4.940        0.4263E+06
    249        4.960        0.4228E+06
    250        4.980        0.4193E+06
    251        5.000        0.4167E+06
    252        5.020        0.4140E+06
    253        5.040        0.4105E+06
    254        5.060        0.4044E+06
    255        5.080        0.4105E+06
    256        5.100        0.4061E+06
    257        5.120        0.4061E+06
    258        5.140        0.4061E+06
    259        5.160        0.3965E+06
    260        5.180        0.3965E+06
    261        5.200        0.3982E+06
    262        5.220        0.3974E+06
    263        5.240        0.3921E+06
    264        5.260        0.3956E+06
    265        5.280        0.3930E+06
    266        5.300        0.3904E+06
    267        5.320        0.3912E+06
    268        5.340        0.3842E+06
    269        5.360        0.3868E+06
    270        5.380        0.3833E+06
    271        5.400        0.3798E+06
    272        5.420        0.3886E+06
    273        5.440        0.3807E+06
    274        5.460        0.3763E+06
    275        5.480        0.3790E+06
    276        5.500        0.3807E+06
    277        5.520        0.3754E+06
    278        5.540        0.3728E+06
    279        5.560        0.3728E+06
    280        5.580        0.3710E+06
    281        5.600        0.3693E+06
    282        5.620        0.3710E+06
    283        5.640        0.3702E+06
    284        5.660        0.3658E+06
    285        5.680        0.3614E+06
    286        5.700        0.3667E+06
    287        5.720        0.3640E+06
    288        5.740        0.3579E+06
    289        5.760        0.3561E+06
    290        5.780        0.3526E+06
    291        5.800        0.3614E+06
    292        5.820        0.3579E+06
    293        5.840        0.3526E+06
    294        5.860        0.3553E+06
    295        5.880        0.3518E+06
    296        5.900        0.3553E+06
    297        5.920        0.3482E+06
    298        5.940        0.3421E+06
    299        5.960        0.3465E+06
    300        5.980        0.3447E+06
    301        6.000        0.3430E+06
    302        6.020        0.3439E+06
    303        6.040        0.3368E+06
    304        6.060        0.3439E+06
    305        6.080        0.3360E+06
    306        6.100        0.3360E+06
    307        6.120        0.3360E+06
    308        6.140        0.3386E+06
    309        6.160        0.3272E+06
    310        6.180        0.3254E+06
    311        6.200        0.3298E+06
    312        6.220        0.3281E+06
    313        6.240        0.3290E+06
    314        6.260        0.3254E+06
    315        6.280        0.3210E+06
    316        6.300        0.3272E+06
    317        6.320        0.3193E+06
    318        6.340        0.3219E+06
    319        6.360        0.3210E+06
    320        6.380        0.3149E+06
    321        6.400        0.3175E+06
    322        6.420        0.3123E+06
    323        6.440        0.3132E+06
    324        6.460        0.3140E+06
    325        6.480        0.3140E+06
    326        6.500        0.3123E+06
    327        6.520        0.3088E+06
    328        6.540        0.3079E+06
    329        6.560        0.3053E+06
    330        6.580        0.3044E+06
    331        6.600        0.3018E+06
    332        6.620        0.3053E+06
    333        6.640        0.3044E+06
    334        6.660        0.3061E+06
    335        6.680        0.2965E+06
    336        6.700        0.2974E+06
    337        6.720        0.2921E+06
    338        6.740        0.2982E+06
    339        6.760        0.2921E+06
    340        6.780        0.2956E+06
    341        6.800        0.2974E+06
    342        6.820        0.2904E+06
    343        6.840        0.2921E+06
    344        6.860        0.2868E+06
    345        6.880        0.2886E+06
    346        6.900        0.2842E+06
    347        6.920        0.2833E+06
    348        6.940        0.2798E+06
    349        6.960        0.2851E+06
    350        6.980        0.2790E+06
    351        7.000        0.2798E+06
    352        7.020        0.2851E+06
    353        7.040        0.2790E+06
    354        7.060        0.2754E+06
    355        7.080        0.2798E+06
    356        7.100        0.2754E+06
    357        7.120        0.2737E+06
    358        7.140        0.2693E+06
    359        7.160        0.2693E+06
    360        7.180        0.2728E+06
    361        7.200        0.2693E+06
    362        7.220        0.2658E+06
    363        7.240        0.2667E+06
    364        7.260        0.2684E+06
    365        7.280        0.2658E+06
    366        7.300        0.2658E+06
    367        7.320        0.2623E+06
    368        7.340        0.2596E+06
    369        7.360        0.2588E+06
    370        7.380        0.2553E+06
    371        7.400        0.2605E+06
    372        7.420        0.2579E+06
    373        7.440        0.2605E+06
    374        7.460        0.2579E+06
    375        7.480        0.2579E+06
    376        7.500        0.2544E+06
    377        7.520        0.2544E+06
    378        7.540        0.2544E+06
    379        7.560        0.2491E+06
    380        7.580        0.2535E+06
    381        7.600        0.2500E+06
    382        7.620        0.2526E+06
    383        7.640        0.2509E+06
    384        7.660        0.2465E+06
    385        7.680        0.2456E+06
    386        7.700        0.2447E+06
    387        7.720        0.2439E+06
    388        7.740        0.2456E+06
    389        7.760        0.2465E+06
    390        7.780        0.2412E+06
    391        7.800        0.2412E+06
    392        7.820        0.2430E+06
    393        7.840        0.2404E+06
    394        7.860        0.2395E+06
    395        7.880        0.2351E+06
    396        7.900        0.2404E+06
    397        7.920        0.2333E+06
    398        7.940        0.2333E+06
    399        7.960        0.2316E+06
    400        7.980        0.2254E+06
    401        8.000        0.2298E+06
    402        8.020        0.5526E+05
    403        8.040       -0.3933E+07
    404        8.060       -0.9062E+07
    405        8.080       -0.1194E+08
    406        8.100       -0.1379E+08
    407        8.120       -0.1548E+08
    408        8.140       -0.1719E+08
    409        8.160       -0.1887E+08
    410        8.180       -0.2049E+08
    411        8.200       -0.2207E+08
    412        8.220       -0.2360E+08
    413        8.240       -0.2508E+08
    414        8.260       -0.2651E+08
    415        8.280       -0.2788E+08
    416        8.300       -0.2919E+08
    417        8.320       -0.3045E+08
    418        8.340       -0.3164E+08
    419        8.360       -0.3277E+08
    420        8.380       -0.3383E+08
    421        8.400       -0.3482E+08
    422        8.420       -0.3574E+08
    423        8.440       -0.3660E+08
    424        8.460       -0.3738E+08
    425        8.480       -0.3808E+08
    426        8.500       -0.3871E+08
    427        8.520       -0.3927E+08
    428        8.540       -0.3975E+08
    429        8.560       -0.4014E+08
    430        8.580       -0.4047E+08
    431        8.600       -0.4072E+08
    432        8.620       -0.4088E+08
    433        8.640       -0.4096E+08
    434        8.660       -0.4095E+08
    435        8.680       -0.3967E+08
    436        8.700       -0.2555E+08
    437        8.720       -0.8530E+07
    438        8.740       -0.1385E+07
    439        8.760       -0.7719E+05
    440        8.780       -0.2895E+05
    441        8.800         0.000    

         Receiver Window Specifications (ms)
         -----------------------------------

       Window     Open        Close      Width      Centre
       ------     ----        -----      -----      ------
          1       8.806       8.826      0.020       8.816
          2       8.826       8.846      0.020       8.836
          3       8.846       8.866      0.020       8.856
          4       8.866       8.886      0.020       8.876
          5       8.886       8.911      0.025       8.899
          6       8.911       8.946      0.035       8.929
          7       8.946       8.986      0.040       8.966
          8       8.986       9.031      0.045       9.009
          9       9.031       9.086      0.055       9.059
         10       9.086       9.151      0.065       9.118
         11       9.151       9.231      0.080       9.191
         12       9.231       9.331      0.100       9.281
         13       9.331       9.451      0.120       9.391
         14       9.451       9.591      0.140       9.521
         15       9.591       9.751      0.160       9.671
         16       9.751       9.941      0.190       9.846
         17       9.941      10.176      0.235      10.059
         18      10.176      10.456      0.280      10.316
         19      10.456      10.776      0.320      10.616
         20      10.776      11.156      0.380      10.966
         21      11.156      11.626      0.470      11.391
         22      11.626      12.186      0.560      11.906
         23      12.186      12.826      0.640      12.506
         24      12.826      13.586      0.760      13.206
         25      13.586      14.526      0.940      14.056
         26      14.526      15.606      1.080      15.066

  CMP = 13    KPPM =   0
  Inclination angle of transmitter in level flight =  0.0 degrees (front up)

  Tx area =     531

  Initial Rx offset relative to Tx:    0.0 Below,    0.0 Behind,   0.0 Left


  NLAYER =  3;   NLITH =  2;   GND_LVL =    0.00


                          LITHOLOGY PROPERTIES
                          --------------------

                                  Relative   Relative     Cole-Cole Parameters
        Resistivity  Conductance     MU     Dielectric   CHRG    CTAU       CFREQ

   1      100.0         -1.0       1.000      1.000      0.00    0.00        0.00
   2      10.00         -1.0       1.000      1.000      0.00    0.00        1.00


  LAYERED EARTH INPUT DATA
  ------------------------

   1   1   50.0   J, LITH(J), THK(J)
   2   2   50.0   J, LITH(J), THK(J)
   3   1             Basement Lithology


  -------------------------
  Inversion Controls & Data
  -------------------------

  Inversion of Time-Domain Vertical Component Data
  The data to be inverted is expressed as nT/s

  The same starting model will be used for all inversions

  NPAR =  5   MCHNL = 26
  MAXITS = 90   CNVRG = 1   NFIX =  0   MV1PRT = 1   OUTPRT = 2
  Airbeo will run until the error can no longer be reduced or after 90 iterations,
  whichever comes first.

  All model parameters will be allowed to vary during inversion

  NSTAT =   5   SURVEY = 2   BAROMTRC = 1   KCMP =   3   ORDER = 1

  Time-Domain Data Floor =   0.000     nT/s

  N0STAT =   0   N0CHNL =  0   N0PTS =   0


     Line   Station   Bearing     East       North     Alt         Vertical Component Data
     ----   -------   -------     ----       -----     ---         -----------------------
     4000      1        90.      6025.0      7900.0     30.0   0.1517E+05   0.1449E+05   0.1387E+05   0.1329E+05   0.1268E+05   0.1193E+05   0.1107E+05   0.1019E+05    9272.        8305.        7300.        6262.        5237.        4284.        3443.        2709.        2066.        1523.        1097.        773.8        525.7        344.3        220.9        138.7        84.11        49.57    
     4000      2        90.      6050.0      7900.0     35.0   0.1192E+05   0.1142E+05   0.1096E+05   0.1053E+05   0.1008E+05    9515.        8868.        8204.        7501.        6758.        5980.        5169.        4359.        3598.        2918.        2318.        1785.        1330.        968.0        689.5        473.1        312.9        202.6        128.4        78.48        46.58    
     4000      3        90.      6075.0      7900.0     40.0    9500.        9122.        8774.        8450.        8107.        7679.        7185.        6674.        6132.        5554.        4944.        4302.        3656.        3043.        2489.        1994.        1550.        1166.        856.9        616.1        426.8        285.0        186.1        118.9        73.30        43.81    
     4000      4        90.      6100.0      7900.0     37.0   0.1087E+05   0.1042E+05   0.1001E+05    9629.        9224.        8722.        8141.        7544.        6912.        6241.        5536.        4798.        4059.        3362.        2736.        2181.        1686.        1261.        921.5        658.9        453.9        301.4        195.8        124.5        76.35        45.45    
     4000      5        90.      6125.0      7900.0     30.0   0.1517E+05   0.1449E+05   0.1387E+05   0.1329E+05   0.1268E+05   0.1193E+05   0.1107E+05   0.1019E+05    9272.        8305.        7300.        6262.        5237.        4284.        3443.        2709.        2066.        1523.        1097.        773.8        525.7        344.3        220.9        138.7        84.11        49.57    

  Time-Domain Data Floor =   0.000     nT/s

  Station   Vertical Weights
  -------   ----------------
         1   1 1 1 1 1 1 1 1 1 1 1 1 1 1 1 1 1 1 1 1 1 1 1 1 1 1
         2   1 1 1 1 1 1 1 1 1 1 1 1 1 1 1 1 1 1 1 1 1 1 1 1 1 1
         3   1 1 1 1 1 1 1 1 1 1 1 1 1 1 1 1 1 1 1 1 1 1 1 1 1 1
         4   1 1 1 1 1 1 1 1 1 1 1 1 1 1 1 1 1 1 1 1 1 1 1 1 1 1
         5   1 1 1 1 1 1 1 1 1 1 1 1 1 1 1 1 1 1 1 1 1 1 1 1 1 1


        Initial Model Before Inversion for Station       1
        ----------------------------------------------

 Layer  Resistivity  Depth  Thickness  Conductance
 -----  -----------  -----  ---------  -----------
   1      100.0       50.0     50.0     0.5000    
   2      10.00      100.0     50.0      5.000    
   3      100.0    

  Inversion of 5 Vtem stations - layer thicknesses - static starting model

  Begin time-domain inversion on vertical component for station   1
  Maximum iterations = 90

  Initial symmetric root mean square error =  115.49 percent.
  Initial RSVT (Relative Singular Value Threshold) =   0.100


        Model after  1 Iterations for Station       1
        -----------------------------------------

 Layer  Resistivity  Depth  Thickness  Conductance
 -----  -----------  -----  ---------  -----------
   1      88.96       27.5     27.5     0.3094    
   2      5.453       93.7     66.2      12.13    
   3      95.33    

  Symmetric RMS error =   73.56 percent.   RSVT =  0.050


        Model after  2 Iterations for Station       1
        -----------------------------------------

 Layer  Resistivity  Depth  Thickness  Conductance
 -----  -----------  -----  ---------  -----------
   1      95.14       33.8     33.8     0.3554    
   2      1.813       67.1     33.3      18.36    
   3      110.2    

  Symmetric RMS error =   30.86 percent.   RSVT =  0.025


        Model after  3 Iterations for Station       1
        -----------------------------------------

 Layer  Resistivity  Depth  Thickness  Conductance
 -----  -----------  -----  ---------  -----------
   1      99.64       32.9     32.9     0.3305    
   2     0.9393       51.7     18.8      19.99    
   3      116.9    

  Symmetric RMS error =    5.44 percent.   RSVT =  0.013


        Model after  4 Iterations for Station       1
        -----------------------------------------

 Layer  Resistivity  Depth  Thickness  Conductance
 -----  -----------  -----  ---------  -----------
   1      102.9       34.5     34.5     0.3353    
   2     0.6373       47.1     12.6      19.78    
   3      125.1    

  Symmetric RMS error =    2.49 percent.   RSVT =  0.010


        Model after  5 Iterations for Station       1
        -----------------------------------------

 Layer  Resistivity  Depth  Thickness  Conductance
 -----  -----------  -----  ---------  -----------
   1      105.0       35.0     35.0     0.3338    
   2     0.5115       45.1     10.1      19.73    
   3      134.2    

  Symmetric RMS error =    0.90 percent.   RSVT =  0.010


        Model after  6 Iterations for Station       1
        -----------------------------------------

 Layer  Resistivity  Depth  Thickness  Conductance
 -----  -----------  -----  ---------  -----------
   1      106.0       35.2     35.2     0.3323    
   2     0.4688       44.5      9.2      19.71    
   3      139.1    

  Symmetric RMS error =    0.33 percent.   RSVT =  0.010


        Model after  7 Iterations for Station       1
        -----------------------------------------

 Layer  Resistivity  Depth  Thickness  Conductance
 -----  -----------  -----  ---------  -----------
   1      106.5       35.3     35.3     0.3318    
   2     0.4487       44.2      8.8      19.69    
   3      141.9    

  Symmetric RMS error =    0.21 percent.   RSVT =  0.010


        Model after  8 Iterations for Station       1
        -----------------------------------------

 Layer  Resistivity  Depth  Thickness  Conductance
 -----  -----------  -----  ---------  -----------
   1      106.8       35.4     35.4     0.3315    
   2     0.4373       44.0      8.6      19.68    
   3      143.6    

  Symmetric RMS error =    0.16 percent.   RSVT =  0.010


        Model after  9 Iterations for Station       1
        -----------------------------------------

 Layer  Resistivity  Depth  Thickness  Conductance
 -----  -----------  -----  ---------  -----------
   1      107.0       35.5     35.5     0.3313    
   2     0.4302       43.9      8.5      19.67    
   3      144.7    

  Symmetric RMS error =    0.15 percent.   RSVT =  0.010


        Model after 10 Iterations for Station       1
        -----------------------------------------

 Layer  Resistivity  Depth  Thickness  Conductance
 -----  -----------  -----  ---------  -----------
   1      107.1       35.5     35.5     0.3312    
   2     0.4256       43.9      8.4      19.67    
   3      145.5    

  Symmetric RMS error =    0.14 percent.   RSVT =  0.010


        Model after 11 Iterations for Station       1
        -----------------------------------------

 Layer  Resistivity  Depth  Thickness  Conductance
 -----  -----------  -----  ---------  -----------
   1      107.2       35.5     35.5     0.3311    
   2     0.4226       43.8      8.3      19.66    
   3      146.0    

  Symmetric RMS error =    0.13 percent.   RSVT =  0.010

  --------------------------------------------------------------------
  Inversion terminated after 11 iterations because, the reduction in
  the RMS error from the last two iterations was less than 1 percent.
  ____________________________________________________________________

  ==================================================


        Final Model after 11 Iterations for Station       1
        ===============================================

 Layer  Resistivity  Depth  Thickness  Conductance
 -----  -----------  -----  ---------  -----------
   1      107.2       35.5     35.5     0.3311    
   2     0.4226       43.8      8.3      19.66    
   3      146.0    

  Parameter Importance
  --------------------
  RES_01    RES_02    RES_03   THICK_01  THICK_02
  0.03      0.77      0.13      1.00      0.74

                      Symmetric RMS error =     0.13 percent.
                    Noise to signal ratio =    0.001


      ERROR STRUCTURE OF FINAL MODEL
      ------------------------------

  For each station:
  ----------------
    The first line is the percent symmetric error.
    The second line is the model response.
    The third line is the data.


      VERTICAL COMPONENT STRUCTURE
      ----------------------------

       CHNL_1       CHNL_2       CHNL_3       CHNL_4       CHNL_5       CHNL_6       CHNL_7       CHNL_8       CHNL_9      CHNL_10      CHNL_11      CHNL_12      CHNL_13      CHNL_14      CHNL_15      CHNL_16      CHNL_17      CHNL_18      CHNL_19      CHNL_20      CHNL_21      CHNL_22      CHNL_23      CHNL_24      CHNL_25      CHNL_26 

   0.2705       0.1224       0.6501E-01   0.8781E-02  -0.4092E-01  -0.5471E-01  -0.7110E-01  -0.1065      -0.8102E-01  -0.7840E-01  -0.7684E-01  -0.6895E-01  -0.5214E-01  -0.4114E-01   0.5460E-03   0.3860E-01   0.8143E-01   0.1202       0.1354       0.1854       0.1951       0.1909       0.1527       0.4280E-02  -0.1317      -0.3679    
   0.1513E+05   0.1447E+05   0.1386E+05   0.1329E+05   0.1269E+05   0.1194E+05   0.1108E+05   0.1020E+05    9280.        8312.        7306.        6266.        5240.        4286.        3443.        2708.        2064.        1521.        1096.        772.4        524.7        343.6        220.6        138.7        84.22        49.75    
   0.1517E+05   0.1449E+05   0.1387E+05   0.1329E+05   0.1268E+05   0.1193E+05   0.1107E+05   0.1019E+05    9272.        8305.        7300.        6262.        5237.        4284.        3443.        2709.        2066.        1523.        1097.        773.8        525.7        344.3        220.9        138.7        84.11        49.57    


        Initial Model Before Inversion for Station       2
        ----------------------------------------------

 Layer  Resistivity  Depth  Thickness  Conductance
 -----  -----------  -----  ---------  -----------
   1      100.0       50.0     50.0     0.5000    
   2      10.00      100.0     50.0      5.000    
   3      100.0    

  Inversion of 5 Vtem stations - layer thicknesses - static starting model

  Begin time-domain inversion on vertical component for station   2
  Maximum iterations = 90

  Initial symmetric root mean square error =  112.97 percent.
  Initial RSVT (Relative Singular Value Threshold) =   0.100


        Model after  1 Iterations for Station       2
        -----------------------------------------

 Layer  Resistivity  Depth  Thickness  Conductance
 -----  -----------  -----  ---------  -----------
   1      89.01       27.8     27.8     0.3127    
   2      5.422       94.5     66.6      12.29    
   3      95.63    

  Symmetric RMS error =   70.58 percent.   RSVT =  0.050


        Model after  2 Iterations for Station       2
        -----------------------------------------

 Layer  Resistivity  Depth  Thickness  Conductance
 -----  -----------  -----  ---------  -----------
   1      95.63       34.4     34.4     0.3601    
   2      1.774       67.1     32.6      18.41    
   3      110.3    

  Symmetric RMS error =   29.80 percent.   RSVT =  0.025


        Model after  3 Iterations for Station       2
        -----------------------------------------

 Layer  Resistivity  Depth  Thickness  Conductance
 -----  -----------  -----  ---------  -----------
   1      100.3       32.9     32.9     0.3281    
   2     0.9337       51.6     18.7      19.99    
   3      117.0    

  Symmetric RMS error =    4.91 percent.   RSVT =  0.013


        Model after  4 Iterations for Station       2
        -----------------------------------------

 Layer  Resistivity  Depth  Thickness  Conductance
 -----  -----------  -----  ---------  -----------
   1      103.6       34.5     34.5     0.3329    
   2     0.6373       47.1     12.6      19.78    
   3      125.2    

  Symmetric RMS error =    2.34 percent.   RSVT =  0.010


        Model after  5 Iterations for Station       2
        -----------------------------------------

 Layer  Resistivity  Depth  Thickness  Conductance
 -----  -----------  -----  ---------  -----------
   1      105.8       35.1     35.1     0.3312    
   2     0.5110       45.1     10.1      19.72    
   3      134.6    

  Symmetric RMS error =    0.88 percent.   RSVT =  0.010


        Model after  6 Iterations for Station       2
        -----------------------------------------

 Layer  Resistivity  Depth  Thickness  Conductance
 -----  -----------  -----  ---------  -----------
   1      106.8       35.2     35.2     0.3296    
   2     0.4678       44.4      9.2      19.71    
   3      139.8    

  Symmetric RMS error =    0.32 percent.   RSVT =  0.010


        Model after  7 Iterations for Station       2
        -----------------------------------------

 Layer  Resistivity  Depth  Thickness  Conductance
 -----  -----------  -----  ---------  -----------
   1      107.4       35.3     35.3     0.3291    
   2     0.4471       44.1      8.8      19.69    
   3      142.7    

  Symmetric RMS error =    0.20 percent.   RSVT =  0.010


        Model after  8 Iterations for Station       2
        -----------------------------------------

 Layer  Resistivity  Depth  Thickness  Conductance
 -----  -----------  -----  ---------  -----------
   1      107.7       35.4     35.4     0.3287    
   2     0.4353       44.0      8.6      19.68    
   3      144.5    

  Symmetric RMS error =    0.16 percent.   RSVT =  0.010


        Model after  9 Iterations for Station       2
        -----------------------------------------

 Layer  Resistivity  Depth  Thickness  Conductance
 -----  -----------  -----  ---------  -----------
   1      107.9       35.5     35.5     0.3285    
   2     0.4279       43.9      8.4      19.67    
   3      145.7    

  Symmetric RMS error =    0.14 percent.   RSVT =  0.010


        Model after 10 Iterations for Station       2
        -----------------------------------------

 Layer  Resistivity  Depth  Thickness  Conductance
 -----  -----------  -----  ---------  -----------
   1      108.1       35.5     35.5     0.3284    
   2     0.4231       43.8      8.3      19.67    
   3      146.6    

  Symmetric RMS error =    0.13 percent.   RSVT =  0.010


        Model after 11 Iterations for Station       2
        -----------------------------------------

 Layer  Resistivity  Depth  Thickness  Conductance
 -----  -----------  -----  ---------  -----------
   1      108.2       35.5     35.5     0.3282    
   2     0.4198       43.8      8.3      19.66    
   3      147.2    

  Symmetric RMS error =    0.12 percent.   RSVT =  0.010

  --------------------------------------------------------------------
  Inversion terminated after 11 iterations because, the reduction in
  the RMS error from the last two iterations was less than 1 percent.
  ____________________________________________________________________

  ==================================================


        Final Model after 11 Iterations for Station       2
        ===============================================

 Layer  Resistivity  Depth  Thickness  Conductance
 -----  -----------  -----  ---------  -----------
   1      108.2       35.5     35.5     0.3282    
   2     0.4198       43.8      8.3      19.66    
   3      147.2    

  Parameter Importance
  --------------------
  RES_01    RES_02    RES_03   THICK_01  THICK_02
  0.03      0.77      0.13      1.00      0.74

                      Symmetric RMS error =     0.12 percent.
                    Noise to signal ratio =    0.001


      ERROR STRUCTURE OF FINAL MODEL
      ------------------------------

  For each station:
  ----------------
    The first line is the percent symmetric error.
    The second line is the model response.
    The third line is the data.


      VERTICAL COMPONENT STRUCTURE
      ----------------------------

       CHNL_1       CHNL_2       CHNL_3       CHNL_4       CHNL_5       CHNL_6       CHNL_7       CHNL_8       CHNL_9      CHNL_10      CHNL_11      CHNL_12      CHNL_13      CHNL_14      CHNL_15      CHNL_16      CHNL_17      CHNL_18      CHNL_19      CHNL_20      CHNL_21      CHNL_22      CHNL_23      CHNL_24      CHNL_25      CHNL_26 

   0.2280       0.1061       0.4479E-01   0.6585E-03   0.1473E-02  -0.4453E-01  -0.5465E-01  -0.5818E-01  -0.7287E-01  -0.7707E-01  -0.7197E-01  -0.5948E-01  -0.5431E-01  -0.4043E-01  -0.1330E-01   0.3574E-01   0.5039E-01   0.1217       0.1499       0.1815       0.1846       0.1659       0.1374       0.5126E-01  -0.1216      -0.3572    
   0.1189E+05   0.1141E+05   0.1096E+05   0.1053E+05   0.1008E+05    9519.        8873.        8209.        7506.        6763.        5984.        5172.        4361.        3599.        2918.        2317.        1784.        1328.        966.5        688.2        472.2        312.4        202.3        128.3        78.58        46.75    
   0.1192E+05   0.1142E+05   0.1096E+05   0.1053E+05   0.1008E+05    9515.        8868.        8204.        7501.        6758.        5980.        5169.        4359.        3598.        2918.        2318.        1785.        1330.        968.0        689.5        473.1        312.9        202.6        128.4        78.48        46.58    


        Initial Model Before Inversion for Station       3
        ----------------------------------------------

 Layer  Resistivity  Depth  Thickness  Conductance
 -----  -----------  -----  ---------  -----------
   1      100.0       50.0     50.0     0.5000    
   2      10.00      100.0     50.0      5.000    
   3      100.0    

  Inversion of 5 Vtem stations - layer thicknesses - static starting model

  Begin time-domain inversion on vertical component for station   3
  Maximum iterations = 90

  Initial symmetric root mean square error =  110.46 percent.
  Initial RSVT (Relative Singular Value Threshold) =   0.100


        Model after  1 Iterations for Station       3
        -----------------------------------------

 Layer  Resistivity  Depth  Thickness  Conductance
 -----  -----------  -----  ---------  -----------
   1      89.10       28.2     28.2     0.3166    
   2      5.391       95.3     67.1      12.45    
   3      95.94    

  Symmetric RMS error =   67.85 percent.   RSVT =  0.050


        Model after  2 Iterations for Station       3
        -----------------------------------------

 Layer  Resistivity  Depth  Thickness  Conductance
 -----  -----------  -----  ---------  -----------
   1      96.15       34.9     34.9     0.3629    
   2      1.742       67.0     32.1      18.45    
   3      110.4    

  Symmetric RMS error =   28.62 percent.   RSVT =  0.025


        Model after  3 Iterations for Station       3
        -----------------------------------------

 Layer  Resistivity  Depth  Thickness  Conductance
 -----  -----------  -----  ---------  -----------
   1      101.0       32.9     32.9     0.3259    
   2     0.9296       51.5     18.6      19.99    
   3      117.1    

  Symmetric RMS error =    4.51 percent.   RSVT =  0.013


        Model after  4 Iterations for Station       3
        -----------------------------------------

 Layer  Resistivity  Depth  Thickness  Conductance
 -----  -----------  -----  ---------  -----------
   1      104.4       34.5     34.5     0.3302    
   2     0.6383       47.1     12.6      19.77    
   3      125.3    

  Symmetric RMS error =    2.20 percent.   RSVT =  0.010


        Model after  5 Iterations for Station       3
        -----------------------------------------

 Layer  Resistivity  Depth  Thickness  Conductance
 -----  -----------  -----  ---------  -----------
   1      106.8       35.1     35.1     0.3283    
   2     0.5115       45.1     10.1      19.72    
   3      135.0    

  Symmetric RMS error =    0.86 percent.   RSVT =  0.010


        Model after  6 Iterations for Station       3
        -----------------------------------------

 Layer  Resistivity  Depth  Thickness  Conductance
 -----  -----------  -----  ---------  -----------
   1      107.8       35.2     35.2     0.3267    
   2     0.4675       44.4      9.2      19.71    
   3      140.3    

  Symmetric RMS error =    0.32 percent.   RSVT =  0.010


        Model after  7 Iterations for Station       3
        -----------------------------------------

 Layer  Resistivity  Depth  Thickness  Conductance
 -----  -----------  -----  ---------  -----------
   1      108.4       35.3     35.3     0.3260    
   2     0.4463       44.1      8.8      19.69    
   3      143.4    

  Symmetric RMS error =    0.20 percent.   RSVT =  0.010


        Model after  8 Iterations for Station       3
        -----------------------------------------

 Layer  Resistivity  Depth  Thickness  Conductance
 -----  -----------  -----  ---------  -----------
   1      108.7       35.4     35.4     0.3257    
   2     0.4341       44.0      8.5      19.68    
   3      145.4    

  Symmetric RMS error =    0.15 percent.   RSVT =  0.010


        Model after  9 Iterations for Station       3
        -----------------------------------------

 Layer  Resistivity  Depth  Thickness  Conductance
 -----  -----------  -----  ---------  -----------
   1      109.0       35.5     35.5     0.3254    
   2     0.4264       43.8      8.4      19.67    
   3      146.7    

  Symmetric RMS error =    0.13 percent.   RSVT =  0.010


        Model after 10 Iterations for Station       3
        -----------------------------------------

 Layer  Resistivity  Depth  Thickness  Conductance
 -----  -----------  -----  ---------  -----------
   1      109.1       35.5     35.5     0.3252    
   2     0.4212       43.8      8.3      19.67    
   3      147.7    

  Symmetric RMS error =    0.12 percent.   RSVT =  0.010


        Model after 11 Iterations for Station       3
        -----------------------------------------

 Layer  Resistivity  Depth  Thickness  Conductance
 -----  -----------  -----  ---------  -----------
   1      109.3       35.5     35.5     0.3251    
   2     0.4177       43.7      8.2      19.66    
   3      148.3    

  Symmetric RMS error =    0.12 percent.   RSVT =  0.010

  --------------------------------------------------------------------
  Inversion terminated after 11 iterations because, the reduction in
  the RMS error from the last two iterations was less than 1 percent.
  ____________________________________________________________________

  ==================================================


        Final Model after 11 Iterations for Station       3
        ===============================================

 Layer  Resistivity  Depth  Thickness  Conductance
 -----  -----------  -----  ---------  -----------
   1      109.3       35.5     35.5     0.3251    
   2     0.4177       43.7      8.2      19.66    
   3      148.3    

  Parameter Importance
  --------------------
  RES_01    RES_02    RES_03   THICK_01  THICK_02
  0.03      0.77      0.13      1.00      0.74

                      Symmetric RMS error =     0.12 percent.
                    Noise to signal ratio =    0.001


      ERROR STRUCTURE OF FINAL MODEL
      ------------------------------

  For each station:
  ----------------
    The first line is the percent symmetric error.
    The second line is the model response.
    The third line is the data.


      VERTICAL COMPONENT STRUCTURE
      ----------------------------

       CHNL_1       CHNL_2       CHNL_3       CHNL_4       CHNL_5       CHNL_6       CHNL_7       CHNL_8       CHNL_9      CHNL_10      CHNL_11      CHNL_12      CHNL_13      CHNL_14      CHNL_15      CHNL_16      CHNL_17      CHNL_18      CHNL_19      CHNL_20      CHNL_21      CHNL_22      CHNL_23      CHNL_24      CHNL_25      CHNL_26 

   0.2407       0.1027       0.2983E-01  -0.1260E-02  -0.2459E-01  -0.4553E-01  -0.4791E-01  -0.6377E-01  -0.5677E-01  -0.5945E-01  -0.5624E-01  -0.6590E-01  -0.5510E-01  -0.2731E-01   0.4905E-02   0.2547E-01   0.5450E-01   0.1136       0.1466       0.1748       0.1857       0.1811       0.1256       0.1045E-01  -0.9697E-01  -0.3305    
    9477.        9113.        8771.        8450.        8109.        7682.        7188.        6678.        6135.        5557.        4947.        4305.        3658.        3044.        2489.        1993.        1549.        1165.        855.6        615.0        426.0        284.5        185.9        118.9        73.37        43.96    
    9500.        9122.        8774.        8450.        8107.        7679.        7185.        6674.        6132.        5554.        4944.        4302.        3656.        3043.        2489.        1994.        1550.        1166.        856.9        616.1        426.8        285.0        186.1        118.9        73.30        43.81    


        Initial Model Before Inversion for Station       4
        ----------------------------------------------

 Layer  Resistivity  Depth  Thickness  Conductance
 -----  -----------  -----  ---------  -----------
   1      100.0       50.0     50.0     0.5000    
   2      10.00      100.0     50.0      5.000    
   3      100.0    

  Inversion of 5 Vtem stations - layer thicknesses - static starting model

  Begin time-domain inversion on vertical component for station   4
  Maximum iterations = 90

  Initial symmetric root mean square error =  111.96 percent.
  Initial RSVT (Relative Singular Value Threshold) =   0.100


        Model after  1 Iterations for Station       4
        -----------------------------------------

 Layer  Resistivity  Depth  Thickness  Conductance
 -----  -----------  -----  ---------  -----------
   1      89.04       28.0     28.0     0.3142    
   2      5.409       94.8     66.8      12.35    
   3      95.76    

  Symmetric RMS error =   69.46 percent.   RSVT =  0.050


        Model after  2 Iterations for Station       4
        -----------------------------------------

 Layer  Resistivity  Depth  Thickness  Conductance
 -----  -----------  -----  ---------  -----------
   1      95.85       34.6     34.6     0.3614    
   2      1.760       67.1     32.4      18.42    
   3      110.4    

  Symmetric RMS error =   29.34 percent.   RSVT =  0.025


        Model after  3 Iterations for Station       4
        -----------------------------------------

 Layer  Resistivity  Depth  Thickness  Conductance
 -----  -----------  -----  ---------  -----------
   1      100.6       32.9     32.9     0.3272    
   2     0.9320       51.6     18.6      19.99    
   3      117.1    

  Symmetric RMS error =    4.73 percent.   RSVT =  0.013


        Model after  4 Iterations for Station       4
        -----------------------------------------

 Layer  Resistivity  Depth  Thickness  Conductance
 -----  -----------  -----  ---------  -----------
   1      104.0       34.5     34.5     0.3318    
   2     0.6377       47.1     12.6      19.78    
   3      125.2    

  Symmetric RMS error =    2.28 percent.   RSVT =  0.010


        Model after  5 Iterations for Station       4
        -----------------------------------------

 Layer  Resistivity  Depth  Thickness  Conductance
 -----  -----------  -----  ---------  -----------
   1      106.2       35.1     35.1     0.3300    
   2     0.5113       45.1     10.1      19.72    
   3      134.7    

  Symmetric RMS error =    0.87 percent.   RSVT =  0.010


        Model after  6 Iterations for Station       4
        -----------------------------------------

 Layer  Resistivity  Depth  Thickness  Conductance
 -----  -----------  -----  ---------  -----------
   1      107.2       35.2     35.2     0.3285    
   2     0.4678       44.4      9.2      19.71    
   3      139.9    

  Symmetric RMS error =    0.32 percent.   RSVT =  0.010


        Model after  7 Iterations for Station       4
        -----------------------------------------

 Layer  Resistivity  Depth  Thickness  Conductance
 -----  -----------  -----  ---------  -----------
   1      107.8       35.3     35.3     0.3279    
   2     0.4470       44.1      8.8      19.69    
   3      142.9    

  Symmetric RMS error =    0.20 percent.   RSVT =  0.010


        Model after  8 Iterations for Station       4
        -----------------------------------------

 Layer  Resistivity  Depth  Thickness  Conductance
 -----  -----------  -----  ---------  -----------
   1      108.1       35.4     35.4     0.3275    
   2     0.4350       44.0      8.6      19.68    
   3      144.8    

  Symmetric RMS error =    0.15 percent.   RSVT =  0.010


        Model after  9 Iterations for Station       4
        -----------------------------------------

 Layer  Resistivity  Depth  Thickness  Conductance
 -----  -----------  -----  ---------  -----------
   1      108.3       35.5     35.5     0.3273    
   2     0.4275       43.9      8.4      19.67    
   3      146.1    

  Symmetric RMS error =    0.14 percent.   RSVT =  0.010


        Model after 10 Iterations for Station       4
        -----------------------------------------

 Layer  Resistivity  Depth  Thickness  Conductance
 -----  -----------  -----  ---------  -----------
   1      108.5       35.5     35.5     0.3271    
   2     0.4225       43.8      8.3      19.67    
   3      147.0    

  Symmetric RMS error =    0.13 percent.   RSVT =  0.010


        Model after 11 Iterations for Station       4
        -----------------------------------------

 Layer  Resistivity  Depth  Thickness  Conductance
 -----  -----------  -----  ---------  -----------
   1      108.6       35.5     35.5     0.3270    
   2     0.4191       43.8      8.2      19.67    
   3      147.6    

  Symmetric RMS error =    0.12 percent.   RSVT =  0.010

  --------------------------------------------------------------------
  Inversion terminated after 11 iterations because, the reduction in
  the RMS error from the last two iterations was less than 1 percent.
  ____________________________________________________________________

  ==================================================


        Final Model after 11 Iterations for Station       4
        ===============================================

 Layer  Resistivity  Depth  Thickness  Conductance
 -----  -----------  -----  ---------  -----------
   1      108.6       35.5     35.5     0.3270    
   2     0.4191       43.8      8.2      19.67    
   3      147.6    

  Parameter Importance
  --------------------
  RES_01    RES_02    RES_03   THICK_01  THICK_02
  0.03      0.77      0.13      1.00      0.74

                      Symmetric RMS error =     0.12 percent.
                    Noise to signal ratio =    0.001


      ERROR STRUCTURE OF FINAL MODEL
      ------------------------------

  For each station:
  ----------------
    The first line is the percent symmetric error.
    The second line is the model response.
    The third line is the data.


      VERTICAL COMPONENT STRUCTURE
      ----------------------------

       CHNL_1       CHNL_2       CHNL_3       CHNL_4       CHNL_5       CHNL_6       CHNL_7       CHNL_8       CHNL_9      CHNL_10      CHNL_11      CHNL_12      CHNL_13      CHNL_14      CHNL_15      CHNL_16      CHNL_17      CHNL_18      CHNL_19      CHNL_20      CHNL_21      CHNL_22      CHNL_23      CHNL_24      CHNL_25      CHNL_26 

   0.2492       0.8468E-01   0.2375E-01   0.7698E-02  -0.2374E-01  -0.2978E-01  -0.5078E-01  -0.6032E-01  -0.5879E-01  -0.6243E-01  -0.6012E-01  -0.6369E-01  -0.5673E-01  -0.3338E-01  -0.9592E-02   0.2935E-01   0.5145E-01   0.1055       0.1446       0.1772       0.1904       0.1857       0.1341       0.3784E-01  -0.1240      -0.3444    
   0.1084E+05   0.1041E+05   0.1001E+05    9628.        9226.        8725.        8145.        7549.        6916.        6245.        5539.        4801.        4061.        3363.        2736.        2180.        1685.        1260.        920.2        657.7        453.0        300.8        195.5        124.5        76.44        45.61    
   0.1087E+05   0.1042E+05   0.1001E+05    9629.        9224.        8722.        8141.        7544.        6912.        6241.        5536.        4798.        4059.        3362.        2736.        2181.        1686.        1261.        921.5        658.9        453.9        301.4        195.8        124.5        76.35        45.45    


        Initial Model Before Inversion for Station       5
        ----------------------------------------------

 Layer  Resistivity  Depth  Thickness  Conductance
 -----  -----------  -----  ---------  -----------
   1      100.0       50.0     50.0     0.5000    
   2      10.00      100.0     50.0      5.000    
   3      100.0    

  Inversion of 5 Vtem stations - layer thicknesses - static starting model

  Begin time-domain inversion on vertical component for station   5
  Maximum iterations = 90

  Initial symmetric root mean square error =  115.49 percent.
  Initial RSVT (Relative Singular Value Threshold) =   0.100


        Model after  1 Iterations for Station       5
        -----------------------------------------

 Layer  Resistivity  Depth  Thickness  Conductance
 -----  -----------  -----  ---------  -----------
   1      88.96       27.5     27.5     0.3094    
   2      5.453       93.7     66.2      12.13    
   3      95.33    

  Symmetric RMS error =   73.56 percent.   RSVT =  0.050


        Model after  2 Iterations for Station       5
        -----------------------------------------

 Layer  Resistivity  Depth  Thickness  Conductance
 -----  -----------  -----  ---------  -----------
   1      95.14       33.8     33.8     0.3554    
   2      1.813       67.1     33.3      18.36    
   3      110.2    

  Symmetric RMS error =   30.86 percent.   RSVT =  0.025


        Model after  3 Iterations for Station       5
        -----------------------------------------

 Layer  Resistivity  Depth  Thickness  Conductance
 -----  -----------  -----  ---------  -----------
   1      99.64       32.9     32.9     0.3305    
   2     0.9393       51.7     18.8      19.99    
   3      116.9    

  Symmetric RMS error =    5.44 percent.   RSVT =  0.013


        Model after  4 Iterations for Station       5
        -----------------------------------------

 Layer  Resistivity  Depth  Thickness  Conductance
 -----  -----------  -----  ---------  -----------
   1      102.9       34.5     34.5     0.3353    
   2     0.6373       47.1     12.6      19.78    
   3      125.1    

  Symmetric RMS error =    2.49 percent.   RSVT =  0.010


        Model after  5 Iterations for Station       5
        -----------------------------------------

 Layer  Resistivity  Depth  Thickness  Conductance
 -----  -----------  -----  ---------  -----------
   1      105.0       35.0     35.0     0.3338    
   2     0.5115       45.1     10.1      19.73    
   3      134.2    

  Symmetric RMS error =    0.90 percent.   RSVT =  0.010


        Model after  6 Iterations for Station       5
        -----------------------------------------

 Layer  Resistivity  Depth  Thickness  Conductance
 -----  -----------  -----  ---------  -----------
   1      106.0       35.2     35.2     0.3323    
   2     0.4688       44.5      9.2      19.71    
   3      139.1    

  Symmetric RMS error =    0.33 percent.   RSVT =  0.010


        Model after  7 Iterations for Station       5
        -----------------------------------------

 Layer  Resistivity  Depth  Thickness  Conductance
 -----  -----------  -----  ---------  -----------
   1      106.5       35.3     35.3     0.3318    
   2     0.4487       44.2      8.8      19.69    
   3      141.9    

  Symmetric RMS error =    0.21 percent.   RSVT =  0.010


        Model after  8 Iterations for Station       5
        -----------------------------------------

 Layer  Resistivity  Depth  Thickness  Conductance
 -----  -----------  -----  ---------  -----------
   1      106.8       35.4     35.4     0.3315    
   2     0.4373       44.0      8.6      19.68    
   3      143.6    

  Symmetric RMS error =    0.16 percent.   RSVT =  0.010


        Model after  9 Iterations for Station       5
        -----------------------------------------

 Layer  Resistivity  Depth  Thickness  Conductance
 -----  -----------  -----  ---------  -----------
   1      107.0       35.5     35.5     0.3313    
   2     0.4302       43.9      8.5      19.67    
   3      144.7    

  Symmetric RMS error =    0.15 percent.   RSVT =  0.010


        Model after 10 Iterations for Station       5
        -----------------------------------------

 Layer  Resistivity  Depth  Thickness  Conductance
 -----  -----------  -----  ---------  -----------
   1      107.1       35.5     35.5     0.3312    
   2     0.4256       43.9      8.4      19.67    
   3      145.5    

  Symmetric RMS error =    0.14 percent.   RSVT =  0.010


        Model after 11 Iterations for Station       5
        -----------------------------------------

 Layer  Resistivity  Depth  Thickness  Conductance
 -----  -----------  -----  ---------  -----------
   1      107.2       35.5     35.5     0.3311    
   2     0.4226       43.8      8.3      19.66    
   3      146.0    

  Symmetric RMS error =    0.13 percent.   RSVT =  0.010

  --------------------------------------------------------------------
  Inversion terminated after 11 iterations because, the reduction in
  the RMS error from the last two iterations was less than 1 percent.
  ____________________________________________________________________

  ==================================================


        Final Model after 11 Iterations for Station       5
        ===============================================

 Layer  Resistivity  Depth  Thickness  Conductance
 -----  -----------  -----  ---------  -----------
   1      107.2       35.5     35.5     0.3311    
   2     0.4226       43.8      8.3      19.66    
   3      146.0    

  Parameter Importance
  --------------------
  RES_01    RES_02    RES_03   THICK_01  THICK_02
  0.03      0.77      0.13      1.00      0.74

                      Symmetric RMS error =     0.13 percent.
                    Noise to signal ratio =    0.001


      ERROR STRUCTURE OF FINAL MODEL
      ------------------------------

  For each station:
  ----------------
    The first line is the percent symmetric error.
    The second line is the model response.
    The third line is the data.


      VERTICAL COMPONENT STRUCTURE
      ----------------------------

       CHNL_1       CHNL_2       CHNL_3       CHNL_4       CHNL_5       CHNL_6       CHNL_7       CHNL_8       CHNL_9      CHNL_10      CHNL_11      CHNL_12      CHNL_13      CHNL_14      CHNL_15      CHNL_16      CHNL_17      CHNL_18      CHNL_19      CHNL_20      CHNL_21      CHNL_22      CHNL_23      CHNL_24      CHNL_25      CHNL_26 

   0.2705       0.1224       0.6501E-01   0.8781E-02  -0.4092E-01  -0.5471E-01  -0.7110E-01  -0.1065      -0.8102E-01  -0.7840E-01  -0.7684E-01  -0.6895E-01  -0.5214E-01  -0.4114E-01   0.5460E-03   0.3860E-01   0.8143E-01   0.1202       0.1354       0.1854       0.1951       0.1909       0.1527       0.4280E-02  -0.1317      -0.3679    
   0.1513E+05   0.1447E+05   0.1386E+05   0.1329E+05   0.1269E+05   0.1194E+05   0.1108E+05   0.1020E+05    9280.        8312.        7306.        6266.        5240.        4286.        3443.        2708.        2064.        1521.        1096.        772.4        524.7        343.6        220.6        138.7        84.22        49.75    
   0.1517E+05   0.1449E+05   0.1387E+05   0.1329E+05   0.1268E+05   0.1193E+05   0.1107E+05   0.1019E+05    9272.        8305.        7300.        6262.        5237.        4284.        3443.        2709.        2066.        1523.        1097.        773.8        525.7        344.3        220.9        138.7        84.11        49.57    


  Airbeo inversion completed at 14:08 on 13 JUL 2016

  Computation time =       2.68 seconds.


