

  Airbeo task started at 15:38 on 23 NOV 2012



      ######################################################################
      #                                                                    #
      #                 Airbeo - Version 4.7.1  22 November, 2012          #        
      #                 ---------------------------------------            #        
      #                                                                    #
      #      Develped by:  CSIRO Electromagnetic Modelling Group           #
      #                    Art Raiche, Fred Sugeng & Glenn Wilson          #
      #                                                                    #
      #              For:  AMIRA project P223F                             #
      #                                                                    #
      ######################################################################

          INPUT DATA
          ----------

 Inversion of 5 Spectrem stations - (layer thicknesses) 0 weights                                                        
 1 -1 1 0          ! TDFD, DO1D, PRFL, ISTOP                                                                             
 1 4 1 1 8 1 0     ! ISW, NSX, STEP, UNITS, NCHNL, KRXW, OFFTIME                                                         
 0 0                                                                                                                     
 0.0001 -1000                                                                                                            
 6.8999 -1000                                                                                                            
 6.9 0             ! TXON, WAVEFORM(4)                                                                                   
 0.026 0.026                                                                                                             
 0.052 0.078                                                                                                             
 0.104 0.182                                                                                                             
 0.208 0.391                                                                                                             
 0.417 0.807                                                                                                             
 0.833 1.641                                                                                                             
 1.667 3.307                                                                                                             
 3.333 6.641            ! TOPN, TCLS(8)                                                                                  
 2 2 123                ! TXCLN, CMP, KPPM                                                                               
 3		       ! NPPF: ppm output                                                                                            
 400 1                  ! TXAREA NTRN                                                                                    
 36 123 0               ! ZRX, XRX, YRX(1)                                                                               
 1                      ! NPASS                                                                                          
 3 1 2 0                ! NLAYER, QLYR, NLITH, GND_LEVEL                                                                 
 100 -1 1 1 0 0 0       ! RES, SIG_T, RMU, REPS, CHRG, CTAU, CFREQ(1) - basement                                         
 10  -1 1 1 0 0 1       ! RES, SIG_T, RMU, REPS, CHRG, CTAU, CFREQ(10) -                                                 
 1 50.                  ! LITH, THICK                                                                                    
 2 50                   ! LITH,THICK                                                                                     
 1		       ! Basement                                                                                                    
 90 1 0 1 2             ! MAXITS, CNVRG, NFIX, MV1PRT, OUTPRT                                                            
                                                                                                                         
-------------------------------------------------------------------------------

 Inversion of 5 Spectrem stations - (layer thicknesses) 0 weights

  TDFD =  1   DO1D =  1   PRFL =  1    ISTOP = 0
  ISW =   1   NSX =   4   STEP = 1    UNITS =   1  NCHNL =   8
  KRXW =  1   OFFTYM =   0.000    


         +----------------------------------------------
         +    Time-Domain AEM Step System Input Data    
         +        B output will be in nT
         +----------------------------------------------


                          Transmitter current
           TXON (ms)      waveform in amps
           ---------      -----------------

      1        0.000         0.000    
      2        0.000        -1000.    
      3        6.900        -1000.    
      4        6.900         0.000    

         Receiver Window Specifications (ms)
         -----------------------------------

       Window     Open        Close      Width      Centre
       ------     ----        -----      -----      ------
          1       0.026       0.026      0.000       0.026
          2       0.052       0.078      0.026       0.065
          3       0.104       0.182      0.078       0.143
          4       0.208       0.391      0.183       0.299
          5       0.417       0.807      0.390       0.612
          6       0.833       1.641      0.808       1.237
          7       1.667       3.307      1.640       2.487
          8       3.333       6.641      3.308       4.987

  CMP =  2    KPPM = 123
  Inclination angle of transmitter in level flight =  2.0 degrees (front up)

  Tx area =     400 m^2;    NTRN = 1

  Initial Rx offset relative to Tx:   36.0 Below,  123.0 Behind,   0.0 Left


  NLAYER =  3;   NLITH =  2;   GND_LVL =    0.00


                          LITHOLOGY PROPERTIES
                          --------------------

                                  Relative   Relative     Cole-Cole Parameters
        Resistivity  Conductance     MU     Dielectric   CHRG    CTAU       CFREQ

   1      100.0         -1.0       1.000      1.000      0.00    0.00        0.00
   2      10.00         -1.0       1.000      1.000      0.00    0.00        1.00


  LAYERED EARTH INPUT DATA
  ------------------------

   1   1   50.0   J, LITH(J), THK(J)
   2   2   50.0   J, LITH(J), THK(J)
   3   1             Basement Lithology


  -------------------------
  Inversion Controls & Data
  -------------------------

  Joint Inversion of Time-Domain Vertical & In-Line Component Data
  The data to be inverted has been normalised to ppm

  The same starting model will be used for all inversions

  NPAR =  5   MCHNL = 16
  MAXITS = 90   CNVRG = 1   NFIX =  0   MV1PRT = 1   OUTPRT = 2
  Airbeo will run until the error can no longer be reduced or after 90 iterations,
  whichever comes first.

  All model parameters will be allowed to vary during inversion

  NSTAT =   5   SURVEY = 2   BAROMTRC = 1   KCMP =  31   ORDER = 1

  Time-Domain Data Floor =   0.000     ppm

  N0STAT =   0   N0CHNL =  0   N0PTS =   0


     Line   Station   Bearing     East       North     Alt         Vertical Component Data
     ----   -------   -------     ----       -----     ---         -----------------------
     4000      1        90.      6025.0      7900.0    105.0   0.1629E+06   0.1563E+06   0.1489E+06   0.1362E+06   0.1141E+06   0.8110E+05   0.4393E+05   0.1648E+05
     4000      2        90.      6050.0      7900.0    115.0   0.1414E+06   0.1356E+06   0.1291E+06   0.1181E+06   0.9909E+05   0.7090E+05   0.3904E+05   0.1502E+05
     4000      3        90.      6075.0      7900.0    120.0   0.1316E+06   0.1262E+06   0.1202E+06   0.1100E+06   0.9241E+05   0.6637E+05   0.3684E+05   0.1436E+05
     4000      4        90.      6100.0      7900.0    112.0   0.1475E+06   0.1415E+06   0.1348E+06   0.1233E+06   0.1034E+06   0.7379E+05   0.4043E+05   0.1544E+05
     4000      5        90.      6125.0      7900.0    105.0   0.1629E+06   0.1563E+06   0.1489E+06   0.1362E+06   0.1141E+06   0.8110E+05   0.4393E+05   0.1648E+05


     Line   Station   Bearing     East       North     Alt         Horizontal In-line Component Data
     ----   -------   -------     ----       -----     ---         ----------------------------------
     4000      1        90.      6025.0      7900.0    105.0   0.1566E+06   0.1466E+06   0.1350E+06   0.1164E+06   0.8779E+05   0.5261E+05   0.2220E+05    5973.    
     4000      2        90.      6050.0      7900.0    115.0   0.1235E+06   0.1159E+06   0.1071E+06   0.9287E+05   0.7087E+05   0.4334E+05   0.1887E+05    5279.    
     4000      3        90.      6075.0      7900.0    120.0   0.1101E+06   0.1034E+06   0.9574E+05   0.8325E+05   0.6387E+05   0.3944E+05   0.1743E+05    4969.    
     4000      4        90.      6100.0      7900.0    112.0   0.1325E+06   0.1242E+06   0.1147E+06   0.9928E+05   0.7550E+05   0.4590E+05   0.1980E+05    5476.    
     4000      5        90.      6125.0      7900.0    105.0   0.1566E+06   0.1466E+06   0.1350E+06   0.1164E+06   0.8779E+05   0.5261E+05   0.2220E+05    5973.    

  Time-Domain Data Floor =   0.000     ppm

  Station   Vertical Weights
  -------   ----------------
         1   1 1 1 1 1 1 1 1
         2   1 1 1 1 1 1 1 1
         3   1 1 1 1 1 1 1 1
         4   1 1 1 1 1 1 1 1
         5   1 1 1 1 1 1 1 1

  Station   Horizontal In-line Weights
  -------   --------------------------
         1   1 1 1 1 1 1 1 1
         2   1 1 1 1 1 1 1 1
         3   1 1 1 1 1 1 1 1
         4   1 1 1 1 1 1 1 1
         5   1 1 1 1 1 1 1 1


                              Normalisation in ppm 
                              Primary field units are nT  

                     Vertical primary =  -15.03    
                      In-line primary =  -14.19    
                   Transverse primary =   0.000    
                        Total primary =   20.67    

          Each component is normalised to its corresponding primary field
                         In-line norm =  0.7047E+05
                      Transverse norm =  0.4838E+05
                        Vertical norm =  0.6653E+05


        Initial Model Before Inversion for Station       1
        ----------------------------------------------

 Layer  Resistivity  Depth  Thickness  Conductance
 -----  -----------  -----  ---------  -----------
   1      100.0       50.0     50.0     0.5000    
   2      10.00      100.0     50.0      5.000    
   3      100.0    

  Inversion of 5 Spectrem stations - (layer thicknesses) 0 weights

  Begin time-domain inversion on joint vertical and in-line components for station   1
  Maximum iterations = 90

  Initial symmetric root mean square error =   93.71 percent.
  Initial RSVT (Relative Singular Value Threshold) =   0.100


        Model after  1 Iterations for Station       1
        -----------------------------------------

 Layer  Resistivity  Depth  Thickness  Conductance
 -----  -----------  -----  ---------  -----------
   1      85.73       26.7     26.7     0.3114    
   2      5.600       93.6     66.9      11.95    
   3      93.64    

  Symmetric RMS error =   54.68 percent.   RSVT =  0.050


        Model after  2 Iterations for Station       1
        -----------------------------------------

 Layer  Resistivity  Depth  Thickness  Conductance
 -----  -----------  -----  ---------  -----------
   1      100.8       29.7     29.7     0.2948    
   2      2.239       71.7     42.0      18.76    
   3      109.8    

  Symmetric RMS error =   16.36 percent.   RSVT =  0.025


        Model after  3 Iterations for Station       1
        -----------------------------------------

 Layer  Resistivity  Depth  Thickness  Conductance
 -----  -----------  -----  ---------  -----------
   1      118.8       33.0     33.0     0.2777    
   2      1.106       54.8     21.8      19.68    
   3      119.0    

  Symmetric RMS error =    5.19 percent.   RSVT =  0.013


        Model after  4 Iterations for Station       1
        -----------------------------------------

 Layer  Resistivity  Depth  Thickness  Conductance
 -----  -----------  -----  ---------  -----------
   1      137.6       33.9     33.9     0.2464    
   2     0.7102       47.9     14.0      19.65    
   3      128.9    

  Symmetric RMS error =    1.73 percent.   RSVT =  0.010


        Model after  5 Iterations for Station       1
        -----------------------------------------

 Layer  Resistivity  Depth  Thickness  Conductance
 -----  -----------  -----  ---------  -----------
   1      146.8       34.2     34.2     0.2333    
   2     0.5822       45.7     11.5      19.70    
   3      136.4    

  Symmetric RMS error =    0.54 percent.   RSVT =  0.010


        Model after  6 Iterations for Station       1
        -----------------------------------------

 Layer  Resistivity  Depth  Thickness  Conductance
 -----  -----------  -----  ---------  -----------
   1      149.8       34.4     34.4     0.2294    
   2     0.5445       45.1     10.7      19.72    
   3      140.0    

  Symmetric RMS error =    0.33 percent.   RSVT =  0.010


        Model after  7 Iterations for Station       1
        -----------------------------------------

 Layer  Resistivity  Depth  Thickness  Conductance
 -----  -----------  -----  ---------  -----------
   1      150.9       34.4     34.4     0.2281    
   2     0.5292       44.9     10.4      19.72    
   3      141.9    

  Symmetric RMS error =    0.31 percent.   RSVT =  0.010


        Model after  8 Iterations for Station       1
        -----------------------------------------

 Layer  Resistivity  Depth  Thickness  Conductance
 -----  -----------  -----  ---------  -----------
   1      151.4       34.5     34.5     0.2277    
   2     0.5220       44.8     10.3      19.72    
   3      143.2    

  Symmetric RMS error =    0.31 percent.   RSVT =  0.010


        Model after  9 Iterations for Station       1
        -----------------------------------------

 Layer  Resistivity  Depth  Thickness  Conductance
 -----  -----------  -----  ---------  -----------
   1      151.5       34.5     34.5     0.2277    
   2     0.5183       44.7     10.2      19.72    
   3      144.1    

  Symmetric RMS error =    0.31 percent.   RSVT =  0.010


        Model after 10 Iterations for Station       1
        -----------------------------------------

 Layer  Resistivity  Depth  Thickness  Conductance
 -----  -----------  -----  ---------  -----------
   1      151.4       34.5     34.5     0.2279    
   2     0.5165       44.7     10.2      19.72    
   3      144.8    

  Symmetric RMS error =    0.30 percent.   RSVT =  0.010


        Model after 11 Iterations for Station       1
        -----------------------------------------

 Layer  Resistivity  Depth  Thickness  Conductance
 -----  -----------  -----  ---------  -----------
   1      151.2       34.5     34.5     0.2282    
   2     0.5156       44.7     10.2      19.72    
   3      145.4    

  Symmetric RMS error =    0.30 percent.   RSVT =  0.010

  --------------------------------------------------------------------
  Inversion terminated after 11 iterations because, the reduction in
  the RMS error from the last two iterations was less than 1 percent.
  ____________________________________________________________________

  ==================================================


        Final Model after 11 Iterations for Station       1
        ===============================================

 Layer  Resistivity  Depth  Thickness  Conductance
 -----  -----------  -----  ---------  -----------
   1      151.2       34.5     34.5     0.2282    
   2     0.5156       44.7     10.2      19.72    
   3      145.4    

  Parameter Importance
  --------------------
  RES_01    RES_02    RES_03   THICK_01  THICK_02
  0.12      0.81      0.12      1.00      0.78

                      Symmetric RMS error =     0.30 percent.
                    Noise to signal ratio =    0.004


      ERROR STRUCTURE OF FINAL MODEL
      ------------------------------

  For each station:
  ----------------
    The first line is the percent symmetric error.
    The second line is the model response.
    The third line is the data.


      VERTICAL COMPONENT STRUCTURE
      ----------------------------

       CHNL_1       CHNL_2       CHNL_3       CHNL_4       CHNL_5       CHNL_6       CHNL_7       CHNL_8 

   0.5354      -0.7072E-01  -0.1184      -0.7261E-01  -0.6402E-02   0.1266       0.7135E-01  -0.6310    
   0.1620E+06   0.1564E+06   0.1491E+06   0.1363E+06   0.1141E+06   0.8100E+05   0.4390E+05   0.1658E+05
   0.1629E+06   0.1563E+06   0.1489E+06   0.1362E+06   0.1141E+06   0.8110E+05   0.4393E+05   0.1648E+05


      IN-LINE COMPONENT STRUCTURE
      ---------------------------

       CHNL_1       CHNL_2       CHNL_3       CHNL_4       CHNL_5       CHNL_6       CHNL_7       CHNL_8 

   0.3129      -0.3517      -0.3802      -0.1851       0.2557E-01   0.3258       0.4806      -0.2525E-01
   0.1561E+06   0.1471E+06   0.1355E+06   0.1166E+06   0.8777E+05   0.5244E+05   0.2209E+05    5975.    
   0.1566E+06   0.1466E+06   0.1350E+06   0.1164E+06   0.8779E+05   0.5261E+05   0.2220E+05    5973.    


        Initial Model Before Inversion for Station       2
        ----------------------------------------------

 Layer  Resistivity  Depth  Thickness  Conductance
 -----  -----------  -----  ---------  -----------
   1      100.0       50.0     50.0     0.5000    
   2      10.00      100.0     50.0      5.000    
   3      100.0    

  Inversion of 5 Spectrem stations - (layer thicknesses) 0 weights

  Begin time-domain inversion on joint vertical and in-line components for station   2
  Maximum iterations = 90

  Initial symmetric root mean square error =   92.29 percent.
  Initial RSVT (Relative Singular Value Threshold) =   0.100


        Model after  1 Iterations for Station       2
        -----------------------------------------

 Layer  Resistivity  Depth  Thickness  Conductance
 -----  -----------  -----  ---------  -----------
   1      85.84       26.6     26.6     0.3096    
   2      5.548       93.7     67.1      12.10    
   3      94.00    

  Symmetric RMS error =   52.44 percent.   RSVT =  0.050


        Model after  2 Iterations for Station       2
        -----------------------------------------

 Layer  Resistivity  Depth  Thickness  Conductance
 -----  -----------  -----  ---------  -----------
   1      101.1       29.9     29.9     0.2955    
   2      2.212       71.7     41.8      18.89    
   3      110.2    

  Symmetric RMS error =   15.23 percent.   RSVT =  0.025


        Model after  3 Iterations for Station       2
        -----------------------------------------

 Layer  Resistivity  Depth  Thickness  Conductance
 -----  -----------  -----  ---------  -----------
   1      119.6       33.0     33.0     0.2757    
   2      1.099       54.6     21.6      19.64    
   3      119.5    

  Symmetric RMS error =    4.95 percent.   RSVT =  0.013


        Model after  4 Iterations for Station       2
        -----------------------------------------

 Layer  Resistivity  Depth  Thickness  Conductance
 -----  -----------  -----  ---------  -----------
   1      138.6       33.9     33.9     0.2448    
   2     0.7064       47.8     13.9      19.64    
   3      129.5    

  Symmetric RMS error =    1.66 percent.   RSVT =  0.010


        Model after  5 Iterations for Station       2
        -----------------------------------------

 Layer  Resistivity  Depth  Thickness  Conductance
 -----  -----------  -----  ---------  -----------
   1      147.8       34.2     34.2     0.2317    
   2     0.5800       45.7     11.4      19.69    
   3      137.2    

  Symmetric RMS error =    0.53 percent.   RSVT =  0.010


        Model after  6 Iterations for Station       2
        -----------------------------------------

 Layer  Resistivity  Depth  Thickness  Conductance
 -----  -----------  -----  ---------  -----------
   1      150.8       34.4     34.4     0.2278    
   2     0.5427       45.1     10.7      19.71    
   3      140.8    

  Symmetric RMS error =    0.33 percent.   RSVT =  0.010


        Model after  7 Iterations for Station       2
        -----------------------------------------

 Layer  Resistivity  Depth  Thickness  Conductance
 -----  -----------  -----  ---------  -----------
   1      152.0       34.4     34.4     0.2265    
   2     0.5276       44.8     10.4      19.71    
   3      142.8    

  Symmetric RMS error =    0.31 percent.   RSVT =  0.010


        Model after  8 Iterations for Station       2
        -----------------------------------------

 Layer  Resistivity  Depth  Thickness  Conductance
 -----  -----------  -----  ---------  -----------
   1      152.4       34.5     34.5     0.2261    
   2     0.5204       44.7     10.3      19.71    
   3      144.1    

  Symmetric RMS error =    0.30 percent.   RSVT =  0.010


        Model after  9 Iterations for Station       2
        -----------------------------------------

 Layer  Resistivity  Depth  Thickness  Conductance
 -----  -----------  -----  ---------  -----------
   1      152.5       34.5     34.5     0.2261    
   2     0.5168       44.7     10.2      19.71    
   3      145.0    

  Symmetric RMS error =    0.30 percent.   RSVT =  0.010


        Model after 10 Iterations for Station       2
        -----------------------------------------

 Layer  Resistivity  Depth  Thickness  Conductance
 -----  -----------  -----  ---------  -----------
   1      152.5       34.5     34.5     0.2263    
   2     0.5150       44.6     10.2      19.71    
   3      145.8    

  Symmetric RMS error =    0.30 percent.   RSVT =  0.010


        Model after 11 Iterations for Station       2
        -----------------------------------------

 Layer  Resistivity  Depth  Thickness  Conductance
 -----  -----------  -----  ---------  -----------
   1      152.3       34.5     34.5     0.2266    
   2     0.5141       44.6     10.1      19.71    
   3      146.5    

  Symmetric RMS error =    0.30 percent.   RSVT =  0.010

  --------------------------------------------------------------------
  Inversion terminated after 11 iterations because, the reduction in
  the RMS error from the last two iterations was less than 1 percent.
  ____________________________________________________________________

  ==================================================


        Final Model after 11 Iterations for Station       2
        ===============================================

 Layer  Resistivity  Depth  Thickness  Conductance
 -----  -----------  -----  ---------  -----------
   1      152.3       34.5     34.5     0.2266    
   2     0.5141       44.6     10.1      19.71    
   3      146.5    

  Parameter Importance
  --------------------
  RES_01    RES_02    RES_03   THICK_01  THICK_02
  0.12      0.81      0.13      1.00      0.78

                      Symmetric RMS error =     0.30 percent.
                    Noise to signal ratio =    0.004


      ERROR STRUCTURE OF FINAL MODEL
      ------------------------------

  For each station:
  ----------------
    The first line is the percent symmetric error.
    The second line is the model response.
    The third line is the data.


      VERTICAL COMPONENT STRUCTURE
      ----------------------------

       CHNL_1       CHNL_2       CHNL_3       CHNL_4       CHNL_5       CHNL_6       CHNL_7       CHNL_8 

   0.5512      -0.6436E-01  -0.1204      -0.3336E-01   0.3575E-01   0.1383       0.9279E-01  -0.6172    
   0.1406E+06   0.1357E+06   0.1293E+06   0.1181E+06   0.9905E+05   0.7080E+05   0.3900E+05   0.1511E+05
   0.1414E+06   0.1356E+06   0.1291E+06   0.1181E+06   0.9909E+05   0.7090E+05   0.3904E+05   0.1502E+05


      IN-LINE COMPONENT STRUCTURE
      ---------------------------

       CHNL_1       CHNL_2       CHNL_3       CHNL_4       CHNL_5       CHNL_6       CHNL_7       CHNL_8 

   0.2833      -0.3662      -0.3739      -0.2138       0.1819E-01   0.3061       0.4738      -0.3118E-01
   0.1232E+06   0.1163E+06   0.1075E+06   0.9307E+05   0.7086E+05   0.4321E+05   0.1878E+05    5281.    
   0.1235E+06   0.1159E+06   0.1071E+06   0.9287E+05   0.7087E+05   0.4334E+05   0.1887E+05    5279.    


        Initial Model Before Inversion for Station       3
        ----------------------------------------------

 Layer  Resistivity  Depth  Thickness  Conductance
 -----  -----------  -----  ---------  -----------
   1      100.0       50.0     50.0     0.5000    
   2      10.00      100.0     50.0      5.000    
   3      100.0    

  Inversion of 5 Spectrem stations - (layer thicknesses) 0 weights

  Begin time-domain inversion on joint vertical and in-line components for station   3
  Maximum iterations = 90

  Initial symmetric root mean square error =   91.56 percent.
  Initial RSVT (Relative Singular Value Threshold) =   0.100


        Model after  1 Iterations for Station       3
        -----------------------------------------

 Layer  Resistivity  Depth  Thickness  Conductance
 -----  -----------  -----  ---------  -----------
   1      85.91       26.5     26.5     0.3090    
   2      5.524       93.8     67.3      12.18    
   3      94.17    

  Symmetric RMS error =   51.35 percent.   RSVT =  0.050


        Model after  2 Iterations for Station       3
        -----------------------------------------

 Layer  Resistivity  Depth  Thickness  Conductance
 -----  -----------  -----  ---------  -----------
   1      101.3       29.9     29.9     0.2957    
   2      2.202       71.7     41.7      18.95    
   3      110.3    

  Symmetric RMS error =   14.69 percent.   RSVT =  0.025


        Model after  3 Iterations for Station       3
        -----------------------------------------

 Layer  Resistivity  Depth  Thickness  Conductance
 -----  -----------  -----  ---------  -----------
   1      120.0       33.0     33.0     0.2749    
   2      1.097       54.5     21.5      19.63    
   3      119.6    

  Symmetric RMS error =    4.83 percent.   RSVT =  0.013


        Model after  4 Iterations for Station       3
        -----------------------------------------

 Layer  Resistivity  Depth  Thickness  Conductance
 -----  -----------  -----  ---------  -----------
   1      139.0       33.9     33.9     0.2440    
   2     0.7063       47.8     13.9      19.63    
   3      129.7    

  Symmetric RMS error =    1.62 percent.   RSVT =  0.010


        Model after  5 Iterations for Station       3
        -----------------------------------------

 Layer  Resistivity  Depth  Thickness  Conductance
 -----  -----------  -----  ---------  -----------
   1      148.2       34.2     34.2     0.2310    
   2     0.5809       45.7     11.4      19.69    
   3      137.4    

  Symmetric RMS error =    0.51 percent.   RSVT =  0.010


        Model after  6 Iterations for Station       3
        -----------------------------------------

 Layer  Resistivity  Depth  Thickness  Conductance
 -----  -----------  -----  ---------  -----------
   1      151.2       34.4     34.4     0.2271    
   2     0.5441       45.1     10.7      19.71    
   3      140.9    

  Symmetric RMS error =    0.31 percent.   RSVT =  0.010


        Model after  7 Iterations for Station       3
        -----------------------------------------

 Layer  Resistivity  Depth  Thickness  Conductance
 -----  -----------  -----  ---------  -----------
   1      152.4       34.4     34.4     0.2259    
   2     0.5293       44.8     10.4      19.71    
   3      142.9    

  Symmetric RMS error =    0.29 percent.   RSVT =  0.010


        Model after  8 Iterations for Station       3
        -----------------------------------------

 Layer  Resistivity  Depth  Thickness  Conductance
 -----  -----------  -----  ---------  -----------
   1      152.8       34.5     34.5     0.2255    
   2     0.5223       44.7     10.3      19.71    
   3      144.1    

  Symmetric RMS error =    0.29 percent.   RSVT =  0.010


        Model after  9 Iterations for Station       3
        -----------------------------------------

 Layer  Resistivity  Depth  Thickness  Conductance
 -----  -----------  -----  ---------  -----------
   1      152.9       34.5     34.5     0.2255    
   2     0.5189       44.7     10.2      19.71    
   3      145.0    

  Symmetric RMS error =    0.29 percent.   RSVT =  0.010


        Model after 10 Iterations for Station       3
        -----------------------------------------

 Layer  Resistivity  Depth  Thickness  Conductance
 -----  -----------  -----  ---------  -----------
   1      152.8       34.5     34.5     0.2256    
   2     0.5171       44.7     10.2      19.71    
   3      145.8    

  Symmetric RMS error =    0.29 percent.   RSVT =  0.010


        Model after 11 Iterations for Station       3
        -----------------------------------------

 Layer  Resistivity  Depth  Thickness  Conductance
 -----  -----------  -----  ---------  -----------
   1      152.6       34.5     34.5     0.2259    
   2     0.5163       44.7     10.2      19.71    
   3      146.4    

  Symmetric RMS error =    0.29 percent.   RSVT =  0.010

  --------------------------------------------------------------------
  Inversion terminated after 11 iterations because, the reduction in
  the RMS error from the last two iterations was less than 1 percent.
  ____________________________________________________________________

  ==================================================


        Final Model after 11 Iterations for Station       3
        ===============================================

 Layer  Resistivity  Depth  Thickness  Conductance
 -----  -----------  -----  ---------  -----------
   1      152.6       34.5     34.5     0.2259    
   2     0.5163       44.7     10.2      19.71    
   3      146.4    

  Parameter Importance
  --------------------
  RES_01    RES_02    RES_03   THICK_01  THICK_02
  0.13      0.81      0.13      1.00      0.78

                      Symmetric RMS error =     0.29 percent.
                    Noise to signal ratio =    0.004


      ERROR STRUCTURE OF FINAL MODEL
      ------------------------------

  For each station:
  ----------------
    The first line is the percent symmetric error.
    The second line is the model response.
    The third line is the data.


      VERTICAL COMPONENT STRUCTURE
      ----------------------------

       CHNL_1       CHNL_2       CHNL_3       CHNL_4       CHNL_5       CHNL_6       CHNL_7       CHNL_8 

   0.5008      -0.1066      -0.1175      -0.1849E-01   0.4843E-01   0.1415       0.7962E-01  -0.5664    
   0.1309E+06   0.1263E+06   0.1203E+06   0.1100E+06   0.9237E+05   0.6628E+05   0.3681E+05   0.1444E+05
   0.1316E+06   0.1262E+06   0.1202E+06   0.1100E+06   0.9241E+05   0.6637E+05   0.3684E+05   0.1436E+05


      IN-LINE COMPONENT STRUCTURE
      ---------------------------

       CHNL_1       CHNL_2       CHNL_3       CHNL_4       CHNL_5       CHNL_6       CHNL_7       CHNL_8 

   0.2983      -0.3782      -0.3387      -0.1956       0.1330E-01   0.2914       0.4549      -0.4861E-01
   0.1098E+06   0.1038E+06   0.9606E+05   0.8341E+05   0.6386E+05   0.3933E+05   0.1735E+05    4971.    
   0.1101E+06   0.1034E+06   0.9574E+05   0.8325E+05   0.6387E+05   0.3944E+05   0.1743E+05    4969.    


        Initial Model Before Inversion for Station       4
        ----------------------------------------------

 Layer  Resistivity  Depth  Thickness  Conductance
 -----  -----------  -----  ---------  -----------
   1      100.0       50.0     50.0     0.5000    
   2      10.00      100.0     50.0      5.000    
   3      100.0    

  Inversion of 5 Spectrem stations - (layer thicknesses) 0 weights

  Begin time-domain inversion on joint vertical and in-line components for station   4
  Maximum iterations = 90

  Initial symmetric root mean square error =   92.72 percent.
  Initial RSVT (Relative Singular Value Threshold) =   0.100


        Model after  1 Iterations for Station       4
        -----------------------------------------

 Layer  Resistivity  Depth  Thickness  Conductance
 -----  -----------  -----  ---------  -----------
   1      85.82       26.6     26.6     0.3100    
   2      5.563       93.7     67.1      12.06    
   3      93.91    

  Symmetric RMS error =   53.10 percent.   RSVT =  0.050


        Model after  2 Iterations for Station       4
        -----------------------------------------

 Layer  Resistivity  Depth  Thickness  Conductance
 -----  -----------  -----  ---------  -----------
   1      101.1       29.9     29.9     0.2953    
   2      2.218       71.7     41.8      18.85    
   3      110.1    

  Symmetric RMS error =   15.56 percent.   RSVT =  0.025


        Model after  3 Iterations for Station       4
        -----------------------------------------

 Layer  Resistivity  Depth  Thickness  Conductance
 -----  -----------  -----  ---------  -----------
   1      119.5       33.0     33.0     0.2762    
   2      1.099       54.6     21.6      19.65    
   3      119.4    

  Symmetric RMS error =    5.02 percent.   RSVT =  0.013


        Model after  4 Iterations for Station       4
        -----------------------------------------

 Layer  Resistivity  Depth  Thickness  Conductance
 -----  -----------  -----  ---------  -----------
   1      138.5       33.9     33.9     0.2450    
   2     0.7053       47.8     13.8      19.64    
   3      129.4    

  Symmetric RMS error =    1.69 percent.   RSVT =  0.010


        Model after  5 Iterations for Station       4
        -----------------------------------------

 Layer  Resistivity  Depth  Thickness  Conductance
 -----  -----------  -----  ---------  -----------
   1      147.8       34.3     34.3     0.2318    
   2     0.5782       45.6     11.4      19.69    
   3      137.1    

  Symmetric RMS error =    0.53 percent.   RSVT =  0.010


        Model after  6 Iterations for Station       4
        -----------------------------------------

 Layer  Resistivity  Depth  Thickness  Conductance
 -----  -----------  -----  ---------  -----------
   1      150.8       34.4     34.4     0.2279    
   2     0.5406       45.0     10.7      19.71    
   3      140.7    

  Symmetric RMS error =    0.33 percent.   RSVT =  0.010


        Model after  7 Iterations for Station       4
        -----------------------------------------

 Layer  Resistivity  Depth  Thickness  Conductance
 -----  -----------  -----  ---------  -----------
   1      152.0       34.4     34.4     0.2266    
   2     0.5253       44.8     10.4      19.71    
   3      142.7    

  Symmetric RMS error =    0.31 percent.   RSVT =  0.010


        Model after  8 Iterations for Station       4
        -----------------------------------------

 Layer  Resistivity  Depth  Thickness  Conductance
 -----  -----------  -----  ---------  -----------
   1      152.5       34.5     34.5     0.2262    
   2     0.5180       44.7     10.2      19.71    
   3      144.0    

  Symmetric RMS error =    0.30 percent.   RSVT =  0.010


        Model after  9 Iterations for Station       4
        -----------------------------------------

 Layer  Resistivity  Depth  Thickness  Conductance
 -----  -----------  -----  ---------  -----------
   1      152.6       34.5     34.5     0.2261    
   2     0.5143       44.6     10.1      19.71    
   3      145.0    

  Symmetric RMS error =    0.30 percent.   RSVT =  0.010


        Model after 10 Iterations for Station       4
        -----------------------------------------

 Layer  Resistivity  Depth  Thickness  Conductance
 -----  -----------  -----  ---------  -----------
   1      152.5       34.5     34.5     0.2263    
   2     0.5124       44.6     10.1      19.71    
   3      145.7    

  Symmetric RMS error =    0.30 percent.   RSVT =  0.010


        Model after 11 Iterations for Station       4
        -----------------------------------------

 Layer  Resistivity  Depth  Thickness  Conductance
 -----  -----------  -----  ---------  -----------
   1      152.4       34.5     34.5     0.2266    
   2     0.5114       44.6     10.1      19.71    
   3      146.4    

  Symmetric RMS error =    0.30 percent.   RSVT =  0.010

  --------------------------------------------------------------------
  Inversion terminated after 11 iterations because, the reduction in
  the RMS error from the last two iterations was less than 1 percent.
  ____________________________________________________________________

  ==================================================


        Final Model after 11 Iterations for Station       4
        ===============================================

 Layer  Resistivity  Depth  Thickness  Conductance
 -----  -----------  -----  ---------  -----------
   1      152.4       34.5     34.5     0.2266    
   2     0.5114       44.6     10.1      19.71    
   3      146.4    

  Parameter Importance
  --------------------
  RES_01    RES_02    RES_03   THICK_01  THICK_02
  0.12      0.80      0.12      1.00      0.78

                      Symmetric RMS error =     0.30 percent.
                    Noise to signal ratio =    0.004


      ERROR STRUCTURE OF FINAL MODEL
      ------------------------------

  For each station:
  ----------------
    The first line is the percent symmetric error.
    The second line is the model response.
    The third line is the data.


      VERTICAL COMPONENT STRUCTURE
      ----------------------------

       CHNL_1       CHNL_2       CHNL_3       CHNL_4       CHNL_5       CHNL_6       CHNL_7       CHNL_8 

   0.5155      -0.8219E-01  -0.9031E-01  -0.1175E-01   0.6842E-01   0.1301       0.8114E-01  -0.6102    
   0.1467E+06   0.1416E+06   0.1349E+06   0.1233E+06   0.1033E+06   0.7369E+05   0.4040E+05   0.1553E+05
   0.1475E+06   0.1415E+06   0.1348E+06   0.1233E+06   0.1034E+06   0.7379E+05   0.4043E+05   0.1544E+05


      IN-LINE COMPONENT STRUCTURE
      ---------------------------

       CHNL_1       CHNL_2       CHNL_3       CHNL_4       CHNL_5       CHNL_6       CHNL_7       CHNL_8 

   0.3222      -0.3936      -0.3750      -0.2187       0.7627E-02   0.3066       0.4665      -0.2611E-01
   0.1321E+06   0.1247E+06   0.1151E+06   0.9950E+05   0.7549E+05   0.4576E+05   0.1971E+05    5477.    
   0.1325E+06   0.1242E+06   0.1147E+06   0.9928E+05   0.7550E+05   0.4590E+05   0.1980E+05    5476.    


        Initial Model Before Inversion for Station       5
        ----------------------------------------------

 Layer  Resistivity  Depth  Thickness  Conductance
 -----  -----------  -----  ---------  -----------
   1      100.0       50.0     50.0     0.5000    
   2      10.00      100.0     50.0      5.000    
   3      100.0    

  Inversion of 5 Spectrem stations - (layer thicknesses) 0 weights

  Begin time-domain inversion on joint vertical and in-line components for station   5
  Maximum iterations = 90

  Initial symmetric root mean square error =   93.71 percent.
  Initial RSVT (Relative Singular Value Threshold) =   0.100


        Model after  1 Iterations for Station       5
        -----------------------------------------

 Layer  Resistivity  Depth  Thickness  Conductance
 -----  -----------  -----  ---------  -----------
   1      85.73       26.7     26.7     0.3114    
   2      5.600       93.6     66.9      11.95    
   3      93.64    

  Symmetric RMS error =   54.68 percent.   RSVT =  0.050


        Model after  2 Iterations for Station       5
        -----------------------------------------

 Layer  Resistivity  Depth  Thickness  Conductance
 -----  -----------  -----  ---------  -----------
   1      100.8       29.7     29.7     0.2948    
   2      2.239       71.7     42.0      18.76    
   3      109.8    

  Symmetric RMS error =   16.36 percent.   RSVT =  0.025


        Model after  3 Iterations for Station       5
        -----------------------------------------

 Layer  Resistivity  Depth  Thickness  Conductance
 -----  -----------  -----  ---------  -----------
   1      118.8       33.0     33.0     0.2777    
   2      1.106       54.8     21.8      19.68    
   3      119.0    

  Symmetric RMS error =    5.19 percent.   RSVT =  0.013


        Model after  4 Iterations for Station       5
        -----------------------------------------

 Layer  Resistivity  Depth  Thickness  Conductance
 -----  -----------  -----  ---------  -----------
   1      137.6       33.9     33.9     0.2464    
   2     0.7102       47.9     14.0      19.65    
   3      128.9    

  Symmetric RMS error =    1.73 percent.   RSVT =  0.010


        Model after  5 Iterations for Station       5
        -----------------------------------------

 Layer  Resistivity  Depth  Thickness  Conductance
 -----  -----------  -----  ---------  -----------
   1      146.8       34.2     34.2     0.2333    
   2     0.5822       45.7     11.5      19.70    
   3      136.4    

  Symmetric RMS error =    0.54 percent.   RSVT =  0.010


        Model after  6 Iterations for Station       5
        -----------------------------------------

 Layer  Resistivity  Depth  Thickness  Conductance
 -----  -----------  -----  ---------  -----------
   1      149.8       34.4     34.4     0.2294    
   2     0.5445       45.1     10.7      19.72    
   3      140.0    

  Symmetric RMS error =    0.33 percent.   RSVT =  0.010


        Model after  7 Iterations for Station       5
        -----------------------------------------

 Layer  Resistivity  Depth  Thickness  Conductance
 -----  -----------  -----  ---------  -----------
   1      150.9       34.4     34.4     0.2281    
   2     0.5292       44.9     10.4      19.72    
   3      141.9    

  Symmetric RMS error =    0.31 percent.   RSVT =  0.010


        Model after  8 Iterations for Station       5
        -----------------------------------------

 Layer  Resistivity  Depth  Thickness  Conductance
 -----  -----------  -----  ---------  -----------
   1      151.4       34.5     34.5     0.2277    
   2     0.5220       44.8     10.3      19.72    
   3      143.2    

  Symmetric RMS error =    0.31 percent.   RSVT =  0.010


        Model after  9 Iterations for Station       5
        -----------------------------------------

 Layer  Resistivity  Depth  Thickness  Conductance
 -----  -----------  -----  ---------  -----------
   1      151.5       34.5     34.5     0.2277    
   2     0.5183       44.7     10.2      19.72    
   3      144.1    

  Symmetric RMS error =    0.31 percent.   RSVT =  0.010


        Model after 10 Iterations for Station       5
        -----------------------------------------

 Layer  Resistivity  Depth  Thickness  Conductance
 -----  -----------  -----  ---------  -----------
   1      151.4       34.5     34.5     0.2279    
   2     0.5165       44.7     10.2      19.72    
   3      144.8    

  Symmetric RMS error =    0.30 percent.   RSVT =  0.010


        Model after 11 Iterations for Station       5
        -----------------------------------------

 Layer  Resistivity  Depth  Thickness  Conductance
 -----  -----------  -----  ---------  -----------
   1      151.2       34.5     34.5     0.2282    
   2     0.5156       44.7     10.2      19.72    
   3      145.4    

  Symmetric RMS error =    0.30 percent.   RSVT =  0.010

  --------------------------------------------------------------------
  Inversion terminated after 11 iterations because, the reduction in
  the RMS error from the last two iterations was less than 1 percent.
  ____________________________________________________________________

  ==================================================


        Final Model after 11 Iterations for Station       5
        ===============================================

 Layer  Resistivity  Depth  Thickness  Conductance
 -----  -----------  -----  ---------  -----------
   1      151.2       34.5     34.5     0.2282    
   2     0.5156       44.7     10.2      19.72    
   3      145.4    

  Parameter Importance
  --------------------
  RES_01    RES_02    RES_03   THICK_01  THICK_02
  0.12      0.81      0.12      1.00      0.78

                      Symmetric RMS error =     0.30 percent.
                    Noise to signal ratio =    0.004


      ERROR STRUCTURE OF FINAL MODEL
      ------------------------------

  For each station:
  ----------------
    The first line is the percent symmetric error.
    The second line is the model response.
    The third line is the data.


      VERTICAL COMPONENT STRUCTURE
      ----------------------------

       CHNL_1       CHNL_2       CHNL_3       CHNL_4       CHNL_5       CHNL_6       CHNL_7       CHNL_8 

   0.5354      -0.7072E-01  -0.1184      -0.7261E-01  -0.6402E-02   0.1266       0.7135E-01  -0.6310    
   0.1620E+06   0.1564E+06   0.1491E+06   0.1363E+06   0.1141E+06   0.8100E+05   0.4390E+05   0.1658E+05
   0.1629E+06   0.1563E+06   0.1489E+06   0.1362E+06   0.1141E+06   0.8110E+05   0.4393E+05   0.1648E+05


      IN-LINE COMPONENT STRUCTURE
      ---------------------------

       CHNL_1       CHNL_2       CHNL_3       CHNL_4       CHNL_5       CHNL_6       CHNL_7       CHNL_8 

   0.3129      -0.3517      -0.3802      -0.1851       0.2557E-01   0.3258       0.4806      -0.2525E-01
   0.1561E+06   0.1471E+06   0.1355E+06   0.1166E+06   0.8777E+05   0.5244E+05   0.2209E+05    5975.    
   0.1566E+06   0.1466E+06   0.1350E+06   0.1164E+06   0.8779E+05   0.5261E+05   0.2220E+05    5973.    


  Airbeo inversion completed at 15:38 on 23 NOV 2012

  Computation time =       1.86 seconds.


