
            Beowulf task started at 16:17 on 07 JAN 2013

      ######################################################################
      #                                                                    #
      #                 Beowulf - Version 1.0.4   01 January, 2012         #        
      #                 ----------------------------------------           #        
      #                                                                    #
      #      Develped by:  CSIRO Electromagnetic Modelling Group           #
      #                    Art Raiche, Fred Sugeng & Glenn Wilson          #
      #                                                                    #
      #              For:  AMIRA project P223F                             #
      #                                                                    #
      ######################################################################

-------------------------------------------------------------------------------

  TDFD = 2;   ISYS = 2;   ISTOP = 0

          +----------------------------------------------+
          +  Frequency-Domain Ground System Information  +
          +----------------------------------------------+

  NFRQ = 41

           Frequency      Transmitter current in amps
           ---------      ---------------------------

      1   0.1984E+05         1.000    
      2   0.1553E+05         1.000    
      3   0.1276E+05         1.000    
      4    9921.             1.000    
      5    8117.             1.000    
      6    6266.             1.000    
      7    5176.             1.000    
      8    3968.             1.000    
      9    3189.             1.000    
     10    2480.             1.000    
     11    1962.             1.000    
     12    1587.             1.000    
     13    1276.             1.000    
     14    992.1             1.000    
     15    793.7             1.000    
     16    629.9             1.000    
     17    492.6             1.000    
     18    404.0             1.000    
     19    330.4             1.000    
     20    264.6             1.000    
     21    215.1             1.000    
     22    172.5             1.000    
     23    142.5             1.000    
     24    116.0             1.000    
     25    93.99             1.000    
     26    75.03             1.000    
     27    60.00             1.000    
     28    45.00             1.000    
     29    35.57             1.000    
     30    28.25             1.000    
     31    22.44             1.000    
     32    17.82             1.000    
     33    14.16             1.000    
     34    11.25             1.000    
     35    8.930             1.000    
     36    7.100             1.000    
     37    5.640             1.000    
     38    4.480             1.000    
     39    3.560             1.000    
     40    2.820             1.000    
     41    2.380             1.000    


  SURVEY_TYPE = 2
  NTXL =  1;   MRXL =  3;   MRXTX = 1;   NTRN =  1

  Moving Loop Tx Line  1;   NTX =  3;   Tx_length =   50.0;   Tx_width =   50.0
  --------------------------------------------------------------------------
  Initial position (E,N,Z) :        0.0        0.0      -60.0
            Line_azimuth :  90.0
       Station_intervals :    50.0    50.0

  X,Y,Z Rx offsets for Line     1000:  100.0    0.0    0.0
    CMP =   1:  UNITS = 22;   KNORM =  0;   IPLT = 2;   RXMNT =   1.000    


  NLAYER =  4;   NLITH =  3


                          LITHOLOGY PROPERTIES
                          --------------------

                      Relative   Relative     Cole-Cole Parameters
        Resistivity      S   MU   EP   Dielectric    CHRG      CTAU   CFREQ

   1    100.00       -1.0000        1.0000        1.0000        0.0000        0.0000        0.0000    
   2    10.000       -1.0000        1.0000        1.0000        0.0000        0.0000        0.0000    
   3   0.10000       -1.0000        1.0000        1.0000        0.0000        0.0000        0.0000    


  LAYERED EARTH INPUT DATA
  ------------------------

   1   3   60.0   J, LITHL(J), THK(J)
   2   1   50.0   J, LITHL(J), THK(J)
   3   2   50.0   J, LITHL(J), THK(J)
   4   1             Basement Lithology


  Before computation begins, Beowulf may transform array and model coordinates
  from GPS coordimnates where elevation increases positive upwards to a
  body-centred system where depth increases positive downwards.
  In this system, the dip of magnetic dipole transmitters and receivers
  = 0 for vertical dipoles and 90 for horizontal dipoles.

  The computational horizontal origin remains unchanged.

        Transformed Receiver & Transmitter Vertex Coordinates
        -----------------------------------------------------

                        Transmitter             Receiver               Plot Point
    Line              East      North         East      North         East      North

    1000   1   1       25.0       25.0        100.0        0.0         50.0        0.0
               2       25.0      -25.0
               3      -25.0      -25.0
               4      -25.0       25.0

           2   1       75.0       25.0        150.0        0.0        100.0        0.0
               2       75.0      -25.0
               3       25.0      -25.0
               4       25.0       25.0

           3   1      125.0       25.0        200.0        0.0        150.0        0.0
               2      125.0      -25.0
               3       75.0      -25.0
               4       75.0       25.0


          +------------------------------------------+
          +  Initial Layered Earth Model Parameters  +
          +------------------------------------------+

                    Depth
 Layer  Thickness   to Top    Resistivity   MU-R   EPS-R   CHRG    CFREQ    CTAU
 -----  ---------   ------    -----------   ----   -----   ----    -----    ----
   1       60.0        0.0     0.1000       1.00   1.00    0.00    1.00      0.0    
   2       50.0       60.0      100.0       1.00   1.00    0.00    1.00      0.0    
   3       50.0      110.0      10.00       1.00   1.00    0.00    1.00      0.0    
   4                 160.0      100.0       1.00   1.00    0.00    1.00      0.0    



---------------------------------------------------------------------------
                       END OF INPUT DATA DESCRIPTION
---------------------------------------------------------------------------


  -----------------------------------------------------
  Inversion Controls for Layer Parameters using Beowulf
  -----------------------------------------------------

  NFIX =  0   MAXITS = 90   CNVRG = 1   INVPRT = 2

  The inversion will finish if the RMS error is less than  0.1 percent
  or for some other as yet undisclosed reason.
  A maximum of 90 iterations will be allowed.
  The inversion sequence will use 2 numerical derivative steps
  Values in percent:  5  3

  All parameters will be allowed to vary during inversion

  FD_ORDER = 0

  Inversion controls and data for Line 1000
  KMP =   1    CMP =   1

       Frequency Domain Data Floors
       ----------------------------

       Freq     Floor

   1   19840.  0.5000E-01
   2   15530.  0.5000E-01
   3   12760.  0.5000E-01
   4    9921.  0.5000E-01
   5    8117.  0.5000E-01
   6    6266.  0.5000E-01
   7    5176.  0.5000E-01
   8    3968.  0.5000E-01
   9    3189.  0.5000E-01
  10    2480.  0.5000E-01
  11    1962.  0.5000E-01
  12    1587.  0.5000E-01
  13    1276.  0.5000E-01
  14     992.  0.5000E-01
  15     794.  0.5000E-01
  16     630.  0.5000E-01
  17     493.  0.5000E-01
  18     404.  0.5000E-01
  19     330.  0.5000E-01
  20     265.  0.5000E-01
  21     215.  0.5000E-01
  22     172.  0.5000E-01
  23     142.  0.5000E-01
  24     116.  0.5000E-01
  25      94.  0.5000E-01
  26      75.  0.5000E-01
  27      60.  0.5000E-01
  28      45.  0.5000E-01
  29      36.  0.5000E-01
  30      28.  0.5000E-01
  31      22.  0.5000E-01
  32      18.  0.5000E-01
  33      14.  0.5000E-01
  34      11.  0.5000E-01
  35       9.  0.5000E-01
  36       7.  0.5000E-01
  37       6.  0.5000E-01
  38       4.  0.5000E-01
  39       4.  0.5000E-01
  40       3.  0.5000E-01
  41       2.  0.5000E-01


  SURVEY DATA
  -----------


  Line 1000    Survey azimuth =  90 degrees    Units = picoteslas


  Abs (Bz / Bx Ratio  Survey Data for Line 1000
  -------------------------------------------

             RECEIVER POSITIONS               FREQUENCIES
         East        North     Elev  19840.00     15530.00     12760.00      9921.00      8117.00      6266.00      5176.00      3968.00      3189.00      2480.00      1962.00      1587.00      1276.00       992.10       793.70       629.90       492.60       404.00       330.40       264.60       215.10       172.50       142.50       116.00        93.99        75.03        60.00        45.00        35.57        28.25        22.44        17.82        14.16        11.25         8.93         7.10         5.64         4.48         3.56         2.82         2.38

  1        50.0         0.0    -60.0   0.6643E-01   0.7414E-01   0.8103E-01   0.9076E-01   0.9927E-01   0.1115       0.1216       0.1376       0.1530       0.1739       0.1969       0.2196       0.2417       0.2604       0.2691       0.2733       0.2770       0.2803       0.2837       0.2881       0.2970       0.3187       0.3519       0.4018       0.4635       0.5368       0.6142       0.7203       0.8134       0.9116        1.019        1.137        1.269        1.419        1.595        1.801        2.051        2.359        2.742        3.233        3.674    
  2       100.0         0.0    -60.0   0.6643E-01   0.7414E-01   0.8103E-01   0.9076E-01   0.9927E-01   0.1115       0.1216       0.1376       0.1530       0.1739       0.1969       0.2196       0.2417       0.2604       0.2691       0.2733       0.2770       0.2803       0.2837       0.2881       0.2970       0.3187       0.3519       0.4018       0.4635       0.5368       0.6142       0.7203       0.8134       0.9116        1.019        1.137        1.269        1.419        1.595        1.801        2.051        2.359        2.742        3.233        3.674    
  3       150.0         0.0    -60.0   0.6643E-01   0.7414E-01   0.8103E-01   0.9076E-01   0.9927E-01   0.1115       0.1216       0.1376       0.1530       0.1739       0.1969       0.2196       0.2417       0.2604       0.2691       0.2733       0.2770       0.2803       0.2837       0.2881       0.2970       0.3187       0.3519       0.4018       0.4635       0.5368       0.6142       0.7203       0.8134       0.9116        1.019        1.137        1.269        1.419        1.595        1.801        2.051        2.359        2.742        3.233        3.674    


 =========================================================================
  BEGIN INVERSION - TITLE = Invert Sampo Data
  ---------------


  ---------------------------------------------------------------
  Begin Inversion for Station  1 of Line 1000.  NDATA = 41
  Maximum iterations = 90   Derivative step =  5 percent.

   0 iterations completed:  RMS error =   32.25 percent.  RSVT =   0.100

  Model Description After  1 Iterations:  RMS error =  20.60  RSVT =  1.600

  Layer  Resistivity  Depth  Thickness  Conductance
  -----  -----------  -----  ---------  -----------
    1     0.9969E-01   59.2     59.2     594.043
    2      100.0      109.2     50.0       0.500
    3      10.00      159.2     50.0       5.000
    B      100.0    


  Model Description After  2 Iterations:  RMS error =  20.11  RSVT =  0.800

  Layer  Resistivity  Depth  Thickness  Conductance
  -----  -----------  -----  ---------  -----------
    1     0.9969E-01   59.1     59.1     593.137
    2      100.0      109.1     50.0       0.500
    3      10.00      159.1     50.0       5.000
    B      100.0    


  Model Description After  3 Iterations:  RMS error =  19.69  RSVT =  0.400

  Layer  Resistivity  Depth  Thickness  Conductance
  -----  -----------  -----  ---------  -----------
    1     0.9971E-01   58.9     58.9     590.287
    2      100.0      108.8     50.0       0.500
    3      10.00      158.8     50.0       5.000
    B      100.0    


  Model Description After  4 Iterations:  RMS error =  19.65  RSVT =  1.600

  Layer  Resistivity  Depth  Thickness  Conductance
  -----  -----------  -----  ---------  -----------
    1     0.9971E-01   58.9     58.9     590.829
    2      100.0      108.9     50.0       0.500
    3      10.00      158.9     50.0       5.000
    B      100.0    


  Model Description After  5 Iterations:  RMS error =  19.65  RSVT =  0.800

  Layer  Resistivity  Depth  Thickness  Conductance
  -----  -----------  -----  ---------  -----------
    1     0.9971E-01   58.9     58.9     591.014
    2      100.0      108.9     50.0       0.500
    3      10.00      158.9     50.0       5.000
    B      100.0    

  No further error reduction can occur using a  5 percent derivative step.

  Predicted residual decrease < 1 percent of RMS error.
  Test derivative step =  3 percent.

  Model Description After  7 Iterations:  RMS error =  19.56  RSVT =  0.050

  Layer  Resistivity  Depth  Thickness  Conductance
  -----  -----------  -----  ---------  -----------
    1     0.1006       59.0     59.0     586.395
    2      100.0      109.0     50.0       0.500
    3      9.996      159.0     50.0       5.002
    B      100.0    


  Model Description After  8 Iterations:  RMS error =  18.64  RSVT =  0.025

  Layer  Resistivity  Depth  Thickness  Conductance
  -----  -----------  -----  ---------  -----------
    1     0.1096       59.1     59.1     539.349
    2      100.1      109.2     50.1       0.501
    3      9.962      159.3     50.1       5.026
    B      99.99    


  Model Description After  9 Iterations:  RMS error =  18.31  RSVT =  0.013

  Layer  Resistivity  Depth  Thickness  Conductance
  -----  -----------  -----  ---------  -----------
    1     0.1179       59.2     59.2     501.790
    2      100.4      109.4     50.3       0.501
    3      9.812      159.7     50.3       5.125
    B      99.96    


  Model Description After 10 Iterations:  RMS error =  17.11  RSVT =  0.010

  Layer  Resistivity  Depth  Thickness  Conductance
  -----  -----------  -----  ---------  -----------
    1     0.1172       59.1     59.1     504.557
    2      106.1      110.6     51.5       0.485
    3      7.550      164.2     53.6       7.103
    B      99.63    


  Model Description After 11 Iterations:  RMS error =  15.74  RSVT =  0.010

  Layer  Resistivity  Depth  Thickness  Conductance
  -----  -----------  -----  ---------  -----------
    1     0.1136       60.0     60.0     527.937
    2      118.0       97.7     37.8       0.320
    3      4.648      154.2     56.5      12.151
    B      99.49    


  Model Description After 12 Iterations:  RMS error =  12.75  RSVT =  0.010

  Layer  Resistivity  Depth  Thickness  Conductance
  -----  -----------  -----  ---------  -----------
    1     0.1038       59.5     59.5     573.822
    2      135.3       97.5     38.0       0.281
    3     0.7927      132.6     35.1      44.248
    B      101.1    


  Model Description After 13 Iterations:  RMS error =   4.11  RSVT =  0.010

  Layer  Resistivity  Depth  Thickness  Conductance
  -----  -----------  -----  ---------  -----------
    1     0.9156E-01   61.9     61.9     675.870
    2      135.4       91.6     29.7       0.220
    3      1.258      121.5     29.9      23.777
    B      101.2    


  Model Description After 14 Iterations:  RMS error =   3.16  RSVT =  0.010

  Layer  Resistivity  Depth  Thickness  Conductance
  -----  -----------  -----  ---------  -----------
    1     0.9095E-01   61.7     61.7     678.806
    2      136.0       92.4     30.7       0.226
    3      1.088      120.1     27.7      25.446
    B      101.3    


  Model Description After 15 Iterations:  RMS error =   2.54  RSVT =  0.010

  Layer  Resistivity  Depth  Thickness  Conductance
  -----  -----------  -----  ---------  -----------
    1     0.9194E-01   61.6     61.6     669.523
    2      136.9       92.9     31.4       0.229
    3     0.9701      116.0     23.1      23.764
    B      101.5    


  Model Description After 16 Iterations:  RMS error =   1.98  RSVT =  0.010

  Layer  Resistivity  Depth  Thickness  Conductance
  -----  -----------  -----  ---------  -----------
    1     0.9266E-01   61.4     61.4     662.942
    2      138.6       93.6     32.2       0.232
    3     0.8329      112.5     18.9      22.700
    B      101.7    


  Model Description After 17 Iterations:  RMS error =   1.69  RSVT =  0.010

  Layer  Resistivity  Depth  Thickness  Conductance
  -----  -----------  -----  ---------  -----------
    1     0.9302E-01   61.3     61.3     659.419
    2      140.1       93.9     32.6       0.233
    3     0.7530      110.7     16.8      22.323
    B      101.8    


  Error reduction after last 2 iterations < 0.5 percent.

  18 Iterations completed:  RMS error =    1.51 percent.  RSVT =   0.010
  Inversion terminated


  ==================================================

  Final Model After 18 Iterations:  RMS error =   1.51

  Layer  Resistivity  Depth  Thickness  Conductance   ResImport   ThkImport
  -----  -----------  -----  ---------  -----------   ---------   ---------
    1     0.9342E-01   61.3     61.3     655.677        1.00        1.00
    2      141.3       94.1     32.8       0.232        0.03        1.00
    3     0.7053      109.6     15.5      22.038        0.79        0.72
    B      101.9                                                    0.01


  Data and Misfit Final - (East, North, Elevation) =     50.0      0.0  -60.0


  Abs (Bz / Bx Ratio data for Station   1 of Line 1000
  -------------------------------------------
  Frequencies  19840.0      15530.0      12760.0       9921.0       8117.0       6266.0       5176.0       3968.0       3189.0       2480.0       1962.0       1587.0       1276.0        992.1        793.7        629.9        492.6        404.0        330.4        264.6        215.1        172.5        142.5        116.0         94.0         75.0         60.0         45.0         35.6         28.2         22.4         17.8         14.2         11.2          8.9          7.1          5.6          4.5          3.6          2.8          2.4

  Survey data:   0.6643E-01   0.7414E-01   0.8103E-01   0.9076E-01   0.9927E-01   0.1115       0.1216       0.1376       0.1530       0.1739       0.1969       0.2196       0.2417       0.2604       0.2691       0.2733       0.2770       0.2803       0.2837       0.2881       0.2970       0.3187       0.3519       0.4018       0.4635       0.5368       0.6142       0.7203       0.8134       0.9116        1.019        1.137        1.269        1.419        1.595        1.801        2.051        2.359        2.742        3.233        3.674    
  Model data:    0.6738E-01   0.7457E-01   0.8205E-01   0.9216E-01   0.1004       0.1129       0.1226       0.1371       0.1512       0.1701       0.1920       0.2153       0.2394       0.2612       0.2715       0.2758       0.2791       0.2819       0.2836       0.2842       0.2886       0.3073       0.3414       0.3953       0.4626       0.5414       0.6233       0.7333       0.8286       0.9286        1.037        1.156        1.289        1.440        1.614        1.817        2.062        2.361        2.732        3.206        3.630    
  Misfit (%):     -1.4         -0.6         -1.2         -1.5         -1.2         -1.3         -0.8          0.4          1.2          2.2          2.5          2.0          1.0         -0.3         -0.9         -0.9         -0.8         -0.6          0.0          1.4          2.9          3.6          3.0          1.6          0.2         -0.9         -1.5         -1.8         -1.8         -1.8         -1.7         -1.7         -1.6         -1.4         -1.2         -0.9         -0.5         -0.1          0.4          0.8          1.2


  ---------------------------------------------------------------
  Begin Inversion for Station  2 of Line 1000.  NDATA = 41
  Maximum iterations = 90   Derivative step =  5 percent.

   0 iterations completed:  RMS error =   32.25 percent.  RSVT =   0.100

  Model Description After  1 Iterations:  RMS error =  20.60  RSVT =  1.600

  Layer  Resistivity  Depth  Thickness  Conductance
  -----  -----------  -----  ---------  -----------
    1     0.9969E-01   59.2     59.2     594.043
    2      100.0      109.2     50.0       0.500
    3      10.00      159.2     50.0       5.000
    B      100.0    


  Model Description After  2 Iterations:  RMS error =  20.11  RSVT =  0.800

  Layer  Resistivity  Depth  Thickness  Conductance
  -----  -----------  -----  ---------  -----------
    1     0.9969E-01   59.1     59.1     593.137
    2      100.0      109.1     50.0       0.500
    3      10.00      159.1     50.0       5.000
    B      100.0    


  Model Description After  3 Iterations:  RMS error =  19.69  RSVT =  0.400

  Layer  Resistivity  Depth  Thickness  Conductance
  -----  -----------  -----  ---------  -----------
    1     0.9971E-01   58.9     58.9     590.287
    2      100.0      108.8     50.0       0.500
    3      10.00      158.8     50.0       5.000
    B      100.0    


  Model Description After  4 Iterations:  RMS error =  19.65  RSVT =  1.600

  Layer  Resistivity  Depth  Thickness  Conductance
  -----  -----------  -----  ---------  -----------
    1     0.9971E-01   58.9     58.9     590.829
    2      100.0      108.9     50.0       0.500
    3      10.00      158.9     50.0       5.000
    B      100.0    


  Model Description After  5 Iterations:  RMS error =  19.65  RSVT =  0.800

  Layer  Resistivity  Depth  Thickness  Conductance
  -----  -----------  -----  ---------  -----------
    1     0.9971E-01   58.9     58.9     591.014
    2      100.0      108.9     50.0       0.500
    3      10.00      158.9     50.0       5.000
    B      100.0    

  No further error reduction can occur using a  5 percent derivative step.

  Predicted residual decrease < 1 percent of RMS error.
  Test derivative step =  3 percent.

  Model Description After  7 Iterations:  RMS error =  19.56  RSVT =  0.050

  Layer  Resistivity  Depth  Thickness  Conductance
  -----  -----------  -----  ---------  -----------
    1     0.1006       59.0     59.0     586.395
    2      100.0      109.0     50.0       0.500
    3      9.996      159.0     50.0       5.002
    B      100.0    


  Model Description After  8 Iterations:  RMS error =  18.64  RSVT =  0.025

  Layer  Resistivity  Depth  Thickness  Conductance
  -----  -----------  -----  ---------  -----------
    1     0.1096       59.1     59.1     539.349
    2      100.1      109.2     50.1       0.501
    3      9.962      159.3     50.1       5.026
    B      99.99    


  Model Description After  9 Iterations:  RMS error =  18.31  RSVT =  0.013

  Layer  Resistivity  Depth  Thickness  Conductance
  -----  -----------  -----  ---------  -----------
    1     0.1179       59.2     59.2     501.790
    2      100.4      109.4     50.3       0.501
    3      9.812      159.7     50.3       5.125
    B      99.96    


  Model Description After 10 Iterations:  RMS error =  17.11  RSVT =  0.010

  Layer  Resistivity  Depth  Thickness  Conductance
  -----  -----------  -----  ---------  -----------
    1     0.1172       59.1     59.1     504.557
    2      106.1      110.6     51.5       0.485
    3      7.550      164.2     53.6       7.103
    B      99.63    


  Model Description After 11 Iterations:  RMS error =  15.74  RSVT =  0.010

  Layer  Resistivity  Depth  Thickness  Conductance
  -----  -----------  -----  ---------  -----------
    1     0.1136       60.0     60.0     527.937
    2      118.0       97.7     37.8       0.320
    3      4.648      154.2     56.5      12.151
    B      99.49    


  Model Description After 12 Iterations:  RMS error =  12.75  RSVT =  0.010

  Layer  Resistivity  Depth  Thickness  Conductance
  -----  -----------  -----  ---------  -----------
    1     0.1038       59.5     59.5     573.822
    2      135.3       97.5     38.0       0.281
    3     0.7927      132.6     35.1      44.248
    B      101.1    


  Model Description After 13 Iterations:  RMS error =   4.11  RSVT =  0.010

  Layer  Resistivity  Depth  Thickness  Conductance
  -----  -----------  -----  ---------  -----------
    1     0.9156E-01   61.9     61.9     675.870
    2      135.4       91.6     29.7       0.220
    3      1.258      121.5     29.9      23.777
    B      101.2    


  Model Description After 14 Iterations:  RMS error =   3.16  RSVT =  0.010

  Layer  Resistivity  Depth  Thickness  Conductance
  -----  -----------  -----  ---------  -----------
    1     0.9095E-01   61.7     61.7     678.806
    2      136.0       92.4     30.7       0.226
    3      1.088      120.1     27.7      25.446
    B      101.3    


  Model Description After 15 Iterations:  RMS error =   2.54  RSVT =  0.010

  Layer  Resistivity  Depth  Thickness  Conductance
  -----  -----------  -----  ---------  -----------
    1     0.9194E-01   61.6     61.6     669.523
    2      136.9       92.9     31.4       0.229
    3     0.9701      116.0     23.1      23.764
    B      101.5    


  Model Description After 16 Iterations:  RMS error =   1.98  RSVT =  0.010

  Layer  Resistivity  Depth  Thickness  Conductance
  -----  -----------  -----  ---------  -----------
    1     0.9266E-01   61.4     61.4     662.942
    2      138.6       93.6     32.2       0.232
    3     0.8329      112.5     18.9      22.700
    B      101.7    


  Model Description After 17 Iterations:  RMS error =   1.69  RSVT =  0.010

  Layer  Resistivity  Depth  Thickness  Conductance
  -----  -----------  -----  ---------  -----------
    1     0.9302E-01   61.3     61.3     659.419
    2      140.1       93.9     32.6       0.233
    3     0.7530      110.7     16.8      22.323
    B      101.8    


  Error reduction after last 2 iterations < 0.5 percent.

  18 Iterations completed:  RMS error =    1.51 percent.  RSVT =   0.010
  Inversion terminated


  ==================================================

  Final Model After 18 Iterations:  RMS error =   1.51

  Layer  Resistivity  Depth  Thickness  Conductance   ResImport   ThkImport
  -----  -----------  -----  ---------  -----------   ---------   ---------
    1     0.9342E-01   61.3     61.3     655.677        1.00        1.00
    2      141.3       94.1     32.8       0.232        0.03        1.00
    3     0.7053      109.6     15.5      22.038        0.79        0.72
    B      101.9                                                    0.01


  Data and Misfit Final - (East, North, Elevation) =    100.0      0.0  -60.0


  Abs (Bz / Bx Ratio data for Station   2 of Line 1000
  -------------------------------------------
  Frequencies  19840.0      15530.0      12760.0       9921.0       8117.0       6266.0       5176.0       3968.0       3189.0       2480.0       1962.0       1587.0       1276.0        992.1        793.7        629.9        492.6        404.0        330.4        264.6        215.1        172.5        142.5        116.0         94.0         75.0         60.0         45.0         35.6         28.2         22.4         17.8         14.2         11.2          8.9          7.1          5.6          4.5          3.6          2.8          2.4

  Survey data:   0.6643E-01   0.7414E-01   0.8103E-01   0.9076E-01   0.9927E-01   0.1115       0.1216       0.1376       0.1530       0.1739       0.1969       0.2196       0.2417       0.2604       0.2691       0.2733       0.2770       0.2803       0.2837       0.2881       0.2970       0.3187       0.3519       0.4018       0.4635       0.5368       0.6142       0.7203       0.8134       0.9116        1.019        1.137        1.269        1.419        1.595        1.801        2.051        2.359        2.742        3.233        3.674    
  Model data:    0.6738E-01   0.7457E-01   0.8205E-01   0.9216E-01   0.1004       0.1129       0.1226       0.1371       0.1512       0.1701       0.1920       0.2153       0.2394       0.2612       0.2715       0.2758       0.2791       0.2819       0.2836       0.2842       0.2886       0.3073       0.3414       0.3953       0.4626       0.5414       0.6233       0.7333       0.8286       0.9286        1.037        1.156        1.289        1.440        1.614        1.817        2.062        2.361        2.732        3.206        3.630    
  Misfit (%):     -1.4         -0.6         -1.2         -1.5         -1.2         -1.3         -0.8          0.4          1.2          2.2          2.5          2.0          1.0         -0.3         -0.9         -0.9         -0.8         -0.6          0.0          1.4          2.9          3.6          3.0          1.6          0.2         -0.9         -1.5         -1.8         -1.8         -1.8         -1.7         -1.7         -1.6         -1.4         -1.2         -0.9         -0.5         -0.1          0.4          0.8          1.2


  ---------------------------------------------------------------
  Begin Inversion for Station  3 of Line 1000.  NDATA = 41
  Maximum iterations = 90   Derivative step =  5 percent.

   0 iterations completed:  RMS error =   32.25 percent.  RSVT =   0.100

  Model Description After  1 Iterations:  RMS error =  20.60  RSVT =  1.600

  Layer  Resistivity  Depth  Thickness  Conductance
  -----  -----------  -----  ---------  -----------
    1     0.9969E-01   59.2     59.2     594.043
    2      100.0      109.2     50.0       0.500
    3      10.00      159.2     50.0       5.000
    B      100.0    


  Model Description After  2 Iterations:  RMS error =  20.11  RSVT =  0.800

  Layer  Resistivity  Depth  Thickness  Conductance
  -----  -----------  -----  ---------  -----------
    1     0.9969E-01   59.1     59.1     593.137
    2      100.0      109.1     50.0       0.500
    3      10.00      159.1     50.0       5.000
    B      100.0    


  Model Description After  3 Iterations:  RMS error =  19.69  RSVT =  0.400

  Layer  Resistivity  Depth  Thickness  Conductance
  -----  -----------  -----  ---------  -----------
    1     0.9971E-01   58.9     58.9     590.287
    2      100.0      108.8     50.0       0.500
    3      10.00      158.8     50.0       5.000
    B      100.0    


  Model Description After  4 Iterations:  RMS error =  19.65  RSVT =  1.600

  Layer  Resistivity  Depth  Thickness  Conductance
  -----  -----------  -----  ---------  -----------
    1     0.9971E-01   58.9     58.9     590.829
    2      100.0      108.9     50.0       0.500
    3      10.00      158.9     50.0       5.000
    B      100.0    


  Model Description After  5 Iterations:  RMS error =  19.65  RSVT =  0.800

  Layer  Resistivity  Depth  Thickness  Conductance
  -----  -----------  -----  ---------  -----------
    1     0.9971E-01   58.9     58.9     591.014
    2      100.0      108.9     50.0       0.500
    3      10.00      158.9     50.0       5.000
    B      100.0    

  No further error reduction can occur using a  5 percent derivative step.

  Predicted residual decrease < 1 percent of RMS error.
  Test derivative step =  3 percent.

  Model Description After  7 Iterations:  RMS error =  19.56  RSVT =  0.050

  Layer  Resistivity  Depth  Thickness  Conductance
  -----  -----------  -----  ---------  -----------
    1     0.1006       59.0     59.0     586.395
    2      100.0      109.0     50.0       0.500
    3      9.996      159.0     50.0       5.002
    B      100.0    


  Model Description After  8 Iterations:  RMS error =  18.64  RSVT =  0.025

  Layer  Resistivity  Depth  Thickness  Conductance
  -----  -----------  -----  ---------  -----------
    1     0.1096       59.1     59.1     539.349
    2      100.1      109.2     50.1       0.501
    3      9.962      159.3     50.1       5.026
    B      99.99    


  Model Description After  9 Iterations:  RMS error =  18.31  RSVT =  0.013

  Layer  Resistivity  Depth  Thickness  Conductance
  -----  -----------  -----  ---------  -----------
    1     0.1179       59.2     59.2     501.790
    2      100.4      109.4     50.3       0.501
    3      9.812      159.7     50.3       5.125
    B      99.96    


  Model Description After 10 Iterations:  RMS error =  17.11  RSVT =  0.010

  Layer  Resistivity  Depth  Thickness  Conductance
  -----  -----------  -----  ---------  -----------
    1     0.1172       59.1     59.1     504.557
    2      106.1      110.6     51.5       0.485
    3      7.550      164.2     53.6       7.103
    B      99.63    


  Model Description After 11 Iterations:  RMS error =  15.74  RSVT =  0.010

  Layer  Resistivity  Depth  Thickness  Conductance
  -----  -----------  -----  ---------  -----------
    1     0.1136       60.0     60.0     527.937
    2      118.0       97.7     37.8       0.320
    3      4.648      154.2     56.5      12.151
    B      99.49    


  Model Description After 12 Iterations:  RMS error =  12.75  RSVT =  0.010

  Layer  Resistivity  Depth  Thickness  Conductance
  -----  -----------  -----  ---------  -----------
    1     0.1038       59.5     59.5     573.822
    2      135.3       97.5     38.0       0.281
    3     0.7927      132.6     35.1      44.248
    B      101.1    


  Model Description After 13 Iterations:  RMS error =   4.11  RSVT =  0.010

  Layer  Resistivity  Depth  Thickness  Conductance
  -----  -----------  -----  ---------  -----------
    1     0.9156E-01   61.9     61.9     675.870
    2      135.4       91.6     29.7       0.220
    3      1.258      121.5     29.9      23.777
    B      101.2    


  Model Description After 14 Iterations:  RMS error =   3.16  RSVT =  0.010

  Layer  Resistivity  Depth  Thickness  Conductance
  -----  -----------  -----  ---------  -----------
    1     0.9095E-01   61.7     61.7     678.806
    2      136.0       92.4     30.7       0.226
    3      1.088      120.1     27.7      25.446
    B      101.3    


  Model Description After 15 Iterations:  RMS error =   2.54  RSVT =  0.010

  Layer  Resistivity  Depth  Thickness  Conductance
  -----  -----------  -----  ---------  -----------
    1     0.9194E-01   61.6     61.6     669.523
    2      136.9       92.9     31.4       0.229
    3     0.9701      116.0     23.1      23.764
    B      101.5    


  Model Description After 16 Iterations:  RMS error =   1.98  RSVT =  0.010

  Layer  Resistivity  Depth  Thickness  Conductance
  -----  -----------  -----  ---------  -----------
    1     0.9266E-01   61.4     61.4     662.942
    2      138.6       93.6     32.2       0.232
    3     0.8329      112.5     18.9      22.700
    B      101.7    


  Model Description After 17 Iterations:  RMS error =   1.69  RSVT =  0.010

  Layer  Resistivity  Depth  Thickness  Conductance
  -----  -----------  -----  ---------  -----------
    1     0.9302E-01   61.3     61.3     659.419
    2      140.1       93.9     32.6       0.233
    3     0.7530      110.7     16.8      22.323
    B      101.8    


  Error reduction after last 2 iterations < 0.5 percent.

  18 Iterations completed:  RMS error =    1.51 percent.  RSVT =   0.010
  Inversion terminated


  ==================================================

  Final Model After 18 Iterations:  RMS error =   1.51

  Layer  Resistivity  Depth  Thickness  Conductance   ResImport   ThkImport
  -----  -----------  -----  ---------  -----------   ---------   ---------
    1     0.9342E-01   61.3     61.3     655.677        1.00        1.00
    2      141.3       94.1     32.8       0.232        0.03        1.00
    3     0.7053      109.6     15.5      22.038        0.79        0.72
    B      101.9                                                    0.01


  Data and Misfit Final - (East, North, Elevation) =    150.0      0.0  -60.0


  Abs (Bz / Bx Ratio data for Station   3 of Line 1000
  -------------------------------------------
  Frequencies  19840.0      15530.0      12760.0       9921.0       8117.0       6266.0       5176.0       3968.0       3189.0       2480.0       1962.0       1587.0       1276.0        992.1        793.7        629.9        492.6        404.0        330.4        264.6        215.1        172.5        142.5        116.0         94.0         75.0         60.0         45.0         35.6         28.2         22.4         17.8         14.2         11.2          8.9          7.1          5.6          4.5          3.6          2.8          2.4

  Survey data:   0.6643E-01   0.7414E-01   0.8103E-01   0.9076E-01   0.9927E-01   0.1115       0.1216       0.1376       0.1530       0.1739       0.1969       0.2196       0.2417       0.2604       0.2691       0.2733       0.2770       0.2803       0.2837       0.2881       0.2970       0.3187       0.3519       0.4018       0.4635       0.5368       0.6142       0.7203       0.8134       0.9116        1.019        1.137        1.269        1.419        1.595        1.801        2.051        2.359        2.742        3.233        3.674    
  Model data:    0.6738E-01   0.7457E-01   0.8205E-01   0.9216E-01   0.1004       0.1129       0.1226       0.1371       0.1512       0.1701       0.1920       0.2153       0.2394       0.2612       0.2715       0.2758       0.2791       0.2819       0.2836       0.2842       0.2886       0.3073       0.3414       0.3953       0.4626       0.5414       0.6233       0.7333       0.8286       0.9286        1.037        1.156        1.289        1.440        1.614        1.817        2.062        2.361        2.732        3.206        3.630    
  Misfit (%):     -1.4         -0.6         -1.2         -1.5         -1.2         -1.3         -0.8          0.4          1.2          2.2          2.5          2.0          1.0         -0.3         -0.9         -0.9         -0.8         -0.6          0.0          1.4          2.9          3.6          3.0          1.6          0.2         -0.9         -1.5         -1.8         -1.8         -1.8         -1.7         -1.7         -1.6         -1.4         -1.2         -0.9         -0.5         -0.1          0.4          0.8          1.2


  Beowulf task completed at 16:17 on 07 JAN 2013

  Computation time =       3.69 seconds.


