

  MarcoAir task started at 13:48 on 14 JAN 2013



      ######################################################################
      #                                                                    #
      #                 MarcoAir - Version 2.8.4   2 September 2007        #        
      #                 -------------------------------------------        #        
      #                                                                    #
      #      Develped by:  CSIRO Electromagnetic Modelling Group           #
      #                    Zonghou Xiong & Art Raiche                      #
      #                                                                    #
      #              For:  AMIRA project P223D                             #
      #                                                                    #
      ######################################################################

          INPUT DATA
          ----------

 AeroTEM Two Lines over Plate , Date : 060708,                                                                           
 1 1  1 0            ! TDFD, DO3D, PRFL, ISTOP                                                                           
 -1 5 0 2 20 2 2.1693  ! ISW, NSX, STEP, UNITS, NCHNL, KRXW, OFFTIME                                                     
 0.0000 0.0000                                                                                                           
 0.2910 126.00                                                                                                           
 0.5820 252.00                                                                                                           
 0.8730 126.00                                                                                                           
 1.1640 0.0000                                                                                                           
  0.72750                                                                                                                
  0.78040                                                                                                                
  0.83330                                                                                                                
  0.88620                                                                                                                
  0.93920                                                                                                                
  0.99210                                                                                                                
  1.04500                                                                                                                
  1.09790                                                                                                                
  1.20370                                                                                                                
  1.23020                                                                                                                
  1.25660                                                                                                                
  1.28310                                                                                                                
  1.33600                                                                                                                
  1.38890                                                                                                                
  1.44180                                                                                                                
  1.49470                                                                                                                
  1.56080                                                                                                                
  1.71960                                                                                                                
  2.03700                                                                                                                
  2.67200                                                                                                                
   0.02646                                                                                                               
   0.02646                                                                                                               
   0.02646                                                                                                               
   0.02646                                                                                                               
   0.02646                                                                                                               
   0.02646                                                                                                               
   0.02646                                                                                                               
   0.02646                                                                                                               
   0.02646                                                                                                               
   0.02646                                                                                                               
   0.02646                                                                                                               
   0.02646                                                                                                               
   0.02646                                                                                                               
   0.02646                                                                                                               
   0.02646                                                                                                               
   0.02646                                                                                                               
   0.10582                                                                                                               
   0.21164                                                                                                               
   0.42328                                                                                                               
   0.84656                                                                                                               
 0.000 1 0 1                ! TXCLN, CMP, KPPM, NRX                                                                      
 19.6  8                    ! TXAREA, NTRN                                                                               
 0.000 0.000 0.0            ! BRD_BELOW, BRD_BHND BRD_PERP                                                               
 14 2 0 0                   ! NSTAT, SURVEY, BAROMTRC, LINE_TAG                                                          
 -200.000   0.       120.                                                                                                
 -162.412   13.6808  120.                                                                                                
 -124.825   27.3616  120.                                                                                                
 -87.2369   41.0424  120.                                                                                                
 -49.6492   54.7232  130.                                                                                                
 -12.0615   68.4040  140.                                                                                                
  25.5262   82.0848  140.                                                                                                
  63.1139   95.7656  140.                                                                                                
  100.702   109.446  140.                                                                                                
  138.289   123.127  130.                                                                                                
  175.877   136.808  120.                                                                                                
  213.465   150.489  120.                                                                                                
  251.052   164.170  120.                                                                                                
  288.640   177.850  120.                                                                                                
 2 1 3 50                     ! NLAYER, NPRISM, NLITH, GND_LVL                                                           
    2. -1 1   1 .3 .001  .4   ! RES(1), SIG_T(1), RMU(1), REPS(1), CHRG(1), CTAU(1), CFREQ(1): LITH(1)                   
  275. -1 1.5 1 .3 .0001 .3   ! RES(2), SIG_T(2), RMU(2), REPS(2), CHRG(2), CTAU(2), CFREQ(2): LITH(2)                   
  300. -1 1   1  0. 0.   0.   ! RES(3), SIG_T(3), RMU(3), REPS(3), CHRG(3), CTAU(3), CFREQ(3): LITH(3)                   
 2 5.                         ! LITHL(1), THICK  (Overburden)                                                            
 3                            ! LITHL(2)         (Basement)                                                              
 2 1 11                       ! KACC, SOLVER, OUTPUT                                                                     
 1   0.  0. -10               ! LITHP(1), PRISM_EAST(1),  PRISM_NORTH(1),   PRISM_TOP(1)                                 
    20 120 100                !         PRSM_SIZE_EW(1), PRSM_SIZE_NS(1), PRSM_SIZE_Z(1)                                 
    10  15 12.5               !         CELL_SIZE_EW(1), CELL_SIZE_NS(1), CELL_SIZE_Z(1)                                 
                                                                                                                         
-------------------------------------------------------------------------------

 AeroTEM Two Lines over Plate , Date : 060708,

  TDFD =  1   DO3D =  1   PRFL =  1    ISTOP = 0

  ISW =  -1   NSX =   5   STEP = 0    UNITS =   2  NCHNL =  20
  KRXW =  2   OFFTYM =   2.169    


         +----------------------------------------------
         +    Time-Domain AEM Impulse System Input Data 
         +          dB/dt output will be in pT/s
         +----------------------------------------------


                          Transmitter current
           TXON (ms)      waveform in amps
           ---------      -----------------

      1        0.000         0.000    
      2        0.291         126.0    
      3        0.582         252.0    
      4        0.873         126.0    
      5        1.164         0.000    

         Receiver Window Specifications (ms)
         -----------------------------------

       Window     Open        Close      Width      Centre
       ------     ----        -----      -----      ------
          1       0.714       0.741      0.026       0.728
          2       0.767       0.794      0.026       0.780
          3       0.820       0.847      0.026       0.833
          4       0.873       0.899      0.026       0.886
          5       0.926       0.952      0.026       0.939
          6       0.979       1.005      0.026       0.992
          7       1.032       1.058      0.026       1.045
          8       1.085       1.111      0.026       1.098
          9       1.190       1.217      0.026       1.204
         10       1.217       1.243      0.026       1.230
         11       1.243       1.270      0.026       1.257
         12       1.270       1.296      0.026       1.283
         13       1.323       1.349      0.026       1.336
         14       1.376       1.402      0.026       1.389
         15       1.429       1.455      0.026       1.442
         16       1.481       1.508      0.026       1.495
         17       1.508       1.614      0.106       1.561
         18       1.614       1.825      0.212       1.720
         19       1.825       2.249      0.423       2.037
         20       2.249       3.095      0.847       2.672

  CMP =  3    KPPM =   0
  Inclination angle of transmitter in level flight =  0.0 degrees (front up)

  Tx area =      20 m^2;    NTRN = 8

  Initial Rx offset relative to Tx:    0.0 Below,    0.0 Behind,   0.0 Left


  NSTAT =  14   SURVEY = 2   BAROMTRC = 0   LINE_TAG = 0

       14 transmitter positions along the flight path

     Line   Stat     East       North       Alt      Bearing    Pitch   ZRX    XRX      YRX
     ----   ----     ----       -----       ---      -------    -----   ---    ---      ---

     1000     1      -200.0         0.0     120.0      70.0      0.0     0.0     0.0     0.0
     1000     2      -162.4        13.7     120.0      70.0      0.0     0.0     0.0     0.0
     1000     3      -124.8        27.4     120.0      70.0      0.0     0.0     0.0     0.0
     1000     4       -87.2        41.0     120.0      70.0      0.0     0.0     0.0     0.0
     1000     5       -49.6        54.7     130.0      70.0      0.0     0.0     0.0     0.0
     1000     6       -12.1        68.4     140.0      70.0      0.0     0.0     0.0     0.0
     1000     7        25.5        82.1     140.0      70.0      0.0     0.0     0.0     0.0
     1000     8        63.1        95.8     140.0      70.0      0.0     0.0     0.0     0.0
     1000     9       100.7       109.4     140.0      70.0      0.0     0.0     0.0     0.0
     1000    10       138.3       123.1     130.0      70.0      0.0     0.0     0.0     0.0
     1000    11       175.9       136.8     120.0      70.0      0.0     0.0     0.0     0.0
     1000    12       213.5       150.5     120.0      70.0      0.0     0.0     0.0     0.0
     1000    13       251.1       164.2     120.0      70.0      0.0     0.0     0.0     0.0
     1000    14       288.6       177.8     120.0      70.0      0.0     0.0     0.0     0.0


  NLAYER =  2;   NPLATE =  1;   NLITH =  3;   GND_LVL =   50.00


                          LITHOLOGY PROPERTIES
                          --------------------

                                  Relative   Relative     Cole-Cole Parameters
        Resistivity  Conductance     MU     Dielectric   CHRG    CTAU       CFREQ

   1      2.000         -1.0       1.000      1.000      0.30   0.100E-02    0.40
   2      275.0         -1.0       1.500      1.000      0.30   0.100E-03    0.30
   3      300.0         -1.0       1.000      1.000      0.00    0.00        0.00


                          LITHOLOGY PROPERTIES
                          --------------------

                                  Relative   Relative     Cole-Cole Parameters
        Resistivity  Conductance     MU     Dielectric   CHRG    CTAU       CFREQ

   1      2.000         -1.0       1.000      1.000      0.30   0.100E-02    0.40
   2      275.0         -1.0       1.500      1.000      0.30   0.100E-03    0.30
   3      300.0         -1.0       1.000      1.000      0.00    0.00        1.00


  LAYERED EARTH INPUT DATA
  ------------------------

   1   2    5.0   J, LITH(J), THK(J)
   2   3             Basement Lithology


  INITIAL PARAMETERS FOR  1 PRISMS
  ---------------------------------------
  KACC = 2    SOLVER = 1    OUTPUT = 11

  J, LITHP, PRISM_EAST, PRISM_NORTH, PRISM_TOP:   1   1         0.0         0.0       -10.0
     PRSM_SIZE_EW, PRSM_SIZE_NS, PRSM_SIZE_Z                   20.0       120.0       100.0
     CELL_SIZE_EW, CELL_SIZE_NS, CELL_SIZE_Z                   10.0        15.0        12.5

  The prism structure has two-fold symmetry about
  East-North coordinates:   0.000       0.000    

  It has been reduced to an equivalent single quadrant structure
  to allow faster computation using a group symmetry option.


         Description of PRISM  1
         -----------------------

  PRISM  1 extends:
           from    0.0  to   10.0 - West to East
           from    0.0  to   60.0 - South to North
           from   60.0  to  160.0 - Below Air-Earth Interface

  PRISM  1 is discretised into:
             1 cells of length   10.0 m.  East-West
             4 cells of length   15.0 m.  North-South
             8 cells of length   12.5 m.  Vertically

  PRISM  1 resistivity =   2.000     ohm-m
           Relative MU =   1.00    Relative EPSILON =   1.00
             PRSM_CHRG =   0.30    PRSM_CFR =  0.40    PRSM_TAU =  0.1000E-02

  The frequency-domain results are directly computed from
     1.000     Hz to   10.00     Hz, using  3 points per decade and from
     10.00     Hz to  0.1000E+06 Hz, using  6 points per decade.

  These are used to construct the frequency-domain spectrum from DC to  0.1000E+06 Hz
  before transformation to the time domain.


          +----------------------------------+
          +  Layered Earth Model Parameters  +
          +----------------------------------+

 Layer  Thickness  Resistivity   MU-R   EPS-R   CHRG    CTAU      CFREQ
 -----  ---------  -----------   ----   -----   ----    ----      -----
   1        5.0      275.0       1.50   1.00    0.30   0.10E-03   0.30
   2                 300.0       1.00   1.00    0.00    0.0       1.00

  Marco_Air will compute 3D responses for a time-domain AEM system
  using accuracy level:   2

---------------------------------------------------------------------------
                       END OF INPUT DATA DESCRIPTION
---------------------------------------------------------------------------


  TIME-DOMAIN MarcoAir OUTPUT
  ----------------------------

  The IN-LINE component is defined as the horizontal component along
  the flight path.  It is positive in the forward flight direction.

  The TRANSVERSE component is the horizontal component along
  perpendicular to the flight path.

  The receiver is   0.0 metres below and   0.0 metres behind the transmitter.  


 TITLE:  AeroTEM Two Lines over Plate , Date : 060708,
 -----

          VERTICAL COMPONENT - pT/s

         TRANSMITTER POSITION      CHNL 1       CHNL 2       CHNL 3       CHNL 4       CHNL 5       CHNL 6       CHNL 7       CHNL 8       CHNL 9      CHNL 10      CHNL 11      CHNL 12      CHNL 13      CHNL 14      CHNL 15      CHNL 16      CHNL 17      CHNL 18      CHNL 19      CHNL 20 
         EAST     NORTH    ALT     0.728        0.780        0.833        0.886        0.939        0.992        1.045        1.098        1.204        1.230        1.257        1.283        1.336        1.389        1.442        1.495        1.561        1.720        2.037        2.672

  1      -200         0    120   -0.2689E+05  -0.1797E+05  -0.1296E+05   -9827.       -7718.       -6228.       -5130.       -4265.       0.1040E+06   0.6279E+05   0.4321E+05   0.3181E+05   0.1947E+05   0.1316E+05    9460.        7096.        5236.        2842.        1140.        322.7    
  2      -162        14    120   -0.2688E+05  -0.1794E+05  -0.1293E+05   -9809.       -7705.       -6218.       -5123.       -4260.       0.1048E+06   0.6319E+05   0.4336E+05   0.3184E+05   0.1945E+05   0.1313E+05    9441.        7082.        5226.        2838.        1139.        322.5    
  3      -125        27    120   -0.2676E+05  -0.1787E+05  -0.1289E+05   -9781.       -7686.       -6205.       -5113.       -4252.       0.1052E+06   0.6318E+05   0.4324E+05   0.3171E+05   0.1936E+05   0.1308E+05    9408.        7060.        5212.        2832.        1137.        322.2    
  4       -87        41    120   -0.2656E+05  -0.1777E+05  -0.1284E+05   -9747.       -7664.       -6190.       -5102.       -4244.       0.1047E+06   0.6260E+05   0.4281E+05   0.3142E+05   0.1923E+05   0.1301E+05    9367.        7035.        5197.        2826.        1136.        321.9    
  5       -50        55    130   -0.2441E+05  -0.1650E+05  -0.1201E+05   -9163.       -7231.       -5857.       -4839.       -4039.       0.9183E+05   0.5570E+05   0.3854E+05   0.2855E+05   0.1770E+05   0.1208E+05    8751.        6601.        4895.        2679.        1085.        310.1    
  6       -12        68    140   -0.2257E+05  -0.1539E+05  -0.1127E+05   -8634.       -6836.       -5552.       -4597.       -3848.       0.8133E+05   0.5008E+05   0.3501E+05   0.2615E+05   0.1639E+05   0.1127E+05    8200.        6208.        4620.        2544.        1038.        298.9    
  7        26        82    140   -0.2259E+05  -0.1540E+05  -0.1127E+05   -8637.       -6839.       -5554.       -4599.       -3849.       0.8145E+05   0.5016E+05   0.3507E+05   0.2618E+05   0.1640E+05   0.1127E+05    8204.        6211.        4621.        2544.        1038.        298.9    
  8        63        96    140   -0.2269E+05  -0.1545E+05  -0.1130E+05   -8652.       -6848.       -5560.       -4603.       -3853.       0.8190E+05   0.5051E+05   0.3529E+05   0.2633E+05   0.1647E+05   0.1131E+05    8222.        6222.        4628.        2547.        1038.        299.0    
  9       101       109    140   -0.2280E+05  -0.1551E+05  -0.1133E+05   -8672.       -6861.       -5569.       -4610.       -3858.       0.8218E+05   0.5080E+05   0.3551E+05   0.2648E+05   0.1654E+05   0.1135E+05    8245.        6237.        4637.        2551.        1039.        299.1    
 10       138       123    130   -0.2466E+05  -0.1664E+05  -0.1209E+05   -9213.       -7265.       -5880.       -4856.       -4052.       0.9207E+05   0.5619E+05   0.3897E+05   0.2888E+05   0.1788E+05   0.1218E+05    8811.        6639.        4919.        2689.        1088.        310.6    
 11       176       137    120   -0.2663E+05  -0.1784E+05  -0.1289E+05   -9789.       -7694.       -6211.       -5118.       -4257.       0.1031E+06   0.6197E+05   0.4264E+05   0.3143E+05   0.1930E+05   0.1308E+05    9413.        7067.        5218.        2835.        1138.        322.4    
 12       213       150    120   -0.2660E+05  -0.1784E+05  -0.1290E+05   -9795.       -7699.       -6215.       -5122.       -4260.       0.1027E+06   0.6165E+05   0.4247E+05   0.3134E+05   0.1929E+05   0.1308E+05    9418.        7072.        5222.        2837.        1139.        322.5    
 13       251       164    120   -0.2653E+05  -0.1782E+05  -0.1289E+05   -9793.       -7699.       -6216.       -5123.       -4261.       0.1024E+06   0.6136E+05   0.4227E+05   0.3123E+05   0.1925E+05   0.1306E+05    9414.        7071.        5223.        2838.        1139.        322.6    
 14       289       178    120   -0.2645E+05  -0.1779E+05  -0.1288E+05   -9787.       -7696.       -6215.       -5122.       -4261.       0.1022E+06   0.6114E+05   0.4210E+05   0.3111E+05   0.1920E+05   0.1304E+05    9404.        7067.        5221.        2838.        1139.        322.7    
-------------------------------------------------------------------------------------


          IN-LINE COMPONENT - pT/s

         TRANSMITTER POSITION      CHNL 1       CHNL 2       CHNL 3       CHNL 4       CHNL 5       CHNL 6       CHNL 7       CHNL 8       CHNL 9      CHNL 10      CHNL 11      CHNL 12      CHNL 13      CHNL 14      CHNL 15      CHNL 16      CHNL 17      CHNL 18      CHNL 19      CHNL 20 
         EAST     NORTH    ALT     0.728        0.780        0.833        0.886        0.939        0.992        1.045        1.098        1.204        1.230        1.257        1.283        1.336        1.389        1.442        1.495        1.561        1.720        2.037        2.672

  1      -200         0    120     196.5        153.7        111.2        81.09        60.08        45.59        35.55        28.13        401.3        65.48       -123.2       -182.5       -165.7       -120.9       -86.23       -62.37       -43.40       -20.57       -6.603       -1.376    
  2      -162        14    120     344.1        219.8        144.2        99.44        71.27        52.74        40.34        31.56       -75.70       -426.1       -470.9       -408.8       -262.0       -166.4       -109.8       -76.06       -51.26       -23.27       -7.176       -1.455    
  3      -125        27    120     459.6        260.2        160.0        105.9        74.13        53.94        40.64        31.53       -923.1       -1038.       -827.7       -610.3       -329.7       -191.7       -120.1       -80.59       -53.16       -23.41       -7.013       -1.391    
  4       -87        41    120     474.6        248.0        145.4        93.35        64.21        46.17        34.40        26.52       -1688.       -1424.       -992.2       -672.5       -327.4       -179.0       -108.0       -70.74       -45.96       -19.81       -5.806       -1.130    
  5       -50        55    130     279.8        141.5        81.28        51.52        35.18        25.19        18.68        14.36       -1212.       -930.5       -618.4       -406.5       -190.0       -101.2       -60.08       -38.96       -25.17       -10.76       -3.127      -0.6025    
  6       -12        68    140     50.31        24.81        13.96        8.717        5.894        4.187        3.086        2.363       -222.0       -172.1       -113.9       -74.11       -33.81       -17.62       -10.27       -6.584       -4.216       -1.779      -0.5075      -0.9555E-01
  7        26        82    140    -132.6       -69.99       -41.47       -26.86       -18.59       -13.44       -10.06       -7.777        509.1        403.9        276.8        187.1        91.75        50.68        30.87        20.36        13.31        5.796        1.719       0.3384    
  8        63        96    140    -241.6       -132.3       -80.11       -52.59       -36.69       -26.67       -20.05       -15.54        726.0        647.4        471.3        331.1        170.3        96.74        59.93        39.96        26.30        11.56        3.457       0.6845    
  9       101       109    140    -258.8       -151.7       -95.54       -64.35       -45.57       -33.48       -25.41       -19.81        484.4        542.9        443.3        335.0        188.4        112.7        72.10        49.06        32.73        14.66        4.468       0.8975    
 10       138       123    130    -234.7       -152.0       -101.1       -70.37       -50.82       -37.85       -29.07       -22.81        118.2        304.0        320.1        276.6        179.4        115.5        77.16        53.87        36.59        16.80        5.236        1.068    
 11       176       137    120    -154.0       -120.4       -87.72       -64.40       -47.98       -36.58       -28.59       -22.68       -219.2       -11.34        108.2        145.1        129.2        94.79        68.13        49.55        34.70        16.58        5.357        1.119    
 12       213       150    120    -55.12       -67.33       -57.90       -46.31       -36.37       -28.81       -23.11       -18.65       -300.1       -189.2       -61.45        12.49        58.42        56.36        46.01        35.84        26.43        13.49        4.620        1.004    
 13       251       164    120     17.24       -21.68       -29.66       -28.09       -24.20       -20.38       -16.99       -14.11       -265.0       -240.2       -146.8       -71.43        1.943        21.85        24.50        21.86        17.67        10.03        3.741       0.8593    
 14       289       178    120     60.01        11.68       -6.573       -12.18       -13.13       -12.44       -11.11       -9.678       -197.2       -220.6       -168.9       -110.3       -35.48       -4.696        6.407        9.506        9.592        6.679        2.845       0.7081    
-------------------------------------------------------------------------------------


          TRANSVERSE COMPONENT - pT/s

         TRANSMITTER POSITION      CHNL 1       CHNL 2       CHNL 3       CHNL 4       CHNL 5       CHNL 6       CHNL 7       CHNL 8       CHNL 9      CHNL 10      CHNL 11      CHNL 12      CHNL 13      CHNL 14      CHNL 15      CHNL 16      CHNL 17      CHNL 18      CHNL 19      CHNL 20 
         EAST     NORTH    ALT     0.728        0.780        0.833        0.886        0.939        0.992        1.045        1.098        1.204        1.230        1.257        1.283        1.336        1.389        1.442        1.495        1.561        1.720        2.037        2.672

  1      -200         0    120    -113.1       -88.47       -63.99       -46.68       -34.59       -26.25       -20.46       -16.20       -231.0       -37.70        70.94        105.1        95.41        69.60        49.65        35.91        24.99        11.84        3.802       0.7923    
  2      -162        14    120    -200.5       -127.4       -83.42       -57.43       -41.13       -30.42       -23.25       -18.19        59.71        256.9        278.1        239.4        152.3        96.37        63.50        43.93        29.58        13.41        4.132       0.8367    
  3      -125        27    120    -268.0       -150.9       -92.43       -61.05       -42.68       -31.03       -23.36       -18.11        564.9        618.7        488.1        357.7        191.7        111.0        69.35        46.46        30.61        13.46        4.023       0.7964    
  4       -87        41    120    -275.1       -142.9       -83.42       -53.41       -36.67       -26.34       -19.60       -15.10        1006.        838.8        580.6        391.6        189.3        103.0        61.90        40.46        26.25        11.29        3.300       0.6401    
  5       -50        55    130    -159.0       -79.85       -45.63       -28.81       -19.63       -14.03       -10.39       -7.980        701.2        535.8        354.5        232.0        107.7        57.00        33.69        21.78        14.04        5.986        1.732       0.3323    
  6       -12        68    140    -24.62       -11.71       -6.386       -3.892       -2.589       -1.815       -1.322       -1.005        112.5        87.95        57.67        36.99        16.30        8.218        4.662        2.933        1.850       0.7630       0.2107       0.3809E-01
  7        26        82    140     80.63        42.97        25.64        16.68        11.58        8.394        6.293        4.870       -304.7       -241.9       -166.5       -113.1       -56.03       -31.20       -19.11       -12.65       -8.295       -3.625       -1.080      -0.2138    
  8        63        96    140     140.4        77.65        47.31        31.19        21.82        15.89        11.97        9.288       -406.1       -367.2       -269.9       -191.0       -99.38       -56.90       -35.44       -23.71       -15.64       -6.899       -2.072      -0.4122    
  9       101       109    140     145.6        86.69        55.11        37.33        26.54        19.55        14.88        11.61       -242.8       -288.9       -242.3       -186.1       -106.8       -64.65       -41.66       -28.48       -19.07       -8.583       -2.630      -0.5311    
 10       138       123    130     125.5        83.93        56.74        39.90        28.98        21.68        16.71        13.15       -8.809       -130.3       -156.8       -143.0       -97.45       -64.17       -43.44       -30.56       -20.88       -9.662       -3.037      -0.6241    
 11       176       137    120     72.91        62.48        47.23        35.34        26.63        20.46        16.09        12.81        191.7        63.63       -23.72       -58.92       -64.23       -49.92       -36.89       -27.23       -19.27       -9.339       -3.058      -0.6457    
 12       213       150    120     14.42        30.44        28.98        24.18        19.42        15.61        12.65        10.28        220.9        158.0        72.12        18.12       -21.87       -26.58       -23.31       -18.75       -14.13       -7.400       -2.590      -0.5717    
 13       251       164    120    -26.85        3.577        12.11        13.19        12.04        10.48        8.917        7.500        184.4        176.0        115.8        64.35        10.91       -6.123       -10.41       -10.31       -8.810       -5.286       -2.049      -0.4822    
 14       289       178    120    -49.76       -15.44       -1.368        3.791        5.454        5.733        5.380        4.834        133.2        153.7        121.7        83.10        31.69        9.182       0.2120       -2.994       -3.996       -3.270       -1.506      -0.3901    
-------------------------------------------------------------------------------------


     SCATTERED RESPONSE -  UNITS = pT/s
     ---------------------------------
       The layered earth response is stripped from each component



 TITLE:  AeroTEM Two Lines over Plate , Date : 060708,
 -----
          SCATTERED VERTICAL COMPONENT - pT/s

         TRANSMITTER POSITION      CHNL 1       CHNL 2       CHNL 3       CHNL 4       CHNL 5       CHNL 6       CHNL 7       CHNL 8       CHNL 9      CHNL 10      CHNL 11      CHNL 12      CHNL 13      CHNL 14      CHNL 15      CHNL 16      CHNL 17      CHNL 18      CHNL 19      CHNL 20 
         EAST     NORTH    ALT     0.728        0.780        0.833        0.886        0.939        0.992        1.045        1.098        1.204        1.230        1.257        1.283        1.336        1.389        1.442        1.495        1.561        1.720        2.037        2.672

  1      -200         0    120    -734.5       -379.7       -215.7       -133.4       -88.20       -60.88       -43.74       -32.62        2041.        1999.        1487.        1038.        510.4        274.2        160.3        101.7        63.40        25.08        6.405        1.028    
  2      -162        14    120    -723.9       -351.3       -192.0       -115.6       -75.30       -51.45       -36.52       -27.07        2857.        2401.        1632.        1072.        487.2        249.3        141.1        87.66        53.99        20.95        5.235       0.8203    
  3      -125        27    120    -613.4       -281.9       -148.8       -87.38       -56.08       -37.98       -26.65       -19.63        3249.        2393.        1511.        944.2        401.7        196.8        108.3        65.91        40.15        15.30        3.737       0.5663    
  4       -87        41    120    -411.6       -181.7       -93.33       -53.73       -34.05       -22.90       -15.91       -11.64        2717.        1806.        1080.        651.4        264.2        125.2        67.45        40.36        24.38        9.140        2.183       0.3162    
  5       -50        55    130    -154.9       -69.16       -36.00       -20.92       -13.33       -9.008       -6.279       -4.591        1086.        692.2        407.2        244.5        99.90        47.93        26.14        15.74        9.564        3.604       0.8670       0.1257    
  6       -12        68    140    -44.18       -21.41       -11.92       -7.250       -4.739       -3.266       -2.313       -1.701        304.6        186.8        109.5        67.10        29.58        15.31        8.841        5.506        3.423        1.323       0.3307       0.5029E-01
  7        26        82    140    -66.51       -31.98       -17.65       -10.69       -6.984       -4.809       -3.413       -2.520        424.4        271.5        163.0        100.9        44.38        22.75        13.03        8.105        5.031        1.954       0.4924       0.7670E-01
  8        63        96    140    -162.9       -77.63       -42.28       -25.42       -16.57       -11.37       -8.069       -5.977        877.5        620.3        390.3        246.4        108.4        54.89        31.07        19.25        11.90        4.629        1.166       0.1835    
  9       101       109    140    -270.5       -133.1       -73.79       -44.95       -29.52       -20.33       -14.53       -10.81        1155.        912.3        608.9        398.7        183.0        94.91        54.47        34.12        21.20        8.338        2.124       0.3403    
 10       138       123    130    -399.2       -203.9       -115.4       -71.27       -47.14       -32.59       -23.41       -17.47        1319.        1175.        837.0        571.1        275.4        146.9        85.69        54.27        33.89        13.43        3.447       0.5569    
 11       176       137    120    -481.8       -259.3       -151.2       -95.21       -63.62       -44.28       -32.06       -24.00        1133.        1177.        915.2        660.9        341.6        189.4        113.2        72.78        45.85        18.39        4.772       0.7772    
 12       213       150    120    -444.4       -256.7       -156.3       -101.3       -68.85       -48.57       -35.57       -26.80        699.1        859.7        742.1        576.1        326.5        191.2        118.5        77.83        49.82        20.45        5.429       0.8992    
 13       251       164    120    -375.7       -234.2       -149.6       -99.99       -69.34       -49.71       -36.85       -27.96        389.2        567.0        546.0        457.6        286.5        178.0        114.8        77.25        50.43        21.26        5.795       0.9774    
 14       289       178    120    -296.8       -200.4       -134.8       -93.17       -66.13       -48.30       -36.27       -27.76        199.2        346.2        372.3        337.7        234.8        155.5        104.6        72.38        48.36        21.03        5.912        1.019    
-------------------------------------------------------------------------------------

          SCATTERED IN-LINE COMPONENT - pT/s

         TRANSMITTER POSITION      CHNL 1       CHNL 2       CHNL 3       CHNL 4       CHNL 5       CHNL 6       CHNL 7       CHNL 8       CHNL 9      CHNL 10      CHNL 11      CHNL 12      CHNL 13      CHNL 14      CHNL 15      CHNL 16      CHNL 17      CHNL 18      CHNL 19      CHNL 20 
         EAST     NORTH    ALT     0.728        0.780        0.833        0.886        0.939        0.992        1.045        1.098        1.204        1.230        1.257        1.283        1.336        1.389        1.442        1.495        1.561        1.720        2.037        2.672

  1      -200         0    120     196.5        153.7        111.2        81.09        60.08        45.59        35.55        28.13        401.3        65.48       -123.2       -182.5       -165.7       -120.9       -86.23       -62.37       -43.40       -20.57       -6.603       -1.376    
  2      -162        14    120     344.1        219.8        144.2        99.44        71.27        52.74        40.34        31.56       -75.70       -426.1       -470.9       -408.8       -262.0       -166.4       -109.8       -76.06       -51.26       -23.27       -7.176       -1.455    
  3      -125        27    120     459.6        260.2        160.0        105.9        74.13        53.94        40.64        31.53       -923.1       -1038.       -827.7       -610.3       -329.7       -191.7       -120.1       -80.59       -53.16       -23.41       -7.013       -1.391    
  4       -87        41    120     474.6        248.0        145.4        93.35        64.21        46.17        34.40        26.52       -1688.       -1424.       -992.2       -672.5       -327.4       -179.0       -108.0       -70.74       -45.96       -19.81       -5.806       -1.130    
  5       -50        55    130     279.8        141.5        81.28        51.52        35.18        25.19        18.68        14.36       -1212.       -930.5       -618.4       -406.5       -190.0       -101.2       -60.08       -38.96       -25.17       -10.76       -3.127      -0.6025    
  6       -12        68    140     50.31        24.81        13.96        8.717        5.894        4.187        3.086        2.363       -222.0       -172.1       -113.9       -74.11       -33.81       -17.62       -10.27       -6.584       -4.216       -1.779      -0.5075      -0.9555E-01
  7        26        82    140    -132.6       -69.99       -41.47       -26.86       -18.59       -13.44       -10.06       -7.777        509.1        403.9        276.8        187.1        91.75        50.68        30.87        20.36        13.31        5.796        1.719       0.3384    
  8        63        96    140    -241.6       -132.3       -80.11       -52.59       -36.69       -26.67       -20.05       -15.54        726.0        647.4        471.3        331.1        170.3        96.74        59.93        39.96        26.30        11.56        3.457       0.6845    
  9       101       109    140    -258.8       -151.7       -95.54       -64.35       -45.57       -33.48       -25.41       -19.81        484.4        542.9        443.3        335.0        188.4        112.7        72.10        49.06        32.73        14.66        4.468       0.8975    
 10       138       123    130    -234.7       -152.0       -101.1       -70.37       -50.82       -37.85       -29.07       -22.81        118.2        304.0        320.1        276.6        179.4        115.5        77.16        53.87        36.59        16.80        5.236        1.068    
 11       176       137    120    -154.0       -120.4       -87.72       -64.40       -47.98       -36.58       -28.59       -22.68       -219.2       -11.34        108.2        145.1        129.2        94.79        68.13        49.55        34.70        16.58        5.357        1.119    
 12       213       150    120    -55.12       -67.33       -57.90       -46.31       -36.37       -28.81       -23.11       -18.65       -300.1       -189.2       -61.45        12.49        58.42        56.36        46.01        35.84        26.43        13.49        4.620        1.004    
 13       251       164    120     17.24       -21.68       -29.66       -28.09       -24.20       -20.38       -16.99       -14.11       -265.0       -240.2       -146.8       -71.43        1.943        21.85        24.50        21.86        17.67        10.03        3.741       0.8593    
 14       289       178    120     60.01        11.68       -6.573       -12.18       -13.13       -12.44       -11.11       -9.678       -197.2       -220.6       -168.9       -110.3       -35.48       -4.696        6.407        9.506        9.592        6.679        2.845       0.7081    
-------------------------------------------------------------------------------------

          SCATTERED TRANSVERSE COMPONENT - pT/s

         TRANSMITTER POSITION      CHNL 1       CHNL 2       CHNL 3       CHNL 4       CHNL 5       CHNL 6       CHNL 7       CHNL 8       CHNL 9      CHNL 10      CHNL 11      CHNL 12      CHNL 13      CHNL 14      CHNL 15      CHNL 16      CHNL 17      CHNL 18      CHNL 19      CHNL 20 
         EAST     NORTH    ALT     0.728        0.780        0.833        0.886        0.939        0.992        1.045        1.098        1.204        1.230        1.257        1.283        1.336        1.389        1.442        1.495        1.561        1.720        2.037        2.672

  1      -200         0    120    -113.1       -88.47       -63.99       -46.68       -34.59       -26.25       -20.46       -16.20       -231.0       -37.70        70.94        105.1        95.41        69.60        49.65        35.91        24.99        11.84        3.802       0.7923    
  2      -162        14    120    -200.5       -127.4       -83.42       -57.43       -41.13       -30.42       -23.25       -18.19        59.71        256.9        278.1        239.4        152.3        96.37        63.50        43.93        29.58        13.41        4.132       0.8367    
  3      -125        27    120    -268.0       -150.9       -92.43       -61.05       -42.68       -31.03       -23.36       -18.11        564.9        618.7        488.1        357.7        191.7        111.0        69.35        46.46        30.61        13.46        4.023       0.7964    
  4       -87        41    120    -275.1       -142.9       -83.42       -53.41       -36.67       -26.34       -19.60       -15.10        1006.        838.8        580.6        391.6        189.3        103.0        61.90        40.46        26.25        11.29        3.300       0.6401    
  5       -50        55    130    -159.0       -79.85       -45.63       -28.81       -19.63       -14.03       -10.39       -7.980        701.2        535.8        354.5        232.0        107.7        57.00        33.69        21.78        14.04        5.986        1.732       0.3323    
  6       -12        68    140    -24.62       -11.71       -6.386       -3.892       -2.589       -1.815       -1.322       -1.005        112.5        87.95        57.67        36.99        16.30        8.218        4.662        2.933        1.850       0.7630       0.2107       0.3809E-01
  7        26        82    140     80.63        42.97        25.64        16.68        11.58        8.394        6.293        4.870       -304.7       -241.9       -166.5       -113.1       -56.03       -31.20       -19.11       -12.65       -8.295       -3.625       -1.080      -0.2138    
  8        63        96    140     140.4        77.65        47.31        31.19        21.82        15.89        11.97        9.288       -406.1       -367.2       -269.9       -191.0       -99.38       -56.90       -35.44       -23.71       -15.64       -6.899       -2.072      -0.4122    
  9       101       109    140     145.6        86.69        55.11        37.33        26.54        19.55        14.88        11.61       -242.8       -288.9       -242.3       -186.1       -106.8       -64.65       -41.66       -28.48       -19.07       -8.583       -2.630      -0.5311    
 10       138       123    130     125.5        83.93        56.74        39.90        28.98        21.68        16.71        13.15       -8.809       -130.3       -156.8       -143.0       -97.45       -64.17       -43.44       -30.56       -20.88       -9.662       -3.037      -0.6241    
 11       176       137    120     72.91        62.48        47.23        35.34        26.63        20.46        16.09        12.81        191.7        63.63       -23.72       -58.92       -64.23       -49.92       -36.89       -27.23       -19.27       -9.339       -3.058      -0.6457    
 12       213       150    120     14.42        30.44        28.98        24.18        19.42        15.61        12.65        10.28        220.9        158.0        72.12        18.12       -21.87       -26.58       -23.31       -18.75       -14.13       -7.400       -2.590      -0.5717    
 13       251       164    120    -26.85        3.577        12.11        13.19        12.04        10.48        8.917        7.500        184.4        176.0        115.8        64.35        10.91       -6.123       -10.41       -10.31       -8.810       -5.286       -2.049      -0.4822    
 14       289       178    120    -49.76       -15.44       -1.368        3.791        5.454        5.733        5.380        4.834        133.2        153.7        121.7        83.10        31.69        9.182       0.2120       -2.994       -3.996       -3.270       -1.506      -0.3901    
-------------------------------------------------------------------------------------



  MarcoAir forward model completed at 13:49 on 14 JAN 2013

  Computation time =       3.68 seconds.


