

  MarcoAir task started at 13:49 on 14 JAN 2013



      ######################################################################
      #                                                                    #
      #                 MarcoAir - Version 2.8.4   2 September 2007        #        
      #                 -------------------------------------------        #        
      #                                                                    #
      #      Develped by:  CSIRO Electromagnetic Modelling Group           #
      #                    Zonghou Xiong & Art Raiche                      #
      #                                                                    #
      #              For:  AMIRA project P223D                             #
      #                                                                    #
      ######################################################################

          INPUT DATA
          ----------

 Dighem over a Kimberlite pipe under a conductive clay cap and magnetic layer                                            
 2 1 1 0           ! TDFD, DO3D, PRFL, ISTOP                                                                             
 5 1 3             ! NFREQ, CMP, NPPF                                                                                    
   400 0. 8.1 0  0          ! FREQ(1), ZRX(1), XRX(1), YRX(1) , TXCLN(1)                                                 
   900 0. 8.1 0 90          ! FREQ(2), ZRX(2), XRX(2), YRX(2) , TXCLN(2)                                                 
  5500 0. 8.1 0 90          ! FREQ(3), ZRX(3), XRX(3), YRX(3) , TXCLN(3)                                                 
  7200 0. 8.1 0  0          ! FREQ(4), ZRX(4), XRX(4), YRX(4) , TXCLN(4)                                                 
 56000 0. 6.3 0  0          ! FREQ(5), ZRX(5), XRX(5), YRX(5) , TXCLN(5)                                                 
 33 1 0 0                   ! NSTAT, SURVEY, BAROMTRC, LINE_TAG                                                          
 -160 0 30 90 32*10.	   ! EAST(1), NORTH(1), ALT(1), BEARING, DSTAT                                                      
 4 3 5 200                  ! NLAYER, NPRISM, NLITH, GND_LVL                                                             
 2000. -1 1.  1. 0. 0. 1.        !       sand: RES(1), SIG_T(1), RMU(1), REPS(1), CHRG(1), CTAU(1), CFREQ(1)             
 1000. -1 1.5 1. 0. 0. 1.        !  sandstone: RES(1), SIG_T(2), RMU(2), REPS(2), CHRG(2), CTAU(2), CFREQ(2)             
   80. -1 1.2 1. 0. 0. 1.        !  siltstone: RES(1), SIG_T(3), RMU(3), REPS(3), CHRG(3), CTAU(3), CFREQ(3)             
   50. -1 1. 1. .25 .001 .25     !       clay: RES(1), SIG_T(4), RMU(4), REPS(4), CHRG(4), CTAU(4), CFREQ(4)             
  200. -1 1. 1. 0. 0. 1.         ! kimberlite: RES(1), SIG_T(5), RMU(5), REPS(5), CHRG(5), CTAU(5), CFREQ(5)             
 1  15                    ! THICK(1), LithL(1)  Sand       Lyr 1                                                         
 2 100                    ! THICK(2), LithL(2)  Sandstone  Lyr 2                                                         
 3 150                    ! THICK(3), LithL(3)  Siltstone  Lyr 3                                                         
 1                        !           LithL(4)  Basement   Lyr 4                                                         
 2 1 11                   ! KACC, SOLVER, OUTPUT                                                                         
 1  0.   0. 185.          ! LITHP(1) PRISM_EAST(1),  PRISM_NORTH(1),   PRISM_TOP(1)                                      
  120. 120.  15.          !        PRSM_SIZE_EW(1), PRSM_SIZE_NS(1), PRSM_SIZE_Z(1)                                      
    15  15   15.          !        CELL_SIZE_EW(1), CELL_SIZE_NS(1), CELL_SIZE_Z(1)                                      
 4  0.   0. 170.          ! LITHP(2) PRISM_EAST(2),  PRISM_NORTH(2),   PRISM_TOP(2)                                      
  120. 120.  40.          !        PRSM_SIZE_EW(2), PRSM_SIZE_NS(2), PRSM_SIZE_Z(2)                                      
   15  15    13           !        CELL_SIZE_EW(2), CELL_SIZE_NS(2), CELL_SIZE_Z(2)                                      
 5  0.   0. 130           ! LITHP(3) PRISM_EAST(3),  PRISM_NORTH(3),   PRISM_TOP(3)                                      
  120. 120. 330.          !        PRSM_SIZE_EW(3), PRSM_SIZE_NS(3), PRSM_SIZE_Z(3)                                      
   15   15   15.          !        CELL_SIZE_EW(3), CELL_SIZE_NS(3), CELL_SIZE_Z(3)                                      
-------------------------------------------------------------------------------

 Dighem over a Kimberlite pipe under a conductive clay cap and magnetic layer

  TDFD =  2   DO3D =  1   PRFL =  1    ISTOP = 0

          +------------------------------------------------+
          +  Frequency-Domain Airborne System Information  +
          +------------------------------------------------+

  NFRQ =  5;  CMP = 1;  NPPF = 3
  Data will be expressed as ppm 

  Frequencies, Tx Angles and Receiver Offset(s)

     Frequency  TXCLN  TXAZM   ZRX   XRX   YRX   CONFIG
     ---------  -----  -----   ---   ---   ---   ------
  1     400.      0.     0.    0.0   8.1   0.0    HCP
  2     900.     90.     0.    0.0   8.1   0.0    VCA
  3    5500.     90.     0.    0.0   8.1   0.0    VCA
  4    7200.      0.     0.    0.0   8.1   0.0    HCP
  5   56000.      0.     0.    0.0   6.3   0.0    HCP


  NSTAT =  33   SURVEY = 1   BAROMTRC = 0   LINE_TAG = 0
  The flight path follows an angle of  90. degrees East of North.

       33 transmitter positions along the flight path

     Line   Stat       East        North       Alt     Bearing
     ----   ----       ----        -----       ---     -------
     1000     1        -160.0         0.0      30.0      90.0
     1000     2        -150.0         0.0      30.0      90.0
     1000     3        -140.0         0.0      30.0      90.0
     1000     4        -130.0         0.0      30.0      90.0
     1000     5        -120.0         0.0      30.0      90.0
     1000     6        -110.0         0.0      30.0      90.0
     1000     7        -100.0         0.0      30.0      90.0
     1000     8         -90.0         0.0      30.0      90.0
     1000     9         -80.0         0.0      30.0      90.0
     1000    10         -70.0         0.0      30.0      90.0
     1000    11         -60.0         0.0      30.0      90.0
     1000    12         -50.0         0.0      30.0      90.0
     1000    13         -40.0         0.0      30.0      90.0
     1000    14         -30.0         0.0      30.0      90.0
     1000    15         -20.0         0.0      30.0      90.0
     1000    16         -10.0         0.0      30.0      90.0
     1000    17           0.0         0.0      30.0      90.0
     1000    18          10.0         0.0      30.0      90.0
     1000    19          20.0         0.0      30.0      90.0
     1000    20          30.0         0.0      30.0      90.0
     1000    21          40.0         0.0      30.0      90.0
     1000    22          50.0         0.0      30.0      90.0
     1000    23          60.0         0.0      30.0      90.0
     1000    24          70.0         0.0      30.0      90.0
     1000    25          80.0         0.0      30.0      90.0
     1000    26          90.0         0.0      30.0      90.0
     1000    27         100.0         0.0      30.0      90.0
     1000    28         110.0         0.0      30.0      90.0
     1000    29         120.0         0.0      30.0      90.0
     1000    30         130.0         0.0      30.0      90.0
     1000    31         140.0         0.0      30.0      90.0
     1000    32         150.0         0.0      30.0      90.0
     1000    33         160.0         0.0      30.0      90.0


  NLAYER =  4;   NPLATE =  3;   NLITH =  5;   GND_LVL =  200.00


                          LITHOLOGY PROPERTIES
                          --------------------

                                  Relative   Relative     Cole-Cole Parameters
        Resistivity  Conductance     MU     Dielectric   CHRG    CTAU       CFREQ

   1      2000.         -1.0       1.000      1.000      0.00    0.00        1.00
   2      1000.         -1.0       1.500      1.000      0.00    0.00        1.00
   3      80.00         -1.0       1.200      1.000      0.00    0.00        1.00
   4      50.00         -1.0       1.000      1.000      0.25   0.100E-02    0.25
   5      200.0         -1.0       1.000      1.000      0.00    0.00        1.00


                          LITHOLOGY PROPERTIES
                          --------------------

                                  Relative   Relative     Cole-Cole Parameters
        Resistivity  Conductance     MU     Dielectric   CHRG    CTAU       CFREQ

   1      2000.         -1.0       1.000      1.000      0.00    0.00        1.00
   2      1000.         -1.0       1.500      1.000      0.00    0.00        1.00
   3      80.00         -1.0       1.200      1.000      0.00    0.00        1.00
   4      50.00         -1.0       1.000      1.000      0.25   0.100E-02    0.25
   5      200.0         -1.0       1.000      1.000      0.00    0.00        1.00


  LAYERED EARTH INPUT DATA
  ------------------------

   1   1   15.0   J, LITH(J), THK(J)
   2   2  100.0   J, LITH(J), THK(J)
   3   3  150.0   J, LITH(J), THK(J)
   4   1             Basement Lithology


  INITIAL PARAMETERS FOR  3 PRISMS
  ---------------------------------------
  KACC = 2    SOLVER = 1    OUTPUT = 11

  J, LITHP, PRISM_EAST, PRISM_NORTH, PRISM_TOP:   1   1         0.0         0.0       185.0
     PRSM_SIZE_EW, PRSM_SIZE_NS, PRSM_SIZE_Z                  120.0       120.0        15.0
     CELL_SIZE_EW, CELL_SIZE_NS, CELL_SIZE_Z                   15.0        15.0        15.0

  J, LITHP, PRISM_EAST, PRISM_NORTH, PRISM_TOP:   2   4         0.0         0.0       170.0
     PRSM_SIZE_EW, PRSM_SIZE_NS, PRSM_SIZE_Z                  120.0       120.0        40.0
     CELL_SIZE_EW, CELL_SIZE_NS, CELL_SIZE_Z                   15.0        15.0        13.0

  J, LITHP, PRISM_EAST, PRISM_NORTH, PRISM_TOP:   3   5         0.0         0.0       130.0
     PRSM_SIZE_EW, PRSM_SIZE_NS, PRSM_SIZE_Z                  120.0       120.0       330.0
     CELL_SIZE_EW, CELL_SIZE_NS, CELL_SIZE_Z                   15.0        15.0        15.0

  Prism structire has changed due either prisms crossing layer boundaries
  or no contrast in at least 1 layer.

  The prism structure has two-fold symmetry about
  East-North coordinates:   0.000       0.000    

  It has been reduced to an equivalent single quadrant structure
  to allow faster computation using a group symmetry option.


         Description of PRISM  1
         -----------------------

  PRISM  1 extends:
           from    0.0  to   60.0 - West to East
           from    0.0  to   60.0 - South to North
           from   15.0  to   30.0 - Below Air-Earth Interface

  PRISM  1 is discretised into:
             4 cells of length   15.0 m.  East-West
             4 cells of length   15.0 m.  North-South
             1 cells of length   15.0 m.  Vertically

  PRISM  1 resistivity =   2000.     ohm-m
           Relative MU =   1.00    Relative EPSILON =   1.00
             PRSM_CHRG =   0.00    PRSM_CFR =  1.00    PRSM_TAU =   0.000    


         Description of PRISM  2
         -----------------------

  PRISM  2 extends:
           from    0.0  to   60.0 - West to East
           from    0.0  to   60.0 - South to North
           from   30.0  to   70.0 - Below Air-Earth Interface

  PRISM  2 is discretised into:
             4 cells of length   15.0 m.  East-West
             4 cells of length   15.0 m.  North-South
             3 cells of length   13.3 m.  Vertically

  PRISM  2 resistivity =   50.00     ohm-m
           Relative MU =   1.00    Relative EPSILON =   1.00
             PRSM_CHRG =   0.25    PRSM_CFR =  0.25    PRSM_TAU =  0.1000E-02


         Description of PRISM  3
         -----------------------

  PRISM  3 extends:
           from    0.0  to   60.0 - West to East
           from    0.0  to   60.0 - South to North
           from   70.0  to  115.0 - Below Air-Earth Interface

  PRISM  3 is discretised into:
             4 cells of length   15.0 m.  East-West
             4 cells of length   15.0 m.  North-South
             3 cells of length   15.0 m.  Vertically

  PRISM  3 resistivity =   200.0     ohm-m
           Relative MU =   1.00    Relative EPSILON =   1.00
             PRSM_CHRG =   0.00    PRSM_CFR =  1.00    PRSM_TAU =   0.000    


         Description of PRISM  4
         -----------------------

  PRISM  4 extends:
           from    0.0  to   60.0 - West to East
           from    0.0  to   60.0 - South to North
           from  115.0  to  265.0 - Below Air-Earth Interface

  PRISM  4 is discretised into:
             4 cells of length   15.0 m.  East-West
             4 cells of length   15.0 m.  North-South
            10 cells of length   15.0 m.  Vertically

  PRISM  4 resistivity =   200.0     ohm-m
           Relative MU =   1.00    Relative EPSILON =   1.00
             PRSM_CHRG =   0.00    PRSM_CFR =  1.00    PRSM_TAU =   0.000    


         Description of PRISM  5
         -----------------------

  PRISM  5 extends:
           from    0.0  to   60.0 - West to East
           from    0.0  to   60.0 - South to North
           from  265.0  to  400.0 - Below Air-Earth Interface

  PRISM  5 is discretised into:
             4 cells of length   15.0 m.  East-West
             4 cells of length   15.0 m.  North-South
             9 cells of length   15.0 m.  Vertically

  PRISM  5 resistivity =   200.0     ohm-m
           Relative MU =   1.00    Relative EPSILON =   1.00
             PRSM_CHRG =   0.00    PRSM_CFR =  1.00    PRSM_TAU =   0.000    


          +----------------------------------+
          +  Layered Earth Model Parameters  +
          +----------------------------------+

 Layer  Thickness  Resistivity   MU-R   EPS-R   CHRG    CTAU      CFREQ
 -----  ---------  -----------   ----   -----   ----    ----      -----
   1       15.0      2000.       1.00   1.00    0.00    0.0       1.00
   2      100.0      1000.       1.50   1.00    0.00    0.0       1.00
   3      150.0      80.00       1.20   1.00    0.00    0.0       1.00
   4                 2000.       1.00   1.00    0.00    0.0       1.00

  Marco_Air will compute 3D responses for a frequency-domain AEM system
  using accuracy level:   2

---------------------------------------------------------------------------
                       END OF INPUT DATA DESCRIPTION
---------------------------------------------------------------------------

   Frequency    Coupled Primary   Normalisation
   Index        Field (pT)        Factor
   ---------    ---------------   ------------
     1             188.2            5314.    
     2             376.3            2657.    
     3             376.3            2657.    
     4             188.2            5314.    
     5             399.9            2500.    

  FREQUENCY-DOMAIN MarcoAir OUTPUT
  ---------------------------------


 TITLE:  Dighem over a Kimberlite pipe under a conductive clay cap and magnetic layer
 -----


  SINGLE COMPONENT RESPONSE ALONG TRANSMITTER DIPOLE DIRECTION


         IN-PHASE COMPONENT - ppm

         EAST     NORTH    ALT      400.        900.       5500.       7200.      56000.
                                    HCP         VCA         VCA         HCP         HCP

  1      -160         0     30     -275.54      -66.74      -61.13     -239.01      -21.36
  2      -150         0     30     -275.54      -66.74      -61.05     -238.18      -19.85
  3      -140         0     30     -275.53      -66.74      -60.92     -237.23      -17.78
  4      -130         0     30     -275.52      -66.74      -60.73     -236.17      -15.08
  5      -120         0     30     -275.51      -66.73      -60.44     -234.99      -11.77
  6      -110         0     30     -275.49      -66.72      -60.01     -233.68       -8.00
  7      -100         0     30     -275.48      -66.71      -59.42     -232.18       -4.01
  8       -90         0     30     -275.46      -66.68      -58.64     -230.37       -0.07
  9       -80         0     30     -275.45      -66.65      -57.71     -228.01        3.82
 10       -70         0     30     -275.43      -66.62      -56.70     -224.69        8.25
 11       -60         0     30     -275.41      -66.58      -55.78     -219.97       14.15
 12       -50         0     30     -275.39      -66.56      -55.12     -213.59       22.07
 13       -40         0     30     -275.37      -66.54      -54.84     -205.82       31.38
 14       -30         0     30     -275.34      -66.53      -54.90     -197.58       40.37
 15       -20         0     30     -275.32      -66.53      -55.15     -190.25       47.46
 16       -10         0     30     -275.31      -66.53      -55.40     -185.16       51.75
 17         0         0     30     -275.30      -66.53      -55.50     -183.32       53.00
 18        10         0     30     -275.31      -66.53      -55.39     -185.09       51.19
 19        20         0     30     -275.32      -66.53      -55.13     -190.09       46.37
 20        30         0     30     -275.34      -66.53      -54.87     -197.38       38.83
 21        40         0     30     -275.36      -66.53      -54.80     -205.60       29.63
 22        50         0     30     -275.39      -66.55      -55.07     -213.36       20.47
 23        60         0     30     -275.41      -66.58      -55.72     -219.76       12.90
 24        70         0     30     -275.43      -66.61      -56.64     -224.51        7.34
 25        80         0     30     -275.45      -66.65      -57.65     -227.86        3.09
 26        90         0     30     -275.46      -66.68      -58.59     -230.25       -0.78
 27       100         0     30     -275.48      -66.70      -59.37     -232.08       -4.74
 28       110         0     30     -275.49      -66.72      -59.97     -233.59       -8.70
 29       120         0     30     -275.50      -66.73      -60.41     -234.92      -12.41
 30       130         0     30     -275.52      -66.74      -60.71     -236.12      -15.62
 31       140         0     30     -275.53      -66.74      -60.91     -237.19      -18.20
 32       150         0     30     -275.54      -66.74      -61.04     -238.14      -20.16
 33       160         0     30     -275.54      -66.74      -61.13     -238.98      -21.58


         QUADRATURE COMPONENT - ppm

         EAST     NORTH    ALT      400.        900.       5500.       7200.      56000.
                                    HCP         VCA         VCA         HCP         HCP

  1      -160         0     30       11.91        5.08       17.83       89.52      180.31
  2      -150         0     30       12.02        5.11       17.93       90.72      179.55
  3      -140         0     30       12.14        5.15       18.08       92.20      178.81
  4      -130         0     30       12.29        5.20       18.31       93.97      178.18
  5      -120         0     30       12.45        5.30       18.69       96.03      177.73
  6      -110         0     30       12.64        5.44       19.29       98.36      177.46
  7      -100         0     30       12.86        5.64       20.22      100.91      177.22
  8       -90         0     30       13.10        5.93       21.56      103.70      176.66
  9       -80         0     30       13.38        6.30       23.31      106.98      175.36
 10       -70         0     30       13.77        6.70       25.26      111.31      173.05
 11       -60         0     30       14.29        7.08       27.06      117.49      169.74
 12       -50         0     30       15.00        7.35       28.32      125.94      165.60
 13       -40         0     30       15.85        7.48       28.86      136.19      160.89
 14       -30         0     30       16.73        7.49       28.82      146.78      156.13
 15       -20         0     30       17.50        7.42       28.49      155.86      152.05
 16       -10         0     30       18.02        7.36       28.17      161.92      149.36
 17         0         0     30       18.21        7.33       28.04      164.02      148.54
 18        10         0     30       18.03        7.36       28.17      161.88      149.73
 19        20         0     30       17.51        7.43       28.49      155.82      152.71
 20        30         0     30       16.75        7.49       28.82      146.71      156.98
 21        40         0     30       15.87        7.49       28.86      136.10      161.77
 22        50         0     30       15.03        7.37       28.31      125.86      166.41
 23        60         0     30       14.32        7.10       27.05      117.41      170.41
 24        70         0     30       13.79        6.72       25.26      111.24      173.55
 25        80         0     30       13.40        6.31       23.31      106.92      175.66
 26        90         0     30       13.11        5.94       21.57      103.66      176.81
 27       100         0     30       12.87        5.65       20.23      100.87      177.28
 28       110         0     30       12.65        5.45       19.29       98.33      177.50
 29       120         0     30       12.46        5.30       18.69       96.01      177.80
 30       130         0     30       12.29        5.21       18.31       93.95      178.28
 31       140         0     30       12.15        5.15       18.08       92.18      178.94
 32       150         0     30       12.02        5.11       17.93       90.71      179.69
 33       160         0     30       11.92        5.08       17.83       89.51      180.44


         SCATTERED IN-PHASE  COMPONENT - ppm

         EAST     NORTH    ALT      400.        900.       5500.       7200.      56000.
                                    HCP         VCA         VCA         HCP         HCP

  1      -160         0     30       -0.02       -0.01        0.34        4.54        2.66
  2      -150         0     30       -0.02       -0.01        0.42        5.37        4.18
  3      -140         0     30       -0.01       -0.01        0.55        6.31        6.25
  4      -130         0     30        0.00       -0.01        0.75        7.37        8.95
  5      -120         0     30        0.02        0.00        1.04        8.55       12.25
  6      -110         0     30        0.03        0.01        1.46        9.87       16.03
  7      -100         0     30        0.04        0.03        2.06       11.37       20.02
  8       -90         0     30        0.06        0.05        2.83       13.17       23.96
  9       -80         0     30        0.07        0.08        3.77       15.53       27.85
 10       -70         0     30        0.09        0.12        4.78       18.85       32.28
 11       -60         0     30        0.11        0.15        5.70       23.57       38.18
 12       -50         0     30        0.13        0.18        6.35       29.95       46.10
 13       -40         0     30        0.16        0.20        6.64       37.72       55.40
 14       -30         0     30        0.18        0.21        6.58       45.96       64.40
 15       -20         0     30        0.20        0.21        6.33       53.30       71.49
 16       -10         0     30        0.21        0.20        6.08       58.38       75.78
 17         0         0     30        0.22        0.20        5.98       60.22       77.02
 18        10         0     30        0.21        0.21        6.09       58.46       75.22
 19        20         0     30        0.20        0.21        6.35       53.45       70.40
 20        30         0     30        0.18        0.21        6.61       46.16       62.86
 21        40         0     30        0.16        0.20        6.68       37.95       53.65
 22        50         0     30        0.14        0.18        6.40       30.19       44.49
 23        60         0     30        0.11        0.16        5.76       23.79       36.93
 24        70         0     30        0.09        0.12        4.84       19.04       31.36
 25        80         0     30        0.08        0.09        3.83       15.69       27.11
 26        90         0     30        0.06        0.06        2.88       13.30       23.24
 27       100         0     30        0.04        0.03        2.10       11.47       19.29
 28       110         0     30        0.03        0.01        1.50        9.95       15.32
 29       120         0     30        0.02        0.00        1.07        8.62       11.62
 30       130         0     30        0.00        0.00        0.77        7.43        8.41
 31       140         0     30       -0.01       -0.01        0.57        6.36        5.83
 32       150         0     30       -0.02       -0.01        0.43        5.40        3.86
 33       160         0     30       -0.02       -0.01        0.35        4.56        2.44


         SCATTERED QUADRATURE  COMPONENT - ppm

         EAST     NORTH    ALT      400.        900.       5500.       7200.      56000.
                                    HCP         VCA         VCA         HCP         HCP

  1      -160         0     30        0.42        0.14        0.62        4.06       -3.49
  2      -150         0     30        0.52        0.16        0.71        5.26       -4.25
  3      -140         0     30        0.65        0.20        0.86        6.73       -4.98
  4      -130         0     30        0.79        0.26        1.09        8.50       -5.61
  5      -120         0     30        0.96        0.35        1.47       10.56       -6.06
  6      -110         0     30        1.15        0.49        2.07       12.89       -6.33
  7      -100         0     30        1.36        0.70        3.01       15.44       -6.57
  8       -90         0     30        1.60        0.99        4.35       18.23       -7.13
  9       -80         0     30        1.89        1.35        6.09       21.51       -8.44
 10       -70         0     30        2.27        1.76        8.04       25.85      -10.74
 11       -60         0     30        2.80        2.14        9.84       32.02      -14.05
 12       -50         0     30        3.51        2.41       11.10       40.48      -18.19
 13       -40         0     30        4.36        2.54       11.64       50.72      -22.90
 14       -30         0     30        5.24        2.54       11.60       61.31      -27.66
 15       -20         0     30        6.00        2.48       11.27       70.39      -31.74
 16       -10         0     30        6.53        2.42       10.95       76.45      -34.43
 17         0         0     30        6.71        2.39       10.82       78.55      -35.25
 18        10         0     30        6.53        2.42       10.95       76.42      -34.07
 19        20         0     30        6.02        2.49       11.27       70.35      -31.08
 20        30         0     30        5.26        2.55       11.60       61.24      -26.82
 21        40         0     30        4.38        2.55       11.64       50.63      -22.02
 22        50         0     30        3.53        2.42       11.10       40.39      -17.39
 23        60         0     30        2.82        2.15        9.84       31.94      -13.38
 24        70         0     30        2.29        1.78        8.04       25.77      -10.25
 25        80         0     30        1.91        1.37        6.09       21.45       -8.13
 26        90         0     30        1.62        1.00        4.35       18.19       -6.98
 27       100         0     30        1.37        0.71        3.01       15.40       -6.52
 28       110         0     30        1.16        0.50        2.08       12.86       -6.29
 29       120         0     30        0.97        0.36        1.47       10.54       -5.99
 30       130         0     30        0.80        0.27        1.09        8.48       -5.51
 31       140         0     30        0.65        0.21        0.86        6.71       -4.85
 32       150         0     30        0.53        0.17        0.71        5.24       -4.11
 33       160         0     30        0.42        0.14        0.61        4.04       -3.35


  MarcoAir forward model completed at 13:52 on 14 JAN 2013

  Computation time =     217.49 seconds.


