

  MarcoAir task started at 13:52 on 14 JAN 2013



      ######################################################################
      #                                                                    #
      #                 MarcoAir - Version 2.8.4   2 September 2007        #        
      #                 -------------------------------------------        #        
      #                                                                    #
      #      Develped by:  CSIRO Electromagnetic Modelling Group           #
      #                    Zonghou Xiong & Art Raiche                      #
      #                                                                    #
      #              For:  AMIRA project P223D                             #
      #                                                                    #
      ######################################################################

          INPUT DATA
          ----------

 Single prism Geotem 25 Hz stripped response;  Vz calibration:  Model 1 top lyr mu rel = 1.5                             
 1 1 1 0              ! TDFD, DO3D, PRFL, ISTOP: vertical dB/dt follows                                                  
 -30 384 0 3 20 1 0   ! ISW, NSX, STEP, UNITS, NCHNL, KRXW, OFFTIME                                                      
  0.0521  8.266683  0.1042  11.37895  0.1562  567.1988  0.2083  5245.366                                                 
  0.2604  14991.59  0.3125  23133.35  0.3646  27208.53  0.4167  28786.36                                                 
  0.4687  29216.39  0.5208  29165.19  0.5729  28905.30  0.6250  28541.52                                                 
  0.6771  28112.31  0.7292  27632.10  0.7812  27106.79  0.8333  26538.45                                                 
  0.8854  25929.70  0.9375  25281.04  0.9896  24593.44  1.0417  23868.18                                                 
  1.0938  23105.01  1.1458  22308.08  1.1979  21478.77  1.2500  20617.28                                                 
  1.3021  19725.88  1.3542  18805.94  1.4063  17858.50  1.4583  16885.49                                                 
  1.5104  15888.93  1.5625  14870.59  1.6146  13831.59  1.6667  12773.78                                                 
  1.7188  11699.36  1.7708  10610.20  1.8229  9508.053  1.8750  8394.676                                                 
  1.9271  7271.283  1.9792  6140.499  2.0312  5003.968  2.0833  3863.037                                                 
  2.1354  2720.061  2.1875  1576.990  2.2396  434.4520  2.2917 -705.1596                                                 
  2.3437 -1838.216  2.3958 -2963.271  2.4479 -4079.434  2.5000 -5184.430                                                 
  2.5521 -6277.420  2.6042 -7357.127  2.6562 -8420.010  2.7083 -9465.981                                                 
  2.7604 -10493.20  2.8125 -11499.32  2.8646 -12483.19  2.9167 -13443.10                                                 
  2.9687 -14377.90  3.0208 -15286.56  3.0729 -16166.79  3.1250 -17017.90                                                 
  3.1771 -17838.42  3.2292 -18627.12  3.2812 -19383.47  3.3333 -20105.39                                                 
  3.3854 -20792.44  3.4375 -21443.59  3.4896 -22057.69  3.5417 -22633.82                                                 
  3.5937 -23172.48  3.6458 -23671.07  3.6979 -24129.03  3.7500 -24546.54                                                 
  3.8021 -24922.72  3.8542 -25258.60  3.9062 -25552.59  3.9583 -25803.71                                                 
  4.0104 -26011.72  4.0625 -26177.58  4.1146 -26301.07  4.1667 -26381.17                                                 
  4.2187 -26317.20  4.2708 -24368.34  4.3229 -16907.47  4.3750 -7450.178                                                 
  4.4271 -2074.483  4.4792 -432.7886  4.5312 -197.7721  4.5833 -221.7940                                                 
  4.6354 -234.8745  4.6875 -227.9129  4.7396 -215.9513  4.7917 -204.6382                                                 
  4.8437 -194.5502  4.8958 -185.1134  4.9479 -176.3537  5.0000 -168.5624                                                 
  5.0521 -161.1669  5.1042 -154.3582  5.1562 -148.4007  5.2083 -142.9480                                                 
  5.2604 -136.9331  5.3125 -130.7736  5.3646 -126.6263  5.4167 -122.4236                                                 
  5.4687 -116.9981  5.5208 -112.7536  5.5729 -109.0269  5.6250 -105.1548                                                 
  5.6771 -101.6775  5.7292 -98.69912  5.7812 -95.70349  5.8333 -92.86375                                                 
  5.8854 -89.89510  5.9375 -86.84387  5.9896 -83.91649  6.0417 -81.22124                                                 
  6.0937 -79.49529  6.1458 -77.62180  6.1979 -75.36021  6.2500 -73.04676                                                 
  6.3021 -71.19238  6.3542 -69.11477  6.4062 -66.30766  6.4583 -64.00602                                                 
  6.5104 -62.85755  6.5625 -61.98628  6.6146 -60.23778  6.6667 -58.41560                                                 
  6.7187 -57.85080  6.7708 -56.17698  6.8229 -54.11751  6.8750 -53.53622                                                 
  6.9271 -52.19279  6.9792 -50.79554  7.0312 -49.32073  7.0833 -48.38078                                                 
  7.1354 -47.64383  7.1875 -46.07878  7.2396 -44.83845  7.2917 -43.88425                                                 
  7.3437 -43.19814  7.3958 -41.99325  7.4479 -40.93627  7.5000 -40.45075                                                 
  7.5521 -39.80894  7.6042 -38.69974  7.6562 -37.95861  7.7083 -37.23742                                                 
  7.7604 -36.92775  7.8125 -35.69838  7.8646 -34.54390  7.9167 -33.80509                                                 
  7.9687 -33.51582  8.0208 -32.96192  8.0729 -32.77293  8.1250 -32.06344                                                 
  8.1771 -31.48383  8.2292 -30.00275  8.2812 -28.85291  8.3333 -28.54586                                                 
  8.3854 -28.91203  8.4375 -28.67183  8.4896 -27.92210  8.5417 -27.09225                                                 
  8.5937 -26.42937  8.6458 -26.21658  8.6979 -26.03470  8.7500 -25.72161                                                 
  8.8021 -25.11256  8.8542 -24.55211  8.9062 -24.34890  8.9583 -24.26477                                                 
  9.0104 -23.73368  9.0625 -23.03787  9.1146 -22.68947  9.1667 -23.19622                                                 
  9.2187 -22.43273  9.2708 -21.77155  9.3229 -21.13211  9.3750 -20.71210                                                 
  9.4271 -21.19529  9.4792 -20.93037  9.5312 -20.47267  9.5833 -19.20108                                                 
  9.6354 -19.24648  9.6875 -19.44307  9.7396 -19.69859  9.7917 -19.45287                                                 
  9.8437 -18.20377  9.8958 -18.27116  9.9479 -18.49211  10.0000 -17.72632                                                
 10.0521 -17.11888  10.1042 -17.40119  10.1563 -17.84461  10.2083 -17.04248                                              
 10.2604 -17.40727  10.3125 -17.20417  10.3646 -16.11997  10.4167 -16.03462                                              
 10.4688 -16.32606  10.5208 -16.51226  10.5729 -16.02295  10.6250 -14.81890                                              
 10.6771 -14.40673  10.7292 -14.81875  10.7813 -15.04244  10.8333 -15.28080                                              
 10.8854 -14.86757  10.9375 -14.25498  10.9896 -14.38265  11.0417 -14.34103                                              
 11.0938 -13.87777  11.1458 -13.36936  11.1979 -12.77629  11.2500 -12.41165                                              
 11.3021 -12.91108  11.3542 -13.30636  11.4063 -12.79000  11.4583 -12.92849                                              
 11.5104 -12.84092  11.5625 -12.11808  11.6146 -11.51911  11.6667 -11.56757                                              
 11.7188 -12.00967  11.7708 -12.39959  11.8229 -12.02606  11.8750 -11.91541                                              
 11.9271 -11.45851  11.9792 -10.83367  12.0313 -11.10762  12.0833 -10.86744                                              
 12.1354 -9.883058  12.1875 -10.06118  12.2396 -10.80409  12.2917 -10.98372                                              
 12.3438 -10.93432  12.3958 -10.89013  12.4479 -10.81395  12.5000 -10.14141                                              
 12.5521 -9.578728  12.6042 -9.739238  12.6562 -10.17769  12.7083 -10.23507                                              
 12.7604 -10.10843  12.8125 -9.685664  12.8646 -9.235881  12.9167 -9.666303                                              
 12.9688 -9.645326  13.0208 -9.449132  13.0729 -9.513991  13.1250 -9.245918                                              
 13.1771 -9.454653  13.2292 -9.563032  13.2812 -8.990282  13.3333 -8.773929                                              
 13.3854 -8.662402  13.4375 -8.573183  13.4896 -8.311102  13.5417 -7.788260                                              
 13.5938 -8.599162  13.6458 -9.492335  13.6979 -9.431429  13.7500 -8.615230                                              
 13.8021 -7.406683  13.8542 -7.631826  13.9062 -7.966797  13.9583 -7.563822                                              
 14.0104 -8.175325  14.0625 -8.857874  14.1146 -8.781917  14.1667 -8.441929                                              
 14.2187 -8.369722  14.2708 -7.735367  14.3229 -7.087349  14.3750 -7.701269                                              
 14.4271 -7.611532  14.4792 -6.833745  14.5312 -7.342228  14.5833 -7.667271                                              
 14.6354 -6.958669  14.6875 -7.156500  14.7396 -7.574599  14.7917 -7.624575                                              
 14.8437 -8.167463  14.8958 -7.417645  14.9479 -6.668564  15.0000 -6.466112                                              
 15.0521 -6.883837  15.1042 -7.132011  15.1562 -7.274804  15.2083 -7.729019                                              
 15.2604 -7.085373  15.3125 -6.579696  15.3646 -7.040602  15.4167 -7.238241                                              
 15.4687 -7.027845  15.5208 -7.070287  15.5729 -7.048997  15.6250 -6.588100                                              
 15.6771 -6.043845  15.7292 -6.022029  15.7812 -5.732819  15.8333 -6.128396                                              
 15.8854 -6.732483  15.9375 -6.444358  15.9896 -5.657458  16.0417 -5.717285                                              
 16.0937 -6.436955  16.1458 -6.890940  16.1979 -6.208501  16.2500 -5.811799                                              
 16.3021 -5.754117  16.3542 -6.039558  16.4062 -6.213023  16.4583 -6.126380                                              
 16.5104 -5.902511  16.5625 -5.254258  16.6146 -5.049886  16.6667 -5.287954                                              
 16.7187 -5.418558  16.7708 -5.977470  16.8229 -6.291597  16.8750 -5.957774                                              
 16.9271 -5.268923  16.9792 -5.329737  17.0312 -5.359659  17.0833 -5.316442                                              
 17.1354 -5.385763  17.1875 -5.954864  17.2396 -6.015113  17.2917 -5.550700                                              
 17.3437 -5.291495  17.3958 -5.319821  17.4479 -5.489580  17.5000 -5.128107                                              
 17.5521 -5.055443  17.6042 -5.374952  17.6562 -5.548572  17.7083 -5.212499                                              
 17.7604 -5.168913  17.8125 -5.141667  17.8646 -4.973739  17.9167 -5.342729                                              
 17.9687 -5.405593  18.0208 -4.895667  18.0729 -4.128835  18.1250 -4.312833                                              
 18.1771 -4.375659  18.2292 -4.725993  18.2812 -5.491110  18.3333 -5.293506                                              
 18.3854 -4.954394  18.4375 -5.155918  18.4896 -5.407414  18.5417 -5.186917                                              
 18.5937 -4.816350  18.6458 -4.356855  18.6979 -4.425155  18.7500 -4.325112                                              
 18.8021 -4.028034  18.8542 -4.173118  18.9062 -4.829165  18.9583 -4.268063                                              
 19.0104 -4.351464  19.0625 -5.075027  19.1146 -5.008966  19.1667 -4.372599                                              
 19.2187 -4.679324  19.2708 -4.651866  19.3229 -4.339140  19.3750 -4.849408                                              
 19.4271 -5.276262  19.4792 -4.961169  19.5312 -4.272107  19.5833 -4.143167                                              
 19.6354 -3.913008  19.6875 -4.044447  19.7396 -4.068363  19.7917 -4.376210                                              
 19.8437 -4.867541  19.8958 -4.192274  19.9479 -3.717098  20.0000 -3.570798                                              
  0.2083  0.6250   0.6771  1.7188   1.7708  2.9687   3.0208  4.5312                                                      
  4.5833  4.6875   4.7396  4.8437   4.8958  5.0000   5.0521  5.3125                                                      
  5.3646  5.6250   5.6771  6.0937   6.1458  6.5625   6.6146  7.1875                                                      
  7.2396  7.9687   8.0208  8.9062   8.9583 10.0000   10.0521 11.2500                                                     
 11.3021 12.8125  12.8646 14.6875  14.7396 17.1875   17.2396 20.0000   ! 20 TOPN TCLS pairs                              
 6. 2 0 1               ! TXCLN, CMP KPPM NRX                                                                            
 42 114 0               ! ZRX, XRX, YRX                                                                                  
 14 2 0 0               ! NSTAT, SURVEY, BAROMTRC, LINE_TAG                                                              
 -200.000   0.       120.                                                                                                
 -162.412   13.6808  120.                                                                                                
 -124.825   27.3616  120.                                                                                                
 -87.2369   41.0424  120.                                                                                                
 -49.6492   54.7232  130.                                                                                                
 -12.0615   68.4040  140.                                                                                                
  25.5262   82.0848  140.                                                                                                
  63.1139   95.7656  140.                                                                                                
  100.702   109.446  140.                                                                                                
  138.289   123.127  130.                                                                                                
  175.877   136.808  120.                                                                                                
  213.465   150.489  120.                                                                                                
  251.052   164.170  120.                                                                                                
  288.640   177.850  120.                                                                                                
 2 1 3 50                     ! NLAYER, NPRISM, NLITH, GND_LVL                                                           
    2. -1 1   1 .3 .001  .4   ! RES(1), SIG_T(1), RMU(1), REPS(1), CHRG(1), CTAU(1), CFREQ(1): LITH(1)                   
  275. -1 1.5 1 .3 .0001 .3   ! RES(2), SIG_T(2), RMU(2), REPS(2), CHRG(2), CTAU(2), CFREQ(2): LITH(2)                   
  300. -1 1   1  0. 0.   0.   ! RES(3), SIG_T(3), RMU(3), REPS(3), CHRG(3), CTAU(3), CFREQ(3): LITH(3)                   
 2 5.                         ! LITHL(1), THICK  (Overburden)                                                            
 3                            ! LITHL(2)         (Basement)                                                              
 2 1 11                       ! KACC, SOLVER, OUTPUT                                                                     
 1   0.  0. -10               ! LITHP(1), PRISM_EAST(1),  PRISM_NORTH(1),   PRISM_TOP(1)                                 
    20 120 100                !         PRSM_SIZE_EW(1), PRSM_SIZE_NS(1), PRSM_SIZE_Z(1)                                 
    10  15 12.5               !         CELL_SIZE_EW(1), CELL_SIZE_NS(1), CELL_SIZE_Z(1)                                 
                                                                                                                         
                                                                                                                         
-------------------------------------------------------------------------------

 Single prism Geotem 25 Hz stripped response;  Vz calibration:  Model 1 top lyr mu rel = 1.5

  TDFD =  1   DO3D =  1   PRFL =  1    ISTOP = 0

  ISW = -30   NSX = 384   STEP = 0    UNITS =   3  NCHNL =  20
  KRXW =  1   OFFTYM =   0.000    

  Geotem / Questem stripping algorithm will be applied to computations.


         +----------------------------------------------
         +    Time-Domain AEM Impulse System Input Data 
         +          dB/dt output will be in fT/s
         +----------------------------------------------


                          Vertical receiver  
           TXON (ms)      waveform in fT/s
           ---------      -----------------

      1        0.000         0.000    
      2        0.052         8.267    
      3        0.104         11.38    
      4        0.156         567.2    
      5        0.208         5245.    
      6        0.260        0.1499E+05
      7        0.312        0.2313E+05
      8        0.365        0.2721E+05
      9        0.417        0.2879E+05
     10        0.469        0.2922E+05
     11        0.521        0.2917E+05
     12        0.573        0.2891E+05
     13        0.625        0.2854E+05
     14        0.677        0.2811E+05
     15        0.729        0.2763E+05
     16        0.781        0.2711E+05
     17        0.833        0.2654E+05
     18        0.885        0.2593E+05
     19        0.938        0.2528E+05
     20        0.990        0.2459E+05
     21        1.042        0.2387E+05
     22        1.094        0.2311E+05
     23        1.146        0.2231E+05
     24        1.198        0.2148E+05
     25        1.250        0.2062E+05
     26        1.302        0.1973E+05
     27        1.354        0.1881E+05
     28        1.406        0.1786E+05
     29        1.458        0.1689E+05
     30        1.510        0.1589E+05
     31        1.562        0.1487E+05
     32        1.615        0.1383E+05
     33        1.667        0.1277E+05
     34        1.719        0.1170E+05
     35        1.771        0.1061E+05
     36        1.823         9508.    
     37        1.875         8395.    
     38        1.927         7271.    
     39        1.979         6140.    
     40        2.031         5004.    
     41        2.083         3863.    
     42        2.135         2720.    
     43        2.188         1577.    
     44        2.240         434.5    
     45        2.292        -705.2    
     46        2.344        -1838.    
     47        2.396        -2963.    
     48        2.448        -4079.    
     49        2.500        -5184.    
     50        2.552        -6277.    
     51        2.604        -7357.    
     52        2.656        -8420.    
     53        2.708        -9466.    
     54        2.760       -0.1049E+05
     55        2.812       -0.1150E+05
     56        2.865       -0.1248E+05
     57        2.917       -0.1344E+05
     58        2.969       -0.1438E+05
     59        3.021       -0.1529E+05
     60        3.073       -0.1617E+05
     61        3.125       -0.1702E+05
     62        3.177       -0.1784E+05
     63        3.229       -0.1863E+05
     64        3.281       -0.1938E+05
     65        3.333       -0.2011E+05
     66        3.385       -0.2079E+05
     67        3.438       -0.2144E+05
     68        3.490       -0.2206E+05
     69        3.542       -0.2263E+05
     70        3.594       -0.2317E+05
     71        3.646       -0.2367E+05
     72        3.698       -0.2413E+05
     73        3.750       -0.2455E+05
     74        3.802       -0.2492E+05
     75        3.854       -0.2526E+05
     76        3.906       -0.2555E+05
     77        3.958       -0.2580E+05
     78        4.010       -0.2601E+05
     79        4.062       -0.2618E+05
     80        4.115       -0.2630E+05
     81        4.167       -0.2638E+05
     82        4.219       -0.2632E+05
     83        4.271       -0.2437E+05
     84        4.323       -0.1691E+05
     85        4.375        -7450.    
     86        4.427        -2074.    
     87        4.479        -432.8    
     88        4.531        -197.8    
     89        4.583        -221.8    
     90        4.635        -234.9    
     91        4.688        -227.9    
     92        4.740        -216.0    
     93        4.792        -204.6    
     94        4.844        -194.6    
     95        4.896        -185.1    
     96        4.948        -176.4    
     97        5.000        -168.6    
     98        5.052        -161.2    
     99        5.104        -154.4    
    100        5.156        -148.4    
    101        5.208        -142.9    
    102        5.260        -136.9    
    103        5.312        -130.8    
    104        5.365        -126.6    
    105        5.417        -122.4    
    106        5.469        -117.0    
    107        5.521        -112.8    
    108        5.573        -109.0    
    109        5.625        -105.2    
    110        5.677        -101.7    
    111        5.729        -98.70    
    112        5.781        -95.70    
    113        5.833        -92.86    
    114        5.885        -89.90    
    115        5.938        -86.84    
    116        5.990        -83.92    
    117        6.042        -81.22    
    118        6.094        -79.50    
    119        6.146        -77.62    
    120        6.198        -75.36    
    121        6.250        -73.05    
    122        6.302        -71.19    
    123        6.354        -69.11    
    124        6.406        -66.31    
    125        6.458        -64.01    
    126        6.510        -62.86    
    127        6.562        -61.99    
    128        6.615        -60.24    
    129        6.667        -58.42    
    130        6.719        -57.85    
    131        6.771        -56.18    
    132        6.823        -54.12    
    133        6.875        -53.54    
    134        6.927        -52.19    
    135        6.979        -50.80    
    136        7.031        -49.32    
    137        7.083        -48.38    
    138        7.135        -47.64    
    139        7.188        -46.08    
    140        7.240        -44.84    
    141        7.292        -43.88    
    142        7.344        -43.20    
    143        7.396        -41.99    
    144        7.448        -40.94    
    145        7.500        -40.45    
    146        7.552        -39.81    
    147        7.604        -38.70    
    148        7.656        -37.96    
    149        7.708        -37.24    
    150        7.760        -36.93    
    151        7.812        -35.70    
    152        7.865        -34.54    
    153        7.917        -33.81    
    154        7.969        -33.52    
    155        8.021        -32.96    
    156        8.073        -32.77    
    157        8.125        -32.06    
    158        8.177        -31.48    
    159        8.229        -30.00    
    160        8.281        -28.85    
    161        8.333        -28.55    
    162        8.385        -28.91    
    163        8.438        -28.67    
    164        8.490        -27.92    
    165        8.542        -27.09    
    166        8.594        -26.43    
    167        8.646        -26.22    
    168        8.698        -26.03    
    169        8.750        -25.72    
    170        8.802        -25.11    
    171        8.854        -24.55    
    172        8.906        -24.35    
    173        8.958        -24.26    
    174        9.010        -23.73    
    175        9.062        -23.04    
    176        9.115        -22.69    
    177        9.167        -23.20    
    178        9.219        -22.43    
    179        9.271        -21.77    
    180        9.323        -21.13    
    181        9.375        -20.71    
    182        9.427        -21.20    
    183        9.479        -20.93    
    184        9.531        -20.47    
    185        9.583        -19.20    
    186        9.635        -19.25    
    187        9.688        -19.44    
    188        9.740        -19.70    
    189        9.792        -19.45    
    190        9.844        -18.20    
    191        9.896        -18.27    
    192        9.948        -18.49    
    193       10.000        -17.73    
    194       10.052        -17.12    
    195       10.104        -17.40    
    196       10.156        -17.84    
    197       10.208        -17.04    
    198       10.260        -17.41    
    199       10.312        -17.20    
    200       10.365        -16.12    
    201       10.417        -16.03    
    202       10.469        -16.33    
    203       10.521        -16.51    
    204       10.573        -16.02    
    205       10.625        -14.82    
    206       10.677        -14.41    
    207       10.729        -14.82    
    208       10.781        -15.04    
    209       10.833        -15.28    
    210       10.885        -14.87    
    211       10.938        -14.25    
    212       10.990        -14.38    
    213       11.042        -14.34    
    214       11.094        -13.88    
    215       11.146        -13.37    
    216       11.198        -12.78    
    217       11.250        -12.41    
    218       11.302        -12.91    
    219       11.354        -13.31    
    220       11.406        -12.79    
    221       11.458        -12.93    
    222       11.510        -12.84    
    223       11.562        -12.12    
    224       11.615        -11.52    
    225       11.667        -11.57    
    226       11.719        -12.01    
    227       11.771        -12.40    
    228       11.823        -12.03    
    229       11.875        -11.92    
    230       11.927        -11.46    
    231       11.979        -10.83    
    232       12.031        -11.11    
    233       12.083        -10.87    
    234       12.135        -9.883    
    235       12.188        -10.06    
    236       12.240        -10.80    
    237       12.292        -10.98    
    238       12.344        -10.93    
    239       12.396        -10.89    
    240       12.448        -10.81    
    241       12.500        -10.14    
    242       12.552        -9.579    
    243       12.604        -9.739    
    244       12.656        -10.18    
    245       12.708        -10.24    
    246       12.760        -10.11    
    247       12.812        -9.686    
    248       12.865        -9.236    
    249       12.917        -9.666    
    250       12.969        -9.645    
    251       13.021        -9.449    
    252       13.073        -9.514    
    253       13.125        -9.246    
    254       13.177        -9.455    
    255       13.229        -9.563    
    256       13.281        -8.990    
    257       13.333        -8.774    
    258       13.385        -8.662    
    259       13.438        -8.573    
    260       13.490        -8.311    
    261       13.542        -7.788    
    262       13.594        -8.599    
    263       13.646        -9.492    
    264       13.698        -9.431    
    265       13.750        -8.615    
    266       13.802        -7.407    
    267       13.854        -7.632    
    268       13.906        -7.967    
    269       13.958        -7.564    
    270       14.010        -8.175    
    271       14.062        -8.858    
    272       14.115        -8.782    
    273       14.167        -8.442    
    274       14.219        -8.370    
    275       14.271        -7.735    
    276       14.323        -7.087    
    277       14.375        -7.701    
    278       14.427        -7.612    
    279       14.479        -6.834    
    280       14.531        -7.342    
    281       14.583        -7.667    
    282       14.635        -6.959    
    283       14.688        -7.156    
    284       14.740        -7.575    
    285       14.792        -7.625    
    286       14.844        -8.167    
    287       14.896        -7.418    
    288       14.948        -6.669    
    289       15.000        -6.466    
    290       15.052        -6.884    
    291       15.104        -7.132    
    292       15.156        -7.275    
    293       15.208        -7.729    
    294       15.260        -7.085    
    295       15.312        -6.580    
    296       15.365        -7.041    
    297       15.417        -7.238    
    298       15.469        -7.028    
    299       15.521        -7.070    
    300       15.573        -7.049    
    301       15.625        -6.588    
    302       15.677        -6.044    
    303       15.729        -6.022    
    304       15.781        -5.733    
    305       15.833        -6.128    
    306       15.885        -6.732    
    307       15.938        -6.444    
    308       15.990        -5.657    
    309       16.042        -5.717    
    310       16.094        -6.437    
    311       16.146        -6.891    
    312       16.198        -6.209    
    313       16.250        -5.812    
    314       16.302        -5.754    
    315       16.354        -6.040    
    316       16.406        -6.213    
    317       16.458        -6.126    
    318       16.510        -5.903    
    319       16.562        -5.254    
    320       16.615        -5.050    
    321       16.667        -5.288    
    322       16.719        -5.419    
    323       16.771        -5.977    
    324       16.823        -6.292    
    325       16.875        -5.958    
    326       16.927        -5.269    
    327       16.979        -5.330    
    328       17.031        -5.360    
    329       17.083        -5.316    
    330       17.135        -5.386    
    331       17.188        -5.955    
    332       17.240        -6.015    
    333       17.292        -5.551    
    334       17.344        -5.291    
    335       17.396        -5.320    
    336       17.448        -5.490    
    337       17.500        -5.128    
    338       17.552        -5.055    
    339       17.604        -5.375    
    340       17.656        -5.549    
    341       17.708        -5.212    
    342       17.760        -5.169    
    343       17.812        -5.142    
    344       17.865        -4.974    
    345       17.917        -5.343    
    346       17.969        -5.406    
    347       18.021        -4.896    
    348       18.073        -4.129    
    349       18.125        -4.313    
    350       18.177        -4.376    
    351       18.229        -4.726    
    352       18.281        -5.491    
    353       18.333        -5.294    
    354       18.385        -4.954    
    355       18.438        -5.156    
    356       18.490        -5.407    
    357       18.542        -5.187    
    358       18.594        -4.816    
    359       18.646        -4.357    
    360       18.698        -4.425    
    361       18.750        -4.325    
    362       18.802        -4.028    
    363       18.854        -4.173    
    364       18.906        -4.829    
    365       18.958        -4.268    
    366       19.010        -4.351    
    367       19.062        -5.075    
    368       19.115        -5.009    
    369       19.167        -4.373    
    370       19.219        -4.679    
    371       19.271        -4.652    
    372       19.323        -4.339    
    373       19.375        -4.849    
    374       19.427        -5.276    
    375       19.479        -4.961    
    376       19.531        -4.272    
    377       19.583        -4.143    
    378       19.635        -3.913    
    379       19.688        -4.044    
    380       19.740        -4.068    
    381       19.792        -4.376    
    382       19.844        -4.868    
    383       19.896        -4.192    
    384       19.948        -3.717    
    385       20.000        -3.571    

         Receiver Window Specifications (ms)
         -----------------------------------

       Window     Open        Close      Width      Centre
       ------     ----        -----      -----      ------
          1       0.208       0.625      0.417       0.417
          2       0.677       1.719      1.042       1.198
          3       1.771       2.969      1.198       2.370
          4       3.021       4.531      1.510       3.776
          5       4.583       4.688      0.104       4.635
          6       4.740       4.844      0.104       4.792
          7       4.896       5.000      0.104       4.948
          8       5.052       5.312      0.260       5.182
          9       5.365       5.625      0.260       5.495
         10       5.677       6.094      0.417       5.885
         11       6.146       6.562      0.417       6.354
         12       6.615       7.188      0.573       6.901
         13       7.240       7.969      0.729       7.604
         14       8.021       8.906      0.885       8.464
         15       8.958      10.000      1.042       9.479
         16      10.052      11.250      1.198      10.651
         17      11.302      12.812      1.510      12.057
         18      12.865      14.688      1.823      13.776
         19      14.740      17.188      2.448      15.964
         20      17.240      20.000      2.760      18.620

  CMP =  2    KPPM =   0
  Inclination angle of transmitter in level flight =  6.0 degrees (front up)

  Initial Rx offset relative to Tx:   42.0 Below,  114.0 Behind,   0.0 Left


  NSTAT =  14   SURVEY = 2   BAROMTRC = 0   LINE_TAG = 0

       14 transmitter positions along the flight path

     Line   Stat     East       North       Alt      Bearing    Pitch   ZRX    XRX      YRX
     ----   ----     ----       -----       ---      -------    -----   ---    ---      ---

     1000     1      -200.0         0.0     120.0      70.0      0.1    42.0   114.0     0.0
     1000     2      -162.4        13.7     120.0      70.0      0.1    42.0   114.0     0.0
     1000     3      -124.8        27.4     120.0      70.0      0.1    42.0   114.0     0.0
     1000     4       -87.2        41.0     120.0      70.0      0.1    42.0   114.0     0.0
     1000     5       -49.6        54.7     130.0      70.0      0.1    42.0   114.0     0.0
     1000     6       -12.1        68.4     140.0      70.0      0.1    42.0   114.0     0.0
     1000     7        25.5        82.1     140.0      70.0      0.1    42.0   114.0     0.0
     1000     8        63.1        95.8     140.0      70.0      0.1    42.0   114.0     0.0
     1000     9       100.7       109.4     140.0      70.0      0.1    42.0   114.0     0.0
     1000    10       138.3       123.1     130.0      70.0      0.1    42.0   114.0     0.0
     1000    11       175.9       136.8     120.0      70.0      0.1    42.0   114.0     0.0
     1000    12       213.5       150.5     120.0      70.0      0.1    42.0   114.0     0.0
     1000    13       251.1       164.2     120.0      70.0      0.1    42.0   114.0     0.0
     1000    14       288.6       177.8     120.0      70.0      0.1    42.0   114.0     0.0


  NLAYER =  2;   NPLATE =  1;   NLITH =  3;   GND_LVL =   50.00


                          LITHOLOGY PROPERTIES
                          --------------------

                                  Relative   Relative     Cole-Cole Parameters
        Resistivity  Conductance     MU     Dielectric   CHRG    CTAU       CFREQ

   1      2.000         -1.0       1.000      1.000      0.30   0.100E-02    0.40
   2      275.0         -1.0       1.500      1.000      0.30   0.100E-03    0.30
   3      300.0         -1.0       1.000      1.000      0.00    0.00        0.00


                          LITHOLOGY PROPERTIES
                          --------------------

                                  Relative   Relative     Cole-Cole Parameters
        Resistivity  Conductance     MU     Dielectric   CHRG    CTAU       CFREQ

   1      2.000         -1.0       1.000      1.000      0.30   0.100E-02    0.40
   2      275.0         -1.0       1.500      1.000      0.30   0.100E-03    0.30
   3      300.0         -1.0       1.000      1.000      0.00    0.00        1.00


  LAYERED EARTH INPUT DATA
  ------------------------

   1   2    5.0   J, LITH(J), THK(J)
   2   3             Basement Lithology


  INITIAL PARAMETERS FOR  1 PRISMS
  ---------------------------------------
  KACC = 2    SOLVER = 1    OUTPUT = 11

  J, LITHP, PRISM_EAST, PRISM_NORTH, PRISM_TOP:   1   1         0.0         0.0       -10.0
     PRSM_SIZE_EW, PRSM_SIZE_NS, PRSM_SIZE_Z                   20.0       120.0       100.0
     CELL_SIZE_EW, CELL_SIZE_NS, CELL_SIZE_Z                   10.0        15.0        12.5

  The prism structure has two-fold symmetry about
  East-North coordinates:   0.000       0.000    

  It has been reduced to an equivalent single quadrant structure
  to allow faster computation using a group symmetry option.


         Description of PRISM  1
         -----------------------

  PRISM  1 extends:
           from    0.0  to   10.0 - West to East
           from    0.0  to   60.0 - South to North
           from   60.0  to  160.0 - Below Air-Earth Interface

  PRISM  1 is discretised into:
             1 cells of length   10.0 m.  East-West
             4 cells of length   15.0 m.  North-South
             8 cells of length   12.5 m.  Vertically

  PRISM  1 resistivity =   2.000     ohm-m
           Relative MU =   1.00    Relative EPSILON =   1.00
             PRSM_CHRG =   0.30    PRSM_CFR =  0.40    PRSM_TAU =  0.1000E-02

  The frequency-domain results are directly computed from
     1.000     Hz to   10.00     Hz, using  3 points per decade and from
     10.00     Hz to  0.1000E+06 Hz, using  6 points per decade.

  These are used to construct the frequency-domain spectrum from DC to  0.1000E+06 Hz
  before transformation to the time domain.


          +----------------------------------+
          +  Layered Earth Model Parameters  +
          +----------------------------------+

 Layer  Thickness  Resistivity   MU-R   EPS-R   CHRG    CTAU      CFREQ
 -----  ---------  -----------   ----   -----   ----    ----      -----
   1        5.0      275.0       1.50   1.00    0.30   0.10E-03   0.30
   2                 300.0       1.00   1.00    0.00    0.0       1.00

  Marco_Air will compute 3D responses for a time-domain AEM system
  using accuracy level:   2

---------------------------------------------------------------------------
                       END OF INPUT DATA DESCRIPTION
---------------------------------------------------------------------------


  TIME-DOMAIN MarcoAir OUTPUT
  ----------------------------

  The IN-LINE component is defined as the horizontal component along
  the flight path.  It is positive in the forward flight direction.

  The receiver is  42.0 metres below and 114.0 metres behind the transmitter.  


 TITLE:  Single prism Geotem 25 Hz stripped response;  Vz calibration:  Model 1 top lyr mu rel = 1.5
 -----

          VERTICAL COMPONENT - fT/s

         TRANSMITTER POSITION      CHNL 1       CHNL 2       CHNL 3       CHNL 4       CHNL 5       CHNL 6       CHNL 7       CHNL 8       CHNL 9      CHNL 10      CHNL 11      CHNL 12      CHNL 13      CHNL 14      CHNL 15      CHNL 16      CHNL 17      CHNL 18      CHNL 19      CHNL 20 
         EAST     NORTH    ALT     0.417        1.198        2.370        3.776        4.635        4.792        4.948        5.182        5.495        5.885        6.354        6.901        7.604        8.464        9.479       10.651       12.057       13.776       15.964       18.620

  1      -200         0    120     358.2       -140.8       -159.7        204.3        130.5        68.85        43.38        25.81        14.85        8.718        5.151        3.122        1.863        1.078       0.6423       0.4178       0.2096       0.1793       0.1100       0.6542E-01
  2      -162        14    120     359.3       -141.3       -160.1        205.0        130.5        68.80        43.35        25.80        14.85        8.716        5.151        3.122        1.863        1.078       0.6424       0.4180       0.2096       0.1794       0.1101       0.6553E-01
  3      -125        27    120     360.2       -141.6       -160.4        205.7        130.2        68.70        43.30        25.78        14.84        8.713        5.149        3.121        1.863        1.078       0.6424       0.4181       0.2096       0.1796       0.1102       0.6560E-01
  4       -87        41    120     360.2       -141.5       -160.3        206.0        129.8        68.54        43.23        25.75        14.83        8.707        5.146        3.120        1.862        1.078       0.6421       0.4180       0.2094       0.1797       0.1103       0.6559E-01
  5       -50        55    130     321.1       -127.2       -145.0        181.5        121.6        64.95        41.20        24.66        14.25        8.392        4.971        3.019        1.802        1.045       0.6219       0.4019       0.2050       0.1698       0.1037       0.6174E-01
  6       -12        68    140     286.3       -114.5       -131.4        159.7        114.1        61.62        39.30        23.63        13.71        8.094        4.805        2.924        1.745        1.013       0.6030       0.3870       0.2007       0.1609       0.9788E-01   0.5826E-01
  7        26        82    140     284.4       -113.8       -130.7        158.7        113.9        61.55        39.27        23.61        13.70        8.091        4.803        2.923        1.744        1.013       0.6026       0.3866       0.2006       0.1606       0.9768E-01   0.5810E-01
  8        63        96    140     284.4       -113.8       -130.7        158.6        113.9        61.56        39.28        23.62        13.70        8.091        4.803        2.923        1.744        1.013       0.6027       0.3866       0.2006       0.1606       0.9768E-01   0.5810E-01
  9       101       109    140     286.1       -114.4       -131.3        159.6        114.2        61.65        39.32        23.64        13.71        8.097        4.806        2.925        1.746        1.013       0.6031       0.3871       0.2007       0.1609       0.9788E-01   0.5826E-01
 10       138       123    130     320.5       -127.0       -144.9        181.1        121.7        65.00        41.23        24.67        14.26        8.396        4.973        3.020        1.803        1.045       0.6220       0.4019       0.2050       0.1697       0.1037       0.6170E-01
 11       176       137    120     358.9       -141.0       -159.9        205.2        129.8        68.59        43.27        25.77        14.84        8.711        5.148        3.121        1.863        1.078       0.6421       0.4179       0.2094       0.1795       0.1101       0.6548E-01
 12       213       150    120     358.6       -140.9       -159.8        204.8        130.1        68.71        43.32        25.79        14.85        8.715        5.150        3.122        1.863        1.078       0.6423       0.4179       0.2095       0.1794       0.1101       0.6547E-01
 13       251       164    120     357.8       -140.6       -159.5        204.2        130.2        68.77        43.35        25.81        14.85        8.717        5.151        3.122        1.863        1.078       0.6422       0.4178       0.2095       0.1792       0.1100       0.6539E-01
 14       289       178    120     356.9       -140.3       -159.2        203.7        130.1        68.78        43.36        25.81        14.85        8.717        5.151        3.122        1.863        1.078       0.6421       0.4176       0.2095       0.1791       0.1099       0.6531E-01
-------------------------------------------------------------------------------------


          IN-LINE COMPONENT - fT/s

         TRANSMITTER POSITION      CHNL 1       CHNL 2       CHNL 3       CHNL 4       CHNL 5       CHNL 6       CHNL 7       CHNL 8       CHNL 9      CHNL 10      CHNL 11      CHNL 12      CHNL 13      CHNL 14      CHNL 15      CHNL 16      CHNL 17      CHNL 18      CHNL 19      CHNL 20 
         EAST     NORTH    ALT     0.417        1.198        2.370        3.776        4.635        4.792        4.948        5.182        5.495        5.885        6.354        6.901        7.604        8.464        9.479       10.651       12.057       13.776       15.964       18.620

  1      -200         0    120     172.0       -60.95       -66.47        113.5        29.22        13.72        8.036        4.482        2.443        1.377       0.7872       0.4601       0.2817       0.1598       0.9690E-01   0.7776E-01   0.2035E-01   0.4779E-01   0.3155E-01   0.1745E-01
  2      -162        14    120     172.0       -60.90       -66.45        113.6        28.97        13.65        8.011        4.473        2.440        1.375       0.7864       0.4596       0.2814       0.1597       0.9682E-01   0.7775E-01   0.2026E-01   0.4784E-01   0.3158E-01   0.1745E-01
  3      -125        27    120     171.7       -60.74       -66.32        113.6        28.77        13.62        8.006        4.473        2.440        1.375       0.7865       0.4596       0.2813       0.1596       0.9676E-01   0.7772E-01   0.2018E-01   0.4785E-01   0.3159E-01   0.1742E-01
  4       -87        41    120     171.0       -60.47       -66.09        113.2        28.75        13.67        8.033        4.489        2.448        1.379       0.7883       0.4604       0.2817       0.1599       0.9682E-01   0.7769E-01   0.2017E-01   0.4779E-01   0.3155E-01   0.1736E-01
  5       -50        55    130     143.9       -51.46       -56.33        93.77        27.16        13.01        7.677        4.300        2.346        1.321       0.7544       0.4411       0.2672       0.1513       0.9111E-01   0.7062E-01   0.2076E-01   0.4150E-01   0.2722E-01   0.1519E-01
  6       -12        68    140     123.2       -44.57       -48.83        78.81        25.87        12.44        7.364        4.133        2.257        1.271       0.7253       0.4246       0.2552       0.1443       0.8650E-01   0.6505E-01   0.2117E-01   0.3662E-01   0.2385E-01   0.1351E-01
  7        26        82    140     124.9       -45.28       -49.53        79.67        26.45        12.64        7.463        4.181        2.280        1.283       0.7318       0.4283       0.2574       0.1455       0.8724E-01   0.6561E-01   0.2143E-01   0.3693E-01   0.2405E-01   0.1369E-01
  8        63        96    140     127.1       -46.14       -50.38        80.80        27.02        12.82        7.555        4.225        2.301        1.294       0.7377       0.4318       0.2595       0.1466       0.8798E-01   0.6623E-01   0.2168E-01   0.3730E-01   0.2430E-01   0.1390E-01
  9       101       109    140     128.1       -46.56       -50.79        81.25        27.40        12.95        7.618        4.255        2.315        1.301       0.7415       0.4339       0.2607       0.1472       0.8840E-01   0.6654E-01   0.2184E-01   0.3746E-01   0.2440E-01   0.1400E-01
 10       138       123    130     149.5       -53.81       -58.63        96.18        29.50        13.82        8.082        4.493        2.438        1.368       0.7793       0.4552       0.2754       0.1556       0.9383E-01   0.7255E-01   0.2182E-01   0.4244E-01   0.2782E-01   0.1576E-01
 11       176       137    120     174.3       -62.04       -67.63        114.0        31.36        14.64        8.528        4.726        2.559        1.435       0.8175       0.4767       0.2907       0.1646       0.9964E-01   0.7938E-01   0.2139E-01   0.4833E-01   0.3189E-01   0.1775E-01
 12       213       150    120     172.2       -61.19       -66.82        112.9        30.88        14.52        8.471        4.700        2.547        1.428       0.8137       0.4743       0.2891       0.1638       0.9906E-01   0.7886E-01   0.2117E-01   0.4800E-01   0.3168E-01   0.1755E-01
 13       251       164    120     170.9       -60.65       -66.31        112.4        30.38        14.38        8.408        4.672        2.534        1.421       0.8100       0.4722       0.2878       0.1631       0.9859E-01   0.7852E-01   0.2096E-01   0.4783E-01   0.3157E-01   0.1742E-01
 14       289       178    120     170.3       -60.36       -66.04        112.2        29.96        14.25        8.349        4.646        2.522        1.416       0.8070       0.4705       0.2869       0.1626       0.9826E-01   0.7831E-01   0.2080E-01   0.4775E-01   0.3152E-01   0.1736E-01
-------------------------------------------------------------------------------------


     SCATTERED RESPONSE -  UNITS = fT/s
     ---------------------------------
       The layered earth response is stripped from each component



 TITLE:  Single prism Geotem 25 Hz stripped response;  Vz calibration:  Model 1 top lyr mu rel = 1.5
 -----
          SCATTERED VERTICAL COMPONENT - fT/s

         TRANSMITTER POSITION      CHNL 1       CHNL 2       CHNL 3       CHNL 4       CHNL 5       CHNL 6       CHNL 7       CHNL 8       CHNL 9      CHNL 10      CHNL 11      CHNL 12      CHNL 13      CHNL 14      CHNL 15      CHNL 16      CHNL 17      CHNL 18      CHNL 19      CHNL 20 
         EAST     NORTH    ALT     0.417        1.198        2.370        3.776        4.635        4.792        4.948        5.182        5.495        5.885        6.354        6.901        7.604        8.464        9.479       10.651       12.057       13.776       15.964       18.620

  1      -200         0    120     3.984       -1.726       -1.642        1.463        2.053       0.6512       0.2953       0.1281       0.5494E-01   0.2630E-01   0.1349E-01   0.7522E-02   0.4406E-02   0.2242E-02   0.1523E-02   0.1090E-02   0.7083E-03   0.5011E-03   0.3385E-03   0.3784E-03
  2      -162        14    120     5.101       -2.148       -2.036        2.158        2.031       0.5997       0.2686       0.1163       0.5053E-01   0.2481E-01   0.1302E-01   0.7471E-02   0.4552E-02   0.2297E-02   0.1640E-02   0.1276E-02   0.7384E-03   0.6766E-03   0.4502E-03   0.4816E-03
  3      -125        27    120     5.974       -2.442       -2.326        2.861        1.793       0.4952       0.2199       0.9528E-01   0.4224E-01   0.2137E-01   0.1150E-01   0.6795E-02   0.4338E-02   0.2176E-02   0.1629E-02   0.1398E-02   0.6735E-03   0.8540E-03   0.5638E-03   0.5594E-03
  4       -87        41    120     5.924       -2.350       -2.260        3.139        1.318       0.3396       0.1495       0.6478E-01   0.2942E-01   0.1540E-01   0.8529E-02   0.5183E-02   0.3505E-02   0.1755E-02   0.1374E-02   0.1316E-02   0.4875E-03   0.9132E-03   0.6029E-03   0.5467E-03
  5       -50        55    130     3.283       -1.270       -1.233        1.861       0.5625       0.1332       0.5682E-01   0.2402E-01   0.1097E-01   0.5905E-02   0.3367E-02   0.2106E-02   0.1541E-02   0.7701E-03   0.6385E-03   0.6873E-03   0.1840E-03   0.5300E-03   0.3519E-03   0.2962E-03
  6       -12        68    140    0.3962      -0.1425      -0.1379       0.2618       0.4237E-02  -0.1128E-01  -0.8308E-02  -0.4985E-02  -0.2610E-02  -0.1343E-02  -0.6902E-03  -0.3627E-03  -0.1435E-03  -0.8227E-04  -0.2110E-04   0.3571E-04  -0.2187E-04   0.6004E-04   0.4130E-04   0.3093E-04
  7        26        82    140    -1.440       0.5597       0.5504      -0.8088      -0.2814      -0.8154E-01  -0.3987E-01  -0.1908E-01  -0.9338E-02  -0.5021E-02  -0.2788E-02  -0.1658E-02  -0.1071E-02  -0.5523E-03  -0.3945E-03  -0.3650E-03  -0.1162E-03  -0.2510E-03  -0.1652E-03  -0.1346E-03
  8        63        96    140    -1.471       0.5680       0.5569      -0.8382      -0.2578      -0.6943E-01  -0.3320E-01  -0.1563E-01  -0.7631E-02  -0.4144E-02  -0.2324E-02  -0.1402E-02  -0.9368E-03  -0.4787E-03  -0.3556E-03  -0.3481E-03  -0.1002E-03  -0.2515E-03  -0.1661E-03  -0.1354E-03
  9       101       109    140    0.2519      -0.9666E-01  -0.9807E-01   0.1424       0.6736E-01   0.2339E-01   0.1097E-01   0.4992E-02   0.2291E-02   0.1152E-02   0.6182E-03   0.3495E-03   0.2203E-03   0.1186E-03   0.7993E-04   0.7164E-04   0.2074E-04   0.4838E-04   0.3254E-04   0.2325E-04
 10       138       123    130     2.724       -1.072       -1.049        1.470       0.6367       0.1872       0.8772E-01   0.4014E-01   0.1879E-01   0.9784E-02   0.5346E-02   0.3144E-02   0.2022E-02   0.1042E-02   0.7500E-03   0.6808E-03   0.2403E-03   0.4564E-03   0.3019E-03   0.2540E-03
 11       176       137    120     4.637       -1.870       -1.810        2.330        1.315       0.3902       0.1816       0.8228E-01   0.3785E-01   0.1941E-01   0.1047E-01   0.6114E-02   0.3828E-02   0.1957E-02   0.1393E-02   0.1185E-02   0.5134E-03   0.7315E-03   0.4822E-03   0.4389E-03
 12       213       150    120     4.378       -1.824       -1.752        1.956        1.642       0.5090       0.2368       0.1065       0.4793E-01   0.2397E-01   0.1267E-01   0.7250E-02   0.4365E-02   0.2230E-02   0.1536E-02   0.1191E-02   0.6342E-03   0.6437E-03   0.4248E-03   0.4210E-03
 13       251       164    120     3.531       -1.519       -1.460        1.369        1.732       0.5684       0.2659       0.1191       0.5276E-01   0.2577E-01   0.1335E-01   0.7472E-02   0.4344E-02   0.2227E-02   0.1474E-02   0.1051E-02   0.6431E-03   0.4918E-03   0.3275E-03   0.3441E-03
 14       289       178    120     2.634       -1.168       -1.136       0.8705        1.653       0.5802       0.2749       0.1233       0.5407E-01   0.2590E-01   0.1317E-01   0.7207E-02   0.4061E-02   0.2093E-02   0.1328E-02   0.8845E-03   0.5854E-03   0.3621E-03   0.2445E-03   0.2609E-03
-------------------------------------------------------------------------------------

          SCATTERED IN-LINE COMPONENT - fT/s

         TRANSMITTER POSITION      CHNL 1       CHNL 2       CHNL 3       CHNL 4       CHNL 5       CHNL 6       CHNL 7       CHNL 8       CHNL 9      CHNL 10      CHNL 11      CHNL 12      CHNL 13      CHNL 14      CHNL 15      CHNL 16      CHNL 17      CHNL 18      CHNL 19      CHNL 20 
         EAST     NORTH    ALT     0.417        1.198        2.370        3.776        4.635        4.792        4.948        5.182        5.495        5.885        6.354        6.901        7.604        8.464        9.479       10.651       12.057       13.776       15.964       18.620

  1      -200         0    120     1.666      -0.6116      -0.5138        1.029      -0.2025      -0.2336      -0.1458      -0.7891E-01  -0.3904E-01  -0.1946E-01  -0.9866E-02  -0.5149E-02  -0.2473E-02  -0.1365E-02  -0.5931E-03  -0.1575E-03  -0.1809E-03   0.1182E-03   0.8374E-04   0.1158E-03
  2      -162        14    120     1.642      -0.5637      -0.4893        1.200      -0.4570      -0.2992      -0.1709      -0.8829E-01  -0.4252E-01  -0.2102E-01  -0.1068E-01  -0.5613E-02  -0.2726E-02  -0.1493E-02  -0.6816E-03  -0.1702E-03  -0.2724E-03   0.1666E-03   0.1146E-03   0.1130E-03
  3      -125        27    120     1.310      -0.3988      -0.3619        1.166      -0.6500      -0.3260      -0.1760      -0.8816E-01  -0.4177E-01  -0.2066E-01  -0.1055E-01  -0.5629E-02  -0.2783E-02  -0.1502E-02  -0.7340E-03  -0.1968E-03  -0.3542E-03   0.1768E-03   0.1224E-03   0.8183E-04
  4       -87        41    120    0.6393      -0.1313      -0.1310       0.8066      -0.6723      -0.2852      -0.1483      -0.7273E-01  -0.3420E-01  -0.1702E-01  -0.8774E-02  -0.4776E-02  -0.2428E-02  -0.1287E-02  -0.6814E-03  -0.2254E-03  -0.3627E-03   0.1168E-03   0.8414E-04   0.2397E-04
  5       -50        55    130   -0.9999E-01   0.9617E-01   0.8432E-01   0.1573      -0.3592      -0.1333      -0.6724E-01  -0.3236E-01  -0.1517E-01  -0.7631E-02  -0.3988E-02  -0.2225E-02  -0.1186E-02  -0.6189E-03  -0.3602E-03  -0.1661E-03  -0.1893E-03   0.1149E-05   0.4683E-05  -0.2515E-04
  6       -12        68    140    0.3693      -0.1459      -0.1516       0.2007       0.1203       0.4992E-01   0.2683E-01   0.1362E-01   0.6737E-02   0.3503E-02   0.1873E-02   0.1050E-02   0.6052E-03   0.3218E-03   0.1956E-03   0.1462E-03   0.5676E-04   0.8081E-04   0.5274E-04   0.3785E-04
  7        26        82    140     2.117      -0.8599      -0.8546        1.054       0.7003       0.2474       0.1260       0.6155E-01   0.2978E-01   0.1546E-01   0.8307E-02   0.4738E-02   0.2789E-02   0.1461E-02   0.9364E-03   0.7097E-03   0.3216E-03   0.3876E-03   0.2524E-03   0.2128E-03
  8        63        96    140     4.268       -1.716       -1.698        2.184        1.276       0.4337       0.2182       0.1057       0.5094E-01   0.2650E-01   0.1429E-01   0.8196E-02   0.4902E-02   0.2558E-02   0.1676E-02   0.1324E-02   0.5662E-03   0.7634E-03   0.4990E-03   0.4197E-03
  9       101       109    140     5.272       -2.135       -2.107        2.639        1.660       0.5627       0.2816       0.1356       0.6490E-01   0.3359E-01   0.1804E-01   0.1033E-01   0.6155E-02   0.3206E-02   0.2101E-02   0.1638E-02   0.7305E-03   0.9259E-03   0.6052E-03   0.5200E-03
 10       138       123    130     5.464       -2.256       -2.216        2.570        1.982       0.6786       0.3379       0.1615       0.7655E-01   0.3925E-01   0.2093E-01   0.1191E-01   0.6998E-02   0.3638E-02   0.2360E-02   0.1765E-02   0.8723E-03   0.9326E-03   0.6081E-03   0.5469E-03
 11       176       137    120     3.946       -1.701       -1.669        1.576        1.943       0.6937       0.3461       0.1648       0.7714E-01   0.3894E-01   0.2049E-01   0.1150E-01   0.6556E-02   0.3411E-02   0.2141E-02   0.1461E-02   0.8557E-03   0.6537E-03   0.4244E-03   0.4115E-03
 12       213       150    120     1.839      -0.8560      -0.8605       0.4880        1.454       0.5687       0.2892       0.1387       0.6457E-01   0.3210E-01   0.1662E-01   0.9140E-02   0.5014E-02   0.2628E-02   0.1558E-02   0.9473E-03   0.6379E-03   0.3245E-03   0.2100E-03   0.2110E-03
 13       251       164    120    0.5673      -0.3160      -0.3536      -0.3685E-01   0.9574       0.4287       0.2260       0.1105       0.5164E-01   0.2543E-01   0.1299E-01   0.7002E-02   0.3711E-02   0.1962E-02   0.1092E-02   0.6009E-03   0.4266E-03   0.1528E-03   0.9828E-04   0.8686E-04
 14       289       178    120   -0.7730E-01  -0.2409E-01  -0.8061E-01  -0.2129       0.5366       0.2978       0.1670       0.8446E-01   0.4015E-01   0.1976E-01   0.9997E-02   0.5311E-02   0.2732E-02   0.1454E-02   0.7596E-03   0.3891E-03   0.2653E-03   0.7821E-04   0.4849E-04   0.2291E-04
-------------------------------------------------------------------------------------



  MarcoAir forward model completed at 13:52 on 14 JAN 2013

  Computation time =       3.87 seconds.


