

  MarcoAir task started at 13:54 on 14 JAN 2013



      ######################################################################
      #                                                                    #
      #                 MarcoAir - Version 2.8.4   2 September 2007        #        
      #                 -------------------------------------------        #        
      #                                                                    #
      #      Develped by:  CSIRO Electromagnetic Modelling Group           #
      #                    Zonghou Xiong & Art Raiche                      #
      #                                                                    #
      #              For:  AMIRA project P223D                             #
      #                                                                    #
      ######################################################################

          INPUT DATA
          ----------

 Single prism Tempest 25 Hz response;  Model 1 top lyr mu rel = 1.5                                                      
 1 1 1 0            ! TDFD, DO3D, PRFL, ISTOP                                                                            
 4 1 1 3 15 1 0     ! ISW, NSX, STEP, UNITS, NCHNL, KRXW, OFFTIME                                                        
 25 1               ! FREQ, TXAMPL                                                                                       
 0.0067 0.0200  0.0333 0.0467  0.0600 0.0733  0.0867  0.1267  0.1400  0.2067                                             
 0.2200 0.3400  0.3533 0.5533  0.5667 0.8733  0.8867  1.3533  1.3667  2.1000                                             
 2.1133 3.2733  3.2867 5.1133  5.1267 7.9933  8.0067 12.3933 12.4067 19.9933                                             
 6. 2 0 1            ! TXCLN(1),CMP,KPPM,NRX                                                                             
 53 100 0            ! ZRX, XRX, YRX                                                                                     
 14 2 0 0            ! NSTAT, SURVEY, BAROMTRC, LINE_TAG                                                                 
 -200.000   0.       120.                                                                                                
 -162.412   13.6808  120.                                                                                                
 -124.825   27.3616  120.                                                                                                
 -87.2369   41.0424  120.                                                                                                
 -49.6492   54.7232  130.                                                                                                
 -12.0615   68.4040  140.                                                                                                
  25.5262   82.0848  140.                                                                                                
  63.1139   95.7656  140.                                                                                                
  100.702   109.446  140.                                                                                                
  138.289   123.127  130.                                                                                                
  175.877   136.808  120.                                                                                                
  213.465   150.489  120.                                                                                                
  251.052   164.170  120.                                                                                                
  288.640   177.850  120.                                                                                                
 2 1 3 50                     ! NLAYER, NPRISM, NLITH, GND_LVL                                                           
    2. -1 1   1 .3 .001  .4   ! RES(1), SIG_T(1), RMU(1), REPS(1), CHRG(1), CTAU(1), CFREQ(1): LITH(1)                   
  275. -1 1.5 1 .3 .0001 .3   ! RES(2), SIG_T(2), RMU(2), REPS(2), CHRG(2), CTAU(2), CFREQ(2): LITH(2)                   
  300. -1 1   1  0. 0.   0.   ! RES(3), SIG_T(3), RMU(3), REPS(3), CHRG(3), CTAU(3), CFREQ(3): LITH(3)                   
 2 5.                         ! LITHL(1), THICK  (Overburden)                                                            
 3                            ! LITHL(2)         (Basement)                                                              
 2 1 11                       ! KACC, SOLVER, OUTPUT                                                                     
 1   0.  0. -10               ! LITHP(1), PRISM_EAST(1),  PRISM_NORTH(1),   PRISM_TOP(1)                                 
    20 120 100                !         PRSM_SIZE_EW(1), PRSM_SIZE_NS(1), PRSM_SIZE_Z(1)                                 
    10  15 12.5               !         CELL_SIZE_EW(1), CELL_SIZE_NS(1), CELL_SIZE_Z(1)                                 
                                                                                                                         
                                                                                                                         
-------------------------------------------------------------------------------

 Single prism Tempest 25 Hz response;  Model 1 top lyr mu rel = 1.5

  TDFD =  1   DO3D =  1   PRFL =  1    ISTOP = 0

  ISW =   4   NSX =   1   STEP = 1    UNITS =   3  NCHNL =  15
  KRXW =  1   OFFTYM =   0.000    


         +-------------------------------------------
         +   Airborne System Information
         +   100 Percent Duty Cycle STEP Response
         +   for Rectangular Waveform
         +   B output will be in fT
         +-------------------------------------------


     Peak Current =   1.0 amps.
     Single pulse response to step current turn-off.

         Receiver Window Specifications (ms)
         -----------------------------------

       Window     Open        Close      Width      Centre
       ------     ----        -----      -----      ------
          1       0.007       0.020      0.013       0.013
          2       0.033       0.047      0.013       0.040
          3       0.060       0.073      0.013       0.067
          4       0.087       0.127      0.040       0.107
          5       0.140       0.207      0.067       0.173
          6       0.220       0.340      0.120       0.280
          7       0.353       0.553      0.200       0.453
          8       0.567       0.873      0.307       0.720
          9       0.887       1.353      0.467       1.120
         10       1.367       2.100      0.733       1.733
         11       2.113       3.273      1.160       2.693
         12       3.287       5.113      1.827       4.200
         13       5.127       7.993      2.867       6.560
         14       8.007      12.393      4.387      10.200
         15      12.407      19.993      7.587      16.200

  CMP =  2    KPPM =   0
  Inclination angle of transmitter in level flight =  6.0 degrees (front up)

  Initial Rx offset relative to Tx:   53.0 Below,  100.0 Behind,   0.0 Left


  NSTAT =  14   SURVEY = 2   BAROMTRC = 0   LINE_TAG = 0

       14 transmitter positions along the flight path

     Line   Stat     East       North       Alt      Bearing    Pitch   ZRX    XRX      YRX
     ----   ----     ----       -----       ---      -------    -----   ---    ---      ---

     1000     1      -200.0         0.0     120.0      70.0      0.1    53.0   100.0     0.0
     1000     2      -162.4        13.7     120.0      70.0      0.1    53.0   100.0     0.0
     1000     3      -124.8        27.4     120.0      70.0      0.1    53.0   100.0     0.0
     1000     4       -87.2        41.0     120.0      70.0      0.1    53.0   100.0     0.0
     1000     5       -49.6        54.7     130.0      70.0      0.1    53.0   100.0     0.0
     1000     6       -12.1        68.4     140.0      70.0      0.1    53.0   100.0     0.0
     1000     7        25.5        82.1     140.0      70.0      0.1    53.0   100.0     0.0
     1000     8        63.1        95.8     140.0      70.0      0.1    53.0   100.0     0.0
     1000     9       100.7       109.4     140.0      70.0      0.1    53.0   100.0     0.0
     1000    10       138.3       123.1     130.0      70.0      0.1    53.0   100.0     0.0
     1000    11       175.9       136.8     120.0      70.0      0.1    53.0   100.0     0.0
     1000    12       213.5       150.5     120.0      70.0      0.1    53.0   100.0     0.0
     1000    13       251.1       164.2     120.0      70.0      0.1    53.0   100.0     0.0
     1000    14       288.6       177.8     120.0      70.0      0.1    53.0   100.0     0.0


  NLAYER =  2;   NPLATE =  1;   NLITH =  3;   GND_LVL =   50.00


                          LITHOLOGY PROPERTIES
                          --------------------

                                  Relative   Relative     Cole-Cole Parameters
        Resistivity  Conductance     MU     Dielectric   CHRG    CTAU       CFREQ

   1      2.000         -1.0       1.000      1.000      0.30   0.100E-02    0.40
   2      275.0         -1.0       1.500      1.000      0.30   0.100E-03    0.30
   3      300.0         -1.0       1.000      1.000      0.00    0.00        0.00


                          LITHOLOGY PROPERTIES
                          --------------------

                                  Relative   Relative     Cole-Cole Parameters
        Resistivity  Conductance     MU     Dielectric   CHRG    CTAU       CFREQ

   1      2.000         -1.0       1.000      1.000      0.30   0.100E-02    0.40
   2      275.0         -1.0       1.500      1.000      0.30   0.100E-03    0.30
   3      300.0         -1.0       1.000      1.000      0.00    0.00        1.00


  LAYERED EARTH INPUT DATA
  ------------------------

   1   2    5.0   J, LITH(J), THK(J)
   2   3             Basement Lithology


  INITIAL PARAMETERS FOR  1 PRISMS
  ---------------------------------------
  KACC = 2    SOLVER = 1    OUTPUT = 11

  J, LITHP, PRISM_EAST, PRISM_NORTH, PRISM_TOP:   1   1         0.0         0.0       -10.0
     PRSM_SIZE_EW, PRSM_SIZE_NS, PRSM_SIZE_Z                   20.0       120.0       100.0
     CELL_SIZE_EW, CELL_SIZE_NS, CELL_SIZE_Z                   10.0        15.0        12.5

  The prism structure has two-fold symmetry about
  East-North coordinates:   0.000       0.000    

  It has been reduced to an equivalent single quadrant structure
  to allow faster computation using a group symmetry option.


         Description of PRISM  1
         -----------------------

  PRISM  1 extends:
           from    0.0  to   10.0 - West to East
           from    0.0  to   60.0 - South to North
           from   60.0  to  160.0 - Below Air-Earth Interface

  PRISM  1 is discretised into:
             1 cells of length   10.0 m.  East-West
             4 cells of length   15.0 m.  North-South
             8 cells of length   12.5 m.  Vertically

  PRISM  1 resistivity =   2.000     ohm-m
           Relative MU =   1.00    Relative EPSILON =   1.00
             PRSM_CHRG =   0.30    PRSM_CFR =  0.40    PRSM_TAU =  0.1000E-02

  The frequency-domain results are directly computed from
     1.000     Hz to   10.00     Hz, using  3 points per decade and from
     10.00     Hz to  0.1000E+06 Hz, using  6 points per decade.

  These are used to construct the frequency-domain spectrum from DC to  0.1000E+06 Hz
  before transformation to the time domain.


          +----------------------------------+
          +  Layered Earth Model Parameters  +
          +----------------------------------+

 Layer  Thickness  Resistivity   MU-R   EPS-R   CHRG    CTAU      CFREQ
 -----  ---------  -----------   ----   -----   ----    ----      -----
   1        5.0      275.0       1.50   1.00    0.30   0.10E-03   0.30
   2                 300.0       1.00   1.00    0.00    0.0       1.00

  Marco_Air will compute 3D responses for a time-domain AEM system
  using accuracy level:   2

---------------------------------------------------------------------------
                       END OF INPUT DATA DESCRIPTION
---------------------------------------------------------------------------


  TIME-DOMAIN MarcoAir OUTPUT
  ----------------------------

  The IN-LINE component is defined as the horizontal component along
  the flight path.  It is positive in the forward flight direction.

  The receiver is  53.0 metres below and 100.0 metres behind the transmitter.  


 TITLE:  Single prism Tempest 25 Hz response;  Model 1 top lyr mu rel = 1.5
 -----

          VERTICAL COMPONENT - fT

         TRANSMITTER POSITION      CHNL 1       CHNL 2       CHNL 3       CHNL 4       CHNL 5       CHNL 6       CHNL 7       CHNL 8       CHNL 9      CHNL 10      CHNL 11      CHNL 12      CHNL 13      CHNL 14      CHNL 15 
         EAST     NORTH    ALT     0.013        0.040        0.067        0.107        0.173        0.280        0.453        0.720        1.120        1.733        2.693        4.200        6.560       10.200       16.200

  1      -200         0    120     4.173        1.870        1.181       0.7417       0.4330       0.2452       0.1342       0.7338E-01   0.4058E-01   0.2234E-01   0.1210E-01   0.6457E-02   0.3410E-02   0.1799E-02   0.9217E-03
  2      -162        14    120     4.177        1.883        1.191       0.7457       0.4335       0.2451       0.1341       0.7334E-01   0.4057E-01   0.2233E-01   0.1210E-01   0.6455E-02   0.3409E-02   0.1799E-02   0.9215E-03
  3      -125        27    120     4.183        1.899        1.199       0.7472       0.4330       0.2446       0.1339       0.7327E-01   0.4055E-01   0.2232E-01   0.1209E-01   0.6454E-02   0.3409E-02   0.1799E-02   0.9213E-03
  4       -87        41    120     4.191        1.907        1.199       0.7442       0.4310       0.2438       0.1336       0.7319E-01   0.4052E-01   0.2232E-01   0.1209E-01   0.6453E-02   0.3408E-02   0.1798E-02   0.9212E-03
  5       -50        55    130     3.630        1.691        1.075       0.6780       0.3999       0.2298       0.1276       0.7054E-01   0.3934E-01   0.2179E-01   0.1187E-01   0.6359E-02   0.3370E-02   0.1783E-02   0.9157E-03
  6       -12        68    140     3.150        1.493       0.9636       0.6184       0.3718       0.2170       0.1219       0.6802E-01   0.3821E-01   0.2129E-01   0.1165E-01   0.6267E-02   0.3333E-02   0.1768E-02   0.9100E-03
  7        26        82    140     3.140        1.476       0.9530       0.6136       0.3704       0.2166       0.1218       0.6801E-01   0.3821E-01   0.2129E-01   0.1165E-01   0.6268E-02   0.3333E-02   0.1769E-02   0.9103E-03
  8        63        96    140     3.142        1.479       0.9550       0.6146       0.3708       0.2168       0.1219       0.6802E-01   0.3821E-01   0.2129E-01   0.1165E-01   0.6269E-02   0.3333E-02   0.1769E-02   0.9103E-03
  9       101       109    140     3.153        1.498       0.9671       0.6204       0.3727       0.2174       0.1220       0.6807E-01   0.3823E-01   0.2130E-01   0.1165E-01   0.6268E-02   0.3333E-02   0.1768E-02   0.9101E-03
 10       138       123    130     3.628        1.688        1.075       0.6791       0.4009       0.2303       0.1278       0.7062E-01   0.3937E-01   0.2181E-01   0.1187E-01   0.6362E-02   0.3371E-02   0.1784E-02   0.9159E-03
 11       176       137    120     4.184        1.890        1.190       0.7416       0.4311       0.2442       0.1338       0.7329E-01   0.4056E-01   0.2233E-01   0.1210E-01   0.6456E-02   0.3410E-02   0.1799E-02   0.9216E-03
 12       213       150    120     4.177        1.879        1.185       0.7412       0.4318       0.2446       0.1340       0.7335E-01   0.4058E-01   0.2234E-01   0.1210E-01   0.6458E-02   0.3410E-02   0.1799E-02   0.9218E-03
 13       251       164    120     4.173        1.867        1.177       0.7381       0.4314       0.2447       0.1341       0.7338E-01   0.4059E-01   0.2235E-01   0.1210E-01   0.6458E-02   0.3411E-02   0.1800E-02   0.9219E-03
 14       289       178    120     4.172        1.859        1.169       0.7344       0.4303       0.2446       0.1341       0.7339E-01   0.4060E-01   0.2235E-01   0.1210E-01   0.6459E-02   0.3411E-02   0.1800E-02   0.9220E-03
-------------------------------------------------------------------------------------


          IN-LINE COMPONENT - fT

         TRANSMITTER POSITION      CHNL 1       CHNL 2       CHNL 3       CHNL 4       CHNL 5       CHNL 6       CHNL 7       CHNL 8       CHNL 9      CHNL 10      CHNL 11      CHNL 12      CHNL 13      CHNL 14      CHNL 15 
         EAST     NORTH    ALT     0.013        0.040        0.067        0.107        0.173        0.280        0.453        0.720        1.120        1.733        2.693        4.200        6.560       10.200       16.200

  1      -200         0    120     2.209       0.7046       0.3763       0.2000       0.9705E-01   0.4628E-01   0.2156E-01   0.1019E-01   0.4937E-02   0.2402E-02   0.1156E-02   0.5519E-03   0.2626E-03   0.1258E-03   0.5879E-04
  2      -162        14    120     2.213       0.7097       0.3761       0.1981       0.9584E-01   0.4586E-01   0.2146E-01   0.1016E-01   0.4931E-02   0.2400E-02   0.1155E-02   0.5516E-03   0.2624E-03   0.1257E-03   0.5874E-04
  3      -125        27    120     2.217       0.7099       0.3720       0.1949       0.9466E-01   0.4559E-01   0.2142E-01   0.1017E-01   0.4935E-02   0.2402E-02   0.1157E-02   0.5521E-03   0.2626E-03   0.1258E-03   0.5878E-04
  4       -87        41    120     2.219       0.7019       0.3648       0.1917       0.9403E-01   0.4563E-01   0.2151E-01   0.1022E-01   0.4958E-02   0.2412E-02   0.1161E-02   0.5541E-03   0.2635E-03   0.1262E-03   0.5895E-04
  5       -50        55    130     1.817       0.5981       0.3195       0.1732       0.8761E-01   0.4342E-01   0.2076E-01   0.9964E-02   0.4879E-02   0.2393E-02   0.1160E-02   0.5577E-03   0.2671E-03   0.1289E-03   0.6069E-04
  6       -12        68    140     1.502       0.5230       0.2889       0.1609       0.8294E-01   0.4161E-01   0.2009E-01   0.9720E-02   0.4793E-02   0.2366E-02   0.1154E-02   0.5580E-03   0.2688E-03   0.1304E-03   0.6176E-04
  7        26        82    140     1.509       0.5391       0.3012       0.1676       0.8568E-01   0.4257E-01   0.2041E-01   0.9835E-02   0.4835E-02   0.2381E-02   0.1159E-02   0.5596E-03   0.2692E-03   0.1305E-03   0.6170E-04
  8        63        96    140     1.518       0.5578       0.3146       0.1747       0.8838E-01   0.4348E-01   0.2071E-01   0.9935E-02   0.4869E-02   0.2392E-02   0.1163E-02   0.5604E-03   0.2692E-03   0.1303E-03   0.6155E-04
  9       101       109    140     1.517       0.5616       0.3191       0.1778       0.8983E-01   0.4403E-01   0.2090E-01   0.1000E-01   0.4893E-02   0.2401E-02   0.1166E-02   0.5613E-03   0.2695E-03   0.1304E-03   0.6156E-04
 10       138       123    130     1.821       0.6310       0.3522       0.1944       0.9728E-01   0.4711E-01   0.2206E-01   0.1043E-01   0.5049E-02   0.2455E-02   0.1183E-02   0.5654E-03   0.2696E-03   0.1296E-03   0.6079E-04
 11       176       137    120     2.205       0.7009       0.3800       0.2076       0.1035       0.4980E-01   0.2309E-01   0.1080E-01   0.5183E-02   0.2500E-02   0.1195E-02   0.5670E-03   0.2684E-03   0.1281E-03   0.5964E-04
 12       213       150    120     2.203       0.6856       0.3665       0.2002       0.1008       0.4904E-01   0.2289E-01   0.1075E-01   0.5166E-02   0.2495E-02   0.1194E-02   0.5670E-03   0.2687E-03   0.1283E-03   0.5979E-04
 13       251       164    120     2.203       0.6807       0.3597       0.1952       0.9857E-01   0.4829E-01   0.2267E-01   0.1068E-01   0.5145E-02   0.2488E-02   0.1191E-02   0.5663E-03   0.2685E-03   0.1283E-03   0.5982E-04
 14       289       178    120     2.204       0.6808       0.3574       0.1925       0.9697E-01   0.4766E-01   0.2247E-01   0.1062E-01   0.5124E-02   0.2481E-02   0.1189E-02   0.5655E-03   0.2682E-03   0.1282E-03   0.5980E-04
-------------------------------------------------------------------------------------


     SCATTERED RESPONSE -  UNITS = fT
     ---------------------------------
       The layered earth response is stripped from each component



 TITLE:  Single prism Tempest 25 Hz response;  Model 1 top lyr mu rel = 1.5
 -----
          SCATTERED VERTICAL COMPONENT - fT

         TRANSMITTER POSITION      CHNL 1       CHNL 2       CHNL 3       CHNL 4       CHNL 5       CHNL 6       CHNL 7       CHNL 8       CHNL 9      CHNL 10      CHNL 11      CHNL 12      CHNL 13      CHNL 14      CHNL 15 
         EAST     NORTH    ALT     0.013        0.040        0.067        0.107        0.173        0.280        0.453        0.720        1.120        1.733        2.693        4.200        6.560       10.200       16.200

  1      -200         0    120    0.2757E-02   0.1996E-01   0.2465E-01   0.1847E-01   0.9036E-02   0.3327E-02   0.1032E-02   0.3038E-03   0.8877E-04   0.2451E-04   0.5628E-05   0.5781E-06  -0.4771E-06  -0.5107E-06  -0.3530E-06
  2      -162        14    120    0.6079E-02   0.3380E-01   0.3477E-01   0.2239E-01   0.9574E-02   0.3191E-02   0.9280E-03   0.2611E-03   0.7233E-04   0.1793E-04   0.2804E-05  -0.7280E-06  -0.1119E-05  -0.8432E-06  -0.5247E-06
  3      -125        27    120    0.1223E-01   0.4949E-01   0.4254E-01   0.2387E-01   0.9016E-02   0.2726E-02   0.7405E-03   0.1960E-03   0.4914E-04   0.9134E-05  -0.7655E-06  -0.2294E-05  -0.1856E-05  -0.1211E-05  -0.7106E-06
  4       -87        41    120    0.1998E-01   0.5739E-01   0.4199E-01   0.2094E-01   0.7068E-02   0.1931E-02   0.4807E-03   0.1142E-03   0.2207E-04  -0.2573E-06  -0.4151E-05  -0.3581E-05  -0.2379E-05  -0.1441E-05  -0.8146E-06
  5       -50        55    130    0.1623E-01   0.3421E-01   0.2231E-01   0.1027E-01   0.3191E-02   0.7898E-03   0.1720E-03   0.3075E-04   0.7787E-07  -0.4955E-05  -0.4274E-05  -0.2822E-05  -0.1687E-05  -0.9670E-06  -0.5284E-06
  6       -12        68    140    0.3641E-02   0.5273E-02   0.2791E-02   0.1004E-02   0.1947E-03  -0.2136E-05  -0.2459E-04  -0.1686E-04  -0.9322E-05  -0.4806E-05  -0.2385E-05  -0.1162E-05  -0.5638E-06  -0.2762E-06  -0.1327E-06
  7        26        82    140   -0.6133E-02  -0.1177E-01  -0.7805E-02  -0.3762E-02  -0.1246E-02  -0.3498E-03  -0.1022E-03  -0.3241E-04  -0.1039E-04  -0.3000E-05  -0.5784E-06   0.1107E-06   0.2294E-06   0.1923E-06   0.1296E-06
  8        63        96    140   -0.4152E-02  -0.8718E-02  -0.5843E-02  -0.2760E-02  -0.8531E-03  -0.2112E-03  -0.5442E-04  -0.1535E-04  -0.4056E-05  -0.6541E-06   0.2576E-06   0.3876E-06   0.3090E-06   0.2078E-06   0.1264E-06
  9       101       109    140    0.6287E-02   0.9949E-02   0.6292E-02   0.3069E-02   0.1127E-02   0.3630E-03   0.1088E-03   0.3242E-04   0.9592E-05   0.2537E-05   0.4272E-06  -0.1073E-06  -0.1789E-06  -0.1405E-06  -0.9026E-07
 10       138       123    130    0.1468E-01   0.3176E-01   0.2237E-01   0.1143E-01   0.4177E-02   0.1297E-02   0.3801E-03   0.1125E-03   0.3311E-04   0.8676E-05   0.1393E-05  -0.4388E-06  -0.6670E-06  -0.5178E-06  -0.3323E-06
 11       176       137    120    0.1322E-01   0.4073E-01   0.3287E-01   0.1833E-01   0.7171E-02   0.2327E-02   0.6962E-03   0.2090E-03   0.6328E-04   0.1790E-04   0.3947E-05   0.1013E-06  -0.6645E-06  -0.6169E-06  -0.4205E-06
 12       213       150    120    0.6369E-02   0.2895E-01   0.2806E-01   0.1789E-01   0.7853E-02   0.2764E-02   0.8659E-03   0.2672E-03   0.8362E-04   0.2535E-04   0.6827E-05   0.1296E-05  -0.1290E-06  -0.3592E-06  -0.2936E-06
 13       251       164    120    0.2638E-02   0.1700E-01   0.1999E-01   0.1484E-01   0.7426E-02   0.2863E-02   0.9445E-03   0.2994E-03   0.9583E-04   0.3014E-04   0.8842E-05   0.2224E-05   0.3306E-06  -0.1185E-06  -0.1671E-06
 14       289       178    120    0.1051E-02   0.8962E-02   0.1271E-01   0.1107E-01   0.6386E-02   0.2721E-02   0.9524E-03   0.3112E-03   0.1015E-03   0.3260E-04   0.9982E-05   0.2797E-05   0.6362E-06   0.5103E-07  -0.7459E-07
-------------------------------------------------------------------------------------

          SCATTERED IN-LINE COMPONENT - fT

         TRANSMITTER POSITION      CHNL 1       CHNL 2       CHNL 3       CHNL 4       CHNL 5       CHNL 6       CHNL 7       CHNL 8       CHNL 9      CHNL 10      CHNL 11      CHNL 12      CHNL 13      CHNL 14      CHNL 15 
         EAST     NORTH    ALT     0.013        0.040        0.067        0.107        0.173        0.280        0.453        0.720        1.120        1.733        2.693        4.200        6.560       10.200       16.200

  1      -200         0    120    0.4530E-02   0.1884E-01   0.1488E-01   0.6223E-02   0.6713E-03  -0.6010E-03  -0.4608E-03  -0.2285E-03  -0.1029E-03  -0.4494E-04  -0.1929E-04  -0.8247E-05  -0.3547E-05  -0.1557E-05  -0.6734E-06
  2      -162        14    120    0.8023E-02   0.2391E-01   0.1470E-01   0.4290E-02  -0.5371E-03  -0.1016E-02  -0.5660E-03  -0.2538E-03  -0.1097E-03  -0.4705E-04  -0.2007E-04  -0.8579E-05  -0.3705E-05  -0.1638E-05  -0.7146E-06
  3      -125        27    120    0.1227E-01   0.2408E-01   0.1060E-01   0.1119E-02  -0.1727E-02  -0.1287E-02  -0.6001E-03  -0.2507E-03  -0.1050E-03  -0.4440E-04  -0.1882E-04  -0.8037E-05  -0.3478E-05  -0.1543E-05  -0.6772E-06
  4       -87        41    120    0.1412E-01   0.1609E-01   0.3352E-02  -0.2090E-02  -0.2349E-02  -0.1242E-02  -0.5128E-03  -0.2026E-03  -0.8246E-04  -0.3431E-04  -0.1439E-04  -0.6096E-05  -0.2623E-05  -0.1158E-05  -0.5055E-06
  5       -50        55    130    0.6463E-02   0.2380E-02  -0.2215E-02  -0.2641E-02  -0.1504E-02  -0.6276E-03  -0.2313E-03  -0.8561E-04  -0.3326E-04  -0.1332E-04  -0.5381E-05  -0.2194E-05  -0.9048E-06  -0.3810E-06  -0.1575E-06
  6       -12        68    140    0.2721E-02   0.3341E-02   0.1909E-02   0.9961E-03   0.4820E-03   0.2195E-03   0.9073E-04   0.3637E-04   0.1463E-04   0.5792E-05   0.2206E-05   0.7997E-06   0.2699E-06   0.8106E-07   0.1629E-07
  7        26        82    140    0.9165E-02   0.1941E-01   0.1415E-01   0.7766E-02   0.3218E-02   0.1183E-02   0.4190E-03   0.1515E-03   0.5637E-04   0.2082E-04   0.7341E-05   0.2386E-05   0.6568E-06   0.1060E-06  -0.4474E-07
  8        63        96    140    0.1833E-01   0.3815E-01   0.2753E-01   0.1482E-01   0.5922E-02   0.2087E-02   0.7139E-03   0.2508E-03   0.9056E-04   0.3226E-04   0.1079E-04   0.3180E-05   0.6705E-06  -0.4749E-07  -0.1901E-06
  9       101       109    140    0.1746E-01   0.4195E-01   0.3205E-01   0.1791E-01   0.7369E-02   0.2641E-02   0.9076E-03   0.3180E-03   0.1145E-03   0.4081E-04   0.1376E-04   0.4161E-05   0.9701E-06   0.2872E-07  -0.1824E-06
 10       138       123    130    0.1017E-01   0.3519E-01   0.3054E-01   0.1855E-01   0.8168E-02   0.3059E-02   0.1070E-02   0.3772E-03   0.1366E-03   0.4934E-04   0.1715E-04   0.5566E-05   0.1577E-05   0.3055E-06  -0.5475E-07
 11       176       137    120    0.5415E-03   0.1515E-01   0.1853E-01   0.1378E-01   0.7072E-02   0.2919E-02   0.1072E-02   0.3868E-03   0.1428E-03   0.5302E-04   0.1931E-04   0.6839E-05   0.2320E-05   0.7347E-06   0.1841E-06
 12       213       150    120   -0.2271E-02  -0.1914E-03   0.5104E-02   0.6411E-02   0.4428E-02   0.2164E-02   0.8704E-03   0.3296E-03   0.1256E-03   0.4801E-04   0.1817E-04   0.6815E-05   0.2534E-05   0.9391E-06   0.3273E-06
 13       251       164    120   -0.1859E-02  -0.5047E-02  -0.1795E-02   0.1405E-02   0.2186E-02   0.1415E-02   0.6516E-03   0.2641E-03   0.1046E-03   0.4104E-04   0.1593E-04   0.6164E-05   0.2390E-05   0.9392E-06   0.3576E-06
 14       289       178    120   -0.1095E-02  -0.5000E-02  -0.4054E-02  -0.1273E-02   0.5842E-03   0.7811E-03   0.4503E-03   0.2019E-03   0.8410E-04   0.3400E-04   0.1349E-04   0.5327E-05   0.2113E-05   0.8535E-06   0.3370E-06
-------------------------------------------------------------------------------------



  MarcoAir forward model completed at 13:54 on 14 JAN 2013

  Computation time =       3.74 seconds.


