
            Beowulf task started at 09:02 on 13 APR 2015

      ######################################################################
      #                                                                    #
      #                 Beowulf - Version 1.0.4   01 January, 2012         #        
      #                 ----------------------------------------           #        
      #                                                                    #
      #      Develped by:  CSIRO Electromagnetic Modelling Group           #
      #                    Art Raiche, Fred Sugeng & Glenn Wilson          #
      #                                                                    #
      #              For:  AMIRA project P223F                             #
      #                                                                    #
      ######################################################################

-------------------------------------------------------------------------------

  TDFD = 1;   ISYS = 0;   ISTOP = 0

          +-----------------------------------------+
          +  Time-Domain Ground System Information  +
          +-----------------------------------------+

  STEP = 0;   NSX =   4;   NCHNL =  20;   KRXW = 1;   REFTYM =   8.533    ;   OFFTYM =   8.133    


             TXON (ms)    Transmitter current (amps)
             ---------    --------------------------

      1        0.000         0.000    
      2        1.500         1.000    
      3        8.333         1.000    
      4        8.533         0.000    


         Receiver channel origin INPUT is shifted by    8.533 ms from signal origin.

         Receiver Window Specifications (ms - referenced to signal origin)
         ----------------------------------------------------------------

                                                             Referenced
       Window     Open       Close       Width     Centre      Centre
       ------     ----       -----       -----     ------      ------
          1       8.613       8.630      0.016       8.621      0.088
          2       8.630       8.651      0.021       8.640      0.107
          3       8.651       8.678      0.028       8.665      0.131
          4       8.678       8.712      0.034       8.695      0.162
          5       8.712       8.756      0.044       8.734      0.201
          6       8.756       8.812      0.056       8.784      0.251
          7       8.812       8.883      0.071       8.848      0.314
          8       8.883       8.975      0.091       8.929      0.396
          9       8.975       9.091      0.116       9.033      0.499
         10       9.091       9.238      0.147       9.165      0.631
         11       9.238       9.427      0.189       9.333      0.799
         12       9.427       9.667      0.240       9.547      1.014
         13       9.667       9.973      0.306       9.820      1.287
         14       9.974      10.365      0.391      10.169      1.636
         15      10.365      10.864      0.499      10.614      2.081
         16      10.863      11.499      0.636      11.181      2.648
         17      11.500      12.313      0.812      11.906      3.373
         18      12.312      13.348      1.036      12.830      4.297
         19      13.348      14.669      1.321      14.008      5.475
         20      14.669      16.354      1.685      15.511      6.978


  SURVEY_TYPE = 2
  NTXL =  3;   MRXL =  4;   MRXTX = 3;   NTRN =  1

  Moving Loop Tx Line  1;   NTX =  4;   Tx_length =  100.0;   Tx_width =  100.0
  --------------------------------------------------------------------------
  Initial position (E,N,Z) :     3140.0      500.0        0.0
            Line_azimuth :  60.0
       Station_intervals :   100.0   100.0   100.0

  X,Y,Z Rx offsets for Line     1000:    0.0    0.0    0.0
    CMP =   3:  UNITS = 11;   KNORM =  0;   IPLT = 2;   RXMNT =   1.000    

  X,Y,Z Rx offsets for Line     1100:  110.0    0.0    0.0
    CMP =  13:  UNITS = 11;   KNORM =  0;   IPLT = 2;   RXMNT =   1.000    

  X,Y,Z Rx offsets for Line     1150:  150.0    0.0    0.0
    CMP =  13:  UNITS = 11;   KNORM =  0;   IPLT = 2;   RXMNT =   1.000    

  Moving Loop Tx Line  2;   NTX =  4;   Tx_length =  100.0;   Tx_width =  100.0
  --------------------------------------------------------------------------
  Initial position (E,N,Z) :     3140.0     1000.0        0.0
            Line_azimuth :  60.0
       Station_intervals :   100.0   100.0   100.0

  X,Y,Z Rx offsets for Line     2000:    0.0    0.0    0.0
    CMP =   3:  UNITS = 11;   KNORM =  0;   IPLT = 2;   RXMNT =   1.000    

  X,Y,Z Rx offsets for Line     2110:  110.0    0.0    0.0
    CMP =   3:  UNITS = 11;   KNORM =  0;   IPLT = 2;   RXMNT =   1.000    

  X,Y,Z Rx offsets for Line     2150:  150.0    0.0    0.0
    CMP =   3:  UNITS = 11;   KNORM =  0;   IPLT = 2;   RXMNT =   1.000    

  Moving Loop Tx Line  3;   NTX =  4;   Tx_length =  100.0;   Tx_width =  100.0
  --------------------------------------------------------------------------
  Initial position (E,N,Z) :     3140.0     1500.0        0.0
            Line_azimuth :  60.0
       Station_intervals :   100.0   100.0   100.0

  X,Y,Z Rx offsets for Line     3000:    0.0    0.0    0.0
    CMP =   3:  UNITS = 11;   KNORM =  0;   IPLT = 2;   RXMNT =   1.000    

  X,Y,Z Rx offsets for Line     3110:  110.0    0.0    0.0
    CMP =   1:  UNITS = 11;   KNORM =  0;   IPLT = 2;   RXMNT =   1.000    

  X,Y,Z Rx offsets for Line     3150:  150.0    0.0    0.0
    CMP =   1:  UNITS = 11;   KNORM =  0;   IPLT = 2;   RXMNT =   1.000    


  NLAYER =  3;   NLITH =  3


                          LITHOLOGY PROPERTIES
                          --------------------

                      Relative   Relative     Cole-Cole Parameters
        Resistivity      S   MU   EP   Dielectric    CHRG      CTAU   CFREQ

   1    100.00       -1.0000        1.0000        1.0000        0.0000        0.0000        0.0000    
   2    10.000       -1.0000        1.0000        1.0000        0.0000        0.0000        0.0000    
   3    1000.0       -1.0000        1.0000        1.0000        0.0000        0.0000        1.0000    


  LAYERED EARTH INPUT DATA
  ------------------------

   1   1   50.0   J, LITHL(J), THK(J)
   2   2   50.0   J, LITHL(J), THK(J)
   3   1             Basement Lithology


  Before computation begins, Beowulf may transform array and model coordinates
  from GPS coordimnates where elevation increases positive upwards to a
  body-centred system where depth increases positive downwards.
  In this system, the dip of magnetic dipole transmitters and receivers
  = 0 for vertical dipoles and 90 for horizontal dipoles.

  The computational horizontal origin remains unchanged.

        Transformed Receiver & Transmitter Vertex Coordinates
        -----------------------------------------------------

                        Transmitter             Receiver               Plot Point
    Line              East      North         East      North         East      North

    1000   1   1     3158.3      568.3       3140.0      500.0       3140.0      500.0
               2     3208.3      481.7
               3     3121.7      431.7
               4     3071.7      518.3

           2   1     3244.9      618.3       3226.6      550.0       3226.6      550.0
               2     3294.9      531.7
               3     3208.3      481.7
               4     3158.3      568.3

           3   1     3331.5      668.3       3313.2      600.0       3313.2      600.0
               2     3381.5      581.7
               3     3294.9      531.7
               4     3244.9      618.3

           4   1     3418.1      718.3       3399.8      650.0       3399.8      650.0
               2     3468.1      631.7
               3     3381.5      581.7
               4     3331.5      668.3

    1100   1   1     3158.3      568.3       3235.3      555.0       3187.6      527.5
               2     3208.3      481.7
               3     3121.7      431.7
               4     3071.7      518.3

           2   1     3244.9      618.3       3321.9      605.0       3274.2      577.5
               2     3294.9      531.7
               3     3208.3      481.7
               4     3158.3      568.3

           3   1     3331.5      668.3       3408.5      655.0       3360.8      627.5
               2     3381.5      581.7
               3     3294.9      531.7
               4     3244.9      618.3

           4   1     3418.1      718.3       3495.1      705.0       3447.4      677.5
               2     3468.1      631.7
               3     3381.5      581.7
               4     3331.5      668.3

    1150   1   1     3158.3      568.3       3269.9      575.0       3205.0      537.5
               2     3208.3      481.7
               3     3121.7      431.7
               4     3071.7      518.3

           2   1     3244.9      618.3       3356.5      625.0       3291.6      587.5
               2     3294.9      531.7
               3     3208.3      481.7
               4     3158.3      568.3

           3   1     3331.5      668.3       3443.1      675.0       3378.2      637.5
               2     3381.5      581.7
               3     3294.9      531.7
               4     3244.9      618.3

           4   1     3418.1      718.3       3529.7      725.0       3464.8      687.5
               2     3468.1      631.7
               3     3381.5      581.7
               4     3331.5      668.3

    2000   5   1     3158.3     1068.3       3140.0     1000.0       3140.0     1000.0
               2     3208.3      981.7
               3     3121.7      931.7
               4     3071.7     1018.3

           6   1     3244.9     1118.3       3226.6     1050.0       3226.6     1050.0
               2     3294.9     1031.7
               3     3208.3      981.7
               4     3158.3     1068.3

           7   1     3331.5     1168.3       3313.2     1100.0       3313.2     1100.0
               2     3381.5     1081.7
               3     3294.9     1031.7
               4     3244.9     1118.3

           8   1     3418.1     1218.3       3399.8     1150.0       3399.8     1150.0
               2     3468.1     1131.7
               3     3381.5     1081.7
               4     3331.5     1168.3

    2110   5   1     3158.3     1068.3       3235.3     1055.0       3187.6     1027.5
               2     3208.3      981.7
               3     3121.7      931.7
               4     3071.7     1018.3

           6   1     3244.9     1118.3       3321.9     1105.0       3274.2     1077.5
               2     3294.9     1031.7
               3     3208.3      981.7
               4     3158.3     1068.3

           7   1     3331.5     1168.3       3408.5     1155.0       3360.8     1127.5
               2     3381.5     1081.7
               3     3294.9     1031.7
               4     3244.9     1118.3

           8   1     3418.1     1218.3       3495.1     1205.0       3447.4     1177.5
               2     3468.1     1131.7
               3     3381.5     1081.7
               4     3331.5     1168.3

    2150   5   1     3158.3     1068.3       3269.9     1075.0       3205.0     1037.5
               2     3208.3      981.7
               3     3121.7      931.7
               4     3071.7     1018.3

           6   1     3244.9     1118.3       3356.5     1125.0       3291.6     1087.5
               2     3294.9     1031.7
               3     3208.3      981.7
               4     3158.3     1068.3

           7   1     3331.5     1168.3       3443.1     1175.0       3378.2     1137.5
               2     3381.5     1081.7
               3     3294.9     1031.7
               4     3244.9     1118.3

           8   1     3418.1     1218.3       3529.7     1225.0       3464.8     1187.5
               2     3468.1     1131.7
               3     3381.5     1081.7
               4     3331.5     1168.3

    3000   9   1     3158.3     1568.3       3140.0     1500.0       3140.0     1500.0
               2     3208.3     1481.7
               3     3121.7     1431.7
               4     3071.7     1518.3

          10   1     3244.9     1618.3       3226.6     1550.0       3226.6     1550.0
               2     3294.9     1531.7
               3     3208.3     1481.7
               4     3158.3     1568.3

          11   1     3331.5     1668.3       3313.2     1600.0       3313.2     1600.0
               2     3381.5     1581.7
               3     3294.9     1531.7
               4     3244.9     1618.3

          12   1     3418.1     1718.3       3399.8     1650.0       3399.8     1650.0
               2     3468.1     1631.7
               3     3381.5     1581.7
               4     3331.5     1668.3

    3110   9   1     3158.3     1568.3       3235.3     1555.0       3187.6     1527.5
               2     3208.3     1481.7
               3     3121.7     1431.7
               4     3071.7     1518.3

          10   1     3244.9     1618.3       3321.9     1605.0       3274.2     1577.5
               2     3294.9     1531.7
               3     3208.3     1481.7
               4     3158.3     1568.3

          11   1     3331.5     1668.3       3408.5     1655.0       3360.8     1627.5
               2     3381.5     1581.7
               3     3294.9     1531.7
               4     3244.9     1618.3

          12   1     3418.1     1718.3       3495.1     1705.0       3447.4     1677.5
               2     3468.1     1631.7
               3     3381.5     1581.7
               4     3331.5     1668.3

    3150   9   1     3158.3     1568.3       3269.9     1575.0       3205.0     1537.5
               2     3208.3     1481.7
               3     3121.7     1431.7
               4     3071.7     1518.3

          10   1     3244.9     1618.3       3356.5     1625.0       3291.6     1587.5
               2     3294.9     1531.7
               3     3208.3     1481.7
               4     3158.3     1568.3

          11   1     3331.5     1668.3       3443.1     1675.0       3378.2     1637.5
               2     3381.5     1581.7
               3     3294.9     1531.7
               4     3244.9     1618.3

          12   1     3418.1     1718.3       3529.7     1725.0       3464.8     1687.5
               2     3468.1     1631.7
               3     3381.5     1581.7
               4     3331.5     1668.3


          +------------------------------------------+
          +  Initial Layered Earth Model Parameters  +
          +------------------------------------------+

                    Depth
 Layer  Thickness   to Top    Resistivity   MU-R   EPS-R   CHRG    CFREQ    CTAU
 -----  ---------   ------    -----------   ----   -----   ----    -----    ----
   1       50.0        0.0      100.0       1.00   1.00    0.00    1.00      0.0    
   2       50.0       50.0      10.00       1.00   1.00    0.00    1.00      0.0    
   3                 100.0      100.0       1.00   1.00    0.00    1.00      0.0    



---------------------------------------------------------------------------
                       END OF INPUT DATA DESCRIPTION
---------------------------------------------------------------------------
