
            Beowulf task started at 09:02 on 13 APR 2015

      ######################################################################
      #                                                                    #
      #                 Beowulf - Version 1.0.4   01 January, 2012         #        
      #                 ----------------------------------------           #        
      #                                                                    #
      #      Develped by:  CSIRO Electromagnetic Modelling Group           #
      #                    Art Raiche, Fred Sugeng & Glenn Wilson          #
      #                                                                    #
      #              For:  AMIRA project P223F                             #
      #                                                                    #
      ######################################################################

-------------------------------------------------------------------------------

  TDFD = 1;   ISYS = 0;   ISTOP = 0

          +-----------------------------------------+
          +  Time-Domain Ground System Information  +
          +-----------------------------------------+

  STEP = 0;   NSX =   4;   NCHNL =  20;   KRXW = 1;   REFTYM =   8.533    ;   OFFTYM =   8.133    


             TXON (ms)    Transmitter current (amps)
             ---------    --------------------------

      1        0.000         0.000    
      2        1.500         1.000    
      3        8.333         1.000    
      4        8.533         0.000    


         Receiver channel origin INPUT is shifted by    8.533 ms from signal origin.

         Receiver Window Specifications (ms - referenced to signal origin)
         ----------------------------------------------------------------

                                                             Referenced
       Window     Open       Close       Width     Centre      Centre
       ------     ----       -----       -----     ------      ------
          1       8.613       8.630      0.016       8.621      0.088
          2       8.630       8.651      0.021       8.640      0.107
          3       8.651       8.678      0.028       8.665      0.131
          4       8.678       8.712      0.034       8.695      0.162
          5       8.712       8.756      0.044       8.734      0.201
          6       8.756       8.812      0.056       8.784      0.251
          7       8.812       8.883      0.071       8.848      0.314
          8       8.883       8.975      0.091       8.929      0.396
          9       8.975       9.091      0.116       9.033      0.499
         10       9.091       9.238      0.147       9.165      0.631
         11       9.238       9.427      0.189       9.333      0.799
         12       9.427       9.667      0.240       9.547      1.014
         13       9.667       9.973      0.306       9.820      1.287
         14       9.974      10.365      0.391      10.169      1.636
         15      10.365      10.864      0.499      10.614      2.081
         16      10.863      11.499      0.636      11.181      2.648
         17      11.500      12.313      0.812      11.906      3.373
         18      12.312      13.348      1.036      12.830      4.297
         19      13.348      14.669      1.321      14.008      5.475
         20      14.669      16.354      1.685      15.511      6.978


  SURVEY_TYPE = 2
  NTXL =  3;   MRXL =  4;   MRXTX = 3;   NTRN =  1

  Moving Loop Tx Line  1;   NTX =  4;   Tx_length =  100.0;   Tx_width =  100.0
  --------------------------------------------------------------------------
  Initial position (E,N,Z) :     3140.0      500.0        0.0
            Line_azimuth :  60.0
       Station_intervals :   100.0   100.0   100.0

  X,Y,Z Rx offsets for Line     1000:    0.0    0.0    0.0
    CMP =   3:  UNITS = 11;   KNORM =  0;   IPLT = 2;   RXMNT =   1.000    

  X,Y,Z Rx offsets for Line     1100:  110.0    0.0    0.0
    CMP =  13:  UNITS = 11;   KNORM =  0;   IPLT = 2;   RXMNT =   1.000    

  X,Y,Z Rx offsets for Line     1150:  150.0    0.0    0.0
    CMP =  13:  UNITS = 11;   KNORM =  0;   IPLT = 2;   RXMNT =   1.000    

  Moving Loop Tx Line  2;   NTX =  4;   Tx_length =  100.0;   Tx_width =  100.0
  --------------------------------------------------------------------------
  Initial position (E,N,Z) :     3140.0     1000.0        0.0
            Line_azimuth :  60.0
       Station_intervals :   100.0   100.0   100.0

  X,Y,Z Rx offsets for Line     2000:    0.0    0.0    0.0
    CMP =   3:  UNITS = 11;   KNORM =  0;   IPLT = 2;   RXMNT =   1.000    

  X,Y,Z Rx offsets for Line     2110:  110.0    0.0    0.0
    CMP =   3:  UNITS = 11;   KNORM =  0;   IPLT = 2;   RXMNT =   1.000    

  X,Y,Z Rx offsets for Line     2150:  150.0    0.0    0.0
    CMP =   3:  UNITS = 11;   KNORM =  0;   IPLT = 2;   RXMNT =   1.000    

  Moving Loop Tx Line  3;   NTX =  4;   Tx_length =  100.0;   Tx_width =  100.0
  --------------------------------------------------------------------------
  Initial position (E,N,Z) :     3140.0     1500.0        0.0
            Line_azimuth :  60.0
       Station_intervals :   100.0   100.0   100.0

  X,Y,Z Rx offsets for Line     3000:    0.0    0.0    0.0
    CMP =   3:  UNITS = 11;   KNORM =  0;   IPLT = 2;   RXMNT =   1.000    

  X,Y,Z Rx offsets for Line     3110:  110.0    0.0    0.0
    CMP =  13:  UNITS = 11;   KNORM =  0;   IPLT = 2;   RXMNT =   1.000    

  X,Y,Z Rx offsets for Line     3150:  150.0    0.0    0.0
    CMP =  13:  UNITS = 11;   KNORM =  0;   IPLT = 2;   RXMNT =   1.000    


  NLAYER =  4;   NLITH =  0


                          LITHOLOGY PROPERTIES
                          --------------------

                      Relative   Relative     Cole-Cole Parameters
        Resistivity      S   MU   EP   Dielectric    CHRG      CTAU   CFREQ



  LAYERED EARTH INPUT DATA
  ------------------------

   1  20  150.0   J, LITHL(J), THK(J)
   2 100  150.0   J, LITHL(J), THK(J)
