
            Loki task started at 23:50 on 07 JAN 2013

      ######################################################################
      #                                                                    #
      #                 Loki - Version 3.0.0   01 January, 2012            #        
      #                 ---------------------------------------            #        
      #                                                                    #
      #     Developed by:  CSIRO Electromagnetic Modelling Group           #
      #                    Fred Sugeng, Art Raiche & Glenn Wilson          #
      #                                                                    #
      #              For:  AMIRA project P223F                             #
      #                                                                    #
      ######################################################################
          INPUT DATA
          ----------

-------------------------------------------------------------------------------

 Coincident loop                                                                                                         

  TDFD = 1;   DO3D =  1;   ISYS = 0;   PRFL =  0;   ISTOP = 0

          +-----------------------------------------+
          +  Time-Domain Ground System Information  +
          +-----------------------------------------+

  STEP = 0;   NSX =   4;   NCHNL =  32;   KRXW = 1;   REFTYM =   0.000    ;   OFFTYM =   22.00    


             TXON (ms)    Transmitter current (amps)
             ---------    --------------------------

      1        0.000         0.000    
      2        0.200         10.00    
      3       20.000         10.00    
      4       20.200         0.000    


         Receiver channel origin INPUT is shifted by    0.000 ms from signal origin.

         Receiver Window Specifications (ms - referenced to signal origin)
         ----------------------------------------------------------------

                                                             Referenced
       Window     Open       Close       Width     Centre      Centre
       ------     ----       -----       -----     ------      ------
          1      20.216      20.256      0.040      20.236     20.236
          2      20.265      20.305      0.040      20.285     20.285
          3      20.314      20.354      0.040      20.334     20.334
          4      20.363      20.403      0.040      20.383     20.383
          5      20.412      20.452      0.040      20.432     20.432
          6      20.461      20.551      0.090      20.506     20.506
          7      20.559      20.649      0.090      20.604     20.604
          8      20.657      20.747      0.090      20.702     20.702
          9      20.755      20.845      0.090      20.800     20.800
         10      20.853      20.943      0.090      20.898     20.898
         11      20.950      21.140      0.190      21.045     21.045
         12      21.146      21.336      0.190      21.241     21.241
         13      21.342      21.532      0.190      21.437     21.437
         14      21.538      21.728      0.190      21.633     21.633
         15      21.734      21.924      0.190      21.829     21.829
         16      21.928      22.318      0.390      22.123     22.123
         17      22.320      22.710      0.390      22.515     22.515
         18      22.712      23.102      0.390      22.907     22.907
         19      23.104      23.494      0.390      23.299     23.299
         20      23.496      23.886      0.390      23.691     23.691
         21      23.889      24.669      0.780      24.279     24.279
         22      24.673      25.453      0.780      25.063     25.063
         23      25.457      26.237      0.780      25.847     25.847
         24      26.241      27.021      0.780      26.631     26.631
         25      27.025      27.805      0.780      27.415     27.415
         26      27.811      29.371      1.560      28.591     28.591
         27      29.379      30.939      1.560      30.159     30.159
         28      30.947      32.507      1.560      31.727     31.727
         29      32.515      34.075      1.560      33.295     33.295
         30      34.083      35.643      1.560      34.863     34.863
         31      35.650      38.780      3.130      37.215     37.215
         32      38.786      41.916      3.130      40.351     40.351


  SURVEY_TYPE = 4

  NLINES =  1;   MRXL =  5;   NTRN =  1

  Moving Loop Tx Line  1;   NTX =  5;   Tx_length =  100.0;   Tx_width =  200.0
  --------------------------------------------------------------------------
  Initial position (E,N) :       90.0      300.0
            Line_azimuth : 500.0
       Station_intervals :   100.0   100.0   100.0   100.0

  Coincident loop survey - Line    10100;   UNITS =  3


     MESH AND LITHOLOGIES DESCRIPTION
     ----------------------------------------

  Number of node "slices" along North-South axis = 37
  Number of node rows in each slice =  28
  Number of node columns in each slice =  39
  NLITH =15    KACC = 2    SOLVER = 2    OUTPUT =  10



                          LITHOLOGY PROPERTIES
                          --------------------

                                  Relative   Relative     Cole-Cole Parameters
        Resistivity  Conductance     MU     Dielectric   CHRG    CTAU       CFREQ

   1      1000.         -1.0       1.000      1.000      0.00    0.00        0.00
   2      100.0         -1.0       1.000      1.000      0.00    0.00        0.00
   3      250.0         -1.0       1.010      1.200      0.00    0.00        0.00
   4      50.00         -1.0       1.000      1.000      0.30   0.100E-02    0.42
   5      120.0         -1.0       1.000      1.000      0.00    0.00        0.00
   6      10.00         -1.0       1.000      1.000      0.00    0.00        1.00
   7      500.0         -1.0       1.000      1.000      0.00    0.00        1.00
   8      5.000         -1.0       1.000      1.000      0.00    0.00        1.00
   9     0.1000         -1.0       1.000      1.000      0.00    0.00        0.00
  10      20.00         -1.0       1.000      1.000      0.00    0.00        0.00
  11      30.00         -1.0       1.000      1.000      0.00    0.00        0.00
  12      2000.         -1.0       1.000      1.000      0.00    0.00        0.00
  13      50.00         -1.0       1.000      1.000      0.00    0.00        0.00
  14      350.0         -1.0       1.000      1.000      0.00    0.00        0.00
  15      40.00         -1.0       1.000      1.000      0.00    0.00        0.00


  Before computation begins, Loki may transform array and model coordinates
  from GPS coordimnates where elevation increases positive upwards to a
  body-centred system where depth increases positive downwards.
  In this system, the dip of magnetic dipole transmitters and receivers
  = 0 for vertical dipoles and 90 for horizontal dipoles.

  The computational horizontal origin remains unchanged.

        Transformed Coincident Loop Vertex Coordinates
        ----------------------------------------------

                        Transmitter             Plot Point
    Line              East      North         East      North

   10100   1   1      350.0      600.0        300.0      500.0
               2      350.0      400.0
               3      250.0      400.0
               4      250.0      600.0

           2   1      450.0      600.0        400.0      500.0
               2      450.0      400.0
               3      350.0      400.0
               4      350.0      600.0

           3   1      550.0      600.0        500.0      500.0
               2      550.0      400.0
               3      450.0      400.0
               4      450.0      600.0

           4   1      650.0      600.0        600.0      500.0
               2      650.0      400.0
               3      550.0      400.0
               4      550.0      600.0

           5   1      750.0      600.0        700.0      500.0
               2      750.0      400.0
               3      650.0      400.0
               4      650.0      600.0

  Loki will compute 3D responses for a time-domain system.


---------------------------------------------------------------------------
                       END OF INPUT DATA DESCRIPTION
---------------------------------------------------------------------------

  The frequency-domain results are directly computed from
    0.1000     Hz to   10.00     Hz, using  3 points per decade and from
     10.00     Hz to  0.1000E+07 Hz, using  6 points per decade.

  These are used to construct the frequency-domain spectrum from DC to  0.1000     Hz
  before transformation to the time domain.  The transformed result is folded over


--------------------------------------------------------------------------------

  Solution convergence data

            Date      Time       Frq         Tx     CG Iterations
            ----      ----       ---         --     -------------
      07/01/2013  23:50:37      100.0000E-03      1/  5    167
      07/01/2013  23:50:44      100.0000E-03      2/  5    153
      07/01/2013  23:50:52      100.0000E-03      3/  5    230
      07/01/2013  23:50:58      100.0000E-03      4/  5    153
      07/01/2013  23:51:05      100.0000E-03      5/  5    167
      07/01/2013  23:51:19      215.4435E-03      1/  5    673
      07/01/2013  23:51:26      215.4435E-03      2/  5    169
      07/01/2013  23:51:33      215.4435E-03      3/  5    159
      07/01/2013  23:51:40      215.4435E-03      4/  5    169
      07/01/2013  23:51:54      215.4435E-03      5/  5    681
      07/01/2013  23:52:07      464.1589E-03      1/  5    593
      07/01/2013  23:52:15      464.1589E-03      2/  5    223
      07/01/2013  23:52:22      464.1589E-03      3/  5    180
      07/01/2013  23:52:30      464.1589E-03      4/  5    223
      07/01/2013  23:52:42      464.1589E-03      5/  5    593
      07/01/2013  23:52:54        1.0000E+00      1/  5    530
      07/01/2013  23:53:02        1.0000E+00      2/  5    234
      07/01/2013  23:53:10        1.0000E+00      3/  5    225
      07/01/2013  23:53:18        1.0000E+00      4/  5    234
      07/01/2013  23:53:30        1.0000E+00      5/  5    530
      07/01/2013  23:53:42        2.1544E+00      1/  5    536
      07/01/2013  23:53:50        2.1544E+00      2/  5    249
      07/01/2013  23:53:58        2.1544E+00      3/  5    230
      07/01/2013  23:54:06        2.1544E+00      4/  5    249
      07/01/2013  23:54:18        2.1544E+00      5/  5    536
      07/01/2013  23:54:30        4.6416E+00      1/  5    509
      07/01/2013  23:54:41        4.6416E+00      2/  5    454
      07/01/2013  23:54:49        4.6416E+00      3/  5    246
      07/01/2013  23:55:00        4.6416E+00      4/  5    454
      07/01/2013  23:55:12        4.6416E+00      5/  5    509
      07/01/2013  23:55:27       10.0000E+00      1/  5    753
      07/01/2013  23:55:37       10.0000E+00      2/  5    410
      07/01/2013  23:55:45       10.0000E+00      3/  5    269
      07/01/2013  23:55:56       10.0000E+00      4/  5    444
      07/01/2013  23:56:11       10.0000E+00      5/  5    752
      07/01/2013  23:56:27       14.6780E+00      1/  5    796
      07/01/2013  23:56:38       14.6780E+00      2/  5    479
      07/01/2013  23:56:46       14.6780E+00      3/  5    271
      07/01/2013  23:56:57       14.6780E+00      4/  5    474
      07/01/2013  23:57:13       14.6780E+00      5/  5    797
      07/01/2013  23:57:22       21.5443E+00      1/  5    328
      07/01/2013  23:57:31       21.5443E+00      2/  5    337
      07/01/2013  23:57:40       21.5443E+00      3/  5    264
      07/01/2013  23:57:49       21.5443E+00      4/  5    337
      07/01/2013  23:58:04       21.5443E+00      5/  5    789
      07/01/2013  23:58:18       31.6228E+00      1/  5    617
      07/01/2013  23:58:26       31.6228E+00      2/  5    299
      07/01/2013  23:58:35       31.6228E+00      3/  5    302
      07/01/2013  23:58:44       31.6228E+00      4/  5    301
      07/01/2013  23:58:57       31.6228E+00      5/  5    619
      07/01/2013  23:59:10       46.4159E+00      1/  5    595
      07/01/2013  23:59:19       46.4159E+00      2/  5    326
      07/01/2013  23:59:28       46.4159E+00      3/  5    269
      07/01/2013  23:59:37       46.4159E+00      4/  5    326
      07/01/2013  23:59:50       46.4159E+00      5/  5    601
      08/01/2013  00:00:03       68.1292E+00      1/  5    629
      08/01/2013  00:00:12       68.1292E+00      2/  5    279
      08/01/2013  00:00:20       68.1292E+00      3/  5    262
      08/01/2013  00:00:28       68.1292E+00      4/  5    271
      08/01/2013  00:00:41       68.1292E+00      5/  5    591
      08/01/2013  00:00:55      100.0000E+00      1/  5    700
      08/01/2013  00:01:05      100.0000E+00      2/  5    359
      08/01/2013  00:01:13      100.0000E+00      3/  5    265
      08/01/2013  00:01:23      100.0000E+00      4/  5    359
      08/01/2013  00:01:37      100.0000E+00      5/  5    701
      08/01/2013  00:01:50      146.7799E+00      1/  5    590
      08/01/2013  00:02:00      146.7799E+00      2/  5    374
      08/01/2013  00:02:08      146.7799E+00      3/  5    260
      08/01/2013  00:02:17      146.7799E+00      4/  5    304
      08/01/2013  00:02:30      146.7799E+00      5/  5    601
      08/01/2013  00:02:43      215.4435E+00      1/  5    609
      08/01/2013  00:02:51      215.4435E+00      2/  5    224
      08/01/2013  00:02:59      215.4435E+00      3/  5    309
      08/01/2013  00:03:07      215.4435E+00      4/  5    224
      08/01/2013  00:03:20      215.4435E+00      5/  5    618
      08/01/2013  00:03:29      316.2278E+00      1/  5    296
      08/01/2013  00:03:38      316.2278E+00      2/  5    290
      08/01/2013  00:03:46      316.2278E+00      3/  5    277
      08/01/2013  00:03:55      316.2278E+00      4/  5    290
      08/01/2013  00:04:04      316.2278E+00      5/  5    296
      08/01/2013  00:04:12      464.1589E+00      1/  5    269
      08/01/2013  00:04:21      464.1589E+00      2/  5    301
      08/01/2013  00:04:29      464.1589E+00      3/  5    263
      08/01/2013  00:04:38      464.1589E+00      4/  5    301
      08/01/2013  00:04:46      464.1589E+00      5/  5    269
      08/01/2013  00:04:55      681.2921E+00      1/  5    304
      08/01/2013  00:05:04      681.2921E+00      2/  5    287
      08/01/2013  00:05:12      681.2921E+00      3/  5    237
      08/01/2013  00:05:20      681.2921E+00      4/  5    287
      08/01/2013  00:05:29      681.2921E+00      5/  5    304
      08/01/2013  00:05:38        1.0000E+03      1/  5    298
      08/01/2013  00:05:47        1.0000E+03      2/  5    300
      08/01/2013  00:05:55        1.0000E+03      3/  5    258
      08/01/2013  00:06:04        1.0000E+03      4/  5    300
      08/01/2013  00:06:12        1.0000E+03      5/  5    298
      08/01/2013  00:06:21        1.4678E+03      1/  5    295
      08/01/2013  00:06:30        1.4678E+03      2/  5    297
      08/01/2013  00:06:38        1.4678E+03      3/  5    263
      08/01/2013  00:06:47        1.4678E+03      4/  5    296
      08/01/2013  00:06:55        1.4678E+03      5/  5    289
      08/01/2013  00:07:04        2.1544E+03      1/  5    287
      08/01/2013  00:07:13        2.1544E+03      2/  5    325
      08/01/2013  00:07:21        2.1544E+03      3/  5    256
      08/01/2013  00:07:31        2.1544E+03      4/  5    325
      08/01/2013  00:07:39        2.1544E+03      5/  5    298
      08/01/2013  00:07:48        3.1623E+03      1/  5    303
      08/01/2013  00:07:57        3.1623E+03      2/  5    297
      08/01/2013  00:08:05        3.1623E+03      3/  5    246
      08/01/2013  00:08:14        3.1623E+03      4/  5    293
      08/01/2013  00:08:22        3.1623E+03      5/  5    301
      08/01/2013  00:08:31        4.6416E+03      1/  5    273
      08/01/2013  00:08:39        4.6416E+03      2/  5    277
      08/01/2013  00:08:48        4.6416E+03      3/  5    280
      08/01/2013  00:08:56        4.6416E+03      4/  5    277
      08/01/2013  00:09:05        4.6416E+03      5/  5    275
      08/01/2013  00:09:14        6.8129E+03      1/  5    305
      08/01/2013  00:09:23        6.8129E+03      2/  5    337
      08/01/2013  00:09:31        6.8129E+03      3/  5    291
      08/01/2013  00:09:41        6.8129E+03      4/  5    327
      08/01/2013  00:09:49        6.8129E+03      5/  5    305
      08/01/2013  00:09:58       10.0000E+03      1/  5    307
      08/01/2013  00:10:05       10.0000E+03      2/  5    173
      08/01/2013  00:10:14       10.0000E+03      3/  5    279
      08/01/2013  00:10:23       10.0000E+03      4/  5    335
      08/01/2013  00:10:32       10.0000E+03      5/  5    300
      08/01/2013  00:10:43       14.6780E+03      1/  5    485
      08/01/2013  00:10:53       14.6780E+03      2/  5    331
      08/01/2013  00:11:02       14.6780E+03      3/  5    321
      08/01/2013  00:11:11       14.6780E+03      4/  5    352
      08/01/2013  00:11:20       14.6780E+03      5/  5    325
      08/01/2013  00:11:32       21.5443E+03      1/  5    476
      08/01/2013  00:11:43       21.5443E+03      2/  5    456
      08/01/2013  00:11:51       21.5443E+03      3/  5    301
      08/01/2013  00:12:01       21.5443E+03      4/  5    370
      08/01/2013  00:12:13       21.5443E+03      5/  5    477
      08/01/2013  00:12:21       31.6228E+03      1/  5    296
      08/01/2013  00:12:30       31.6228E+03      2/  5    265
      08/01/2013  00:12:39       31.6228E+03      3/  5    307
      08/01/2013  00:12:47       31.6228E+03      4/  5    266
      08/01/2013  00:12:56       31.6228E+03      5/  5    317
      08/01/2013  00:13:05       46.4159E+03      1/  5    284
      08/01/2013  00:13:13       46.4159E+03      2/  5    264
      08/01/2013  00:13:21       46.4159E+03      3/  5    280
      08/01/2013  00:13:30       46.4159E+03      4/  5    265
      08/01/2013  00:13:39       46.4159E+03      5/  5    305
      08/01/2013  00:13:59       68.1292E+03      1/  5    307
      08/01/2013  00:14:07       68.1292E+03      2/  5    269
      08/01/2013  00:14:15       68.1292E+03      3/  5    226
      08/01/2013  00:14:24       68.1292E+03      4/  5    309
      08/01/2013  00:14:33       68.1292E+03      5/  5    307
      08/01/2013  00:14:52      100.0000E+03      1/  5    247
      08/01/2013  00:14:59      100.0000E+03      2/  5    165
      08/01/2013  00:15:06      100.0000E+03      3/  5    210
      08/01/2013  00:15:15      100.0000E+03      4/  5    265
      08/01/2013  00:15:23      100.0000E+03      5/  5    247
      08/01/2013  00:15:41      146.7799E+03      1/  5    229
      08/01/2013  00:15:49      146.7799E+03      2/  5    204
      08/01/2013  00:15:56      146.7799E+03      3/  5    201
      08/01/2013  00:16:04      146.7799E+03      4/  5    204
      08/01/2013  00:16:12      146.7799E+03      5/  5    228
      08/01/2013  00:16:30      215.4435E+03      1/  5    193
      08/01/2013  00:16:37      215.4435E+03      2/  5    155
      08/01/2013  00:16:44      215.4435E+03      3/  5    174
      08/01/2013  00:16:51      215.4435E+03      4/  5    155
      08/01/2013  00:16:58      215.4435E+03      5/  5    193
      08/01/2013  00:17:16      316.2278E+03      1/  5    127
      08/01/2013  00:17:22      316.2278E+03      2/  5    127
      08/01/2013  00:17:28      316.2278E+03      3/  5    122
      08/01/2013  00:17:35      316.2278E+03      4/  5    127
      08/01/2013  00:17:41      316.2278E+03      5/  5    127
      08/01/2013  00:17:59      464.1589E+03      1/  5    126
      08/01/2013  00:18:05      464.1589E+03      2/  5    119
      08/01/2013  00:18:11      464.1589E+03      3/  5     73
      08/01/2013  00:18:17      464.1589E+03      4/  5    120
      08/01/2013  00:18:23      464.1589E+03      5/  5    124
      08/01/2013  00:18:41      681.2921E+03      1/  5     90
      08/01/2013  00:18:46      681.2921E+03      2/  5     60
      08/01/2013  00:18:52      681.2921E+03      3/  5     71
      08/01/2013  00:18:57      681.2921E+03      4/  5     60
      08/01/2013  00:19:03      681.2921E+03      5/  5     89
      08/01/2013  00:19:20        1.0000E+06      1/  5     56
      08/01/2013  00:19:25        1.0000E+06      2/  5     61
      08/01/2013  00:19:31        1.0000E+06      3/  5     54
      08/01/2013  00:19:36        1.0000E+06      4/  5     61
      08/01/2013  00:19:42        1.0000E+06      5/  5     56

  Line 10100    Survey azimuth =  90 degrees    Units = microvolts    Plot point: Tx

         Coincident Loop Model Outputfor Line 10100
         --------------------------------------

                   RECEIVER COORDINATES (Top to Bottom): Easting, Northing, Elevation

        Window        300.00       400.00       500.00       600.00       700.00
       Centres        500.00       500.00       500.00       500.00       500.00
 Chnl   (ms)            0.00         0.00         0.00         0.00         0.00

   1    20.236      0.1348E+07   0.1346E+07   0.1342E+07   0.1346E+07   0.1348E+07
   2    20.285      0.4266E+06   0.4262E+06   0.4253E+06   0.4262E+06   0.4267E+06
   3    20.334      0.2136E+06   0.2138E+06   0.2134E+06   0.2138E+06   0.2136E+06
   4    20.383      0.1270E+06   0.1277E+06   0.1275E+06   0.1277E+06   0.1270E+06
   5    20.432      0.8329E+05   0.8409E+05   0.8407E+05   0.8410E+05   0.8328E+05
   6    20.506      0.5019E+05   0.5091E+05   0.5095E+05   0.5091E+05   0.5018E+05
   7    20.604      0.2867E+05   0.2910E+05   0.2918E+05   0.2910E+05   0.2867E+05
   8    20.702      0.1824E+05   0.1840E+05   0.1849E+05   0.1840E+05   0.1824E+05
   9    20.800      0.1251E+05   0.1249E+05   0.1257E+05   0.1249E+05   0.1252E+05
  10    20.898       9056.        8932.        8980.        8932.        9058.    
  11    21.045       6071.        5898.        5907.        5898.        6071.    
  12    21.241       3853.        3699.        3674.        3699.        3853.    
  13    21.437       2648.        2539.        2504.        2539.        2647.    
  14    21.633       1919.        1852.        1819.        1852.        1919.    
  15    21.829       1445.        1406.        1380.        1406.        1445.    
  16    22.123       1004.        984.1        969.2        984.3        1004.    
  17    22.515       648.9        642.3        637.7        642.5        648.8    
  18    22.907       441.5        442.6        441.3        442.8        441.5    
  19    23.299       313.3        317.4        316.4        317.4        313.3    
  20    23.691       229.3        233.1        232.9        233.0        229.2    
  21    24.279       152.9        155.3        156.2        155.2        152.9    
  22    25.063       95.70        96.58        97.85        96.37        95.68    
  23    25.847       64.28        64.39        65.11        64.30        64.24    
  24    26.631       45.59        45.77        45.98        45.81        45.56    
  25    27.415       33.17        33.48        33.41        33.57        33.15    
  26    28.591       21.20        21.56        21.44        21.63        21.21    
  27    30.159       11.29        11.62        11.66        11.62        11.31    
  28    31.727       6.261        6.553        6.662        6.528        6.273    
  29    33.295       3.702        3.876        3.969        3.862        3.694    
  30    34.863       2.323        2.375        2.428        2.375        2.301    
  31    37.215       1.128        1.118        1.138        1.122        1.104    
  32    40.351      0.3283       0.3239       0.3085       0.3245       0.3195    


  Loki forward model completed at 00:19 on 08 JAN 2013

  Computation time =    1730.72 seconds.


