
            Loki task started at 00:19 on 08 JAN 2013

      ######################################################################
      #                                                                    #
      #                 Loki - Version 3.0.0   01 January, 2012            #        
      #                 ---------------------------------------            #        
      #                                                                    #
      #     Developed by:  CSIRO Electromagnetic Modelling Group           #
      #                    Fred Sugeng, Art Raiche & Glenn Wilson          #
      #                                                                    #
      #              For:  AMIRA project P223F                             #
      #                                                                    #
      ######################################################################
          INPUT DATA
          ----------

-------------------------------------------------------------------------------

 HCP array above surface, traversing over vertical plate                                                                 

  TDFD = 2;   DO3D =  1;   ISYS = 0;   PRFL =  1;   ISTOP = 0

          +----------------------------------------------+
          +  Frequency-Domain Ground System Information  +
          +----------------------------------------------+

  NFRQ =  5

           Frequency      Transmitter current in amps
           ---------      ---------------------------

      1    100.0             1.000    
      2    300.0             1.000    
      3    1000.             1.000    
      4    3000.             1.000    
      5   0.1000E+05         1.000    


  SURVEY_TYPE = 3
  NTXL =  1;   MRXL = 41;   MRXTX = 1;   TXMMT =   1.000    

  Moving Magnetic Dipole Tx Line  1;   NTX = 41;   TXCLN =   0.0;   TXAZM =  90.0

  Initial position (E,N,Z) :     300.00     500.00       1.00
            Line_azimuth :  90.0
       Station_intervals :    10.0    10.0    10.0    10.0    10.0    10.0    10.0    10.0    10.0    10.0    10.0    10.0    10.0    10.0    10.0    10.0    10.0    10.0    10.0    10.0    10.0    10.0    10.0    10.0    10.0    10.0    10.0    10.0    10.0    10.0    10.0    10.0    10.0    10.0    10.0    10.0    10.0    10.0    10.0    10.0

  X,Y,Z Rx offsets for Line     1000:   -4.0    0.0    0.0
    CMP = 123:  UNITS = 34;   KNORM =  2;   IPLT = 2;   RXMNT =   1.000    


     MESH AND LITHOLOGIES DESCRIPTION
     ----------------------------------------

  Number of node "slices" along North-South axis = 37
  Number of node rows in each slice =  28
  Number of node columns in each slice =  39
  NLITH =15    KACC = 2    SOLVER = 2    OUTPUT =  10



                          LITHOLOGY PROPERTIES
                          --------------------

                                  Relative   Relative     Cole-Cole Parameters
        Resistivity  Conductance     MU     Dielectric   CHRG    CTAU       CFREQ

   1      1000.         -1.0       1.000      1.000      0.00    0.00        0.00
   2      100.0         -1.0       1.000      1.000      0.00    0.00        0.00
   3      250.0         -1.0       1.010      1.200      0.00    0.00        0.00
   4      50.00         -1.0       1.000      1.000      0.30   0.100E-02    0.42
   5      120.0         -1.0       1.000      1.000      0.00    0.00        0.00
   6      10.00         -1.0       1.000      1.000      0.00    0.00        1.00
   7      500.0         -1.0       1.000      1.000      0.00    0.00        1.00
   8      5.000         -1.0       1.000      1.000      0.00    0.00        1.00
   9     0.1000         -1.0       1.000      1.000      0.00    0.00        0.00
  10      20.00         -1.0       1.000      1.000      0.00    0.00        0.00
  11      30.00         -1.0       1.000      1.000      0.00    0.00        0.00
  12      2000.         -1.0       1.000      1.000      0.00    0.00        0.00
  13      50.00         -1.0       1.000      1.000      0.00    0.00        0.00
  14      350.0         -1.0       1.000      1.000      0.00    0.00        0.00
  15      40.00         -1.0       1.000      1.000      0.00    0.00        0.00


  Before computation begins, Loki may transform array and model coordinates
  from GPS coordimnates where elevation increases positive upwards to a
  body-centred system where depth increases positive downwards.
  In this system, the dip of magnetic dipole transmitters and receivers
  = 0 for vertical dipoles and 90 for horizontal dipoles.

  The computational horizontal origin remains unchanged.

                Transformed Receiver & Transmitter Dipole Coordinates
                -----------------------------------------------------

                      Receiver                           Transmitter
                      --------                           -----------
    Line          East       North     Depth         East       North      Depth     Incl    Azm
    ----          ----       -----     -----         ----       -----      -----     ----    ---

    1000   1       296.0       500.0     -1.0         300.0       500.0     -1.0       0.    90.

           2       306.0       500.0     -1.0         310.0       500.0     -1.0

           3       316.0       500.0     -1.0         320.0       500.0     -1.0

           4       326.0       500.0     -1.0         330.0       500.0     -1.0

           5       336.0       500.0     -1.0         340.0       500.0     -1.0

           6       346.0       500.0     -1.0         350.0       500.0     -1.0

           7       356.0       500.0     -1.0         360.0       500.0     -1.0

           8       366.0       500.0     -1.0         370.0       500.0     -1.0

           9       376.0       500.0     -1.0         380.0       500.0     -1.0

          10       386.0       500.0     -1.0         390.0       500.0     -1.0

          11       396.0       500.0     -1.0         400.0       500.0     -1.0

          12       406.0       500.0     -1.0         410.0       500.0     -1.0

          13       416.0       500.0     -1.0         420.0       500.0     -1.0

          14       426.0       500.0     -1.0         430.0       500.0     -1.0

          15       436.0       500.0     -1.0         440.0       500.0     -1.0

          16       446.0       500.0     -1.0         450.0       500.0     -1.0

          17       456.0       500.0     -1.0         460.0       500.0     -1.0

          18       466.0       500.0     -1.0         470.0       500.0     -1.0

          19       476.0       500.0     -1.0         480.0       500.0     -1.0

          20       486.0       500.0     -1.0         490.0       500.0     -1.0

          21       496.0       500.0     -1.0         500.0       500.0     -1.0

          22       506.0       500.0     -1.0         510.0       500.0     -1.0

          23       516.0       500.0     -1.0         520.0       500.0     -1.0

          24       526.0       500.0     -1.0         530.0       500.0     -1.0

          25       536.0       500.0     -1.0         540.0       500.0     -1.0

          26       546.0       500.0     -1.0         550.0       500.0     -1.0

          27       556.0       500.0     -1.0         560.0       500.0     -1.0

          28       566.0       500.0     -1.0         570.0       500.0     -1.0

          29       576.0       500.0     -1.0         580.0       500.0     -1.0

          30       586.0       500.0     -1.0         590.0       500.0     -1.0

          31       596.0       500.0     -1.0         600.0       500.0     -1.0

          32       606.0       500.0     -1.0         610.0       500.0     -1.0

          33       616.0       500.0     -1.0         620.0       500.0     -1.0

          34       626.0       500.0     -1.0         630.0       500.0     -1.0

          35       636.0       500.0     -1.0         640.0       500.0     -1.0

          36       646.0       500.0     -1.0         650.0       500.0     -1.0

          37       656.0       500.0     -1.0         660.0       500.0     -1.0

          38       666.0       500.0     -1.0         670.0       500.0     -1.0

          39       676.0       500.0     -1.0         680.0       500.0     -1.0

          40       686.0       500.0     -1.0         690.0       500.0     -1.0

          41       696.0       500.0     -1.0         700.0       500.0     -1.0


  Plot points for receivers on Line   1000

            East        North     Elev
            ----        -----     ----

   1        298.0        500.0      1.0
   2        308.0        500.0      1.0
   3        318.0        500.0      1.0
   4        328.0        500.0      1.0
   5        338.0        500.0      1.0
   6        348.0        500.0      1.0
   7        358.0        500.0      1.0
   8        368.0        500.0      1.0
   9        378.0        500.0      1.0
  10        388.0        500.0      1.0
  11        398.0        500.0      1.0
  12        408.0        500.0      1.0
  13        418.0        500.0      1.0
  14        428.0        500.0      1.0
  15        438.0        500.0      1.0
  16        448.0        500.0      1.0
  17        458.0        500.0      1.0
  18        468.0        500.0      1.0
  19        478.0        500.0      1.0
  20        488.0        500.0      1.0
  21        498.0        500.0      1.0
  22        508.0        500.0      1.0
  23        518.0        500.0      1.0
  24        528.0        500.0      1.0
  25        538.0        500.0      1.0
  26        548.0        500.0      1.0
  27        558.0        500.0      1.0
  28        568.0        500.0      1.0
  29        578.0        500.0      1.0
  30        588.0        500.0      1.0
  31        598.0        500.0      1.0
  32        608.0        500.0      1.0
  33        618.0        500.0      1.0
  34        628.0        500.0      1.0
  35        638.0        500.0      1.0
  36        648.0        500.0      1.0
  37        658.0        500.0      1.0
  38        668.0        500.0      1.0
  39        678.0        500.0      1.0
  40        688.0        500.0      1.0
  41        698.0        500.0      1.0

  Loki will compute 3D responses for a frequency-domain system.


---------------------------------------------------------------------------
                       END OF INPUT DATA DESCRIPTION
---------------------------------------------------------------------------

--------------------------------------------------------------------------------

  Solution convergence data

            Date      Time       Frq         Tx     CG Iterations
            ----      ----       ---         --     -------------
      08/01/2013  00:20:03      100.0000E+00      1/ 41    798
      08/01/2013  00:20:13      100.0000E+00      2/ 41    716
      08/01/2013  00:20:23      100.0000E+00      3/ 41    712
      08/01/2013  00:20:37      100.0000E+00      4/ 41    993
      08/01/2013  00:20:49      100.0000E+00      5/ 41    822
      08/01/2013  00:20:59      100.0000E+00      6/ 41    733
      08/01/2013  00:21:10      100.0000E+00      7/ 41    727
      08/01/2013  00:21:24      100.0000E+00      8/ 41    993
      08/01/2013  00:21:38      100.0000E+00      9/ 41   1033
      08/01/2013  00:21:48      100.0000E+00     10/ 41    665
      08/01/2013  00:21:54      100.0000E+00     11/ 41    394
      08/01/2013  00:22:03      100.0000E+00     12/ 41    676
      08/01/2013  00:22:15      100.0000E+00     13/ 41    797
      08/01/2013  00:22:26      100.0000E+00     14/ 41    757
      08/01/2013  00:22:31      100.0000E+00     15/ 41    369
      08/01/2013  00:22:37      100.0000E+00     16/ 41    391
      08/01/2013  00:22:46      100.0000E+00     17/ 41    657
      08/01/2013  00:22:56      100.0000E+00     18/ 41    667
      08/01/2013  00:23:01      100.0000E+00     19/ 41    366
      08/01/2013  00:23:05      100.0000E+00     20/ 41    243
      08/01/2013  00:23:09      100.0000E+00     21/ 41    260
      08/01/2013  00:23:13      100.0000E+00     22/ 41    243
      08/01/2013  00:23:18      100.0000E+00     23/ 41    364
      08/01/2013  00:23:27      100.0000E+00     24/ 41    634
      08/01/2013  00:23:37      100.0000E+00     25/ 41    658
      08/01/2013  00:23:43      100.0000E+00     26/ 41    391
      08/01/2013  00:23:52      100.0000E+00     27/ 41    669
      08/01/2013  00:24:03      100.0000E+00     28/ 41    752
      08/01/2013  00:24:14      100.0000E+00     29/ 41    786
      08/01/2013  00:24:24      100.0000E+00     30/ 41    672
      08/01/2013  00:24:30      100.0000E+00     31/ 41    394
      08/01/2013  00:24:39      100.0000E+00     32/ 41    668
      08/01/2013  00:24:53      100.0000E+00     33/ 41    941
      08/01/2013  00:25:07      100.0000E+00     34/ 41    993
      08/01/2013  00:25:17      100.0000E+00     35/ 41    729
      08/01/2013  00:25:26      100.0000E+00     36/ 41    621
      08/01/2013  00:25:37      100.0000E+00     37/ 41    782
      08/01/2013  00:25:51      100.0000E+00     38/ 41    993
      08/01/2013  00:26:01      100.0000E+00     39/ 41    714
      08/01/2013  00:26:12      100.0000E+00     40/ 41    726
      08/01/2013  00:26:23      100.0000E+00     41/ 41    795
      08/01/2013  00:26:32      300.0000E+00      1/ 41    626
      08/01/2013  00:26:46      300.0000E+00      2/ 41    965
      08/01/2013  00:26:59      300.0000E+00      3/ 41    964
      08/01/2013  00:27:13      300.0000E+00      4/ 41    966
      08/01/2013  00:27:26      300.0000E+00      5/ 41    927
      08/01/2013  00:27:39      300.0000E+00      6/ 41    938
      08/01/2013  00:27:53      300.0000E+00      7/ 41    942
      08/01/2013  00:28:06      300.0000E+00      8/ 41    917
      08/01/2013  00:28:19      300.0000E+00      9/ 41    905
      08/01/2013  00:28:32      300.0000E+00     10/ 41    905
      08/01/2013  00:28:43      300.0000E+00     11/ 41    763
      08/01/2013  00:28:55      300.0000E+00     12/ 41    846
      08/01/2013  00:29:09      300.0000E+00     13/ 41   1005
      08/01/2013  00:29:22      300.0000E+00     14/ 41    901
      08/01/2013  00:29:34      300.0000E+00     15/ 41    842
      08/01/2013  00:29:39      300.0000E+00     16/ 41    361
      08/01/2013  00:29:52      300.0000E+00     17/ 41    907
      08/01/2013  00:30:01      300.0000E+00     18/ 41    629
      08/01/2013  00:30:07      300.0000E+00     19/ 41    411
      08/01/2013  00:30:11      300.0000E+00     20/ 41    272
      08/01/2013  00:30:16      300.0000E+00     21/ 41    339
      08/01/2013  00:30:20      300.0000E+00     22/ 41    272
      08/01/2013  00:30:26      300.0000E+00     23/ 41    411
      08/01/2013  00:30:39      300.0000E+00     24/ 41    905
      08/01/2013  00:30:52      300.0000E+00     25/ 41    888
      08/01/2013  00:30:57      300.0000E+00     26/ 41    362
      08/01/2013  00:31:09      300.0000E+00     27/ 41    842
      08/01/2013  00:31:21      300.0000E+00     28/ 41    843
      08/01/2013  00:31:34      300.0000E+00     29/ 41    905
      08/01/2013  00:31:46      300.0000E+00     30/ 41    830
      08/01/2013  00:31:57      300.0000E+00     31/ 41    764
      08/01/2013  00:32:11      300.0000E+00     32/ 41   1004
      08/01/2013  00:32:24      300.0000E+00     33/ 41    879
      08/01/2013  00:32:37      300.0000E+00     34/ 41    921
      08/01/2013  00:32:50      300.0000E+00     35/ 41    952
      08/01/2013  00:33:02      300.0000E+00     36/ 41    822
      08/01/2013  00:33:15      300.0000E+00     37/ 41    935
      08/01/2013  00:33:29      300.0000E+00     38/ 41    968
      08/01/2013  00:33:42      300.0000E+00     39/ 41    927
      08/01/2013  00:33:56      300.0000E+00     40/ 41    966
      08/01/2013  00:34:11      300.0000E+00     41/ 41   1035
      08/01/2013  00:34:26        1.0000E+03      1/ 41   1094
      08/01/2013  00:34:36        1.0000E+03      2/ 41    672
      08/01/2013  00:34:51        1.0000E+03      3/ 41   1064
      08/01/2013  00:35:05        1.0000E+03      4/ 41   1009
      08/01/2013  00:35:11        1.0000E+03      5/ 41    438
      08/01/2013  00:35:27        1.0000E+03      6/ 41   1075
      08/01/2013  00:35:36        1.0000E+03      7/ 41    670
      08/01/2013  00:35:52        1.0000E+03      8/ 41   1115
      08/01/2013  00:36:06        1.0000E+03      9/ 41   1017
      08/01/2013  00:36:16        1.0000E+03     10/ 41    686
      08/01/2013  00:36:27        1.0000E+03     11/ 41    781
      08/01/2013  00:36:36        1.0000E+03     12/ 41    617
      08/01/2013  00:36:51        1.0000E+03     13/ 41   1068
      08/01/2013  00:37:05        1.0000E+03     14/ 41    987
      08/01/2013  00:37:10        1.0000E+03     15/ 41    302
      08/01/2013  00:37:21        1.0000E+03     16/ 41    784
      08/01/2013  00:37:30        1.0000E+03     17/ 41    632
      08/01/2013  00:37:42        1.0000E+03     18/ 41    825
      08/01/2013  00:37:48        1.0000E+03     19/ 41    451
      08/01/2013  00:37:54        1.0000E+03     20/ 41    399
      08/01/2013  00:37:58        1.0000E+03     21/ 41    287
      08/01/2013  00:38:04        1.0000E+03     22/ 41    380
      08/01/2013  00:38:11        1.0000E+03     23/ 41    451
      08/01/2013  00:38:22        1.0000E+03     24/ 41    826
      08/01/2013  00:38:32        1.0000E+03     25/ 41    632
      08/01/2013  00:38:42        1.0000E+03     26/ 41    731
      08/01/2013  00:38:47        1.0000E+03     27/ 41    303
      08/01/2013  00:39:01        1.0000E+03     28/ 41   1031
      08/01/2013  00:39:16        1.0000E+03     29/ 41   1067
      08/01/2013  00:39:25        1.0000E+03     30/ 41    610
      08/01/2013  00:39:37        1.0000E+03     31/ 41    774
      08/01/2013  00:39:43        1.0000E+03     32/ 41    442
      08/01/2013  00:39:57        1.0000E+03     33/ 41   1008
      08/01/2013  00:40:13        1.0000E+03     34/ 41   1124
      08/01/2013  00:40:23        1.0000E+03     35/ 41    672
      08/01/2013  00:40:39        1.0000E+03     36/ 41   1077
      08/01/2013  00:40:45        1.0000E+03     37/ 41    438
      08/01/2013  00:41:00        1.0000E+03     38/ 41   1016
      08/01/2013  00:41:14        1.0000E+03     39/ 41    981
      08/01/2013  00:41:23        1.0000E+03     40/ 41    653
      08/01/2013  00:41:39        1.0000E+03     41/ 41   1119
      08/01/2013  00:41:43        3.0000E+03      1/ 41    279
      08/01/2013  00:41:53        3.0000E+03      2/ 41    685
      08/01/2013  00:42:03        3.0000E+03      3/ 41    707
      08/01/2013  00:42:13        3.0000E+03      4/ 41    709
      08/01/2013  00:42:20        3.0000E+03      5/ 41    438
      08/01/2013  00:42:24        3.0000E+03      6/ 41    288
      08/01/2013  00:42:30        3.0000E+03      7/ 41    425
      08/01/2013  00:42:41        3.0000E+03      8/ 41    713
      08/01/2013  00:42:50        3.0000E+03      9/ 41    647
      08/01/2013  00:42:55        3.0000E+03     10/ 41    325
      08/01/2013  00:42:59        3.0000E+03     11/ 41    283
      08/01/2013  00:43:05        3.0000E+03     12/ 41    385
      08/01/2013  00:43:15        3.0000E+03     13/ 41    679
      08/01/2013  00:43:24        3.0000E+03     14/ 41    625
      08/01/2013  00:43:28        3.0000E+03     15/ 41    314
      08/01/2013  00:43:32        3.0000E+03     16/ 41    256
      08/01/2013  00:43:37        3.0000E+03     17/ 41    327
      08/01/2013  00:43:47        3.0000E+03     18/ 41    681
      08/01/2013  00:43:51        3.0000E+03     19/ 41    257
      08/01/2013  00:43:55        3.0000E+03     20/ 41    242
      08/01/2013  00:43:59        3.0000E+03     21/ 41    260
      08/01/2013  00:44:03        3.0000E+03     22/ 41    242
      08/01/2013  00:44:06        3.0000E+03     23/ 41    255
      08/01/2013  00:44:16        3.0000E+03     24/ 41    681
      08/01/2013  00:44:21        3.0000E+03     25/ 41    332
      08/01/2013  00:44:25        3.0000E+03     26/ 41    256
      08/01/2013  00:44:31        3.0000E+03     27/ 41    389
      08/01/2013  00:44:40        3.0000E+03     28/ 41    625
      08/01/2013  00:44:50        3.0000E+03     29/ 41    689
      08/01/2013  00:44:56        3.0000E+03     30/ 41    385
      08/01/2013  00:45:00        3.0000E+03     31/ 41    283
      08/01/2013  00:45:05        3.0000E+03     32/ 41    325
      08/01/2013  00:45:14        3.0000E+03     33/ 41    647
      08/01/2013  00:45:20        3.0000E+03     34/ 41    386
      08/01/2013  00:45:26        3.0000E+03     35/ 41    424
      08/01/2013  00:45:30        3.0000E+03     36/ 41    288
      08/01/2013  00:45:37        3.0000E+03     37/ 41    438
      08/01/2013  00:45:47        3.0000E+03     38/ 41    711
      08/01/2013  00:45:57        3.0000E+03     39/ 41    703
      08/01/2013  00:46:07        3.0000E+03     40/ 41    685
      08/01/2013  00:46:11        3.0000E+03     41/ 41    279
      08/01/2013  00:46:16       10.0000E+03      1/ 41    293
      08/01/2013  00:46:22       10.0000E+03      2/ 41    417
      08/01/2013  00:46:28       10.0000E+03      3/ 41    454
      08/01/2013  00:46:35       10.0000E+03      4/ 41    469
      08/01/2013  00:46:42       10.0000E+03      5/ 41    446
      08/01/2013  00:46:46       10.0000E+03      6/ 41    273
      08/01/2013  00:46:51       10.0000E+03      7/ 41    297
      08/01/2013  00:46:57       10.0000E+03      8/ 41    467
      08/01/2013  00:47:04       10.0000E+03      9/ 41    441
      08/01/2013  00:47:09       10.0000E+03     10/ 41    353
      08/01/2013  00:47:14       10.0000E+03     11/ 41    306
      08/01/2013  00:47:20       10.0000E+03     12/ 41    444
      08/01/2013  00:47:27       10.0000E+03     13/ 41    460
      08/01/2013  00:47:33       10.0000E+03     14/ 41    401
      08/01/2013  00:47:40       10.0000E+03     15/ 41    454
      08/01/2013  00:47:44       10.0000E+03     16/ 41    305
      08/01/2013  00:47:50       10.0000E+03     17/ 41    392
      08/01/2013  00:48:03       10.0000E+03     18/ 41    914
      08/01/2013  00:48:07       10.0000E+03     19/ 41    295
      08/01/2013  00:48:11       10.0000E+03     20/ 41    261
      08/01/2013  00:48:15       10.0000E+03     21/ 41    261
      08/01/2013  00:48:19       10.0000E+03     22/ 41    261
      08/01/2013  00:48:24       10.0000E+03     23/ 41    295
      08/01/2013  00:48:36       10.0000E+03     24/ 41    871
      08/01/2013  00:48:42       10.0000E+03     25/ 41    393
      08/01/2013  00:48:47       10.0000E+03     26/ 41    304
      08/01/2013  00:48:53       10.0000E+03     27/ 41    455
      08/01/2013  00:48:59       10.0000E+03     28/ 41    401
      08/01/2013  00:49:06       10.0000E+03     29/ 41    460
      08/01/2013  00:49:13       10.0000E+03     30/ 41    444
      08/01/2013  00:49:17       10.0000E+03     31/ 41    306
      08/01/2013  00:49:22       10.0000E+03     32/ 41    353
      08/01/2013  00:49:29       10.0000E+03     33/ 41    441
      08/01/2013  00:49:36       10.0000E+03     34/ 41    466
      08/01/2013  00:49:40       10.0000E+03     35/ 41    300
      08/01/2013  00:49:44       10.0000E+03     36/ 41    273
      08/01/2013  00:49:51       10.0000E+03     37/ 41    446
      08/01/2013  00:49:58       10.0000E+03     38/ 41    469
      08/01/2013  00:50:04       10.0000E+03     39/ 41    455
      08/01/2013  00:50:10       10.0000E+03     40/ 41    414
      08/01/2013  00:50:15       10.0000E+03     41/ 41    303

  Frequency-domain model output for moving dipole Tx with fixed offset receiver(s).

  Line 1000    Survey azimuth =  90 degrees    Units = parts per million


         Z Inphase - Vertical Component Model Output for Line 1000
         ------------------------------------------------------

             RECEIVER POSITIONS               FREQUENCIES
         East        North     Elev        100.0       300.0      1000.0      3000.0     10000.0

  1       298.0       500.0      1.0   1000000.8   1000003.2   1000019.3   1000086.8   1000395.6
  2       308.0       500.0      1.0   1000000.8   1000003.2   1000020.0   1000093.2   1000450.4
  3       318.0       500.0      1.0   1000000.8   1000003.2   1000020.0   1000090.1   1000430.2
  4       328.0       500.0      1.0   1000000.8   1000003.2   1000020.0   1000088.3   1000407.7
  5       338.0       500.0      1.0   1000000.8   1000003.2   1000020.9   1000094.1   1000456.0
  6       348.0       500.0      1.0   1000000.8   1000003.2   1000019.3   1000086.8   1000395.6
  7       358.0       500.0      1.0   1000000.8   1000003.2   1000020.0   1000093.2   1000450.4
  8       368.0       500.0      1.0   1000000.8   1000003.2   1000020.0   1000090.1   1000430.2
  9       378.0       500.0      1.0   1000000.8   1000003.2   1000020.0   1000088.3   1000407.7
 10       388.0       500.0      1.0   1000000.8   1000003.2   1000020.9   1000094.1   1000456.0
 11       398.0       500.0      1.0   1000000.8   1000003.2   1000019.3   1000086.8   1000395.6
 12       408.0       500.0      1.0   1000000.8   1000003.2   1000020.0   1000093.2   1000450.4
 13       418.0       500.0      1.0   1000000.8   1000003.2   1000020.0   1000090.1   1000430.2
 14       428.0       500.0      1.0   1000000.8   1000003.2   1000020.0   1000088.3   1000407.0
 15       438.0       500.0      1.0   1000000.8   1000003.2   1000020.9   1000094.1   1000455.1
 16       448.0       500.0      1.0   1000000.8   1000003.2   1000019.3   1000086.8   1000394.8
 17       458.0       500.0      1.0   1000000.8   1000003.2   1000020.9   1000093.2   1000449.6
 18       468.0       500.0      1.0   1000000.8   1000003.2   1000020.0   1000091.7   1000441.4
 19       478.0       500.0      1.0   1000000.8   1000003.2   1000020.0   1000092.4   1000442.2
 20       488.0       500.0      1.0   1000000.8   1000003.2   1000020.0   1000093.2   1000451.9
 21       498.0       500.0      1.0   1000000.8   1000003.2   1000020.0   1000093.2   1000453.6
 22       508.0       500.0      1.0   1000000.8   1000003.2   1000020.9   1000094.1   1000456.8
 23       518.0       500.0      1.0   1000000.8   1000003.2   1000020.0   1000092.4   1000446.3
 24       528.0       500.0      1.0   1000000.8   1000003.2   1000020.0   1000090.1   1000419.0
 25       538.0       500.0      1.0   1000000.8   1000003.2   1000020.9   1000094.1   1000457.5
 26       548.0       500.0      1.0   1000000.8   1000003.2   1000020.0   1000086.8   1000394.8
 27       558.0       500.0      1.0   1000000.8   1000003.2   1000020.9   1000093.2   1000450.4
 28       568.0       500.0      1.0   1000000.8   1000003.2   1000020.0   1000090.1   1000429.5
 29       578.0       500.0      1.0   1000000.8   1000003.2   1000020.0   1000088.3   1000407.7
 30       588.0       500.0      1.0   1000000.8   1000003.2   1000020.9   1000094.1   1000456.0
 31       598.0       500.0      1.0   1000000.8   1000003.2   1000019.3   1000086.8   1000395.6
 32       608.0       500.0      1.0   1000000.8   1000003.2   1000020.0   1000093.2   1000450.4
 33       618.0       500.0      1.0   1000000.8   1000003.2   1000020.0   1000090.1   1000430.2
 34       628.0       500.0      1.0   1000000.8   1000003.2   1000020.0   1000088.3   1000407.7
 35       638.0       500.0      1.0   1000000.8   1000003.2   1000020.9   1000094.1   1000456.0
 36       648.0       500.0      1.0   1000000.8   1000003.2   1000019.3   1000086.8   1000395.6
 37       658.0       500.0      1.0   1000000.8   1000003.2   1000020.0   1000093.2   1000450.4
 38       668.0       500.0      1.0   1000000.8   1000003.2   1000020.0   1000090.1   1000430.2
 39       678.0       500.0      1.0   1000000.8   1000003.2   1000020.0   1000088.3   1000407.7
 40       688.0       500.0      1.0   1000000.8   1000003.9   1000020.9   1000094.1   1000456.0
 41       698.0       500.0      1.0   1000000.8   1000003.2   1000019.3   1000086.8   1000395.6


         Z Quadrature - Vertical Component Model Output for Line 1000
         ---------------------------------------------------------

             RECEIVER POSITIONS               FREQUENCIES
         East        North     Elev        100.0       300.0      1000.0      3000.0     10000.0

  1       298.0       500.0      1.0        15.4        44.6       139.0       370.7       975.2
  2       308.0       500.0      1.0        20.2        58.9       186.8       513.1      1435.7
  3       318.0       500.0      1.0        18.8        54.8       173.1       473.3      1311.8
  4       328.0       500.0      1.0        16.3        47.4       148.2       397.9      1062.1
  5       338.0       500.0      1.0        20.7        60.6       192.3       529.3      1489.0
  6       348.0       500.0      1.0        15.4        44.6       139.0       370.6       975.2
  7       358.0       500.0      1.0        20.2        58.9       186.8       513.1      1435.7
  8       368.0       500.0      1.0        18.8        54.8       173.1       473.3      1311.8
  9       378.0       500.0      1.0        16.3        47.4       148.2       397.9      1062.1
 10       388.0       500.0      1.0        20.7        60.6       192.3       529.3      1489.0
 11       398.0       500.0      1.0        15.4        44.6       139.0       370.6       975.3
 12       408.0       500.0      1.0        20.2        58.9       186.8       513.1      1435.8
 13       418.0       500.0      1.0        18.8        54.8       173.1       473.3      1311.7
 14       428.0       500.0      1.0        16.3        47.4       148.2       397.8      1061.8
 15       438.0       500.0      1.0        20.7        60.6       192.2       529.0      1488.2
 16       448.0       500.0      1.0        15.4        44.5       138.8       369.8       972.2
 17       458.0       500.0      1.0        20.1        58.7       186.0       510.6      1426.5
 18       468.0       500.0      1.0        19.2        56.2       177.8       487.2      1354.0
 19       478.0       500.0      1.0        20.3        59.3       188.0       517.1      1451.3
 20       488.0       500.0      1.0        20.1        58.9       186.6       512.7      1434.3
 21       498.0       500.0      1.0        20.3        59.4       188.4       518.1      1452.1
 22       508.0       500.0      1.0        21.1        61.9       196.7       542.8      1534.1
 23       518.0       500.0      1.0        21.0        61.5       195.5       539.6      1526.7
 24       528.0       500.0      1.0        16.9        49.1       153.8       414.8      1114.8
 25       538.0       500.0      1.0        20.6        60.2       191.0       525.5      1474.6
 26       548.0       500.0      1.0        15.3        44.5       138.7       369.4       970.5
 27       558.0       500.0      1.0        20.2        58.9       186.7       512.8      1434.4
 28       568.0       500.0      1.0        18.8        54.8       173.1       473.2      1311.4
 29       578.0       500.0      1.0        16.3        47.4       148.2       397.9      1062.0
 30       588.0       500.0      1.0        20.7        60.6       192.3       529.2      1489.0
 31       598.0       500.0      1.0        15.4        44.6       139.0       370.6       975.2
 32       608.0       500.0      1.0        20.2        58.9       186.8       513.1      1435.8
 33       618.0       500.0      1.0        18.8        54.8       173.1       473.3      1311.8
 34       628.0       500.0      1.0        16.3        47.4       148.2       397.9      1062.1
 35       638.0       500.0      1.0        20.7        60.6       192.3       529.3      1489.0
 36       648.0       500.0      1.0        15.4        44.6       139.0       370.6       975.2
 37       658.0       500.0      1.0        20.2        58.9       186.8       513.1      1435.7
 38       668.0       500.0      1.0        18.8        54.8       173.1       473.3      1311.8
 39       678.0       500.0      1.0        16.3        47.4       148.2       397.9      1062.1
 40       688.0       500.0      1.0        20.7        60.6       192.3       529.3      1489.0
 41       698.0       500.0      1.0        15.4        44.6       139.0       370.7       975.2


         X Inphase - Radial Component Model Output for Line 1000
         ----------------------------------------------------

             RECEIVER POSITIONS               FREQUENCIES
         East        North     Elev        100.0       300.0      1000.0      3000.0     10000.0

  1       298.0       500.0      1.0         0.0         0.0         0.6         4.0        26.0
  2       308.0       500.0      1.0         0.1         0.7         4.8        21.7        99.7
  3       318.0       500.0      1.0        -0.2        -1.2        -6.0       -21.1       -59.1
  4       328.0       500.0      1.0         0.2         1.3         8.2        35.0       148.3
  5       338.0       500.0      1.0        -0.1        -0.6        -2.8        -8.3       -10.8
  6       348.0       500.0      1.0         0.0         0.0         0.6         4.1        26.0
  7       358.0       500.0      1.0         0.1         0.8         4.8        21.7        99.7
  8       368.0       500.0      1.0        -0.2        -1.2        -6.0       -21.1       -59.1
  9       378.0       500.0      1.0         0.2         1.4         8.2        35.0       148.3
 10       388.0       500.0      1.0        -0.1        -0.6        -2.8        -8.2       -10.8
 11       398.0       500.0      1.0         0.0         0.0         0.7         4.1        26.0
 12       408.0       500.0      1.0         0.1         0.8         4.8        21.7        99.5
 13       418.0       500.0      1.0        -0.2        -1.2        -6.0       -21.0       -59.3
 14       428.0       500.0      1.0         0.2         1.4         8.3        35.1       148.0
 15       438.0       500.0      1.0        -0.1        -0.6        -2.7        -8.2       -11.2
 16       448.0       500.0      1.0         0.0         0.1         0.9         4.5        26.5
 17       458.0       500.0      1.0         0.2         0.9         5.3        23.1       103.0
 18       468.0       500.0      1.0        -0.2        -1.3        -6.7       -23.7       -66.2
 19       478.0       500.0      1.0         0.0         0.0         0.7         6.4        49.6
 20       488.0       500.0      1.0         0.1         0.3         2.3        11.9        65.5
 21       498.0       500.0      1.0         0.0         0.2         1.3         8.0        50.8
 22       508.0       500.0      1.0         0.0         0.0         0.4         4.8        40.8
 23       518.0       500.0      1.0         0.0         0.3         1.8         9.7        54.8
 24       528.0       500.0      1.0         0.3         1.6         9.1        38.5       160.0
 25       538.0       500.0      1.0        -0.1        -0.7        -3.4       -10.3       -17.5
 26       548.0       500.0      1.0         0.0         0.0         0.4         3.5        24.8
 27       558.0       500.0      1.0         0.1         0.8         4.8        21.7       100.1
 28       568.0       500.0      1.0        -0.2        -1.1        -6.0       -21.0       -58.7
 29       578.0       500.0      1.0         0.3         1.4         8.2        35.1       148.6
 30       588.0       500.0      1.0        -0.1        -0.5        -2.8        -8.1       -10.6
 31       598.0       500.0      1.0         0.0         0.1         0.7         4.2        26.3
 32       608.0       500.0      1.0         0.1         0.8         4.9        21.8        99.8
 33       618.0       500.0      1.0        -0.2        -1.1        -5.9       -21.0       -58.9
 34       628.0       500.0      1.0         0.3         1.5         8.3        35.1       148.4
 35       638.0       500.0      1.0        -0.1        -0.5        -2.7        -8.1       -10.7
 36       648.0       500.0      1.0         0.0         0.1         0.7         4.2        26.2
 37       658.0       500.0      1.0         0.1         0.9         4.9        21.8        99.8
 38       668.0       500.0      1.0        -0.2        -1.1        -5.9       -20.9       -59.0
 39       678.0       500.0      1.0         0.3         1.5         8.3        35.2       148.5
 40       688.0       500.0      1.0        -0.1        -0.5        -2.7        -8.1       -10.8
 41       698.0       500.0      1.0         0.0         0.2         0.8         4.2        26.2

         X Quadrature - Radial Component Model Output for Line 1000
         -------------------------------------------------------

             RECEIVER POSITIONS               FREQUENCIES
         East        North     Elev        100.0       300.0      1000.0      3000.0     10000.0

  1       298.0       500.0      1.0         1.1         3.4        11.4        32.6        96.1
  2       308.0       500.0      1.0         5.7        16.9        54.0       150.0       438.6
  3       318.0       500.0      1.0        -3.0        -8.5       -24.3       -56.8      -131.7
  4       328.0       500.0      1.0         8.2        24.0        75.6       206.0       587.6
  5       338.0       500.0      1.0        -0.3        -0.5         0.6         9.4        53.2
  6       348.0       500.0      1.0         1.1         3.4        11.3        32.6        96.1
  7       358.0       500.0      1.0         5.7        16.9        54.0       150.0       438.6
  8       368.0       500.0      1.0        -3.0        -8.5       -24.3       -56.9      -131.8
  9       378.0       500.0      1.0         8.2        24.0        75.6       205.9       587.5
 10       388.0       500.0      1.0        -0.3        -0.5         0.5         9.4        53.1
 11       398.0       500.0      1.0         1.1         3.4        11.3        32.6        96.0
 12       408.0       500.0      1.0         5.7        16.9        53.9       149.9       438.4
 13       418.0       500.0      1.0        -3.0        -8.5       -24.3       -57.0      -132.0
 14       428.0       500.0      1.0         8.2        24.0        75.5       205.7       586.7
 15       438.0       500.0      1.0        -0.3        -0.5         0.4         9.0        51.6
 16       448.0       500.0      1.0         1.2         3.4        11.1        31.5        91.5
 17       458.0       500.0      1.0         5.8        17.0        53.8       148.2       429.2
 18       468.0       500.0      1.0        -3.2        -8.9       -25.3       -57.9      -127.0
 19       478.0       500.0      1.0         4.3        13.1        43.8       130.4       416.7
 20       488.0       500.0      1.0         4.3        12.9        42.2       121.4       370.9
 21       498.0       500.0      1.0         3.2         9.6        31.8        92.7       285.3
 22       508.0       500.0      1.0         2.8         8.6        28.8        86.3       272.4
 23       518.0       500.0      1.0         3.9        11.5        37.6       108.8       334.3
 24       528.0       500.0      1.0         8.5        24.8        77.8       210.2       591.2
 25       538.0       500.0      1.0        -0.3        -0.6         0.4        10.6        62.2
 26       548.0       500.0      1.0         1.1         3.4        11.5        33.7       101.0
 27       558.0       500.0      1.0         5.8        16.9        54.1       150.5       440.2
 28       568.0       500.0      1.0        -3.0        -8.4       -24.2       -56.5      -130.8
 29       578.0       500.0      1.0         8.2        24.0        75.6       206.1       587.9
 30       588.0       500.0      1.0        -0.2        -0.4         0.6         9.5        53.4
 31       598.0       500.0      1.0         1.2         3.5        11.3        32.7        96.2
 32       608.0       500.0      1.0         5.8        16.9        54.0       150.0       438.6
 33       618.0       500.0      1.0        -3.0        -8.4       -24.3       -56.8      -131.8
 34       628.0       500.0      1.0         8.2        24.0        75.6       206.0       587.5
 35       638.0       500.0      1.0        -0.2        -0.4         0.5         9.4        53.1
 36       648.0       500.0      1.0         1.2         3.5        11.3        32.7        96.1
 37       658.0       500.0      1.0         5.8        17.0        54.0       150.0       438.5
 38       668.0       500.0      1.0        -3.0        -8.4       -24.3       -56.8      -131.8
 39       678.0       500.0      1.0         8.2        24.1        75.6       206.0       587.5
 40       688.0       500.0      1.0        -0.2        -0.4         0.5         9.4        53.1
 41       698.0       500.0      1.0         1.2         3.5        11.3        32.6        96.1


         Y Inphase - Tangential Component Model Output for Line 1000
         --------------------------------------------------------

             RECEIVER POSITIONS               FREQUENCIES
         East        North     Elev        100.0       300.0      1000.0      3000.0     10000.0

  1       298.0       500.0      1.0         0.0         0.0         0.0         0.0         0.0
  2       308.0       500.0      1.0         0.0         0.0         0.0         0.0         0.0
  3       318.0       500.0      1.0         0.0         0.0         0.0         0.0         0.0
  4       328.0       500.0      1.0         0.0         0.0         0.0         0.0         0.0
  5       338.0       500.0      1.0         0.0         0.0         0.0         0.0         0.0
  6       348.0       500.0      1.0         0.0         0.0         0.0         0.0         0.0
  7       358.0       500.0      1.0         0.0         0.0         0.0         0.0         0.0
  8       368.0       500.0      1.0         0.0         0.0         0.0         0.0         0.0
  9       378.0       500.0      1.0         0.0         0.0         0.0         0.0         0.0
 10       388.0       500.0      1.0         0.0         0.0         0.0         0.0         0.0
 11       398.0       500.0      1.0         0.0         0.0         0.0         0.0         0.0
 12       408.0       500.0      1.0         0.0         0.0         0.0         0.0         0.0
 13       418.0       500.0      1.0         0.0         0.0         0.0         0.0         0.0
 14       428.0       500.0      1.0         0.0         0.0         0.0         0.0         0.0
 15       438.0       500.0      1.0         0.0         0.0         0.0         0.0         0.0
 16       448.0       500.0      1.0         0.0         0.0         0.0         0.0         0.0
 17       458.0       500.0      1.0         0.0         0.0         0.0         0.0         0.0
 18       468.0       500.0      1.0         0.0         0.0         0.0         0.0         0.0
 19       478.0       500.0      1.0         0.0         0.0         0.0         0.0         0.0
 20       488.0       500.0      1.0         0.0         0.0         0.0         0.0         0.0
 21       498.0       500.0      1.0         0.0         0.0         0.0         0.0         0.0
 22       508.0       500.0      1.0         0.0         0.0         0.0         0.0         0.0
 23       518.0       500.0      1.0         0.0         0.0         0.0         0.0         0.0
 24       528.0       500.0      1.0         0.0         0.0         0.0         0.0         0.0
 25       538.0       500.0      1.0         0.0         0.0         0.0         0.0         0.0
 26       548.0       500.0      1.0         0.0         0.0         0.0         0.0         0.0
 27       558.0       500.0      1.0         0.0         0.0         0.0         0.0         0.0
 28       568.0       500.0      1.0         0.0         0.0         0.0         0.0         0.0
 29       578.0       500.0      1.0         0.0         0.0         0.0         0.0         0.0
 30       588.0       500.0      1.0         0.0         0.0         0.0         0.0         0.0
 31       598.0       500.0      1.0         0.0         0.0         0.0         0.0         0.0
 32       608.0       500.0      1.0         0.0         0.0         0.0         0.0         0.0
 33       618.0       500.0      1.0         0.0         0.0         0.0         0.0         0.0
 34       628.0       500.0      1.0         0.0         0.0         0.0         0.0         0.0
 35       638.0       500.0      1.0         0.0         0.0         0.0         0.0         0.0
 36       648.0       500.0      1.0         0.0         0.0         0.0         0.0         0.0
 37       658.0       500.0      1.0         0.0         0.0         0.0         0.0         0.0
 38       668.0       500.0      1.0         0.0         0.0         0.0         0.0         0.0
 39       678.0       500.0      1.0         0.0         0.0         0.0         0.0         0.0
 40       688.0       500.0      1.0         0.0         0.0         0.0         0.0         0.0
 41       698.0       500.0      1.0         0.0         0.0         0.0         0.0         0.0


         Y Quadrature - Tangential Component Model Output for Line 1000
         ------------------------------------------------------------

             RECEIVER POSITIONS               FREQUENCIES
         East        North     Elev        100.0       300.0      1000.0      3000.0     10000.0

  1       298.0       500.0      1.0         0.0         0.0         0.0         0.0         0.0
  2       308.0       500.0      1.0         0.0         0.0         0.0         0.0         0.0
  3       318.0       500.0      1.0         0.0         0.0         0.0         0.0         0.0
  4       328.0       500.0      1.0         0.0         0.0         0.0         0.0         0.0
  5       338.0       500.0      1.0         0.0         0.0         0.0         0.0         0.0
  6       348.0       500.0      1.0         0.0         0.0         0.0         0.0         0.0
  7       358.0       500.0      1.0         0.0         0.0         0.0         0.0         0.0
  8       368.0       500.0      1.0         0.0         0.0         0.0         0.0         0.0
  9       378.0       500.0      1.0         0.0         0.0         0.0         0.0         0.0
 10       388.0       500.0      1.0         0.0         0.0         0.0         0.0         0.0
 11       398.0       500.0      1.0         0.0         0.0         0.0         0.0         0.0
 12       408.0       500.0      1.0         0.0         0.0         0.0         0.0         0.0
 13       418.0       500.0      1.0         0.0         0.0         0.0         0.0         0.0
 14       428.0       500.0      1.0         0.0         0.0         0.0         0.0         0.0
 15       438.0       500.0      1.0         0.0         0.0         0.0         0.0         0.0
 16       448.0       500.0      1.0         0.0         0.0         0.0         0.0         0.0
 17       458.0       500.0      1.0         0.0         0.0         0.0         0.0         0.0
 18       468.0       500.0      1.0         0.0         0.0         0.0         0.0         0.0
 19       478.0       500.0      1.0         0.0         0.0         0.0         0.0         0.0
 20       488.0       500.0      1.0         0.0         0.0         0.0         0.0         0.0
 21       498.0       500.0      1.0         0.0         0.0         0.0         0.0         0.0
 22       508.0       500.0      1.0         0.0         0.0         0.0         0.0         0.0
 23       518.0       500.0      1.0         0.0         0.0         0.0         0.0         0.0
 24       528.0       500.0      1.0         0.0         0.0         0.0         0.0         0.0
 25       538.0       500.0      1.0         0.0         0.0         0.0         0.0         0.0
 26       548.0       500.0      1.0         0.0         0.0         0.0         0.0         0.0
 27       558.0       500.0      1.0         0.0         0.0         0.0         0.0         0.0
 28       568.0       500.0      1.0         0.0         0.0         0.0         0.0         0.0
 29       578.0       500.0      1.0         0.0         0.0         0.0         0.0         0.0
 30       588.0       500.0      1.0         0.0         0.0         0.0         0.0         0.0
 31       598.0       500.0      1.0         0.0         0.0         0.0         0.0         0.0
 32       608.0       500.0      1.0         0.0         0.0         0.0         0.0         0.0
 33       618.0       500.0      1.0         0.0         0.0         0.0         0.0         0.0
 34       628.0       500.0      1.0         0.0         0.0         0.0         0.0         0.0
 35       638.0       500.0      1.0         0.0         0.0         0.0         0.0         0.0
 36       648.0       500.0      1.0         0.0         0.0         0.0         0.0         0.0
 37       658.0       500.0      1.0         0.0         0.0         0.0         0.0         0.0
 38       668.0       500.0      1.0         0.0         0.0         0.0         0.0         0.0
 39       678.0       500.0      1.0         0.0         0.0         0.0         0.0         0.0
 40       688.0       500.0      1.0         0.0         0.0         0.0         0.0         0.0
 41       698.0       500.0      1.0         0.0         0.0         0.0         0.0         0.0


  Loki forward model completed at 00:50 on 08 JAN 2013

  Computation time =    1831.01 seconds.


