
            Loki task started at 00:50 on 08 JAN 2013

      ######################################################################
      #                                                                    #
      #                 Loki - Version 3.0.0   01 January, 2012            #        
      #                 ---------------------------------------            #        
      #                                                                    #
      #     Developed by:  CSIRO Electromagnetic Modelling Group           #
      #                    Fred Sugeng, Art Raiche & Glenn Wilson          #
      #                                                                    #
      #              For:  AMIRA project P223F                             #
      #                                                                    #
      ######################################################################
          INPUT DATA
          ----------

-------------------------------------------------------------------------------

 Fixed Loops                                                                                                             

  TDFD = 1;   DO3D =  1;   ISYS = 0;   PRFL =  1;   ISTOP = 0

          +-----------------------------------------+
          +  Time-Domain Ground System Information  +
          +-----------------------------------------+

  STEP = 1;   NSX =  10;   NCHNL =  12;   KRXW = 1;   REFTYM =   0.000    ;   OFFTYM =   12.00    


             TXON (ms)    Transmitter current (amps)
             ---------    --------------------------

      1        0.000         0.000    
      2        0.100        -5.000    
      3        0.200        -10.00    
      4        0.300        -10.00    
      5        1.000        -10.00    
      6        1.100         0.000    
      7        1.200         10.00    
      8        2.000         10.00    
      9        2.100         5.000    
     10        2.200         0.000    


         Receiver channel origin INPUT is shifted by    0.000 ms from signal origin.

         Receiver Window Specifications (ms - referenced to signal origin)
         ----------------------------------------------------------------

                                                             Referenced
       Window     Open       Close       Width     Centre      Centre
       ------     ----       -----       -----     ------      ------
          1       2.500       3.500      1.000       3.000      3.000
          2       3.500       4.500      1.000       4.000      4.000
          3       4.850       4.950      0.100       4.900      4.900
          4       5.050       5.150      0.100       5.100      5.100
          5       5.150       5.250      0.100       5.200      5.200
          6       5.250       5.350      0.100       5.300      5.300
          7       5.350       5.650      0.300       5.500      5.500
          8       5.500       6.500      1.000       6.000      6.000
          9       6.500       7.500      1.000       7.000      7.000
         10       7.500       8.500      1.000       8.000      8.000
         11       8.500      11.500      3.000      10.000     10.000
         12      11.500      14.500      3.000      13.000     13.000


  SURVEY_TYPE = 1

  NLINES =  2;   MRXL =  22;   NTX =  1;   SOURCE_TYPE = 1;   MXVRTX = 4;   NTRN =  1

  Vertex Locations for Loop Sources
  ---------------------------------

  Transmitter  1 has  4 vertices:

            Easting      Northing      Elevation
            -------      --------      ---------
    1        400.00        200.00          0.00
    2        400.00        300.00          0.00
    3        600.00        300.00          0.00
    4        600.00        200.00          0.00


  Line    10101;   Tx Index  1;   Rx Type = 1;   NRX = 20;   Units = 21

        CMP = 123;   KNORM = 0;   IPLT = 1;   IDH = 0;   SV_AZM =    0.0;   RXMNT =   1.000    

          Magnetic Dipole Receivers
          -------------------------

         Easting     Northing   Elevation
         -------     --------   ---------
   1       507.5       300.0         0.0
   2       507.5       320.0         0.0
   3       507.5       340.0         0.0
   4       507.5       360.0         0.0
   5       507.5       400.0         0.0
   6       507.5       420.0         0.0
   7       507.5       440.0         0.0
   8       507.5       460.0         0.0
   9       507.5       480.0         0.0
  10       507.5       500.0         0.0
  11       507.5       520.0         0.0
  12       507.5       540.0         0.0
  13       507.5       560.0         0.0
  14       507.5       580.0         0.0
  15       507.5       600.0         0.0
  16       507.5       620.0         0.0
  17       507.5       640.0         0.0
  18       507.5       660.0         0.0
  19       507.5       680.0         0.0
  20       507.5       700.0         0.0


  Line    10102;   Tx Index  1;   Rx Type = 1;   NRX = 22;   Units = 21

        CMP = 123;   KNORM = 0;   IPLT = 1;   IDH = 0;   SV_AZM =    0.0;   RXMNT =   1.000    

          Magnetic Dipole Receivers
          -------------------------

         Easting     Northing   Elevation
         -------     --------   ---------
   1       507.5       500.0         0.0
   2       507.5       500.0       -10.0
   3       507.5       500.0       -20.0
   4       507.5       500.0       -30.0
   5       507.5       500.0       -40.0
   6       507.5       500.0       -50.0
   7       507.5       500.0       -60.0
   8       507.5       500.0       -70.0
   9       507.5       500.0       -80.0
  10       507.5       500.0       -90.0
  11       507.5       500.0      -100.0
  12       507.5       500.0      -110.0
  13       507.5       500.0      -120.0
  14       507.5       500.0      -130.0
  15       507.5       500.0      -140.0
  16       507.5       500.0      -150.0
  17       507.5       500.0      -160.0
  18       507.5       500.0      -170.0
  19       507.5       500.0      -180.0
  20       507.5       500.0      -190.0
  21       507.5       500.0      -200.0
  22       507.5       500.0      -210.0


     MESH AND LITHOLOGIES DESCRIPTION
     ----------------------------------------

  Number of node "slices" along North-South axis = 37
  Number of node rows in each slice =  28
  Number of node columns in each slice =  39
  NLITH =15    KACC = 2    SOLVER = 2    OUTPUT =  10



                          LITHOLOGY PROPERTIES
                          --------------------

                                  Relative   Relative     Cole-Cole Parameters
        Resistivity  Conductance     MU     Dielectric   CHRG    CTAU       CFREQ

   1      1000.         -1.0       1.000      1.000      0.00    0.00        0.00
   2      100.0         -1.0       1.000      1.000      0.00    0.00        0.00
   3      250.0         -1.0       1.010      1.200      0.00    0.00        0.00
   4      50.00         -1.0       1.000      1.000      0.30   0.100E-02    0.42
   5      120.0         -1.0       1.000      1.000      0.00    0.00        0.00
   6      10.00         -1.0       1.000      1.000      0.00    0.00        1.00
   7      500.0         -1.0       1.000      1.000      0.00    0.00        1.00
   8      5.000         -1.0       1.000      1.000      0.00    0.00        1.00
   9     0.1000         -1.0       1.000      1.000      0.00    0.00        0.00
  10      20.00         -1.0       1.000      1.000      0.00    0.00        0.00
  11      30.00         -1.0       1.000      1.000      0.00    0.00        0.00
  12      2000.         -1.0       1.000      1.000      0.00    0.00        0.00
  13      50.00         -1.0       1.000      1.000      0.00    0.00        0.00
  14      350.0         -1.0       1.000      1.000      0.00    0.00        0.00
  15      40.00         -1.0       1.000      1.000      0.00    0.00        0.00


  Before computation begins, Loki may transform array and model coordinates
  from GPS coordimnates where elevation increases positive upwards to a
  body-centred system where depth increases positive downwards.
  In this system, the dip of magnetic dipole transmitters and receivers
  = 0 for vertical dipoles and 90 for horizontal dipoles.

  The computational horizontal origin remains unchanged.

  Transformed transmitter and receiver locations for Line  10101
  Survey aximuth =   0.degrees clockwise from North.

  Transformed Vertex Locations for Loop Sources
  ---------------------------------------------

      Transmitter  1 has  4 vertices.

         Easting   Northing

    1     400.00     200.00       0.00
    2     400.00     300.00       0.00
    3     600.00     300.00       0.00
    4     600.00     200.00       0.00


  Transformed Locations for Magnetic Dipole Receivers in Line  10101
  ------------------------------------------------------------------

        Easting   Northing      Depth   Moment
        -------   --------      -----   ------
   1     507.50     300.00       0.00   1.000    
   2     507.50     320.00       0.00   1.000    
   3     507.50     340.00       0.00   1.000    
   4     507.50     360.00       0.00   1.000    
   5     507.50     400.00       0.00   1.000    
   6     507.50     420.00       0.00   1.000    
   7     507.50     440.00       0.00   1.000    
   8     507.50     460.00       0.00   1.000    
   9     507.50     480.00       0.00   1.000    
  10     507.50     500.00       0.00   1.000    
  11     507.50     520.00       0.00   1.000    
  12     507.50     540.00       0.00   1.000    
  13     507.50     560.00       0.00   1.000    
  14     507.50     580.00       0.00   1.000    
  15     507.50     600.00       0.00   1.000    
  16     507.50     620.00       0.00   1.000    
  17     507.50     640.00       0.00   1.000    
  18     507.50     660.00       0.00   1.000    
  19     507.50     680.00       0.00   1.000    
  20     507.50     700.00       0.00   1.000    

  Transformed transmitter and receiver locations for Line  10102
  Survey aximuth =   0.degrees clockwise from North.

  Transformed Vertex Locations for Loop Sources
  ---------------------------------------------

      Transmitter  1 has  4 vertices.

         Easting   Northing

    1     400.00     200.00       0.00
    2     400.00     300.00       0.00
    3     600.00     300.00       0.00
    4     600.00     200.00       0.00


  Transformed Locations for Magnetic Dipole Receivers in Line  10102
  ------------------------------------------------------------------

        Easting   Northing      Depth   Moment
        -------   --------      -----   ------
   1     507.50     500.00       0.00   1.000    
   2     507.50     500.00      10.00   1.000    
   3     507.50     500.00      20.00   1.000    
   4     507.50     500.00      30.00   1.000    
   5     507.50     500.00      40.00   1.000    
   6     507.50     500.00      50.00   1.000    
   7     507.50     500.00      60.00   1.000    
   8     507.50     500.00      70.00   1.000    
   9     507.50     500.00      80.00   1.000    
  10     507.50     500.00      90.00   1.000    
  11     507.50     500.00     100.00   1.000    
  12     507.50     500.00     110.00   1.000    
  13     507.50     500.00     120.00   1.000    
  14     507.50     500.00     130.00   1.000    
  15     507.50     500.00     140.00   1.000    
  16     507.50     500.00     150.00   1.000    
  17     507.50     500.00     160.00   1.000    
  18     507.50     500.00     170.00   1.000    
  19     507.50     500.00     180.00   1.000    
  20     507.50     500.00     190.00   1.000    
  21     507.50     500.00     200.00   1.000    
  22     507.50     500.00     210.00   1.000    


  Plot points for receivers on Line  10101

            East        North     Elev
            ----        -----     ----

   1        507.5        300.0      0.0
   2        507.5        320.0      0.0
   3        507.5        340.0      0.0
   4        507.5        360.0      0.0
   5        507.5        400.0      0.0
   6        507.5        420.0      0.0
   7        507.5        440.0      0.0
   8        507.5        460.0      0.0
   9        507.5        480.0      0.0
  10        507.5        500.0      0.0
  11        507.5        520.0      0.0
  12        507.5        540.0      0.0
  13        507.5        560.0      0.0
  14        507.5        580.0      0.0
  15        507.5        600.0      0.0
  16        507.5        620.0      0.0
  17        507.5        640.0      0.0
  18        507.5        660.0      0.0
  19        507.5        680.0      0.0
  20        507.5        700.0      0.0


  Plot points for receivers on Line  10102

            East        North     Elev
            ----        -----     ----

   1        507.5        500.0      0.0
   2        507.5        500.0    -10.0
   3        507.5        500.0    -20.0
   4        507.5        500.0    -30.0
   5        507.5        500.0    -40.0
   6        507.5        500.0    -50.0
   7        507.5        500.0    -60.0
   8        507.5        500.0    -70.0
   9        507.5        500.0    -80.0
  10        507.5        500.0    -90.0
  11        507.5        500.0   -100.0
  12        507.5        500.0   -110.0
  13        507.5        500.0   -120.0
  14        507.5        500.0   -130.0
  15        507.5        500.0   -140.0
  16        507.5        500.0   -150.0
  17        507.5        500.0   -160.0
  18        507.5        500.0   -170.0
  19        507.5        500.0   -180.0
  20        507.5        500.0   -190.0
  21        507.5        500.0   -200.0
  22        507.5        500.0   -210.0

  Loki will compute 3D responses for a time-domain system.


---------------------------------------------------------------------------
                       END OF INPUT DATA DESCRIPTION
---------------------------------------------------------------------------

  The frequency-domain results are directly computed from
    0.1000     Hz to   10.00     Hz, using  3 points per decade and from
     10.00     Hz to  0.1000E+06 Hz, using  6 points per decade.

  These are used to construct the frequency-domain spectrum from DC to  0.1000     Hz
  before transformation to the time domain.  The transformed result is folded over


--------------------------------------------------------------------------------

  Solution convergence data

            Date      Time       Frq         Tx     CG Iterations
            ----      ----       ---         --     -------------
      08/01/2013  00:50:41      100.0000E-03      1/  1    732
      08/01/2013  00:50:55      215.4435E-03      1/  1    689
      08/01/2013  00:51:07      464.1589E-03      1/  1    602
      08/01/2013  00:51:19        1.0000E+00      1/  1    579
      08/01/2013  00:51:32        2.1544E+00      1/  1    613
      08/01/2013  00:51:46        4.6416E+00      1/  1    748
      08/01/2013  00:51:56       10.0000E+00      1/  1    420
      08/01/2013  00:52:12       14.6780E+00      1/  1    815
      08/01/2013  00:52:27       21.5443E+00      1/  1    819
      08/01/2013  00:52:40       31.6228E+00      1/  1    660
      08/01/2013  00:52:54       46.4159E+00      1/  1    701
      08/01/2013  00:53:07       68.1292E+00      1/  1    638
      08/01/2013  00:53:22      100.0000E+00      1/  1    788
      08/01/2013  00:53:36      146.7799E+00      1/  1    716
      08/01/2013  00:53:50      215.4435E+00      1/  1    639
      08/01/2013  00:54:04      316.2278E+00      1/  1    729
      08/01/2013  00:54:12      464.1589E+00      1/  1    300
      08/01/2013  00:54:24      681.2921E+00      1/  1    527
      08/01/2013  00:54:35        1.0000E+03      1/  1    547
      08/01/2013  00:54:47        1.4678E+03      1/  1    553
      08/01/2013  00:54:59        2.1544E+03      1/  1    564
      08/01/2013  00:55:08        3.1623E+03      1/  1    305
      08/01/2013  00:55:15        4.6416E+03      1/  1    261
      08/01/2013  00:55:23        6.8129E+03      1/  1    263
      08/01/2013  00:55:32       10.0000E+03      1/  1    299
      08/01/2013  00:55:39       14.6780E+03      1/  1    252
      08/01/2013  00:55:47       21.5443E+03      1/  1    277
      08/01/2013  00:55:56       31.6228E+03      1/  1    296
      08/01/2013  00:56:02       46.4159E+03      1/  1    166
      08/01/2013  00:56:21       68.1292E+03      1/  1    273
      08/01/2013  00:56:40      100.0000E+03      1/  1    206

  Line 10101    Magnetic dipole Rx    Survey azimuth =   0 degrees    Units = nanoteslas    Plot point: Rx

         Z : Vertical Component Model Output for Line 10101
         ----------------------------------------------

          RECEIVER POSITIONS            CHNL 1       CHNL 2       CHNL 3       CHNL 4       CHNL 5       CHNL 6       CHNL 7       CHNL 8       CHNL 9      CHNL 10      CHNL 11      CHNL 12 
        Easting    Northing     Elev    3.000        4.000        4.900        5.100        5.200        5.300        5.500        6.000        7.000        8.000        10.00        13.00    

  1       507.5       300.0      0.0   0.1550       0.2269E-01   0.7392E-02   0.6095E-02   0.5556E-02   0.5085E-02   0.4327E-02   0.3108E-02   0.1702E-02   0.8923E-03   0.2696E-03   0.1345E-03
  2       507.5       320.0      0.0   0.1546       0.2198E-01   0.7535E-02   0.6315E-02   0.5794E-02   0.5326E-02   0.4536E-02   0.3133E-02   0.1507E-02   0.8141E-03   0.3369E-03   0.1191E-03
  3       507.5       340.0      0.0   0.1488       0.2220E-01   0.7316E-02   0.6090E-02   0.5566E-02   0.5096E-02   0.4307E-02   0.2947E-02   0.1448E-02   0.8330E-03   0.3726E-03   0.1089E-03
  4       507.5       360.0      0.0   0.1430       0.2183E-01   0.7371E-02   0.6162E-02   0.5640E-02   0.5168E-02   0.4369E-02   0.2967E-02   0.1413E-02   0.8068E-03   0.3758E-03   0.1093E-03
  5       507.5       400.0      0.0   0.1258       0.2150E-01   0.7013E-02   0.5688E-02   0.5141E-02   0.4665E-02   0.3912E-02   0.2743E-02   0.1491E-02   0.8615E-03   0.3521E-03   0.1122E-03
  6       507.5       420.0      0.0   0.1171       0.2086E-01   0.7006E-02   0.5707E-02   0.5168E-02   0.4697E-02   0.3943E-02   0.2747E-02   0.1450E-02   0.8317E-03   0.3524E-03   0.1139E-03
  7       507.5       440.0      0.0   0.1065       0.2004E-01   0.6832E-02   0.5608E-02   0.5096E-02   0.4645E-02   0.3913E-02   0.2724E-02   0.1429E-02   0.8236E-03   0.3528E-03   0.1140E-03
  8       507.5       460.0      0.0   0.9851E-01   0.1942E-01   0.6758E-02   0.5568E-02   0.5068E-02   0.4625E-02   0.3901E-02   0.2707E-02   0.1401E-02   0.8065E-03   0.3530E-03   0.1136E-03
  9       507.5       480.0      0.0   0.8703E-01   0.1872E-01   0.6532E-02   0.5335E-02   0.4838E-02   0.4404E-02   0.3708E-02   0.2600E-02   0.1402E-02   0.8157E-03   0.3496E-03   0.1132E-03
 10       507.5       500.0      0.0   0.7759E-01   0.1794E-01   0.6389E-02   0.5218E-02   0.4734E-02   0.4310E-02   0.3632E-02   0.2553E-02   0.1384E-02   0.8069E-03   0.3473E-03   0.1113E-03
 11       507.5       520.0      0.0   0.6840E-01   0.1709E-01   0.6223E-02   0.5096E-02   0.4629E-02   0.4220E-02   0.3564E-02   0.2510E-02   0.1362E-02   0.7941E-03   0.3440E-03   0.1122E-03
 12       507.5       540.0      0.0   0.5763E-01   0.1596E-01   0.6045E-02   0.4979E-02   0.4535E-02   0.4144E-02   0.3510E-02   0.2470E-02   0.1323E-02   0.7718E-03   0.3445E-03   0.1127E-03
 13       507.5       560.0      0.0   0.5036E-01   0.1520E-01   0.5883E-02   0.4859E-02   0.4431E-02   0.4054E-02   0.3440E-02   0.2427E-02   0.1304E-02   0.7624E-03   0.3413E-03   0.1115E-03
 14       507.5       580.0      0.0   0.4046E-01   0.1410E-01   0.5635E-02   0.4664E-02   0.4258E-02   0.3901E-02   0.3319E-02   0.2359E-02   0.1286E-02   0.7533E-03   0.3360E-03   0.1107E-03
 15       507.5       600.0      0.0   0.3292E-01   0.1313E-01   0.5417E-02   0.4506E-02   0.4123E-02   0.3785E-02   0.3230E-02   0.2306E-02   0.1263E-02   0.7423E-03   0.3324E-03   0.1095E-03
 16       507.5       620.0      0.0   0.2583E-01   0.1221E-01   0.5194E-02   0.4339E-02   0.3978E-02   0.3658E-02   0.3131E-02   0.2246E-02   0.1239E-02   0.7303E-03   0.3279E-03   0.1088E-03
 17       507.5       640.0      0.0   0.1790E-01   0.1111E-01   0.4896E-02   0.4099E-02   0.3763E-02   0.3464E-02   0.2974E-02   0.2156E-02   0.1217E-02   0.7222E-03   0.3223E-03   0.1086E-03
 18       507.5       660.0      0.0   0.1301E-01   0.1035E-01   0.4707E-02   0.3956E-02   0.3637E-02   0.3354E-02   0.2886E-02   0.2100E-02   0.1193E-02   0.7103E-03   0.3186E-03   0.1073E-03
 19       507.5       680.0      0.0   0.6416E-02   0.9273E-02   0.4424E-02   0.3730E-02   0.3435E-02   0.3171E-02   0.2736E-02   0.2007E-02   0.1158E-02   0.6942E-03   0.3149E-03   0.1064E-03
 20       507.5       700.0      0.0   0.1750E-02   0.8412E-02   0.4194E-02   0.3549E-02   0.3273E-02   0.3026E-02   0.2617E-02   0.1933E-02   0.1126E-02   0.6793E-03   0.3112E-03   0.1053E-03

         X : Radial Component Model Output for Line 10101
         --------------------------------------------

          RECEIVER POSITIONS            CHNL 1       CHNL 2       CHNL 3       CHNL 4       CHNL 5       CHNL 6       CHNL 7       CHNL 8       CHNL 9      CHNL 10      CHNL 11      CHNL 12 
        Easting    Northing     Elev    3.000        4.000        4.900        5.100        5.200        5.300        5.500        6.000        7.000        8.000        10.00        13.00    

  1       507.5       300.0      0.0  -0.3021E-01  -0.2735E-02  -0.6906E-04   0.1588E-04   0.3536E-04   0.4032E-04   0.1171E-04  -0.1477E-03  -0.3162E-03  -0.1265E-03   0.9944E-04  -0.2356E-04
  2       507.5       320.0      0.0  -0.4032E-01  -0.3219E-02  -0.1114E-02  -0.8425E-03  -0.7325E-03  -0.6368E-03  -0.4797E-03  -0.2007E-03   0.7466E-04   0.2571E-04  -0.6720E-04   0.3520E-04
  3       507.5       340.0      0.0  -0.5066E-01  -0.3964E-02  -0.9538E-03  -0.8862E-03  -0.8513E-03  -0.8145E-03  -0.7344E-03  -0.5289E-03  -0.2411E-03  -0.8159E-04   0.3601E-04  -0.2141E-05
  4       507.5       360.0      0.0  -0.5886E-01  -0.4727E-02  -0.1235E-02  -0.1142E-02  -0.1093E-02  -0.1042E-02  -0.9303E-03  -0.6481E-03  -0.2658E-03  -0.9224E-04   0.2406E-04  -0.3957E-05
  5       507.5       400.0      0.0  -0.7225E-01  -0.6648E-02  -0.1955E-02  -0.1671E-02  -0.1540E-02  -0.1416E-02  -0.1186E-02  -0.7139E-03  -0.1850E-03  -0.9074E-04  -0.6216E-04   0.1590E-04
  6       507.5       420.0      0.0  -0.7796E-01  -0.6948E-02  -0.2112E-02  -0.1976E-02  -0.1888E-02  -0.1785E-02  -0.1546E-02  -0.9327E-03  -0.2066E-03  -0.9302E-04  -0.6489E-04   0.1156E-04
  7       507.5       440.0      0.0  -0.8247E-01  -0.7848E-02  -0.2310E-02  -0.2071E-02  -0.1952E-02  -0.1832E-02  -0.1588E-02  -0.1028E-02  -0.3372E-03  -0.1368E-03  -0.3298E-04  -0.1527E-05
  8       507.5       460.0      0.0  -0.8527E-01  -0.8617E-02  -0.2507E-02  -0.2220E-02  -0.2081E-02  -0.1944E-02  -0.1676E-02  -0.1086E-02  -0.3751E-03  -0.1608E-03  -0.4069E-04  -0.2599E-05
  9       507.5       480.0      0.0  -0.8582E-01  -0.1008E-01  -0.2520E-02  -0.2020E-02  -0.1816E-02  -0.1639E-02  -0.1359E-02  -0.9218E-03  -0.4671E-03  -0.2387E-03  -0.4405E-04  -0.4142E-05
 10       507.5       500.0      0.0  -0.8771E-01  -0.1056E-01  -0.2779E-02  -0.2280E-02  -0.2068E-02  -0.1879E-02  -0.1561E-02  -0.1012E-02  -0.4354E-03  -0.2268E-03  -0.6832E-04  -0.2526E-05
 11       507.5       520.0      0.0  -0.8703E-01  -0.1102E-01  -0.2919E-02  -0.2385E-02  -0.2160E-02  -0.1961E-02  -0.1628E-02  -0.1062E-02  -0.4728E-03  -0.2509E-03  -0.7530E-04  -0.2660E-05
 12       507.5       540.0      0.0  -0.8649E-01  -0.1145E-01  -0.3159E-02  -0.2599E-02  -0.2361E-02  -0.2147E-02  -0.1786E-02  -0.1152E-02  -0.4835E-03  -0.2499E-03  -0.8134E-04  -0.4816E-05
 13       507.5       560.0      0.0  -0.8474E-01  -0.1187E-01  -0.3287E-02  -0.2673E-02  -0.2417E-02  -0.2191E-02  -0.1818E-02  -0.1186E-02  -0.5265E-03  -0.2718E-03  -0.8175E-04  -0.8414E-05
 14       507.5       580.0      0.0  -0.8209E-01  -0.1202E-01  -0.3403E-02  -0.2797E-02  -0.2542E-02  -0.2315E-02  -0.1934E-02  -0.1269E-02  -0.5608E-03  -0.2826E-03  -0.7926E-04  -0.1354E-04
 15       507.5       600.0      0.0  -0.7966E-01  -0.1228E-01  -0.3540E-02  -0.2907E-02  -0.2641E-02  -0.2404E-02  -0.2009E-02  -0.1317E-02  -0.5831E-03  -0.2952E-03  -0.8708E-04  -0.1628E-04
 16       507.5       620.0      0.0  -0.7576E-01  -0.1235E-01  -0.3636E-02  -0.2984E-02  -0.2710E-02  -0.2467E-02  -0.2061E-02  -0.1350E-02  -0.5974E-03  -0.3052E-03  -0.9518E-04  -0.1739E-04
 17       507.5       640.0      0.0  -0.7251E-01  -0.1242E-01  -0.3734E-02  -0.3084E-02  -0.2810E-02  -0.2564E-02  -0.2147E-02  -0.1403E-02  -0.6130E-03  -0.3151E-03  -0.1029E-03  -0.1819E-04
 18       507.5       660.0      0.0  -0.6818E-01  -0.1255E-01  -0.3815E-02  -0.3126E-02  -0.2837E-02  -0.2581E-02  -0.2153E-02  -0.1410E-02  -0.6343E-03  -0.3309E-03  -0.1098E-03  -0.1868E-04
 19       507.5       680.0      0.0  -0.6354E-01  -0.1244E-01  -0.3858E-02  -0.3162E-02  -0.2870E-02  -0.2612E-02  -0.2179E-02  -0.1431E-02  -0.6517E-03  -0.3453E-03  -0.1183E-03  -0.1803E-04
 20       507.5       700.0      0.0  -0.5948E-01  -0.1237E-01  -0.3918E-02  -0.3221E-02  -0.2928E-02  -0.2667E-02  -0.2230E-02  -0.1469E-02  -0.6731E-03  -0.3561E-03  -0.1217E-03  -0.2035E-04

         Y : Tangential Component Model Output for Line 10101
         ------------------------------------------------

          RECEIVER POSITIONS            CHNL 1       CHNL 2       CHNL 3       CHNL 4       CHNL 5       CHNL 6       CHNL 7       CHNL 8       CHNL 9      CHNL 10      CHNL 11      CHNL 12 
        Easting    Northing     Elev    3.000        4.000        4.900        5.100        5.200        5.300        5.500        6.000        7.000        8.000        10.00        13.00    

  1       507.5       300.0      0.0  -0.3557E-02  -0.3249E-03  -0.8732E-04  -0.6906E-04  -0.6156E-04  -0.5505E-04  -0.4473E-04  -0.2867E-04  -0.1203E-04  -0.5490E-05  -0.1948E-05  -0.6485E-06
  2       507.5       320.0      0.0  -0.3220E-02  -0.3061E-03  -0.8528E-04  -0.6778E-04  -0.6053E-04  -0.5419E-04  -0.4403E-04  -0.2790E-04  -0.1108E-04  -0.4940E-05  -0.1985E-05  -0.6550E-06
  3       507.5       340.0      0.0  -0.3144E-02  -0.3020E-03  -0.8410E-04  -0.6671E-04  -0.5952E-04  -0.5325E-04  -0.4331E-04  -0.2788E-04  -0.1164E-04  -0.5251E-05  -0.1915E-05  -0.6625E-06
  4       507.5       360.0      0.0  -0.3047E-02  -0.2980E-03  -0.8216E-04  -0.6469E-04  -0.5751E-04  -0.5130E-04  -0.4159E-04  -0.2710E-04  -0.1194E-04  -0.5519E-05  -0.1896E-05  -0.6539E-06
  5       507.5       400.0      0.0  -0.2870E-02  -0.2945E-03  -0.8150E-04  -0.6364E-04  -0.5634E-04  -0.5008E-04  -0.4045E-04  -0.2665E-04  -0.1218E-04  -0.5668E-05  -0.1868E-05  -0.6857E-06
  6       507.5       420.0      0.0  -0.2755E-02  -0.2905E-03  -0.8076E-04  -0.6305E-04  -0.5582E-04  -0.4961E-04  -0.4009E-04  -0.2645E-04  -0.1213E-04  -0.5720E-05  -0.1931E-05  -0.6701E-06
  7       507.5       440.0      0.0  -0.2664E-02  -0.2905E-03  -0.8113E-04  -0.6310E-04  -0.5577E-04  -0.4950E-04  -0.3995E-04  -0.2647E-04  -0.1233E-04  -0.5860E-05  -0.1960E-05  -0.6786E-06
  8       507.5       460.0      0.0  -0.2542E-02  -0.2855E-03  -0.8016E-04  -0.6248E-04  -0.5529E-04  -0.4914E-04  -0.3973E-04  -0.2629E-04  -0.1216E-04  -0.5873E-05  -0.2055E-05  -0.6589E-06
  9       507.5       480.0      0.0  -0.2405E-02  -0.2790E-03  -0.8011E-04  -0.6310E-04  -0.5613E-04  -0.5013E-04  -0.4081E-04  -0.2693E-04  -0.1203E-04  -0.5768E-05  -0.2085E-05  -0.6645E-06
 10       507.5       500.0      0.0  -0.2285E-02  -0.2744E-03  -0.7962E-04  -0.6292E-04  -0.5608E-04  -0.5018E-04  -0.4096E-04  -0.2696E-04  -0.1191E-04  -0.5783E-05  -0.2183E-05  -0.6577E-06
 11       507.5       520.0      0.0  -0.2128E-02  -0.2667E-03  -0.7824E-04  -0.6207E-04  -0.5544E-04  -0.4972E-04  -0.4071E-04  -0.2678E-04  -0.1177E-04  -0.5766E-05  -0.2211E-05  -0.6508E-06
 12       507.5       540.0      0.0  -0.1995E-02  -0.2621E-03  -0.7791E-04  -0.6200E-04  -0.5549E-04  -0.4986E-04  -0.4096E-04  -0.2699E-04  -0.1187E-04  -0.5845E-05  -0.2225E-05  -0.6523E-06
 13       507.5       560.0      0.0  -0.1842E-02  -0.2537E-03  -0.7605E-04  -0.6061E-04  -0.5430E-04  -0.4884E-04  -0.4018E-04  -0.2642E-04  -0.1161E-04  -0.5809E-05  -0.2284E-05  -0.6381E-06
 14       507.5       580.0      0.0  -0.1684E-02  -0.2471E-03  -0.7482E-04  -0.5962E-04  -0.5342E-04  -0.4807E-04  -0.3959E-04  -0.2612E-04  -0.1171E-04  -0.5902E-05  -0.2259E-05  -0.6437E-06
 15       507.5       600.0      0.0  -0.1548E-02  -0.2410E-03  -0.7327E-04  -0.5824E-04  -0.5214E-04  -0.4689E-04  -0.3862E-04  -0.2557E-04  -0.1175E-04  -0.5999E-05  -0.2254E-05  -0.6438E-06
 16       507.5       620.0      0.0  -0.1396E-02  -0.2323E-03  -0.7118E-04  -0.5646E-04  -0.5052E-04  -0.4541E-04  -0.3739E-04  -0.2485E-04  -0.1169E-04  -0.6031E-05  -0.2222E-05  -0.6395E-06
 17       507.5       640.0      0.0  -0.1267E-02  -0.2265E-03  -0.7007E-04  -0.5552E-04  -0.4965E-04  -0.4461E-04  -0.3673E-04  -0.2452E-04  -0.1182E-04  -0.6122E-05  -0.2187E-05  -0.6504E-06
 18       507.5       660.0      0.0  -0.1135E-02  -0.2173E-03  -0.6776E-04  -0.5355E-04  -0.4783E-04  -0.4293E-04  -0.3531E-04  -0.2362E-04  -0.1161E-04  -0.6077E-05  -0.2159E-05  -0.6395E-06
 19       507.5       680.0      0.0  -0.1007E-02  -0.2076E-03  -0.6628E-04  -0.5266E-04  -0.4716E-04  -0.4243E-04  -0.3501E-04  -0.2348E-04  -0.1157E-04  -0.6029E-05  -0.2109E-05  -0.6455E-06
 20       507.5       700.0      0.0  -0.9009E-03  -0.1988E-03  -0.6467E-04  -0.5154E-04  -0.4621E-04  -0.4162E-04  -0.3439E-04  -0.2310E-04  -0.1142E-04  -0.5942E-05  -0.2068E-05  -0.6452E-06

  Line 10102    Magnetic dipole Rx    Survey azimuth =   0 degrees    Units = nanoteslas    Plot point: Rx

         Z : Vertical Component Model Output for Line 10102
         ----------------------------------------------

          RECEIVER POSITIONS            CHNL 1       CHNL 2       CHNL 3       CHNL 4       CHNL 5       CHNL 6       CHNL 7       CHNL 8       CHNL 9      CHNL 10      CHNL 11      CHNL 12 
        Easting    Northing     Elev    3.000        4.000        4.900        5.100        5.200        5.300        5.500        6.000        7.000        8.000        10.00        13.00    

  1       507.5       500.0      0.0   0.7759E-01   0.1794E-01   0.6389E-02   0.5218E-02   0.4734E-02   0.4310E-02   0.3632E-02   0.2553E-02   0.1384E-02   0.8069E-03   0.3473E-03   0.1113E-03
  2       507.5       500.0    -10.0   0.8063E-01   0.1854E-01   0.6581E-02   0.5376E-02   0.4877E-02   0.4440E-02   0.3740E-02   0.2623E-02   0.1413E-02   0.8208E-03   0.3527E-03   0.1135E-03
  3       507.5       500.0    -20.0   0.8349E-01   0.1915E-01   0.6769E-02   0.5517E-02   0.4999E-02   0.4548E-02   0.3826E-02   0.2682E-02   0.1444E-02   0.8375E-03   0.3587E-03   0.1151E-03
  4       507.5       500.0    -30.0   0.8606E-01   0.1972E-01   0.6941E-02   0.5642E-02   0.5107E-02   0.4641E-02   0.3900E-02   0.2732E-02   0.1474E-02   0.8539E-03   0.3648E-03   0.1163E-03
  5       507.5       500.0    -40.0   0.8855E-01   0.2025E-01   0.7110E-02   0.5779E-02   0.5230E-02   0.4753E-02   0.3993E-02   0.2794E-02   0.1501E-02   0.8675E-03   0.3694E-03   0.1180E-03
  6       507.5       500.0    -50.0   0.9074E-01   0.2074E-01   0.7266E-02   0.5903E-02   0.5341E-02   0.4853E-02   0.4075E-02   0.2847E-02   0.1526E-02   0.8799E-03   0.3744E-03   0.1200E-03
  7       507.5       500.0    -60.0   0.9277E-01   0.2123E-01   0.7420E-02   0.6025E-02   0.5451E-02   0.4951E-02   0.4156E-02   0.2899E-02   0.1548E-02   0.8917E-03   0.3796E-03   0.1218E-03
  8       507.5       500.0    -70.0   0.9450E-01   0.2166E-01   0.7554E-02   0.6132E-02   0.5547E-02   0.5037E-02   0.4226E-02   0.2944E-02   0.1570E-02   0.9030E-03   0.3842E-03   0.1235E-03
  9       507.5       500.0    -80.0   0.9620E-01   0.2204E-01   0.7682E-02   0.6254E-02   0.5664E-02   0.5149E-02   0.4324E-02   0.3004E-02   0.1587E-02   0.9111E-03   0.3887E-03   0.1258E-03
 10       507.5       500.0    -90.0   0.9753E-01   0.2239E-01   0.7801E-02   0.6358E-02   0.5761E-02   0.5240E-02   0.4401E-02   0.3053E-02   0.1604E-02   0.9201E-03   0.3935E-03   0.1274E-03
 11       507.5       500.0   -100.0   0.9869E-01   0.2277E-01   0.7885E-02   0.6414E-02   0.5808E-02   0.5280E-02   0.4434E-02   0.3082E-02   0.1635E-02   0.9380E-03   0.3952E-03   0.1293E-03
 12       507.5       500.0   -110.0   0.9955E-01   0.2307E-01   0.7983E-02   0.6491E-02   0.5876E-02   0.5341E-02   0.4484E-02   0.3114E-02   0.1649E-02   0.9455E-03   0.3985E-03   0.1301E-03
 13       507.5       500.0   -120.0   0.1002       0.2338E-01   0.8073E-02   0.6562E-02   0.5939E-02   0.5397E-02   0.4530E-02   0.3145E-02   0.1666E-02   0.9546E-03   0.4008E-03   0.1314E-03
 14       507.5       500.0   -130.0   0.1006       0.2360E-01   0.8152E-02   0.6631E-02   0.6004E-02   0.5458E-02   0.4582E-02   0.3177E-02   0.1678E-02   0.9618E-03   0.4041E-03   0.1317E-03
 15       507.5       500.0   -140.0   0.1009       0.2383E-01   0.8227E-02   0.6698E-02   0.6067E-02   0.5517E-02   0.4633E-02   0.3209E-02   0.1691E-02   0.9680E-03   0.4058E-03   0.1329E-03
 16       507.5       500.0   -150.0   0.1009       0.2400E-01   0.8286E-02   0.6747E-02   0.6113E-02   0.5559E-02   0.4668E-02   0.3231E-02   0.1701E-02   0.9738E-03   0.4078E-03   0.1332E-03
 17       507.5       500.0   -160.0   0.1007       0.2417E-01   0.8343E-02   0.6789E-02   0.6149E-02   0.5591E-02   0.4694E-02   0.3248E-02   0.1711E-02   0.9805E-03   0.4104E-03   0.1330E-03
 18       507.5       500.0   -170.0   0.1003       0.2420E-01   0.8406E-02   0.6860E-02   0.6221E-02   0.5662E-02   0.4758E-02   0.3285E-02   0.1711E-02   0.9778E-03   0.4122E-03   0.1335E-03
 19       507.5       500.0   -180.0   0.9977E-01   0.2430E-01   0.8449E-02   0.6894E-02   0.6251E-02   0.5689E-02   0.4781E-02   0.3300E-02   0.1719E-02   0.9818E-03   0.4136E-03   0.1338E-03
 20       507.5       500.0   -190.0   0.9897E-01   0.2435E-01   0.8472E-02   0.6914E-02   0.6270E-02   0.5707E-02   0.4796E-02   0.3310E-02   0.1725E-02   0.9853E-03   0.4147E-03   0.1340E-03
 21       507.5       500.0   -200.0   0.9805E-01   0.2438E-01   0.8486E-02   0.6928E-02   0.6284E-02   0.5720E-02   0.4809E-02   0.3318E-02   0.1730E-02   0.9891E-03   0.4152E-03   0.1337E-03
 22       507.5       500.0   -210.0   0.9689E-01   0.2438E-01   0.8490E-02   0.6931E-02   0.6286E-02   0.5722E-02   0.4810E-02   0.3319E-02   0.1733E-02   0.9912E-03   0.4155E-03   0.1340E-03

         X : Radial Component Model Output for Line 10102
         --------------------------------------------

          RECEIVER POSITIONS            CHNL 1       CHNL 2       CHNL 3       CHNL 4       CHNL 5       CHNL 6       CHNL 7       CHNL 8       CHNL 9      CHNL 10      CHNL 11      CHNL 12 
        Easting    Northing     Elev    3.000        4.000        4.900        5.100        5.200        5.300        5.500        6.000        7.000        8.000        10.00        13.00    

  1       507.5       500.0      0.0  -0.8771E-01  -0.1056E-01  -0.2779E-02  -0.2280E-02  -0.2068E-02  -0.1879E-02  -0.1561E-02  -0.1012E-02  -0.4354E-03  -0.2268E-03  -0.6832E-04  -0.2526E-05
  2       507.5       500.0    -10.0  -0.8143E-01  -0.1005E-01  -0.2615E-02  -0.2126E-02  -0.1923E-02  -0.1743E-02  -0.1449E-02  -0.9542E-03  -0.4395E-03  -0.2349E-03  -0.6682E-04  -0.2199E-05
  3       507.5       500.0    -20.0  -0.7761E-01  -0.9769E-02  -0.2624E-02  -0.2134E-02  -0.1930E-02  -0.1750E-02  -0.1454E-02  -0.9520E-03  -0.4186E-03  -0.2130E-03  -0.6033E-04  -0.4635E-05
  4       507.5       500.0    -30.0  -0.7436E-01  -0.9550E-02  -0.2530E-02  -0.2055E-02  -0.1859E-02  -0.1687E-02  -0.1404E-02  -0.9255E-03  -0.4170E-03  -0.2098E-03  -0.5330E-04  -0.8145E-05
  5       507.5       500.0    -40.0  -0.6783E-01  -0.8970E-02  -0.2410E-02  -0.1964E-02  -0.1778E-02  -0.1614E-02  -0.1343E-02  -0.8695E-03  -0.3728E-03  -0.1984E-03  -0.6598E-04  -0.3344E-05
  6       507.5       500.0    -50.0  -0.6078E-01  -0.8536E-02  -0.2294E-02  -0.1852E-02  -0.1672E-02  -0.1515E-02  -0.1258E-02  -0.8228E-03  -0.3659E-03  -0.1881E-03  -0.5341E-04  -0.7008E-05
  7       507.5       500.0    -60.0  -0.5652E-01  -0.8472E-02  -0.2213E-02  -0.1741E-02  -0.1553E-02  -0.1391E-02  -0.1138E-02  -0.7387E-03  -0.3453E-03  -0.1835E-03  -0.5541E-04  -0.8499E-05
  8       507.5       500.0    -70.0  -0.5257E-01  -0.8215E-02  -0.2170E-02  -0.1695E-02  -0.1506E-02  -0.1346E-02  -0.1096E-02  -0.7071E-03  -0.3273E-03  -0.1730E-03  -0.5305E-04  -0.6591E-05
  9       507.5       500.0    -80.0  -0.4520E-01  -0.7521E-02  -0.2071E-02  -0.1639E-02  -0.1466E-02  -0.1318E-02  -0.1081E-02  -0.6919E-03  -0.2998E-03  -0.1552E-03  -0.5154E-04  -0.6731E-05
 10       507.5       500.0    -90.0  -0.3788E-01  -0.6890E-02  -0.1903E-02  -0.1504E-02  -0.1346E-02  -0.1211E-02  -0.9966E-03  -0.6440E-03  -0.2893E-03  -0.1518E-03  -0.4777E-04  -0.7013E-05
 11       507.5       500.0   -100.0  -0.3411E-01  -0.6372E-02  -0.1823E-02  -0.1477E-02  -0.1337E-02  -0.1215E-02  -0.1014E-02  -0.6509E-03  -0.2694E-03  -0.1386E-03  -0.4653E-04  -0.6378E-05
 12       507.5       500.0   -110.0  -0.3001E-01  -0.6137E-02  -0.1732E-02  -0.1355E-02  -0.1209E-02  -0.1086E-02  -0.8936E-03  -0.5788E-03  -0.2602E-03  -0.1358E-03  -0.4385E-04  -0.7161E-05
 13       507.5       500.0   -120.0  -0.2268E-01  -0.5500E-02  -0.1549E-02  -0.1198E-02  -0.1065E-02  -0.9554E-03  -0.7886E-03  -0.5235E-03  -0.2595E-03  -0.1404E-03  -0.4091E-04  -0.5945E-05
 14       507.5       500.0   -130.0  -0.1553E-01  -0.4909E-02  -0.1341E-02  -0.1016E-02  -0.8964E-03  -0.8003E-03  -0.6616E-03  -0.4570E-03  -0.2605E-03  -0.1409E-03  -0.3125E-04  -0.1059E-04
 15       507.5       500.0   -140.0  -0.1193E-01  -0.4566E-02  -0.1246E-02  -0.9371E-03  -0.8251E-03  -0.7357E-03  -0.6083E-03  -0.4231E-03  -0.2480E-03  -0.1344E-03  -0.2789E-04  -0.1005E-04
 16       507.5       500.0   -150.0  -0.8325E-02  -0.4187E-02  -0.1130E-02  -0.8380E-03  -0.7327E-03  -0.6490E-03  -0.5302E-03  -0.3585E-03  -0.2112E-03  -0.1279E-03  -0.4093E-04  -0.7571E-05
 17       507.5       500.0   -160.0  -0.1800E-02  -0.3294E-02  -0.1041E-02  -0.8328E-03  -0.7549E-03  -0.6894E-03  -0.5827E-03  -0.3763E-03  -0.1670E-03  -0.9865E-04  -0.4023E-04  -0.4332E-05
 18       507.5       500.0   -170.0   0.4740E-02  -0.2618E-02  -0.9108E-03  -0.7442E-03  -0.6818E-03  -0.6287E-03  -0.5381E-03  -0.3454E-03  -0.1459E-03  -0.8757E-04  -0.3947E-04  -0.5035E-05
 19       507.5       500.0   -180.0   0.7675E-02  -0.2256E-02  -0.8069E-03  -0.6602E-03  -0.6063E-03  -0.5607E-03  -0.4824E-03  -0.3113E-03  -0.1351E-03  -0.8283E-04  -0.3719E-04  -0.5156E-05
 20       507.5       500.0   -190.0   0.1082E-01  -0.1862E-02  -0.7137E-03  -0.5873E-03  -0.5414E-03  -0.5024E-03  -0.4341E-03  -0.2768E-03  -0.1159E-03  -0.7454E-04  -0.3839E-04  -0.5564E-05
 21       507.5       500.0   -200.0   0.1657E-01  -0.1223E-02  -0.5440E-03  -0.4552E-03  -0.4257E-03  -0.4017E-03  -0.3593E-03  -0.2486E-03  -0.1306E-03  -0.8242E-04  -0.3065E-04  -0.5824E-05
 22       507.5       500.0   -210.0   0.2207E-01  -0.6273E-03  -0.4079E-03  -0.3499E-03  -0.3328E-03  -0.3195E-03  -0.2945E-03  -0.2131E-03  -0.1242E-03  -0.8019E-04  -0.2842E-04  -0.6123E-05

         Y : Tangential Component Model Output for Line 10102
         ------------------------------------------------

          RECEIVER POSITIONS            CHNL 1       CHNL 2       CHNL 3       CHNL 4       CHNL 5       CHNL 6       CHNL 7       CHNL 8       CHNL 9      CHNL 10      CHNL 11      CHNL 12 
        Easting    Northing     Elev    3.000        4.000        4.900        5.100        5.200        5.300        5.500        6.000        7.000        8.000        10.00        13.00    

  1       507.5       500.0      0.0  -0.2285E-02  -0.2744E-03  -0.7962E-04  -0.6292E-04  -0.5608E-04  -0.5018E-04  -0.4096E-04  -0.2696E-04  -0.1191E-04  -0.5783E-05  -0.2183E-05  -0.6577E-06
  2       507.5       500.0    -10.0  -0.2118E-02  -0.2601E-03  -0.7575E-04  -0.6001E-04  -0.5357E-04  -0.4800E-04  -0.3926E-04  -0.2581E-04  -0.1130E-04  -0.5474E-05  -0.2058E-05  -0.6284E-06
  3       507.5       500.0    -20.0  -0.2016E-02  -0.2510E-03  -0.7321E-04  -0.5806E-04  -0.5186E-04  -0.4650E-04  -0.3807E-04  -0.2499E-04  -0.1087E-04  -0.5276E-05  -0.2004E-05  -0.6039E-06
  4       507.5       500.0    -30.0  -0.1923E-02  -0.2430E-03  -0.7088E-04  -0.5627E-04  -0.5030E-04  -0.4514E-04  -0.3700E-04  -0.2429E-04  -0.1052E-04  -0.5105E-05  -0.1928E-05  -0.5814E-06
  5       507.5       500.0    -40.0  -0.1740E-02  -0.2279E-03  -0.6667E-04  -0.5294E-04  -0.4734E-04  -0.4252E-04  -0.3490E-04  -0.2290E-04  -0.9917E-05  -0.4827E-05  -0.1818E-05  -0.5516E-06
  6       507.5       500.0    -50.0  -0.1553E-02  -0.2126E-03  -0.6240E-04  -0.4953E-04  -0.4432E-04  -0.3982E-04  -0.3272E-04  -0.2147E-04  -0.9302E-05  -0.4548E-05  -0.1704E-05  -0.5156E-06
  7       507.5       500.0    -60.0  -0.1445E-02  -0.2034E-03  -0.5968E-04  -0.4738E-04  -0.4240E-04  -0.3812E-04  -0.3135E-04  -0.2054E-04  -0.8856E-05  -0.4339E-05  -0.1631E-05  -0.4946E-06
  8       507.5       500.0    -70.0  -0.1341E-02  -0.1948E-03  -0.5711E-04  -0.4532E-04  -0.4056E-04  -0.3647E-04  -0.3002E-04  -0.1966E-04  -0.8472E-05  -0.4163E-05  -0.1557E-05  -0.4722E-06
  9       507.5       500.0    -80.0  -0.1145E-02  -0.1783E-03  -0.5243E-04  -0.4161E-04  -0.3728E-04  -0.3356E-04  -0.2768E-04  -0.1811E-04  -0.7814E-05  -0.3866E-05  -0.1433E-05  -0.4409E-06
 10       507.5       500.0    -90.0  -0.9479E-03  -0.1614E-03  -0.4771E-04  -0.3793E-04  -0.3403E-04  -0.3069E-04  -0.2538E-04  -0.1657E-04  -0.7125E-05  -0.3552E-05  -0.1315E-05  -0.4082E-06
 11       507.5       500.0   -100.0  -0.8412E-03  -0.1519E-03  -0.4475E-04  -0.3553E-04  -0.3187E-04  -0.2875E-04  -0.2380E-04  -0.1552E-04  -0.6704E-05  -0.3370E-05  -0.1236E-05  -0.3831E-06
 12       507.5       500.0   -110.0  -0.7355E-03  -0.1425E-03  -0.4188E-04  -0.3322E-04  -0.2981E-04  -0.2690E-04  -0.2229E-04  -0.1455E-04  -0.6331E-05  -0.3208E-05  -0.1155E-05  -0.3598E-06
 13       507.5       500.0   -120.0  -0.5409E-03  -0.1251E-03  -0.3693E-04  -0.2930E-04  -0.2632E-04  -0.2379E-04  -0.1977E-04  -0.1286E-04  -0.5603E-05  -0.2883E-05  -0.1038E-05  -0.3227E-06
 14       507.5       500.0   -130.0  -0.3481E-03  -0.1074E-03  -0.3187E-04  -0.2530E-04  -0.2277E-04  -0.2062E-04  -0.1719E-04  -0.1115E-04  -0.4900E-05  -0.2574E-05  -0.9162E-06  -0.2854E-06
 15       507.5       500.0   -140.0  -0.2511E-03  -0.9713E-04  -0.2889E-04  -0.2298E-04  -0.2072E-04  -0.1880E-04  -0.1573E-04  -0.1016E-04  -0.4434E-05  -0.2353E-05  -0.8390E-06  -0.2604E-06
 16       507.5       500.0   -150.0  -0.1525E-03  -0.8725E-04  -0.2589E-04  -0.2058E-04  -0.1857E-04  -0.1688E-04  -0.1416E-04  -0.9134E-05  -0.4032E-05  -0.2177E-05  -0.7606E-06  -0.2360E-06
 17       507.5       500.0   -160.0   0.2729E-04  -0.6876E-04  -0.2080E-04  -0.1667E-04  -0.1513E-04  -0.1383E-04  -0.1170E-04  -0.7477E-05  -0.3268E-05  -0.1815E-05  -0.6339E-06  -0.1975E-06
 18       507.5       500.0   -170.0   0.2028E-03  -0.5030E-04  -0.1564E-04  -0.1265E-04  -0.1158E-04  -0.1067E-04  -0.9139E-05  -0.5765E-05  -0.2517E-05  -0.1463E-05  -0.5077E-06  -0.1637E-06
 19       507.5       500.0   -180.0   0.2836E-03  -0.3980E-04  -0.1260E-04  -0.1028E-04  -0.9468E-05  -0.8796E-05  -0.7613E-05  -0.4762E-05  -0.2077E-05  -0.1246E-05  -0.4194E-06  -0.1361E-06
 20       507.5       500.0   -190.0   0.3681E-03  -0.2973E-04  -0.9662E-05  -0.7944E-05  -0.7383E-05  -0.6925E-05  -0.6075E-05  -0.3737E-05  -0.1631E-05  -0.1039E-05  -0.3491E-06  -0.1109E-06
 21       507.5       500.0   -200.0   0.5236E-03  -0.1120E-04  -0.4449E-05  -0.3835E-05  -0.3720E-05  -0.3642E-05  -0.3387E-05  -0.1978E-05  -0.9013E-06  -0.6783E-06  -0.2004E-06  -0.7697E-07
 22       507.5       500.0   -210.0   0.6727E-03   0.7487E-05   0.7428E-06   0.1992E-06  -0.1424E-06  -0.4506E-06  -0.7822E-06  -0.2532E-06  -0.1409E-06  -0.3132E-06  -0.7342E-07  -0.3489E-07


  Loki forward model completed at 00:56 on 08 JAN 2013

  Computation time =     376.13 seconds.


