
            Loki task started at 00:56 on 08 JAN 2013

      ######################################################################
      #                                                                    #
      #                 Loki - Version 3.0.0   01 January, 2012            #        
      #                 ---------------------------------------            #        
      #                                                                    #
      #     Developed by:  CSIRO Electromagnetic Modelling Group           #
      #                    Fred Sugeng, Art Raiche & Glenn Wilson          #
      #                                                                    #
      #              For:  AMIRA project P223F                             #
      #                                                                    #
      ######################################################################
          INPUT DATA
          ----------

-------------------------------------------------------------------------------

 Sampo output: Abs(Bz/Bx)                                                                                                

  TDFD = 2;   DO3D =  1;   ISYS = 2;   PRFL =  1;   ISTOP = 0

          +----------------------------------------------+
          +  Frequency-Domain Ground System Information  +
          +----------------------------------------------+

  NFRQ =  9

           Frequency      Transmitter current in amps
           ---------      ---------------------------

      1   0.1984E+05         1.000    
      2    6266.             1.000    
      3    1962.             1.000    
      4    629.9             1.000    
      5    215.1             1.000    
      6    75.03             1.000    
      7    22.44             1.000    
      8    7.100             1.000    
      9    2.380             1.000    


  SURVEY_TYPE = 2
  NTXL =  2;   MRXL = 41;   MRXTX = 1;   NTRN =  1

  Moving Loop Tx Line  1;   NTX = 41;   Tx_length =   50.0;   Tx_width =   50.0
  --------------------------------------------------------------------------
  Initial position (E,N) :       80.0     -500.0
            Line_azimuth :  60.0
       Station_intervals :    50.0    50.0    50.0    50.0    50.0    50.0    50.0    50.0    50.0    50.0    50.0    50.0    50.0    50.0    50.0    50.0    50.0    50.0    50.0    50.0    50.0    50.0    50.0    50.0    50.0    50.0    50.0    50.0    50.0    50.0    50.0    50.0    50.0    50.0    50.0    50.0    50.0    50.0    50.0    50.0

  X,Y,Z Rx offsets for Line     1010:  100.0    0.0    0.0
    CMP =   1:  UNITS = 22;   KNORM =  0;   IPLT = 2;   RXMNT =   1.000    

  Moving Loop Tx Line  2;   NTX = 41;   Tx_length =   50.0;   Tx_width =   50.0
  --------------------------------------------------------------------------
  Initial position (E,N) :      -80.0     -500.0
            Line_azimuth :  60.0
       Station_intervals :    50.0    50.0    50.0    50.0    50.0    50.0    50.0    50.0    50.0    50.0    50.0    50.0    50.0    50.0    50.0    50.0    50.0    50.0    50.0    50.0    50.0    50.0    50.0    50.0    50.0    50.0    50.0    50.0    50.0    50.0    50.0    50.0    50.0    50.0    50.0    50.0    50.0    50.0    50.0    50.0

  X,Y,Z Rx offsets for Line     1510:  100.0    0.0    0.0
    CMP =   1:  UNITS = 22;   KNORM =  0;   IPLT = 2;   RXMNT =   1.000    


     MESH AND LITHOLOGIES DESCRIPTION
     ----------------------------------------

  Number of node "slices" along North-South axis = 37
  Number of node rows in each slice =  28
  Number of node columns in each slice =  39
  NLITH =15    KACC = 2    SOLVER = 2    OUTPUT =  10



                          LITHOLOGY PROPERTIES
                          --------------------

                                  Relative   Relative     Cole-Cole Parameters
        Resistivity  Conductance     MU     Dielectric   CHRG    CTAU       CFREQ

   1      1000.         -1.0       1.000      1.000      0.00    0.00        0.00
   2      100.0         -1.0       1.000      1.000      0.00    0.00        0.00
   3      250.0         -1.0       1.010      1.200      0.00    0.00        0.00
   4      50.00         -1.0       1.000      1.000      0.30   0.100E-02    0.42
   5      120.0         -1.0       1.000      1.000      0.00    0.00        0.00
   6      10.00         -1.0       1.000      1.000      0.00    0.00        1.00
   7      500.0         -1.0       1.000      1.000      0.00    0.00        1.00
   8      5.000         -1.0       1.000      1.000      0.00    0.00        1.00
   9     0.1000         -1.0       1.000      1.000      0.00    0.00        0.00
  10      20.00         -1.0       1.000      1.000      0.00    0.00        0.00
  11      30.00         -1.0       1.000      1.000      0.00    0.00        0.00
  12      2000.         -1.0       1.000      1.000      0.00    0.00        0.00
  13      50.00         -1.0       1.000      1.000      0.00    0.00        0.00
  14      350.0         -1.0       1.000      1.000      0.00    0.00        0.00
  15      40.00         -1.0       1.000      1.000      0.00    0.00        0.00


  Before computation begins, Loki may transform array and model coordinates
  from GPS coordimnates where elevation increases positive upwards to a
  body-centred system where depth increases positive downwards.
  In this system, the dip of magnetic dipole transmitters and receivers
  = 0 for vertical dipoles and 90 for horizontal dipoles.

  The computational horizontal origin remains unchanged.

        Transformed Receiver & Transmitter Vertex Coordinates
        -----------------------------------------------------

                        Transmitter             Receiver               Plot Point
    Line              East      North         East      North         East      North

    1010   1   1       89.2     -465.8        166.6     -450.0        123.3     -475.0
               2      114.2     -509.2
               3       70.8     -534.2
               4       45.8     -490.8

           2   1      132.5     -440.8        209.9     -425.0        166.6     -450.0
               2      157.5     -484.2
               3      114.2     -509.2
               4       89.2     -465.8

           3   1      175.8     -415.8        253.2     -400.0        209.9     -425.0
               2      200.8     -459.2
               3      157.5     -484.2
               4      132.5     -440.8

           4   1      219.1     -390.8        296.5     -375.0        253.2     -400.0
               2      244.1     -434.2
               3      200.8     -459.2
               4      175.8     -415.8

           5   1      262.4     -365.8        339.8     -350.0        296.5     -375.0
               2      287.4     -409.2
               3      244.1     -434.2
               4      219.1     -390.8

           6   1      305.7     -340.8        383.1     -325.0        339.8     -350.0
               2      330.7     -384.2
               3      287.4     -409.2
               4      262.4     -365.8

           7   1      349.0     -315.8        426.4     -300.0        383.1     -325.0
               2      374.0     -359.2
               3      330.7     -384.2
               4      305.7     -340.8

           8   1      392.3     -290.8        469.7     -275.0        426.4     -300.0
               2      417.3     -334.2
               3      374.0     -359.2
               4      349.0     -315.8

           9   1      435.6     -265.8        513.0     -250.0        469.7     -275.0
               2      460.6     -309.2
               3      417.3     -334.2
               4      392.3     -290.8

          10   1      478.9     -240.8        556.3     -225.0        513.0     -250.0
               2      503.9     -284.2
               3      460.6     -309.2
               4      435.6     -265.8

          11   1      522.2     -215.8        599.6     -200.0        556.3     -225.0
               2      547.2     -259.2
               3      503.9     -284.2
               4      478.9     -240.8

          12   1      565.5     -190.8        642.9     -175.0        599.6     -200.0
               2      590.5     -234.2
               3      547.2     -259.2
               4      522.2     -215.8

          13   1      608.8     -165.8        686.2     -150.0        642.9     -175.0
               2      633.8     -209.2
               3      590.5     -234.2
               4      565.5     -190.8

          14   1      652.1     -140.8        729.5     -125.0        686.2     -150.0
               2      677.1     -184.2
               3      633.8     -209.2
               4      608.8     -165.8

          15   1      695.4     -115.8        772.8     -100.0        729.5     -125.0
               2      720.4     -159.2
               3      677.1     -184.2
               4      652.1     -140.8

          16   1      738.7      -90.8        816.1      -75.0        772.8     -100.0
               2      763.7     -134.2
               3      720.4     -159.2
               4      695.4     -115.8

          17   1      782.0      -65.8        859.4      -50.0        816.1      -75.0
               2      807.0     -109.2
               3      763.7     -134.2
               4      738.7      -90.8

          18   1      825.3      -40.8        902.7      -25.0        859.4      -50.0
               2      850.3      -84.2
               3      807.0     -109.2
               4      782.0      -65.8

          19   1      868.6      -15.8        946.0        0.0        902.7      -25.0
               2      893.6      -59.2
               3      850.3      -84.2
               4      825.3      -40.8

          20   1      911.9        9.2        989.3       25.0        946.0        0.0
               2      936.9      -34.2
               3      893.6      -59.2
               4      868.6      -15.8

          21   1      955.2       34.2       1032.6       50.0        989.3       25.0
               2      980.2       -9.2
               3      936.9      -34.2
               4      911.9        9.2

          22   1      998.5       59.2       1075.9       75.0       1032.6       50.0
               2     1023.5       15.8
               3      980.2       -9.2
               4      955.2       34.2

          23   1     1041.8       84.2       1119.2      100.0       1075.9       75.0
               2     1066.8       40.8
               3     1023.5       15.8
               4      998.5       59.2

          24   1     1085.1      109.2       1162.5      125.0       1119.2      100.0
               2     1110.1       65.8
               3     1066.8       40.8
               4     1041.8       84.2

          25   1     1128.4      134.2       1205.8      150.0       1162.5      125.0
               2     1153.4       90.8
               3     1110.1       65.8
               4     1085.1      109.2

          26   1     1171.7      159.2       1249.1      175.0       1205.8      150.0
               2     1196.7      115.8
               3     1153.4       90.8
               4     1128.4      134.2

          27   1     1215.0      184.2       1292.4      200.0       1249.1      175.0
               2     1240.0      140.8
               3     1196.7      115.8
               4     1171.7      159.2

          28   1     1258.3      209.2       1335.7      225.0       1292.4      200.0
               2     1283.3      165.8
               3     1240.0      140.8
               4     1215.0      184.2

          29   1     1301.6      234.2       1379.0      250.0       1335.7      225.0
               2     1326.6      190.8
               3     1283.3      165.8
               4     1258.3      209.2

          30   1     1344.9      259.2       1422.3      275.0       1379.0      250.0
               2     1369.9      215.8
               3     1326.6      190.8
               4     1301.6      234.2

          31   1     1388.2      284.2       1465.6      300.0       1422.3      275.0
               2     1413.2      240.8
               3     1369.9      215.8
               4     1344.9      259.2

          32   1     1431.5      309.2       1508.9      325.0       1465.6      300.0
               2     1456.5      265.8
               3     1413.2      240.8
               4     1388.2      284.2

          33   1     1474.8      334.2       1552.2      350.0       1508.9      325.0
               2     1499.8      290.8
               3     1456.5      265.8
               4     1431.5      309.2

          34   1     1518.1      359.2       1595.5      375.0       1552.2      350.0
               2     1543.1      315.8
               3     1499.8      290.8
               4     1474.8      334.2

          35   1     1561.4      384.2       1638.8      400.0       1595.5      375.0
               2     1586.4      340.8
               3     1543.1      315.8
               4     1518.1      359.2

          36   1     1604.7      409.2       1682.1      425.0       1638.8      400.0
               2     1629.7      365.8
               3     1586.4      340.8
               4     1561.4      384.2

          37   1     1648.0      434.2       1725.4      450.0       1682.1      425.0
               2     1673.0      390.8
               3     1629.7      365.8
               4     1604.7      409.2

          38   1     1691.3      459.2       1768.7      475.0       1725.4      450.0
               2     1716.3      415.8
               3     1673.0      390.8
               4     1648.0      434.2

          39   1     1734.6      484.2       1812.1      500.0       1768.7      475.0
               2     1759.6      440.8
               3     1716.3      415.8
               4     1691.3      459.2

          40   1     1777.9      509.2       1855.4      525.0       1812.1      500.0
               2     1802.9      465.8
               3     1759.6      440.8
               4     1734.6      484.2

          41   1     1821.2      534.2       1898.7      550.0       1855.4      525.0
               2     1846.2      490.8
               3     1802.9      465.8
               4     1777.9      509.2

    1510  42   1      -70.8     -465.8          6.6     -450.0        -36.7     -475.0
               2      -45.8     -509.2
               3      -89.2     -534.2
               4     -114.2     -490.8

          43   1      -27.5     -440.8         49.9     -425.0          6.6     -450.0
               2       -2.5     -484.2
               3      -45.8     -509.2
               4      -70.8     -465.8

          44   1       15.8     -415.8         93.2     -400.0         49.9     -425.0
               2       40.8     -459.2
               3       -2.5     -484.2
               4      -27.5     -440.8

          45   1       59.1     -390.8        136.5     -375.0         93.2     -400.0
               2       84.1     -434.2
               3       40.8     -459.2
               4       15.8     -415.8

          46   1      102.4     -365.8        179.8     -350.0        136.5     -375.0
               2      127.4     -409.2
               3       84.1     -434.2
               4       59.1     -390.8

          47   1      145.7     -340.8        223.1     -325.0        179.8     -350.0
               2      170.7     -384.2
               3      127.4     -409.2
               4      102.4     -365.8

          48   1      189.0     -315.8        266.4     -300.0        223.1     -325.0
               2      214.0     -359.2
               3      170.7     -384.2
               4      145.7     -340.8

          49   1      232.3     -290.8        309.7     -275.0        266.4     -300.0
               2      257.3     -334.2
               3      214.0     -359.2
               4      189.0     -315.8

          50   1      275.6     -265.8        353.0     -250.0        309.7     -275.0
               2      300.6     -309.2
               3      257.3     -334.2
               4      232.3     -290.8

          51   1      318.9     -240.8        396.3     -225.0        353.0     -250.0
               2      343.9     -284.2
               3      300.6     -309.2
               4      275.6     -265.8

          52   1      362.2     -215.8        439.6     -200.0        396.3     -225.0
               2      387.2     -259.2
               3      343.9     -284.2
               4      318.9     -240.8

          53   1      405.5     -190.8        482.9     -175.0        439.6     -200.0
               2      430.5     -234.2
               3      387.2     -259.2
               4      362.2     -215.8

          54   1      448.8     -165.8        526.2     -150.0        482.9     -175.0
               2      473.8     -209.2
               3      430.5     -234.2
               4      405.5     -190.8

          55   1      492.1     -140.8        569.5     -125.0        526.2     -150.0
               2      517.1     -184.2
               3      473.8     -209.2
               4      448.8     -165.8

          56   1      535.4     -115.8        612.8     -100.0        569.5     -125.0
               2      560.4     -159.2
               3      517.1     -184.2
               4      492.1     -140.8

          57   1      578.7      -90.8        656.1      -75.0        612.8     -100.0
               2      603.7     -134.2
               3      560.4     -159.2
               4      535.4     -115.8

          58   1      622.0      -65.8        699.4      -50.0        656.1      -75.0
               2      647.0     -109.2
               3      603.7     -134.2
               4      578.7      -90.8

          59   1      665.3      -40.8        742.7      -25.0        699.4      -50.0
               2      690.3      -84.2
               3      647.0     -109.2
               4      622.0      -65.8

          60   1      708.6      -15.8        786.0        0.0        742.7      -25.0
               2      733.6      -59.2
               3      690.3      -84.2
               4      665.3      -40.8

          61   1      751.9        9.2        829.3       25.0        786.0        0.0
               2      776.9      -34.2
               3      733.6      -59.2
               4      708.6      -15.8

          62   1      795.2       34.2        872.6       50.0        829.3       25.0
               2      820.2       -9.2
               3      776.9      -34.2
               4      751.9        9.2

          63   1      838.5       59.2        915.9       75.0        872.6       50.0
               2      863.5       15.8
               3      820.2       -9.2
               4      795.2       34.2

          64   1      881.8       84.2        959.2      100.0        915.9       75.0
               2      906.8       40.8
               3      863.5       15.8
               4      838.5       59.2

          65   1      925.1      109.2       1002.5      125.0        959.2      100.0
               2      950.1       65.8
               3      906.8       40.8
               4      881.8       84.2

          66   1      968.4      134.2       1045.8      150.0       1002.5      125.0
               2      993.4       90.8
               3      950.1       65.8
               4      925.1      109.2

          67   1     1011.7      159.2       1089.1      175.0       1045.8      150.0
               2     1036.7      115.8
               3      993.4       90.8
               4      968.4      134.2

          68   1     1055.0      184.2       1132.4      200.0       1089.1      175.0
               2     1080.0      140.8
               3     1036.7      115.8
               4     1011.7      159.2

          69   1     1098.3      209.2       1175.7      225.0       1132.4      200.0
               2     1123.3      165.8
               3     1080.0      140.8
               4     1055.0      184.2

          70   1     1141.6      234.2       1219.0      250.0       1175.7      225.0
               2     1166.6      190.8
               3     1123.3      165.8
               4     1098.3      209.2

          71   1     1184.9      259.2       1262.3      275.0       1219.0      250.0
               2     1209.9      215.8
               3     1166.6      190.8
               4     1141.6      234.2

          72   1     1228.2      284.2       1305.6      300.0       1262.3      275.0
               2     1253.2      240.8
               3     1209.9      215.8
               4     1184.9      259.2

          73   1     1271.5      309.2       1348.9      325.0       1305.6      300.0
               2     1296.5      265.8
               3     1253.2      240.8
               4     1228.2      284.2

          74   1     1314.8      334.2       1392.2      350.0       1348.9      325.0
               2     1339.8      290.8
               3     1296.5      265.8
               4     1271.5      309.2

          75   1     1358.1      359.2       1435.5      375.0       1392.2      350.0
               2     1383.1      315.8
               3     1339.8      290.8
               4     1314.8      334.2

          76   1     1401.4      384.2       1478.8      400.0       1435.5      375.0
               2     1426.4      340.8
               3     1383.1      315.8
               4     1358.1      359.2

          77   1     1444.7      409.2       1522.1      425.0       1478.8      400.0
               2     1469.7      365.8
               3     1426.4      340.8
               4     1401.4      384.2

          78   1     1488.0      434.2       1565.4      450.0       1522.1      425.0
               2     1513.0      390.8
               3     1469.7      365.8
               4     1444.7      409.2

          79   1     1531.3      459.2       1608.7      475.0       1565.4      450.0
               2     1556.3      415.8
               3     1513.0      390.8
               4     1488.0      434.2

          80   1     1574.6      484.2       1652.1      500.0       1608.7      475.0
               2     1599.6      440.8
               3     1556.3      415.8
               4     1531.3      459.2

          81   1     1617.9      509.2       1695.4      525.0       1652.1      500.0
               2     1642.9      465.8
               3     1599.6      440.8
               4     1574.6      484.2

          82   1     1661.2      534.2       1738.7      550.0       1695.4      525.0
               2     1686.2      490.8
               3     1642.9      465.8
               4     1617.9      509.2

  Loki will compute 3D responses for a frequency-domain system.


---------------------------------------------------------------------------
                       END OF INPUT DATA DESCRIPTION
---------------------------------------------------------------------------

--------------------------------------------------------------------------------

  Solution convergence data

            Date      Time       Frq         Tx     CG Iterations
            ----      ----       ---         --     -------------
      08/01/2013  00:57:17       19.8400E+03      1/ 82   1879
      08/01/2013  00:57:29       19.8400E+03      2/ 82    764
      08/01/2013  00:57:40       19.8400E+03      3/ 82    798
      08/01/2013  00:57:53       19.8400E+03      4/ 82    840
      08/01/2013  00:58:00       19.8400E+03      5/ 82    463
      08/01/2013  00:58:05       19.8400E+03      6/ 82    335
      08/01/2013  00:58:13       19.8400E+03      7/ 82    461
      08/01/2013  00:58:26       19.8400E+03      8/ 82    887
      08/01/2013  00:58:29       19.8400E+03      9/ 82    170
      08/01/2013  00:58:34       19.8400E+03     10/ 82    279
      08/01/2013  00:58:42       19.8400E+03     11/ 82    532
      08/01/2013  00:58:48       19.8400E+03     12/ 82    378
      08/01/2013  00:58:58       19.8400E+03     13/ 82    623
      08/01/2013  00:59:15       19.8400E+03     14/ 82   1164
      08/01/2013  00:59:32       19.8400E+03     15/ 82   1189
      08/01/2013  00:59:49       19.8400E+03     16/ 82   1161
      08/01/2013  01:00:03       19.8400E+03     17/ 82    953
      08/01/2013  01:00:30       19.8400E+03     18/ 82   1903
      08/01/2013  01:00:47       19.8400E+03     19/ 82   1134
      08/01/2013  01:01:15       19.8400E+03     20/ 82   2000
      08/01/2013  01:01:47       19.8400E+03     21/ 82   2248
      08/01/2013  01:02:19       19.8400E+03     22/ 82   2275
      08/01/2013  01:02:48       19.8400E+03     23/ 82   2035
      08/01/2013  01:03:17       19.8400E+03     24/ 82   2059
      08/01/2013  01:03:36       19.8400E+03     25/ 82   1305
      08/01/2013  01:03:51       19.8400E+03     26/ 82   1034
      08/01/2013  01:04:08       19.8400E+03     27/ 82   1169
      08/01/2013  01:04:21       19.8400E+03     28/ 82    930
      08/01/2013  01:04:35       19.8400E+03     29/ 82    930
      08/01/2013  01:04:43       19.8400E+03     30/ 82    485
      08/01/2013  01:04:57       19.8400E+03     31/ 82    967
      08/01/2013  01:05:04       19.8400E+03     32/ 82    453
      08/01/2013  01:05:14       19.8400E+03     33/ 82    662
      08/01/2013  01:05:30       19.8400E+03     34/ 82   1128
      08/01/2013  01:05:37       19.8400E+03     35/ 82    446
      08/01/2013  01:05:44       19.8400E+03     36/ 82    437
      08/01/2013  01:05:51       19.8400E+03     37/ 82    452
      08/01/2013  01:05:56       19.8400E+03     38/ 82    266
      08/01/2013  01:06:01       19.8400E+03     39/ 82    285
      08/01/2013  01:06:14       19.8400E+03     40/ 82    913
      08/01/2013  01:06:28       19.8400E+03     41/ 82    927
      08/01/2013  01:07:03       19.8400E+03     42/ 82   2457
      08/01/2013  01:07:37       19.8400E+03     43/ 82   2443
      08/01/2013  01:07:57       19.8400E+03     44/ 82   1393
      08/01/2013  01:08:29       19.8400E+03     45/ 82   2191
      08/01/2013  01:08:34       19.8400E+03     46/ 82    319
      08/01/2013  01:08:46       19.8400E+03     47/ 82    842
      08/01/2013  01:08:52       19.8400E+03     48/ 82    346
      08/01/2013  01:09:15       19.8400E+03     49/ 82   1636
      08/01/2013  01:09:28       19.8400E+03     50/ 82    876
      08/01/2013  01:09:44       19.8400E+03     51/ 82   1103
      08/01/2013  01:09:56       19.8400E+03     52/ 82    774
      08/01/2013  01:10:11       19.8400E+03     53/ 82   1047
      08/01/2013  01:10:26       19.8400E+03     54/ 82   1031
      08/01/2013  01:10:53       19.8400E+03     55/ 82   1853
      08/01/2013  01:11:08       19.8400E+03     56/ 82   1051
      08/01/2013  01:11:25       19.8400E+03     57/ 82   1172
      08/01/2013  01:11:42       19.8400E+03     58/ 82   1178
      08/01/2013  01:11:59       19.8400E+03     59/ 82   1160
      08/01/2013  01:12:23       19.8400E+03     60/ 82   1726
      08/01/2013  01:12:52       19.8400E+03     61/ 82   2018
      08/01/2013  01:13:09       19.8400E+03     62/ 82   1165
      08/01/2013  01:13:30       19.8400E+03     63/ 82   1454
      08/01/2013  01:13:50       19.8400E+03     64/ 82   1420
      08/01/2013  01:14:16       19.8400E+03     65/ 82   1847
      08/01/2013  01:14:43       19.8400E+03     66/ 82   1887
      08/01/2013  01:15:11       19.8400E+03     67/ 82   1922
      08/01/2013  01:15:36       19.8400E+03     68/ 82   1809
      08/01/2013  01:15:55       19.8400E+03     69/ 82   1277
      08/01/2013  01:16:09       19.8400E+03     70/ 82    955
      08/01/2013  01:16:23       19.8400E+03     71/ 82    949
      08/01/2013  01:16:37       19.8400E+03     72/ 82    941
      08/01/2013  01:16:47       19.8400E+03     73/ 82    663
      08/01/2013  01:16:57       19.8400E+03     74/ 82    662
      08/01/2013  01:17:11       19.8400E+03     75/ 82    971
      08/01/2013  01:17:19       19.8400E+03     76/ 82    483
      08/01/2013  01:17:26       19.8400E+03     77/ 82    468
      08/01/2013  01:17:34       19.8400E+03     78/ 82    537
      08/01/2013  01:17:42       19.8400E+03     79/ 82    530
      08/01/2013  01:17:50       19.8400E+03     80/ 82    472
      08/01/2013  01:17:57       19.8400E+03     81/ 82    482
      08/01/2013  01:18:05       19.8400E+03     82/ 82    502
      08/01/2013  01:18:27        6.2660E+03      1/ 82   1511
      08/01/2013  01:18:43        6.2660E+03      2/ 82   1111
      08/01/2013  01:18:59        6.2660E+03      3/ 82   1096
      08/01/2013  01:19:06        6.2660E+03      4/ 82    419
      08/01/2013  01:19:17        6.2660E+03      5/ 82    789
      08/01/2013  01:19:23        6.2660E+03      6/ 82    348
      08/01/2013  01:19:29        6.2660E+03      7/ 82    334
      08/01/2013  01:19:34        6.2660E+03      8/ 82    299
      08/01/2013  01:19:42        6.2660E+03      9/ 82    566
      08/01/2013  01:19:55        6.2660E+03     10/ 82    818
      08/01/2013  01:20:06        6.2660E+03     11/ 82    777
      08/01/2013  01:20:20        6.2660E+03     12/ 82    913
      08/01/2013  01:20:35        6.2660E+03     13/ 82   1000
      08/01/2013  01:20:50        6.2660E+03     14/ 82   1065
      08/01/2013  01:21:03        6.2660E+03     15/ 82    876
      08/01/2013  01:21:19        6.2660E+03     16/ 82   1065
      08/01/2013  01:21:36        6.2660E+03     17/ 82   1216
      08/01/2013  01:21:54        6.2660E+03     18/ 82   1224
      08/01/2013  01:22:12        6.2660E+03     19/ 82   1242
      08/01/2013  01:22:39        6.2660E+03     20/ 82   1875
      08/01/2013  01:23:15        6.2660E+03     21/ 82   2481
      08/01/2013  01:23:38        6.2660E+03     22/ 82   1620
      08/01/2013  01:24:00        6.2660E+03     23/ 82   1462
      08/01/2013  01:24:18        6.2660E+03     24/ 82   1233
      08/01/2013  01:24:35        6.2660E+03     25/ 82   1210
      08/01/2013  01:24:54        6.2660E+03     26/ 82   1264
      08/01/2013  01:25:08        6.2660E+03     27/ 82   1018
      08/01/2013  01:25:23        6.2660E+03     28/ 82    951
      08/01/2013  01:25:32        6.2660E+03     29/ 82    636
      08/01/2013  01:25:43        6.2660E+03     30/ 82    685
      08/01/2013  01:25:54        6.2660E+03     31/ 82    721
      08/01/2013  01:26:00        6.2660E+03     32/ 82    375
      08/01/2013  01:26:06        6.2660E+03     33/ 82    370
      08/01/2013  01:26:18        6.2660E+03     34/ 82    836
      08/01/2013  01:26:25        6.2660E+03     35/ 82    433
      08/01/2013  01:26:32        6.2660E+03     36/ 82    442
      08/01/2013  01:26:39        6.2660E+03     37/ 82    444
      08/01/2013  01:26:44        6.2660E+03     38/ 82    285
      08/01/2013  01:26:51        6.2660E+03     39/ 82    409
      08/01/2013  01:26:57        6.2660E+03     40/ 82    394
      08/01/2013  01:27:06        6.2660E+03     41/ 82    628
      08/01/2013  01:27:33        6.2660E+03     42/ 82   1833
      08/01/2013  01:27:58        6.2660E+03     43/ 82   1775
      08/01/2013  01:28:16        6.2660E+03     44/ 82   1227
      08/01/2013  01:28:42        6.2660E+03     45/ 82   1737
      08/01/2013  01:28:53        6.2660E+03     46/ 82    761
      08/01/2013  01:29:04        6.2660E+03     47/ 82    723
      08/01/2013  01:29:15        6.2660E+03     48/ 82    765
      08/01/2013  01:29:31        6.2660E+03     49/ 82   1080
      08/01/2013  01:29:43        6.2660E+03     50/ 82    767
      08/01/2013  01:29:54        6.2660E+03     51/ 82    748
      08/01/2013  01:30:05        6.2660E+03     52/ 82    767
      08/01/2013  01:30:17        6.2660E+03     53/ 82    775
      08/01/2013  01:30:32        6.2660E+03     54/ 82   1039
      08/01/2013  01:30:48        6.2660E+03     55/ 82   1041
      08/01/2013  01:31:04        6.2660E+03     56/ 82   1039
      08/01/2013  01:31:19        6.2660E+03     57/ 82   1073
      08/01/2013  01:31:35        6.2660E+03     58/ 82   1055
      08/01/2013  01:31:51        6.2660E+03     59/ 82   1078
      08/01/2013  01:32:10        6.2660E+03     60/ 82   1284
      08/01/2013  01:32:37        6.2660E+03     61/ 82   1879
      08/01/2013  01:32:53        6.2660E+03     62/ 82   1059
      08/01/2013  01:33:19        6.2660E+03     63/ 82   1742
      08/01/2013  01:33:35        6.2660E+03     64/ 82   1151
      08/01/2013  01:33:52        6.2660E+03     65/ 82   1162
      08/01/2013  01:34:11        6.2660E+03     66/ 82   1284
      08/01/2013  01:34:33        6.2660E+03     67/ 82   1508
      08/01/2013  01:34:53        6.2660E+03     68/ 82   1363
      08/01/2013  01:35:13        6.2660E+03     69/ 82   1391
      08/01/2013  01:35:31        6.2660E+03     70/ 82   1214
      08/01/2013  01:35:49        6.2660E+03     71/ 82   1204
      08/01/2013  01:35:58        6.2660E+03     72/ 82    618
      08/01/2013  01:36:08        6.2660E+03     73/ 82    627
      08/01/2013  01:36:18        6.2660E+03     74/ 82    641
      08/01/2013  01:36:28        6.2660E+03     75/ 82    687
      08/01/2013  01:36:35        6.2660E+03     76/ 82    437
      08/01/2013  01:36:42        6.2660E+03     77/ 82    442
      08/01/2013  01:36:50        6.2660E+03     78/ 82    465
      08/01/2013  01:36:57        6.2660E+03     79/ 82    467
      08/01/2013  01:37:03        6.2660E+03     80/ 82    381
      08/01/2013  01:37:10        6.2660E+03     81/ 82    375
      08/01/2013  01:37:14        6.2660E+03     82/ 82    272
      08/01/2013  01:37:35        1.9620E+03      1/ 82   1385
      08/01/2013  01:37:51        1.9620E+03      2/ 82   1043
      08/01/2013  01:38:02        1.9620E+03      3/ 82    728
      08/01/2013  01:38:15        1.9620E+03      4/ 82    848
      08/01/2013  01:38:27        1.9620E+03      5/ 82    814
      08/01/2013  01:38:39        1.9620E+03      6/ 82    766
      08/01/2013  01:38:50        1.9620E+03      7/ 82    767
      08/01/2013  01:38:55        1.9620E+03      8/ 82    290
      08/01/2013  01:39:06        1.9620E+03      9/ 82    692
      08/01/2013  01:39:17        1.9620E+03     10/ 82    692
      08/01/2013  01:39:27        1.9620E+03     11/ 82    691
      08/01/2013  01:39:41        1.9620E+03     12/ 82    965
      08/01/2013  01:39:57        1.9620E+03     13/ 82   1023
      08/01/2013  01:40:12        1.9620E+03     14/ 82   1009
      08/01/2013  01:40:23        1.9620E+03     15/ 82    770
      08/01/2013  01:40:39        1.9620E+03     16/ 82   1054
      08/01/2013  01:40:56        1.9620E+03     17/ 82   1174
      08/01/2013  01:41:14        1.9620E+03     18/ 82   1222
      08/01/2013  01:41:31        1.9620E+03     19/ 82   1140
      08/01/2013  01:41:56        1.9620E+03     20/ 82   1682
      08/01/2013  01:42:12        1.9620E+03     21/ 82   1104
      08/01/2013  01:42:30        1.9620E+03     22/ 82   1179
      08/01/2013  01:42:55        1.9620E+03     23/ 82   1709
      08/01/2013  01:43:20        1.9620E+03     24/ 82   1674
      08/01/2013  01:43:38        1.9620E+03     25/ 82   1224
      08/01/2013  01:43:56        1.9620E+03     26/ 82   1166
      08/01/2013  01:44:12        1.9620E+03     27/ 82   1123
      08/01/2013  01:44:25        1.9620E+03     28/ 82    870
      08/01/2013  01:44:38        1.9620E+03     29/ 82    871
      08/01/2013  01:44:48        1.9620E+03     30/ 82    677
      08/01/2013  01:44:59        1.9620E+03     31/ 82    752
      08/01/2013  01:45:11        1.9620E+03     32/ 82    744
      08/01/2013  01:45:19        1.9620E+03     33/ 82    534
      08/01/2013  01:45:30        1.9620E+03     34/ 82    751
      08/01/2013  01:45:37        1.9620E+03     35/ 82    437
      08/01/2013  01:45:44        1.9620E+03     36/ 82    420
      08/01/2013  01:45:50        1.9620E+03     37/ 82    418
      08/01/2013  01:46:03        1.9620E+03     38/ 82    883
      08/01/2013  01:46:16        1.9620E+03     39/ 82    828
      08/01/2013  01:46:28        1.9620E+03     40/ 82    802
      08/01/2013  01:46:40        1.9620E+03     41/ 82    800
      08/01/2013  01:46:58        1.9620E+03     42/ 82   1265
      08/01/2013  01:47:21        1.9620E+03     43/ 82   1617
      08/01/2013  01:47:31        1.9620E+03     44/ 82    631
      08/01/2013  01:47:46        1.9620E+03     45/ 82   1066
      08/01/2013  01:48:02        1.9620E+03     46/ 82   1074
      08/01/2013  01:48:12        1.9620E+03     47/ 82    674
      08/01/2013  01:48:17        1.9620E+03     48/ 82    291
      08/01/2013  01:48:32        1.9620E+03     49/ 82   1006
      08/01/2013  01:48:47        1.9620E+03     50/ 82   1036
      08/01/2013  01:49:01        1.9620E+03     51/ 82    966
      08/01/2013  01:49:17        1.9620E+03     52/ 82   1045
      08/01/2013  01:49:32        1.9620E+03     53/ 82   1073
      08/01/2013  01:49:46        1.9620E+03     54/ 82    912
      08/01/2013  01:50:00        1.9620E+03     55/ 82    991
      08/01/2013  01:50:13        1.9620E+03     56/ 82    906
      08/01/2013  01:50:28        1.9620E+03     57/ 82   1008
      08/01/2013  01:50:43        1.9620E+03     58/ 82   1027
      08/01/2013  01:51:00        1.9620E+03     59/ 82   1143
      08/01/2013  01:51:21        1.9620E+03     60/ 82   1469
      08/01/2013  01:51:44        1.9620E+03     61/ 82   1596
      08/01/2013  01:51:58        1.9620E+03     62/ 82    985
      08/01/2013  01:52:14        1.9620E+03     63/ 82   1113
      08/01/2013  01:52:29        1.9620E+03     64/ 82   1014
      08/01/2013  01:52:43        1.9620E+03     65/ 82    981
      08/01/2013  01:53:00        1.9620E+03     66/ 82   1149
      08/01/2013  01:53:18        1.9620E+03     67/ 82   1198
      08/01/2013  01:53:37        1.9620E+03     68/ 82   1384
      08/01/2013  01:53:54        1.9620E+03     69/ 82   1123
      08/01/2013  01:54:11        1.9620E+03     70/ 82   1142
      08/01/2013  01:54:27        1.9620E+03     71/ 82   1151
      08/01/2013  01:54:44        1.9620E+03     72/ 82   1153
      08/01/2013  01:54:59        1.9620E+03     73/ 82    991
      08/01/2013  01:55:04        1.9620E+03     74/ 82    313
      08/01/2013  01:55:13        1.9620E+03     75/ 82    639
      08/01/2013  01:55:23        1.9620E+03     76/ 82    656
      08/01/2013  01:55:30        1.9620E+03     77/ 82    426
      08/01/2013  01:55:37        1.9620E+03     78/ 82    455
      08/01/2013  01:55:44        1.9620E+03     79/ 82    440
      08/01/2013  01:55:51        1.9620E+03     80/ 82    413
      08/01/2013  01:55:57        1.9620E+03     81/ 82    415
      08/01/2013  01:56:04        1.9620E+03     82/ 82    426
      08/01/2013  01:56:22      629.9000E+00      1/ 82   1240
      08/01/2013  01:56:40      629.9000E+00      2/ 82   1288
      08/01/2013  01:56:56      629.9000E+00      3/ 82   1038
      08/01/2013  01:57:10      629.9000E+00      4/ 82    955
      08/01/2013  01:57:21      629.9000E+00      5/ 82    791
      08/01/2013  01:57:33      629.9000E+00      6/ 82    808
      08/01/2013  01:57:48      629.9000E+00      7/ 82    993
      08/01/2013  01:58:02      629.9000E+00      8/ 82    959
      08/01/2013  01:58:15      629.9000E+00      9/ 82    912
      08/01/2013  01:58:28      629.9000E+00     10/ 82    899
      08/01/2013  01:58:42      629.9000E+00     11/ 82    955
      08/01/2013  01:58:56      629.9000E+00     12/ 82    967
      08/01/2013  01:59:09      629.9000E+00     13/ 82    889
      08/01/2013  01:59:25      629.9000E+00     14/ 82   1058
      08/01/2013  01:59:42      629.9000E+00     15/ 82   1144
      08/01/2013  01:59:58      629.9000E+00     16/ 82   1146
      08/01/2013  02:00:15      629.9000E+00     17/ 82   1128
      08/01/2013  02:00:30      629.9000E+00     18/ 82   1046
      08/01/2013  02:00:46      629.9000E+00     19/ 82   1098
      08/01/2013  02:01:02      629.9000E+00     20/ 82   1122
      08/01/2013  02:01:23      629.9000E+00     21/ 82   1461
      08/01/2013  02:01:44      629.9000E+00     22/ 82   1468
      08/01/2013  02:02:08      629.9000E+00     23/ 82   1728
      08/01/2013  02:02:24      629.9000E+00     24/ 82   1111
      08/01/2013  02:02:42      629.9000E+00     25/ 82   1221
      08/01/2013  02:03:00      629.9000E+00     26/ 82   1232
      08/01/2013  02:03:16      629.9000E+00     27/ 82   1141
      08/01/2013  02:03:31      629.9000E+00     28/ 82   1027
      08/01/2013  02:03:44      629.9000E+00     29/ 82    916
      08/01/2013  02:03:56      629.9000E+00     30/ 82    805
      08/01/2013  02:04:09      629.9000E+00     31/ 82    824
      08/01/2013  02:04:19      629.9000E+00     32/ 82    719
      08/01/2013  02:04:35      629.9000E+00     33/ 82   1053
      08/01/2013  02:04:46      629.9000E+00     34/ 82    783
      08/01/2013  02:04:56      629.9000E+00     35/ 82    671
      08/01/2013  02:05:08      629.9000E+00     36/ 82    799
      08/01/2013  02:05:20      629.9000E+00     37/ 82    813
      08/01/2013  02:05:32      629.9000E+00     38/ 82    785
      08/01/2013  02:05:44      629.9000E+00     39/ 82    828
      08/01/2013  02:05:57      629.9000E+00     40/ 82    832
      08/01/2013  02:06:11      629.9000E+00     41/ 82   1012
      08/01/2013  02:06:34      629.9000E+00     42/ 82   1615
      08/01/2013  02:06:57      629.9000E+00     43/ 82   1560
      08/01/2013  02:07:12      629.9000E+00     44/ 82   1066
      08/01/2013  02:07:28      629.9000E+00     45/ 82   1107
      08/01/2013  02:07:44      629.9000E+00     46/ 82   1091
      08/01/2013  02:07:56      629.9000E+00     47/ 82    801
      08/01/2013  02:08:11      629.9000E+00     48/ 82   1078
      08/01/2013  02:08:27      629.9000E+00     49/ 82   1055
      08/01/2013  02:08:41      629.9000E+00     50/ 82    976
      08/01/2013  02:08:55      629.9000E+00     51/ 82    977
      08/01/2013  02:09:08      629.9000E+00     52/ 82    896
      08/01/2013  02:09:23      629.9000E+00     53/ 82    979
      08/01/2013  02:09:37      629.9000E+00     54/ 82    947
      08/01/2013  02:09:52      629.9000E+00     55/ 82   1052
      08/01/2013  02:10:11      629.9000E+00     56/ 82   1357
      08/01/2013  02:10:26      629.9000E+00     57/ 82   1039
      08/01/2013  02:10:49      629.9000E+00     58/ 82   1583
      08/01/2013  02:11:04      629.9000E+00     59/ 82   1039
      08/01/2013  02:11:28      629.9000E+00     60/ 82   1700
      08/01/2013  02:11:50      629.9000E+00     61/ 82   1572
      08/01/2013  02:12:05      629.9000E+00     62/ 82   1048
      08/01/2013  02:12:21      629.9000E+00     63/ 82   1107
      08/01/2013  02:12:37      629.9000E+00     64/ 82   1059
      08/01/2013  02:12:53      629.9000E+00     65/ 82   1114
      08/01/2013  02:13:10      629.9000E+00     66/ 82   1165
      08/01/2013  02:13:26      629.9000E+00     67/ 82   1157
      08/01/2013  02:13:44      629.9000E+00     68/ 82   1200
      08/01/2013  02:14:01      629.9000E+00     69/ 82   1192
      08/01/2013  02:14:17      629.9000E+00     70/ 82   1122
      08/01/2013  02:14:34      629.9000E+00     71/ 82   1132
      08/01/2013  02:14:46      629.9000E+00     72/ 82    831
      08/01/2013  02:14:59      629.9000E+00     73/ 82    865
      08/01/2013  02:15:13      629.9000E+00     74/ 82    981
      08/01/2013  02:15:18      629.9000E+00     75/ 82    278
      08/01/2013  02:15:29      629.9000E+00     76/ 82    795
      08/01/2013  02:15:42      629.9000E+00     77/ 82    894
      08/01/2013  02:15:49      629.9000E+00     78/ 82    401
      08/01/2013  02:15:56      629.9000E+00     79/ 82    434
      08/01/2013  02:16:02      629.9000E+00     80/ 82    420
      08/01/2013  02:16:09      629.9000E+00     81/ 82    399
      08/01/2013  02:16:15      629.9000E+00     82/ 82    413
      08/01/2013  02:16:36      215.1000E+00      1/ 82   1460
      08/01/2013  02:16:53      215.1000E+00      2/ 82   1150
      08/01/2013  02:17:08      215.1000E+00      3/ 82   1066
      08/01/2013  02:17:24      215.1000E+00      4/ 82   1101
      08/01/2013  02:17:30      215.1000E+00      5/ 82    354
      08/01/2013  02:17:48      215.1000E+00      6/ 82   1274
      08/01/2013  02:18:01      215.1000E+00      7/ 82    892
      08/01/2013  02:18:16      215.1000E+00      8/ 82   1005
      08/01/2013  02:18:29      215.1000E+00      9/ 82    897
      08/01/2013  02:18:43      215.1000E+00     10/ 82    908
      08/01/2013  02:18:56      215.1000E+00     11/ 82    930
      08/01/2013  02:19:11      215.1000E+00     12/ 82    979
      08/01/2013  02:19:24      215.1000E+00     13/ 82    902
      08/01/2013  02:19:38      215.1000E+00     14/ 82   1012
      08/01/2013  02:19:56      215.1000E+00     15/ 82   1248
      08/01/2013  02:20:11      215.1000E+00     16/ 82    978
      08/01/2013  02:20:25      215.1000E+00     17/ 82   1011
      08/01/2013  02:20:43      215.1000E+00     18/ 82   1258
      08/01/2013  02:21:08      215.1000E+00     19/ 82   1723
      08/01/2013  02:21:32      215.1000E+00     20/ 82   1666
      08/01/2013  02:21:55      215.1000E+00     21/ 82   1652
      08/01/2013  02:22:18      215.1000E+00     22/ 82   1594
      08/01/2013  02:22:44      215.1000E+00     23/ 82   1857
      08/01/2013  02:23:10      215.1000E+00     24/ 82   1803
      08/01/2013  02:23:35      215.1000E+00     25/ 82   1782
      08/01/2013  02:23:52      215.1000E+00     26/ 82   1199
      08/01/2013  02:24:08      215.1000E+00     27/ 82   1094
      08/01/2013  02:24:25      215.1000E+00     28/ 82   1135
      08/01/2013  02:24:42      215.1000E+00     29/ 82   1198
      08/01/2013  02:24:58      215.1000E+00     30/ 82   1081
      08/01/2013  02:25:13      215.1000E+00     31/ 82   1046
      08/01/2013  02:25:19      215.1000E+00     32/ 82    359
      08/01/2013  02:25:35      215.1000E+00     33/ 82   1142
      08/01/2013  02:25:46      215.1000E+00     34/ 82    733
      08/01/2013  02:25:57      215.1000E+00     35/ 82    720
      08/01/2013  02:26:08      215.1000E+00     36/ 82    765
      08/01/2013  02:26:14      215.1000E+00     37/ 82    398
      08/01/2013  02:26:26      215.1000E+00     38/ 82    772
      08/01/2013  02:26:37      215.1000E+00     39/ 82    750
      08/01/2013  02:26:53      215.1000E+00     40/ 82   1124
      08/01/2013  02:27:04      215.1000E+00     41/ 82    755
      08/01/2013  02:27:27      215.1000E+00     42/ 82   1597
      08/01/2013  02:27:55      215.1000E+00     43/ 82   1981
      08/01/2013  02:28:10      215.1000E+00     44/ 82   1019
      08/01/2013  02:28:23      215.1000E+00     45/ 82    863
      08/01/2013  02:28:39      215.1000E+00     46/ 82   1155
      08/01/2013  02:28:55      215.1000E+00     47/ 82   1097
      08/01/2013  02:29:11      215.1000E+00     48/ 82   1085
      08/01/2013  02:29:29      215.1000E+00     49/ 82   1214
      08/01/2013  02:29:40      215.1000E+00     50/ 82    716
      08/01/2013  02:29:53      215.1000E+00     51/ 82    886
      08/01/2013  02:30:06      215.1000E+00     52/ 82    892
      08/01/2013  02:30:21      215.1000E+00     53/ 82   1026
      08/01/2013  02:30:40      215.1000E+00     54/ 82   1312
      08/01/2013  02:30:59      215.1000E+00     55/ 82   1366
      08/01/2013  02:31:18      215.1000E+00     56/ 82   1284
      08/01/2013  02:31:38      215.1000E+00     57/ 82   1404
      08/01/2013  02:31:56      215.1000E+00     58/ 82   1256
      08/01/2013  02:32:19      215.1000E+00     59/ 82   1603
      08/01/2013  02:32:34      215.1000E+00     60/ 82   1019
      08/01/2013  02:32:57      215.1000E+00     61/ 82   1635
      08/01/2013  02:33:22      215.1000E+00     62/ 82   1744
      08/01/2013  02:33:43      215.1000E+00     63/ 82   1453
      08/01/2013  02:33:59      215.1000E+00     64/ 82   1143
      08/01/2013  02:34:21      215.1000E+00     65/ 82   1518
      08/01/2013  02:34:37      215.1000E+00     66/ 82   1127
      08/01/2013  02:35:03      215.1000E+00     67/ 82   1787
      08/01/2013  02:35:27      215.1000E+00     68/ 82   1724
      08/01/2013  02:35:52      215.1000E+00     69/ 82   1697
      08/01/2013  02:36:17      215.1000E+00     70/ 82   1770
      08/01/2013  02:36:35      215.1000E+00     71/ 82   1285
      08/01/2013  02:36:48      215.1000E+00     72/ 82    827
      08/01/2013  02:37:04      215.1000E+00     73/ 82   1104
      08/01/2013  02:37:20      215.1000E+00     74/ 82   1078
      08/01/2013  02:37:35      215.1000E+00     75/ 82   1074
      08/01/2013  02:37:41      215.1000E+00     76/ 82    357
      08/01/2013  02:37:56      215.1000E+00     77/ 82   1013
      08/01/2013  02:38:03      215.1000E+00     78/ 82    462
      08/01/2013  02:38:16      215.1000E+00     79/ 82    888
      08/01/2013  02:38:29      215.1000E+00     80/ 82    904
      08/01/2013  02:38:36      215.1000E+00     81/ 82    398
      08/01/2013  02:38:42      215.1000E+00     82/ 82    386
      08/01/2013  02:39:00       75.0300E+00      1/ 82   1241
      08/01/2013  02:39:19       75.0300E+00      2/ 82   1317
      08/01/2013  02:39:35       75.0300E+00      3/ 82   1139
      08/01/2013  02:39:48       75.0300E+00      4/ 82    881
      08/01/2013  02:40:02       75.0300E+00      5/ 82    894
      08/01/2013  02:40:18       75.0300E+00      6/ 82   1123
      08/01/2013  02:40:32       75.0300E+00      7/ 82    929
      08/01/2013  02:40:49       75.0300E+00      8/ 82   1209
      08/01/2013  02:41:01       75.0300E+00      9/ 82    801
      08/01/2013  02:41:13       75.0300E+00     10/ 82    821
      08/01/2013  02:41:29       75.0300E+00     11/ 82   1052
      08/01/2013  02:41:43       75.0300E+00     12/ 82    985
      08/01/2013  02:41:56       75.0300E+00     13/ 82    857
      08/01/2013  02:42:10       75.0300E+00     14/ 82    943
      08/01/2013  02:42:33       75.0300E+00     15/ 82   1612
      08/01/2013  02:42:56       75.0300E+00     16/ 82   1583
      08/01/2013  02:43:18       75.0300E+00     17/ 82   1531
      08/01/2013  02:43:48       75.0300E+00     18/ 82   2070
      08/01/2013  02:44:11       75.0300E+00     19/ 82   1642
      08/01/2013  02:44:33       75.0300E+00     20/ 82   1495
      08/01/2013  02:44:57       75.0300E+00     21/ 82   1700
      08/01/2013  02:45:19       75.0300E+00     22/ 82   1492
      08/01/2013  02:45:44       75.0300E+00     23/ 82   1785
      08/01/2013  02:46:09       75.0300E+00     24/ 82   1724
      08/01/2013  02:46:34       75.0300E+00     25/ 82   1745
      08/01/2013  02:46:57       75.0300E+00     26/ 82   1592
      08/01/2013  02:47:18       75.0300E+00     27/ 82   1451
      08/01/2013  02:47:40       75.0300E+00     28/ 82   1535
      08/01/2013  02:47:55       75.0300E+00     29/ 82   1057
      08/01/2013  02:48:09       75.0300E+00     30/ 82    974
      08/01/2013  02:48:23       75.0300E+00     31/ 82    909
      08/01/2013  02:48:37       75.0300E+00     32/ 82    955
      08/01/2013  02:48:52       75.0300E+00     33/ 82   1072
      08/01/2013  02:49:10       75.0300E+00     34/ 82   1221
      08/01/2013  02:49:16       75.0300E+00     35/ 82    400
      08/01/2013  02:49:33       75.0300E+00     36/ 82   1121
      08/01/2013  02:49:47       75.0300E+00     37/ 82    999
      08/01/2013  02:50:02       75.0300E+00     38/ 82   1026
      08/01/2013  02:50:17       75.0300E+00     39/ 82   1041
      08/01/2013  02:50:33       75.0300E+00     40/ 82   1075
      08/01/2013  02:50:49       75.0300E+00     41/ 82   1124
      08/01/2013  02:51:16       75.0300E+00     42/ 82   1854
      08/01/2013  02:51:44       75.0300E+00     43/ 82   2016
      08/01/2013  02:52:03       75.0300E+00     44/ 82   1292
      08/01/2013  02:52:20       75.0300E+00     45/ 82   1158
      08/01/2013  02:52:37       75.0300E+00     46/ 82   1202
      08/01/2013  02:52:54       75.0300E+00     47/ 82   1151
      08/01/2013  02:53:13       75.0300E+00     48/ 82   1296
      08/01/2013  02:53:29       75.0300E+00     49/ 82   1125
      08/01/2013  02:53:41       75.0300E+00     50/ 82    797
      08/01/2013  02:53:55       75.0300E+00     51/ 82    931
      08/01/2013  02:54:15       75.0300E+00     52/ 82   1424
      08/01/2013  02:54:37       75.0300E+00     53/ 82   1497
      08/01/2013  02:54:50       75.0300E+00     54/ 82    900
      08/01/2013  02:55:04       75.0300E+00     55/ 82    940
      08/01/2013  02:55:18       75.0300E+00     56/ 82    961
      08/01/2013  02:55:39       75.0300E+00     57/ 82   1452
      08/01/2013  02:56:01       75.0300E+00     58/ 82   1560
      08/01/2013  02:56:25       75.0300E+00     59/ 82   1684
      08/01/2013  02:56:49       75.0300E+00     60/ 82   1679
      08/01/2013  02:57:12       75.0300E+00     61/ 82   1586
      08/01/2013  02:57:36       75.0300E+00     62/ 82   1651
      08/01/2013  02:57:55       75.0300E+00     63/ 82   1289
      08/01/2013  02:58:14       75.0300E+00     64/ 82   1371
      08/01/2013  02:58:33       75.0300E+00     65/ 82   1277
      08/01/2013  02:58:51       75.0300E+00     66/ 82   1258
      08/01/2013  02:59:15       75.0300E+00     67/ 82   1699
      08/01/2013  02:59:40       75.0300E+00     68/ 82   1718
      08/01/2013  03:00:04       75.0300E+00     69/ 82   1692
      08/01/2013  03:00:27       75.0300E+00     70/ 82   1616
      08/01/2013  03:00:51       75.0300E+00     71/ 82   1680
      08/01/2013  03:01:15       75.0300E+00     72/ 82   1660
      08/01/2013  03:01:37       75.0300E+00     73/ 82   1522
      08/01/2013  03:01:54       75.0300E+00     74/ 82   1179
      08/01/2013  03:02:06       75.0300E+00     75/ 82    814
      08/01/2013  03:02:18       75.0300E+00     76/ 82    811
      08/01/2013  03:02:31       75.0300E+00     77/ 82    908
      08/01/2013  03:02:40       75.0300E+00     78/ 82    549
      08/01/2013  03:02:48       75.0300E+00     79/ 82    535
      08/01/2013  03:02:55       75.0300E+00     80/ 82    459
      08/01/2013  03:03:02       75.0300E+00     81/ 82    395
      08/01/2013  03:03:15       75.0300E+00     82/ 82    909
      08/01/2013  03:03:33       22.4400E+00      1/ 82   1242
      08/01/2013  03:03:50       22.4400E+00      2/ 82   1207
      08/01/2013  03:04:09       22.4400E+00      3/ 82   1263
      08/01/2013  03:04:22       22.4400E+00      4/ 82    862
      08/01/2013  03:04:39       22.4400E+00      5/ 82   1172
      08/01/2013  03:04:52       22.4400E+00      6/ 82    943
      08/01/2013  03:05:08       22.4400E+00      7/ 82   1101
      08/01/2013  03:05:25       22.4400E+00      8/ 82   1127
      08/01/2013  03:05:38       22.4400E+00      9/ 82    844
      08/01/2013  03:05:51       22.4400E+00     10/ 82    918
      08/01/2013  03:06:03       22.4400E+00     11/ 82    824
      08/01/2013  03:06:21       22.4400E+00     12/ 82   1203
      08/01/2013  03:06:37       22.4400E+00     13/ 82   1125
      08/01/2013  03:06:58       22.4400E+00     14/ 82   1437
      08/01/2013  03:07:14       22.4400E+00     15/ 82   1092
      08/01/2013  03:07:37       22.4400E+00     16/ 82   1631
      08/01/2013  03:07:56       22.4400E+00     17/ 82   1286
      08/01/2013  03:08:17       22.4400E+00     18/ 82   1491
      08/01/2013  03:08:41       22.4400E+00     19/ 82   1653
      08/01/2013  03:09:04       22.4400E+00     20/ 82   1605
      08/01/2013  03:09:27       22.4400E+00     21/ 82   1602
      08/01/2013  03:09:44       22.4400E+00     22/ 82   1210
      08/01/2013  03:10:08       22.4400E+00     23/ 82   1646
      08/01/2013  03:10:26       22.4400E+00     24/ 82   1269
      08/01/2013  03:10:48       22.4400E+00     25/ 82   1542
      08/01/2013  03:11:04       22.4400E+00     26/ 82   1050
      08/01/2013  03:11:19       22.4400E+00     27/ 82   1012
      08/01/2013  03:11:40       22.4400E+00     28/ 82   1466
      08/01/2013  03:12:02       22.4400E+00     29/ 82   1544
      08/01/2013  03:12:21       22.4400E+00     30/ 82   1307
      08/01/2013  03:12:40       22.4400E+00     31/ 82   1317
      08/01/2013  03:13:01       22.4400E+00     32/ 82   1436
      08/01/2013  03:13:17       22.4400E+00     33/ 82   1094
      08/01/2013  03:13:30       22.4400E+00     34/ 82    894
      08/01/2013  03:13:47       22.4400E+00     35/ 82   1150
      08/01/2013  03:14:03       22.4400E+00     36/ 82   1119
      08/01/2013  03:14:18       22.4400E+00     37/ 82    986
      08/01/2013  03:14:30       22.4400E+00     38/ 82    850
      08/01/2013  03:14:42       22.4400E+00     39/ 82    799
      08/01/2013  03:14:55       22.4400E+00     40/ 82    858
      08/01/2013  03:15:08       22.4400E+00     41/ 82    907
      08/01/2013  03:15:36       22.4400E+00     42/ 82   1937
      08/01/2013  03:16:03       22.4400E+00     43/ 82   1950
      08/01/2013  03:16:20       22.4400E+00     44/ 82   1166
      08/01/2013  03:16:35       22.4400E+00     45/ 82   1060
      08/01/2013  03:16:53       22.4400E+00     46/ 82   1254
      08/01/2013  03:17:10       22.4400E+00     47/ 82   1150
      08/01/2013  03:17:23       22.4400E+00     48/ 82    894
      08/01/2013  03:17:43       22.4400E+00     49/ 82   1378
      08/01/2013  03:18:00       22.4400E+00     50/ 82   1198
      08/01/2013  03:18:18       22.4400E+00     51/ 82   1204
      08/01/2013  03:18:35       22.4400E+00     52/ 82   1219
      08/01/2013  03:18:48       22.4400E+00     53/ 82    868
      08/01/2013  03:19:06       22.4400E+00     54/ 82   1257
      08/01/2013  03:19:27       22.4400E+00     55/ 82   1433
      08/01/2013  03:19:45       22.4400E+00     56/ 82   1261
      08/01/2013  03:20:04       22.4400E+00     57/ 82   1284
      08/01/2013  03:20:25       22.4400E+00     58/ 82   1504
      08/01/2013  03:20:48       22.4400E+00     59/ 82   1549
      08/01/2013  03:21:11       22.4400E+00     60/ 82   1648
      08/01/2013  03:21:35       22.4400E+00     61/ 82   1644
      08/01/2013  03:21:56       22.4400E+00     62/ 82   1491
      08/01/2013  03:22:14       22.4400E+00     63/ 82   1220
      08/01/2013  03:22:30       22.4400E+00     64/ 82   1089
      08/01/2013  03:22:49       22.4400E+00     65/ 82   1373
      08/01/2013  03:23:10       22.4400E+00     66/ 82   1457
      08/01/2013  03:23:33       22.4400E+00     67/ 82   1588
      08/01/2013  03:23:55       22.4400E+00     68/ 82   1549
      08/01/2013  03:24:18       22.4400E+00     69/ 82   1598
      08/01/2013  03:24:41       22.4400E+00     70/ 82   1594
      08/01/2013  03:25:03       22.4400E+00     71/ 82   1590
      08/01/2013  03:25:19       22.4400E+00     72/ 82   1079
      08/01/2013  03:25:34       22.4400E+00     73/ 82   1025
      08/01/2013  03:25:53       22.4400E+00     74/ 82   1314
      08/01/2013  03:26:10       22.4400E+00     75/ 82   1161
      08/01/2013  03:26:27       22.4400E+00     76/ 82   1220
      08/01/2013  03:26:42       22.4400E+00     77/ 82   1025
      08/01/2013  03:26:57       22.4400E+00     78/ 82   1004
      08/01/2013  03:27:11       22.4400E+00     79/ 82    937
      08/01/2013  03:27:26       22.4400E+00     80/ 82   1041
      08/01/2013  03:27:39       22.4400E+00     81/ 82    890
      08/01/2013  03:27:51       22.4400E+00     82/ 82    862
      08/01/2013  03:28:07        7.1000E+00      1/ 82   1112
      08/01/2013  03:28:25        7.1000E+00      2/ 82   1208
      08/01/2013  03:28:40        7.1000E+00      3/ 82   1047
      08/01/2013  03:28:53        7.1000E+00      4/ 82    885
      08/01/2013  03:29:11        7.1000E+00      5/ 82   1268
      08/01/2013  03:29:30        7.1000E+00      6/ 82   1263
      08/01/2013  03:29:50        7.1000E+00      7/ 82   1379
      08/01/2013  03:30:09        7.1000E+00      8/ 82   1379
      08/01/2013  03:30:30        7.1000E+00      9/ 82   1425
      08/01/2013  03:30:47        7.1000E+00     10/ 82   1173
      08/01/2013  03:31:04        7.1000E+00     11/ 82   1126
      08/01/2013  03:31:24        7.1000E+00     12/ 82   1420
      08/01/2013  03:31:42        7.1000E+00     13/ 82   1238
      08/01/2013  03:32:09        7.1000E+00     14/ 82   1844
      08/01/2013  03:32:36        7.1000E+00     15/ 82   1883
      08/01/2013  03:33:02        7.1000E+00     16/ 82   1884
      08/01/2013  03:33:28        7.1000E+00     17/ 82   1801
      08/01/2013  03:33:53        7.1000E+00     18/ 82   1740
      08/01/2013  03:34:18        7.1000E+00     19/ 82   1752
      08/01/2013  03:34:43        7.1000E+00     20/ 82   1757
      08/01/2013  03:34:57        7.1000E+00     21/ 82    969
      08/01/2013  03:35:12        7.1000E+00     22/ 82    997
      08/01/2013  03:35:36        7.1000E+00     23/ 82   1658
      08/01/2013  03:35:58        7.1000E+00     24/ 82   1579
      08/01/2013  03:36:25        7.1000E+00     25/ 82   1926
      08/01/2013  03:36:47        7.1000E+00     26/ 82   1486
      08/01/2013  03:37:05        7.1000E+00     27/ 82   1252
      08/01/2013  03:37:17        7.1000E+00     28/ 82    830
      08/01/2013  03:37:34        7.1000E+00     29/ 82   1166
      08/01/2013  03:37:51        7.1000E+00     30/ 82   1193
      08/01/2013  03:38:05        7.1000E+00     31/ 82    936
      08/01/2013  03:38:18        7.1000E+00     32/ 82    886
      08/01/2013  03:38:31        7.1000E+00     33/ 82    884
      08/01/2013  03:38:49        7.1000E+00     34/ 82   1187
      08/01/2013  03:39:03        7.1000E+00     35/ 82    947
      08/01/2013  03:39:17        7.1000E+00     36/ 82    969
      08/01/2013  03:39:31        7.1000E+00     37/ 82    963
      08/01/2013  03:39:45        7.1000E+00     38/ 82    945
      08/01/2013  03:39:57        7.1000E+00     39/ 82    833
      08/01/2013  03:40:11        7.1000E+00     40/ 82    947
      08/01/2013  03:40:26        7.1000E+00     41/ 82   1052
      08/01/2013  03:40:54        7.1000E+00     42/ 82   1923
      08/01/2013  03:41:20        7.1000E+00     43/ 82   1832
      08/01/2013  03:41:38        7.1000E+00     44/ 82   1288
      08/01/2013  03:41:57        7.1000E+00     45/ 82   1329
      08/01/2013  03:42:11        7.1000E+00     46/ 82    904
      08/01/2013  03:42:26        7.1000E+00     47/ 82   1053
      08/01/2013  03:42:42        7.1000E+00     48/ 82   1103
      08/01/2013  03:43:04        7.1000E+00     49/ 82   1518
      08/01/2013  03:43:30        7.1000E+00     50/ 82   1809
      08/01/2013  03:43:56        7.1000E+00     51/ 82   1833
      08/01/2013  03:44:15        7.1000E+00     52/ 82   1384
      08/01/2013  03:44:37        7.1000E+00     53/ 82   1537
      08/01/2013  03:45:01        7.1000E+00     54/ 82   1651
      08/01/2013  03:45:29        7.1000E+00     55/ 82   1944
      08/01/2013  03:45:49        7.1000E+00     56/ 82   1422
      08/01/2013  03:46:15        7.1000E+00     57/ 82   1818
      08/01/2013  03:46:41        7.1000E+00     58/ 82   1819
      08/01/2013  03:47:08        7.1000E+00     59/ 82   1898
      08/01/2013  03:47:36        7.1000E+00     60/ 82   1993
      08/01/2013  03:48:01        7.1000E+00     61/ 82   1767
      08/01/2013  03:48:15        7.1000E+00     62/ 82    950
      08/01/2013  03:48:33        7.1000E+00     63/ 82   1243
      08/01/2013  03:48:51        7.1000E+00     64/ 82   1242
      08/01/2013  03:49:13        7.1000E+00     65/ 82   1526
      08/01/2013  03:49:30        7.1000E+00     66/ 82   1191
      08/01/2013  03:49:56        7.1000E+00     67/ 82   1813
      08/01/2013  03:50:18        7.1000E+00     68/ 82   1545
      08/01/2013  03:50:39        7.1000E+00     69/ 82   1432
      08/01/2013  03:50:54        7.1000E+00     70/ 82   1013
      08/01/2013  03:51:09        7.1000E+00     71/ 82   1051
      08/01/2013  03:51:27        7.1000E+00     72/ 82   1211
      08/01/2013  03:51:41        7.1000E+00     73/ 82    944
      08/01/2013  03:51:54        7.1000E+00     74/ 82    927
      08/01/2013  03:52:08        7.1000E+00     75/ 82    922
      08/01/2013  03:52:21        7.1000E+00     76/ 82    875
      08/01/2013  03:52:35        7.1000E+00     77/ 82    941
      08/01/2013  03:52:48        7.1000E+00     78/ 82    872
      08/01/2013  03:53:01        7.1000E+00     79/ 82    873
      08/01/2013  03:53:15        7.1000E+00     80/ 82    950
      08/01/2013  03:53:24        7.1000E+00     81/ 82    652
      08/01/2013  03:53:38        7.1000E+00     82/ 82    939
      08/01/2013  03:53:58        2.3800E+00      1/ 82   1351
      08/01/2013  03:54:15        2.3800E+00      2/ 82   1207
      08/01/2013  03:54:37        2.3800E+00      3/ 82   1489
      08/01/2013  03:54:49        2.3800E+00      4/ 82    819
      08/01/2013  03:55:05        2.3800E+00      5/ 82   1091
      08/01/2013  03:55:23        2.3800E+00      6/ 82   1265
      08/01/2013  03:55:42        2.3800E+00      7/ 82   1265
      08/01/2013  03:55:59        2.3800E+00      8/ 82   1128
      08/01/2013  03:56:12        2.3800E+00      9/ 82    896
      08/01/2013  03:56:26        2.3800E+00     10/ 82    927
      08/01/2013  03:56:40        2.3800E+00     11/ 82    936
      08/01/2013  03:56:56        2.3800E+00     12/ 82   1051
      08/01/2013  03:57:09        2.3800E+00     13/ 82    918
      08/01/2013  03:57:32        2.3800E+00     14/ 82   1557
      08/01/2013  03:57:55        2.3800E+00     15/ 82   1591
      08/01/2013  03:58:18        2.3800E+00     16/ 82   1600
      08/01/2013  03:58:41        2.3800E+00     17/ 82   1582
      08/01/2013  03:58:58        2.3800E+00     18/ 82   1118
      08/01/2013  03:59:14        2.3800E+00     19/ 82   1087
      08/01/2013  03:59:45        2.3800E+00     20/ 82   2200
      08/01/2013  04:00:17        2.3800E+00     21/ 82   2197
      08/01/2013  04:00:41        2.3800E+00     22/ 82   1709
      08/01/2013  04:01:08        2.3800E+00     23/ 82   1891
      08/01/2013  04:01:31        2.3800E+00     24/ 82   1519
      08/01/2013  04:01:51        2.3800E+00     25/ 82   1358
      08/01/2013  04:02:08        2.3800E+00     26/ 82   1157
      08/01/2013  04:02:25        2.3800E+00     27/ 82   1136
      08/01/2013  04:02:42        2.3800E+00     28/ 82   1124
      08/01/2013  04:02:56        2.3800E+00     29/ 82    967
      08/01/2013  04:03:11        2.3800E+00     30/ 82   1037
      08/01/2013  04:03:27        2.3800E+00     31/ 82   1046
      08/01/2013  04:03:42        2.3800E+00     32/ 82   1046
      08/01/2013  04:03:54        2.3800E+00     33/ 82    787
      08/01/2013  04:04:04        2.3800E+00     34/ 82    625
      08/01/2013  04:04:15        2.3800E+00     35/ 82    780
      08/01/2013  04:04:25        2.3800E+00     36/ 82    671
      08/01/2013  04:04:35        2.3800E+00     37/ 82    659
      08/01/2013  04:04:45        2.3800E+00     38/ 82    653
      08/01/2013  04:04:55        2.3800E+00     39/ 82    630
      08/01/2013  04:05:05        2.3800E+00     40/ 82    666
      08/01/2013  04:05:14        2.3800E+00     41/ 82    627
      08/01/2013  04:05:35        2.3800E+00     42/ 82   1444
      08/01/2013  04:05:56        2.3800E+00     43/ 82   1444
      08/01/2013  04:06:21        2.3800E+00     44/ 82   1761
      08/01/2013  04:06:42        2.3800E+00     45/ 82   1439
      08/01/2013  04:06:54        2.3800E+00     46/ 82    827
      08/01/2013  04:07:14        2.3800E+00     47/ 82   1357
      08/01/2013  04:07:34        2.3800E+00     48/ 82   1350
      08/01/2013  04:07:51        2.3800E+00     49/ 82   1207
      08/01/2013  04:08:09        2.3800E+00     50/ 82   1205
      08/01/2013  04:08:27        2.3800E+00     51/ 82   1216
      08/01/2013  04:08:42        2.3800E+00     52/ 82   1049
      08/01/2013  04:08:58        2.3800E+00     53/ 82   1049
      08/01/2013  04:09:19        2.3800E+00     54/ 82   1457
      08/01/2013  04:09:36        2.3800E+00     55/ 82   1200
      08/01/2013  04:09:51        2.3800E+00     56/ 82    998
      08/01/2013  04:10:11        2.3800E+00     57/ 82   1401
      08/01/2013  04:10:34        2.3800E+00     58/ 82   1624
      08/01/2013  04:10:57        2.3800E+00     59/ 82   1620
      08/01/2013  04:11:20        2.3800E+00     60/ 82   1603
      08/01/2013  04:11:44        2.3800E+00     61/ 82   1695
      08/01/2013  04:12:01        2.3800E+00     62/ 82   1138
      08/01/2013  04:12:17        2.3800E+00     63/ 82   1108
      08/01/2013  04:12:30        2.3800E+00     64/ 82    840
      08/01/2013  04:12:48        2.3800E+00     65/ 82   1278
      08/01/2013  04:13:08        2.3800E+00     66/ 82   1413
      08/01/2013  04:13:28        2.3800E+00     67/ 82   1376
      08/01/2013  04:13:50        2.3800E+00     68/ 82   1508
      08/01/2013  04:14:09        2.3800E+00     69/ 82   1371
      08/01/2013  04:14:29        2.3800E+00     70/ 82   1355
      08/01/2013  04:14:45        2.3800E+00     71/ 82   1123
      08/01/2013  04:14:59        2.3800E+00     72/ 82    963
      08/01/2013  04:15:13        2.3800E+00     73/ 82    949
      08/01/2013  04:15:27        2.3800E+00     74/ 82    947
      08/01/2013  04:15:41        2.3800E+00     75/ 82    962
      08/01/2013  04:15:57        2.3800E+00     76/ 82   1045
      08/01/2013  04:16:12        2.3800E+00     77/ 82   1047
      08/01/2013  04:16:27        2.3800E+00     78/ 82   1049
      08/01/2013  04:16:39        2.3800E+00     79/ 82    788
      08/01/2013  04:16:54        2.3800E+00     80/ 82   1059
      08/01/2013  04:17:04        2.3800E+00     81/ 82    660
      08/01/2013  04:17:14        2.3800E+00     82/ 82    660

  Frequency-domain model output for moving rectangular loop Tx with fixed offset receiver(s).

  Line 1010    Survey azimuth =  60 degrees    Units = ratio


  Abs (Bz / Bx Ratio  Model Output for Line 1010
  -------------------------------------------

             RECEIVER POSITIONS               FREQUENCIES
         East        North     Elev  19840.00      6266.00      1962.00       629.90       215.10        75.03        22.44         7.10         2.38

  1       123.3      -475.0      0.0    1.460        1.123        1.576        3.147        7.812        21.70        73.45        244.2        763.1    
  2       166.6      -450.0      0.0    2.712        2.959        4.473        8.506        20.27        54.43        174.1        540.8        1630.    
  3       209.9      -425.0      0.0    8.124        8.655        12.08        21.01        47.01        125.0        396.7        1203.        3599.    
  4       253.2      -400.0      0.0    23.29        22.03        27.92        44.94        93.24        243.0        761.7        2242.        6584.    
  5       296.5      -375.0      0.0    51.75        46.58        54.23        81.34        157.0        400.7        1249.        3563.       0.1012E+05
  6       339.8      -350.0      0.0    89.78        79.39        86.67        123.0        224.3        558.9        1757.        4877.       0.1341E+05
  7       383.1      -325.0      0.0    118.9        106.8        112.6        154.8        275.2        673.7        2130.        5813.       0.1551E+05
  8       426.4      -300.0      0.0    125.8        115.5        122.6        167.8        294.3        709.8        2258.        6112.       0.1598E+05
  9       469.7      -275.0      0.0    112.8        106.5        115.4        160.5        285.0        678.5        2142.        5774.       0.1493E+05
 10       513.0      -250.0      0.0    90.62        86.92        97.04        138.8        251.7        593.3        1849.        4992.       0.1288E+05
 11       556.3      -225.0      0.0    64.76        63.94        74.26        110.0        204.8        478.5        1466.        3963.       0.1028E+05
 12       599.6      -200.0      0.0    40.78        41.41        50.64        78.58        151.3        352.5        1056.        2874.        7544.    
 13       642.9      -175.0      0.0    21.05        22.64        29.39        48.70        97.46        227.8        670.4        1844.        4924.    
 14       686.2      -150.0      0.0    7.443        8.760        12.45        22.18        46.89        111.5        327.3        920.2        2518.    
 15       729.5      -125.0      0.0    5.231        7.074        10.96        19.96        41.06        96.92        286.1        808.7        2223.    
 16       772.8      -100.0      0.0    54.89        34.08        33.32        46.24        80.25        172.5        472.5        1276.        3428.    
 17       816.1       -75.0      0.0    12.11        19.20        40.50        75.78        125.1        244.8        610.4        1580.        4170.    
 18       859.4       -50.0      0.0    7.016        11.35        27.00        71.99        142.8        265.8        615.6        1561.        4098.    
 19       902.7       -25.0      0.0    13.02        23.14        33.98        53.00        83.42        146.6        347.6        924.4        2511.    
 20       946.0         0.0      0.0    1.647        5.980        17.18        44.26        61.02        96.03        227.5        618.1        1705.    
 21       989.3        25.0      0.0    4.414        7.607        14.02        33.07        77.96        157.5        392.4        1069.        2937.    
 22      1032.6        50.0      0.0    2.821        2.624        2.952        5.168        14.84        50.34        191.2        633.9        1936.    
 23      1075.9        75.0      0.0    2.437        2.082        1.899        2.131        3.471        7.466        21.38        63.39        183.9    
 24      1119.2       100.0      0.0    7.779        11.99        23.33        42.39        65.21        114.5        272.8        718.6        1952.    
 25      1162.5       125.0      0.0    25.05        31.23        53.23        116.1        252.9        476.7        1019.        2382.        6021.    
 26      1205.8       150.0      0.0    74.25        77.93        112.3        216.8        552.0        1346.        2704.        5464.       0.1269E+05
 27      1249.1       175.0      0.0    179.7        167.9        211.0        359.1        932.9        2706.        5710.       0.1008E+05   0.2154E+05
 28      1292.4       200.0      0.0    334.9        274.5        296.7        422.6        898.0        2002.        5686.       0.1401E+05   0.3258E+05
 29      1335.7       225.0      0.0    260.8        207.5        211.6        276.1        492.8        997.3        2966.       0.1135E+05   0.4587E+05
 30      1379.0       250.0      0.0    57.79        57.43        72.99        111.9        207.5        440.7        1341.        5305.       0.2886E+05
 31      1422.3       275.0      0.0    6.951        8.470        13.09        25.48        55.77        133.4        421.1        1520.        5721.    
 32      1465.6       300.0      0.0   0.7015        1.111        1.862        3.843        9.377        24.77        81.24        268.3        847.0    
 33      1508.9       325.0      0.0    2.526        3.323        5.096        9.867        22.67        57.69        187.2        623.3        1994.    
 34      1552.2       350.0      0.0    8.787        11.27        14.61        24.55        49.73        117.6        371.4        1246.        4085.    
 35      1595.5       375.0      0.0    43.70        39.30        45.71        68.99        122.4        268.0        844.7        3037.       0.1091E+05
 36      1638.8       400.0      0.0    86.57        76.70        80.62        107.8        175.4        365.3        1132.        4034.       0.1434E+05
 37      1682.1       425.0      0.0    95.19        86.85        90.86        118.8        188.8        385.5        1176.        4067.       0.1370E+05
 38      1725.4       450.0      0.0    79.45        74.11        79.48        105.5        168.5        341.4        1025.        3367.       0.1066E+05
 39      1768.7       475.0      0.0    51.53        49.22        54.55        74.47        122.8        250.6        732.3        2275.        6826.    
 40      1812.1       500.0      0.0    19.57        20.12        24.08        35.36        62.89        132.5        377.1        1117.        3234.    
 41      1855.4       525.0      0.0    5.114        6.309        8.988        15.26        29.89        65.34        182.8        526.6        1502.    

  Line 1510    Survey azimuth =  60 degrees    Units = ratio


  Abs (Bz / Bx Ratio  Model Output for Line 1510
  -------------------------------------------

             RECEIVER POSITIONS               FREQUENCIES
         East        North     Elev  19840.00      6266.00      1962.00       629.90       215.10        75.03        22.44         7.10         2.38

  1       -36.7      -475.0      0.0    1.511        3.509        9.210        18.05        34.59        74.83        183.0        440.9        1155.    
  2         6.6      -450.0      0.0   0.8680        1.095        2.574        8.932        33.34        120.8        364.8        789.7        1915.    
  3        49.9      -425.0      0.0    4.679        6.088        10.06        21.87        53.61        136.5        408.0        1154.        3305.    
  4        93.2      -400.0      0.0    12.20        11.45        14.77        27.25        63.60        167.4        542.3        1672.        5077.    
  5       136.5      -375.0      0.0    36.15        29.26        31.00        48.73        106.4        280.5        932.2        2927.        9100.    
  6       179.8      -350.0      0.0    74.13        60.31        58.68        80.85        162.6        418.6        1375.        4191.       0.1251E+05
  7       223.1      -325.0      0.0    108.2        91.80        89.41        114.5        214.8        538.6        1755.        5179.       0.1489E+05
  8       266.4      -300.0      0.0    117.3        103.5        106.8        137.8        253.3        660.0        2358.        7587.       0.2218E+05
  9       309.7      -275.0      0.0    111.4        102.3        108.4        143.5        249.8        604.0        1924.        5429.       0.1475E+05
 10       353.0      -250.0      0.0    89.87        85.46        94.49        130.9        230.9        543.8        1714.        4765.       0.1278E+05
 11       396.3      -225.0      0.0    64.80        63.29        73.05        106.5        191.7        448.7        1386.        3830.       0.1023E+05
 12       439.6      -200.0      0.0    40.65        41.15        50.07        77.08        144.1        336.3        1015.        2806.        7518.    
 13       482.9      -175.0      0.0    20.98        22.52        29.10        47.87        94.15        220.9        653.5        1817.        4918.    
 14       526.2      -150.0      0.0    7.351        8.651        12.28        21.87        46.52        112.7        335.1        955.9        2641.    
 15       569.5      -125.0      0.0    5.193        7.024        10.89        19.64        40.53        95.22        282.2        803.2        2222.    
 16       612.8      -100.0      0.0    52.87        33.23        32.66        45.39        78.60        166.5        462.8        1264.        3417.    
 17       656.1       -75.0      0.0    12.23        19.56        40.76        73.43        117.6        227.7        589.3        1548.        4113.    
 18       699.4       -50.0      0.0    7.030        11.51        26.17        64.92        122.2        233.5        579.4        1497.        3964.    
 19       742.7       -25.0      0.0    7.074        15.75        29.63        43.96        68.44        131.0        336.2        908.4        2481.    
 20       786.0         0.0      0.0   0.3589        1.623        5.908        14.60        28.19        60.24        162.9        456.1        1274.    
 21       829.3        25.0      0.0   0.8581        1.914        3.753        8.412        19.83        49.41        149.5        447.7        1297.    
 22       872.6        50.0      0.0   0.6143       0.9129        1.737        4.230        12.16        36.38        129.9        428.8        1307.    
 23       915.9        75.0      0.0   0.7642        1.125        2.332        5.517        14.36        39.81        132.3        418.8        1248.    
 24       959.2       100.0      0.0    1.277        2.129        4.054        8.302        20.33        55.44        180.0        558.7        1652.    
 25      1002.5       125.0      0.0    13.05        14.95        13.67        17.54        35.05        84.32        242.8        705.3        2019.    
 26      1045.8       150.0      0.0    1.368        2.395        5.496        16.28        51.60        127.3        308.3        791.4        2127.    
 27      1089.1       175.0      0.0    10.24        10.43        8.122        8.394        13.28        26.91        71.93        203.0        573.2    
 28      1132.4       200.0      0.0    10.51        14.76        28.45        61.10        104.2        184.7        425.2        1071.        2825.    
 29      1175.7       225.0      0.0    34.97        41.08        68.19        150.3        340.2        669.7        1386.        3055.        7419.    
 30      1219.0       250.0      0.0    99.27        101.2        143.4        276.4        710.8        1835.        3516.        6507.       0.1439E+05
 31      1262.3       275.0      0.0    236.5        211.8        264.4        441.3        1068.        2912.        6411.       0.1130E+05   0.2341E+05
 32      1305.6       300.0      0.0    389.5        308.0        334.3        461.9        842.4        1720.        4811.       0.1406E+05   0.3509E+05
 33      1348.9       325.0      0.0    192.2        163.9        187.6        261.8        435.1        857.9        2518.        9824.       0.4798E+05
 34      1392.2       350.0      0.0    32.56        34.66        48.05        85.82        164.1        353.9        1075.        4143.       0.2009E+05
 35      1435.5       375.0      0.0    3.103        4.076        6.544        13.44        31.54        78.69        252.2        872.6        2986.    
 36      1478.8       400.0      0.0    1.237        1.828        2.944        5.928        14.28        37.35        122.1        403.7        1276.    
 37      1522.1       425.0      0.0    3.633        4.469        6.474        12.09        27.54        69.79        227.2        760.4        2436.    
 38      1565.4       450.0      0.0    15.74        15.57        20.16        34.53        70.92        168.3        545.8        1936.        6655.    
 39      1608.7       475.0      0.0    58.86        52.29        58.40        84.29        148.2        317.9        998.4        3576.       0.1273E+05
 40      1652.1       500.0      0.0    93.31        83.76        87.47        115.8        190.2        393.3        1213.        4240.       0.1479E+05
 41      1695.4       525.0      0.0    92.43        85.24        89.85        118.2        190.9        388.5        1179.        4006.       0.1310E+05


  Loki forward model completed at 04:17 on 08 JAN 2013

  Computation time =   12018.01 seconds.


