
  ------------------------------------------------------------------------------
  | Program:  Samaya                                  
  | Version:  2.0.1                                   
  | Date:     09 February, 2021                       
  |
  | Authors:  CSIRO Electromagnetic Modelling Group   
  |           Art Raiche, Fred Sugeng and Glenn Wilson
  | Contact:  David Annetts (david.annetts@csiro.au)  
  | Project:  AMIRA P223F                             
  | License:  GPL-2.0 (Full text at https://opensource.org/licenses/gpl-2.0.php)              
  |
  | Compiler: GCC version 9.3.0
  | Options:  -march=cascadelake -mmmx -mno-3dnow -msse -msse2 -msse3 -mssse3 -mno-sse4a -mcx16 -msahf -mmovbe -maes -mno-sha -mpclmul -mpopcnt -mabm -mno-lwp -mfma -mno-fma4 -mno-xop -mbmi -mno-sgx -mbmi2 -mno-pconfig -mno-wbnoinvd -mno-tbm -mavx -mavx2 -msse4.2 -msse4.1 -mlzcnt -mno-rtm -mno-hle -mrdrnd -mf16c -mfsgsbase -mrdseed -mprfchw -madx -mfxsr -mxsave -mxsaveopt -mavx512f -mno-avx512er -mavx512cd -mno-avx512pf -mno-prefetchwt1 -mclflushopt -mxsavec -mxsaves -mavx512dq -mavx512bw -mavx512vl -mno-avx512ifma -mno-avx512vbmi -mno-avx5124fmaps -mno-avx5124vnniw -mclwb -mno-mwaitx -mno-clzero -mpku -mno-rdpid -mno-gfni -mno-shstk -mno-avx512vbmi2 -mavx512vnni -mno-vaes -mno-vpclmulqdq -mno-avx512bitalg -mno-avx512vpopcntdq -mno-movdiri -mno-movdir64b -mno-waitpkg -mno-cldemote -mno-ptwrite --param l1-cache-size=32 --param l1-cache-line-size=64 --param l2-cache-size=22528 -mtune=cascadelake -O3 -fwhole-program -fdefault-double-8 -fdefault-real-8 -fpre-include=/usr/include/finclude/math-vector-fortran.h
  |
  | Started:  2021-02-09T09:42:22
  ------------------------------------------------------------------------------

          INPUT DATA
          ----------


 Central loop over vertical plate                                                                                        

  TDFD = 1;   DO3D =  1;   ISYS = 0;   PRFL =  1;   ISTOP = 0

          +-----------------------------------------+
          +  Time-Domain Ground System Information  +
          +-----------------------------------------+

  STEP = 0;   NSX =   4;   NCHNL =  20;   KRXW = 1;   REFTYM =   0.000    ;   OFFTYM =   30.00    


             TXON (ms)    Transmitter current (amps)
             ---------    --------------------------

      1        0.000         0.000    
      2        0.400         10.00    
      3       29.600         10.00    
      4       30.000         0.000    


         Receiver channel origin INPUT is shifted by    0.000 ms from signal origin.

         Receiver Window Specifications (ms - referenced to signal origin)
         ----------------------------------------------------------------

                                                             Referenced
       Window     Open       Close       Width     Centre      Centre
       ------     ----       -----       -----     ------      ------
          1      30.315      30.659      0.344      30.487     30.487
          2      30.707      31.051      0.344      30.879     30.879
          3      31.099      31.443      0.344      31.271     31.271
          4      31.491      31.835      0.344      31.663     31.663
          5      31.883      32.227      0.344      32.055     32.055
          6      32.275      33.011      0.736      32.643     32.643
          7      33.059      33.795      0.736      33.427     33.427
          8      33.843      34.579      0.736      34.211     34.211
          9      34.627      35.363      0.736      34.995     34.995
         10      35.411      36.147      0.736      35.779     35.779
         11      36.195      37.715      1.520      36.955     36.955
         12      37.763      39.283      1.520      38.523     38.523
         13      39.331      40.851      1.520      40.091     40.091
         14      40.899      42.419      1.520      41.659     41.659
         15      42.467      43.987      1.520      43.227     43.227
         16      44.035      47.123      3.088      45.579     45.579
         17      47.171      50.259      3.088      48.715     48.715
         18      50.307      53.395      3.088      51.851     51.851
         19      53.443      56.531      3.088      54.987     54.987
         20      56.579      59.667      3.088      58.123     58.123


  SURVEY_TYPE = 2
  NTXL =  1;   MRXL = 12;   MRXTX = 1;   NTRN =  1

  Moving Loop Tx Line  1;   NTX = 12;   Tx_length =  200.0;   Tx_width =  100.0
  --------------------------------------------------------------------------
  Initial position (E,N) :     -300.0        0.0
            Line_azimuth :  90.0
       Station_intervals :    50.0    50.0    50.0    50.0    50.0    50.0    50.0    50.0    50.0    50.0    50.0

  X,Y,Z Rx offsets for Line    10100:    0.0    0.0    0.0
    CMP = 123:  UNITS = 11;   KNORM =  0;   IPLT = 1;   RXMNT =   1.000    


  NLAYER =  1;   NLITH =  7


                          LITHOLOGY PROPERTIES
                          --------------------

                                  Relative   Relative     Cole-Cole Parameters
        Resistivity  Conductance     MU     Dielectric   CHRG    CTAU       CFREQ

   1      1.000         -1.0       1.000      1.000      0.00    0.00        1.00
   2      1.000         -1.0       1.000      1.000      0.00    0.00        1.00
   3      100.0         -1.0       1.000      1.000      0.00    0.00        1.00
   4      1.000         50.0       1.000      1.000      0.00    0.00        1.00
   5      20.00         30.0       1.000      1.000      0.40    1.17        0.20
   6      5.000         42.0       1.000      1.000      0.00    0.00        1.00
   7      1.000        200.0       1.000      1.000      0.20    1.20        0.40


  LAYERED EARTH INPUT DATA
  ------------------------

   1   3             Basement Lithology


  MESH AND LITHOLOGIES DESCRIPTION
  --------------------------------

  Number of node "slices" along North-South axis =  9
  Number of node rows in each slice =   6
  Number of node columns in each slice =   3
  KACC = 2    SOLVER = 1    OUTPUT =  10



  Before computation begins, Samaya may transform array and model coordinates
  from GPS coordimnates where elevation increases positive upwards to a
  body-centred system where depth increases positive downwards.
  In this system, the dip of magnetic dipole transmitters and receivers
  = 0 for vertical dipoles and 90 for horizontal dipoles.

  The computational horizontal origin remains unchanged.

        Transformed Receiver & Transmitter Vertex Coordinates
        -----------------------------------------------------

                        Transmitter             Receiver               Plot Point
    Line              East      North         East      North         East      North

   10100   1   1     -200.0       50.0       -300.0        0.0       -300.0        0.0
               2     -200.0      -50.0
               3     -400.0      -50.0
               4     -400.0       50.0

           2   1     -150.0       50.0       -250.0        0.0       -250.0        0.0
               2     -150.0      -50.0
               3     -350.0      -50.0
               4     -350.0       50.0

           3   1     -100.0       50.0       -200.0        0.0       -200.0        0.0
               2     -100.0      -50.0
               3     -300.0      -50.0
               4     -300.0       50.0

           4   1      -50.0       50.0       -150.0        0.0       -150.0        0.0
               2      -50.0      -50.0
               3     -250.0      -50.0
               4     -250.0       50.0

           5   1        0.0       50.0       -100.0        0.0       -100.0        0.0
               2        0.0      -50.0
               3     -200.0      -50.0
               4     -200.0       50.0

           6   1       50.0       50.0        -50.0        0.0        -50.0        0.0
               2       50.0      -50.0
               3     -150.0      -50.0
               4     -150.0       50.0

           7   1      100.0       50.0          0.0        0.0          0.0        0.0
               2      100.0      -50.0
               3     -100.0      -50.0
               4     -100.0       50.0

           8   1      150.0       50.0         50.0        0.0         50.0        0.0
               2      150.0      -50.0
               3      -50.0      -50.0
               4      -50.0       50.0

           9   1      200.0       50.0        100.0        0.0        100.0        0.0
               2      200.0      -50.0
               3        0.0      -50.0
               4        0.0       50.0

          10   1      250.0       50.0        150.0        0.0        150.0        0.0
               2      250.0      -50.0
               3       50.0      -50.0
               4       50.0       50.0

          11   1      300.0       50.0        200.0        0.0        200.0        0.0
               2      300.0      -50.0
               3      100.0      -50.0
               4      100.0       50.0

          12   1      350.0       50.0        250.0        0.0        250.0        0.0
               2      350.0      -50.0
               3      150.0      -50.0
               4      150.0       50.0


          +----------------------------------+
          +  Layered Earth Model Parameters  +
          +----------------------------------+

                    Depth
 Layer  Thickness   to Top    Resistivity   MU-R   EPS-R   CHRG    CFREQ    CTAU
 -----  ---------   ------    -----------   ----   -----   ----    -----    ----
   1                   0.0      100.0       1.00   1.00    0.00    1.00      0.0    

  Samaya will compute 3D responses for a time-domain system.


---------------------------------------------------------------------------
                       END OF INPUT DATA DESCRIPTION
---------------------------------------------------------------------------

  The frequency-domain results are directly computed from
    0.1000     Hz to   10.00     Hz, using  3 points per decade and from
     10.00     Hz to  0.1000E+06 Hz, using  6 points per decade.

  These are used to construct the frequency-domain spectrum from DC to  0.1000     Hz
  before transformation to the time domain.  The transformed result is folded over


  Line 10100    Survey azimuth =  90 degrees    Units = nanoteslas / sec    Plot point: Rx

         Z : Vertical Component Model Output for Line 10100
         ----------------------------------------------

          RECEIVER POSITIONS            CHNL 1       CHNL 2       CHNL 3       CHNL 4       CHNL 5       CHNL 6       CHNL 7       CHNL 8       CHNL 9      CHNL 10      CHNL 11      CHNL 12      CHNL 13      CHNL 14      CHNL 15      CHNL 16      CHNL 17      CHNL 18      CHNL 19      CHNL 20 
        Easting    Northing     Elev    30.49        30.88        31.27        31.66        32.05        32.64        33.43        34.21        35.00        35.78        36.95        38.52        40.09        41.66        43.23        45.58        48.72        51.85        54.99        58.12    

  1      -300.0         0.0      0.0    343.0        122.8        66.18        40.76        26.70        15.31        7.680        4.173        2.453        1.543       0.8937       0.4995       0.3067       0.2126       0.1532       0.9863E-01   0.5982E-01   0.4007E-01   0.2700E-01   0.1926E-01
  2      -250.0         0.0      0.0    382.1        147.6        81.61        50.49        32.88        18.52        8.990        4.710        2.675        1.633       0.9184       0.5062       0.3062       0.2128       0.1540       0.9882E-01   0.5954E-01   0.4040E-01   0.2695E-01   0.1914E-01
  3      -200.0         0.0      0.0    455.4        187.7        105.4        65.11        41.99        23.18        10.85        5.454        2.977        1.751       0.9481       0.5135       0.3046       0.2122       0.1548       0.9894E-01   0.5901E-01   0.4082E-01   0.2684E-01   0.1894E-01
  4      -150.0         0.0      0.0    577.0        246.8        138.5        84.66        53.83        29.02        13.09        6.316        3.313        1.876       0.9740       0.5184       0.3011       0.2102       0.1550       0.9890E-01   0.5814E-01   0.4124E-01   0.2668E-01   0.1867E-01
  5      -100.0         0.0      0.0    695.8        293.4        160.5        95.85        59.73        31.44        13.77        6.483        3.338        1.866       0.9541       0.5090       0.2957       0.2057       0.1529       0.9834E-01   0.5721E-01   0.4114E-01   0.2652E-01   0.1848E-01
  6       -50.0         0.0      0.0    605.5        222.5        112.3        64.24        39.15        20.48        9.150        4.527        2.487        1.496       0.8371       0.4711       0.2903       0.2007       0.1475       0.9654E-01   0.5743E-01   0.3966E-01   0.2652E-01   0.1875E-01
  7         0.0         0.0      0.0    427.8        112.6        45.35        23.27        13.81        7.713        4.085        2.489        1.637        1.140       0.7366       0.4393       0.2877       0.1990       0.1435       0.9487E-01   0.5831E-01   0.3823E-01   0.2659E-01   0.1914E-01
  8        50.0         0.0      0.0    605.5        222.5        112.3        64.24        39.15        20.48        9.150        4.527        2.487        1.496       0.8371       0.4711       0.2903       0.2007       0.1475       0.9654E-01   0.5742E-01   0.3966E-01   0.2652E-01   0.1875E-01
  9       100.0         0.0      0.0    695.8        293.4        160.5        95.85        59.73        31.44        13.77        6.483        3.338        1.866       0.9541       0.5090       0.2958       0.2057       0.1529       0.9834E-01   0.5721E-01   0.4114E-01   0.2652E-01   0.1848E-01
 10       150.0         0.0      0.0    577.0        246.8        138.5        84.66        53.83        29.02        13.09        6.316        3.313        1.876       0.9740       0.5184       0.3011       0.2102       0.1550       0.9890E-01   0.5814E-01   0.4124E-01   0.2668E-01   0.1867E-01
 11       200.0         0.0      0.0    455.4        187.7        105.4        65.11        41.99        23.18        10.85        5.454        2.977        1.751       0.9481       0.5134       0.3046       0.2122       0.1548       0.9894E-01   0.5901E-01   0.4082E-01   0.2684E-01   0.1894E-01
 12       250.0         0.0      0.0    382.1        147.6        81.61        50.49        32.88        18.52        8.991        4.710        2.675        1.633       0.9184       0.5062       0.3062       0.2128       0.1540       0.9882E-01   0.5954E-01   0.4040E-01   0.2695E-01   0.1914E-01

         X : Radial Component Model Output for Line 10100
         --------------------------------------------

          RECEIVER POSITIONS            CHNL 1       CHNL 2       CHNL 3       CHNL 4       CHNL 5       CHNL 6       CHNL 7       CHNL 8       CHNL 9      CHNL 10      CHNL 11      CHNL 12      CHNL 13      CHNL 14      CHNL 15      CHNL 16      CHNL 17      CHNL 18      CHNL 19      CHNL 20 
        Easting    Northing     Elev    30.49        30.88        31.27        31.66        32.05        32.64        33.43        34.21        35.00        35.78        36.95        38.52        40.09        41.66        43.23        45.58        48.72        51.85        54.99        58.12    

  1      -300.0         0.0      0.0    38.37        21.09        11.27        6.049        3.201        1.189       0.1626      -0.1119      -0.1507      -0.1302      -0.9016E-01  -0.4679E-01  -0.2812E-01  -0.1795E-01  -0.1098E-01  -0.6277E-02  -0.3984E-02  -0.1957E-02  -0.1388E-02  -0.1025E-02
  2      -250.0         0.0      0.0    54.69        24.01        11.25        5.299        2.356       0.5154      -0.2497      -0.3479      -0.2845      -0.2071      -0.1284      -0.6355E-01  -0.3608E-01  -0.2332E-01  -0.1442E-01  -0.8005E-02  -0.5009E-02  -0.2593E-02  -0.1730E-02  -0.1257E-02
  3      -200.0         0.0      0.0    64.90        20.84        6.928        1.618      -0.4608       -1.256       -1.147      -0.7990      -0.5152      -0.3277      -0.1824      -0.8586E-01  -0.4554E-01  -0.2992E-01  -0.1886E-01  -0.1015E-01  -0.6174E-02  -0.3469E-02  -0.2128E-02  -0.1503E-02
  4      -150.0         0.0      0.0    47.07       0.4940       -8.248       -9.012       -7.747       -5.386       -3.017       -1.650      -0.9110      -0.5137      -0.2537      -0.1122      -0.5400E-01  -0.3637E-01  -0.2375E-01  -0.1228E-01  -0.7068E-02  -0.4553E-02  -0.2457E-02  -0.1641E-02
  5      -100.0         0.0      0.0   -39.04       -55.23       -43.54       -31.35       -21.95       -12.77       -6.027       -2.880       -1.420      -0.7193      -0.3086      -0.1266      -0.5215E-01  -0.3623E-01  -0.2533E-01  -0.1248E-01  -0.6285E-02  -0.5238E-02  -0.2277E-02  -0.1324E-02
  6       -50.0         0.0      0.0   -148.5       -110.4       -73.25       -47.62       -30.96       -16.61       -7.143       -3.134       -1.431      -0.6696      -0.2487      -0.9508E-01  -0.3145E-01  -0.2196E-01  -0.1743E-01  -0.8365E-02  -0.2980E-02  -0.4069E-02  -0.1263E-02  -0.4833E-03
  7         0.0         0.0      0.0  -0.1057E-01  -0.6303E-02  -0.3259E-02  -0.1858E-02  -0.1167E-02  -0.6386E-03  -0.2877E-03  -0.1316E-03  -0.5827E-04  -0.2632E-04  -0.9621E-05  -0.2511E-05  -0.6767E-06  -0.5423E-06  -0.4159E-06  -0.1420E-06  -0.4067E-07  -0.1042E-06  -0.1278E-07   0.4733E-08
  8        50.0         0.0      0.0    148.4        110.4        73.25        47.62        30.96        16.61        7.143        3.134        1.431       0.6696       0.2487       0.9507E-01   0.3144E-01   0.2196E-01   0.1743E-01   0.8365E-02   0.2980E-02   0.4069E-02   0.1264E-02   0.4833E-03
  9       100.0         0.0      0.0    39.04        55.23        43.54        31.35        21.95        12.77        6.027        2.880        1.420       0.7193       0.3086       0.1266       0.5215E-01   0.3623E-01   0.2533E-01   0.1248E-01   0.6285E-02   0.5238E-02   0.2277E-02   0.1324E-02
 10       150.0         0.0      0.0   -47.07      -0.4945        8.248        9.012        7.747        5.386        3.017        1.650       0.9110       0.5137       0.2537       0.1122       0.5400E-01   0.3637E-01   0.2375E-01   0.1228E-01   0.7068E-02   0.4553E-02   0.2457E-02   0.1641E-02
 11       200.0         0.0      0.0   -64.91       -20.84       -6.928       -1.618       0.4608        1.256        1.147       0.7990       0.5152       0.3277       0.1824       0.8586E-01   0.4554E-01   0.2992E-01   0.1886E-01   0.1015E-01   0.6174E-02   0.3469E-02   0.2128E-02   0.1503E-02
 12       250.0         0.0      0.0   -54.69       -24.01       -11.25       -5.299       -2.356      -0.5154       0.2498       0.3479       0.2845       0.2071       0.1284       0.6355E-01   0.3608E-01   0.2332E-01   0.1442E-01   0.8005E-02   0.5009E-02   0.2593E-02   0.1730E-02   0.1257E-02

         Y : Tangential Component Model Output for Line 10100
         ------------------------------------------------

          RECEIVER POSITIONS            CHNL 1       CHNL 2       CHNL 3       CHNL 4       CHNL 5       CHNL 6       CHNL 7       CHNL 8       CHNL 9      CHNL 10      CHNL 11      CHNL 12      CHNL 13      CHNL 14      CHNL 15      CHNL 16      CHNL 17      CHNL 18      CHNL 19      CHNL 20 
        Easting    Northing     Elev    30.49        30.88        31.27        31.66        32.05        32.64        33.43        34.21        35.00        35.78        36.95        38.52        40.09        41.66        43.23        45.58        48.72        51.85        54.99        58.12    

  1      -300.0         0.0      0.0   0.6500E-02  -0.2707E-02  -0.4986E-02  -0.4733E-02  -0.3783E-02  -0.2394E-02  -0.1157E-02  -0.5348E-03  -0.2417E-03  -0.1034E-03  -0.3490E-04  -0.9718E-05   0.2042E-07  -0.1502E-05  -0.1316E-05   0.5740E-07   0.7123E-07  -0.2811E-06   0.8143E-07   0.1031E-06
  2      -250.0         0.0      0.0   0.6559E-02  -0.7218E-02  -0.9274E-02  -0.7967E-02  -0.6038E-02  -0.3643E-02  -0.1683E-02  -0.7500E-03  -0.3298E-03  -0.1371E-03  -0.4313E-04  -0.1208E-04   0.9070E-06  -0.1425E-05  -0.1617E-05   0.9479E-07   0.2274E-06  -0.4010E-06   0.1241E-06   0.1657E-06
  3      -200.0         0.0      0.0   0.2083E-02  -0.1615E-01  -0.1654E-01  -0.1308E-01  -0.9443E-02  -0.5448E-02  -0.2409E-02  -0.1036E-02  -0.4435E-03  -0.1795E-03  -0.5227E-04  -0.1491E-04   0.2161E-05  -0.1084E-05  -0.1935E-05   0.1084E-06   0.4830E-06  -0.5651E-06   0.1802E-06   0.2550E-06
  4      -150.0         0.0      0.0  -0.1171E-01  -0.3023E-01  -0.2641E-01  -0.1947E-01  -0.1346E-01  -0.7445E-02  -0.3154E-02  -0.1308E-02  -0.5459E-03  -0.2156E-03  -0.5762E-04  -0.1695E-04   0.3567E-05  -0.2765E-06  -0.2065E-05   0.6894E-07   0.8231E-06  -0.7262E-06   0.2364E-06   0.3545E-06
  5      -100.0         0.0      0.0  -0.2503E-01  -0.3624E-01  -0.2879E-01  -0.2024E-01  -0.1356E-01  -0.7262E-02  -0.2972E-02  -0.1196E-02  -0.4875E-03  -0.1880E-03  -0.4579E-04  -0.1373E-04   0.4070E-05   0.7641E-06  -0.1471E-05   0.7076E-07   0.9602E-06  -0.6471E-06   0.2396E-06   0.3612E-06
  6       -50.0         0.0      0.0  -0.1052E-01  -0.1500E-01  -0.1180E-01  -0.8208E-02  -0.5442E-02  -0.2875E-02  -0.1153E-02  -0.4538E-03  -0.1806E-03  -0.6707E-04  -0.1401E-04  -0.3835E-05   0.2432E-05   0.9123E-06  -0.2226E-06   0.1903E-06   0.5024E-06  -0.1955E-06   0.1316E-06   0.1707E-06
  7         0.0         0.0      0.0   0.5313E-02   0.1726E-02   0.6302E-03   0.2575E-03   0.1150E-03   0.4490E-04   0.1592E-04   0.7736E-05   0.4124E-05   0.2659E-05   0.1586E-05   0.7010E-06   0.5151E-06   0.2717E-06   0.1765E-06   0.1249E-06   0.6223E-07   0.3827E-07   0.2619E-07   0.1712E-07
  8        50.0         0.0      0.0  -0.2289E-01  -0.2113E-01  -0.1509E-01  -0.1009E-01  -0.6575E-02  -0.3450E-02  -0.1396E-02  -0.5628E-03  -0.2331E-03  -0.9413E-04  -0.2567E-04  -0.8771E-05   0.9081E-07  -0.4910E-06  -0.1224E-05  -0.3886E-06   0.2461E-06  -0.4158E-06   0.2594E-07   0.1107E-06
  9       100.0         0.0      0.0  -0.3994E-01  -0.4363E-01  -0.3290E-01  -0.2269E-01  -0.1509E-01  -0.8079E-02  -0.3334E-02  -0.1365E-02  -0.5706E-03  -0.2313E-03  -0.6507E-04  -0.2195E-04   0.2055E-06  -0.1676E-05  -0.3174E-05  -0.8733E-06   0.5051E-06  -0.1009E-05   0.6180E-07   0.2555E-06
 10       150.0         0.0      0.0  -0.2006E-01  -0.3476E-01  -0.2919E-01  -0.2127E-01  -0.1467E-01  -0.8135E-02  -0.3480E-02  -0.1467E-02  -0.6265E-03  -0.2581E-03  -0.7713E-04  -0.2532E-04  -0.3261E-06  -0.2851E-05  -0.3823E-05  -0.8637E-06   0.3390E-06  -0.1084E-05   0.5732E-07   0.2436E-06
 11       200.0         0.0      0.0  -0.1951E-02  -0.1877E-01  -0.1833E-01  -0.1431E-01  -0.1031E-01  -0.5961E-02  -0.2661E-02  -0.1162E-02  -0.5091E-03  -0.2147E-03  -0.6879E-04  -0.2207E-04  -0.1197E-05  -0.3321E-05  -0.3441E-05  -0.6820E-06   0.5921E-07  -0.8653E-06   0.2687E-07   0.1579E-06
 12       250.0         0.0      0.0   0.4598E-02  -0.8835E-02  -0.1047E-01  -0.8834E-02  -0.6659E-02  -0.4020E-02  -0.1873E-02  -0.8473E-03  -0.3814E-03  -0.1653E-03  -0.5665E-04  -0.1802E-04  -0.1930E-05  -0.3304E-05  -0.2866E-05  -0.5626E-06  -0.1303E-06  -0.6457E-06  -0.3967E-08   0.8325E-07

  Samaya forward model run completed: 2021-02-09T09:44:32
  Runtime:       130.68 seconds

