
  ------------------------------------------------------------------------------
  | Program:  Samaya                                  
  | Version:  2.0.1                                   
  | Date:     09 February, 2021                       
  |
  | Authors:  CSIRO Electromagnetic Modelling Group   
  |           Art Raiche, Fred Sugeng and Glenn Wilson
  | Contact:  David Annetts (david.annetts@csiro.au)  
  | Project:  AMIRA P223F                             
  | License:  GPL-2.0 (Full text at https://opensource.org/licenses/gpl-2.0.php)              
  |
  | Compiler: GCC version 9.3.0
  | Options:  -march=cascadelake -mmmx -mno-3dnow -msse -msse2 -msse3 -mssse3 -mno-sse4a -mcx16 -msahf -mmovbe -maes -mno-sha -mpclmul -mpopcnt -mabm -mno-lwp -mfma -mno-fma4 -mno-xop -mbmi -mno-sgx -mbmi2 -mno-pconfig -mno-wbnoinvd -mno-tbm -mavx -mavx2 -msse4.2 -msse4.1 -mlzcnt -mno-rtm -mno-hle -mrdrnd -mf16c -mfsgsbase -mrdseed -mprfchw -madx -mfxsr -mxsave -mxsaveopt -mavx512f -mno-avx512er -mavx512cd -mno-avx512pf -mno-prefetchwt1 -mclflushopt -mxsavec -mxsaves -mavx512dq -mavx512bw -mavx512vl -mno-avx512ifma -mno-avx512vbmi -mno-avx5124fmaps -mno-avx5124vnniw -mclwb -mno-mwaitx -mno-clzero -mpku -mno-rdpid -mno-gfni -mno-shstk -mno-avx512vbmi2 -mavx512vnni -mno-vaes -mno-vpclmulqdq -mno-avx512bitalg -mno-avx512vpopcntdq -mno-movdiri -mno-movdir64b -mno-waitpkg -mno-cldemote -mno-ptwrite --param l1-cache-size=32 --param l1-cache-line-size=64 --param l2-cache-size=22528 -mtune=cascadelake -O3 -fwhole-program -fdefault-double-8 -fdefault-real-8 -fpre-include=/usr/include/finclude/math-vector-fortran.h
  |
  | Started:  2021-02-09T09:42:22
  ------------------------------------------------------------------------------

          INPUT DATA
          ----------


 CSAMT test over vertical plate                                                                                          

  TDFD = 2;   DO3D =  1;   ISYS = 0;   PRFL =  1;   ISTOP = 0

          +----------------------------------------------+
          +  Frequency-Domain Ground System Information  +
          +----------------------------------------------+

  NFRQ =  7

           Frequency      Transmitter current in amps
           ---------      ---------------------------

      1    1.000             20.00    
      2    3.000             20.00    
      3    10.00             20.00    
      4    32.00             20.00    
      5    100.0             20.00    
      6    320.0             20.00    
      7    1000.             20.00    


  SURVEY_TYPE = 1

  NLINES =  4;   MRXL =  21;   NTX =  2;   SOURCE_TYPE = 2;   MXVRTX = 2;   NTRN =  1

  Vertex Locations for Grounded Wire Sources
  ------------------------------------------

  Transmitter  1 has  2 vertices:

            Easting      Northing      Elevation
            -------      --------      ---------
    1      -1500.00          0.00          0.00
    2      -2500.00          0.00          0.00

  Transmitter  2 has  2 vertices:

            Easting      Northing      Elevation
            -------      --------      ---------
    1      -2000.00       -500.00          0.00
    2      -2000.00        500.00          0.00


  Line     1010;   Tx Index  1;   Rx Type = 2;   NRX = 21;   Units =  2

           Electric Dipole Receiver Electrodes
           -----------------------------------

           East 1      North 1       East 2      North 2       Depth
           ------      -------       ------      -------       -----
   1      -950.00         0.00     -1050.00         0.00        -0.00
   2      -850.00         0.00      -950.00         0.00        -0.00
   3      -750.00         0.00      -850.00         0.00        -0.00
   4      -650.00         0.00      -750.00         0.00        -0.00
   5      -550.00         0.00      -650.00         0.00        -0.00
   6      -450.00         0.00      -550.00         0.00        -0.00
   7      -350.00         0.00      -450.00         0.00        -0.00
   8      -250.00         0.00      -350.00         0.00        -0.00
   9      -150.00         0.00      -250.00         0.00        -0.00
  10       -50.00         0.00      -150.00         0.00        -0.00
  11        50.00         0.00       -50.00         0.00        -0.00
  12       150.00         0.00        50.00         0.00        -0.00
  13       250.00         0.00       150.00         0.00        -0.00
  14       350.00         0.00       250.00         0.00        -0.00
  15       450.00         0.00       350.00         0.00        -0.00
  16       550.00         0.00       450.00         0.00        -0.00
  17       650.00         0.00       550.00         0.00        -0.00
  18       750.00         0.00       650.00         0.00        -0.00
  19       850.00         0.00       750.00         0.00        -0.00
  20       950.00         0.00       850.00         0.00        -0.00
  21      1050.00         0.00       950.00         0.00        -0.00


  Line     1020;   Tx Index  1;   Rx Type = 2;   NRX = 21;   Units =  2

           Electric Dipole Receiver Electrodes
           -----------------------------------

           East 1      North 1       East 2      North 2       Depth
           ------      -------       ------      -------       -----
   1     -1000.00        50.00     -1000.00       -50.00        -0.00
   2      -900.00        50.00      -900.00       -50.00        -0.00
   3      -800.00        50.00      -800.00       -50.00        -0.00
   4      -700.00        50.00      -700.00       -50.00        -0.00
   5      -600.00        50.00      -600.00       -50.00        -0.00
   6      -500.00        50.00      -500.00       -50.00        -0.00
   7      -400.00        50.00      -400.00       -50.00        -0.00
   8      -300.00        50.00      -300.00       -50.00        -0.00
   9      -200.00        50.00      -200.00       -50.00        -0.00
  10      -100.00        50.00      -100.00       -50.00        -0.00
  11         0.00        50.00         0.00       -50.00        -0.00
  12       100.00        50.00       100.00       -50.00        -0.00
  13       200.00        50.00       200.00       -50.00        -0.00
  14       300.00        50.00       300.00       -50.00        -0.00
  15       400.00        50.00       400.00       -50.00        -0.00
  16       500.00        50.00       500.00       -50.00        -0.00
  17       600.00        50.00       600.00       -50.00        -0.00
  18       700.00        50.00       700.00       -50.00        -0.00
  19       800.00        50.00       800.00       -50.00        -0.00
  20       900.00        50.00       900.00       -50.00        -0.00
  21      1000.00        50.00      1000.00       -50.00        -0.00


  Line     1030;   Tx Index  2;   Rx Type = 2;   NRX = 21;   Units =  2

           Electric Dipole Receiver Electrodes
           -----------------------------------

           East 1      North 1       East 2      North 2       Depth
           ------      -------       ------      -------       -----
   1      -950.00         0.00     -1050.00         0.00        -0.00
   2      -850.00         0.00      -950.00         0.00        -0.00
   3      -750.00         0.00      -850.00         0.00        -0.00
   4      -650.00         0.00      -750.00         0.00        -0.00
   5      -550.00         0.00      -650.00         0.00        -0.00
   6      -450.00         0.00      -550.00         0.00        -0.00
   7      -350.00         0.00      -450.00         0.00        -0.00
   8      -250.00         0.00      -350.00         0.00        -0.00
   9      -150.00         0.00      -250.00         0.00        -0.00
  10       -50.00         0.00      -150.00         0.00        -0.00
  11        50.00         0.00       -50.00         0.00        -0.00
  12       150.00         0.00        50.00         0.00        -0.00
  13       250.00         0.00       150.00         0.00        -0.00
  14       350.00         0.00       250.00         0.00        -0.00
  15       450.00         0.00       350.00         0.00        -0.00
  16       550.00         0.00       450.00         0.00        -0.00
  17       650.00         0.00       550.00         0.00        -0.00
  18       750.00         0.00       650.00         0.00        -0.00
  19       850.00         0.00       750.00         0.00        -0.00
  20       950.00         0.00       850.00         0.00        -0.00
  21      1050.00         0.00       950.00         0.00        -0.00


  Line     1040;   Tx Index  2;   Rx Type = 2;   NRX = 21;   Units =  2

           Electric Dipole Receiver Electrodes
           -----------------------------------

           East 1      North 1       East 2      North 2       Depth
           ------      -------       ------      -------       -----
   1     -1000.00        50.00     -1000.00       -50.00        -0.00
   2      -900.00        50.00      -900.00       -50.00        -0.00
   3      -800.00        50.00      -800.00       -50.00        -0.00
   4      -700.00        50.00      -700.00       -50.00        -0.00
   5      -600.00        50.00      -600.00       -50.00        -0.00
   6      -500.00        50.00      -500.00       -50.00        -0.00
   7      -400.00        50.00      -400.00       -50.00        -0.00
   8      -300.00        50.00      -300.00       -50.00        -0.00
   9      -200.00        50.00      -200.00       -50.00        -0.00
  10      -100.00        50.00      -100.00       -50.00        -0.00
  11         0.00        50.00         0.00       -50.00        -0.00
  12       100.00        50.00       100.00       -50.00        -0.00
  13       200.00        50.00       200.00       -50.00        -0.00
  14       300.00        50.00       300.00       -50.00        -0.00
  15       400.00        50.00       400.00       -50.00        -0.00
  16       500.00        50.00       500.00       -50.00        -0.00
  17       600.00        50.00       600.00       -50.00        -0.00
  18       700.00        50.00       700.00       -50.00        -0.00
  19       800.00        50.00       800.00       -50.00        -0.00
  20       900.00        50.00       900.00       -50.00        -0.00
  21      1000.00        50.00      1000.00       -50.00        -0.00


  NLAYER =  1;   NLITH =  7


                          LITHOLOGY PROPERTIES
                          --------------------

                                  Relative   Relative     Cole-Cole Parameters
        Resistivity  Conductance     MU     Dielectric   CHRG    CTAU       CFREQ

   1      1.000         -1.0       1.000      1.000      0.00    0.00        1.00
   2      1.000         -1.0       1.000      1.000      0.00    0.00        1.00
   3      100.0         -1.0       1.000      1.000      0.00    0.00        1.00
   4      1.000         50.0       1.000      1.000      0.00    0.00        1.00
   5      20.00         30.0       1.000      1.000      0.40    1.17        0.20
   6      5.000         42.0       1.000      1.000      0.00    0.00        1.00
   7      1.000        200.0       1.000      1.000      0.20    1.20        0.40


  LAYERED EARTH INPUT DATA
  ------------------------

   1   3             Basement Lithology


  MESH AND LITHOLOGIES DESCRIPTION
  --------------------------------

  Number of node "slices" along North-South axis =  9
  Number of node rows in each slice =   6
  Number of node columns in each slice =   3
  KACC = 2    SOLVER = 1    OUTPUT =  10



  Before computation begins, Samaya may transform array and model coordinates
  from GPS coordimnates where elevation increases positive upwards to a
  body-centred system where depth increases positive downwards.
  In this system, the dip of magnetic dipole transmitters and receivers
  = 0 for vertical dipoles and 90 for horizontal dipoles.

  The computational horizontal origin remains unchanged.

  Transformed transmitter and receiver locations for Line   1010
  Survey aximuth =   0.degrees clockwise from North.

  Transformed Vertex Locations for Grounded Wire Sources
  ------------------------------------------------------

      Transmitter  1 has  2 vertices.

         Easting   Northing

    1   -1500.00       0.00      -0.00
    2   -2500.00       0.00      -0.00


  Transformed Electrode Positions for Electric Dipoles in Line   1010
  -------------------------------------------------------------------
         East 1    North 1     East 2    North 2     Depth

   1    -950.00       0.00   -1050.00       0.00       0.00
   2    -850.00       0.00    -950.00       0.00       0.00
   3    -750.00       0.00    -850.00       0.00       0.00
   4    -650.00       0.00    -750.00       0.00       0.00
   5    -550.00       0.00    -650.00       0.00       0.00
   6    -450.00       0.00    -550.00       0.00       0.00
   7    -350.00       0.00    -450.00       0.00       0.00
   8    -250.00       0.00    -350.00       0.00       0.00
   9    -150.00       0.00    -250.00       0.00       0.00
  10     -50.00       0.00    -150.00       0.00       0.00
  11      50.00       0.00     -50.00       0.00       0.00
  12     150.00       0.00      50.00       0.00       0.00
  13     250.00       0.00     150.00       0.00       0.00
  14     350.00       0.00     250.00       0.00       0.00
  15     450.00       0.00     350.00       0.00       0.00
  16     550.00       0.00     450.00       0.00       0.00
  17     650.00       0.00     550.00       0.00       0.00
  18     750.00       0.00     650.00       0.00       0.00
  19     850.00       0.00     750.00       0.00       0.00
  20     950.00       0.00     850.00       0.00       0.00
  21    1050.00       0.00     950.00       0.00       0.00

  Transformed transmitter and receiver locations for Line   1020
  Survey aximuth =   0.degrees clockwise from North.

  Transformed Vertex Locations for Grounded Wire Sources
  ------------------------------------------------------

      Transmitter  1 has  2 vertices.

         Easting   Northing

    1   -1500.00       0.00      -0.00
    2   -2500.00       0.00      -0.00


  Transformed Electrode Positions for Electric Dipoles in Line   1020
  -------------------------------------------------------------------
         East 1    North 1     East 2    North 2     Depth

   1   -1000.00      50.00   -1000.00     -50.00       0.00
   2    -900.00      50.00    -900.00     -50.00       0.00
   3    -800.00      50.00    -800.00     -50.00       0.00
   4    -700.00      50.00    -700.00     -50.00       0.00
   5    -600.00      50.00    -600.00     -50.00       0.00
   6    -500.00      50.00    -500.00     -50.00       0.00
   7    -400.00      50.00    -400.00     -50.00       0.00
   8    -300.00      50.00    -300.00     -50.00       0.00
   9    -200.00      50.00    -200.00     -50.00       0.00
  10    -100.00      50.00    -100.00     -50.00       0.00
  11       0.00      50.00       0.00     -50.00       0.00
  12     100.00      50.00     100.00     -50.00       0.00
  13     200.00      50.00     200.00     -50.00       0.00
  14     300.00      50.00     300.00     -50.00       0.00
  15     400.00      50.00     400.00     -50.00       0.00
  16     500.00      50.00     500.00     -50.00       0.00
  17     600.00      50.00     600.00     -50.00       0.00
  18     700.00      50.00     700.00     -50.00       0.00
  19     800.00      50.00     800.00     -50.00       0.00
  20     900.00      50.00     900.00     -50.00       0.00
  21    1000.00      50.00    1000.00     -50.00       0.00

  Transformed transmitter and receiver locations for Line   1030
  Survey aximuth =   0.degrees clockwise from North.

  Transformed Vertex Locations for Grounded Wire Sources
  ------------------------------------------------------

      Transmitter  2 has  2 vertices.

         Easting   Northing

    1   -2000.00    -500.00      -0.00
    2   -2000.00     500.00      -0.00


  Transformed Electrode Positions for Electric Dipoles in Line   1030
  -------------------------------------------------------------------
         East 1    North 1     East 2    North 2     Depth

   1    -950.00       0.00   -1050.00       0.00       0.00
   2    -850.00       0.00    -950.00       0.00       0.00
   3    -750.00       0.00    -850.00       0.00       0.00
   4    -650.00       0.00    -750.00       0.00       0.00
   5    -550.00       0.00    -650.00       0.00       0.00
   6    -450.00       0.00    -550.00       0.00       0.00
   7    -350.00       0.00    -450.00       0.00       0.00
   8    -250.00       0.00    -350.00       0.00       0.00
   9    -150.00       0.00    -250.00       0.00       0.00
  10     -50.00       0.00    -150.00       0.00       0.00
  11      50.00       0.00     -50.00       0.00       0.00
  12     150.00       0.00      50.00       0.00       0.00
  13     250.00       0.00     150.00       0.00       0.00
  14     350.00       0.00     250.00       0.00       0.00
  15     450.00       0.00     350.00       0.00       0.00
  16     550.00       0.00     450.00       0.00       0.00
  17     650.00       0.00     550.00       0.00       0.00
  18     750.00       0.00     650.00       0.00       0.00
  19     850.00       0.00     750.00       0.00       0.00
  20     950.00       0.00     850.00       0.00       0.00
  21    1050.00       0.00     950.00       0.00       0.00

  Transformed transmitter and receiver locations for Line   1040
  Survey aximuth =   0.degrees clockwise from North.

  Transformed Vertex Locations for Grounded Wire Sources
  ------------------------------------------------------

      Transmitter  2 has  2 vertices.

         Easting   Northing

    1   -2000.00    -500.00      -0.00
    2   -2000.00     500.00      -0.00


  Transformed Electrode Positions for Electric Dipoles in Line   1040
  -------------------------------------------------------------------
         East 1    North 1     East 2    North 2     Depth

   1   -1000.00      50.00   -1000.00     -50.00       0.00
   2    -900.00      50.00    -900.00     -50.00       0.00
   3    -800.00      50.00    -800.00     -50.00       0.00
   4    -700.00      50.00    -700.00     -50.00       0.00
   5    -600.00      50.00    -600.00     -50.00       0.00
   6    -500.00      50.00    -500.00     -50.00       0.00
   7    -400.00      50.00    -400.00     -50.00       0.00
   8    -300.00      50.00    -300.00     -50.00       0.00
   9    -200.00      50.00    -200.00     -50.00       0.00
  10    -100.00      50.00    -100.00     -50.00       0.00
  11       0.00      50.00       0.00     -50.00       0.00
  12     100.00      50.00     100.00     -50.00       0.00
  13     200.00      50.00     200.00     -50.00       0.00
  14     300.00      50.00     300.00     -50.00       0.00
  15     400.00      50.00     400.00     -50.00       0.00
  16     500.00      50.00     500.00     -50.00       0.00
  17     600.00      50.00     600.00     -50.00       0.00
  18     700.00      50.00     700.00     -50.00       0.00
  19     800.00      50.00     800.00     -50.00       0.00
  20     900.00      50.00     900.00     -50.00       0.00
  21    1000.00      50.00    1000.00     -50.00       0.00


  Plot points for receivers on Line   1010

            East        North     Elev
            ----        -----     ----

   1      -1000.0          0.0     -0.0
   2       -900.0          0.0     -0.0
   3       -800.0          0.0     -0.0
   4       -700.0          0.0     -0.0
   5       -600.0          0.0     -0.0
   6       -500.0          0.0     -0.0
   7       -400.0          0.0     -0.0
   8       -300.0          0.0     -0.0
   9       -200.0          0.0     -0.0
  10       -100.0          0.0     -0.0
  11          0.0          0.0     -0.0
  12        100.0          0.0     -0.0
  13        200.0          0.0     -0.0
  14        300.0          0.0     -0.0
  15        400.0          0.0     -0.0
  16        500.0          0.0     -0.0
  17        600.0          0.0     -0.0
  18        700.0          0.0     -0.0
  19        800.0          0.0     -0.0
  20        900.0          0.0     -0.0
  21       1000.0          0.0     -0.0


  Plot points for receivers on Line   1020

            East        North     Elev
            ----        -----     ----

   1      -1000.0          0.0     -0.0
   2       -900.0          0.0     -0.0
   3       -800.0          0.0     -0.0
   4       -700.0          0.0     -0.0
   5       -600.0          0.0     -0.0
   6       -500.0          0.0     -0.0
   7       -400.0          0.0     -0.0
   8       -300.0          0.0     -0.0
   9       -200.0          0.0     -0.0
  10       -100.0          0.0     -0.0
  11          0.0          0.0     -0.0
  12        100.0          0.0     -0.0
  13        200.0          0.0     -0.0
  14        300.0          0.0     -0.0
  15        400.0          0.0     -0.0
  16        500.0          0.0     -0.0
  17        600.0          0.0     -0.0
  18        700.0          0.0     -0.0
  19        800.0          0.0     -0.0
  20        900.0          0.0     -0.0
  21       1000.0          0.0     -0.0


  Plot points for receivers on Line   1030

            East        North     Elev
            ----        -----     ----

   1      -1000.0          0.0     -0.0
   2       -900.0          0.0     -0.0
   3       -800.0          0.0     -0.0
   4       -700.0          0.0     -0.0
   5       -600.0          0.0     -0.0
   6       -500.0          0.0     -0.0
   7       -400.0          0.0     -0.0
   8       -300.0          0.0     -0.0
   9       -200.0          0.0     -0.0
  10       -100.0          0.0     -0.0
  11          0.0          0.0     -0.0
  12        100.0          0.0     -0.0
  13        200.0          0.0     -0.0
  14        300.0          0.0     -0.0
  15        400.0          0.0     -0.0
  16        500.0          0.0     -0.0
  17        600.0          0.0     -0.0
  18        700.0          0.0     -0.0
  19        800.0          0.0     -0.0
  20        900.0          0.0     -0.0
  21       1000.0          0.0     -0.0


  Plot points for receivers on Line   1040

            East        North     Elev
            ----        -----     ----

   1      -1000.0          0.0     -0.0
   2       -900.0          0.0     -0.0
   3       -800.0          0.0     -0.0
   4       -700.0          0.0     -0.0
   5       -600.0          0.0     -0.0
   6       -500.0          0.0     -0.0
   7       -400.0          0.0     -0.0
   8       -300.0          0.0     -0.0
   9       -200.0          0.0     -0.0
  10       -100.0          0.0     -0.0
  11          0.0          0.0     -0.0
  12        100.0          0.0     -0.0
  13        200.0          0.0     -0.0
  14        300.0          0.0     -0.0
  15        400.0          0.0     -0.0
  16        500.0          0.0     -0.0
  17        600.0          0.0     -0.0
  18        700.0          0.0     -0.0
  19        800.0          0.0     -0.0
  20        900.0          0.0     -0.0
  21       1000.0          0.0     -0.0


          +----------------------------------+
          +  Layered Earth Model Parameters  +
          +----------------------------------+

                    Depth
 Layer  Thickness   to Top    Resistivity   MU-R   EPS-R   CHRG    CFREQ    CTAU
 -----  ---------   ------    -----------   ----   -----   ----    -----    ----
   1                   0.0      100.0       1.00   1.00    0.00    1.00      0.0    

  Samaya will compute 3D responses for a frequency-domain system.


---------------------------------------------------------------------------
                       END OF INPUT DATA DESCRIPTION
---------------------------------------------------------------------------

  Frequency-domain model output for transmitter(s) with independent receiver lines.

  Line 1010    Electric dipole Rx    Units = millivolts


  Inphase Model Output for Line 1010
  -------------------------------

             RECEIVER POSITIONS               FREQUENCIES
         East        North     Elev      1.00         3.00        10.00        32.00       100.00       320.00      1000.00

  1     -1000.0         0.0     -0.0  -0.5650E+06  -0.1121E+06  -0.1982E+05   -3683.       -383.3        76.99        52.07    
  2      -900.0         0.0     -0.0  -0.8141E+06  -0.1609E+06  -0.2833E+05   -5398.       -724.9        55.93        36.73    
  3      -800.0         0.0     -0.0  -0.1215E+07  -0.2391E+06  -0.4184E+05   -8066.       -1256.        31.08        28.39    
  4      -700.0         0.0     -0.0  -0.1886E+07  -0.3700E+06  -0.6430E+05  -0.1243E+05   -2140.       -25.43        25.81    
  5      -600.0         0.0     -0.0  -0.3070E+07  -0.6003E+06  -0.1035E+06  -0.1997E+05   -3682.       -163.6        29.60    
  6      -500.0         0.0     -0.0  -0.5272E+07  -0.1028E+07  -0.1760E+06  -0.3372E+05   -6506.       -487.2        38.36    
  7      -400.0         0.0     -0.0  -0.9619E+07  -0.1871E+07  -0.3183E+06  -0.6042E+05  -0.1196E+05   -1223.        39.04    
  8      -300.0         0.0     -0.0  -0.1869E+08  -0.3629E+07  -0.6138E+06  -0.1154E+06  -0.2307E+05   -2874.       -18.29    
  9      -200.0         0.0     -0.0  -0.3817E+08  -0.7400E+07  -0.1246E+07  -0.2319E+06  -0.4635E+05   -6505.       -273.8    
 10      -100.0         0.0     -0.0  -0.7173E+08  -0.1389E+08  -0.2329E+07  -0.4300E+06  -0.8533E+05  -0.1276E+05   -915.4    
 11         0.0         0.0     -0.0   0.4793E+07   0.9217E+06   0.1513E+06   0.2654E+05    4970.        979.9        203.4    
 12       100.0         0.0     -0.0   0.7277E+08   0.1409E+08   0.2362E+07   0.4356E+06   0.8655E+05   0.1305E+05    964.6    
 13       200.0         0.0     -0.0   0.3667E+08   0.7108E+07   0.1196E+07   0.2229E+06   0.4472E+05    6280.        263.4    
 14       300.0         0.0     -0.0   0.1742E+08   0.3381E+07   0.5716E+06   0.1076E+06   0.2167E+05    2703.        23.25    
 15       400.0         0.0     -0.0   0.8751E+07   0.1702E+07   0.2893E+06   0.5507E+05   0.1103E+05    1138.       -25.59    
 16       500.0         0.0     -0.0   0.4689E+07   0.9136E+06   0.1563E+06   0.3010E+05    5917.        456.1       -21.84    
 17       600.0         0.0     -0.0   0.2669E+07   0.5212E+06   0.8985E+05   0.1749E+05    3318.        162.4       -10.79    
 18       700.0         0.0     -0.0   0.1603E+07   0.3139E+06   0.5455E+05   0.1071E+05    1924.        40.84       -3.316    
 19       800.0         0.0     -0.0   0.1008E+07   0.1981E+06   0.3473E+05    6855.        1140.       -4.559       0.1791    
 20       900.0         0.0     -0.0   0.6604E+06   0.1302E+06   0.2303E+05    4554.        684.2       -17.33        1.334    
 21      1000.0         0.0     -0.0   0.4476E+06   0.8859E+05   0.1582E+05    3118.        411.5       -17.28        1.476    


  Quadrature Model Output for Line 1010
  ----------------------------------

             RECEIVER POSITIONS               FREQUENCIES
         East        North     Elev      1.00         3.00        10.00        32.00       100.00       320.00      1000.00

  1     -1000.0         0.0     -0.0  -0.5442E+06  -0.1005E+06  -0.1400E+05   -1137.        233.1        8.123       -1.119    
  2      -900.0         0.0     -0.0  -0.7889E+06  -0.1467E+06  -0.2107E+05   -2039.        271.2        46.78      -0.2685    
  3      -800.0         0.0     -0.0  -0.1183E+07  -0.2214E+06  -0.3262E+05   -3610.        264.9        102.1       -1.473    
  4      -700.0         0.0     -0.0  -0.1846E+07  -0.3472E+06  -0.5228E+05   -6422.        152.9        188.1       -1.953    
  5      -600.0         0.0     -0.0  -0.3017E+07  -0.5699E+06  -0.8736E+05  -0.1164E+05   -202.7        320.8        2.582    
  6      -500.0         0.0     -0.0  -0.5198E+07  -0.9858E+06  -0.1533E+06  -0.2174E+05   -1118.        514.6        22.43    
  7      -400.0         0.0     -0.0  -0.9510E+07  -0.1809E+07  -0.2846E+06  -0.4231E+05   -3337.        767.9        79.05    
  8      -300.0         0.0     -0.0  -0.1852E+08  -0.3531E+07  -0.5605E+06  -0.8633E+05   -8655.        1014.        206.8    
  9      -200.0         0.0     -0.0  -0.3789E+08  -0.7236E+07  -0.1156E+07  -0.1826E+06  -0.2124E+05    968.2        428.3    
 10      -100.0         0.0     -0.0  -0.7128E+08  -0.1363E+08  -0.2188E+07  -0.3518E+06  -0.4495E+05   -142.1        605.3    
 11         0.0         0.0     -0.0   0.4798E+07   0.9245E+06   0.1525E+06   0.2691E+05    4928.        802.6        84.65    
 12       100.0         0.0     -0.0   0.7233E+08   0.1383E+08   0.2223E+07   0.3586E+06   0.4633E+05    316.8       -587.8    
 13       200.0         0.0     -0.0   0.3640E+08   0.6954E+07   0.1112E+07   0.1761E+06   0.2052E+05   -981.5       -410.1    
 14       300.0         0.0     -0.0   0.1727E+08   0.3294E+07   0.5238E+06   0.8104E+05    8165.       -978.8       -191.6    
 15       400.0         0.0     -0.0   0.8661E+07   0.1649E+07   0.2604E+06   0.3906E+05    3133.       -718.8       -71.60    
 16       500.0         0.0     -0.0   0.4631E+07   0.8799E+06   0.1377E+06   0.1983E+05    1071.       -472.4       -19.89    
 17       600.0         0.0     -0.0   0.2629E+07   0.4983E+06   0.7712E+05   0.1053E+05    226.1       -290.9       -2.090    
 18       700.0         0.0     -0.0   0.1575E+07   0.2975E+06   0.4545E+05    5795.       -104.7       -170.0        2.047    
 19       800.0         0.0     -0.0   0.9878E+06   0.1860E+06   0.2797E+05    3267.       -215.2       -94.12        1.904    
 20       900.0         0.0     -0.0   0.6448E+06   0.1210E+06   0.1786E+05    1864.       -232.0       -48.84        1.026    
 21      1000.0         0.0     -0.0   0.4355E+06   0.8136E+05   0.1176E+05    1061.       -211.1       -23.13       0.3939    

  Line 1020    Electric dipole Rx    Units = millivolts


  Inphase Model Output for Line 1020
  -------------------------------

             RECEIVER POSITIONS               FREQUENCIES
         East        North     Elev      1.00         3.00        10.00        32.00       100.00       320.00      1000.00

  1     -1000.0         0.0     -0.0    1469.        287.3        47.60        7.905        1.876       0.1630      -0.1170E-01
  2      -900.0         0.0     -0.0    2403.        468.7        78.12        13.36        2.974       0.4079      -0.3241E-01
  3      -800.0         0.0     -0.0    4039.        785.6        131.1        22.84        4.855       0.8901      -0.6503E-01
  4      -700.0         0.0     -0.0    6998.        1357.        226.2        39.77        8.163        1.806      -0.8663E-01
  5      -600.0         0.0     -0.0   0.1252E+05    2423.        402.3        70.87        14.13        3.510      -0.2985E-02
  6      -500.0         0.0     -0.0   0.2310E+05    4459.        737.0        129.3        25.07        6.622       0.4480    
  7      -400.0         0.0     -0.0   0.4352E+05    8381.        1378.        239.4        45.03        12.16        1.837    
  8      -300.0         0.0     -0.0   0.8170E+05   0.1570E+05    2565.        439.1        79.55        21.39        5.074    
  9      -200.0         0.0     -0.0   0.1458E+06   0.2795E+05    4528.        758.2        130.2        34.52        10.68    
 10      -100.0         0.0     -0.0   0.2322E+06   0.4433E+05    7085.        1139.        179.5        50.67        16.75    
 11         0.0         0.0     -0.0   0.4848E+06   0.9330E+05   0.1532E+05    2673.        490.8        100.6        20.81    
 12       100.0         0.0     -0.0   0.2476E+06   0.4800E+05    8076.        1502.        305.1        54.98        6.103    
 13       200.0         0.0     -0.0   0.1426E+06   0.2766E+05    4660.        869.2        179.6        33.80      -0.3763    
 14       300.0         0.0     -0.0   0.7892E+05   0.1531E+05    2583.        482.6        100.3        18.32       -1.697    
 15       400.0         0.0     -0.0   0.4194E+05    8144.        1376.        257.1        53.66        9.222       -1.283    
 16       500.0         0.0     -0.0   0.2225E+05    4327.        732.4        136.7        28.65        4.404      -0.6900    
 17       600.0         0.0     -0.0   0.1206E+05    2349.        398.3        74.09        15.61        1.984      -0.2943    
 18       700.0         0.0     -0.0    6737.        1315.        223.2        41.19        8.757       0.8113      -0.9512E-01
 19       800.0         0.0     -0.0    3885.        759.8        129.0        23.47        5.067       0.2664      -0.1572E-01
 20       900.0         0.0     -0.0    2309.        452.6        76.61        13.63        3.023       0.3153E-01   0.6946E-02
 21      1000.0         0.0     -0.0    1409.        276.8        46.51        8.011        1.857      -0.5482E-01   0.8624E-02


  Quadrature Model Output for Line 1020
  ----------------------------------

             RECEIVER POSITIONS               FREQUENCIES
         East        North     Elev      1.00         3.00        10.00        32.00       100.00       320.00      1000.00

  1     -1000.0         0.0     -0.0    1416.        261.3        38.08        5.621       0.7998      -0.2672       0.8486E-02
  2      -900.0         0.0     -0.0    2340.        437.2        65.80        9.921        1.494      -0.3728       0.1965E-02
  3      -800.0         0.0     -0.0    3964.        747.5        115.4        17.91        2.834      -0.4504      -0.3514E-01
  4      -700.0         0.0     -0.0    6910.        1312.        206.5        33.07        5.489      -0.3828      -0.1468    
  5      -600.0         0.0     -0.0   0.1242E+05    2370.        379.0        62.55        10.89       0.1280      -0.3979    
  6      -500.0         0.0     -0.0   0.2300E+05    4405.        713.1        121.0        22.11        1.806      -0.8225    
  7      -400.0         0.0     -0.0   0.4345E+05    8347.        1365.        237.6        45.63        6.341       -1.220    
  8      -300.0         0.0     -0.0   0.8178E+05   0.1575E+05    2599.        463.9        94.04        17.43      -0.6026    
  9      -200.0         0.0     -0.0   0.1463E+06   0.2827E+05    4709.        864.2        187.0        41.95        3.786    
 10      -100.0         0.0     -0.0   0.2340E+06   0.4540E+05    7672.        1470.        351.4        90.56        15.58    
 11         0.0         0.0     -0.0   0.4849E+06   0.9332E+05   0.1534E+05    2689.        497.5        84.08        7.691    
 12       100.0         0.0     -0.0   0.2458E+06   0.4694E+05    7501.        1190.        145.7       -5.832       -11.62    
 13       200.0         0.0     -0.0   0.1415E+06   0.2701E+05    4308.        680.0        81.89       -8.590       -7.321    
 14       300.0         0.0     -0.0   0.7822E+05   0.1492E+05    2372.        371.2        43.38       -7.077       -3.110    
 15       400.0         0.0     -0.0   0.4152E+05    7907.        1252.        193.6        21.86       -4.960      -0.9591    
 16       500.0         0.0     -0.0   0.2199E+05    4179.        657.0        99.88        10.71       -3.316      -0.1355    
 17       600.0         0.0     -0.0   0.1188E+05    2251.        350.3        52.03        5.197       -2.153       0.8485E-01
 18       700.0         0.0     -0.0    6610.        1246.        191.2        27.59        2.510       -1.360       0.9415E-01
 19       800.0         0.0     -0.0    3790.        710.0        106.8        14.93        1.203      -0.8320       0.5683E-01
 20       900.0         0.0     -0.0    2235.        414.8        60.82        8.229       0.5657      -0.4906       0.2530E-01
 21      1000.0         0.0     -0.0    1349.        247.3        35.06        4.624       0.2534      -0.2763       0.8057E-02

  Line 1030    Electric dipole Rx    Units = millivolts


  Inphase Model Output for Line 1030
  -------------------------------

             RECEIVER POSITIONS               FREQUENCIES
         East        North     Elev      1.00         3.00        10.00        32.00       100.00       320.00      1000.00

  1     -1000.0         0.0     -0.0    2722.        483.3        73.45        25.90        8.966       0.2102      -0.1372E-01
  2      -900.0         0.0     -0.0    3791.        667.6        96.81        33.02        13.20       0.8448      -0.6177E-01
  3      -800.0         0.0     -0.0    5395.        942.5        129.8        42.01        19.26        2.179      -0.1651    
  4      -700.0         0.0     -0.0    7838.        1359.        176.6        52.83        27.82        4.767      -0.3295    
  5      -600.0         0.0     -0.0   0.1158E+05    1993.        241.8        64.06        39.51        9.501      -0.4785    
  6      -500.0         0.0     -0.0   0.1720E+05    2943.        327.1        69.94        54.28        17.73      -0.3319    
  7      -400.0         0.0     -0.0   0.2513E+05    4276.        417.0        52.11        69.15        31.22       0.7066    
  8      -300.0         0.0     -0.0   0.3458E+05    5872.        444.9       -40.50        72.56        51.75        3.321    
  9      -200.0         0.0     -0.0   0.4067E+05    7019.        235.0       -324.1        32.69        77.10        6.391    
 10      -100.0         0.0     -0.0  -0.5470E+05   -6038.        248.6        233.6        8.176       -95.86       -62.84    
 11         0.0         0.0     -0.0   0.3241E+05    3449.       -1570.       -1558.       -537.8       -3.351        97.57    
 12       100.0         0.0     -0.0   0.1841E+05    4096.        3157.        2502.        633.8       -114.8       -59.87    
 13       200.0         0.0     -0.0  -0.4133E+05   -7830.       -845.9       -41.18       -62.07       -4.955        1.656    
 14       300.0         0.0     -0.0  -0.2922E+05   -5339.       -653.0       -152.4       -86.49       -1.038        3.000    
 15       400.0         0.0     -0.0  -0.2130E+05   -3821.       -502.5       -152.3       -73.94       0.7458E-02    1.637    
 16       500.0         0.0     -0.0  -0.1468E+05   -2614.       -357.1       -119.7       -53.51        1.020       0.5583    
 17       600.0         0.0     -0.0   -9891.       -1756.       -246.3       -87.76       -36.33        1.489       0.5491E-01
 18       700.0         0.0     -0.0   -6675.       -1185.       -170.1       -63.41       -24.04        1.485      -0.9181E-01
 19       800.0         0.0     -0.0   -4567.       -811.5       -119.3       -46.12       -15.72        1.238      -0.9099E-01
 20       900.0         0.0     -0.0   -3184.       -567.2       -85.39       -34.00       -10.19       0.9224      -0.5468E-01
 21      1000.0         0.0     -0.0   -2266.       -404.9       -62.49       -25.45       -6.538       0.6313      -0.2434E-01


  Quadrature Model Output for Line 1030
  ----------------------------------

             RECEIVER POSITIONS               FREQUENCIES
         East        North     Elev      1.00         3.00        10.00        32.00       100.00       320.00      1000.00

  1     -1000.0         0.0     -0.0    2954.        623.9        139.9        35.08        1.171      -0.9595       0.3158E-01
  2      -900.0         0.0     -0.0    4129.        874.4        198.2        52.91        3.974       -1.483       0.4307E-01
  3      -800.0         0.0     -0.0    5891.        1249.        285.6        80.52        9.341       -2.073       0.1206E-01
  4      -700.0         0.0     -0.0    8563.        1815.        417.5        123.7        19.34       -2.487      -0.1559    
  5      -600.0         0.0     -0.0   0.1262E+05    2666.        615.0        191.4        37.64       -2.101      -0.6400    
  6      -500.0         0.0     -0.0   0.1861E+05    3901.        897.9        294.8        70.60       0.4290       -1.690    
  7      -400.0         0.0     -0.0   0.2669E+05    5492.        1248.        440.8        128.2        7.549       -3.490    
  8      -300.0         0.0     -0.0   0.3501E+05    6859.        1491.        603.3        222.6        22.50       -5.865    
  9      -200.0         0.0     -0.0   0.3488E+05    5527.        894.5        609.7        343.7        42.71       -8.263    
 10      -100.0         0.0     -0.0  -0.9995E+05  -0.2836E+05   -8829.       -3076.       -1090.       -350.0       -55.39    
 11         0.0         0.0     -0.0   0.4482E+05   0.1071E+05    3085.        1801.        1204.        536.0        114.0    
 12       100.0         0.0     -0.0   0.3916E+05   0.1243E+05    3627.       -227.3       -1117.       -373.8       -42.44    
 13       200.0         0.0     -0.0  -0.3182E+05   -4277.       -302.8       -162.6       -36.80        10.76      -0.6929    
 14       300.0         0.0     -0.0  -0.2611E+05   -4490.       -769.0       -242.9       -8.344        19.08       -1.277    
 15       400.0         0.0     -0.0  -0.2071E+05   -3941.       -797.1       -230.2       -5.525        14.21       -1.340    
 16       500.0         0.0     -0.0  -0.1482E+05   -2932.       -624.9       -174.2       -2.044        9.001      -0.9715    
 17       600.0         0.0     -0.0  -0.1016E+05   -2047.       -446.2       -121.2       0.8965        5.253      -0.5448    
 18       700.0         0.0     -0.0   -6920.       -1406.       -309.8       -81.82        2.648        2.866      -0.2415    
 19       800.0         0.0     -0.0   -4754.       -970.3       -214.6       -54.82        3.392        1.444      -0.7857E-01
 20       900.0         0.0     -0.0   -3318.       -678.3       -150.1       -36.77        3.484       0.6434      -0.1070E-01
 21      1000.0         0.0     -0.0   -2358.       -482.0       -106.4       -24.75        3.221       0.2228       0.8722E-02

  Line 1040    Electric dipole Rx    Units = millivolts


  Inphase Model Output for Line 1040
  -------------------------------

             RECEIVER POSITIONS               FREQUENCIES
         East        North     Elev      1.00         3.00        10.00        32.00       100.00       320.00      1000.00

  1     -1000.0         0.0     -0.0   0.2771E+07   0.4706E+06   0.9404E+05   0.5261E+05   0.1358E+05   -422.3        55.22    
  2      -900.0         0.0     -0.0   0.3672E+07   0.6239E+06   0.1189E+06   0.6299E+05   0.1912E+05   -287.2        31.01    
  3      -800.0         0.0     -0.0   0.4983E+07   0.8489E+06   0.1558E+06   0.7683E+05   0.2652E+05    224.6       -15.70    
  4      -700.0         0.0     -0.0   0.6950E+07   0.1189E+07   0.2124E+06   0.9624E+05   0.3645E+05    1423.       -98.55    
  5      -600.0         0.0     -0.0   0.1000E+08   0.1719E+07   0.3021E+06   0.1250E+06   0.4994E+05    3780.       -204.0    
  6      -500.0         0.0     -0.0   0.1490E+08   0.2574E+07   0.4491E+06   0.1699E+06   0.6870E+05    7979.       -230.0    
  7      -400.0         0.0     -0.0   0.2302E+08   0.4000E+07   0.6974E+06   0.2434E+06   0.9568E+05   0.1495E+05    121.4    
  8      -300.0         0.0     -0.0   0.3687E+08   0.6440E+07   0.1127E+07   0.3680E+06   0.1359E+06   0.2585E+05    1464.    
  9      -200.0         0.0     -0.0   0.6069E+08   0.1065E+08   0.1870E+07   0.5803E+06   0.1971E+06   0.4174E+05    4681.    
 10      -100.0         0.0     -0.0   0.9962E+08   0.1754E+08   0.3086E+07   0.9209E+06   0.2864E+06   0.6210E+05   0.1015E+05
 11         0.0         0.0     -0.0   0.1316E+09   0.2320E+08   0.4070E+07   0.1187E+07   0.3511E+06   0.7449E+05   0.1409E+05
 12       100.0         0.0     -0.0   0.9948E+08   0.1751E+08   0.3082E+07   0.9213E+06   0.2869E+06   0.6221E+05   0.1008E+05
 13       200.0         0.0     -0.0   0.6060E+08   0.1063E+08   0.1868E+07   0.5806E+06   0.1974E+06   0.4175E+05    4611.    
 14       300.0         0.0     -0.0   0.3682E+08   0.6430E+07   0.1126E+07   0.3682E+06   0.1361E+06   0.2581E+05    1419.    
 15       400.0         0.0     -0.0   0.2299E+08   0.3995E+07   0.6969E+06   0.2436E+06   0.9576E+05   0.1490E+05    95.21    
 16       500.0         0.0     -0.0   0.1488E+08   0.2571E+07   0.4488E+06   0.1700E+06   0.6873E+05    7929.       -247.7    
 17       600.0         0.0     -0.0   0.9992E+07   0.1717E+07   0.3019E+06   0.1251E+06   0.4993E+05    3734.       -221.1    
 18       700.0         0.0     -0.0   0.6945E+07   0.1188E+07   0.2123E+06   0.9630E+05   0.3642E+05    1380.       -119.6    
 19       800.0         0.0     -0.0   0.4979E+07   0.8482E+06   0.1557E+06   0.7686E+05   0.2648E+05    182.4       -43.41    
 20       900.0         0.0     -0.0   0.3669E+07   0.6235E+06   0.1189E+06   0.6300E+05   0.1907E+05   -333.8       -5.587    
 21      1000.0         0.0     -0.0   0.2770E+07   0.4703E+06   0.9402E+05   0.5261E+05   0.1352E+05   -478.8        6.861    


  Quadrature Model Output for Line 1040
  ----------------------------------

             RECEIVER POSITIONS               FREQUENCIES
         East        North     Elev      1.00         3.00        10.00        32.00       100.00       320.00      1000.00

  1     -1000.0         0.0     -0.0   0.3809E+07   0.9497E+06   0.2514E+06   0.5683E+05   -3826.       -742.1        13.58    
  2      -900.0         0.0     -0.0   0.5000E+07   0.1238E+07   0.3243E+06   0.7739E+05   -2103.       -1348.        28.21    
  3      -800.0         0.0     -0.0   0.6725E+07   0.1654E+07   0.4281E+06   0.1061E+06    1325.       -2190.        37.73    
  4      -700.0         0.0     -0.0   0.9301E+07   0.2273E+07   0.5808E+06   0.1471E+06    7459.       -3226.        9.835    
  5      -600.0         0.0     -0.0   0.1328E+08   0.3227E+07   0.8132E+06   0.2078E+06   0.1789E+05   -4263.       -125.8    
  6      -500.0         0.0     -0.0   0.1964E+08   0.4747E+07   0.1180E+07   0.3007E+06   0.3525E+05   -4811.       -476.9    
  7      -400.0         0.0     -0.0   0.3015E+08   0.7256E+07   0.1782E+07   0.4488E+06   0.6401E+05   -3825.       -1122.    
  8      -300.0         0.0     -0.0   0.4802E+08   0.1151E+08   0.2795E+07   0.6926E+06   0.1119E+06    735.1       -1878.    
  9      -200.0         0.0     -0.0   0.7863E+08   0.1878E+08   0.4518E+07   0.1100E+07   0.1918E+06   0.1257E+05   -1777.    
 10      -100.0         0.0     -0.0   0.1284E+09   0.3056E+08   0.7296E+07   0.1752E+07   0.3195E+06   0.3689E+05    1542.    
 11         0.0         0.0     -0.0   0.1691E+09   0.4015E+08   0.9550E+07   0.2283E+07   0.4271E+06   0.6123E+05    7040.    
 12       100.0         0.0     -0.0   0.1283E+09   0.3053E+08   0.7292E+07   0.1751E+07   0.3188E+06   0.3648E+05    1408.    
 13       200.0         0.0     -0.0   0.7854E+08   0.1876E+08   0.4516E+07   0.1100E+07   0.1913E+06   0.1230E+05   -1826.    
 14       300.0         0.0     -0.0   0.4798E+08   0.1150E+08   0.2794E+07   0.6924E+06   0.1115E+06    581.0       -1882.    
 15       400.0         0.0     -0.0   0.3013E+08   0.7252E+07   0.1781E+07   0.4487E+06   0.6378E+05   -3906.       -1114.    
 16       500.0         0.0     -0.0   0.1962E+08   0.4745E+07   0.1180E+07   0.3006E+06   0.3510E+05   -4850.       -469.8    
 17       600.0         0.0     -0.0   0.1327E+08   0.3225E+07   0.8130E+06   0.2076E+06   0.1778E+05   -4278.       -121.8    
 18       700.0         0.0     -0.0   0.9295E+07   0.2272E+07   0.5806E+06   0.1470E+06    7377.       -3228.        11.39    
 19       800.0         0.0     -0.0   0.6721E+07   0.1653E+07   0.4280E+06   0.1060E+06    1265.       -2187.        38.02    
 20       900.0         0.0     -0.0   0.4997E+07   0.1237E+07   0.3242E+06   0.7732E+05   -2149.       -1344.        28.09    
 21      1000.0         0.0     -0.0   0.3808E+07   0.9493E+06   0.2513E+06   0.5676E+05   -3864.       -739.0        13.62    

  Samaya forward model run completed: 2021-02-09T09:42:53
  Runtime:        31.75 seconds

