
  ------------------------------------------------------------------------------
  | Program:  Samaya                                  
  | Version:  2.0.1                                   
  | Date:     09 February, 2021                       
  |
  | Authors:  CSIRO Electromagnetic Modelling Group   
  |           Art Raiche, Fred Sugeng and Glenn Wilson
  | Contact:  David Annetts (david.annetts@csiro.au)  
  | Project:  AMIRA P223F                             
  | License:  GPL-2.0 (Full text at https://opensource.org/licenses/gpl-2.0.php)              
  |
  | Compiler: GCC version 9.3.0
  | Options:  -march=cascadelake -mmmx -mno-3dnow -msse -msse2 -msse3 -mssse3 -mno-sse4a -mcx16 -msahf -mmovbe -maes -mno-sha -mpclmul -mpopcnt -mabm -mno-lwp -mfma -mno-fma4 -mno-xop -mbmi -mno-sgx -mbmi2 -mno-pconfig -mno-wbnoinvd -mno-tbm -mavx -mavx2 -msse4.2 -msse4.1 -mlzcnt -mno-rtm -mno-hle -mrdrnd -mf16c -mfsgsbase -mrdseed -mprfchw -madx -mfxsr -mxsave -mxsaveopt -mavx512f -mno-avx512er -mavx512cd -mno-avx512pf -mno-prefetchwt1 -mclflushopt -mxsavec -mxsaves -mavx512dq -mavx512bw -mavx512vl -mno-avx512ifma -mno-avx512vbmi -mno-avx5124fmaps -mno-avx5124vnniw -mclwb -mno-mwaitx -mno-clzero -mpku -mno-rdpid -mno-gfni -mno-shstk -mno-avx512vbmi2 -mavx512vnni -mno-vaes -mno-vpclmulqdq -mno-avx512bitalg -mno-avx512vpopcntdq -mno-movdiri -mno-movdir64b -mno-waitpkg -mno-cldemote -mno-ptwrite --param l1-cache-size=32 --param l1-cache-line-size=64 --param l2-cache-size=22528 -mtune=cascadelake -O3 -fwhole-program -fdefault-double-8 -fdefault-real-8 -fpre-include=/usr/include/finclude/math-vector-fortran.h
  |
  | Started:  2021-02-09T09:42:22
  ------------------------------------------------------------------------------

          INPUT DATA
          ----------


 HCP arrays above surface, traversing over vertical plate.                                                               

  TDFD = 2;   DO3D =  1;   ISYS = 0;   PRFL =  1;   ISTOP = 0

          +----------------------------------------------+
          +  Frequency-Domain Ground System Information  +
          +----------------------------------------------+

  NFRQ =  5

           Frequency      Transmitter current in amps
           ---------      ---------------------------

      1    100.0             1.000    
      2    300.0             1.000    
      3    1000.             1.000    
      4    3000.             1.000    
      5   0.1000E+05         1.000    


  SURVEY_TYPE = 3
  NTXL =  1;   MRXL = 41;   MRXTX = 1;   TXMMT =   1.000    

  Moving Magnetic Dipole Tx Line  1;   NTX = 41;   TXCLN =   0.0;   TXAZM =  90.0

  Initial position (E,N,Z) :    -200.00       0.00       0.00
            Line_azimuth :  90.0
       Station_intervals :    10.0    10.0    10.0    10.0    10.0    10.0    10.0    10.0    10.0    10.0    10.0    10.0    10.0    10.0    10.0    10.0    10.0    10.0    10.0    10.0    10.0    10.0    10.0    10.0    10.0    10.0    10.0    10.0    10.0    10.0    10.0    10.0    10.0    10.0    10.0    10.0    10.0    10.0    10.0    10.0

  X,Y,Z Rx offsets for Line     1000:   -4.0    0.0    0.0
    CMP = 123:  UNITS = 34;   KNORM =  2;   IPLT = 2;   RXMNT =   1.000    


  NLAYER =  1;   NLITH =  7


                          LITHOLOGY PROPERTIES
                          --------------------

                                  Relative   Relative     Cole-Cole Parameters
        Resistivity  Conductance     MU     Dielectric   CHRG    CTAU       CFREQ

   1      1.000         -1.0       1.000      1.000      0.00    0.00        1.00
   2      1.000         -1.0       1.000      1.000      0.00    0.00        1.00
   3      100.0         -1.0       1.000      1.000      0.00    0.00        1.00
   4      1.000         50.0       1.000      1.000      0.00    0.00        1.00
   5      20.00         30.0       1.000      1.000      0.40    1.17        0.20
   6      5.000         42.0       1.000      1.000      0.00    0.00        1.00
   7      1.000        200.0       1.000      1.000      0.20    1.20        0.40


  LAYERED EARTH INPUT DATA
  ------------------------

   1   3             Basement Lithology


  MESH AND LITHOLOGIES DESCRIPTION
  --------------------------------

  Number of node "slices" along North-South axis =  9
  Number of node rows in each slice =   6
  Number of node columns in each slice =   3
  KACC = 2    SOLVER = 1    OUTPUT =  10



  Before computation begins, Samaya may transform array and model coordinates
  from GPS coordimnates where elevation increases positive upwards to a
  body-centred system where depth increases positive downwards.
  In this system, the dip of magnetic dipole transmitters and receivers
  = 0 for vertical dipoles and 90 for horizontal dipoles.

  The computational horizontal origin remains unchanged.

                Transformed Receiver & Transmitter Dipole Coordinates
                -----------------------------------------------------

                      Receiver                           Transmitter
                      --------                           -----------
    Line          East       North     Depth         East       North      Depth     Incl    Azm
    ----          ----       -----     -----         ----       -----      -----     ----    ---

    1000   1      -204.0         0.0     -0.0        -200.0         0.0     -0.0       0.    90.

           2      -194.0         0.0     -0.0        -190.0         0.0     -0.0

           3      -184.0         0.0     -0.0        -180.0         0.0     -0.0

           4      -174.0         0.0     -0.0        -170.0         0.0     -0.0

           5      -164.0         0.0     -0.0        -160.0         0.0     -0.0

           6      -154.0         0.0     -0.0        -150.0         0.0     -0.0

           7      -144.0         0.0     -0.0        -140.0         0.0     -0.0

           8      -134.0         0.0     -0.0        -130.0         0.0     -0.0

           9      -124.0         0.0     -0.0        -120.0         0.0     -0.0

          10      -114.0         0.0     -0.0        -110.0         0.0     -0.0

          11      -104.0         0.0     -0.0        -100.0         0.0     -0.0

          12       -94.0         0.0     -0.0         -90.0         0.0     -0.0

          13       -84.0         0.0     -0.0         -80.0         0.0     -0.0

          14       -74.0         0.0     -0.0         -70.0         0.0     -0.0

          15       -64.0         0.0     -0.0         -60.0         0.0     -0.0

          16       -54.0         0.0     -0.0         -50.0         0.0     -0.0

          17       -44.0         0.0     -0.0         -40.0         0.0     -0.0

          18       -34.0         0.0     -0.0         -30.0         0.0     -0.0

          19       -24.0         0.0     -0.0         -20.0         0.0     -0.0

          20       -14.0         0.0     -0.0         -10.0         0.0     -0.0

          21        -4.0         0.0     -0.0           0.0         0.0     -0.0

          22         6.0         0.0     -0.0          10.0         0.0     -0.0

          23        16.0         0.0     -0.0          20.0         0.0     -0.0

          24        26.0         0.0     -0.0          30.0         0.0     -0.0

          25        36.0         0.0     -0.0          40.0         0.0     -0.0

          26        46.0         0.0     -0.0          50.0         0.0     -0.0

          27        56.0         0.0     -0.0          60.0         0.0     -0.0

          28        66.0         0.0     -0.0          70.0         0.0     -0.0

          29        76.0         0.0     -0.0          80.0         0.0     -0.0

          30        86.0         0.0     -0.0          90.0         0.0     -0.0

          31        96.0         0.0     -0.0         100.0         0.0     -0.0

          32       106.0         0.0     -0.0         110.0         0.0     -0.0

          33       116.0         0.0     -0.0         120.0         0.0     -0.0

          34       126.0         0.0     -0.0         130.0         0.0     -0.0

          35       136.0         0.0     -0.0         140.0         0.0     -0.0

          36       146.0         0.0     -0.0         150.0         0.0     -0.0

          37       156.0         0.0     -0.0         160.0         0.0     -0.0

          38       166.0         0.0     -0.0         170.0         0.0     -0.0

          39       176.0         0.0     -0.0         180.0         0.0     -0.0

          40       186.0         0.0     -0.0         190.0         0.0     -0.0

          41       196.0         0.0     -0.0         200.0         0.0     -0.0


  Plot points for receivers on Line   1000

            East        North     Elev
            ----        -----     ----

   1       -202.0          0.0      0.0
   2       -192.0          0.0      0.0
   3       -182.0          0.0      0.0
   4       -172.0          0.0      0.0
   5       -162.0          0.0      0.0
   6       -152.0          0.0      0.0
   7       -142.0          0.0      0.0
   8       -132.0          0.0      0.0
   9       -122.0          0.0      0.0
  10       -112.0          0.0      0.0
  11       -102.0          0.0      0.0
  12        -92.0          0.0      0.0
  13        -82.0          0.0      0.0
  14        -72.0          0.0      0.0
  15        -62.0          0.0      0.0
  16        -52.0          0.0      0.0
  17        -42.0          0.0      0.0
  18        -32.0          0.0      0.0
  19        -22.0          0.0      0.0
  20        -12.0          0.0      0.0
  21         -2.0          0.0      0.0
  22          8.0          0.0      0.0
  23         18.0          0.0      0.0
  24         28.0          0.0      0.0
  25         38.0          0.0      0.0
  26         48.0          0.0      0.0
  27         58.0          0.0      0.0
  28         68.0          0.0      0.0
  29         78.0          0.0      0.0
  30         88.0          0.0      0.0
  31         98.0          0.0      0.0
  32        108.0          0.0      0.0
  33        118.0          0.0      0.0
  34        128.0          0.0      0.0
  35        138.0          0.0      0.0
  36        148.0          0.0      0.0
  37        158.0          0.0      0.0
  38        168.0          0.0      0.0
  39        178.0          0.0      0.0
  40        188.0          0.0      0.0
  41        198.0          0.0      0.0


          +----------------------------------+
          +  Layered Earth Model Parameters  +
          +----------------------------------+

                    Depth
 Layer  Thickness   to Top    Resistivity   MU-R   EPS-R   CHRG    CFREQ    CTAU
 -----  ---------   ------    -----------   ----   -----   ----    -----    ----
   1                   0.0      100.0       1.00   1.00    0.00    1.00      0.0    

  Samaya will compute 3D responses for a frequency-domain system.


---------------------------------------------------------------------------
                       END OF INPUT DATA DESCRIPTION
---------------------------------------------------------------------------

  Frequency-domain model output for moving dipole Tx with fixed offset receiver(s).

  Line 1000    Survey azimuth =  90 degrees    Units = parts per million


         Z Inphase - Vertical Component Model Output for Line 1000
         ------------------------------------------------------

             RECEIVER POSITIONS               FREQUENCIES
         East        North     Elev        100.0       300.0      1000.0      3000.0     10000.0

  1      -202.0         0.0      0.0   1000000.5   1000002.0   1000008.8   1000042.2   1000248.1
  2      -192.0         0.0      0.0   1000000.5   1000002.1   1000008.9   1000042.2   1000248.0
  3      -182.0         0.0      0.0   1000000.5   1000002.2   1000009.1   1000042.3   1000248.0
  4      -172.0         0.0      0.0   1000000.6   1000002.3   1000009.2   1000042.4   1000248.0
  5      -162.0         0.0      0.0   1000000.6   1000002.4   1000009.4   1000042.5   1000247.9
  6      -152.0         0.0      0.0   1000000.6   1000002.5   1000009.6   1000042.7   1000247.9
  7      -142.0         0.0      0.0   1000000.7   1000002.6   1000009.8   1000042.9   1000247.8
  8      -132.0         0.0      0.0   1000000.7   1000002.7   1000010.1   1000043.2   1000247.8
  9      -122.0         0.0      0.0   1000000.7   1000002.9   1000010.4   1000043.6   1000247.9
 10      -112.0         0.0      0.0   1000000.8   1000003.0   1000010.8   1000044.1   1000248.0
 11      -102.0         0.0      0.0   1000000.8   1000003.2   1000011.2   1000044.6   1000248.2
 12       -92.0         0.0      0.0   1000000.8   1000003.3   1000011.6   1000045.2   1000248.5
 13       -82.0         0.0      0.0   1000000.8   1000003.5   1000012.0   1000045.9   1000248.9
 14       -72.0         0.0      0.0   1000000.8   1000003.6   1000012.4   1000046.6   1000249.4
 15       -62.0         0.0      0.0   1000000.8   1000003.6   1000012.7   1000047.1   1000249.9
 16       -52.0         0.0      0.0   1000000.8   1000003.5   1000012.9   1000047.5   1000250.3
 17       -42.0         0.0      0.0   1000000.7   1000003.4   1000012.9   1000047.7   1000250.4
 18       -32.0         0.0      0.0   1000000.6   1000003.1   1000012.9   1000047.8   1000250.5
 19       -22.0         0.0      0.0   1000000.5   1000002.9   1000012.8   1000048.0   1000250.7
 20       -12.0         0.0      0.0   1000000.5   1000002.6   1000012.8   1000048.3   1000251.1
 21        -2.0         0.0      0.0   1000000.4   1000002.5   1000012.8   1000048.5   1000251.3
 22         8.0         0.0      0.0   1000000.4   1000002.6   1000012.8   1000048.4   1000251.3
 23        18.0         0.0      0.0   1000000.5   1000002.8   1000012.8   1000048.2   1000251.0
 24        28.0         0.0      0.0   1000000.6   1000003.0   1000012.9   1000048.0   1000250.7
 25        38.0         0.0      0.0   1000000.7   1000003.3   1000013.0   1000047.8   1000250.6
 26        48.0         0.0      0.0   1000000.8   1000003.5   1000012.9   1000047.7   1000250.5
 27        58.0         0.0      0.0   1000000.8   1000003.6   1000012.8   1000047.4   1000250.2
 28        68.0         0.0      0.0   1000000.8   1000003.6   1000012.5   1000046.9   1000249.7
 29        78.0         0.0      0.0   1000000.8   1000003.5   1000012.2   1000046.2   1000249.2
 30        88.0         0.0      0.0   1000000.8   1000003.4   1000011.8   1000045.6   1000248.7
 31        98.0         0.0      0.0   1000000.8   1000003.2   1000011.4   1000044.9   1000248.3
 32       108.0         0.0      0.0   1000000.8   1000003.1   1000011.0   1000044.3   1000248.1
 33       118.0         0.0      0.0   1000000.7   1000002.9   1000010.6   1000043.8   1000247.9
 34       128.0         0.0      0.0   1000000.7   1000002.8   1000010.2   1000043.4   1000247.8
 35       138.0         0.0      0.0   1000000.7   1000002.6   1000010.0   1000043.1   1000247.8
 36       148.0         0.0      0.0   1000000.6   1000002.5   1000009.7   1000042.8   1000247.9
 37       158.0         0.0      0.0   1000000.6   1000002.4   1000009.5   1000042.6   1000247.9
 38       168.0         0.0      0.0   1000000.6   1000002.3   1000009.3   1000042.5   1000247.9
 39       178.0         0.0      0.0   1000000.6   1000002.2   1000009.1   1000042.3   1000248.0
 40       188.0         0.0      0.0   1000000.5   1000002.1   1000009.0   1000042.3   1000248.0
 41       198.0         0.0      0.0   1000000.5   1000002.0   1000008.9   1000042.2   1000248.0


         Z Quadrature - Vertical Component Model Output for Line 1000
         ---------------------------------------------------------

             RECEIVER POSITIONS               FREQUENCIES
         East        North     Elev        100.0       300.0      1000.0      3000.0     10000.0

  1      -202.0         0.0      0.0        31.6        93.5       307.0       903.1      2891.0
  2      -192.0         0.0      0.0        31.7        93.6       307.0       903.1      2891.0
  3      -182.0         0.0      0.0        31.7        93.6       307.0       903.0      2891.0
  4      -172.0         0.0      0.0        31.8        93.7       307.0       902.9      2890.9
  5      -162.0         0.0      0.0        31.8        93.8       307.0       902.7      2890.9
  6      -152.0         0.0      0.0        31.9        93.9       307.0       902.6      2890.8
  7      -142.0         0.0      0.0        32.0        94.0       307.1       902.5      2890.6
  8      -132.0         0.0      0.0        32.1        94.1       307.2       902.3      2890.5
  9      -122.0         0.0      0.0        32.1        94.2       307.3       902.2      2890.2
 10      -112.0         0.0      0.0        32.2        94.4       307.4       902.1      2889.9
 11      -102.0         0.0      0.0        32.3        94.6       307.6       902.0      2889.5
 12       -92.0         0.0      0.0        32.5        94.8       307.8       902.0      2889.0
 13       -82.0         0.0      0.0        32.6        95.0       308.1       902.1      2888.6
 14       -72.0         0.0      0.0        32.6        95.3       308.4       902.2      2888.2
 15       -62.0         0.0      0.0        32.7        95.4       308.6       902.3      2887.9
 16       -52.0         0.0      0.0        32.7        95.5       308.9       902.4      2887.8
 17       -42.0         0.0      0.0        32.6        95.6       309.0       902.4      2887.7
 18       -32.0         0.0      0.0        32.5        95.6       309.2       902.5      2887.6
 19       -22.0         0.0      0.0        32.4        95.6       309.5       902.7      2887.5
 20       -12.0         0.0      0.0        32.3        95.6       309.8       902.9      2887.3
 21        -2.0         0.0      0.0        32.2        95.7       310.0       903.1      2887.3
 22         8.0         0.0      0.0        32.3        95.7       309.9       903.0      2887.3
 23        18.0         0.0      0.0        32.4        95.6       309.7       902.8      2887.4
 24        28.0         0.0      0.0        32.5        95.6       309.4       902.6      2887.5
 25        38.0         0.0      0.0        32.6        95.6       309.2       902.5      2887.6
 26        48.0         0.0      0.0        32.7        95.6       309.0       902.5      2887.7
 27        58.0         0.0      0.0        32.7        95.5       308.8       902.4      2887.8
 28        68.0         0.0      0.0        32.7        95.3       308.5       902.3      2888.1
 29        78.0         0.0      0.0        32.6        95.1       308.2       902.1      2888.4
 30        88.0         0.0      0.0        32.5        94.9       308.0       902.1      2888.8
 31        98.0         0.0      0.0        32.4        94.7       307.7       902.1      2889.3
 32       108.0         0.0      0.0        32.3        94.5       307.5       902.1      2889.7
 33       118.0         0.0      0.0        32.2        94.3       307.3       902.2      2890.1
 34       128.0         0.0      0.0        32.1        94.2       307.2       902.3      2890.3
 35       138.0         0.0      0.0        32.0        94.0       307.1       902.4      2890.6
 36       148.0         0.0      0.0        31.9        93.9       307.1       902.6      2890.7
 37       158.0         0.0      0.0        31.9        93.8       307.0       902.7      2890.8
 38       168.0         0.0      0.0        31.8        93.7       307.0       902.8      2890.9
 39       178.0         0.0      0.0        31.7        93.7       307.0       902.9      2891.0
 40       188.0         0.0      0.0        31.7        93.6       307.0       903.0      2891.0
 41       198.0         0.0      0.0        31.7        93.5       307.0       903.1      2891.0


         X Inphase - Radial Component Model Output for Line 1000
         ----------------------------------------------------

             RECEIVER POSITIONS               FREQUENCIES
         East        North     Elev        100.0       300.0      1000.0      3000.0     10000.0

  1      -202.0         0.0      0.0         0.0         0.2         0.8         3.5        30.5
  2      -192.0         0.0      0.0         0.0         0.2         0.8         3.6        30.5
  3      -182.0         0.0      0.0        -0.0         0.2         0.9         3.7        30.5
  4      -172.0         0.0      0.0        -0.0         0.1         0.9         3.8        30.5
  5      -162.0         0.0      0.0        -0.0         0.1         0.9         3.8        30.5
  6      -152.0         0.0      0.0        -0.0         0.1         0.9         4.0        30.5
  7      -142.0         0.0      0.0        -0.1         0.0         0.9         4.1        30.6
  8      -132.0         0.0      0.0        -0.1        -0.0         0.9         4.2        30.7
  9      -122.0         0.0      0.0        -0.1        -0.1         0.8         4.3        30.9
 10      -112.0         0.0      0.0        -0.2        -0.2         0.7         4.3        31.0
 11      -102.0         0.0      0.0        -0.2        -0.3         0.6         4.3        31.2
 12       -92.0         0.0      0.0        -0.2        -0.5         0.4         4.2        31.4
 13       -82.0         0.0      0.0        -0.3        -0.7         0.1         4.0        31.5
 14       -72.0         0.0      0.0        -0.3        -0.9        -0.2         3.6        31.5
 15       -62.0         0.0      0.0        -0.4        -1.1        -0.5         3.2        31.4
 16       -52.0         0.0      0.0        -0.4        -1.2        -0.8         2.9        31.1
 17       -42.0         0.0      0.0        -0.4        -1.3        -0.9         2.7        30.9
 18       -32.0         0.0      0.0        -0.4        -1.2        -0.8         2.8        31.0
 19       -22.0         0.0      0.0        -0.3        -0.9        -0.4         3.2        31.2
 20       -12.0         0.0      0.0        -0.2        -0.5         0.2         3.6        31.2
 21        -2.0         0.0      0.0         0.0         0.1         0.8         3.9        31.0
 22         8.0         0.0      0.0         0.2         0.7         1.4         4.1        30.7
 23        18.0         0.0      0.0         0.4         1.2         1.9         4.4        30.6
 24        28.0         0.0      0.0         0.5         1.5         2.3         4.6        30.7
 25        38.0         0.0      0.0         0.5         1.7         2.3         4.7        30.7
 26        48.0         0.0      0.0         0.5         1.6         2.2         4.5        30.4
 27        58.0         0.0      0.0         0.5         1.4         1.9         4.0        30.1
 28        68.0         0.0      0.0         0.4         1.2         1.5         3.5        29.8
 29        78.0         0.0      0.0         0.4         0.9         1.1         3.0        29.6
 30        88.0         0.0      0.0         0.3         0.7         0.7         2.7        29.6
 31        98.0         0.0      0.0         0.2         0.6         0.5         2.5        29.8
 32       108.0         0.0      0.0         0.2         0.4         0.3         2.4        30.0
 33       118.0         0.0      0.0         0.2         0.3         0.1         2.4        30.1
 34       128.0         0.0      0.0         0.1         0.2         0.0         2.4        30.3
 35       138.0         0.0      0.0         0.1         0.1        -0.0         2.5        30.4
 36       148.0         0.0      0.0         0.1         0.1        -0.0         2.6        30.5
 37       158.0         0.0      0.0         0.1         0.0        -0.0         2.7        30.6
 38       168.0         0.0      0.0         0.0        -0.0        -0.0         2.8        30.6
 39       178.0         0.0      0.0         0.0        -0.1        -0.0         2.9        30.6
 40       188.0         0.0      0.0         0.0        -0.1         0.0         3.0        30.6
 41       198.0         0.0      0.0         0.0        -0.1         0.0         3.0        30.6

         X Quadrature - Radial Component Model Output for Line 1000
         -------------------------------------------------------

             RECEIVER POSITIONS               FREQUENCIES
         East        North     Elev        100.0       300.0      1000.0      3000.0     10000.0

  1      -202.0         0.0      0.0        31.7        94.9       315.8       946.5      3150.4
  2      -192.0         0.0      0.0        31.7        95.0       315.8       946.5      3150.4
  3      -182.0         0.0      0.0        31.7        95.0       315.9       946.5      3150.3
  4      -172.0         0.0      0.0        31.7        95.0       315.9       946.5      3150.2
  5      -162.0         0.0      0.0        31.6        95.0       316.0       946.5      3150.2
  6      -152.0         0.0      0.0        31.6        95.0       316.1       946.6      3150.1
  7      -142.0         0.0      0.0        31.6        95.0       316.1       946.6      3150.0
  8      -132.0         0.0      0.0        31.6        95.0       316.2       946.7      3149.9
  9      -122.0         0.0      0.0        31.6        95.0       316.3       946.8      3149.8
 10      -112.0         0.0      0.0        31.5        95.0       316.4       947.0      3149.8
 11      -102.0         0.0      0.0        31.4        94.9       316.4       947.2      3149.8
 12       -92.0         0.0      0.0        31.4        94.9       316.5       947.4      3149.9
 13       -82.0         0.0      0.0        31.3        94.8       316.5       947.5      3150.1
 14       -72.0         0.0      0.0        31.1        94.6       316.4       947.7      3150.4
 15       -62.0         0.0      0.0        31.0        94.5       316.3       947.7      3150.7
 16       -52.0         0.0      0.0        30.9        94.3       316.2       947.7      3150.9
 17       -42.0         0.0      0.0        30.9        94.3       316.2       947.7      3150.9
 18       -32.0         0.0      0.0        30.9        94.3       316.2       947.6      3150.8
 19       -22.0         0.0      0.0        31.1        94.5       316.3       947.5      3150.6
 20       -12.0         0.0      0.0        31.4        94.7       316.2       947.3      3150.4
 21        -2.0         0.0      0.0        31.7        94.9       316.0       946.9      3150.1
 22         8.0         0.0      0.0        32.0        95.2       315.8       946.4      3149.9
 23        18.0         0.0      0.0        32.2        95.4       315.6       946.0      3149.8
 24        28.0         0.0      0.0        32.4        95.5       315.6       945.9      3149.6
 25        38.0         0.0      0.0        32.5        95.5       315.6       945.8      3149.5
 26        48.0         0.0      0.0        32.4        95.4       315.5       945.8      3149.6
 27        58.0         0.0      0.0        32.3        95.3       315.4       945.8      3149.9
 28        68.0         0.0      0.0        32.2        95.1       315.2       945.8      3150.2
 29        78.0         0.0      0.0        32.0        94.9       315.1       945.9      3150.6
 30        88.0         0.0      0.0        31.9        94.7       315.1       946.1      3150.9
 31        98.0         0.0      0.0        31.8        94.6       315.1       946.3      3151.0
 32       108.0         0.0      0.0        31.7        94.6       315.1       946.5      3151.1
 33       118.0         0.0      0.0        31.7        94.5       315.2       946.6      3151.1
 34       128.0         0.0      0.0        31.6        94.5       315.2       946.8      3151.1
 35       138.0         0.0      0.0        31.6        94.5       315.3       946.9      3151.0
 36       148.0         0.0      0.0        31.5        94.5       315.4       947.0      3150.9
 37       158.0         0.0      0.0        31.5        94.5       315.5       947.0      3150.8
 38       168.0         0.0      0.0        31.5        94.5       315.5       947.0      3150.7
 39       178.0         0.0      0.0        31.5        94.5       315.6       947.1      3150.7
 40       188.0         0.0      0.0        31.5        94.5       315.6       947.1      3150.6
 41       198.0         0.0      0.0        31.5        94.5       315.7       947.0      3150.6


         Y Inphase - Tangential Component Model Output for Line 1000
         --------------------------------------------------------

             RECEIVER POSITIONS               FREQUENCIES
         East        North     Elev        100.0       300.0      1000.0      3000.0     10000.0

  1      -202.0         0.0      0.0        -0.0        -0.0         0.0         0.0        -0.0
  2      -192.0         0.0      0.0        -0.0        -0.0         0.0         0.0        -0.0
  3      -182.0         0.0      0.0        -0.0        -0.0         0.0         0.0        -0.0
  4      -172.0         0.0      0.0        -0.0        -0.0         0.0         0.0        -0.0
  5      -162.0         0.0      0.0        -0.0        -0.0        -0.0         0.0        -0.0
  6      -152.0         0.0      0.0        -0.0        -0.0        -0.0         0.0        -0.0
  7      -142.0         0.0      0.0        -0.0        -0.0        -0.0         0.0        -0.0
  8      -132.0         0.0      0.0        -0.0        -0.0        -0.0         0.0        -0.0
  9      -122.0         0.0      0.0        -0.0        -0.0        -0.0         0.0        -0.0
 10      -112.0         0.0      0.0        -0.0        -0.0        -0.0         0.0        -0.0
 11      -102.0         0.0      0.0        -0.0        -0.0        -0.0         0.0        -0.0
 12       -92.0         0.0      0.0        -0.0        -0.0        -0.0         0.0        -0.0
 13       -82.0         0.0      0.0        -0.0        -0.0        -0.0         0.0         0.0
 14       -72.0         0.0      0.0        -0.0        -0.0        -0.0         0.0         0.0
 15       -62.0         0.0      0.0        -0.0        -0.0        -0.0         0.0         0.0
 16       -52.0         0.0      0.0        -0.0        -0.0        -0.0         0.0         0.0
 17       -42.0         0.0      0.0        -0.0        -0.0        -0.0         0.0        -0.0
 18       -32.0         0.0      0.0        -0.0        -0.0         0.0         0.0        -0.0
 19       -22.0         0.0      0.0        -0.0        -0.0         0.0         0.0        -0.0
 20       -12.0         0.0      0.0         0.0         0.0         0.0         0.0        -0.0
 21        -2.0         0.0      0.0         0.0         0.0         0.0         0.0        -0.0
 22         8.0         0.0      0.0         0.0         0.0         0.0         0.0        -0.0
 23        18.0         0.0      0.0        -0.0        -0.0         0.0        -0.0        -0.0
 24        28.0         0.0      0.0        -0.0        -0.0        -0.0        -0.0         0.0
 25        38.0         0.0      0.0        -0.0        -0.0        -0.0        -0.0         0.0
 26        48.0         0.0      0.0        -0.0        -0.0        -0.0        -0.0         0.0
 27        58.0         0.0      0.0        -0.0        -0.0        -0.0         0.0         0.0
 28        68.0         0.0      0.0        -0.0        -0.0        -0.0         0.0         0.0
 29        78.0         0.0      0.0        -0.0        -0.0        -0.0         0.0         0.0
 30        88.0         0.0      0.0        -0.0        -0.0        -0.0         0.0         0.0
 31        98.0         0.0      0.0        -0.0        -0.0        -0.0         0.0         0.0
 32       108.0         0.0      0.0        -0.0        -0.0        -0.0         0.0         0.0
 33       118.0         0.0      0.0        -0.0        -0.0        -0.0         0.0         0.0
 34       128.0         0.0      0.0        -0.0        -0.0        -0.0         0.0         0.0
 35       138.0         0.0      0.0        -0.0        -0.0        -0.0         0.0         0.0
 36       148.0         0.0      0.0        -0.0        -0.0        -0.0         0.0         0.0
 37       158.0         0.0      0.0        -0.0        -0.0        -0.0         0.0         0.0
 38       168.0         0.0      0.0        -0.0        -0.0        -0.0         0.0         0.0
 39       178.0         0.0      0.0        -0.0        -0.0        -0.0         0.0         0.0
 40       188.0         0.0      0.0        -0.0        -0.0        -0.0         0.0         0.0
 41       198.0         0.0      0.0        -0.0        -0.0        -0.0         0.0         0.0


         Y Quadrature - Tangential Component Model Output for Line 1000
         ------------------------------------------------------------

             RECEIVER POSITIONS               FREQUENCIES
         East        North     Elev        100.0       300.0      1000.0      3000.0     10000.0

  1      -202.0         0.0      0.0        -0.0         0.0         0.0        -0.0        -0.0
  2      -192.0         0.0      0.0        -0.0         0.0         0.0        -0.0        -0.0
  3      -182.0         0.0      0.0        -0.0         0.0         0.0        -0.0        -0.0
  4      -172.0         0.0      0.0        -0.0         0.0         0.0        -0.0        -0.0
  5      -162.0         0.0      0.0        -0.0         0.0         0.0        -0.0        -0.0
  6      -152.0         0.0      0.0        -0.0         0.0         0.0         0.0        -0.0
  7      -142.0         0.0      0.0        -0.0         0.0         0.0         0.0        -0.0
  8      -132.0         0.0      0.0        -0.0         0.0         0.0         0.0        -0.0
  9      -122.0         0.0      0.0        -0.0         0.0         0.0         0.0        -0.0
 10      -112.0         0.0      0.0        -0.0         0.0         0.0         0.0        -0.0
 11      -102.0         0.0      0.0        -0.0         0.0         0.0         0.0        -0.0
 12       -92.0         0.0      0.0        -0.0        -0.0         0.0         0.0        -0.0
 13       -82.0         0.0      0.0        -0.0        -0.0         0.0         0.0        -0.0
 14       -72.0         0.0      0.0        -0.0        -0.0         0.0         0.0        -0.0
 15       -62.0         0.0      0.0        -0.0        -0.0         0.0         0.0        -0.0
 16       -52.0         0.0      0.0        -0.0        -0.0         0.0         0.0        -0.0
 17       -42.0         0.0      0.0        -0.0         0.0         0.0         0.0        -0.0
 18       -32.0         0.0      0.0        -0.0         0.0         0.0        -0.0        -0.0
 19       -22.0         0.0      0.0         0.0         0.0         0.0        -0.0        -0.0
 20       -12.0         0.0      0.0         0.0         0.0         0.0        -0.0        -0.0
 21        -2.0         0.0      0.0         0.0         0.0        -0.0        -0.0         0.0
 22         8.0         0.0      0.0         0.0         0.0        -0.0        -0.0         0.0
 23        18.0         0.0      0.0        -0.0         0.0         0.0        -0.0         0.0
 24        28.0         0.0      0.0        -0.0        -0.0         0.0         0.0         0.0
 25        38.0         0.0      0.0        -0.0        -0.0         0.0         0.0         0.0
 26        48.0         0.0      0.0        -0.0        -0.0         0.0         0.0         0.0
 27        58.0         0.0      0.0        -0.0        -0.0         0.0         0.0         0.0
 28        68.0         0.0      0.0        -0.0        -0.0         0.0         0.0         0.0
 29        78.0         0.0      0.0        -0.0        -0.0         0.0         0.0         0.0
 30        88.0         0.0      0.0        -0.0        -0.0         0.0         0.0         0.0
 31        98.0         0.0      0.0        -0.0        -0.0         0.0         0.0         0.0
 32       108.0         0.0      0.0        -0.0        -0.0         0.0         0.0        -0.0
 33       118.0         0.0      0.0        -0.0        -0.0         0.0         0.0        -0.0
 34       128.0         0.0      0.0        -0.0         0.0         0.0         0.0        -0.0
 35       138.0         0.0      0.0        -0.0         0.0         0.0         0.0        -0.0
 36       148.0         0.0      0.0        -0.0         0.0         0.0         0.0        -0.0
 37       158.0         0.0      0.0        -0.0         0.0         0.0         0.0        -0.0
 38       168.0         0.0      0.0        -0.0         0.0         0.0         0.0        -0.0
 39       178.0         0.0      0.0        -0.0         0.0         0.0         0.0        -0.0
 40       188.0         0.0      0.0        -0.0         0.0         0.0         0.0        -0.0
 41       198.0         0.0      0.0        -0.0         0.0         0.0         0.0        -0.0

  Samaya forward model run completed: 2021-02-09T09:42:40
  Runtime:        18.45 seconds

