
  ------------------------------------------------------------------------------
  | Program:  Samaya                                  
  | Version:  2.0.1                                   
  | Date:     09 February, 2021                       
  |
  | Authors:  CSIRO Electromagnetic Modelling Group   
  |           Art Raiche, Fred Sugeng and Glenn Wilson
  | Contact:  David Annetts (david.annetts@csiro.au)  
  | Project:  AMIRA P223F                             
  | License:  GPL-2.0 (Full text at https://opensource.org/licenses/gpl-2.0.php)              
  |
  | Compiler: GCC version 9.3.0
  | Options:  -march=cascadelake -mmmx -mno-3dnow -msse -msse2 -msse3 -mssse3 -mno-sse4a -mcx16 -msahf -mmovbe -maes -mno-sha -mpclmul -mpopcnt -mabm -mno-lwp -mfma -mno-fma4 -mno-xop -mbmi -mno-sgx -mbmi2 -mno-pconfig -mno-wbnoinvd -mno-tbm -mavx -mavx2 -msse4.2 -msse4.1 -mlzcnt -mno-rtm -mno-hle -mrdrnd -mf16c -mfsgsbase -mrdseed -mprfchw -madx -mfxsr -mxsave -mxsaveopt -mavx512f -mno-avx512er -mavx512cd -mno-avx512pf -mno-prefetchwt1 -mclflushopt -mxsavec -mxsaves -mavx512dq -mavx512bw -mavx512vl -mno-avx512ifma -mno-avx512vbmi -mno-avx5124fmaps -mno-avx5124vnniw -mclwb -mno-mwaitx -mno-clzero -mpku -mno-rdpid -mno-gfni -mno-shstk -mno-avx512vbmi2 -mavx512vnni -mno-vaes -mno-vpclmulqdq -mno-avx512bitalg -mno-avx512vpopcntdq -mno-movdiri -mno-movdir64b -mno-waitpkg -mno-cldemote -mno-ptwrite --param l1-cache-size=32 --param l1-cache-line-size=64 --param l2-cache-size=22528 -mtune=cascadelake -O3 -fwhole-program -fdefault-double-8 -fdefault-real-8 -fpre-include=/usr/include/finclude/math-vector-fortran.h
  |
  | Started:  2021-02-09T09:42:22
  ------------------------------------------------------------------------------

          INPUT DATA
          ----------


 3 Fixed Loops with surface & DH receivers through verical plate                                                         

  TDFD = 1;   DO3D =  1;   ISYS = 0;   PRFL =  1;   ISTOP = 0

          +-----------------------------------------+
          +  Time-Domain Ground System Information  +
          +-----------------------------------------+

  STEP = 0;   NSX =   4;   NCHNL =  10;   KRXW = 1;   REFTYM =   0.000    ;   OFFTYM =   80.00    


             TXON (ms)    Transmitter current (amps)
             ---------    --------------------------

      1        0.000         0.000    
      2        0.200         1.000    
      3       20.000         1.000    
      4       20.200         0.000    


         Receiver channel origin INPUT is shifted by    0.000 ms from signal origin.

         Receiver Window Specifications (ms - referenced to signal origin)
         ----------------------------------------------------------------

                                                             Referenced
       Window     Open       Close       Width     Centre      Centre
       ------     ----       -----       -----     ------      ------
          1      20.295      20.305      0.010      20.300     20.300
          2      20.485      20.515      0.030      20.500     20.500
          3      20.675      20.725      0.050      20.700     20.700
          4      21.150      21.250      0.100      21.200     21.200
          5      23.050      23.350      0.300      23.200     23.200
          6      24.950      25.450      0.500      25.200     25.200
          7      29.700      30.700      1.000      30.200     30.200
          8      39.200      41.200      2.000      40.200     40.200
          9      48.700      51.700      3.000      50.200     50.200
         10      67.700      72.700      5.000      70.200     70.200


  SURVEY_TYPE = 1

  NLINES =  6;   MRXL =  21;   NTX =  3;   SOURCE_TYPE = 1;   MXVRTX = 4;   NTRN =  1

  Vertex Locations for Loop Sources
  ---------------------------------

  Transmitter  1 has  4 vertices:

            Easting      Northing      Elevation
            -------      --------      ---------
    1       -150.00        100.00          0.00
    2       -150.00       -100.00          0.00
    3       -250.00       -100.00          0.00
    4       -250.00        100.00          0.00

  Transmitter  2 has  4 vertices:

            Easting      Northing      Elevation
            -------      --------      ---------
    1        -50.00        100.00          0.00
    2        -50.00       -100.00          0.00
    3         50.00       -100.00          0.00
    4         50.00        100.00          0.00

  Transmitter  3 has  4 vertices:

            Easting      Northing      Elevation
            -------      --------      ---------
    1        150.00        100.00          0.00
    2        150.00       -100.00          0.00
    3        250.00       -100.00          0.00
    4        250.00        100.00          0.00


  Line    10101;   Tx Index  1;   Rx Type = 1;   NRX = 21;   Units = 11

        CMP =  13;   KNORM = 0;   IPLT = 1;   IDH = 0;   SV_AZM =    0.0;   RXMNT =   1000.    

          Magnetic Dipole Receivers
          -------------------------

         Easting     Northing   Elevation
         -------     --------   ---------
   1      -200.0         0.0         0.0
   2      -180.0         0.0         0.0
   3      -160.0         0.0         0.0
   4      -140.0         0.0         0.0
   5      -120.0         0.0         0.0
   6      -100.0         0.0         0.0
   7       -80.0         0.0         0.0
   8       -60.0         0.0         0.0
   9       -40.0         0.0         0.0
  10       -20.0         0.0         0.0
  11         0.0         0.0         0.0
  12        20.0         0.0         0.0
  13        40.0         0.0         0.0
  14        60.0         0.0         0.0
  15        80.0         0.0         0.0
  16       100.0         0.0         0.0
  17       120.0         0.0         0.0
  18       140.0         0.0         0.0
  19       160.0         0.0         0.0
  20       180.0         0.0         0.0
  21       200.0         0.0         0.0


  Line    10201;   Tx Index  2;   Rx Type = 1;   NRX = 21;   Units = 11

        CMP = 123;   KNORM = 0;   IPLT = 1;   IDH = 0;   SV_AZM =    0.0;   RXMNT =   1000.    

          Magnetic Dipole Receivers
          -------------------------

         Easting     Northing   Elevation
         -------     --------   ---------
   1      -200.0         0.0         0.0
   2      -180.0         0.0         0.0
   3      -160.0         0.0         0.0
   4      -140.0         0.0         0.0
   5      -120.0         0.0         0.0
   6      -100.0         0.0         0.0
   7       -80.0         0.0         0.0
   8       -60.0         0.0         0.0
   9       -40.0         0.0         0.0
  10       -20.0         0.0         0.0
  11         0.0         0.0         0.0
  12        20.0         0.0         0.0
  13        40.0         0.0         0.0
  14        60.0         0.0         0.0
  15        80.0         0.0         0.0
  16       100.0         0.0         0.0
  17       120.0         0.0         0.0
  18       140.0         0.0         0.0
  19       160.0         0.0         0.0
  20       180.0         0.0         0.0
  21       200.0         0.0         0.0


  Line    10301;   Tx Index  3;   Rx Type = 1;   NRX = 21;   Units = 11

        CMP =   3;   KNORM = 0;   IPLT = 1;   IDH = 0;   SV_AZM =    0.0;   RXMNT =   1000.    

          Magnetic Dipole Receivers
          -------------------------

         Easting     Northing   Elevation
         -------     --------   ---------
   1      -200.0         0.0         0.0
   2      -180.0         0.0         0.0
   3      -160.0         0.0         0.0
   4      -140.0         0.0         0.0
   5      -120.0         0.0         0.0
   6      -100.0         0.0         0.0
   7       -80.0         0.0         0.0
   8       -60.0         0.0         0.0
   9       -40.0         0.0         0.0
  10       -20.0         0.0         0.0
  11         0.0         0.0         0.0
  12        20.0         0.0         0.0
  13        40.0         0.0         0.0
  14        60.0         0.0         0.0
  15        80.0         0.0         0.0
  16       100.0         0.0         0.0
  17       120.0         0.0         0.0
  18       140.0         0.0         0.0
  19       160.0         0.0         0.0
  20       180.0         0.0         0.0
  21       200.0         0.0         0.0


  Line    10102;   Tx Index  1;   Rx Type = 1;   NRX =  9;   Units = 11

        CMP = 123;   KNORM = 0;   IPLT = 1;   IDH = 1;   SV_AZM =    0.0;   RXMNT =   1000.    

          Magnetic Dipole Receivers
          -------------------------

         Easting     Northing   Elevation    Dip    Azimuth
         -------     --------   ---------    ---    -------
   1        50.0       -50.0       -20.0     46.0     87.0
   2        30.0       -45.0       -40.0     46.0     87.0
   3        10.0       -40.0       -60.0     46.0     87.0
   4       -10.0       -35.0       -80.0     46.0     87.0
   5       -30.0       -30.0      -100.0     46.0     87.0
   6       -50.0       -25.0      -120.0     46.0     87.0
   7       -70.0       -20.0      -140.0     46.0     87.0
   8       -90.0       -15.0      -160.0     46.0     87.0
   9      -110.0       -10.0      -180.0     46.0     87.0


  Line    10202;   Tx Index  2;   Rx Type = 1;   NRX =  9;   Units = 11

        CMP = 123;   KNORM = 0;   IPLT = 1;   IDH = 1;   SV_AZM =    0.0;   RXMNT =   1000.    

          Magnetic Dipole Receivers
          -------------------------

         Easting     Northing   Elevation    Dip    Azimuth
         -------     --------   ---------    ---    -------
   1        50.0       -50.0       -20.0     46.0     87.0
   2        30.0       -45.0       -40.0     46.0     87.0
   3        10.0       -40.0       -60.0     46.0     87.0
   4       -10.0       -35.0       -80.0     46.0     87.0
   5       -30.0       -30.0      -100.0     46.0     87.0
   6       -50.0       -25.0      -120.0     46.0     87.0
   7       -70.0       -20.0      -140.0     46.0     87.0
   8       -90.0       -15.0      -160.0     46.0     87.0
   9      -110.0       -10.0      -180.0     46.0     87.0


  Line    10302;   Tx Index  3;   Rx Type = 1;   NRX =  9;   Units = 11

        CMP = 123;   KNORM = 0;   IPLT = 1;   IDH = 1;   SV_AZM =    0.0;   RXMNT =   1000.    

          Magnetic Dipole Receivers
          -------------------------

         Easting     Northing   Elevation    Dip    Azimuth
         -------     --------   ---------    ---    -------
   1        50.0       -50.0       -20.0     46.0     87.0
   2        30.0       -45.0       -40.0     46.0     87.0
   3        10.0       -40.0       -60.0     46.0     87.0
   4       -10.0       -35.0       -80.0     46.0     87.0
   5       -30.0       -30.0      -100.0     46.0     87.0
   6       -50.0       -25.0      -120.0     46.0     87.0
   7       -70.0       -20.0      -140.0     46.0     87.0
   8       -90.0       -15.0      -160.0     46.0     87.0
   9      -110.0       -10.0      -180.0     46.0     87.0


  NLAYER =  1;   NLITH =  7


                          LITHOLOGY PROPERTIES
                          --------------------

                                  Relative   Relative     Cole-Cole Parameters
        Resistivity  Conductance     MU     Dielectric   CHRG    CTAU       CFREQ

   1      1.000         -1.0       1.000      1.000      0.00    0.00        1.00
   2      1.000         -1.0       1.000      1.000      0.00    0.00        1.00
   3      100.0         -1.0       1.000      1.000      0.00    0.00        1.00
   4      1.000         50.0       1.000      1.000      0.00    0.00        1.00
   5      20.00         30.0       1.000      1.000      0.40    1.17        0.20
   6      5.000         42.0       1.000      1.000      0.00    0.00        1.00
   7      1.000        200.0       1.000      1.000      0.20    1.20        0.40


  LAYERED EARTH INPUT DATA
  ------------------------

   1   3             Basement Lithology


  MESH AND LITHOLOGIES DESCRIPTION
  --------------------------------

  Number of node "slices" along North-South axis =  9
  Number of node rows in each slice =   6
  Number of node columns in each slice =   3
  KACC = 2    SOLVER = 1    OUTPUT =  10



  Before computation begins, Samaya may transform array and model coordinates
  from GPS coordimnates where elevation increases positive upwards to a
  body-centred system where depth increases positive downwards.
  In this system, the dip of magnetic dipole transmitters and receivers
  = 0 for vertical dipoles and 90 for horizontal dipoles.

  The computational horizontal origin remains unchanged.

  Transformed transmitter and receiver locations for Line  10101
  Survey aximuth =   0.degrees clockwise from North.

  Transformed Vertex Locations for Loop Sources
  ---------------------------------------------

      Transmitter  1 has  4 vertices.

         Easting   Northing

    1    -150.00     100.00      -0.00
    2    -150.00    -100.00      -0.00
    3    -250.00    -100.00      -0.00
    4    -250.00     100.00      -0.00


  Transformed Locations for Magnetic Dipole Receivers in Line  10101
  ------------------------------------------------------------------

        Easting   Northing      Depth   Moment
        -------   --------      -----   ------
   1    -200.00       0.00      -0.00   1000.    
   2    -180.00       0.00      -0.00   1000.    
   3    -160.00       0.00      -0.00   1000.    
   4    -140.00       0.00      -0.00   1000.    
   5    -120.00       0.00      -0.00   1000.    
   6    -100.00       0.00      -0.00   1000.    
   7     -80.00       0.00      -0.00   1000.    
   8     -60.00       0.00      -0.00   1000.    
   9     -40.00       0.00      -0.00   1000.    
  10     -20.00       0.00      -0.00   1000.    
  11       0.00       0.00      -0.00   1000.    
  12      20.00       0.00      -0.00   1000.    
  13      40.00       0.00      -0.00   1000.    
  14      60.00       0.00      -0.00   1000.    
  15      80.00       0.00      -0.00   1000.    
  16     100.00       0.00      -0.00   1000.    
  17     120.00       0.00      -0.00   1000.    
  18     140.00       0.00      -0.00   1000.    
  19     160.00       0.00      -0.00   1000.    
  20     180.00       0.00      -0.00   1000.    
  21     200.00       0.00      -0.00   1000.    

  Transformed transmitter and receiver locations for Line  10201
  Survey aximuth =   0.degrees clockwise from North.

  Transformed Vertex Locations for Loop Sources
  ---------------------------------------------

      Transmitter  2 has  4 vertices.

         Easting   Northing

    1      50.00     100.00      -0.00
    2      50.00    -100.00      -0.00
    3     -50.00    -100.00      -0.00
    4     -50.00     100.00      -0.00


  Transformed Locations for Magnetic Dipole Receivers in Line  10201
  ------------------------------------------------------------------

        Easting   Northing      Depth   Moment
        -------   --------      -----   ------
   1    -200.00       0.00      -0.00   1000.    
   2    -180.00       0.00      -0.00   1000.    
   3    -160.00       0.00      -0.00   1000.    
   4    -140.00       0.00      -0.00   1000.    
   5    -120.00       0.00      -0.00   1000.    
   6    -100.00       0.00      -0.00   1000.    
   7     -80.00       0.00      -0.00   1000.    
   8     -60.00       0.00      -0.00   1000.    
   9     -40.00       0.00      -0.00   1000.    
  10     -20.00       0.00      -0.00   1000.    
  11       0.00       0.00      -0.00   1000.    
  12      20.00       0.00      -0.00   1000.    
  13      40.00       0.00      -0.00   1000.    
  14      60.00       0.00      -0.00   1000.    
  15      80.00       0.00      -0.00   1000.    
  16     100.00       0.00      -0.00   1000.    
  17     120.00       0.00      -0.00   1000.    
  18     140.00       0.00      -0.00   1000.    
  19     160.00       0.00      -0.00   1000.    
  20     180.00       0.00      -0.00   1000.    
  21     200.00       0.00      -0.00   1000.    

  Transformed transmitter and receiver locations for Line  10301
  Survey aximuth =   0.degrees clockwise from North.

  Transformed Vertex Locations for Loop Sources
  ---------------------------------------------

      Transmitter  3 has  4 vertices.

         Easting   Northing

    1     250.00     100.00      -0.00
    2     250.00    -100.00      -0.00
    3     150.00    -100.00      -0.00
    4     150.00     100.00      -0.00


  Transformed Locations for Magnetic Dipole Receivers in Line  10301
  ------------------------------------------------------------------

        Easting   Northing      Depth   Moment
        -------   --------      -----   ------
   1    -200.00       0.00      -0.00   1000.    
   2    -180.00       0.00      -0.00   1000.    
   3    -160.00       0.00      -0.00   1000.    
   4    -140.00       0.00      -0.00   1000.    
   5    -120.00       0.00      -0.00   1000.    
   6    -100.00       0.00      -0.00   1000.    
   7     -80.00       0.00      -0.00   1000.    
   8     -60.00       0.00      -0.00   1000.    
   9     -40.00       0.00      -0.00   1000.    
  10     -20.00       0.00      -0.00   1000.    
  11       0.00       0.00      -0.00   1000.    
  12      20.00       0.00      -0.00   1000.    
  13      40.00       0.00      -0.00   1000.    
  14      60.00       0.00      -0.00   1000.    
  15      80.00       0.00      -0.00   1000.    
  16     100.00       0.00      -0.00   1000.    
  17     120.00       0.00      -0.00   1000.    
  18     140.00       0.00      -0.00   1000.    
  19     160.00       0.00      -0.00   1000.    
  20     180.00       0.00      -0.00   1000.    
  21     200.00       0.00      -0.00   1000.    

  Transformed transmitter and receiver locations for Line  10102
  Survey aximuth =   0.degrees clockwise from North.

  Transformed Vertex Locations for Loop Sources
  ---------------------------------------------

      Transmitter  1 has  4 vertices.

         Easting   Northing

    1    -150.00     100.00      -0.00
    2    -150.00    -100.00      -0.00
    3    -250.00    -100.00      -0.00
    4    -250.00     100.00      -0.00


  Transformed Locations for Magnetic Dipole Receivers in Line  10102
  ------------------------------------------------------------------

        Easting   Northing      Depth   Moment
        -------   --------      -----   ------
   1      50.00     -50.00      20.00   1000.    
   2      30.00     -45.00      40.00   1000.    
   3      10.00     -40.00      60.00   1000.    
   4     -10.00     -35.00      80.00   1000.    
   5     -30.00     -30.00     100.00   1000.    
   6     -50.00     -25.00     120.00   1000.    
   7     -70.00     -20.00     140.00   1000.    
   8     -90.00     -15.00     160.00   1000.    
   9    -110.00     -10.00     180.00   1000.    

  Transformed transmitter and receiver locations for Line  10202
  Survey aximuth =   0.degrees clockwise from North.

  Transformed Vertex Locations for Loop Sources
  ---------------------------------------------

      Transmitter  2 has  4 vertices.

         Easting   Northing

    1      50.00     100.00      -0.00
    2      50.00    -100.00      -0.00
    3     -50.00    -100.00      -0.00
    4     -50.00     100.00      -0.00


  Transformed Locations for Magnetic Dipole Receivers in Line  10202
  ------------------------------------------------------------------

        Easting   Northing      Depth   Moment
        -------   --------      -----   ------
   1      50.00     -50.00      20.00   1000.    
   2      30.00     -45.00      40.00   1000.    
   3      10.00     -40.00      60.00   1000.    
   4     -10.00     -35.00      80.00   1000.    
   5     -30.00     -30.00     100.00   1000.    
   6     -50.00     -25.00     120.00   1000.    
   7     -70.00     -20.00     140.00   1000.    
   8     -90.00     -15.00     160.00   1000.    
   9    -110.00     -10.00     180.00   1000.    

  Transformed transmitter and receiver locations for Line  10302
  Survey aximuth =   0.degrees clockwise from North.

  Transformed Vertex Locations for Loop Sources
  ---------------------------------------------

      Transmitter  3 has  4 vertices.

         Easting   Northing

    1     250.00     100.00      -0.00
    2     250.00    -100.00      -0.00
    3     150.00    -100.00      -0.00
    4     150.00     100.00      -0.00


  Transformed Locations for Magnetic Dipole Receivers in Line  10302
  ------------------------------------------------------------------

        Easting   Northing      Depth   Moment
        -------   --------      -----   ------
   1      50.00     -50.00      20.00   1000.    
   2      30.00     -45.00      40.00   1000.    
   3      10.00     -40.00      60.00   1000.    
   4     -10.00     -35.00      80.00   1000.    
   5     -30.00     -30.00     100.00   1000.    
   6     -50.00     -25.00     120.00   1000.    
   7     -70.00     -20.00     140.00   1000.    
   8     -90.00     -15.00     160.00   1000.    
   9    -110.00     -10.00     180.00   1000.    


  Plot points for receivers on Line  10101

            East        North     Elev
            ----        -----     ----

   1       -200.0          0.0      0.0
   2       -180.0          0.0      0.0
   3       -160.0          0.0      0.0
   4       -140.0          0.0      0.0
   5       -120.0          0.0      0.0
   6       -100.0          0.0      0.0
   7        -80.0          0.0      0.0
   8        -60.0          0.0      0.0
   9        -40.0          0.0      0.0
  10        -20.0          0.0      0.0
  11          0.0          0.0      0.0
  12         20.0          0.0      0.0
  13         40.0          0.0      0.0
  14         60.0          0.0      0.0
  15         80.0          0.0      0.0
  16        100.0          0.0      0.0
  17        120.0          0.0      0.0
  18        140.0          0.0      0.0
  19        160.0          0.0      0.0
  20        180.0          0.0      0.0
  21        200.0          0.0      0.0


  Plot points for receivers on Line  10201

            East        North     Elev
            ----        -----     ----

   1       -200.0          0.0      0.0
   2       -180.0          0.0      0.0
   3       -160.0          0.0      0.0
   4       -140.0          0.0      0.0
   5       -120.0          0.0      0.0
   6       -100.0          0.0      0.0
   7        -80.0          0.0      0.0
   8        -60.0          0.0      0.0
   9        -40.0          0.0      0.0
  10        -20.0          0.0      0.0
  11          0.0          0.0      0.0
  12         20.0          0.0      0.0
  13         40.0          0.0      0.0
  14         60.0          0.0      0.0
  15         80.0          0.0      0.0
  16        100.0          0.0      0.0
  17        120.0          0.0      0.0
  18        140.0          0.0      0.0
  19        160.0          0.0      0.0
  20        180.0          0.0      0.0
  21        200.0          0.0      0.0


  Plot points for receivers on Line  10301

            East        North     Elev
            ----        -----     ----

   1       -200.0          0.0      0.0
   2       -180.0          0.0      0.0
   3       -160.0          0.0      0.0
   4       -140.0          0.0      0.0
   5       -120.0          0.0      0.0
   6       -100.0          0.0      0.0
   7        -80.0          0.0      0.0
   8        -60.0          0.0      0.0
   9        -40.0          0.0      0.0
  10        -20.0          0.0      0.0
  11          0.0          0.0      0.0
  12         20.0          0.0      0.0
  13         40.0          0.0      0.0
  14         60.0          0.0      0.0
  15         80.0          0.0      0.0
  16        100.0          0.0      0.0
  17        120.0          0.0      0.0
  18        140.0          0.0      0.0
  19        160.0          0.0      0.0
  20        180.0          0.0      0.0
  21        200.0          0.0      0.0


  Plot points for receivers on Line  10102

            East        North     Elev
            ----        -----     ----

   1         50.0        -50.0    -20.0
   2         30.0        -45.0    -40.0
   3         10.0        -40.0    -60.0
   4        -10.0        -35.0    -80.0
   5        -30.0        -30.0   -100.0
   6        -50.0        -25.0   -120.0
   7        -70.0        -20.0   -140.0
   8        -90.0        -15.0   -160.0
   9       -110.0        -10.0   -180.0


  Plot points for receivers on Line  10202

            East        North     Elev
            ----        -----     ----

   1         50.0        -50.0    -20.0
   2         30.0        -45.0    -40.0
   3         10.0        -40.0    -60.0
   4        -10.0        -35.0    -80.0
   5        -30.0        -30.0   -100.0
   6        -50.0        -25.0   -120.0
   7        -70.0        -20.0   -140.0
   8        -90.0        -15.0   -160.0
   9       -110.0        -10.0   -180.0


  Plot points for receivers on Line  10302

            East        North     Elev
            ----        -----     ----

   1         50.0        -50.0    -20.0
   2         30.0        -45.0    -40.0
   3         10.0        -40.0    -60.0
   4        -10.0        -35.0    -80.0
   5        -30.0        -30.0   -100.0
   6        -50.0        -25.0   -120.0
   7        -70.0        -20.0   -140.0
   8        -90.0        -15.0   -160.0
   9       -110.0        -10.0   -180.0


          +----------------------------------+
          +  Layered Earth Model Parameters  +
          +----------------------------------+

                    Depth
 Layer  Thickness   to Top    Resistivity   MU-R   EPS-R   CHRG    CFREQ    CTAU
 -----  ---------   ------    -----------   ----   -----   ----    -----    ----
   1                   0.0      100.0       1.00   1.00    0.00    1.00      0.0    

  Samaya will compute 3D responses for a time-domain system.


---------------------------------------------------------------------------
                       END OF INPUT DATA DESCRIPTION
---------------------------------------------------------------------------

  The frequency-domain results are directly computed from
    0.1000     Hz to   10.00     Hz, using  3 points per decade and from
     10.00     Hz to  0.1000E+07 Hz, using  6 points per decade.

  These are used to construct the frequency-domain spectrum from DC to  0.1000     Hz
  before transformation to the time domain.  The transformed result is folded over


  Line 10101    Magnetic dipole Rx    Survey azimuth =   0 degrees    Units = nanoteslas / sec    Plot point: Rx

         Z : Vertical Component Model Output for Line 10101
         ----------------------------------------------

          RECEIVER POSITIONS            CHNL 1       CHNL 2       CHNL 3       CHNL 4       CHNL 5       CHNL 6       CHNL 7       CHNL 8       CHNL 9      CHNL 10 
        Easting    Northing     Elev    20.30        20.50        20.70        21.20        23.20        25.20        30.20        40.20        50.20        70.20    

  1      -200.0         0.0      0.0    723.0        115.3        50.13        17.08        1.718       0.3103       0.3088E-01   0.4769E-02   0.1480E-02   0.3233E-03
  2      -180.0         0.0      0.0    717.2        118.5        52.27        18.03        1.795       0.3173       0.3081E-01   0.4767E-02   0.1478E-02   0.3234E-03
  3      -160.0         0.0      0.0    695.7        121.2        54.41        19.03        1.876       0.3246       0.3074E-01   0.4764E-02   0.1477E-02   0.3236E-03
  4      -140.0         0.0      0.0    660.4        123.3        56.48        20.04        1.956       0.3317       0.3066E-01   0.4761E-02   0.1475E-02   0.3236E-03
  5      -120.0         0.0      0.0    614.1        124.8        58.39        21.00        2.028       0.3377       0.3057E-01   0.4755E-02   0.1474E-02   0.3237E-03
  6      -100.0         0.0      0.0    559.3        125.2        59.86        21.77        2.077       0.3409       0.3046E-01   0.4746E-02   0.1471E-02   0.3235E-03
  7       -80.0         0.0      0.0    498.0        123.8        60.31        22.06        2.075       0.3382       0.3032E-01   0.4732E-02   0.1469E-02   0.3231E-03
  8       -60.0         0.0      0.0    429.4        118.4        58.49        21.34        1.973       0.3243       0.3010E-01   0.4707E-02   0.1465E-02   0.3222E-03
  9       -40.0         0.0      0.0    349.3        105.7        52.32        18.76        1.706       0.2924       0.2976E-01   0.4666E-02   0.1459E-02   0.3203E-03
 10       -20.0         0.0      0.0    255.8        82.57        39.85        13.56        1.219       0.2367       0.2922E-01   0.4604E-02   0.1452E-02   0.3174E-03
 11         0.0         0.0      0.0    163.0        52.54        22.54        6.216       0.5574       0.1623       0.2852E-01   0.4524E-02   0.1442E-02   0.3136E-03
 12        20.0         0.0      0.0    89.81        25.51        6.177       -1.052      -0.1055       0.8775E-01   0.2779E-01   0.4443E-02   0.1432E-02   0.3096E-03
 13        40.0         0.0      0.0    41.13        8.407       -4.420       -6.114      -0.5950       0.3157E-01   0.2719E-01   0.4376E-02   0.1423E-02   0.3065E-03
 14        60.0         0.0      0.0    12.07       0.4729       -9.125       -8.598      -0.8663      -0.1158E-02   0.2677E-01   0.4329E-02   0.1416E-02   0.3044E-03
 15        80.0         0.0      0.0   -5.212       -2.402       -10.28       -9.308      -0.9727      -0.1588E-01   0.2647E-01   0.4297E-02   0.1411E-02   0.3032E-03
 16       100.0         0.0      0.0   -15.91       -3.212       -9.836       -9.077      -0.9810      -0.1970E-01   0.2622E-01   0.4274E-02   0.1406E-02   0.3025E-03
 17       120.0         0.0      0.0   -22.55       -3.355       -8.824       -8.426      -0.9391      -0.1780E-01   0.2599E-01   0.4255E-02   0.1402E-02   0.3021E-03
 18       140.0         0.0      0.0   -26.37       -3.375       -7.709       -7.630      -0.8747      -0.1327E-01   0.2576E-01   0.4238E-02   0.1398E-02   0.3017E-03
 19       160.0         0.0      0.0   -28.18       -3.449       -6.680       -6.824      -0.8033      -0.7843E-02   0.2552E-01   0.4222E-02   0.1393E-02   0.3014E-03
 20       180.0         0.0      0.0   -28.52       -3.604       -5.798       -6.068      -0.7326      -0.2409E-02   0.2526E-01   0.4204E-02   0.1388E-02   0.3011E-03
 21       200.0         0.0      0.0   -27.86       -3.809       -5.073       -5.385      -0.6661       0.2591E-02   0.2499E-01   0.4186E-02   0.1383E-02   0.3007E-03

         X : Radial Component Model Output for Line 10101
         --------------------------------------------

          RECEIVER POSITIONS            CHNL 1       CHNL 2       CHNL 3       CHNL 4       CHNL 5       CHNL 6       CHNL 7       CHNL 8       CHNL 9      CHNL 10 
        Easting    Northing     Elev    20.30        20.50        20.70        21.20        23.20        25.20        30.20        40.20        50.20        70.20    

  1      -200.0         0.0      0.0  -0.8503E-02  -0.4400E-02  -0.9574E-03   0.1477E-02   0.3902E-03   0.4670E-04  -0.2296E-06   0.2247E-07  -0.2255E-08   0.1478E-08
  2      -180.0         0.0      0.0  -0.9511E-02  -0.4498E-02  -0.8302E-03   0.1627E-02   0.4092E-03   0.4853E-04  -0.2387E-06   0.2317E-07  -0.2309E-08   0.1549E-08
  3      -160.0         0.0      0.0  -0.1052E-01  -0.4510E-02  -0.6647E-03   0.1772E-02   0.4244E-03   0.4986E-04  -0.2458E-06   0.2351E-07  -0.2388E-08   0.1602E-08
  4      -140.0         0.0      0.0  -0.1145E-01  -0.4411E-02  -0.4598E-03   0.1900E-02   0.4333E-03   0.5041E-04  -0.2502E-06   0.2323E-07  -0.2468E-08   0.1615E-08
  5      -120.0         0.0      0.0  -0.1219E-01  -0.4170E-02  -0.2189E-03   0.1994E-02   0.4326E-03   0.4979E-04  -0.2508E-06   0.2207E-07  -0.2572E-08   0.1575E-08
  6      -100.0         0.0      0.0  -0.1258E-01  -0.3761E-02   0.4422E-04   0.2028E-02   0.4177E-03   0.4749E-04  -0.2468E-06   0.1977E-07  -0.2716E-08   0.1472E-08
  7       -80.0         0.0      0.0  -0.1238E-01  -0.3176E-02   0.2973E-03   0.1964E-02   0.3832E-03   0.4294E-04  -0.2372E-06   0.1591E-07  -0.2890E-08   0.1269E-08
  8       -60.0         0.0      0.0  -0.1129E-01  -0.2442E-02   0.4761E-03   0.1750E-02   0.3231E-03   0.3554E-04  -0.2222E-06   0.1015E-07  -0.3102E-08   0.9471E-09
  9       -40.0         0.0      0.0  -0.9004E-02  -0.1652E-02   0.4783E-03   0.1324E-02   0.2328E-03   0.2494E-04  -0.2034E-06   0.2478E-08  -0.3341E-08   0.4905E-09
 10       -20.0         0.0      0.0  -0.5361E-02  -0.9221E-03   0.2147E-03   0.6531E-03   0.1127E-03   0.1134E-04  -0.1840E-06  -0.6876E-08  -0.3603E-08  -0.8581E-10
 11         0.0         0.0      0.0  -0.6743E-03  -0.2673E-03  -0.2631E-03  -0.1974E-03  -0.2706E-04  -0.4170E-05  -0.1659E-06  -0.1722E-07  -0.3868E-08  -0.7436E-09
 12        20.0         0.0      0.0   0.4135E-02   0.4032E-03  -0.7373E-03  -0.1046E-02  -0.1666E-03  -0.1965E-04  -0.1476E-06  -0.2751E-07  -0.4136E-08  -0.1395E-08
 13        40.0         0.0      0.0   0.8055E-02   0.1175E-02  -0.9870E-03  -0.1711E-02  -0.2859E-03  -0.3317E-04  -0.1277E-06  -0.3679E-07  -0.4381E-08  -0.1971E-08
 14        60.0         0.0      0.0   0.1063E-01   0.2023E-02  -0.9595E-03  -0.2126E-02  -0.3750E-03  -0.4364E-04  -0.1079E-06  -0.4438E-07  -0.4604E-08  -0.2424E-08
 15        80.0         0.0      0.0   0.1197E-01   0.2819E-02  -0.7469E-03  -0.2324E-02  -0.4336E-03  -0.5087E-04  -0.9166E-07  -0.4994E-07  -0.4800E-08  -0.2739E-08
 16       100.0         0.0      0.0   0.1238E-01   0.3465E-02  -0.4556E-03  -0.2370E-02  -0.4664E-03  -0.5522E-04  -0.8049E-07  -0.5363E-07  -0.4955E-08  -0.2929E-08
 17       120.0         0.0      0.0   0.1217E-01   0.3929E-02  -0.1531E-03  -0.2316E-02  -0.4794E-03  -0.5731E-04  -0.7463E-07  -0.5571E-07  -0.5080E-08  -0.3022E-08
 18       140.0         0.0      0.0   0.1156E-01   0.4220E-02   0.1264E-03  -0.2202E-02  -0.4782E-03  -0.5771E-04  -0.7344E-07  -0.5667E-07  -0.5164E-08  -0.3051E-08
 19       160.0         0.0      0.0   0.1074E-01   0.4364E-02   0.3680E-03  -0.2054E-02  -0.4673E-03  -0.5694E-04  -0.7574E-07  -0.5674E-07  -0.5223E-08  -0.3022E-08
 20       180.0         0.0      0.0   0.9821E-02   0.4391E-02   0.5679E-03  -0.1889E-02  -0.4502E-03  -0.5539E-04  -0.8088E-07  -0.5618E-07  -0.5271E-08  -0.2964E-08
 21       200.0         0.0      0.0   0.8875E-02   0.4327E-02   0.7270E-03  -0.1720E-02  -0.4293E-03  -0.5335E-04  -0.8793E-07  -0.5528E-07  -0.5300E-08  -0.2887E-08

  Line 10201    Magnetic dipole Rx    Survey azimuth =   0 degrees    Units = nanoteslas / sec    Plot point: Rx

         Z : Vertical Component Model Output for Line 10201
         ----------------------------------------------

          RECEIVER POSITIONS            CHNL 1       CHNL 2       CHNL 3       CHNL 4       CHNL 5       CHNL 6       CHNL 7       CHNL 8       CHNL 9      CHNL 10 
        Easting    Northing     Elev    20.30        20.50        20.70        21.20        23.20        25.20        30.20        40.20        50.20        70.20    

  1      -200.0         0.0      0.0    172.8        58.48        25.86        6.884       0.5615       0.1628       0.2858E-01   0.4526E-02   0.1442E-02   0.3136E-03
  2      -180.0         0.0      0.0    235.2        65.01        27.72        7.152       0.5680       0.1639       0.2868E-01   0.4534E-02   0.1444E-02   0.3138E-03
  3      -160.0         0.0      0.0    303.3        71.52        29.58        7.416       0.5738       0.1649       0.2877E-01   0.4542E-02   0.1446E-02   0.3140E-03
  4      -140.0         0.0      0.0    375.2        78.03        31.47        7.684       0.5790       0.1658       0.2885E-01   0.4548E-02   0.1447E-02   0.3142E-03
  5      -120.0         0.0      0.0    448.9        84.75        33.51        7.970       0.5836       0.1666       0.2892E-01   0.4554E-02   0.1449E-02   0.3143E-03
  6      -100.0         0.0      0.0    523.1        92.21        35.91        8.300       0.5877       0.1672       0.2898E-01   0.4559E-02   0.1450E-02   0.3145E-03
  7       -80.0         0.0      0.0    598.4        101.5        39.09        8.718       0.5914       0.1678       0.2904E-01   0.4563E-02   0.1451E-02   0.3145E-03
  8       -60.0         0.0      0.0    679.8        114.6        43.72        9.290       0.5949       0.1684       0.2909E-01   0.4566E-02   0.1452E-02   0.3146E-03
  9       -40.0         0.0      0.0    774.4        133.2        50.34        10.06       0.5984       0.1689       0.2913E-01   0.4568E-02   0.1452E-02   0.3146E-03
 10       -20.0         0.0      0.0    872.4        154.4        57.70        10.88       0.6017       0.1694       0.2917E-01   0.4569E-02   0.1453E-02   0.3145E-03
 11         0.0         0.0      0.0    919.2        164.7        61.24        11.26       0.6031       0.1696       0.2918E-01   0.4570E-02   0.1453E-02   0.3145E-03
 12        20.0         0.0      0.0    872.4        154.4        57.70        10.88       0.6017       0.1694       0.2917E-01   0.4570E-02   0.1453E-02   0.3145E-03
 13        40.0         0.0      0.0    774.4        133.2        50.33        10.06       0.5984       0.1689       0.2913E-01   0.4568E-02   0.1452E-02   0.3146E-03
 14        60.0         0.0      0.0    679.8        114.6        43.72        9.288       0.5948       0.1684       0.2909E-01   0.4566E-02   0.1452E-02   0.3146E-03
 15        80.0         0.0      0.0    598.5        101.5        39.09        8.716       0.5912       0.1678       0.2904E-01   0.4563E-02   0.1451E-02   0.3145E-03
 16       100.0         0.0      0.0    523.1        92.21        35.91        8.298       0.5876       0.1672       0.2898E-01   0.4559E-02   0.1450E-02   0.3145E-03
 17       120.0         0.0      0.0    448.9        84.75        33.50        7.969       0.5835       0.1666       0.2892E-01   0.4554E-02   0.1449E-02   0.3143E-03
 18       140.0         0.0      0.0    375.2        78.03        31.47        7.683       0.5789       0.1658       0.2885E-01   0.4548E-02   0.1447E-02   0.3142E-03
 19       160.0         0.0      0.0    303.3        71.52        29.58        7.415       0.5737       0.1649       0.2877E-01   0.4542E-02   0.1446E-02   0.3140E-03
 20       180.0         0.0      0.0    235.2        65.01        27.72        7.151       0.5679       0.1639       0.2868E-01   0.4534E-02   0.1444E-02   0.3138E-03
 21       200.0         0.0      0.0    172.8        58.48        25.85        6.883       0.5614       0.1628       0.2858E-01   0.4526E-02   0.1442E-02   0.3136E-03

         X : Radial Component Model Output for Line 10201
         --------------------------------------------

          RECEIVER POSITIONS            CHNL 1       CHNL 2       CHNL 3       CHNL 4       CHNL 5       CHNL 6       CHNL 7       CHNL 8       CHNL 9      CHNL 10 
        Easting    Northing     Elev    20.30        20.50        20.70        21.20        23.20        25.20        30.20        40.20        50.20        70.20    

  1      -200.0         0.0      0.0   0.2071E-02  -0.9833E-03  -0.9580E-03  -0.3685E-03  -0.9480E-05  -0.9132E-06  -0.1105E-06  -0.8443E-08  -0.2326E-08  -0.3973E-09
  2      -180.0         0.0      0.0   0.2110E-02  -0.1182E-02  -0.1064E-02  -0.3916E-03  -0.9703E-05  -0.9148E-06  -0.1117E-06  -0.8382E-08  -0.2320E-08  -0.3945E-09
  3      -160.0         0.0      0.0   0.2080E-02  -0.1403E-02  -0.1173E-02  -0.4137E-03  -0.9888E-05  -0.9156E-06  -0.1129E-06  -0.8329E-08  -0.2313E-08  -0.3928E-09
  4      -140.0         0.0      0.0   0.1956E-02  -0.1643E-02  -0.1281E-02  -0.4333E-03  -0.1001E-04  -0.9152E-06  -0.1138E-06  -0.8282E-08  -0.2307E-08  -0.3910E-09
  5      -120.0         0.0      0.0   0.1713E-02  -0.1895E-02  -0.1384E-02  -0.4489E-03  -0.1003E-04  -0.9129E-06  -0.1144E-06  -0.8248E-08  -0.2306E-08  -0.3881E-09
  6      -100.0         0.0      0.0   0.1328E-02  -0.2145E-02  -0.1472E-02  -0.4580E-03  -0.9914E-05  -0.9079E-06  -0.1146E-06  -0.8244E-08  -0.2308E-08  -0.3862E-09
  7       -80.0         0.0      0.0   0.7961E-03  -0.2373E-02  -0.1535E-02  -0.4577E-03  -0.9589E-05  -0.8988E-06  -0.1143E-06  -0.8276E-08  -0.2312E-08  -0.3857E-09
  8       -60.0         0.0      0.0   0.1399E-03  -0.2548E-02  -0.1559E-02  -0.4444E-03  -0.8995E-05  -0.8844E-06  -0.1131E-06  -0.8351E-08  -0.2323E-08  -0.3860E-09
  9       -40.0         0.0      0.0  -0.5802E-03  -0.2634E-02  -0.1528E-02  -0.4146E-03  -0.8080E-05  -0.8638E-06  -0.1110E-06  -0.8485E-08  -0.2342E-08  -0.3869E-09
 10       -20.0         0.0      0.0  -0.1317E-02  -0.2612E-02  -0.1434E-02  -0.3655E-03  -0.6843E-05  -0.8378E-06  -0.1079E-06  -0.8682E-08  -0.2370E-08  -0.3899E-09
 11         0.0         0.0      0.0  -0.2084E-02  -0.2499E-02  -0.1283E-02  -0.2985E-03  -0.5367E-05  -0.8094E-06  -0.1035E-06  -0.8942E-08  -0.2403E-08  -0.3946E-09
 12        20.0         0.0      0.0  -0.2778E-02  -0.2348E-02  -0.1108E-02  -0.2232E-03  -0.3839E-05  -0.7831E-06  -0.9863E-07  -0.9226E-08  -0.2435E-08  -0.4022E-09
 13        40.0         0.0      0.0  -0.3157E-02  -0.2197E-02  -0.9518E-03  -0.1546E-03  -0.2473E-05  -0.7611E-06  -0.9399E-07  -0.9481E-08  -0.2467E-08  -0.4073E-09
 14        60.0         0.0      0.0  -0.3159E-02  -0.2054E-02  -0.8315E-03  -0.1013E-03  -0.1403E-05  -0.7438E-06  -0.9027E-07  -0.9677E-08  -0.2492E-08  -0.4111E-09
 15        80.0         0.0      0.0  -0.2897E-02  -0.1909E-02  -0.7404E-03  -0.6409E-04  -0.6501E-06  -0.7302E-06  -0.8760E-07  -0.9810E-08  -0.2507E-08  -0.4144E-09
 16       100.0         0.0      0.0  -0.2505E-02  -0.1757E-02  -0.6681E-03  -0.3966E-04  -0.1731E-06  -0.7194E-06  -0.8580E-07  -0.9887E-08  -0.2516E-08  -0.4163E-09
 17       120.0         0.0      0.0  -0.2079E-02  -0.1602E-02  -0.6078E-03  -0.2447E-04   0.9269E-07  -0.7105E-06  -0.8465E-07  -0.9920E-08  -0.2519E-08  -0.4176E-09
 18       140.0         0.0      0.0  -0.1672E-02  -0.1450E-02  -0.5556E-03  -0.1563E-04   0.2079E-06  -0.7028E-06  -0.8396E-07  -0.9922E-08  -0.2518E-08  -0.4180E-09
 19       160.0         0.0      0.0  -0.1308E-02  -0.1304E-02  -0.5095E-03  -0.1103E-04   0.2210E-06  -0.6960E-06  -0.8354E-07  -0.9904E-08  -0.2514E-08  -0.4183E-09
 20       180.0         0.0      0.0  -0.9969E-03  -0.1168E-02  -0.4681E-03  -0.9175E-05   0.1686E-06  -0.6896E-06  -0.8330E-07  -0.9871E-08  -0.2509E-08  -0.4180E-09
 21       200.0         0.0      0.0  -0.7375E-03  -0.1042E-02  -0.4305E-03  -0.9022E-05   0.7646E-07  -0.6834E-06  -0.8315E-07  -0.9829E-08  -0.2502E-08  -0.4179E-09

         Y : Tangential Component Model Output for Line 10201
         ------------------------------------------------

          RECEIVER POSITIONS            CHNL 1       CHNL 2       CHNL 3       CHNL 4       CHNL 5       CHNL 6       CHNL 7       CHNL 8       CHNL 9      CHNL 10 
        Easting    Northing     Elev    20.30        20.50        20.70        21.20        23.20        25.20        30.20        40.20        50.20        70.20    

  1      -200.0         0.0      0.0    344.8        53.39        18.21        3.185       0.1301       0.2920E-01   0.3686E-02   0.4233E-03   0.1131E-03   0.1958E-04
  2      -180.0         0.0      0.0    363.2        52.84        17.84        3.039       0.1182       0.2642E-01   0.3325E-02   0.3814E-03   0.1019E-03   0.1761E-04
  3      -160.0         0.0      0.0    374.1        52.04        17.49        2.897       0.1060       0.2361E-01   0.2963E-02   0.3394E-03   0.9065E-04   0.1564E-04
  4      -140.0         0.0      0.0    376.4        51.19        17.21        2.764       0.9363E-01   0.2077E-01   0.2600E-02   0.2973E-03   0.7940E-04   0.1366E-04
  5      -120.0         0.0      0.0    369.8        50.55        17.11        2.650       0.8118E-01   0.1792E-01   0.2238E-02   0.2550E-03   0.6814E-04   0.1168E-04
  6      -100.0         0.0      0.0    355.2        50.42        17.25        2.559       0.6870E-01   0.1507E-01   0.1875E-02   0.2127E-03   0.5688E-04   0.9700E-05
  7       -80.0         0.0      0.0    333.7        50.86        17.61        2.482       0.5622E-01   0.1222E-01   0.1513E-02   0.1703E-03   0.4561E-04   0.7712E-05
  8       -60.0         0.0      0.0    304.5        50.93        17.77        2.367       0.4364E-01   0.9363E-02   0.1149E-02   0.1280E-03   0.3430E-04   0.5741E-05
  9       -40.0         0.0      0.0    256.0        46.71        16.29        2.056       0.3053E-01   0.6436E-02   0.7781E-03   0.8549E-04   0.2300E-04   0.3767E-05
 10       -20.0         0.0      0.0    158.3        30.51        10.58        1.284       0.1604E-01   0.3322E-02   0.3953E-03   0.4281E-04   0.1156E-04   0.1852E-05
 11         0.0         0.0      0.0   0.6935E-02  -0.1881E-02  -0.2654E-02  -0.1152E-02  -0.8772E-04  -0.1160E-04  -0.1225E-06  -0.1545E-07  -0.2329E-08  -0.7543E-09
 12        20.0         0.0      0.0   -158.3       -30.51       -10.59       -1.286      -0.1621E-01  -0.3344E-02  -0.3955E-03  -0.4290E-04  -0.1155E-04  -0.1858E-05
 13        40.0         0.0      0.0   -256.0       -46.71       -16.29       -2.057      -0.3069E-01  -0.6455E-02  -0.7783E-03  -0.8555E-04  -0.2298E-04  -0.3779E-05
 14        60.0         0.0      0.0   -304.5       -50.93       -17.77       -2.368      -0.4377E-01  -0.9379E-02  -0.1149E-02  -0.1280E-03  -0.3434E-04  -0.5730E-05
 15        80.0         0.0      0.0   -333.7       -50.86       -17.61       -2.483      -0.5632E-01  -0.1224E-01  -0.1513E-02  -0.1704E-03  -0.4561E-04  -0.7716E-05
 16       100.0         0.0      0.0   -355.2       -50.41       -17.25       -2.559      -0.6878E-01  -0.1508E-01  -0.1876E-02  -0.2127E-03  -0.5688E-04  -0.9699E-05
 17       120.0         0.0      0.0   -369.8       -50.55       -17.11       -2.649      -0.8124E-01  -0.1793E-01  -0.2238E-02  -0.2550E-03  -0.6815E-04  -0.1168E-04
 18       140.0         0.0      0.0   -376.4       -51.19       -17.21       -2.764      -0.9367E-01  -0.2078E-01  -0.2601E-02  -0.2973E-03  -0.7941E-04  -0.1366E-04
 19       160.0         0.0      0.0   -374.1       -52.04       -17.49       -2.896      -0.1060      -0.2361E-01  -0.2963E-02  -0.3394E-03  -0.9065E-04  -0.1564E-04
 20       180.0         0.0      0.0   -363.2       -52.84       -17.84       -3.039      -0.1182      -0.2642E-01  -0.3325E-02  -0.3814E-03  -0.1019E-03  -0.1761E-04
 21       200.0         0.0      0.0   -344.8       -53.39       -18.21       -3.185      -0.1301      -0.2920E-01  -0.3686E-02  -0.4233E-03  -0.1131E-03  -0.1959E-04

  Line 10301    Magnetic dipole Rx    Survey azimuth =   0 degrees    Units = nanoteslas / sec    Plot point: Rx

         Z : Vertical Component Model Output for Line 10301
         ----------------------------------------------

          RECEIVER POSITIONS            CHNL 1       CHNL 2       CHNL 3       CHNL 4       CHNL 5       CHNL 6       CHNL 7       CHNL 8       CHNL 9      CHNL 10 
        Easting    Northing     Elev    20.30        20.50        20.70        21.20        23.20        25.20        30.20        40.20        50.20        70.20    

  1      -200.0         0.0      0.0   -27.85       -3.808       -5.073       -5.385      -0.6662       0.2588E-02   0.2499E-01   0.4186E-02   0.1383E-02   0.3007E-03
  2      -180.0         0.0      0.0   -28.52       -3.604       -5.798       -6.068      -0.7326      -0.2412E-02   0.2526E-01   0.4204E-02   0.1388E-02   0.3011E-03
  3      -160.0         0.0      0.0   -28.18       -3.449       -6.680       -6.824      -0.8033      -0.7846E-02   0.2551E-01   0.4222E-02   0.1393E-02   0.3014E-03
  4      -140.0         0.0      0.0   -26.37       -3.375       -7.710       -7.630      -0.8748      -0.1327E-01   0.2576E-01   0.4238E-02   0.1398E-02   0.3017E-03
  5      -120.0         0.0      0.0   -22.55       -3.355       -8.824       -8.426      -0.9391      -0.1780E-01   0.2599E-01   0.4255E-02   0.1402E-02   0.3021E-03
  6      -100.0         0.0      0.0   -15.91       -3.212       -9.836       -9.077      -0.9811      -0.1970E-01   0.2622E-01   0.4274E-02   0.1406E-02   0.3026E-03
  7       -80.0         0.0      0.0   -5.210       -2.403       -10.28       -9.309      -0.9727      -0.1588E-01   0.2647E-01   0.4297E-02   0.1411E-02   0.3032E-03
  8       -60.0         0.0      0.0    12.07       0.4724       -9.125       -8.599      -0.8663      -0.1159E-02   0.2677E-01   0.4329E-02   0.1416E-02   0.3044E-03
  9       -40.0         0.0      0.0    41.13        8.406       -4.420       -6.114      -0.5950       0.3157E-01   0.2719E-01   0.4376E-02   0.1423E-02   0.3065E-03
 10       -20.0         0.0      0.0    89.81        25.51        6.176       -1.052      -0.1055       0.8774E-01   0.2779E-01   0.4443E-02   0.1432E-02   0.3096E-03
 11         0.0         0.0      0.0    163.0        52.54        22.54        6.216       0.5574       0.1623       0.2852E-01   0.4524E-02   0.1442E-02   0.3136E-03
 12        20.0         0.0      0.0    255.8        82.57        39.85        13.56        1.219       0.2367       0.2922E-01   0.4604E-02   0.1452E-02   0.3174E-03
 13        40.0         0.0      0.0    349.3        105.7        52.32        18.76        1.706       0.2924       0.2976E-01   0.4666E-02   0.1459E-02   0.3203E-03
 14        60.0         0.0      0.0    429.4        118.4        58.49        21.34        1.973       0.3243       0.3010E-01   0.4707E-02   0.1465E-02   0.3222E-03
 15        80.0         0.0      0.0    498.0        123.8        60.31        22.06        2.075       0.3382       0.3032E-01   0.4732E-02   0.1469E-02   0.3231E-03
 16       100.0         0.0      0.0    559.3        125.2        59.86        21.77        2.077       0.3409       0.3046E-01   0.4746E-02   0.1471E-02   0.3235E-03
 17       120.0         0.0      0.0    614.1        124.8        58.39        21.00        2.028       0.3377       0.3057E-01   0.4755E-02   0.1474E-02   0.3237E-03
 18       140.0         0.0      0.0    660.4        123.3        56.48        20.04        1.956       0.3317       0.3066E-01   0.4761E-02   0.1475E-02   0.3237E-03
 19       160.0         0.0      0.0    695.7        121.2        54.41        19.03        1.876       0.3246       0.3074E-01   0.4764E-02   0.1477E-02   0.3235E-03
 20       180.0         0.0      0.0    717.2        118.5        52.27        18.03        1.795       0.3173       0.3081E-01   0.4767E-02   0.1478E-02   0.3234E-03
 21       200.0         0.0      0.0    723.0        115.3        50.13        17.08        1.718       0.3103       0.3088E-01   0.4769E-02   0.1480E-02   0.3233E-03

  Line 10102    Magnetic dipole Rx    Survey azimuth =   0 degrees    Units = nanoteslas / sec    Plot point: Rx

         A : Axial Component Model Output for Line 10102
         -------------------------------------------

          RECEIVER POSITIONS            CHNL 1       CHNL 2       CHNL 3       CHNL 4       CHNL 5       CHNL 6       CHNL 7       CHNL 8       CHNL 9      CHNL 10 
        Easting    Northing     Elev    20.30        20.50        20.70        21.20        23.20        25.20        30.20        40.20        50.20        70.20    

  1        50.0       -50.0    -20.0   -3200.        734.4        1227.        973.5        136.7        19.69       0.6013       0.6524E-01   0.1414E-01   0.2921E-02
  2        30.0       -45.0    -40.0   -3097.        609.1        1118.        913.1        131.5        19.28       0.6178       0.6649E-01   0.1451E-01   0.2958E-02
  3        10.0       -40.0    -60.0   -3366.        334.5        934.5        821.7        123.4        18.51       0.6264       0.6697E-01   0.1473E-01   0.2962E-02
  4       -10.0       -35.0    -80.0   -2740.       -20.59        581.4        628.6        105.3        16.59       0.6208       0.6588E-01   0.1470E-01   0.2888E-02
  5       -30.0       -30.0   -100.0   -2468.       -257.4        343.6        472.8        87.62        14.55       0.6072       0.6371E-01   0.1444E-01   0.2770E-02
  6       -50.0       -25.0   -120.0   -1970.       -389.3        183.3        370.7        75.69        13.10       0.5894       0.6141E-01   0.1405E-01   0.2659E-02
  7       -70.0       -20.0   -140.0   -1409.       -433.4        75.10        291.1        66.03        11.88       0.5699       0.5910E-01   0.1363E-01   0.2551E-02
  8       -90.0       -15.0   -160.0   -910.9       -429.7        1.069        225.8        57.57        10.78       0.5497       0.5679E-01   0.1320E-01   0.2442E-02
  9      -110.0       -10.0   -180.0   -520.4       -399.7       -48.20        172.7        50.18        9.787       0.5295       0.5454E-01   0.1276E-01   0.2340E-02

         U : Slope Component Model Output for Line 10102
         -----------------------------------------------

          RECEIVER POSITIONS            CHNL 1       CHNL 2       CHNL 3       CHNL 4       CHNL 5       CHNL 6       CHNL 7       CHNL 8       CHNL 9      CHNL 10 
        Easting    Northing     Elev    20.30        20.50        20.70        21.20        23.20        25.20        30.20        40.20        50.20        70.20    

  1        50.0       -50.0    -20.0   -3430.        569.5        1149.        956.6        136.7        19.68       0.5762       0.6043E-01   0.1248E-01   0.2544E-02
  2        30.0       -45.0    -40.0   -3565.        354.2        997.1        883.6        130.8        19.22       0.5921       0.6161E-01   0.1283E-01   0.2576E-02
  3        10.0       -40.0    -60.0   -3797.        40.89        792.0        792.2        123.2        18.52       0.6021       0.6221E-01   0.1306E-01   0.2583E-02
  4       -10.0       -35.0    -80.0   -3686.       -206.2        583.6        680.5        112.8        17.43       0.6010       0.6169E-01   0.1306E-01   0.2543E-02
  5       -30.0       -30.0   -100.0   -3003.       -284.9        416.7        554.6        98.84        15.84       0.5885       0.5984E-01   0.1281E-01   0.2440E-02
  6       -50.0       -25.0   -120.0   -2537.       -427.2        231.2        428.8        84.28        14.10       0.5689       0.5724E-01   0.1238E-01   0.2311E-02
  7       -70.0       -20.0   -140.0   -2156.       -531.0        83.71        327.7        72.23        12.61       0.5474       0.5459E-01   0.1191E-01   0.2184E-02
  8       -90.0       -15.0   -160.0   -1797.       -573.2       -18.57        248.8        62.30        11.34       0.5256       0.5201E-01   0.1142E-01   0.2062E-02
  9      -110.0       -10.0   -180.0   -1478.       -573.2       -86.95        186.5        53.94        10.23       0.5041       0.4954E-01   0.1095E-01   0.1949E-02

         V : Horizontal Component Model Output for Line 10102
         ------------------------------------------------

          RECEIVER POSITIONS            CHNL 1       CHNL 2       CHNL 3       CHNL 4       CHNL 5       CHNL 6       CHNL 7       CHNL 8       CHNL 9      CHNL 10 
        Easting    Northing     Elev    20.30        20.50        20.70        21.20        23.20        25.20        30.20        40.20        50.20        70.20    

  1        50.0       -50.0    -20.0   -310.0       -186.1       -76.44       -6.952       0.7938       0.7120E-01  -0.6148E-02  -0.5679E-03  -0.1773E-03  -0.2614E-04
  2        30.0       -45.0    -40.0   -250.5       -83.92       -6.506        27.51        5.076       0.7120       0.1673E-01   0.1820E-02   0.3516E-03   0.7769E-04
  3        10.0       -40.0    -60.0   -282.3       -39.68        31.73        48.03        7.886        1.168       0.3599E-01   0.3796E-02   0.7988E-03   0.1623E-03
  4       -10.0       -35.0    -80.0   -255.8       -22.86        37.75        51.04        8.939        1.403       0.5034E-01   0.5252E-02   0.1140E-02   0.2229E-03
  5       -30.0       -30.0   -100.0   -258.0       -26.29        35.20        49.25        9.195        1.514       0.6062E-01   0.6256E-02   0.1383E-02   0.2635E-03
  6       -50.0       -25.0   -120.0   -237.8       -34.77        27.36        44.64        8.895        1.527       0.6656E-01   0.6807E-02   0.1523E-02   0.2851E-03
  7       -70.0       -20.0   -140.0   -199.0       -43.77        16.00        37.28        8.125        1.452       0.6791E-01   0.6900E-02   0.1558E-02   0.2875E-03
  8       -90.0       -15.0   -160.0   -151.7       -48.41        5.162        28.91        7.036        1.308       0.6512E-01   0.6581E-02   0.1496E-02   0.2727E-03
  9      -110.0       -10.0   -180.0   -105.7       -47.27       -3.131        20.67        5.752        1.113       0.5854E-01   0.5891E-02   0.1347E-02   0.2430E-03

  Line 10202    Magnetic dipole Rx    Survey azimuth =   0 degrees    Units = nanoteslas / sec    Plot point: Rx

         A : Axial Component Model Output for Line 10202
         -------------------------------------------

          RECEIVER POSITIONS            CHNL 1       CHNL 2       CHNL 3       CHNL 4       CHNL 5       CHNL 6       CHNL 7       CHNL 8       CHNL 9      CHNL 10 
        Easting    Northing     Elev    20.30        20.50        20.70        21.20        23.20        25.20        30.20        40.20        50.20        70.20    

  1        50.0       -50.0    -20.0    1578.        700.9        320.7        53.80       0.9495       0.2121       0.3198E-01   0.4247E-02   0.1303E-02   0.2665E-03
  2        30.0       -45.0    -40.0    1602.        537.6        234.7        39.59       0.8417       0.1945       0.2975E-01   0.4088E-02   0.1259E-02   0.2603E-03
  3        10.0       -40.0    -60.0   -180.0       -49.25        1.449        8.179       0.5972       0.1544       0.2530E-01   0.3741E-02   0.1165E-02   0.2480E-03
  4       -10.0       -35.0    -80.0    146.5       -292.7       -155.1       -24.20       0.2455       0.9862E-01   0.1781E-01   0.3160E-02   0.1008E-02   0.2235E-03
  5       -30.0       -30.0   -100.0    783.7       -48.07       -71.06       -19.46       0.5236E-01   0.6263E-01   0.1357E-01   0.2722E-02   0.8973E-03   0.2033E-03
  6       -50.0       -25.0   -120.0    830.3       -18.62       -62.73       -19.97      -0.5851E-01   0.4255E-01   0.1147E-01   0.2516E-02   0.8457E-03   0.1946E-03
  7       -70.0       -20.0   -140.0    744.4      -0.8954E-01   -59.09       -21.37      -0.1357       0.2933E-01   0.1003E-01   0.2388E-02   0.8147E-03   0.1894E-03
  8       -90.0       -15.0   -160.0    609.3        23.87       -47.96       -20.98      -0.1872       0.2042E-01   0.9143E-02   0.2308E-02   0.7961E-03   0.1864E-03
  9      -110.0       -10.0   -180.0    457.0        44.46       -34.45       -19.46      -0.2211       0.1431E-01   0.8639E-02   0.2260E-02   0.7863E-03   0.1848E-03

         U : Slope Component Model Output for Line 10202
         -----------------------------------------------

          RECEIVER POSITIONS            CHNL 1       CHNL 2       CHNL 3       CHNL 4       CHNL 5       CHNL 6       CHNL 7       CHNL 8       CHNL 9      CHNL 10 
        Easting    Northing     Elev    20.30        20.50        20.70        21.20        23.20        25.20        30.20        40.20        50.20        70.20    

  1        50.0       -50.0    -20.0    518.3        612.5        302.9        48.83       0.1416      -0.2439E-01  -0.8923E-02  -0.2262E-02  -0.7637E-03  -0.1818E-03
  2        30.0       -45.0    -40.0    256.0        438.5        217.5        34.71      -0.6088E-02  -0.5093E-01  -0.1222E-01  -0.2551E-02  -0.8418E-03  -0.1940E-03
  3        10.0       -40.0    -60.0    637.2        454.6        192.3        24.57      -0.2239      -0.9082E-01  -0.1731E-01  -0.3026E-02  -0.9671E-03  -0.2153E-03
  4       -10.0       -35.0    -80.0    18.85        105.5        28.77       -3.482      -0.6125      -0.1589      -0.2548E-01  -0.3761E-02  -0.1163E-02  -0.2463E-03
  5       -30.0       -30.0   -100.0   -593.7       -220.0       -124.7       -29.49      -0.9209      -0.2119      -0.3196E-01  -0.4318E-02  -0.1311E-02  -0.2694E-03
  6       -50.0       -25.0   -120.0   -592.3       -240.3       -140.5       -35.11       -1.074      -0.2393      -0.3531E-01  -0.4636E-02  -0.1395E-02  -0.2834E-03
  7       -70.0       -20.0   -140.0   -491.4       -206.6       -130.7       -35.94       -1.177      -0.2586      -0.3762E-01  -0.4872E-02  -0.1455E-02  -0.2939E-03
  8       -90.0       -15.0   -160.0   -407.0       -170.2       -116.8       -35.43       -1.250      -0.2732      -0.3934E-01  -0.5054E-02  -0.1502E-02  -0.3021E-03
  9      -110.0       -10.0   -180.0   -337.9       -136.5       -101.4       -33.99       -1.302      -0.2843      -0.4063E-01  -0.5201E-02  -0.1539E-02  -0.3087E-03

         V : Horizontal Component Model Output for Line 10202
         ------------------------------------------------

          RECEIVER POSITIONS            CHNL 1       CHNL 2       CHNL 3       CHNL 4       CHNL 5       CHNL 6       CHNL 7       CHNL 8       CHNL 9      CHNL 10 
        Easting    Northing     Elev    20.30        20.50        20.70        21.20        23.20        25.20        30.20        40.20        50.20        70.20    

  1        50.0       -50.0    -20.0    337.7        345.5        180.7        35.58       0.4287       0.6911E-01   0.9122E-02   0.7625E-03   0.2062E-03   0.3293E-04
  2        30.0       -45.0    -40.0    265.8        277.0        147.6        30.23       0.4147       0.6800E-01   0.8785E-02   0.7546E-03   0.2024E-03   0.3261E-04
  3        10.0       -40.0    -60.0    93.69        165.2        92.19        19.82       0.3299       0.5620E-01   0.6999E-02   0.6273E-03   0.1664E-03   0.2722E-04
  4       -10.0       -35.0    -80.0    41.24        111.4        67.12        15.60       0.2696       0.4578E-01   0.5750E-02   0.5133E-03   0.1359E-03   0.2229E-04
  5       -30.0       -30.0   -100.0    36.56        79.80        50.61        12.91       0.2313       0.3829E-01   0.4890E-02   0.4306E-03   0.1140E-03   0.1873E-04
  6       -50.0       -25.0   -120.0    15.02        43.63        29.87        8.059       0.1681       0.2848E-01   0.3533E-02   0.3192E-03   0.8383E-04   0.1386E-04
  7       -70.0       -20.0   -140.0    7.233        19.73        15.36        4.628       0.1097       0.1882E-01   0.2305E-02   0.2113E-03   0.5518E-04   0.9160E-05
  8       -90.0       -15.0   -160.0    6.379        6.782        6.169        2.132       0.5698E-01   0.9839E-02   0.1199E-02   0.1110E-03   0.2885E-04   0.4812E-05
  9      -110.0       -10.0   -180.0    5.676       0.9847       0.8121       0.3465       0.1091E-01   0.1834E-02   0.2294E-03   0.2141E-04   0.5569E-05   0.9286E-06

  Line 10302    Magnetic dipole Rx    Survey azimuth =   0 degrees    Units = nanoteslas / sec    Plot point: Rx

         A : Axial Component Model Output for Line 10302
         -------------------------------------------

          RECEIVER POSITIONS            CHNL 1       CHNL 2       CHNL 3       CHNL 4       CHNL 5       CHNL 6       CHNL 7       CHNL 8       CHNL 9      CHNL 10 
        Easting    Northing     Elev    20.30        20.50        20.70        21.20        23.20        25.20        30.20        40.20        50.20        70.20    

  1        50.0       -50.0    -20.0    3172.       -875.3       -1290.       -977.7       -136.0       -19.47      -0.5626      -0.5897E-01  -0.1213E-01  -0.2480E-02
  2        30.0       -45.0    -40.0    3096.       -667.7       -1145.       -912.2       -130.7       -19.04      -0.5771      -0.5999E-01  -0.1244E-01  -0.2507E-02
  3        10.0       -40.0    -60.0    3930.       -187.0       -882.7       -811.5       -122.6       -18.27      -0.5836      -0.6024E-01  -0.1259E-01  -0.2501E-02
  4       -10.0       -35.0    -80.0    3256.        280.3       -468.1       -607.6       -104.4       -16.32      -0.5747      -0.5881E-01  -0.1248E-01  -0.2410E-02
  5       -30.0       -30.0   -100.0    2714.        437.2       -252.7       -451.6       -86.52       -14.26      -0.5579      -0.5629E-01  -0.1211E-01  -0.2278E-02
  6       -50.0       -25.0   -120.0    2189.        555.0       -94.38       -348.6       -74.52       -12.78      -0.5378      -0.5373E-01  -0.1166E-01  -0.2154E-02
  7       -70.0       -20.0   -140.0    1664.        590.4        13.06       -268.1       -64.80       -11.55      -0.5165      -0.5121E-01  -0.1118E-01  -0.2033E-02
  8       -90.0       -15.0   -160.0    1207.        572.2        82.38       -202.7       -56.30       -10.44      -0.4947      -0.4872E-01  -0.1069E-01  -0.1918E-02
  9      -110.0       -10.0   -180.0    844.9        525.5        124.8       -150.1       -48.88       -9.441      -0.4731      -0.4628E-01  -0.1021E-01  -0.1806E-02

         U : Slope Component Model Output for Line 10302
         -----------------------------------------------

          RECEIVER POSITIONS            CHNL 1       CHNL 2       CHNL 3       CHNL 4       CHNL 5       CHNL 6       CHNL 7       CHNL 8       CHNL 9      CHNL 10 
        Easting    Northing     Elev    20.30        20.50        20.70        21.20        23.20        25.20        30.20        40.20        50.20        70.20    

  1        50.0       -50.0    -20.0    2812.       -923.7       -1305.       -982.7       -137.6       -19.94      -0.6201      -0.6718E-01  -0.1461E-01  -0.3001E-02
  2        30.0       -45.0    -40.0    3017.       -646.9       -1125.       -906.1       -131.7       -19.47      -0.6361      -0.6837E-01  -0.1496E-01  -0.3033E-02
  3        10.0       -40.0    -60.0    3100.       -331.1       -908.7       -811.7       -124.1       -18.77      -0.6452      -0.6889E-01  -0.1517E-01  -0.3038E-02
  4       -10.0       -35.0    -80.0    3149.        33.07       -646.6       -692.1       -113.6       -17.67      -0.6427      -0.6825E-01  -0.1515E-01  -0.2991E-02
  5       -30.0       -30.0   -100.0    2677.        223.6       -429.7       -559.0       -99.64       -16.07      -0.6294      -0.6634E-01  -0.1487E-01  -0.2888E-02
  6       -50.0       -25.0   -120.0    2194.        367.5       -240.4       -431.6       -85.05       -14.33      -0.6093      -0.6370E-01  -0.1443E-01  -0.2757E-02
  7       -70.0       -20.0   -140.0    1766.        455.7       -97.03       -330.3       -72.98       -12.84      -0.5876      -0.6103E-01  -0.1395E-01  -0.2627E-02
  8       -90.0       -15.0   -160.0    1377.        484.0       0.2095       -251.5       -63.03       -11.56      -0.5656      -0.5845E-01  -0.1347E-01  -0.2507E-02
  9      -110.0       -10.0   -180.0    1045.        472.7        63.31       -189.7       -54.67       -10.46      -0.5441      -0.5599E-01  -0.1300E-01  -0.2394E-02

         V : Horizontal Component Model Output for Line 10302
         ------------------------------------------------

          RECEIVER POSITIONS            CHNL 1       CHNL 2       CHNL 3       CHNL 4       CHNL 5       CHNL 6       CHNL 7       CHNL 8       CHNL 9      CHNL 10 
        Easting    Northing     Elev    20.30        20.50        20.70        21.20        23.20        25.20        30.20        40.20        50.20        70.20    

  1        50.0       -50.0    -20.0    83.91        43.99        6.709       -6.020      -0.9887      -0.1080       0.1243E-02   0.8113E-04   0.4486E-04   0.4269E-05
  2        30.0       -45.0    -40.0    102.1       -28.81       -50.53       -38.61       -5.258      -0.7463      -0.2128E-01  -0.2273E-02  -0.4747E-03  -0.9830E-04
  3        10.0       -40.0    -60.0    226.6       -30.31       -68.70       -55.62       -8.038       -1.198      -0.3980E-01  -0.4186E-02  -0.9032E-03  -0.1802E-03
  4       -10.0       -35.0    -80.0    253.2       -22.38       -64.08       -56.97       -9.065       -1.427      -0.5353E-01  -0.5578E-02  -0.1228E-02  -0.2378E-03
  5       -30.0       -30.0   -100.0    282.3       -3.837       -54.73       -54.17       -9.301       -1.535      -0.6328E-01  -0.6525E-02  -0.1455E-02  -0.2759E-03
  6       -50.0       -25.0   -120.0    277.5        19.12       -38.97       -47.79       -8.973       -1.542      -0.6854E-01  -0.7011E-02  -0.1578E-02  -0.2946E-03
  7       -70.0       -20.0   -140.0    241.7        37.76       -21.90       -39.13       -8.178       -1.462      -0.6927E-01  -0.7041E-02  -0.1596E-02  -0.2940E-03
  8       -90.0       -15.0   -160.0    188.2        47.47       -7.412       -29.79       -7.066       -1.314      -0.6589E-01  -0.6663E-02  -0.1518E-02  -0.2766E-03
  9      -110.0       -10.0   -180.0    130.4        48.11        2.965       -20.86       -5.762       -1.115      -0.5880E-01  -0.5918E-02  -0.1354E-02  -0.2443E-03

  Samaya forward model run completed: 2021-02-09T09:44:47
  Runtime:       144.98 seconds

