
  ------------------------------------------------------------------------------
  | Program:  Samaya                                  
  | Version:  2.0.1                                   
  | Date:     09 February, 2021                       
  |
  | Authors:  CSIRO Electromagnetic Modelling Group   
  |           Art Raiche, Fred Sugeng and Glenn Wilson
  | Contact:  David Annetts (david.annetts@csiro.au)  
  | Project:  AMIRA P223F                             
  | License:  GPL-2.0 (Full text at https://opensource.org/licenses/gpl-2.0.php)              
  |
  | Compiler: GCC version 9.3.0
  | Options:  -march=cascadelake -mmmx -mno-3dnow -msse -msse2 -msse3 -mssse3 -mno-sse4a -mcx16 -msahf -mmovbe -maes -mno-sha -mpclmul -mpopcnt -mabm -mno-lwp -mfma -mno-fma4 -mno-xop -mbmi -mno-sgx -mbmi2 -mno-pconfig -mno-wbnoinvd -mno-tbm -mavx -mavx2 -msse4.2 -msse4.1 -mlzcnt -mno-rtm -mno-hle -mrdrnd -mf16c -mfsgsbase -mrdseed -mprfchw -madx -mfxsr -mxsave -mxsaveopt -mavx512f -mno-avx512er -mavx512cd -mno-avx512pf -mno-prefetchwt1 -mclflushopt -mxsavec -mxsaves -mavx512dq -mavx512bw -mavx512vl -mno-avx512ifma -mno-avx512vbmi -mno-avx5124fmaps -mno-avx5124vnniw -mclwb -mno-mwaitx -mno-clzero -mpku -mno-rdpid -mno-gfni -mno-shstk -mno-avx512vbmi2 -mavx512vnni -mno-vaes -mno-vpclmulqdq -mno-avx512bitalg -mno-avx512vpopcntdq -mno-movdiri -mno-movdir64b -mno-waitpkg -mno-cldemote -mno-ptwrite --param l1-cache-size=32 --param l1-cache-line-size=64 --param l2-cache-size=22528 -mtune=cascadelake -O3 -fwhole-program -fdefault-double-8 -fdefault-real-8 -fpre-include=/usr/include/finclude/math-vector-fortran.h
  |
  | Started:  2021-02-09T09:42:22
  ------------------------------------------------------------------------------

          INPUT DATA
          ----------


 Fixed Loop with surface receivers over vertical plate.                                                                  

  TDFD = 1;   DO3D =  1;   ISYS = 0;   PRFL =  1;   ISTOP = 0

          +-----------------------------------------+
          +  Time-Domain Ground System Information  +
          +-----------------------------------------+

  STEP = 0;   NSX =   4;   NCHNL =  10;   KRXW = 1;   REFTYM =   0.000    ;   OFFTYM =   80.00    


             TXON (ms)    Transmitter current (amps)
             ---------    --------------------------

      1        0.000         0.000    
      2        0.200         1.000    
      3       20.000         1.000    
      4       20.200         0.000    


         Receiver channel origin INPUT is shifted by    0.000 ms from signal origin.

         Receiver Window Specifications (ms - referenced to signal origin)
         ----------------------------------------------------------------

                                                             Referenced
       Window     Open       Close       Width     Centre      Centre
       ------     ----       -----       -----     ------      ------
          1      20.295      20.305      0.010      20.300     20.300
          2      20.485      20.515      0.030      20.500     20.500
          3      20.675      20.725      0.050      20.700     20.700
          4      21.150      21.250      0.100      21.200     21.200
          5      23.050      23.350      0.300      23.200     23.200
          6      24.950      25.450      0.500      25.200     25.200
          7      29.700      30.700      1.000      30.200     30.200
          8      39.200      41.200      2.000      40.200     40.200
          9      48.700      51.700      3.000      50.200     50.200
         10      67.700      72.700      5.000      70.200     70.200


  SURVEY_TYPE = 1

  NLINES =  1;   MRXL =  21;   NTX =  1;   SOURCE_TYPE = 1;   MXVRTX = 4;   NTRN =  1

  Vertex Locations for Loop Sources
  ---------------------------------

  Transmitter  1 has  4 vertices:

            Easting      Northing      Elevation
            -------      --------      ---------
    1       -150.00        100.00          0.00
    2       -150.00       -100.00          0.00
    3       -250.00       -100.00          0.00
    4       -250.00        100.00          0.00


  Line    10101;   Tx Index  1;   Rx Type = 1;   NRX = 21;   Units = 11

        CMP = 123;   KNORM = 0;   IPLT = 1;   IDH = 0;   SV_AZM =    0.0;   RXMNT =   1000.    

          Magnetic Dipole Receivers
          -------------------------

         Easting     Northing   Elevation
         -------     --------   ---------
   1      -200.0         0.0         0.0
   2      -180.0         0.0         0.0
   3      -160.0         0.0         0.0
   4      -140.0         0.0         0.0
   5      -120.0         0.0         0.0
   6      -100.0         0.0         0.0
   7       -80.0         0.0         0.0
   8       -60.0         0.0         0.0
   9       -40.0         0.0         0.0
  10       -20.0         0.0         0.0
  11         0.0         0.0         0.0
  12        20.0         0.0         0.0
  13        40.0         0.0         0.0
  14        60.0         0.0         0.0
  15        80.0         0.0         0.0
  16       100.0         0.0         0.0
  17       120.0         0.0         0.0
  18       140.0         0.0         0.0
  19       160.0         0.0         0.0
  20       180.0         0.0         0.0
  21       200.0         0.0         0.0


  NLAYER =  1;   NLITH =  7


                          LITHOLOGY PROPERTIES
                          --------------------

                                  Relative   Relative     Cole-Cole Parameters
        Resistivity  Conductance     MU     Dielectric   CHRG    CTAU       CFREQ

   1      1.000         -1.0       1.000      1.000      0.00    0.00        1.00
   2      1.000         -1.0       1.000      1.000      0.00    0.00        1.00
   3      100.0         -1.0       1.000      1.000      0.00    0.00        1.00
   4      1.000         50.0       1.000      1.000      0.00    0.00        1.00
   5      20.00         30.0       1.000      1.000      0.40    1.17        0.20
   6      5.000         42.0       1.000      1.000      0.00    0.00        1.00
   7      1.000        200.0       1.000      1.000      0.20    1.20        0.40


  LAYERED EARTH INPUT DATA
  ------------------------

   1   3             Basement Lithology


  MESH AND LITHOLOGIES DESCRIPTION
  --------------------------------

  Number of node "slices" along North-South axis =  9
  Number of node rows in each slice =   6
  Number of node columns in each slice =   3
  KACC = 2    SOLVER = 1    OUTPUT =  10



  Before computation begins, Samaya may transform array and model coordinates
  from GPS coordimnates where elevation increases positive upwards to a
  body-centred system where depth increases positive downwards.
  In this system, the dip of magnetic dipole transmitters and receivers
  = 0 for vertical dipoles and 90 for horizontal dipoles.

  The computational horizontal origin remains unchanged.

  Transformed transmitter and receiver locations for Line  10101
  Survey aximuth =   0.degrees clockwise from North.

  Transformed Vertex Locations for Loop Sources
  ---------------------------------------------

      Transmitter  1 has  4 vertices.

         Easting   Northing

    1    -150.00     100.00      -0.00
    2    -150.00    -100.00      -0.00
    3    -250.00    -100.00      -0.00
    4    -250.00     100.00      -0.00


  Transformed Locations for Magnetic Dipole Receivers in Line  10101
  ------------------------------------------------------------------

        Easting   Northing      Depth   Moment
        -------   --------      -----   ------
   1    -200.00       0.00      -0.00   1000.    
   2    -180.00       0.00      -0.00   1000.    
   3    -160.00       0.00      -0.00   1000.    
   4    -140.00       0.00      -0.00   1000.    
   5    -120.00       0.00      -0.00   1000.    
   6    -100.00       0.00      -0.00   1000.    
   7     -80.00       0.00      -0.00   1000.    
   8     -60.00       0.00      -0.00   1000.    
   9     -40.00       0.00      -0.00   1000.    
  10     -20.00       0.00      -0.00   1000.    
  11       0.00       0.00      -0.00   1000.    
  12      20.00       0.00      -0.00   1000.    
  13      40.00       0.00      -0.00   1000.    
  14      60.00       0.00      -0.00   1000.    
  15      80.00       0.00      -0.00   1000.    
  16     100.00       0.00      -0.00   1000.    
  17     120.00       0.00      -0.00   1000.    
  18     140.00       0.00      -0.00   1000.    
  19     160.00       0.00      -0.00   1000.    
  20     180.00       0.00      -0.00   1000.    
  21     200.00       0.00      -0.00   1000.    


  Plot points for receivers on Line  10101

            East        North     Elev
            ----        -----     ----

   1       -200.0          0.0      0.0
   2       -180.0          0.0      0.0
   3       -160.0          0.0      0.0
   4       -140.0          0.0      0.0
   5       -120.0          0.0      0.0
   6       -100.0          0.0      0.0
   7        -80.0          0.0      0.0
   8        -60.0          0.0      0.0
   9        -40.0          0.0      0.0
  10        -20.0          0.0      0.0
  11          0.0          0.0      0.0
  12         20.0          0.0      0.0
  13         40.0          0.0      0.0
  14         60.0          0.0      0.0
  15         80.0          0.0      0.0
  16        100.0          0.0      0.0
  17        120.0          0.0      0.0
  18        140.0          0.0      0.0
  19        160.0          0.0      0.0
  20        180.0          0.0      0.0
  21        200.0          0.0      0.0


          +----------------------------------+
          +  Layered Earth Model Parameters  +
          +----------------------------------+

                    Depth
 Layer  Thickness   to Top    Resistivity   MU-R   EPS-R   CHRG    CFREQ    CTAU
 -----  ---------   ------    -----------   ----   -----   ----    -----    ----
   1                   0.0      100.0       1.00   1.00    0.00    1.00      0.0    

  Samaya will compute 3D responses for a time-domain system.


---------------------------------------------------------------------------
                       END OF INPUT DATA DESCRIPTION
---------------------------------------------------------------------------

  The frequency-domain results are directly computed from
    0.1000     Hz to   10.00     Hz, using  3 points per decade and from
     10.00     Hz to  0.1000E+07 Hz, using  6 points per decade.

  These are used to construct the frequency-domain spectrum from DC to  0.1000     Hz
  before transformation to the time domain.  The transformed result is folded over


  Line 10101    Magnetic dipole Rx    Survey azimuth =   0 degrees    Units = nanoteslas / sec    Plot point: Rx

         Z : Vertical Component Model Output for Line 10101
         ----------------------------------------------

          RECEIVER POSITIONS            CHNL 1       CHNL 2       CHNL 3       CHNL 4       CHNL 5       CHNL 6       CHNL 7       CHNL 8       CHNL 9      CHNL 10 
        Easting    Northing     Elev    20.30        20.50        20.70        21.20        23.20        25.20        30.20        40.20        50.20        70.20    

  1      -200.0         0.0      0.0    723.0        115.3        50.13        17.08        1.718       0.3103       0.3088E-01   0.4769E-02   0.1480E-02   0.3233E-03
  2      -180.0         0.0      0.0    717.2        118.5        52.27        18.03        1.795       0.3173       0.3081E-01   0.4767E-02   0.1478E-02   0.3234E-03
  3      -160.0         0.0      0.0    695.7        121.2        54.41        19.03        1.876       0.3246       0.3074E-01   0.4764E-02   0.1477E-02   0.3236E-03
  4      -140.0         0.0      0.0    660.4        123.3        56.48        20.04        1.956       0.3317       0.3066E-01   0.4761E-02   0.1475E-02   0.3236E-03
  5      -120.0         0.0      0.0    614.1        124.8        58.39        21.00        2.028       0.3377       0.3057E-01   0.4755E-02   0.1474E-02   0.3237E-03
  6      -100.0         0.0      0.0    559.3        125.2        59.86        21.77        2.077       0.3409       0.3046E-01   0.4746E-02   0.1471E-02   0.3235E-03
  7       -80.0         0.0      0.0    498.0        123.8        60.31        22.06        2.075       0.3382       0.3032E-01   0.4732E-02   0.1469E-02   0.3231E-03
  8       -60.0         0.0      0.0    429.4        118.4        58.49        21.34        1.973       0.3243       0.3010E-01   0.4707E-02   0.1465E-02   0.3222E-03
  9       -40.0         0.0      0.0    349.3        105.7        52.32        18.76        1.706       0.2924       0.2976E-01   0.4666E-02   0.1459E-02   0.3203E-03
 10       -20.0         0.0      0.0    255.8        82.57        39.85        13.56        1.219       0.2367       0.2922E-01   0.4604E-02   0.1452E-02   0.3174E-03
 11         0.0         0.0      0.0    163.0        52.54        22.54        6.216       0.5574       0.1623       0.2852E-01   0.4524E-02   0.1442E-02   0.3136E-03
 12        20.0         0.0      0.0    89.81        25.51        6.177       -1.052      -0.1055       0.8775E-01   0.2779E-01   0.4443E-02   0.1432E-02   0.3096E-03
 13        40.0         0.0      0.0    41.13        8.407       -4.420       -6.114      -0.5950       0.3157E-01   0.2719E-01   0.4376E-02   0.1423E-02   0.3065E-03
 14        60.0         0.0      0.0    12.07       0.4729       -9.125       -8.598      -0.8663      -0.1158E-02   0.2677E-01   0.4329E-02   0.1416E-02   0.3044E-03
 15        80.0         0.0      0.0   -5.212       -2.402       -10.28       -9.308      -0.9727      -0.1588E-01   0.2647E-01   0.4297E-02   0.1411E-02   0.3032E-03
 16       100.0         0.0      0.0   -15.91       -3.212       -9.836       -9.077      -0.9810      -0.1970E-01   0.2622E-01   0.4274E-02   0.1406E-02   0.3025E-03
 17       120.0         0.0      0.0   -22.55       -3.355       -8.824       -8.426      -0.9391      -0.1780E-01   0.2599E-01   0.4255E-02   0.1402E-02   0.3021E-03
 18       140.0         0.0      0.0   -26.37       -3.375       -7.709       -7.630      -0.8747      -0.1327E-01   0.2576E-01   0.4238E-02   0.1398E-02   0.3017E-03
 19       160.0         0.0      0.0   -28.18       -3.449       -6.680       -6.824      -0.8033      -0.7843E-02   0.2552E-01   0.4222E-02   0.1393E-02   0.3014E-03
 20       180.0         0.0      0.0   -28.52       -3.604       -5.798       -6.068      -0.7326      -0.2409E-02   0.2526E-01   0.4204E-02   0.1388E-02   0.3011E-03
 21       200.0         0.0      0.0   -27.86       -3.809       -5.073       -5.385      -0.6661       0.2591E-02   0.2499E-01   0.4186E-02   0.1383E-02   0.3007E-03

         X : Radial Component Model Output for Line 10101
         --------------------------------------------

          RECEIVER POSITIONS            CHNL 1       CHNL 2       CHNL 3       CHNL 4       CHNL 5       CHNL 6       CHNL 7       CHNL 8       CHNL 9      CHNL 10 
        Easting    Northing     Elev    20.30        20.50        20.70        21.20        23.20        25.20        30.20        40.20        50.20        70.20    

  1      -200.0         0.0      0.0  -0.8503E-02  -0.4400E-02  -0.9574E-03   0.1477E-02   0.3902E-03   0.4670E-04  -0.2296E-06   0.2247E-07  -0.2255E-08   0.1478E-08
  2      -180.0         0.0      0.0  -0.9511E-02  -0.4498E-02  -0.8302E-03   0.1627E-02   0.4092E-03   0.4853E-04  -0.2387E-06   0.2317E-07  -0.2309E-08   0.1549E-08
  3      -160.0         0.0      0.0  -0.1052E-01  -0.4510E-02  -0.6647E-03   0.1772E-02   0.4244E-03   0.4986E-04  -0.2458E-06   0.2351E-07  -0.2388E-08   0.1602E-08
  4      -140.0         0.0      0.0  -0.1145E-01  -0.4411E-02  -0.4598E-03   0.1900E-02   0.4333E-03   0.5041E-04  -0.2502E-06   0.2323E-07  -0.2468E-08   0.1615E-08
  5      -120.0         0.0      0.0  -0.1219E-01  -0.4170E-02  -0.2189E-03   0.1994E-02   0.4326E-03   0.4979E-04  -0.2508E-06   0.2207E-07  -0.2572E-08   0.1575E-08
  6      -100.0         0.0      0.0  -0.1258E-01  -0.3761E-02   0.4422E-04   0.2028E-02   0.4177E-03   0.4749E-04  -0.2468E-06   0.1977E-07  -0.2716E-08   0.1472E-08
  7       -80.0         0.0      0.0  -0.1238E-01  -0.3176E-02   0.2973E-03   0.1964E-02   0.3832E-03   0.4294E-04  -0.2372E-06   0.1591E-07  -0.2890E-08   0.1269E-08
  8       -60.0         0.0      0.0  -0.1129E-01  -0.2442E-02   0.4761E-03   0.1750E-02   0.3231E-03   0.3554E-04  -0.2222E-06   0.1015E-07  -0.3102E-08   0.9471E-09
  9       -40.0         0.0      0.0  -0.9004E-02  -0.1652E-02   0.4783E-03   0.1324E-02   0.2328E-03   0.2494E-04  -0.2034E-06   0.2478E-08  -0.3341E-08   0.4905E-09
 10       -20.0         0.0      0.0  -0.5361E-02  -0.9221E-03   0.2147E-03   0.6531E-03   0.1127E-03   0.1134E-04  -0.1840E-06  -0.6876E-08  -0.3603E-08  -0.8581E-10
 11         0.0         0.0      0.0  -0.6743E-03  -0.2673E-03  -0.2631E-03  -0.1974E-03  -0.2706E-04  -0.4170E-05  -0.1659E-06  -0.1722E-07  -0.3868E-08  -0.7436E-09
 12        20.0         0.0      0.0   0.4135E-02   0.4032E-03  -0.7373E-03  -0.1046E-02  -0.1666E-03  -0.1965E-04  -0.1476E-06  -0.2751E-07  -0.4136E-08  -0.1395E-08
 13        40.0         0.0      0.0   0.8055E-02   0.1175E-02  -0.9870E-03  -0.1711E-02  -0.2859E-03  -0.3317E-04  -0.1277E-06  -0.3679E-07  -0.4381E-08  -0.1971E-08
 14        60.0         0.0      0.0   0.1063E-01   0.2023E-02  -0.9595E-03  -0.2126E-02  -0.3750E-03  -0.4364E-04  -0.1079E-06  -0.4438E-07  -0.4604E-08  -0.2424E-08
 15        80.0         0.0      0.0   0.1197E-01   0.2819E-02  -0.7469E-03  -0.2324E-02  -0.4336E-03  -0.5087E-04  -0.9166E-07  -0.4994E-07  -0.4800E-08  -0.2739E-08
 16       100.0         0.0      0.0   0.1238E-01   0.3465E-02  -0.4556E-03  -0.2370E-02  -0.4664E-03  -0.5522E-04  -0.8049E-07  -0.5363E-07  -0.4955E-08  -0.2929E-08
 17       120.0         0.0      0.0   0.1217E-01   0.3929E-02  -0.1531E-03  -0.2316E-02  -0.4794E-03  -0.5731E-04  -0.7463E-07  -0.5571E-07  -0.5080E-08  -0.3022E-08
 18       140.0         0.0      0.0   0.1156E-01   0.4220E-02   0.1264E-03  -0.2202E-02  -0.4782E-03  -0.5771E-04  -0.7344E-07  -0.5667E-07  -0.5164E-08  -0.3051E-08
 19       160.0         0.0      0.0   0.1074E-01   0.4364E-02   0.3680E-03  -0.2054E-02  -0.4673E-03  -0.5694E-04  -0.7574E-07  -0.5674E-07  -0.5223E-08  -0.3022E-08
 20       180.0         0.0      0.0   0.9821E-02   0.4391E-02   0.5679E-03  -0.1889E-02  -0.4502E-03  -0.5539E-04  -0.8088E-07  -0.5618E-07  -0.5271E-08  -0.2964E-08
 21       200.0         0.0      0.0   0.8875E-02   0.4327E-02   0.7270E-03  -0.1720E-02  -0.4293E-03  -0.5335E-04  -0.8793E-07  -0.5528E-07  -0.5300E-08  -0.2887E-08

         Y : Tangential Component Model Output for Line 10101
         ------------------------------------------------

          RECEIVER POSITIONS            CHNL 1       CHNL 2       CHNL 3       CHNL 4       CHNL 5       CHNL 6       CHNL 7       CHNL 8       CHNL 9      CHNL 10 
        Easting    Northing     Elev    20.30        20.50        20.70        21.20        23.20        25.20        30.20        40.20        50.20        70.20    

  1      -200.0         0.0      0.0    19.37        14.22        7.073        1.697      -0.1320      -0.5279E-01  -0.4589E-02  -0.4661E-03  -0.1132E-03  -0.1943E-04
  2      -180.0         0.0      0.0   -51.61        7.161        4.282       0.7325      -0.2274      -0.6565E-01  -0.5024E-02  -0.5186E-03  -0.1255E-03  -0.2187E-04
  3      -160.0         0.0      0.0   -119.1      -0.5747       0.9834      -0.4856      -0.3482      -0.8130E-01  -0.5472E-02  -0.5734E-03  -0.1381E-03  -0.2445E-04
  4      -140.0         0.0      0.0   -180.4       -9.196       -3.003       -2.049      -0.5030      -0.1007      -0.5940E-02  -0.6313E-03  -0.1508E-03  -0.2720E-04
  5      -120.0         0.0      0.0   -233.9       -19.06       -7.941       -4.082      -0.7028      -0.1251      -0.6436E-02  -0.6934E-03  -0.1640E-03  -0.3018E-04
  6      -100.0         0.0      0.0   -279.3       -30.73       -14.20       -6.746      -0.9609      -0.1557      -0.6973E-02  -0.7607E-03  -0.1777E-03  -0.3342E-04
  7       -80.0         0.0      0.0   -317.5       -44.93       -22.25       -10.22       -1.290      -0.1940      -0.7562E-02  -0.8344E-03  -0.1919E-03  -0.3709E-04
  8       -60.0         0.0      0.0   -350.3       -62.23       -32.40       -14.60       -1.691      -0.2398      -0.8213E-02  -0.9144E-03  -0.2069E-03  -0.4105E-04
  9       -40.0         0.0      0.0   -376.1       -81.54       -44.06       -19.59       -2.131      -0.2895      -0.8913E-02  -0.9976E-03  -0.2222E-03  -0.4522E-04
 10       -20.0         0.0      0.0   -383.9       -97.52       -54.25       -24.00       -2.508      -0.3320      -0.9583E-02  -0.1075E-02  -0.2370E-03  -0.4909E-04
 11         0.0         0.0      0.0   -362.3       -102.1       -58.03       -25.87       -2.670      -0.3510      -0.1009E-01  -0.1132E-02  -0.2500E-03  -0.5187E-04
 12        20.0         0.0      0.0   -318.4       -93.26       -53.39       -24.17       -2.534      -0.3378      -0.1034E-01  -0.1161E-02  -0.2601E-03  -0.5311E-04
 13        40.0         0.0      0.0   -267.8       -77.50       -43.77       -20.06       -2.180      -0.3009      -0.1040E-01  -0.1169E-02  -0.2678E-03  -0.5327E-04
 14        60.0         0.0      0.0   -221.4       -62.27       -33.93       -15.46       -1.763      -0.2568      -0.1042E-01  -0.1169E-02  -0.2748E-03  -0.5303E-04
 15        80.0         0.0      0.0   -182.9       -50.54       -26.07       -11.53       -1.385      -0.2164      -0.1047E-01  -0.1172E-02  -0.2822E-03  -0.5291E-04
 16       100.0         0.0      0.0   -151.6       -42.07       -20.36       -8.496       -1.079      -0.1835      -0.1059E-01  -0.1181E-02  -0.2901E-03  -0.5319E-04
 17       120.0         0.0      0.0   -125.7       -35.91       -16.31       -6.263      -0.8439      -0.1581      -0.1076E-01  -0.1196E-02  -0.2987E-03  -0.5379E-04
 18       140.0         0.0      0.0   -104.1       -31.28       -13.42       -4.642      -0.6663      -0.1391      -0.1096E-01  -0.1216E-02  -0.3077E-03  -0.5470E-04
 19       160.0         0.0      0.0   -86.11       -27.64       -11.34       -3.472      -0.5334      -0.1249      -0.1119E-01  -0.1241E-02  -0.3171E-03  -0.5584E-04
 20       180.0         0.0      0.0   -71.08       -24.67       -9.796       -2.626      -0.4341      -0.1145      -0.1143E-01  -0.1269E-02  -0.3268E-03  -0.5715E-04
 21       200.0         0.0      0.0   -58.65       -22.12       -8.625       -2.013      -0.3597      -0.1067      -0.1168E-01  -0.1298E-02  -0.3366E-03  -0.5859E-04

  Samaya forward model run completed: 2021-02-09T09:44:21
  Runtime:       119.03 seconds

