
  ------------------------------------------------------------------------------
  | Program:  Samaya                                  
  | Version:  2.0.1                                   
  | Date:     09 February, 2021                       
  |
  | Authors:  CSIRO Electromagnetic Modelling Group   
  |           Art Raiche, Fred Sugeng and Glenn Wilson
  | Contact:  David Annetts (david.annetts@csiro.au)  
  | Project:  AMIRA P223F                             
  | License:  GPL-2.0 (Full text at https://opensource.org/licenses/gpl-2.0.php)              
  |
  | Compiler: GCC version 9.3.0
  | Options:  -march=cascadelake -mmmx -mno-3dnow -msse -msse2 -msse3 -mssse3 -mno-sse4a -mcx16 -msahf -mmovbe -maes -mno-sha -mpclmul -mpopcnt -mabm -mno-lwp -mfma -mno-fma4 -mno-xop -mbmi -mno-sgx -mbmi2 -mno-pconfig -mno-wbnoinvd -mno-tbm -mavx -mavx2 -msse4.2 -msse4.1 -mlzcnt -mno-rtm -mno-hle -mrdrnd -mf16c -mfsgsbase -mrdseed -mprfchw -madx -mfxsr -mxsave -mxsaveopt -mavx512f -mno-avx512er -mavx512cd -mno-avx512pf -mno-prefetchwt1 -mclflushopt -mxsavec -mxsaves -mavx512dq -mavx512bw -mavx512vl -mno-avx512ifma -mno-avx512vbmi -mno-avx5124fmaps -mno-avx5124vnniw -mclwb -mno-mwaitx -mno-clzero -mpku -mno-rdpid -mno-gfni -mno-shstk -mno-avx512vbmi2 -mavx512vnni -mno-vaes -mno-vpclmulqdq -mno-avx512bitalg -mno-avx512vpopcntdq -mno-movdiri -mno-movdir64b -mno-waitpkg -mno-cldemote -mno-ptwrite --param l1-cache-size=32 --param l1-cache-line-size=64 --param l2-cache-size=22528 -mtune=cascadelake -O3 -fwhole-program -fdefault-double-8 -fdefault-real-8 -fpre-include=/usr/include/finclude/math-vector-fortran.h
  |
  | Started:  2021-02-09T09:42:22
  ------------------------------------------------------------------------------

          INPUT DATA
          ----------


 SlimBoris System going through vertical plate                                                                           

  TDFD = 2;   DO3D =  1;   ISYS = 0;   PRFL =  1;   ISTOP = 0

          +----------------------------------------------+
          +  Frequency-Domain Ground System Information  +
          +----------------------------------------------+

  NFRQ =  9

           Frequency      Transmitter current in amps
           ---------      ---------------------------

      1    35.00             300.0    
      2    70.00             250.0    
      3    140.0             200.0    
      4    280.0             175.0    
      5    560.0             150.0    
      6    1120.             125.0    
      7    2240.             100.0    
      8    4480.             75.00    
      9    8960.             50.00    


  SURVEY_TYPE = 5

  NLINES =  1;   MRXL = 11;   IDH = 1;   TXMMT =   1000.    

  Line     5000;   SV_AZM =   0.0;   NRX = 11;   CMP = 123;   OFFSET =  25.5
    UNITS =  34;   KNORM =  1;   IPLT = 1;   IDH = 1;   RXMNT =   1000.    

  Magnetic Dipole Transmitter Specification

           Easting       Northing      Elevation     Dip   Azimuth
           -------       --------      ---------     ---   -------
    1        100.00          0.00          0.00     45.0    270.0
    2         80.00          0.00        -20.00     45.0    270.0
    3         60.00          0.00        -40.00     45.0    270.0
    4         40.00          0.00        -60.00     45.0    270.0
    5         20.00          0.00        -80.00     45.0    270.0
    6          0.00          0.00       -100.00     45.0    270.0
    7        -20.00          0.00       -120.00     45.0    270.0
    8        -40.00          0.00       -140.00     45.0    270.0
    9        -60.00          0.00       -160.00     45.0    270.0
   10        -80.00          0.00       -180.00     45.0    270.0
   11       -100.00          0.00       -200.00     45.0    270.0


  NLAYER =  1;   NLITH =  7


                          LITHOLOGY PROPERTIES
                          --------------------

                                  Relative   Relative     Cole-Cole Parameters
        Resistivity  Conductance     MU     Dielectric   CHRG    CTAU       CFREQ

   1      1.000         -1.0       1.000      1.000      0.00    0.00        1.00
   2      1.000         -1.0       1.000      1.000      0.00    0.00        1.00
   3      100.0         -1.0       1.000      1.000      0.00    0.00        1.00
   4      1.000         50.0       1.000      1.000      0.00    0.00        1.00
   5      20.00         30.0       1.000      1.000      0.40    1.17        0.20
   6      5.000         42.0       1.000      1.000      0.00    0.00        1.00
   7      1.000        200.0       1.000      1.000      0.20    1.20        0.40


  LAYERED EARTH INPUT DATA
  ------------------------

   1   3             Basement Lithology


  MESH AND LITHOLOGIES DESCRIPTION
  --------------------------------

  Number of node "slices" along North-South axis =  9
  Number of node rows in each slice =   6
  Number of node columns in each slice =   3
  KACC = 2    SOLVER = 1    OUTPUT =  10



  Before computation begins, Samaya may transform array and model coordinates
  from GPS coordimnates where elevation increases positive upwards to a
  body-centred system where depth increases positive downwards.
  In this system, the dip of magnetic dipole transmitters and receivers
  = 0 for vertical dipoles and 90 for horizontal dipoles.

  The computational horizontal origin remains unchanged.

               Transformed Downhole Probe Coordinates & Orientation
               ----------------------------------------------------

                         Transmitter              Borehole                Receiver
                         -----------              --------                --------
                  East      North     Depth      Dip     Azm       East      North     Depth 
    Line          ----      -----     -----      ---     ---       ----      -----     -----
    5000   1      100.0        0.0      -0.0     45.0   270.0       82.0        0.0      18.0
           2       80.0        0.0      20.0     45.0   270.0       62.0        0.0      38.0
           3       60.0        0.0      40.0     45.0   270.0       42.0        0.0      58.0
           4       40.0        0.0      60.0     45.0   270.0       22.0        0.0      78.0
           5       20.0        0.0      80.0     45.0   270.0        2.0        0.0      98.0
           6        0.0        0.0     100.0     45.0   270.0      -18.0        0.0     118.0
           7      -20.0        0.0     120.0     45.0   270.0      -38.0        0.0     138.0
           8      -40.0        0.0     140.0     45.0   270.0      -58.0        0.0     158.0
           9      -60.0        0.0     160.0     45.0   270.0      -78.0        0.0     178.0
          10      -80.0        0.0     180.0     45.0   270.0      -98.0        0.0     198.0
          11     -100.0        0.0     200.0     45.0   270.0     -118.0        0.0     218.0


  Plot points for receivers on Line   5000

            East        North     Elev
            ----        -----     ----

   1         82.0          0.0    -18.0
   2         62.0          0.0    -38.0
   3         42.0          0.0    -58.0
   4         22.0          0.0    -78.0
   5          2.0          0.0    -98.0
   6        -18.0          0.0   -118.0
   7        -38.0          0.0   -138.0
   8        -58.0          0.0   -158.0
   9        -78.0          0.0   -178.0
  10        -98.0          0.0   -198.0
  11       -118.0          0.0   -218.0


          +----------------------------------+
          +  Layered Earth Model Parameters  +
          +----------------------------------+

                    Depth
 Layer  Thickness   to Top    Resistivity   MU-R   EPS-R   CHRG    CFREQ    CTAU
 -----  ---------   ------    -----------   ----   -----   ----    -----    ----
   1                   0.0      100.0       1.00   1.00    0.00    1.00      0.0    

  Samaya will compute 3D responses for a frequency-domain system.


---------------------------------------------------------------------------
                       END OF INPUT DATA DESCRIPTION
---------------------------------------------------------------------------

  Frequency-domain model output for downhole Tx-Rx probe.

  Line 5000    Survey azimuth =   0 degrees    Units = parts per million


         A Inphase - Axial Component Model Output for Line 5000
         -------------------------------------------------------

             RECEIVER POSITIONS               FREQUENCIES
         East        North     Elev         35.0        70.0       140.0       280.0       560.0      1120.0      2240.0      4480.0      8960.0

  1        82.0         0.0    -18.0   1000263.2   1000823.2   1001953.2   1002825.6   1002441.0   1000463.0    996640.3    990931.3    978763.3
  2        62.0         0.0    -38.0   1000428.8   1001369.8   1003311.0   1004742.4   1003675.4   1000692.0    996858.9    991686.0    979337.1
  3        42.0         0.0    -58.0   1000540.9   1001743.5   1004249.6   1006105.1   1004887.8   1001642.2    997453.3    991823.2    978887.6
  4        22.0         0.0    -78.0   1000576.9   1001855.4   1004455.8   1006058.4   1004280.7   1001116.0    997943.1    993708.6    980833.4
  5         2.0         0.0    -98.0   1000361.5   1001143.3   1002623.6   1003039.6   1001109.0    999268.9    999119.1    997504.4    984289.5
  6       -18.0         0.0   -118.0    999910.8    999704.0    999319.3    999275.7    999932.3   1000758.7   1001117.2    997666.8    983042.4
  7       -38.0         0.0   -138.0    999514.1    998446.2    996414.7    995743.8    998124.8   1000758.0   1001767.6    997779.4    983263.0
  8       -58.0         0.0   -158.0    999445.7    998257.5    996040.5    995254.3    997454.0    999346.6    998585.1    993287.0    979775.2
  9       -78.0         0.0   -178.0    999556.4    998631.8    996978.9    996552.0    998374.9    999539.2    997908.4    992490.1    979498.3
 10       -98.0         0.0   -198.0    999673.1    999012.0    997894.6    997765.7    999135.6    999579.9    997574.1    992405.0    979549.0
 11      -118.0         0.0   -218.0    999756.9    999281.2    998528.8    998566.1    999541.9    999472.7    997379.6    992413.7    979555.0


         A Quadrature - Axial Component Model Output for Line 5000
         ------------------------------------------------------

             RECEIVER POSITIONS               FREQUENCIES
         East        North     Elev         35.0        70.0       140.0       280.0       560.0      1120.0      2240.0      4480.0      8960.0

  1        82.0         0.0    -18.0       341.6       363.6      -491.6     -3341.5     -8385.8    -16522.7    -29621.6    -53077.4    -97505.8
  2        62.0         0.0    -38.0       863.5      1209.4       357.5     -3395.5     -9361.9    -17217.6    -29559.8    -53069.4    -98120.0
  3        42.0         0.0    -58.0      1245.5      1841.3      1045.9     -3197.1     -9646.8    -17740.4    -30272.8    -53847.0    -98711.1
  4        22.0         0.0    -78.0      1300.1      1897.2       949.7     -3578.5     -9717.8    -16920.2    -28809.8    -53000.8    -99519.8
  5         2.0         0.0    -98.0       554.9       652.7      -493.9     -4109.3     -8465.8    -13757.2    -24913.1    -51186.4   -100353.9
  6       -18.0         0.0   -118.0      -605.0     -1094.0     -1700.3     -2593.4     -5225.4    -11628.6    -25300.6    -52856.2   -100820.9
  7       -38.0         0.0   -138.0     -1678.0     -2740.7     -3033.5     -1813.7     -2988.3     -9832.1    -24757.9    -52875.3   -100582.5
  8       -58.0         0.0   -158.0     -1904.7     -3104.3     -3503.2     -2428.0     -4053.7    -11648.7    -26666.2    -52947.9    -98604.4
  9       -78.0         0.0   -178.0     -1555.4     -2537.9     -2960.0     -2536.7     -4834.9    -12721.3    -27411.5    -52817.3    -98204.1
 10       -98.0         0.0   -198.0     -1212.8     -1995.4     -2466.7     -2681.6     -5575.9    -13465.4    -27636.2    -52696.6    -98201.1
 11      -118.0         0.0   -218.0      -980.2     -1634.5     -2164.9     -2851.0     -6136.3    -13895.2    -27662.5    -52646.0    -98218.1


         U Inphase - Slope Component Model Output for Line 5000
         ---------------------------------------------------

             RECEIVER POSITIONS               FREQUENCIES
         East        North     Elev         35.0        70.0       140.0       280.0       560.0      1120.0      2240.0      4480.0      8960.0

  1        82.0         0.0    -18.0       276.0       859.6      2037.5      2981.0      2831.8      1801.5      1047.0      4282.5     16650.1
  2        62.0         0.0    -38.0       453.6      1449.1      3522.0      5161.6      4459.6      2505.4      1752.2      5441.6     17437.0
  3        42.0         0.0    -58.0       572.8      1846.5      4516.8      6593.8      5760.5      3697.2      2946.3      6667.2     18397.1
  4        22.0         0.0    -78.0       607.7      1950.0      4663.6      6329.0      4883.9      3240.6      4027.7      9405.3     21148.0
  5         2.0         0.0    -98.0       368.2      1158.6      2639.9      2961.8       714.5     -1310.5       268.9      6844.6     18386.8
  6       -18.0         0.0   -118.0      -162.0      -579.5     -1649.6     -3056.3     -3274.4     -1435.2      2672.0      8582.8     18677.1
  7       -38.0         0.0   -138.0      -504.5     -1640.0     -3970.4     -5495.1     -4152.6     -1882.7      1017.2      5594.0     16543.7
  8       -58.0         0.0   -158.0      -521.4     -1632.1     -3670.7     -4252.2     -1794.9       963.8      3097.7      6554.6     17456.4
  9       -78.0         0.0   -178.0      -412.0     -1261.2     -2724.3     -2858.8      -603.9      1634.9      3084.1      6420.2     17548.5
 10       -98.0         0.0   -198.0      -301.9      -905.1     -1876.8     -1768.4        -3.7      1478.1      2514.3      6093.5     17475.7
 11      -118.0         0.0   -218.0      -222.8      -653.1     -1292.8     -1064.2       272.1      1221.2      2179.2      6022.8     17512.3


         U Quadrature - Slope Component Model Output for Line 5000
         ------------------------------------------------------

             RECEIVER POSITIONS               FREQUENCIES
         East        North     Elev         35.0        70.0       140.0       280.0       560.0      1120.0      2240.0      4480.0      8960.0

  1        82.0         0.0    -18.0      1091.3      1848.8      2434.0      2444.4      3153.8      6353.9     15014.1     32121.2     59949.4
  2        62.0         0.0    -38.0      1682.0      2820.8      3477.0      2605.5      2341.3      5719.7     14998.6     31907.1     59009.7
  3        42.0         0.0    -58.0      2100.6      3517.0      4256.2      2926.5      2302.4      5645.7     14876.7     31582.7     58294.4
  4        22.0         0.0    -78.0      2135.8      3530.2      4075.4      2512.7      2519.8      7087.1     16914.7     32656.6     57455.4
  5         2.0         0.0    -98.0      1182.0      1897.0      1963.9       783.0      1566.7      7234.5     18242.8     33725.8     58223.9
  6       -18.0         0.0   -118.0      -424.1      -680.2      -515.1      1310.0      5423.7     11530.5     20081.8     33051.3     57512.4
  7       -38.0         0.0   -138.0     -1301.9     -1989.5     -1463.6      1970.0      6367.8     11113.8     18870.6     32958.8     59254.8
  8       -58.0         0.0   -158.0     -1069.2     -1469.7      -393.6      3452.3      7430.0     11031.3     17699.0     32021.7     58766.1
  9       -78.0         0.0   -178.0      -693.6      -846.3       278.9      3582.5      6947.6     10227.7     17050.4     31936.2     58718.8
 10       -98.0         0.0   -198.0      -384.9      -365.0       685.5      3355.0      6140.5      9435.4     16822.4     32150.7     58932.6
 11      -118.0         0.0   -218.0      -177.2       -49.1       922.3      3123.9      5543.2      9008.1     16855.4     32315.9     59013.1


         V Inphase - Horizontal Component Model Output for Line 5000
         --------------------------------------------------------

             RECEIVER POSITIONS               FREQUENCIES
         East        North     Elev         35.0        70.0       140.0       280.0       560.0      1120.0      2240.0      4480.0      8960.0

  1        82.0         0.0    -18.0        -0.0         0.0         0.2         0.9         0.9         0.1        -0.3         0.1         0.2
  2        62.0         0.0    -38.0        -0.1        -0.3        -0.7        -0.6        -0.1         0.0        -0.0         0.1         0.0
  3        42.0         0.0    -58.0        -0.1        -0.3        -0.6        -0.5        -0.1         0.1         0.1         0.2         0.1
  4        22.0         0.0    -78.0        -0.0        -0.1        -0.2         0.0         0.2        -0.0        -0.1         0.1         0.1
  5         2.0         0.0    -98.0         0.0         0.0         0.1         0.2         0.1        -0.0        -0.0        -0.1        -0.3
  6       -18.0         0.0   -118.0        -0.1        -0.3        -0.9        -1.1        -0.3         0.5         0.2        -0.1         0.1
  7       -38.0         0.0   -138.0        -0.2        -0.7        -1.6        -1.7        -0.2         0.6         0.1        -0.7        -0.6
  8       -58.0         0.0   -158.0        -0.2        -0.8        -1.6        -1.4         0.1         0.8         0.2        -0.2        -0.0
  9       -78.0         0.0   -178.0        -0.2        -0.7        -1.3        -1.0         0.3         0.6         0.0        -0.0         0.0
 10       -98.0         0.0   -198.0        -0.2        -0.5        -1.0        -0.6         0.3         0.3        -0.0        -0.0        -0.0
 11      -118.0         0.0   -218.0        -0.1        -0.4        -0.7        -0.3         0.3         0.2        -0.0         0.0        -0.0


         V Quadrature - Horizontal Component Model Output for Line 5000
         -----------------------------------------------------------

             RECEIVER POSITIONS               FREQUENCIES
         East        North     Elev         35.0        70.0       140.0       280.0       560.0      1120.0      2240.0      4480.0      8960.0

  1        82.0         0.0    -18.0         0.1         0.2         0.5         0.4        -0.5        -0.7        -0.1         0.2        -0.1
  2        62.0         0.0    -38.0        -0.2        -0.3        -0.1         0.4         0.4         0.1         0.1         0.1        -0.1
  3        42.0         0.0    -58.0        -0.2        -0.3        -0.1         0.4         0.4         0.2         0.1         0.0        -0.1
  4        22.0         0.0    -78.0        -0.1        -0.1         0.1         0.2         0.0        -0.2         0.1         0.1        -0.0
  5         2.0         0.0    -98.0         0.0         0.1         0.1         0.0        -0.1        -0.1        -0.1        -0.2        -0.1
  6       -18.0         0.0   -118.0        -0.3        -0.5        -0.4         0.4         1.0         0.4        -0.2         0.0         0.1
  7       -38.0         0.0   -138.0        -0.6        -0.8        -0.5         0.9         1.3         0.3        -0.6        -0.3         0.2
  8       -58.0         0.0   -158.0        -0.6        -0.8        -0.3         1.1         1.3         0.2        -0.4        -0.0         0.0
  9       -78.0         0.0   -178.0        -0.5        -0.6        -0.1         1.0         1.0         0.1        -0.2         0.0        -0.0
 10       -98.0         0.0   -198.0        -0.3        -0.4        -0.0         0.8         0.6        -0.1        -0.1         0.0        -0.0
 11      -118.0         0.0   -218.0        -0.3        -0.3         0.1         0.6         0.4        -0.1        -0.1         0.0        -0.0

  Samaya forward model run completed: 2021-02-09T09:42:50
  Runtime:        28.78 seconds

