\BOOKMARK [0][-]{chapter.1}{\376\377\0001\000\040\000M\000o\000d\000u\000l\000e\000s\000\040\000I\000n\000d\000e\000x}{}% 1
\BOOKMARK [1][-]{section.1.1}{\376\377\0001\000.\0001\000\040\000M\000o\000d\000u\000l\000e\000s\000\040\000L\000i\000s\000t}{chapter.1}% 2
\BOOKMARK [0][-]{chapter.2}{\376\377\0002\000\040\000F\000i\000l\000e\000\040\000I\000n\000d\000e\000x}{}% 3
\BOOKMARK [1][-]{section.2.1}{\376\377\0002\000.\0001\000\040\000F\000i\000l\000e\000\040\000L\000i\000s\000t}{chapter.2}% 4
\BOOKMARK [0][-]{chapter.3}{\376\377\0003\000\040\000M\000o\000d\000u\000l\000e\000\040\000D\000o\000c\000u\000m\000e\000n\000t\000a\000t\000i\000o\000n}{}% 5
\BOOKMARK [1][-]{section.3.1}{\376\377\0003\000.\0001\000\040\000l\000g\000\137\000f\000i\000l\000t\000e\000r\000\137\000c\000o\000e\000f\000f\000i\000c\000i\000e\000n\000t\000s\000\040\000M\000o\000d\000u\000l\000e\000\040\000R\000e\000f\000e\000r\000e\000n\000c\000e}{chapter.3}% 6
\BOOKMARK [2][-]{subsection.3.1.1}{\376\377\0003\000.\0001\000.\0001\000\040\000V\000a\000r\000i\000a\000b\000l\000e\000\040\000D\000o\000c\000u\000m\000e\000n\000t\000a\000t\000i\000o\000n}{section.3.1}% 7
\BOOKMARK [3][-]{subsubsection.3.1.1.1}{\376\377\0003\000.\0001\000.\0001\000.\0001\000\040\000d\000e\000l\000c\000o\000s}{subsection.3.1.1}% 8
\BOOKMARK [3][-]{subsubsection.3.1.1.2}{\376\377\0003\000.\0001\000.\0001\000.\0002\000\040\000j\0009}{subsection.3.1.1}% 9
\BOOKMARK [3][-]{subsubsection.3.1.1.3}{\376\377\0003\000.\0001\000.\0001\000.\0003\000\040\000j\000n\000h\000i}{subsection.3.1.1}% 10
\BOOKMARK [3][-]{subsubsection.3.1.1.4}{\376\377\0003\000.\0001\000.\0001\000.\0004\000\040\000j\000n\000l\000o}{subsection.3.1.1}% 11
\BOOKMARK [3][-]{subsubsection.3.1.1.5}{\376\377\0003\000.\0001\000.\0001\000.\0005\000\040\000n\000d\000e\000c\000\137\000j\000n}{subsection.3.1.1}% 12
\BOOKMARK [3][-]{subsubsection.3.1.1.6}{\376\377\0003\000.\0001\000.\0001\000.\0006\000\040\000q\000l}{subsection.3.1.1}% 13
\BOOKMARK [3][-]{subsubsection.3.1.1.7}{\376\377\0003\000.\0001\000.\0001\000.\0007\000\040\000s\000h\000f\000t\000j\000n}{subsection.3.1.1}% 14
\BOOKMARK [3][-]{subsubsection.3.1.1.8}{\376\377\0003\000.\0001\000.\0001\000.\0008\000\040\000w\000c\000o\000s}{subsection.3.1.1}% 15
\BOOKMARK [3][-]{subsubsection.3.1.1.9}{\376\377\0003\000.\0001\000.\0001\000.\0009\000\040\000w\000j\0000}{subsection.3.1.1}% 16
\BOOKMARK [3][-]{subsubsection.3.1.1.10}{\376\377\0003\000.\0001\000.\0001\000.\0001\0000\000\040\000w\000j\0001}{subsection.3.1.1}% 17
\BOOKMARK [1][-]{section.3.2}{\376\377\0003\000.\0002\000\040\000l\000g\000\137\000f\000r\000e\000q\000u\000e\000n\000c\000y\000\137\000s\000e\000l\000e\000c\000t\000\040\000M\000o\000d\000u\000l\000e\000\040\000R\000e\000f\000e\000r\000e\000n\000c\000e}{chapter.3}% 18
\BOOKMARK [2][-]{subsection.3.2.1}{\376\377\0003\000.\0002\000.\0001\000\040\000V\000a\000r\000i\000a\000b\000l\000e\000\040\000D\000o\000c\000u\000m\000e\000n\000t\000a\000t\000i\000o\000n}{section.3.2}% 19
\BOOKMARK [3][-]{subsubsection.3.2.1.1}{\376\377\0003\000.\0002\000.\0001\000.\0001\000\040\000f\000r\000q\000\137\0006\000p\000d\000e}{subsection.3.2.1}% 20
\BOOKMARK [3][-]{subsubsection.3.2.1.2}{\376\377\0003\000.\0002\000.\0001\000.\0002\000\040\000f\000r\000q\000\137\000m\000d\0002}{subsection.3.2.1}% 21
\BOOKMARK [3][-]{subsubsection.3.2.1.3}{\376\377\0003\000.\0002\000.\0001\000.\0003\000\040\000n\000f\000\137\0006\000p\000d\000e}{subsection.3.2.1}% 22
\BOOKMARK [3][-]{subsubsection.3.2.1.4}{\376\377\0003\000.\0002\000.\0001\000.\0004\000\040\000n\000f\000\137\000m\000d\0002}{subsection.3.2.1}% 23
\BOOKMARK [1][-]{section.3.3}{\376\377\0003\000.\0003\000\040\000l\000g\000\137\000i\000n\000p\000u\000t\000\137\000r\000o\000u\000t\000i\000n\000e\000s\000\040\000M\000o\000d\000u\000l\000e\000\040\000R\000e\000f\000e\000r\000e\000n\000c\000e}{chapter.3}% 24
\BOOKMARK [2][-]{subsection.3.3.1}{\376\377\0003\000.\0003\000.\0001\000\040\000F\000u\000n\000c\000t\000i\000o\000n\000/\000S\000u\000b\000r\000o\000u\000t\000i\000n\000e\000\040\000D\000o\000c\000u\000m\000e\000n\000t\000a\000t\000i\000o\000n}{section.3.3}% 25
\BOOKMARK [3][-]{subsubsection.3.3.1.1}{\376\377\0003\000.\0003\000.\0001\000.\0001\000\040\000i\000s\000c\000o\000m\000m\000e\000n\000t\000\050\000\051}{subsection.3.3.1}% 26
\BOOKMARK [3][-]{subsubsection.3.3.1.2}{\376\377\0003\000.\0003\000.\0001\000.\0002\000\040\000p\000r\000e\000p\000a\000r\000e\000\137\000i\000n\000v\000r\000t\000\137\000d\000a\000t\000a\000\050\000\051}{subsection.3.3.1}% 27
\BOOKMARK [3][-]{subsubsection.3.3.1.3}{\376\377\0003\000.\0003\000.\0001\000.\0003\000\040\000r\000e\000a\000d\000\137\000m\000o\000d\000e\000l\000\137\000d\000a\000t\000a\000\050\000\051}{subsection.3.3.1}% 28
\BOOKMARK [3][-]{subsubsection.3.3.1.4}{\376\377\0003\000.\0003\000.\0001\000.\0004\000\040\000r\000e\000a\000d\000\137\000p\000a\000r\000a\000m\000e\000t\000e\000r\000\137\000c\000o\000n\000t\000r\000o\000l\000\050\000\051}{subsection.3.3.1}% 29
\BOOKMARK [3][-]{subsubsection.3.3.1.5}{\376\377\0003\000.\0003\000.\0001\000.\0005\000\040\000r\000e\000a\000d\000\137\000s\000y\000s\000t\000e\000m\000\137\000a\000n\000d\000\137\000s\000u\000r\000v\000e\000y\000\137\000d\000a\000t\000a\000\050\000\051}{subsection.3.3.1}% 30
\BOOKMARK [3][-]{subsubsection.3.3.1.6}{\376\377\0003\000.\0003\000.\0001\000.\0006\000\040\000s\000e\000t\000\137\000f\000r\000q\000\050\000\051}{subsection.3.3.1}% 31
\BOOKMARK [3][-]{subsubsection.3.3.1.7}{\376\377\0003\000.\0003\000.\0001\000.\0007\000\040\000s\000e\000t\000\137\000r\000h\000o\000\050\000\051}{subsection.3.3.1}% 32
\BOOKMARK [3][-]{subsubsection.3.3.1.8}{\376\377\0003\000.\0003\000.\0001\000.\0008\000\040\000s\000e\000t\000\137\000t\000r\000p\000\050\000\051}{subsection.3.3.1}% 33
\BOOKMARK [3][-]{subsubsection.3.3.1.9}{\376\377\0003\000.\0003\000.\0001\000.\0009\000\040\000s\000h\000o\000w\000\137\000a\000n\000d\000\137\000t\000e\000l\000l\000\050\000\051}{subsection.3.3.1}% 34
\BOOKMARK [3][-]{subsubsection.3.3.1.10}{\376\377\0003\000.\0003\000.\0001\000.\0001\0000\000\040\000w\000r\000i\000t\000e\000\137\000l\000i\000n\000e\000\137\000h\000e\000a\000d\000e\000r\000\050\000\051}{subsection.3.3.1}% 35
\BOOKMARK [3][-]{subsubsection.3.3.1.11}{\376\377\0003\000.\0003\000.\0001\000.\0001\0001\000\040\000w\000r\000i\000t\000e\000\137\000n\000p\000\137\000i\000n\000i\000t\000i\000a\000l\000\050\000\051}{subsection.3.3.1}% 36
\BOOKMARK [2][-]{subsection.3.3.2}{\376\377\0003\000.\0003\000.\0002\000\040\000V\000a\000r\000i\000a\000b\000l\000e\000\040\000D\000o\000c\000u\000m\000e\000n\000t\000a\000t\000i\000o\000n}{section.3.3}% 37
\BOOKMARK [3][-]{subsubsection.3.3.2.1}{\376\377\0003\000.\0003\000.\0002\000.\0001\000\040\000b\000e\000g}{subsection.3.3.2}% 38
\BOOKMARK [3][-]{subsubsection.3.3.2.2}{\376\377\0003\000.\0003\000.\0002\000.\0002\000\040\000b\000f\000t\000l}{subsection.3.3.2}% 39
\BOOKMARK [3][-]{subsubsection.3.3.2.3}{\376\377\0003\000.\0003\000.\0002\000.\0003\000\040\000b\000h\000a\000z\000m}{subsection.3.3.2}% 40
\BOOKMARK [3][-]{subsubsection.3.3.2.4}{\376\377\0003\000.\0003\000.\0002\000.\0004\000\040\000b\000h\000d\000i\000p}{subsection.3.3.2}% 41
\BOOKMARK [3][-]{subsubsection.3.3.2.5}{\376\377\0003\000.\0003\000.\0002\000.\0005\000\040\000c\000e\000l\000l\000w}{subsection.3.3.2}% 42
\BOOKMARK [3][-]{subsubsection.3.3.2.6}{\376\377\0003\000.\0003\000.\0002\000.\0006\000\040\000c\000f\000r\000e\000q}{subsection.3.3.2}% 43
\BOOKMARK [3][-]{subsubsection.3.3.2.7}{\376\377\0003\000.\0003\000.\0002\000.\0007\000\040\000c\000f\000r\000e\000q\000p}{subsection.3.3.2}% 44
\BOOKMARK [3][-]{subsubsection.3.3.2.8}{\376\377\0003\000.\0003\000.\0002\000.\0008\000\040\000c\000h\000r\000g}{subsection.3.3.2}% 45
\BOOKMARK [3][-]{subsubsection.3.3.2.9}{\376\377\0003\000.\0003\000.\0002\000.\0009\000\040\000c\000h\000r\000g\000p}{subsection.3.3.2}% 46
\BOOKMARK [3][-]{subsubsection.3.3.2.10}{\376\377\0003\000.\0003\000.\0002\000.\0001\0000\000\040\000c\000l\000c\000d}{subsection.3.3.2}% 47
\BOOKMARK [3][-]{subsubsection.3.3.2.11}{\376\377\0003\000.\0003\000.\0002\000.\0001\0001\000\040\000c\000m\000p}{subsection.3.3.2}% 48
\BOOKMARK [3][-]{subsubsection.3.3.2.12}{\376\377\0003\000.\0003\000.\0002\000.\0001\0002\000\040\000c\000m\000p\000m\000t}{subsection.3.3.2}% 49
\BOOKMARK [3][-]{subsubsection.3.3.2.13}{\376\377\0003\000.\0003\000.\0002\000.\0001\0003\000\040\000c\000n\000v\000r\000g}{subsection.3.3.2}% 50
\BOOKMARK [3][-]{subsubsection.3.3.2.14}{\376\377\0003\000.\0003\000.\0002\000.\0001\0004\000\040\000c\000t\000a\000u}{subsection.3.3.2}% 51
\BOOKMARK [3][-]{subsubsection.3.3.2.15}{\376\377\0003\000.\0003\000.\0002\000.\0001\0005\000\040\000c\000t\000a\000u\000p}{subsection.3.3.2}% 52
\BOOKMARK [3][-]{subsubsection.3.3.2.16}{\376\377\0003\000.\0003\000.\0002\000.\0001\0006\000\040\000c\000u\000r\000n\000t}{subsection.3.3.2}% 53
\BOOKMARK [3][-]{subsubsection.3.3.2.17}{\376\377\0003\000.\0003\000.\0002\000.\0001\0007\000\040\000c\000x\000p\000a\000r}{subsection.3.3.2}% 54
\BOOKMARK [3][-]{subsubsection.3.3.2.18}{\376\377\0003\000.\0003\000.\0002\000.\0001\0008\000\040\000d\0002\000r}{subsection.3.3.2}% 55
\BOOKMARK [3][-]{subsubsection.3.3.2.19}{\376\377\0003\000.\0003\000.\0002\000.\0001\0009\000\040\000d\000i\000p}{subsection.3.3.2}% 56
\BOOKMARK [3][-]{subsubsection.3.3.2.20}{\376\377\0003\000.\0003\000.\0002\000.\0002\0000\000\040\000d\000o\0003\000d}{subsection.3.3.2}% 57
\BOOKMARK [3][-]{subsubsection.3.3.2.21}{\376\377\0003\000.\0003\000.\0002\000.\0002\0001\000\040\000d\000s\000t\000a\000t}{subsection.3.3.2}% 58
\BOOKMARK [3][-]{subsubsection.3.3.2.22}{\376\377\0003\000.\0003\000.\0002\000.\0002\0002\000\040\000d\000z\000m}{subsection.3.3.2}% 59
\BOOKMARK [3][-]{subsubsection.3.3.2.23}{\376\377\0003\000.\0003\000.\0002\000.\0002\0003\000\040\000e\000c\000n\000t\000r\000d}{subsection.3.3.2}% 60
\BOOKMARK [3][-]{subsubsection.3.3.2.24}{\376\377\0003\000.\0003\000.\0002\000.\0002\0004\000\040\000e\000l\000a\000s}{subsection.3.3.2}% 61
\BOOKMARK [3][-]{subsubsection.3.3.2.25}{\376\377\0003\000.\0003\000.\0002\000.\0002\0005\000\040\000f\000i\000n}{subsection.3.3.2}% 62
\BOOKMARK [3][-]{subsubsection.3.3.2.26}{\376\377\0003\000.\0003\000.\0002\000.\0002\0006\000\040\000f\000q\000q}{subsection.3.3.2}% 63
\BOOKMARK [3][-]{subsubsection.3.3.2.27}{\376\377\0003\000.\0003\000.\0002\000.\0002\0007\000\040\000f\000r\000e\000q}{subsection.3.3.2}% 64
\BOOKMARK [3][-]{subsubsection.3.3.2.28}{\376\377\0003\000.\0003\000.\0002\000.\0002\0008\000\040\000f\000v\000e\000r\000s}{subsection.3.3.2}% 65
\BOOKMARK [3][-]{subsubsection.3.3.2.29}{\376\377\0003\000.\0003\000.\0002\000.\0002\0009\000\040\000h\000e\000a\000d\000e\000r\000\137\000i\000d}{subsection.3.3.2}% 66
\BOOKMARK [3][-]{subsubsection.3.3.2.30}{\376\377\0003\000.\0003\000.\0002\000.\0003\0000\000\040\000i\000d\000h}{subsection.3.3.2}% 67
\BOOKMARK [3][-]{subsubsection.3.3.2.31}{\376\377\0003\000.\0003\000.\0002\000.\0003\0001\000\040\000i\000n\000p}{subsection.3.3.2}% 68
\BOOKMARK [3][-]{subsubsection.3.3.2.32}{\376\377\0003\000.\0003\000.\0002\000.\0003\0002\000\040\000i\000n\000t\000r\000u\000d\000e}{subsection.3.3.2}% 69
\BOOKMARK [3][-]{subsubsection.3.3.2.33}{\376\377\0003\000.\0003\000.\0002\000.\0003\0003\000\040\000i\000n\000v\000e\000r\000t}{subsection.3.3.2}% 70
\BOOKMARK [3][-]{subsubsection.3.3.2.34}{\376\377\0003\000.\0003\000.\0002\000.\0003\0004\000\040\000i\000n\000v\000p\000r\000t}{subsection.3.3.2}% 71
\BOOKMARK [3][-]{subsubsection.3.3.2.35}{\376\377\0003\000.\0003\000.\0002\000.\0003\0005\000\040\000i\000p\000l\000t}{subsection.3.3.2}% 72
\BOOKMARK [3][-]{subsubsection.3.3.2.36}{\376\377\0003\000.\0003\000.\0002\000.\0003\0006\000\040\000i\000p\000p\000d}{subsection.3.3.2}% 73
\BOOKMARK [3][-]{subsubsection.3.3.2.37}{\376\377\0003\000.\0003\000.\0002\000.\0003\0007\000\040\000i\000s\000t\000o\000p}{subsection.3.3.2}% 74
\BOOKMARK [3][-]{subsubsection.3.3.2.38}{\376\377\0003\000.\0003\000.\0002\000.\0003\0008\000\040\000i\000s\000y\000s}{subsection.3.3.2}% 75
\BOOKMARK [3][-]{subsubsection.3.3.2.39}{\376\377\0003\000.\0003\000.\0002\000.\0003\0009\000\040\000j}{subsection.3.3.2}% 76
\BOOKMARK [3][-]{subsubsection.3.3.2.40}{\376\377\0003\000.\0003\000.\0002\000.\0004\0000\000\040\000j\000a}{subsection.3.3.2}% 77
\BOOKMARK [3][-]{subsubsection.3.3.2.41}{\376\377\0003\000.\0003\000.\0002\000.\0004\0001\000\040\000j\000a\000b}{subsection.3.3.2}% 78
\BOOKMARK [3][-]{subsubsection.3.3.2.42}{\376\377\0003\000.\0003\000.\0002\000.\0004\0002\000\040\000j\000a\000b\0002}{subsection.3.3.2}% 79
\BOOKMARK [3][-]{subsubsection.3.3.2.43}{\376\377\0003\000.\0003\000.\0002\000.\0004\0003\000\040\000j\000b}{subsection.3.3.2}% 80
\BOOKMARK [3][-]{subsubsection.3.3.2.44}{\376\377\0003\000.\0003\000.\0002\000.\0004\0004\000\040\000j\000f}{subsection.3.3.2}% 81
\BOOKMARK [3][-]{subsubsection.3.3.2.45}{\376\377\0003\000.\0003\000.\0002\000.\0004\0005\000\040\000j\000l}{subsection.3.3.2}% 82
\BOOKMARK [3][-]{subsubsection.3.3.2.46}{\376\377\0003\000.\0003\000.\0002\000.\0004\0006\000\040\000j\000p}{subsection.3.3.2}% 83
\BOOKMARK [3][-]{subsubsection.3.3.2.47}{\376\377\0003\000.\0003\000.\0002\000.\0004\0007\000\040\000j\000p\0002}{subsection.3.3.2}% 84
\BOOKMARK [3][-]{subsubsection.3.3.2.48}{\376\377\0003\000.\0003\000.\0002\000.\0004\0008\000\040\000j\000r}{subsection.3.3.2}% 85
\BOOKMARK [3][-]{subsubsection.3.3.2.49}{\376\377\0003\000.\0003\000.\0002\000.\0004\0009\000\040\000j\000s}{subsection.3.3.2}% 86
\BOOKMARK [3][-]{subsubsection.3.3.2.50}{\376\377\0003\000.\0003\000.\0002\000.\0005\0000\000\040\000j\000t}{subsection.3.3.2}% 87
\BOOKMARK [3][-]{subsubsection.3.3.2.51}{\376\377\0003\000.\0003\000.\0002\000.\0005\0001\000\040\000j\000v}{subsection.3.3.2}% 88
\BOOKMARK [3][-]{subsubsection.3.3.2.52}{\376\377\0003\000.\0003\000.\0002\000.\0005\0002\000\040\000k\0001}{subsection.3.3.2}% 89
\BOOKMARK [3][-]{subsubsection.3.3.2.53}{\376\377\0003\000.\0003\000.\0002\000.\0005\0003\000\040\000k\000c\000h\000n\000l}{subsection.3.3.2}% 90
\BOOKMARK [3][-]{subsubsection.3.3.2.54}{\376\377\0003\000.\0003\000.\0002\000.\0005\0004\000\040\000k\000h\000i\000d}{subsection.3.3.2}% 91
\BOOKMARK [3][-]{subsubsection.3.3.2.55}{\376\377\0003\000.\0003\000.\0002\000.\0005\0005\000\040\000k\000h\000s\000q}{subsection.3.3.2}% 92
\BOOKMARK [3][-]{subsubsection.3.3.2.56}{\376\377\0003\000.\0003\000.\0002\000.\0005\0006\000\040\000k\000m\000p}{subsection.3.3.2}% 93
\BOOKMARK [3][-]{subsubsection.3.3.2.57}{\376\377\0003\000.\0003\000.\0002\000.\0005\0007\000\040\000k\000m\000p\000m\000t}{subsection.3.3.2}% 94
\BOOKMARK [3][-]{subsubsection.3.3.2.58}{\376\377\0003\000.\0003\000.\0002\000.\0005\0008\000\040\000k\000n\000o\000r\000m}{subsection.3.3.2}% 95
\BOOKMARK [3][-]{subsubsection.3.3.2.59}{\376\377\0003\000.\0003\000.\0002\000.\0005\0009\000\040\000k\000n\000o\000r\000m\0002}{subsection.3.3.2}% 96
\BOOKMARK [3][-]{subsubsection.3.3.2.60}{\376\377\0003\000.\0003\000.\0002\000.\0006\0000\000\040\000k\000p\000c\000t}{subsection.3.3.2}% 97
\BOOKMARK [3][-]{subsubsection.3.3.2.61}{\376\377\0003\000.\0003\000.\0002\000.\0006\0001\000\040\000k\000p\000r\000t}{subsection.3.3.2}% 98
\BOOKMARK [3][-]{subsubsection.3.3.2.62}{\376\377\0003\000.\0003\000.\0002\000.\0006\0002\000\040\000k\000r\000g\000t\000x}{subsection.3.3.2}% 99
\BOOKMARK [3][-]{subsubsection.3.3.2.63}{\376\377\0003\000.\0003\000.\0002\000.\0006\0003\000\040\000k\000r\000x\000w}{subsection.3.3.2}% 100
\BOOKMARK [3][-]{subsubsection.3.3.2.64}{\376\377\0003\000.\0003\000.\0002\000.\0006\0004\000\040\000k\000t\000x}{subsection.3.3.2}% 101
\BOOKMARK [3][-]{subsubsection.3.3.2.65}{\376\377\0003\000.\0003\000.\0002\000.\0006\0005\000\040\000l\000b\000n\000d}{subsection.3.3.2}% 102
\BOOKMARK [3][-]{subsubsection.3.3.2.66}{\376\377\0003\000.\0003\000.\0002\000.\0006\0006\000\040\000l\000i\000n\000e}{subsection.3.3.2}% 103
\BOOKMARK [3][-]{subsubsection.3.3.2.67}{\376\377\0003\000.\0003\000.\0002\000.\0006\0007\000\040\000l\000i\000t\000h\000p}{subsection.3.3.2}% 104
\BOOKMARK [3][-]{subsubsection.3.3.2.68}{\376\377\0003\000.\0003\000.\0002\000.\0006\0008\000\040\000l\000n\000t\000r}{subsection.3.3.2}% 105
\BOOKMARK [3][-]{subsubsection.3.3.2.69}{\376\377\0003\000.\0003\000.\0002\000.\0006\0009\000\040\000l\000t\000x\000t}{subsection.3.3.2}% 106
\BOOKMARK [3][-]{subsubsection.3.3.2.70}{\376\377\0003\000.\0003\000.\0002\000.\0007\0000\000\040\000l\000y\000t\000h}{subsection.3.3.2}% 107
\BOOKMARK [3][-]{subsubsection.3.3.2.71}{\376\377\0003\000.\0003\000.\0002\000.\0007\0001\000\040\000m\000a\000x\000\137\000f\000r\000e\000q}{subsection.3.3.2}% 108
\BOOKMARK [3][-]{subsubsection.3.3.2.72}{\376\377\0003\000.\0003\000.\0002\000.\0007\0002\000\040\000m\000a\000x\000i\000t\000s}{subsection.3.3.2}% 109
\BOOKMARK [3][-]{subsubsection.3.3.2.73}{\376\377\0003\000.\0003\000.\0002\000.\0007\0003\000\040\000m\000c\000h\000n\000l}{subsection.3.3.2}% 110
\BOOKMARK [3][-]{subsubsection.3.3.2.74}{\376\377\0003\000.\0003\000.\0002\000.\0007\0004\000\040\000m\000c\000m\000p}{subsection.3.3.2}% 111
\BOOKMARK [3][-]{subsubsection.3.3.2.75}{\376\377\0003\000.\0003\000.\0002\000.\0007\0005\000\040\000m\000d\0001}{subsection.3.3.2}% 112
\BOOKMARK [3][-]{subsubsection.3.3.2.76}{\376\377\0003\000.\0003\000.\0002\000.\0007\0006\000\040\000m\000d\0002}{subsection.3.3.2}% 113
\BOOKMARK [3][-]{subsubsection.3.3.2.77}{\376\377\0003\000.\0003\000.\0002\000.\0007\0007\000\040\000m\000i\000n\000\137\000f\000r\000e\000q}{subsection.3.3.2}% 114
\BOOKMARK [3][-]{subsubsection.3.3.2.78}{\376\377\0003\000.\0003\000.\0002\000.\0007\0008\000\040\000m\000l\000i\000n\000e\000s}{subsection.3.3.2}% 115
\BOOKMARK [3][-]{subsubsection.3.3.2.79}{\376\377\0003\000.\0003\000.\0002\000.\0007\0009\000\040\000m\000p\000a\000r}{subsection.3.3.2}% 116
\BOOKMARK [3][-]{subsubsection.3.3.2.80}{\376\377\0003\000.\0003\000.\0002\000.\0008\0000\000\040\000m\000q\000v\000r}{subsection.3.3.2}% 117
\BOOKMARK [3][-]{subsubsection.3.3.2.81}{\376\377\0003\000.\0003\000.\0002\000.\0008\0001\000\040\000m\000r\000x\000l}{subsection.3.3.2}% 118
\BOOKMARK [3][-]{subsubsection.3.3.2.82}{\376\377\0003\000.\0003\000.\0002\000.\0008\0002\000\040\000m\000r\000x\000t\000x}{subsection.3.3.2}% 119
\BOOKMARK [3][-]{subsubsection.3.3.2.83}{\376\377\0003\000.\0003\000.\0002\000.\0008\0003\000\040\000m\000s\000g}{subsection.3.3.2}% 120
\BOOKMARK [3][-]{subsubsection.3.3.2.84}{\376\377\0003\000.\0003\000.\0002\000.\0008\0004\000\040\000m\000x\000a\000b}{subsection.3.3.2}% 121
\BOOKMARK [3][-]{subsubsection.3.3.2.85}{\376\377\0003\000.\0003\000.\0002\000.\0008\0005\000\040\000m\000x\000c\000l\0002}{subsection.3.3.2}% 122
\BOOKMARK [3][-]{subsubsection.3.3.2.86}{\376\377\0003\000.\0003\000.\0002\000.\0008\0006\000\040\000m\000x\000e\000r\000r}{subsection.3.3.2}% 123
\BOOKMARK [3][-]{subsubsection.3.3.2.87}{\376\377\0003\000.\0003\000.\0002\000.\0008\0007\000\040\000m\000x\000r\000h\000o}{subsection.3.3.2}% 124
\BOOKMARK [3][-]{subsubsection.3.3.2.88}{\376\377\0003\000.\0003\000.\0002\000.\0008\0008\000\040\000m\000x\000r\000s}{subsection.3.3.2}% 125
\BOOKMARK [3][-]{subsubsection.3.3.2.89}{\376\377\0003\000.\0003\000.\0002\000.\0008\0009\000\040\000m\000x\000t\000x}{subsection.3.3.2}% 126
\BOOKMARK [3][-]{subsubsection.3.3.2.90}{\376\377\0003\000.\0003\000.\0002\000.\0009\0000\000\040\000m\000x\000v\000r\000t\000x}{subsection.3.3.2}% 127
\BOOKMARK [3][-]{subsubsection.3.3.2.91}{\376\377\0003\000.\0003\000.\0002\000.\0009\0001\000\040\000n\000a\000b}{subsection.3.3.2}% 128
\BOOKMARK [3][-]{subsubsection.3.3.2.92}{\376\377\0003\000.\0003\000.\0002\000.\0009\0002\000\040\000n\000a\000b\0002}{subsection.3.3.2}% 129
\BOOKMARK [3][-]{subsubsection.3.3.2.93}{\376\377\0003\000.\0003\000.\0002\000.\0009\0003\000\040\000n\000a\000j}{subsection.3.3.2}% 130
\BOOKMARK [3][-]{subsubsection.3.3.2.94}{\376\377\0003\000.\0003\000.\0002\000.\0009\0004\000\040\000n\000b\000j}{subsection.3.3.2}% 131
\BOOKMARK [3][-]{subsubsection.3.3.2.95}{\376\377\0003\000.\0003\000.\0002\000.\0009\0005\000\040\000n\000c\000h\000n\000l}{subsection.3.3.2}% 132
\BOOKMARK [3][-]{subsubsection.3.3.2.96}{\376\377\0003\000.\0003\000.\0002\000.\0009\0006\000\040\000n\000c\000m\000p\000l}{subsection.3.3.2}% 133
\BOOKMARK [3][-]{subsubsection.3.3.2.97}{\376\377\0003\000.\0003\000.\0002\000.\0009\0007\000\040\000n\000c\000n\000t\000r\000d}{subsection.3.3.2}% 134
\BOOKMARK [3][-]{subsubsection.3.3.2.98}{\376\377\0003\000.\0003\000.\0002\000.\0009\0008\000\040\000n\000c\000t\000d}{subsection.3.3.2}% 135
\BOOKMARK [3][-]{subsubsection.3.3.2.99}{\376\377\0003\000.\0003\000.\0002\000.\0009\0009\000\040\000n\000d}{subsection.3.3.2}% 136
\BOOKMARK [3][-]{subsubsection.3.3.2.100}{\376\377\0003\000.\0003\000.\0002\000.\0001\0000\0000\000\040\000n\000d\000a\000t\000a}{subsection.3.3.2}% 137
\BOOKMARK [3][-]{subsubsection.3.3.2.101}{\376\377\0003\000.\0003\000.\0002\000.\0001\0000\0001\000\040\000n\000d\000s\000t\000p}{subsection.3.3.2}% 138
\BOOKMARK [3][-]{subsubsection.3.3.2.102}{\376\377\0003\000.\0003\000.\0002\000.\0001\0000\0002\000\040\000n\000f\000r\000q}{subsection.3.3.2}% 139
\BOOKMARK [3][-]{subsubsection.3.3.2.103}{\376\377\0003\000.\0003\000.\0002\000.\0001\0000\0003\000\040\000n\000f\000t}{subsection.3.3.2}% 140
\BOOKMARK [3][-]{subsubsection.3.3.2.104}{\376\377\0003\000.\0003\000.\0002\000.\0001\0000\0004\000\040\000n\000h\000i\000d}{subsection.3.3.2}% 141
\BOOKMARK [3][-]{subsubsection.3.3.2.105}{\376\377\0003\000.\0003\000.\0002\000.\0001\0000\0005\000\040\000n\000l\000g}{subsection.3.3.2}% 142
\BOOKMARK [3][-]{subsubsection.3.3.2.106}{\376\377\0003\000.\0003\000.\0002\000.\0001\0000\0006\000\040\000n\000l\000i\000n\000e\000s}{subsection.3.3.2}% 143
\BOOKMARK [3][-]{subsubsection.3.3.2.107}{\376\377\0003\000.\0003\000.\0002\000.\0001\0000\0007\000\040\000n\000l\000i\000t\000h}{subsection.3.3.2}% 144
\BOOKMARK [3][-]{subsubsection.3.3.2.108}{\376\377\0003\000.\0003\000.\0002\000.\0001\0000\0008\000\040\000n\000l\000y\000r}{subsection.3.3.2}% 145
\BOOKMARK [3][-]{subsubsection.3.3.2.109}{\376\377\0003\000.\0003\000.\0002\000.\0001\0000\0009\000\040\000n\000p}{subsection.3.3.2}% 146
\BOOKMARK [3][-]{subsubsection.3.3.2.110}{\376\377\0003\000.\0003\000.\0002\000.\0001\0001\0000\000\040\000n\000p\000a\000r}{subsection.3.3.2}% 147
\BOOKMARK [3][-]{subsubsection.3.3.2.111}{\376\377\0003\000.\0003\000.\0002\000.\0001\0001\0001\000\040\000n\000p\000l\000t}{subsection.3.3.2}% 148
\BOOKMARK [3][-]{subsubsection.3.3.2.112}{\376\377\0003\000.\0003\000.\0002\000.\0001\0001\0002\000\040\000n\000p\000p\000d}{subsection.3.3.2}% 149
\BOOKMARK [3][-]{subsubsection.3.3.2.113}{\376\377\0003\000.\0003\000.\0002\000.\0001\0001\0003\000\040\000n\000p\000r\000o\000p}{subsection.3.3.2}% 150
\BOOKMARK [3][-]{subsubsection.3.3.2.114}{\376\377\0003\000.\0003\000.\0002\000.\0001\0001\0004\000\040\000n\000p\000u\000l\000s}{subsection.3.3.2}% 151
\BOOKMARK [3][-]{subsubsection.3.3.2.115}{\376\377\0003\000.\0003\000.\0002\000.\0001\0001\0005\000\040\000n\000r}{subsection.3.3.2}% 152
\BOOKMARK [3][-]{subsubsection.3.3.2.116}{\376\377\0003\000.\0003\000.\0002\000.\0001\0001\0006\000\040\000n\000r\000g\000t\000x}{subsection.3.3.2}% 153
\BOOKMARK [3][-]{subsubsection.3.3.2.117}{\376\377\0003\000.\0003\000.\0002\000.\0001\0001\0007\000\040\000n\000r\000i}{subsection.3.3.2}% 154
\BOOKMARK [3][-]{subsubsection.3.3.2.118}{\376\377\0003\000.\0003\000.\0002\000.\0001\0001\0008\000\040\000n\000r\000m\000g\000t}{subsection.3.3.2}% 155
\BOOKMARK [3][-]{subsubsection.3.3.2.119}{\376\377\0003\000.\0003\000.\0002\000.\0001\0001\0009\000\040\000n\000r\000x}{subsection.3.3.2}% 156
\BOOKMARK [3][-]{subsubsection.3.3.2.120}{\376\377\0003\000.\0003\000.\0002\000.\0001\0002\0000\000\040\000n\000r\000x\000t\000x}{subsection.3.3.2}% 157
\BOOKMARK [3][-]{subsubsection.3.3.2.121}{\376\377\0003\000.\0003\000.\0002\000.\0001\0002\0001\000\040\000n\000s\000x}{subsection.3.3.2}% 158
\BOOKMARK [3][-]{subsubsection.3.3.2.122}{\376\377\0003\000.\0003\000.\0002\000.\0001\0002\0002\000\040\000n\000t\000x}{subsection.3.3.2}% 159
\BOOKMARK [3][-]{subsubsection.3.3.2.123}{\376\377\0003\000.\0003\000.\0002\000.\0001\0002\0003\000\040\000n\000t\000x\000l}{subsection.3.3.2}% 160
\BOOKMARK [3][-]{subsubsection.3.3.2.124}{\376\377\0003\000.\0003\000.\0002\000.\0001\0002\0004\000\040\000n\000t\000y\000p\000l\000s}{subsection.3.3.2}% 161
\BOOKMARK [3][-]{subsubsection.3.3.2.125}{\376\377\0003\000.\0003\000.\0002\000.\0001\0002\0005\000\040\000n\000t\000y\000r\000p}{subsection.3.3.2}% 162
\BOOKMARK [3][-]{subsubsection.3.3.2.126}{\376\377\0003\000.\0003\000.\0002\000.\0001\0002\0006\000\040\000n\000v\000r\000t\000x}{subsection.3.3.2}% 163
\BOOKMARK [3][-]{subsubsection.3.3.2.127}{\376\377\0003\000.\0003\000.\0002\000.\0001\0002\0007\000\040\000n\000w}{subsection.3.3.2}% 164
\BOOKMARK [3][-]{subsubsection.3.3.2.128}{\376\377\0003\000.\0003\000.\0002\000.\0001\0002\0008\000\040\000o\000f\000f\000t\000y\000m}{subsection.3.3.2}% 165
\BOOKMARK [3][-]{subsubsection.3.3.2.129}{\376\377\0003\000.\0003\000.\0002\000.\0001\0002\0009\000\040\000p\000a\000r\000p\000c\000t}{subsection.3.3.2}% 166
\BOOKMARK [3][-]{subsubsection.3.3.2.130}{\376\377\0003\000.\0003\000.\0002\000.\0001\0003\0000\000\040\000p\000c\000t\000c\000n\000v}{subsection.3.3.2}% 167
\BOOKMARK [3][-]{subsubsection.3.3.2.131}{\376\377\0003\000.\0003\000.\0002\000.\0001\0003\0001\000\040\000p\000i}{subsection.3.3.2}% 168
\BOOKMARK [3][-]{subsubsection.3.3.2.132}{\376\377\0003\000.\0003\000.\0002\000.\0001\0003\0002\000\040\000p\000i\0002}{subsection.3.3.2}% 169
\BOOKMARK [3][-]{subsubsection.3.3.2.133}{\376\377\0003\000.\0003\000.\0002\000.\0001\0003\0003\000\040\000p\000l\000a\000z\000m}{subsection.3.3.2}% 170
\BOOKMARK [3][-]{subsubsection.3.3.2.134}{\376\377\0003\000.\0003\000.\0002\000.\0001\0003\0004\000\040\000p\000l\000d\000i\000p}{subsection.3.3.2}% 171
\BOOKMARK [3][-]{subsubsection.3.3.2.135}{\376\377\0003\000.\0003\000.\0002\000.\0001\0003\0005\000\040\000p\000l\000g}{subsection.3.3.2}% 172
\BOOKMARK [3][-]{subsubsection.3.3.2.136}{\376\377\0003\000.\0003\000.\0002\000.\0001\0003\0006\000\040\000p\000l\000n\000g\000t\000h}{subsection.3.3.2}% 173
\BOOKMARK [3][-]{subsubsection.3.3.2.137}{\376\377\0003\000.\0003\000.\0002\000.\0001\0003\0007\000\040\000p\000l\000t\000o\000p}{subsection.3.3.2}% 174
\BOOKMARK [3][-]{subsubsection.3.3.2.138}{\376\377\0003\000.\0003\000.\0002\000.\0001\0003\0008\000\040\000p\000l\000u\000n\000j}{subsection.3.3.2}% 175
\BOOKMARK [3][-]{subsubsection.3.3.2.139}{\376\377\0003\000.\0003\000.\0002\000.\0001\0003\0009\000\040\000p\000l\000w\000d\000t\000h}{subsection.3.3.2}% 176
\BOOKMARK [3][-]{subsubsection.3.3.2.140}{\376\377\0003\000.\0003\000.\0002\000.\0001\0004\0000\000\040\000p\000l\000y\000r}{subsection.3.3.2}% 177
\BOOKMARK [3][-]{subsubsection.3.3.2.141}{\376\377\0003\000.\0003\000.\0002\000.\0001\0004\0001\000\040\000p\000r\000f\000l}{subsection.3.3.2}% 178
\BOOKMARK [3][-]{subsubsection.3.3.2.142}{\376\377\0003\000.\0003\000.\0002\000.\0001\0004\0002\000\040\000p\000r\000t\000s\000e\000c}{subsection.3.3.2}% 179
\BOOKMARK [3][-]{subsubsection.3.3.2.143}{\376\377\0003\000.\0003\000.\0002\000.\0001\0004\0003\000\040\000p\000u\000l\000s\000e}{subsection.3.3.2}% 180
\BOOKMARK [3][-]{subsubsection.3.3.2.144}{\376\377\0003\000.\0003\000.\0002\000.\0001\0004\0004\000\040\000q\000d}{subsection.3.3.2}% 181
\BOOKMARK [3][-]{subsubsection.3.3.2.145}{\376\377\0003\000.\0003\000.\0002\000.\0001\0004\0005\000\040\000q\000f\000r\000q\0001}{subsection.3.3.2}% 182
\BOOKMARK [3][-]{subsubsection.3.3.2.146}{\376\377\0003\000.\0003\000.\0002\000.\0001\0004\0006\000\040\000q\000f\000r\000q\0002}{subsection.3.3.2}% 183
\BOOKMARK [3][-]{subsubsection.3.3.2.147}{\376\377\0003\000.\0003\000.\0002\000.\0001\0004\0007\000\040\000q\000l}{subsection.3.3.2}% 184
\BOOKMARK [3][-]{subsubsection.3.3.2.148}{\376\377\0003\000.\0003\000.\0002\000.\0001\0004\0008\000\040\000r\0002\000d}{subsection.3.3.2}% 185
\BOOKMARK [3][-]{subsubsection.3.3.2.149}{\376\377\0003\000.\0003\000.\0002\000.\0001\0004\0009\000\040\000r\000d\000a\000t\000a}{subsection.3.3.2}% 186
\BOOKMARK [3][-]{subsubsection.3.3.2.150}{\376\377\0003\000.\0003\000.\0002\000.\0001\0005\0000\000\040\000r\000e\000f\000t\000y\000m}{subsection.3.3.2}% 187
\BOOKMARK [3][-]{subsubsection.3.3.2.151}{\376\377\0003\000.\0003\000.\0002\000.\0001\0005\0001\000\040\000r\000e\000p\000s}{subsection.3.3.2}% 188
\BOOKMARK [3][-]{subsubsection.3.3.2.152}{\376\377\0003\000.\0003\000.\0002\000.\0001\0005\0002\000\040\000r\000e\000s}{subsection.3.3.2}% 189
\BOOKMARK [3][-]{subsubsection.3.3.2.153}{\376\377\0003\000.\0003\000.\0002\000.\0001\0005\0003\000\040\000r\000h\000o\000t\000r\000p}{subsection.3.3.2}% 190
\BOOKMARK [3][-]{subsubsection.3.3.2.154}{\376\377\0003\000.\0003\000.\0002\000.\0001\0005\0004\000\040\000r\000m\000u}{subsection.3.3.2}% 191
\BOOKMARK [3][-]{subsubsection.3.3.2.155}{\376\377\0003\000.\0003\000.\0002\000.\0001\0005\0005\000\040\000r\000m\000u\000d}{subsection.3.3.2}% 192
\BOOKMARK [3][-]{subsubsection.3.3.2.156}{\376\377\0003\000.\0003\000.\0002\000.\0001\0005\0006\000\040\000r\000w\000t\000s}{subsection.3.3.2}% 193
\BOOKMARK [3][-]{subsubsection.3.3.2.157}{\376\377\0003\000.\0003\000.\0002\000.\0001\0005\0007\000\040\000r\000x\000\137\000t\000y\000p\000e}{subsection.3.3.2}% 194
\BOOKMARK [3][-]{subsubsection.3.3.2.158}{\376\377\0003\000.\0003\000.\0002\000.\0001\0005\0008\000\040\000r\000x\000a\000z\000m}{subsection.3.3.2}% 195
\BOOKMARK [3][-]{subsubsection.3.3.2.159}{\376\377\0003\000.\0003\000.\0002\000.\0001\0005\0009\000\040\000r\000x\000d\000i\000p}{subsection.3.3.2}% 196
\BOOKMARK [3][-]{subsubsection.3.3.2.160}{\376\377\0003\000.\0003\000.\0002\000.\0001\0006\0000\000\040\000r\000x\000e}{subsection.3.3.2}% 197
\BOOKMARK [3][-]{subsubsection.3.3.2.161}{\376\377\0003\000.\0003\000.\0002\000.\0001\0006\0001\000\040\000r\000x\000e\000d}{subsection.3.3.2}% 198
\BOOKMARK [3][-]{subsubsection.3.3.2.162}{\376\377\0003\000.\0003\000.\0002\000.\0001\0006\0002\000\040\000r\000x\000f\000m\000n\000t}{subsection.3.3.2}% 199
\BOOKMARK [3][-]{subsubsection.3.3.2.163}{\376\377\0003\000.\0003\000.\0002\000.\0001\0006\0003\000\040\000r\000x\000i\000d}{subsection.3.3.2}% 200
\BOOKMARK [3][-]{subsubsection.3.3.2.164}{\376\377\0003\000.\0003\000.\0002\000.\0001\0006\0004\000\040\000r\000x\000m\000n\000t}{subsection.3.3.2}% 201
\BOOKMARK [3][-]{subsubsection.3.3.2.165}{\376\377\0003\000.\0003\000.\0002\000.\0001\0006\0005\000\040\000r\000x\000n}{subsection.3.3.2}% 202
\BOOKMARK [3][-]{subsubsection.3.3.2.166}{\376\377\0003\000.\0003\000.\0002\000.\0001\0006\0006\000\040\000r\000x\000n\000d}{subsection.3.3.2}% 203
\BOOKMARK [3][-]{subsubsection.3.3.2.167}{\376\377\0003\000.\0003\000.\0002\000.\0001\0006\0007\000\040\000r\000x\000o\000f\000f}{subsection.3.3.2}% 204
\BOOKMARK [3][-]{subsubsection.3.3.2.168}{\376\377\0003\000.\0003\000.\0002\000.\0001\0006\0008\000\040\000r\000x\000o\000t\000x}{subsection.3.3.2}% 205
\BOOKMARK [3][-]{subsubsection.3.3.2.169}{\376\377\0003\000.\0003\000.\0002\000.\0001\0006\0009\000\040\000r\000x\000z}{subsection.3.3.2}% 206
\BOOKMARK [3][-]{subsubsection.3.3.2.170}{\376\377\0003\000.\0003\000.\0002\000.\0001\0007\0000\000\040\000s\000d\000e\0000}{subsection.3.3.2}% 207
\BOOKMARK [3][-]{subsubsection.3.3.2.171}{\376\377\0003\000.\0003\000.\0002\000.\0001\0007\0001\000\040\000s\000d\000n\0000}{subsection.3.3.2}% 208
\BOOKMARK [3][-]{subsubsection.3.3.2.172}{\376\377\0003\000.\0003\000.\0002\000.\0001\0007\0002\000\040\000s\000d\000z\0000}{subsection.3.3.2}% 209
\BOOKMARK [3][-]{subsubsection.3.3.2.173}{\376\377\0003\000.\0003\000.\0002\000.\0001\0007\0003\000\040\000s\000i\000g\000\137\000t}{subsection.3.3.2}% 210
\BOOKMARK [3][-]{subsubsection.3.3.2.174}{\376\377\0003\000.\0003\000.\0002\000.\0001\0007\0004\000\040\000s\000i\000n\000g\000l\000e}{subsection.3.3.2}% 211
\BOOKMARK [3][-]{subsubsection.3.3.2.175}{\376\377\0003\000.\0003\000.\0002\000.\0001\0007\0005\000\040\000s\000o\000u\000r\000c\000e\000\137\000t\000y\000p\000e}{subsection.3.3.2}% 212
\BOOKMARK [3][-]{subsubsection.3.3.2.176}{\376\377\0003\000.\0003\000.\0002\000.\0001\0007\0006\000\040\000s\000t\000e\000p}{subsection.3.3.2}% 213
\BOOKMARK [3][-]{subsubsection.3.3.2.177}{\376\377\0003\000.\0003\000.\0002\000.\0001\0007\0007\000\040\000s\000u\000r\000v\000e\000y\000\137\000t\000y\000p\000e}{subsection.3.3.2}% 214
\BOOKMARK [3][-]{subsubsection.3.3.2.178}{\376\377\0003\000.\0003\000.\0002\000.\0001\0007\0008\000\040\000s\000v\000\137\000a\000z\000m}{subsection.3.3.2}% 215
\BOOKMARK [3][-]{subsubsection.3.3.2.179}{\376\377\0003\000.\0003\000.\0002\000.\0001\0007\0009\000\040\000s\000v\000a\000z\000m}{subsection.3.3.2}% 216
\BOOKMARK [3][-]{subsubsection.3.3.2.180}{\376\377\0003\000.\0003\000.\0002\000.\0001\0008\0000\000\040\000s\000w\000x}{subsection.3.3.2}% 217
\BOOKMARK [3][-]{subsubsection.3.3.2.181}{\376\377\0003\000.\0003\000.\0002\000.\0001\0008\0001\000\040\000s\000w\000y}{subsection.3.3.2}% 218
\BOOKMARK [3][-]{subsubsection.3.3.2.182}{\376\377\0003\000.\0003\000.\0002\000.\0001\0008\0002\000\040\000s\000x\000a\000z\000m}{subsection.3.3.2}% 219
\BOOKMARK [3][-]{subsubsection.3.3.2.183}{\376\377\0003\000.\0003\000.\0002\000.\0001\0008\0003\000\040\000s\000x\000d\000i\000p}{subsection.3.3.2}% 220
\BOOKMARK [3][-]{subsubsection.3.3.2.184}{\376\377\0003\000.\0003\000.\0002\000.\0001\0008\0004\000\040\000s\000x\000e}{subsection.3.3.2}% 221
\BOOKMARK [3][-]{subsubsection.3.3.2.185}{\376\377\0003\000.\0003\000.\0002\000.\0001\0008\0005\000\040\000s\000x\000e\000d}{subsection.3.3.2}% 222
\BOOKMARK [3][-]{subsubsection.3.3.2.186}{\376\377\0003\000.\0003\000.\0002\000.\0001\0008\0006\000\040\000s\000x\000n}{subsection.3.3.2}% 223
\BOOKMARK [3][-]{subsubsection.3.3.2.187}{\376\377\0003\000.\0003\000.\0002\000.\0001\0008\0007\000\040\000s\000x\000n\000d}{subsection.3.3.2}% 224
\BOOKMARK [3][-]{subsubsection.3.3.2.188}{\376\377\0003\000.\0003\000.\0002\000.\0001\0008\0008\000\040\000s\000x\000z}{subsection.3.3.2}% 225
\BOOKMARK [3][-]{subsubsection.3.3.2.189}{\376\377\0003\000.\0003\000.\0002\000.\0001\0008\0009\000\040\000t\0000}{subsection.3.3.2}% 226
\BOOKMARK [3][-]{subsubsection.3.3.2.190}{\376\377\0003\000.\0003\000.\0002\000.\0001\0009\0000\000\040\000t\0000\000s\000x}{subsection.3.3.2}% 227
\BOOKMARK [3][-]{subsubsection.3.3.2.191}{\376\377\0003\000.\0003\000.\0002\000.\0001\0009\0001\000\040\000t\000c\000l\000s}{subsection.3.3.2}% 228
\BOOKMARK [3][-]{subsubsection.3.3.2.192}{\376\377\0003\000.\0003\000.\0002\000.\0001\0009\0002\000\040\000t\000d\000f\000d}{subsection.3.3.2}% 229
\BOOKMARK [3][-]{subsubsection.3.3.2.193}{\376\377\0003\000.\0003\000.\0002\000.\0001\0009\0003\000\040\000t\000h\000k}{subsection.3.3.2}% 230
\BOOKMARK [3][-]{subsubsection.3.3.2.194}{\376\377\0003\000.\0003\000.\0002\000.\0001\0009\0004\000\040\000t\000h\000k\000d}{subsection.3.3.2}% 231
\BOOKMARK [3][-]{subsubsection.3.3.2.195}{\376\377\0003\000.\0003\000.\0002\000.\0001\0009\0005\000\040\000t\000i\000t\000l\000e}{subsection.3.3.2}% 232
\BOOKMARK [3][-]{subsubsection.3.3.2.196}{\376\377\0003\000.\0003\000.\0002\000.\0001\0009\0006\000\040\000t\000m\000s}{subsection.3.3.2}% 233
\BOOKMARK [3][-]{subsubsection.3.3.2.197}{\376\377\0003\000.\0003\000.\0002\000.\0001\0009\0007\000\040\000t\000o\000p\000n}{subsection.3.3.2}% 234
\BOOKMARK [3][-]{subsubsection.3.3.2.198}{\376\377\0003\000.\0003\000.\0002\000.\0001\0009\0008\000\040\000t\000r\000p}{subsection.3.3.2}% 235
\BOOKMARK [3][-]{subsubsection.3.3.2.199}{\376\377\0003\000.\0003\000.\0002\000.\0001\0009\0009\000\040\000t\000v\000a\000l\000s}{subsection.3.3.2}% 236
\BOOKMARK [3][-]{subsubsection.3.3.2.200}{\376\377\0003\000.\0003\000.\0002\000.\0002\0000\0000\000\040\000t\000x\000a\000z\000m}{subsection.3.3.2}% 237
\BOOKMARK [3][-]{subsubsection.3.3.2.201}{\376\377\0003\000.\0003\000.\0002\000.\0002\0000\0001\000\040\000t\000x\000c\000l\000n}{subsection.3.3.2}% 238
\BOOKMARK [3][-]{subsubsection.3.3.2.202}{\376\377\0003\000.\0003\000.\0002\000.\0002\0000\0002\000\040\000t\000x\000f\000r\000e\000q}{subsection.3.3.2}% 239
\BOOKMARK [3][-]{subsubsection.3.3.2.203}{\376\377\0003\000.\0003\000.\0002\000.\0002\0000\0003\000\040\000t\000x\000l\000n\000g\000t\000h}{subsection.3.3.2}% 240
\BOOKMARK [3][-]{subsubsection.3.3.2.204}{\376\377\0003\000.\0003\000.\0002\000.\0002\0000\0004\000\040\000t\000x\000m\000n\000t}{subsection.3.3.2}% 241
\BOOKMARK [3][-]{subsubsection.3.3.2.205}{\376\377\0003\000.\0003\000.\0002\000.\0002\0000\0005\000\040\000t\000x\000o\000n}{subsection.3.3.2}% 242
\BOOKMARK [3][-]{subsubsection.3.3.2.206}{\376\377\0003\000.\0003\000.\0002\000.\0002\0000\0006\000\040\000t\000x\000w\000d\000t\000h}{subsection.3.3.2}% 243
\BOOKMARK [3][-]{subsubsection.3.3.2.207}{\376\377\0003\000.\0003\000.\0002\000.\0002\0000\0007\000\040\000t\000x\000z}{subsection.3.3.2}% 244
\BOOKMARK [3][-]{subsubsection.3.3.2.208}{\376\377\0003\000.\0003\000.\0002\000.\0002\0000\0008\000\040\000u\000b\000n\000d}{subsection.3.3.2}% 245
\BOOKMARK [3][-]{subsubsection.3.3.2.209}{\376\377\0003\000.\0003\000.\0002\000.\0002\0000\0009\000\040\000u\000n\000i\000t\000s}{subsection.3.3.2}% 246
\BOOKMARK [3][-]{subsubsection.3.3.2.210}{\376\377\0003\000.\0003\000.\0002\000.\0002\0001\0000\000\040\000w\000a\000v\000e\000f\000o\000r\000m}{subsection.3.3.2}% 247
\BOOKMARK [3][-]{subsubsection.3.3.2.211}{\376\377\0003\000.\0003\000.\0002\000.\0002\0001\0001\000\040\000w\000t\000m\000s}{subsection.3.3.2}% 248
\BOOKMARK [3][-]{subsubsection.3.3.2.212}{\376\377\0003\000.\0003\000.\0002\000.\0002\0001\0002\000\040\000x\000c\000e\000l\000l}{subsection.3.3.2}% 249
\BOOKMARK [3][-]{subsubsection.3.3.2.213}{\376\377\0003\000.\0003\000.\0002\000.\0002\0001\0003\000\040\000x\000c\000n\000t\000r}{subsection.3.3.2}% 250
\BOOKMARK [3][-]{subsubsection.3.3.2.214}{\376\377\0003\000.\0003\000.\0002\000.\0002\0001\0004\000\040\000x\000d\000a\000t\000a}{subsection.3.3.2}% 251
\BOOKMARK [3][-]{subsubsection.3.3.2.215}{\376\377\0003\000.\0003\000.\0002\000.\0002\0001\0005\000\040\000x\000m\000o\000d\000l}{subsection.3.3.2}% 252
\BOOKMARK [3][-]{subsubsection.3.3.2.216}{\376\377\0003\000.\0003\000.\0002\000.\0002\0001\0006\000\040\000x\000r\000x\000o\000f}{subsection.3.3.2}% 253
\BOOKMARK [3][-]{subsubsection.3.3.2.217}{\376\377\0003\000.\0003\000.\0002\000.\0002\0001\0007\000\040\000x\000r\000x\000t\000x}{subsection.3.3.2}% 254
\BOOKMARK [3][-]{subsubsection.3.3.2.218}{\376\377\0003\000.\0003\000.\0002\000.\0002\0001\0008\000\040\000y\000c\000e\000l\000l}{subsection.3.3.2}% 255
\BOOKMARK [3][-]{subsubsection.3.3.2.219}{\376\377\0003\000.\0003\000.\0002\000.\0002\0001\0009\000\040\000y\000c\000n\000t\000r}{subsection.3.3.2}% 256
\BOOKMARK [3][-]{subsubsection.3.3.2.220}{\376\377\0003\000.\0003\000.\0002\000.\0002\0002\0000\000\040\000y\000r\000x\000o\000f}{subsection.3.3.2}% 257
\BOOKMARK [3][-]{subsubsection.3.3.2.221}{\376\377\0003\000.\0003\000.\0002\000.\0002\0002\0001\000\040\000y\000r\000x\000t\000x}{subsection.3.3.2}% 258
\BOOKMARK [3][-]{subsubsection.3.3.2.222}{\376\377\0003\000.\0003\000.\0002\000.\0002\0002\0002\000\040\000y\000x\000z\000p\000l\000t}{subsection.3.3.2}% 259
\BOOKMARK [3][-]{subsubsection.3.3.2.223}{\376\377\0003\000.\0003\000.\0002\000.\0002\0002\0003\000\040\000z\000c\000e\000l\000l}{subsection.3.3.2}% 260
\BOOKMARK [3][-]{subsubsection.3.3.2.224}{\376\377\0003\000.\0003\000.\0002\000.\0002\0002\0004\000\040\000z\000m\000a\000x}{subsection.3.3.2}% 261
\BOOKMARK [3][-]{subsubsection.3.3.2.225}{\376\377\0003\000.\0003\000.\0002\000.\0002\0002\0005\000\040\000z\000m\000i\000n}{subsection.3.3.2}% 262
\BOOKMARK [3][-]{subsubsection.3.3.2.226}{\376\377\0003\000.\0003\000.\0002\000.\0002\0002\0006\000\040\000z\000r\000x\000o\000f}{subsection.3.3.2}% 263
\BOOKMARK [3][-]{subsubsection.3.3.2.227}{\376\377\0003\000.\0003\000.\0002\000.\0002\0002\0007\000\040\000z\000r\000x\000t\000x}{subsection.3.3.2}% 264
\BOOKMARK [1][-]{section.3.4}{\376\377\0003\000.\0004\000\040\000l\000g\000\137\000m\000e\000t\000a\000d\000a\000t\000a\000\040\000M\000o\000d\000u\000l\000e\000\040\000R\000e\000f\000e\000r\000e\000n\000c\000e}{chapter.3}% 265
\BOOKMARK [2][-]{subsection.3.4.1}{\376\377\0003\000.\0004\000.\0001\000\040\000V\000a\000r\000i\000a\000b\000l\000e\000\040\000D\000o\000c\000u\000m\000e\000n\000t\000a\000t\000i\000o\000n}{section.3.4}% 266
\BOOKMARK [3][-]{subsubsection.3.4.1.1}{\376\377\0003\000.\0004\000.\0001\000.\0001\000\040\000p\000a\000u\000t\0001}{subsection.3.4.1}% 267
\BOOKMARK [3][-]{subsubsection.3.4.1.2}{\376\377\0003\000.\0004\000.\0001\000.\0002\000\040\000p\000a\000u\000t\0002}{subsection.3.4.1}% 268
\BOOKMARK [3][-]{subsubsection.3.4.1.3}{\376\377\0003\000.\0004\000.\0001\000.\0003\000\040\000p\000d\000a\000t\000e}{subsection.3.4.1}% 269
\BOOKMARK [3][-]{subsubsection.3.4.1.4}{\376\377\0003\000.\0004\000.\0001\000.\0004\000\040\000p\000n\000a\000m\000e}{subsection.3.4.1}% 270
\BOOKMARK [3][-]{subsubsection.3.4.1.5}{\376\377\0003\000.\0004\000.\0001\000.\0005\000\040\000p\000p\000r\000o\000j}{subsection.3.4.1}% 271
\BOOKMARK [3][-]{subsubsection.3.4.1.6}{\376\377\0003\000.\0004\000.\0001\000.\0006\000\040\000p\000v\000e\000r\000s}{subsection.3.4.1}% 272
\BOOKMARK [0][-]{chapter.4}{\376\377\0004\000\040\000F\000i\000l\000e\000\040\000D\000o\000c\000u\000m\000e\000n\000t\000a\000t\000i\000o\000n}{}% 273
\BOOKMARK [1][-]{section.4.1}{\376\377\0004\000.\0001\000\040\000L\000e\000r\000o\000i\000.\000f\0009\0000\000\040\000F\000i\000l\000e\000\040\000R\000e\000f\000e\000r\000e\000n\000c\000e}{chapter.4}% 274
\BOOKMARK [2][-]{subsection.4.1.1}{\376\377\0004\000.\0001\000.\0001\000\040\000F\000u\000n\000c\000t\000i\000o\000n\000/\000S\000u\000b\000r\000o\000u\000t\000i\000n\000e\000\040\000D\000o\000c\000u\000m\000e\000n\000t\000a\000t\000i\000o\000n}{section.4.1}% 275
\BOOKMARK [3][-]{subsubsection.4.1.1.1}{\376\377\0004\000.\0001\000.\0001\000.\0001\000\040\000a\000a\000v\000p\0001\000\050\000\051}{subsection.4.1.1}% 276
\BOOKMARK [3][-]{subsubsection.4.1.1.2}{\376\377\0004\000.\0001\000.\0001\000.\0002\000\040\000a\000a\000v\000p\0002\000\050\000\051}{subsection.4.1.1}% 277
\BOOKMARK [3][-]{subsubsection.4.1.1.3}{\376\377\0004\000.\0001\000.\0001\000.\0003\000\040\000b\000\137\000d\000i\000r\000e\000c\000t\000\050\000\051}{subsection.4.1.1}% 278
\BOOKMARK [3][-]{subsubsection.4.1.1.4}{\376\377\0004\000.\0001\000.\0001\000.\0004\000\040\000c\0002\000d\000i\000n\000t\000r\000p\000\050\000\051}{subsection.4.1.1}% 279
\BOOKMARK [3][-]{subsubsection.4.1.1.5}{\376\377\0004\000.\0001\000.\0001\000.\0005\000\040\000c\000c\000u\000b\000v\000a\000l\000\050\000\051}{subsection.4.1.1}% 280
\BOOKMARK [3][-]{subsubsection.4.1.1.6}{\376\377\0004\000.\0001\000.\0001\000.\0006\000\040\000c\000d\000c\000u\000b\000v\000a\000l\000\050\000\051}{subsection.4.1.1}% 281
\BOOKMARK [3][-]{subsubsection.4.1.1.7}{\376\377\0004\000.\0001\000.\0001\000.\0007\000\040\000c\000n\000v\000r\000t\0002\000\137\000m\000p\000a\000r\000\050\000\051}{subsection.4.1.1}% 282
\BOOKMARK [3][-]{subsubsection.4.1.1.8}{\376\377\0004\000.\0001\000.\0001\000.\0008\000\040\000c\000n\000v\000r\000t\0002\000\137\000x\000p\000a\000r\000\050\000\051}{subsection.4.1.1}% 283
\BOOKMARK [3][-]{subsubsection.4.1.1.9}{\376\377\0004\000.\0001\000.\0001\000.\0009\000\040\000c\000n\000v\000r\000t\000\137\000b\000o\000u\000n\000d\000s\000\050\000\051}{subsection.4.1.1}% 284
\BOOKMARK [3][-]{subsubsection.4.1.1.10}{\376\377\0004\000.\0001\000.\0001\000.\0001\0000\000\040\000c\000o\000l\000r\000e\000s\000\137\0001\000d\000\050\000\051}{subsection.4.1.1}% 285
\BOOKMARK [3][-]{subsubsection.4.1.1.11}{\376\377\0004\000.\0001\000.\0001\000.\0001\0001\000\040\000c\000o\000l\000r\000e\000s\000\137\0003\000d\000\050\000\051}{subsection.4.1.1}% 286
\BOOKMARK [3][-]{subsubsection.4.1.1.12}{\376\377\0004\000.\0001\000.\0001\000.\0001\0002\000\040\000c\000o\000s\000t\000r\000n\000\050\000\051}{subsection.4.1.1}% 287
\BOOKMARK [3][-]{subsubsection.4.1.1.13}{\376\377\0004\000.\0001\000.\0001\000.\0001\0003\000\040\000c\000u\000b\000i\000n\000t\000\050\000\051}{subsection.4.1.1}% 288
\BOOKMARK [3][-]{subsubsection.4.1.1.14}{\376\377\0004\000.\0001\000.\0001\000.\0001\0004\000\040\000c\000u\000b\000s\000p\000l\000\050\000\051}{subsection.4.1.1}% 289
\BOOKMARK [3][-]{subsubsection.4.1.1.15}{\376\377\0004\000.\0001\000.\0001\000.\0001\0005\000\040\000c\000u\000b\000v\000a\000l\000\050\000\051}{subsection.4.1.1}% 290
\BOOKMARK [3][-]{subsubsection.4.1.1.16}{\376\377\0004\000.\0001\000.\0001\000.\0001\0006\000\040\000c\000u\000b\000v\000a\000l\000r\000z\000\050\000\051}{subsection.4.1.1}% 291
\BOOKMARK [3][-]{subsubsection.4.1.1.17}{\376\377\0004\000.\0001\000.\0001\000.\0001\0007\000\040\000d\000i\000s\000t\0002\000d\000\050\000\051}{subsection.4.1.1}% 292
\BOOKMARK [3][-]{subsubsection.4.1.1.18}{\376\377\0004\000.\0001\000.\0001\000.\0001\0008\000\040\000d\000p\000r\000o\000d\0001\000\050\000\051}{subsection.4.1.1}% 293
\BOOKMARK [3][-]{subsubsection.4.1.1.19}{\376\377\0004\000.\0001\000.\0001\000.\0001\0009\000\040\000d\000q\000d\000x\000\050\000\051}{subsection.4.1.1}% 294
\BOOKMARK [3][-]{subsubsection.4.1.1.20}{\376\377\0004\000.\0001\000.\0001\000.\0002\0000\000\040\000e\000d\000s\000x\000\137\000c\000o\000e\000f\000\050\000\051}{subsection.4.1.1}% 295
\BOOKMARK [3][-]{subsubsection.4.1.1.21}{\376\377\0004\000.\0001\000.\0001\000.\0002\0001\000\040\000e\000g\000t\000\137\000b\000o\000s\000s\000\050\000\051}{subsection.4.1.1}% 296
\BOOKMARK [3][-]{subsubsection.4.1.1.22}{\376\377\0004\000.\0001\000.\0001\000.\0002\0002\000\040\000e\000g\000t\000\137\000c\000s\000p\000l\000\050\000\051}{subsection.4.1.1}% 297
\BOOKMARK [3][-]{subsubsection.4.1.1.23}{\376\377\0004\000.\0001\000.\0001\000.\0002\0003\000\040\000e\000g\000t\000\137\000h\000n\000k\000\050\000\051}{subsection.4.1.1}% 298
\BOOKMARK [3][-]{subsubsection.4.1.1.24}{\376\377\0004\000.\0001\000.\0001\000.\0002\0004\000\040\000e\000g\000t\000\137\000k\000e\000r\000\050\000\051}{subsection.4.1.1}% 299
\BOOKMARK [3][-]{subsubsection.4.1.1.25}{\376\377\0004\000.\0001\000.\0001\000.\0002\0005\000\040\000e\000g\000t\000\137\000p\000l\000\137\000b\000o\000s\000s\000\050\000\051}{subsection.4.1.1}% 300
\BOOKMARK [3][-]{subsubsection.4.1.1.26}{\376\377\0004\000.\0001\000.\0001\000.\0002\0006\000\040\000e\000g\000t\000\137\000u\000l\000\137\000b\000o\000s\000s\000\050\000\051}{subsection.4.1.1}% 301
\BOOKMARK [3][-]{subsubsection.4.1.1.27}{\376\377\0004\000.\0001\000.\0001\000.\0002\0007\000\040\000e\000g\000t\000\137\000u\000l\000\137\000c\000s\000p\000l\000\050\000\051}{subsection.4.1.1}% 302
\BOOKMARK [3][-]{subsubsection.4.1.1.28}{\376\377\0004\000.\0001\000.\0001\000.\0002\0008\000\040\000e\000g\000t\000\137\000u\000l\000\137\000h\000n\000k\000\050\000\051}{subsection.4.1.1}% 303
\BOOKMARK [3][-]{subsubsection.4.1.1.29}{\376\377\0004\000.\0001\000.\0001\000.\0002\0009\000\040\000e\000g\000t\000\137\000u\000l\000\137\000k\000e\000r\000\050\000\051}{subsection.4.1.1}% 304
\BOOKMARK [3][-]{subsubsection.4.1.1.30}{\376\377\0004\000.\0001\000.\0001\000.\0003\0000\000\040\000e\000g\000t\000d\000i\000r\000\050\000\051}{subsection.4.1.1}% 305
\BOOKMARK [3][-]{subsubsection.4.1.1.31}{\376\377\0004\000.\0001\000.\0001\000.\0003\0001\000\040\000e\000g\000t\000r\000x\000\137\000b\000o\000s\000s\000\050\000\051}{subsection.4.1.1}% 306
\BOOKMARK [3][-]{subsubsection.4.1.1.32}{\376\377\0004\000.\0001\000.\0001\000.\0003\0002\000\040\000e\000g\000t\000r\000x\000\137\000b\000o\000s\000s\000\137\000u\000l\000\050\000\051}{subsection.4.1.1}% 307
\BOOKMARK [3][-]{subsubsection.4.1.1.33}{\376\377\0004\000.\0001\000.\0001\000.\0003\0003\000\040\000e\000g\000t\000r\000x\000\137\000c\000s\000p\000l\000\050\000\051}{subsection.4.1.1}% 308
\BOOKMARK [3][-]{subsubsection.4.1.1.34}{\376\377\0004\000.\0001\000.\0001\000.\0003\0004\000\040\000e\000g\000t\000r\000x\000\137\000d\000i\000r\000\050\000\051}{subsection.4.1.1}% 309
\BOOKMARK [3][-]{subsubsection.4.1.1.35}{\376\377\0004\000.\0001\000.\0001\000.\0003\0005\000\040\000e\000g\000t\000r\000x\000\137\000h\000n\000k\000\050\000\051}{subsection.4.1.1}% 310
\BOOKMARK [3][-]{subsubsection.4.1.1.36}{\376\377\0004\000.\0001\000.\0001\000.\0003\0006\000\040\000e\000g\000t\000r\000x\000\137\000k\000e\000r\000\050\000\051}{subsection.4.1.1}% 311
\BOOKMARK [3][-]{subsubsection.4.1.1.37}{\376\377\0004\000.\0001\000.\0001\000.\0003\0007\000\040\000e\000s\000v\000d\000\050\000\051}{subsection.4.1.1}% 312
\BOOKMARK [3][-]{subsubsection.4.1.1.38}{\376\377\0004\000.\0001\000.\0001\000.\0003\0008\000\040\000f\000d\000r\000e\000a\000d\000\050\000\051}{subsection.4.1.1}% 313
\BOOKMARK [3][-]{subsubsection.4.1.1.39}{\376\377\0004\000.\0001\000.\0001\000.\0003\0009\000\040\000f\000o\000l\000d\000\137\000a\000n\000d\000\137\000c\000o\000n\000v\000o\000l\000v\000e\000\050\000\051}{subsection.4.1.1}% 314
\BOOKMARK [3][-]{subsubsection.4.1.1.40}{\376\377\0004\000.\0001\000.\0001\000.\0004\0000\000\040\000f\000o\000r\000j\000a\000c\000\050\000\051}{subsection.4.1.1}% 315
\BOOKMARK [3][-]{subsubsection.4.1.1.41}{\376\377\0004\000.\0001\000.\0001\000.\0004\0001\000\040\000g\000e\000t\000\137\000f\000w\000d\000\137\000m\000o\000d\000l\000\050\000\051}{subsection.4.1.1}% 316
\BOOKMARK [3][-]{subsubsection.4.1.1.42}{\376\377\0004\000.\0001\000.\0001\000.\0004\0002\000\040\000g\000e\000t\000\137\000s\000o\000u\000r\000c\000e\000\137\000t\000e\000x\000t\000\050\000\051}{subsection.4.1.1}% 317
\BOOKMARK [3][-]{subsubsection.4.1.1.43}{\376\377\0004\000.\0001\000.\0001\000.\0004\0003\000\040\000g\000e\000t\000\137\000s\000u\000r\000v\000e\000y\000\137\000t\000e\000x\000t\000\050\000\051}{subsection.4.1.1}% 318
\BOOKMARK [3][-]{subsubsection.4.1.1.44}{\376\377\0004\000.\0001\000.\0001\000.\0004\0004\000\040\000g\000e\000t\000\137\000u\000n\000i\000t\000s\000\137\000t\000e\000x\000t\000\050\000\051}{subsection.4.1.1}% 319
\BOOKMARK [3][-]{subsubsection.4.1.1.45}{\376\377\0004\000.\0001\000.\0001\000.\0004\0005\000\040\000h\000s\000\137\000c\000d\000n\000t\000\050\000\051}{subsection.4.1.1}% 320
\BOOKMARK [3][-]{subsubsection.4.1.1.46}{\376\377\0004\000.\0001\000.\0001\000.\0004\0006\000\040\000h\000s\000\137\000c\000d\000n\000t\000\137\000s\000e\000t\000\137\000r\000x\000\050\000\051}{subsection.4.1.1}% 321
\BOOKMARK [3][-]{subsubsection.4.1.1.47}{\376\377\0004\000.\0001\000.\0001\000.\0004\0007\000\040\000h\000s\000b\000o\000s\000s\000\050\000\051}{subsection.4.1.1}% 322
\BOOKMARK [3][-]{subsubsection.4.1.1.48}{\376\377\0004\000.\0001\000.\0001\000.\0004\0008\000\040\000h\000s\000b\000o\000s\000s\000\137\000t\000d\000\050\000\051}{subsection.4.1.1}% 323
\BOOKMARK [3][-]{subsubsection.4.1.1.49}{\376\377\0004\000.\0001\000.\0001\000.\0004\0009\000\040\000h\000s\000c\000l\000b\000\137\000h\000n\000k\000\050\000\051}{subsection.4.1.1}% 324
\BOOKMARK [3][-]{subsubsection.4.1.1.50}{\376\377\0004\000.\0001\000.\0001\000.\0005\0000\000\040\000h\000s\000c\000l\000b\000\137\000k\000e\000r\000\050\000\051}{subsection.4.1.1}% 325
\BOOKMARK [3][-]{subsubsection.4.1.1.51}{\376\377\0004\000.\0001\000.\0001\000.\0005\0001\000\040\000h\000s\000g\000w\000b\000\137\000h\000n\000k\000\050\000\051}{subsection.4.1.1}% 326
\BOOKMARK [3][-]{subsubsection.4.1.1.52}{\376\377\0004\000.\0001\000.\0001\000.\0005\0002\000\040\000h\000s\000g\000w\000b\000\137\000k\000e\000r\000\050\000\051}{subsection.4.1.1}% 327
\BOOKMARK [3][-]{subsubsection.4.1.1.53}{\376\377\0004\000.\0001\000.\0001\000.\0005\0003\000\040\000h\000s\000l\000p\000b\000\050\000\051}{subsection.4.1.1}% 328
\BOOKMARK [3][-]{subsubsection.4.1.1.54}{\376\377\0004\000.\0001\000.\0001\000.\0005\0004\000\040\000h\000s\000l\000p\000e\000\050\000\051}{subsection.4.1.1}% 329
\BOOKMARK [3][-]{subsubsection.4.1.1.55}{\376\377\0004\000.\0001\000.\0001\000.\0005\0005\000\040\000h\000s\000l\000p\000e\000\137\000h\000n\000k\000\050\000\051}{subsection.4.1.1}% 330
\BOOKMARK [3][-]{subsubsection.4.1.1.56}{\376\377\0004\000.\0001\000.\0001\000.\0005\0006\000\040\000h\000s\000l\000p\000e\000\137\000k\000e\000r\000\050\000\051}{subsection.4.1.1}% 331
\BOOKMARK [3][-]{subsubsection.4.1.1.57}{\376\377\0004\000.\0001\000.\0001\000.\0005\0007\000\040\000h\000s\000l\000p\000e\000d\000\050\000\051}{subsection.4.1.1}% 332
\BOOKMARK [3][-]{subsubsection.4.1.1.58}{\376\377\0004\000.\0001\000.\0001\000.\0005\0008\000\040\000h\000s\000l\000p\000l\000p\000\137\000h\000n\000k\000\050\000\051}{subsection.4.1.1}% 333
\BOOKMARK [3][-]{subsubsection.4.1.1.59}{\376\377\0004\000.\0001\000.\0001\000.\0005\0009\000\040\000h\000s\000l\000p\000l\000p\000\137\000k\000e\000r\000\050\000\051}{subsection.4.1.1}% 334
\BOOKMARK [3][-]{subsubsection.4.1.1.60}{\376\377\0004\000.\0001\000.\0001\000.\0006\0000\000\040\000h\000s\000m\000d\000b\000\050\000\051}{subsection.4.1.1}% 335
\BOOKMARK [3][-]{subsubsection.4.1.1.61}{\376\377\0004\000.\0001\000.\0001\000.\0006\0001\000\040\000h\000s\000m\000d\000b\000\137\000h\000n\000k\000\050\000\051}{subsection.4.1.1}% 336
\BOOKMARK [3][-]{subsubsection.4.1.1.62}{\376\377\0004\000.\0001\000.\0001\000.\0006\0002\000\040\000h\000s\000m\000d\000b\000\137\000k\000e\000r\000\050\000\051}{subsection.4.1.1}% 337
\BOOKMARK [3][-]{subsubsection.4.1.1.63}{\376\377\0004\000.\0001\000.\0001\000.\0006\0003\000\040\000i\000n\000d\000e\000x\000\137\000m\000p\000a\000r\000\050\000\051}{subsection.4.1.1}% 338
\BOOKMARK [3][-]{subsubsection.4.1.1.64}{\376\377\0004\000.\0001\000.\0001\000.\0006\0004\000\040\000i\000n\000t\000e\000r\000\137\000e\000g\000t\000\137\000b\000o\000s\000s\000\050\000\051}{subsection.4.1.1}% 339
\BOOKMARK [3][-]{subsubsection.4.1.1.65}{\376\377\0004\000.\0001\000.\0001\000.\0006\0005\000\040\000i\000n\000t\000e\000r\000\137\000e\000g\000t\000\137\000b\000o\000s\000s\000\137\000u\000l\000\050\000\051}{subsection.4.1.1}% 340
\BOOKMARK [3][-]{subsubsection.4.1.1.66}{\376\377\0004\000.\0001\000.\0001\000.\0006\0006\000\040\000i\000n\000t\000e\000r\000\137\000e\000g\000t\000\137\000d\000i\000r\000\050\000\051}{subsection.4.1.1}% 341
\BOOKMARK [3][-]{subsubsection.4.1.1.67}{\376\377\0004\000.\0001\000.\0001\000.\0006\0007\000\040\000i\000n\000t\000e\000r\000v\000\050\000\051}{subsection.4.1.1}% 342
\BOOKMARK [3][-]{subsubsection.4.1.1.68}{\376\377\0004\000.\0001\000.\0001\000.\0006\0008\000\040\000i\000n\000t\000e\000r\000v\000\137\000z\000\050\000\051}{subsection.4.1.1}% 343
\BOOKMARK [3][-]{subsubsection.4.1.1.69}{\376\377\0004\000.\0001\000.\0001\000.\0006\0009\000\040\000l\000e\000r\000o\000i\000\137\0003\000d\000\050\000\051}{subsection.4.1.1}% 344
\BOOKMARK [3][-]{subsubsection.4.1.1.70}{\376\377\0004\000.\0001\000.\0001\000.\0007\0000\000\040\000l\000i\000n\000v\000a\000l\000\050\000\051}{subsection.4.1.1}% 345
\BOOKMARK [3][-]{subsubsection.4.1.1.71}{\376\377\0004\000.\0001\000.\0001\000.\0007\0001\000\040\000m\000a\000i\000n\000\050\000\051}{subsection.4.1.1}% 346
\BOOKMARK [3][-]{subsubsection.4.1.1.72}{\376\377\0004\000.\0001\000.\0001\000.\0007\0002\000\040\000m\000d\000s\000x\000\137\000c\000o\000e\000f\000\050\000\051}{subsection.4.1.1}% 347
\BOOKMARK [3][-]{subsubsection.4.1.1.73}{\376\377\0004\000.\0001\000.\0001\000.\0007\0003\000\040\000m\000g\000t\000\137\000b\000o\000s\000s\000\050\000\051}{subsection.4.1.1}% 348
\BOOKMARK [3][-]{subsubsection.4.1.1.74}{\376\377\0004\000.\0001\000.\0001\000.\0007\0004\000\040\000m\000g\000t\000\137\000b\000o\000s\000s\000\137\000u\000l\000\050\000\051}{subsection.4.1.1}% 349
\BOOKMARK [3][-]{subsubsection.4.1.1.75}{\376\377\0004\000.\0001\000.\0001\000.\0007\0005\000\040\000m\000g\000t\000\137\000c\000s\000p\000l\000\050\000\051}{subsection.4.1.1}% 350
\BOOKMARK [3][-]{subsubsection.4.1.1.76}{\376\377\0004\000.\0001\000.\0001\000.\0007\0006\000\040\000m\000g\000t\000\137\000h\000n\000k\000\050\000\051}{subsection.4.1.1}% 351
\BOOKMARK [3][-]{subsubsection.4.1.1.77}{\376\377\0004\000.\0001\000.\0001\000.\0007\0007\000\040\000m\000g\000t\000\137\000k\000e\000r\000\050\000\051}{subsection.4.1.1}% 352
\BOOKMARK [3][-]{subsubsection.4.1.1.78}{\376\377\0004\000.\0001\000.\0001\000.\0007\0008\000\040\000m\000g\000t\000d\000i\000r\000\050\000\051}{subsection.4.1.1}% 353
\BOOKMARK [3][-]{subsubsection.4.1.1.79}{\376\377\0004\000.\0001\000.\0001\000.\0007\0009\000\040\000n\000l\000s\000q\0002\000\050\000\051}{subsection.4.1.1}% 354
\BOOKMARK [3][-]{subsubsection.4.1.1.80}{\376\377\0004\000.\0001\000.\0001\000.\0008\0000\000\040\000n\000o\000i\000s\000e\000\137\0002\000\137\000s\000i\000g\000r\000\050\000\051}{subsection.4.1.1}% 355
\BOOKMARK [3][-]{subsubsection.4.1.1.81}{\376\377\0004\000.\0001\000.\0001\000.\0008\0001\000\040\000p\000r\000m\000\137\000b\000o\000s\000s\000\137\000l\000p\000\050\000\051}{subsection.4.1.1}% 356
\BOOKMARK [3][-]{subsubsection.4.1.1.82}{\376\377\0004\000.\0001\000.\0001\000.\0008\0002\000\040\000p\000r\000m\000\137\000b\000o\000s\000s\000\137\000m\000d\000\050\000\051}{subsection.4.1.1}% 357
\BOOKMARK [3][-]{subsubsection.4.1.1.83}{\376\377\0004\000.\0001\000.\0001\000.\0008\0003\000\040\000p\000r\000m\000\137\000b\000o\000s\000s\000\137\000u\000l\000\137\000l\000p\000\050\000\051}{subsection.4.1.1}% 358
\BOOKMARK [3][-]{subsubsection.4.1.1.84}{\376\377\0004\000.\0001\000.\0001\000.\0008\0004\000\040\000p\000r\000m\000\137\000b\000o\000s\000s\000\137\000u\000l\000\137\000m\000d\000\050\000\051}{subsection.4.1.1}% 359
\BOOKMARK [3][-]{subsubsection.4.1.1.85}{\376\377\0004\000.\0001\000.\0001\000.\0008\0005\000\040\000p\000r\000m\000\137\000h\000n\000k\0001\000\137\000c\000l\000\050\000\051}{subsection.4.1.1}% 360
\BOOKMARK [3][-]{subsubsection.4.1.1.86}{\376\377\0004\000.\0001\000.\0001\000.\0008\0006\000\040\000p\000r\000m\000\137\000h\000n\000k\0001\000\137\000m\000d\000\050\000\051}{subsection.4.1.1}% 361
\BOOKMARK [3][-]{subsubsection.4.1.1.87}{\376\377\0004\000.\0001\000.\0001\000.\0008\0007\000\040\000p\000r\000m\000\137\000h\000n\000k\0001\000\137\000o\000l\000\050\000\051}{subsection.4.1.1}% 362
\BOOKMARK [3][-]{subsubsection.4.1.1.88}{\376\377\0004\000.\0001\000.\0001\000.\0008\0008\000\040\000p\000r\000m\000\137\000h\000n\000k\000\137\000c\000l\000\050\000\051}{subsection.4.1.1}% 363
\BOOKMARK [3][-]{subsubsection.4.1.1.89}{\376\377\0004\000.\0001\000.\0001\000.\0008\0009\000\040\000p\000r\000m\000\137\000h\000n\000k\000\137\000m\000d\000\050\000\051}{subsection.4.1.1}% 364
\BOOKMARK [3][-]{subsubsection.4.1.1.90}{\376\377\0004\000.\0001\000.\0001\000.\0009\0000\000\040\000p\000r\000m\000\137\000h\000n\000k\000\137\000o\000l\000\050\000\051}{subsection.4.1.1}% 365
\BOOKMARK [3][-]{subsubsection.4.1.1.91}{\376\377\0004\000.\0001\000.\0001\000.\0009\0001\000\040\000p\000r\000m\000\137\000k\000e\000r\0001\000\137\000c\000l\000\050\000\051}{subsection.4.1.1}% 366
\BOOKMARK [3][-]{subsubsection.4.1.1.92}{\376\377\0004\000.\0001\000.\0001\000.\0009\0002\000\040\000p\000r\000m\000\137\000k\000e\000r\0001\000\137\000m\000d\000\050\000\051}{subsection.4.1.1}% 367
\BOOKMARK [3][-]{subsubsection.4.1.1.93}{\376\377\0004\000.\0001\000.\0001\000.\0009\0003\000\040\000p\000r\000m\000\137\000k\000e\000r\0001\000\137\000o\000l\000\050\000\051}{subsection.4.1.1}% 368
\BOOKMARK [3][-]{subsubsection.4.1.1.94}{\376\377\0004\000.\0001\000.\0001\000.\0009\0004\000\040\000p\000r\000m\000\137\000k\000e\000r\000\137\000c\000l\000\050\000\051}{subsection.4.1.1}% 369
\BOOKMARK [3][-]{subsubsection.4.1.1.95}{\376\377\0004\000.\0001\000.\0001\000.\0009\0005\000\040\000p\000r\000m\000\137\000k\000e\000r\000\137\000m\000d\000\050\000\051}{subsection.4.1.1}% 370
\BOOKMARK [3][-]{subsubsection.4.1.1.96}{\376\377\0004\000.\0001\000.\0001\000.\0009\0006\000\040\000p\000r\000m\000\137\000k\000e\000r\000\137\000o\000l\000\050\000\051}{subsection.4.1.1}% 371
\BOOKMARK [3][-]{subsubsection.4.1.1.97}{\376\377\0004\000.\0001\000.\0001\000.\0009\0007\000\040\000p\000r\000m\000d\000c\000\137\000l\000p\000\050\000\051}{subsection.4.1.1}% 372
\BOOKMARK [3][-]{subsubsection.4.1.1.98}{\376\377\0004\000.\0001\000.\0001\000.\0009\0008\000\040\000p\000r\000m\000d\000c\000\137\000m\000d\000\050\000\051}{subsection.4.1.1}% 373
\BOOKMARK [3][-]{subsubsection.4.1.1.99}{\376\377\0004\000.\0001\000.\0001\000.\0009\0009\000\040\000p\000r\000o\000p\000a\000g\000a\000t\000e\000\050\000\051}{subsection.4.1.1}% 374
\BOOKMARK [3][-]{subsubsection.4.1.1.100}{\376\377\0004\000.\0001\000.\0001\000.\0001\0000\0000\000\040\000q\000\050\000\051}{subsection.4.1.1}% 375
\BOOKMARK [3][-]{subsubsection.4.1.1.101}{\376\377\0004\000.\0001\000.\0001\000.\0001\0000\0001\000\040\000r\000\050\000\051}{subsection.4.1.1}% 376
\BOOKMARK [3][-]{subsubsection.4.1.1.102}{\376\377\0004\000.\0001\000.\0001\000.\0001\0000\0002\000\040\000r\000i\000n\000t\000\050\000\051}{subsection.4.1.1}% 377
\BOOKMARK [3][-]{subsubsection.4.1.1.103}{\376\377\0004\000.\0001\000.\0001\000.\0001\0000\0003\000\040\000r\000p\000l\000t\0002\000x\000y\000z\000\050\000\051}{subsection.4.1.1}% 378
\BOOKMARK [3][-]{subsubsection.4.1.1.104}{\376\377\0004\000.\0001\000.\0001\000.\0001\0000\0004\000\040\000r\000x\000y\000z\0002\000p\000l\000t\000\050\000\051}{subsection.4.1.1}% 379
\BOOKMARK [3][-]{subsubsection.4.1.1.105}{\376\377\0004\000.\0001\000.\0001\000.\0001\0000\0005\000\040\000s\000c\000a\000t\000\137\000c\000r\000n\000t\000\050\000\051}{subsection.4.1.1}% 380
\BOOKMARK [3][-]{subsubsection.4.1.1.106}{\376\377\0004\000.\0001\000.\0001\000.\0001\0000\0006\000\040\000s\000c\000a\000t\000\137\000e\000m\000\050\000\051}{subsection.4.1.1}% 381
\BOOKMARK [3][-]{subsubsection.4.1.1.107}{\376\377\0004\000.\0001\000.\0001\000.\0001\0000\0007\000\040\000s\000c\000a\000t\000\137\000m\000t\000r\000x\000\137\000b\000o\000s\000s\000\050\000\051}{subsection.4.1.1}% 382
\BOOKMARK [3][-]{subsubsection.4.1.1.108}{\376\377\0004\000.\0001\000.\0001\000.\0001\0000\0008\000\040\000s\000c\000a\000t\000\137\000m\000t\000r\000x\000\137\000l\000u\000\137\000d\000c\000m\000p\000\050\000\051}{subsection.4.1.1}% 383
\BOOKMARK [3][-]{subsubsection.4.1.1.109}{\376\377\0004\000.\0001\000.\0001\000.\0001\0000\0009\000\040\000s\000e\000t\000\137\000c\000e\000l\000l\000s\000\137\0001\000\050\000\051}{subsection.4.1.1}% 384
\BOOKMARK [3][-]{subsubsection.4.1.1.110}{\376\377\0004\000.\0001\000.\0001\000.\0001\0001\0000\000\040\000s\000e\000t\000\137\000c\000e\000l\000l\000s\000\137\0002\000\050\000\051}{subsection.4.1.1}% 385
\BOOKMARK [3][-]{subsubsection.4.1.1.111}{\376\377\0004\000.\0001\000.\0001\000.\0001\0001\0001\000\040\000s\000e\000t\000\137\000k\000f\000g\000\050\000\051}{subsection.4.1.1}% 386
\BOOKMARK [3][-]{subsubsection.4.1.1.112}{\376\377\0004\000.\0001\000.\0001\000.\0001\0001\0002\000\040\000s\000e\000t\000\137\000m\000a\000x\000\137\000i\000n\000t\000r\000p\000\050\000\051}{subsection.4.1.1}% 387
\BOOKMARK [3][-]{subsubsection.4.1.1.113}{\376\377\0004\000.\0001\000.\0001\000.\0001\0001\0003\000\040\000s\000e\000t\000\137\000m\000g\000t\000\050\000\051}{subsection.4.1.1}% 388
\BOOKMARK [3][-]{subsubsection.4.1.1.114}{\376\377\0004\000.\0001\000.\0001\000.\0001\0001\0004\000\040\000s\000e\000t\000\137\000n\000r\000h\000s\000\050\000\051}{subsection.4.1.1}% 389
\BOOKMARK [3][-]{subsubsection.4.1.1.115}{\376\377\0004\000.\0001\000.\0001\000.\0001\0001\0005\000\040\000s\000e\000t\000\137\000o\000u\000t\000p\000u\000t\000\137\000l\000i\000n\000e\000s\000\137\000f\000d\000\050\000\051}{subsection.4.1.1}% 390
\BOOKMARK [3][-]{subsubsection.4.1.1.116}{\376\377\0004\000.\0001\000.\0001\000.\0001\0001\0006\000\040\000s\000e\000t\000\137\000o\000u\000t\000p\000u\000t\000\137\000l\000i\000n\000e\000s\000\137\000t\000d\000\050\000\051}{subsection.4.1.1}% 391
\BOOKMARK [3][-]{subsubsection.4.1.1.117}{\376\377\0004\000.\0001\000.\0001\000.\0001\0001\0007\000\040\000s\000e\000t\000\137\000r\000x\000\137\000s\000u\000b\000n\000e\000t\000\050\000\051}{subsection.4.1.1}% 392
\BOOKMARK [3][-]{subsubsection.4.1.1.118}{\376\377\0004\000.\0001\000.\0001\000.\0001\0001\0008\000\040\000s\000e\000t\000\137\000r\000x\000\137\000s\000u\000b\000n\000e\000t\000\137\000c\000l\000\050\000\051}{subsection.4.1.1}% 393
\BOOKMARK [3][-]{subsubsection.4.1.1.119}{\376\377\0004\000.\0001\000.\0001\000.\0001\0001\0009\000\040\000s\000e\000t\000\137\000r\000x\000\137\000s\000u\000b\000n\000e\000t\000\137\000q\000u\000a\000d\000\050\000\051}{subsection.4.1.1}% 394
\BOOKMARK [3][-]{subsubsection.4.1.1.120}{\376\377\0004\000.\0001\000.\0001\000.\0001\0002\0000\000\040\000s\000e\000t\000\137\000s\000u\000r\000v\000e\000y\000\137\0001\000\050\000\051}{subsection.4.1.1}% 395
\BOOKMARK [3][-]{subsubsection.4.1.1.121}{\376\377\0004\000.\0001\000.\0001\000.\0001\0002\0001\000\040\000s\000e\000t\000\137\000s\000u\000r\000v\000e\000y\000\137\0002\000\050\000\051}{subsection.4.1.1}% 396
\BOOKMARK [3][-]{subsubsection.4.1.1.122}{\376\377\0004\000.\0001\000.\0001\000.\0001\0002\0002\000\040\000s\000e\000t\000\137\000s\000u\000r\000v\000e\000y\000\137\0004\000\050\000\051}{subsection.4.1.1}% 397
\BOOKMARK [3][-]{subsubsection.4.1.1.123}{\376\377\0004\000.\0001\000.\0001\000.\0001\0002\0003\000\040\000s\000e\000t\000\137\000s\000u\000r\000v\000e\000y\000\137\0005\000\050\000\051}{subsection.4.1.1}% 398
\BOOKMARK [3][-]{subsubsection.4.1.1.124}{\376\377\0004\000.\0001\000.\0001\000.\0001\0002\0004\000\040\000s\000e\000t\000\137\000s\000w\000y\000t\000d\000\050\000\051}{subsection.4.1.1}% 399
\BOOKMARK [3][-]{subsubsection.4.1.1.125}{\376\377\0004\000.\0001\000.\0001\000.\0001\0002\0005\000\040\000s\000e\000t\000\137\000t\000i\000m\000e\000\137\000o\000r\000d\000e\000r\000\050\000\051}{subsection.4.1.1}% 400
\BOOKMARK [3][-]{subsubsection.4.1.1.126}{\376\377\0004\000.\0001\000.\0001\000.\0001\0002\0006\000\040\000s\000e\000t\000\137\000t\000m\000s\000r\000\050\000\051}{subsection.4.1.1}% 401
\BOOKMARK [3][-]{subsubsection.4.1.1.127}{\376\377\0004\000.\0001\000.\0001\000.\0001\0002\0007\000\040\000s\000e\000t\000\137\000v\000e\000r\000t\000e\000x\000\137\000o\000r\000d\000e\000r\000\050\000\051}{subsection.4.1.1}% 402
\BOOKMARK [3][-]{subsubsection.4.1.1.128}{\376\377\0004\000.\0001\000.\0001\000.\0001\0002\0008\000\040\000s\000e\000t\000\137\000z\000\050\000\051}{subsection.4.1.1}% 403
\BOOKMARK [3][-]{subsubsection.4.1.1.129}{\376\377\0004\000.\0001\000.\0001\000.\0001\0002\0009\000\040\000s\000o\000l\000v\000e\0002\000\050\000\051}{subsection.4.1.1}% 404
\BOOKMARK [3][-]{subsubsection.4.1.1.130}{\376\377\0004\000.\0001\000.\0001\000.\0001\0003\0000\000\040\000t\000d\000e\000m\000\137\0003\000d\000\050\000\051}{subsection.4.1.1}% 405
\BOOKMARK [3][-]{subsubsection.4.1.1.131}{\376\377\0004\000.\0001\000.\0001\000.\0001\0003\0001\000\040\000t\000x\000c\000m\000r\000g\000\050\000\051}{subsection.4.1.1}% 406
\BOOKMARK [3][-]{subsubsection.4.1.1.132}{\376\377\0004\000.\0001\000.\0001\000.\0001\0003\0002\000\040\000t\000x\000c\000n\000v\000d\000\050\000\051}{subsection.4.1.1}% 407
\BOOKMARK [3][-]{subsubsection.4.1.1.133}{\376\377\0004\000.\0001\000.\0001\000.\0001\0003\0003\000\040\000t\000x\000c\000n\000v\000l\000\050\000\051}{subsection.4.1.1}% 408
\BOOKMARK [3][-]{subsubsection.4.1.1.134}{\376\377\0004\000.\0001\000.\0001\000.\0001\0003\0004\000\040\000v\000a\000l\000i\000d\000a\000t\000e\000\137\000c\000m\000p\000\050\000\051}{subsection.4.1.1}% 409
\BOOKMARK [3][-]{subsubsection.4.1.1.135}{\376\377\0004\000.\0001\000.\0001\000.\0001\0003\0005\000\040\000v\000a\000l\000i\000d\000a\000t\000e\000\137\000k\000m\000p\000\050\000\051}{subsection.4.1.1}% 410
\BOOKMARK [3][-]{subsubsection.4.1.1.136}{\376\377\0004\000.\0001\000.\0001\000.\0001\0003\0006\000\040\000v\000a\000l\000i\000d\000a\000t\000e\000\137\000l\000i\000n\000e\000\050\000\051}{subsection.4.1.1}% 411
\BOOKMARK [3][-]{subsubsection.4.1.1.137}{\376\377\0004\000.\0001\000.\0001\000.\0001\0003\0007\000\040\000w\000r\000f\000d\000p\000\050\000\051}{subsection.4.1.1}% 412
\BOOKMARK [3][-]{subsubsection.4.1.1.138}{\376\377\0004\000.\0001\000.\0001\000.\0001\0003\0008\000\040\000w\000r\000i\000t\000e\000\137\000d\000a\000t\000a\000\050\000\051}{subsection.4.1.1}% 413
\BOOKMARK [3][-]{subsubsection.4.1.1.139}{\376\377\0004\000.\0001\000.\0001\000.\0001\0003\0009\000\040\000w\000r\000i\000t\000e\000\137\000f\000d\000\050\000\051}{subsection.4.1.1}% 414
\BOOKMARK [3][-]{subsubsection.4.1.1.140}{\376\377\0004\000.\0001\000.\0001\000.\0001\0004\0000\000\040\000w\000r\000i\000t\000e\000\137\000f\000d\000\137\000m\000i\000s\000f\000i\000t\000\050\000\051}{subsection.4.1.1}% 415
\BOOKMARK [3][-]{subsubsection.4.1.1.141}{\376\377\0004\000.\0001\000.\0001\000.\0001\0004\0001\000\040\000w\000r\000i\000t\000e\000\137\000i\000n\000v\000m\000d\000l\000\050\000\051}{subsection.4.1.1}% 416
\BOOKMARK [3][-]{subsubsection.4.1.1.142}{\376\377\0004\000.\0001\000.\0001\000.\0001\0004\0002\000\040\000w\000r\000i\000t\000e\000\137\000l\000o\000g\000\137\000f\000i\000l\000e\000\050\000\051}{subsection.4.1.1}% 417
\BOOKMARK [3][-]{subsubsection.4.1.1.143}{\376\377\0004\000.\0001\000.\0001\000.\0001\0004\0003\000\040\000w\000r\000i\000t\000e\000\137\000t\000d\000\050\000\051}{subsection.4.1.1}% 418
\BOOKMARK [3][-]{subsubsection.4.1.1.144}{\376\377\0004\000.\0001\000.\0001\000.\0001\0004\0004\000\040\000w\000r\000i\000t\000e\000\137\000t\000d\000\137\000m\000i\000s\000f\000i\000t\000\050\000\051}{subsection.4.1.1}% 419
\BOOKMARK [3][-]{subsubsection.4.1.1.145}{\376\377\0004\000.\0001\000.\0001\000.\0001\0004\0005\000\040\000w\000r\000t\000d\000p\000\050\000\051}{subsection.4.1.1}% 420
\BOOKMARK [1][-]{section.4.2}{\376\377\0004\000.\0002\000\040\000L\000e\000r\000o\000i\000\137\000c\000.\000f\0009\0000\000\040\000F\000i\000l\000e\000\040\000R\000e\000f\000e\000r\000e\000n\000c\000e}{chapter.4}% 421
\BOOKMARK [2][-]{subsection.4.2.1}{\376\377\0004\000.\0002\000.\0001\000\040\000F\000u\000n\000c\000t\000i\000o\000n\000/\000S\000u\000b\000r\000o\000u\000t\000i\000n\000e\000\040\000D\000o\000c\000u\000m\000e\000n\000t\000a\000t\000i\000o\000n}{section.4.2}% 422
\BOOKMARK [3][-]{subsubsection.4.2.1.1}{\376\377\0004\000.\0002\000.\0001\000.\0001\000\040\000a\000a\000v\000p\0001\000\050\000\051}{subsection.4.2.1}% 423
\BOOKMARK [3][-]{subsubsection.4.2.1.2}{\376\377\0004\000.\0002\000.\0001\000.\0002\000\040\000a\000a\000v\000p\0002\000\050\000\051}{subsection.4.2.1}% 424
\BOOKMARK [3][-]{subsubsection.4.2.1.3}{\376\377\0004\000.\0002\000.\0001\000.\0003\000\040\000b\000\137\000d\000i\000r\000e\000c\000t\000\050\000\051}{subsection.4.2.1}% 425
\BOOKMARK [3][-]{subsubsection.4.2.1.4}{\376\377\0004\000.\0002\000.\0001\000.\0004\000\040\000c\0002\000d\000i\000n\000t\000r\000p\000\050\000\051}{subsection.4.2.1}% 426
\BOOKMARK [3][-]{subsubsection.4.2.1.5}{\376\377\0004\000.\0002\000.\0001\000.\0005\000\040\000c\000c\000u\000b\000v\000a\000l\000\050\000\051}{subsection.4.2.1}% 427
\BOOKMARK [3][-]{subsubsection.4.2.1.6}{\376\377\0004\000.\0002\000.\0001\000.\0006\000\040\000c\000d\000c\000u\000b\000v\000a\000l\000\050\000\051}{subsection.4.2.1}% 428
\BOOKMARK [3][-]{subsubsection.4.2.1.7}{\376\377\0004\000.\0002\000.\0001\000.\0007\000\040\000c\000n\000v\000r\000t\0002\000\137\000m\000p\000a\000r\000\050\000\051}{subsection.4.2.1}% 429
\BOOKMARK [3][-]{subsubsection.4.2.1.8}{\376\377\0004\000.\0002\000.\0001\000.\0008\000\040\000c\000n\000v\000r\000t\0002\000\137\000x\000p\000a\000r\000\050\000\051}{subsection.4.2.1}% 430
\BOOKMARK [3][-]{subsubsection.4.2.1.9}{\376\377\0004\000.\0002\000.\0001\000.\0009\000\040\000c\000n\000v\000r\000t\000\137\000b\000o\000u\000n\000d\000s\000\050\000\051}{subsection.4.2.1}% 431
\BOOKMARK [3][-]{subsubsection.4.2.1.10}{\376\377\0004\000.\0002\000.\0001\000.\0001\0000\000\040\000c\000o\000l\000r\000e\000s\000\137\0001\000d\000\050\000\051}{subsection.4.2.1}% 432
\BOOKMARK [3][-]{subsubsection.4.2.1.11}{\376\377\0004\000.\0002\000.\0001\000.\0001\0001\000\040\000c\000o\000l\000r\000e\000s\000\137\0003\000d\000\050\000\051}{subsection.4.2.1}% 433
\BOOKMARK [3][-]{subsubsection.4.2.1.12}{\376\377\0004\000.\0002\000.\0001\000.\0001\0002\000\040\000c\000o\000s\000t\000r\000n\000\050\000\051}{subsection.4.2.1}% 434
\BOOKMARK [3][-]{subsubsection.4.2.1.13}{\376\377\0004\000.\0002\000.\0001\000.\0001\0003\000\040\000c\000u\000b\000i\000n\000t\000\050\000\051}{subsection.4.2.1}% 435
\BOOKMARK [3][-]{subsubsection.4.2.1.14}{\376\377\0004\000.\0002\000.\0001\000.\0001\0004\000\040\000c\000u\000b\000s\000p\000l\000\050\000\051}{subsection.4.2.1}% 436
\BOOKMARK [3][-]{subsubsection.4.2.1.15}{\376\377\0004\000.\0002\000.\0001\000.\0001\0005\000\040\000c\000u\000b\000v\000a\000l\000\050\000\051}{subsection.4.2.1}% 437
\BOOKMARK [3][-]{subsubsection.4.2.1.16}{\376\377\0004\000.\0002\000.\0001\000.\0001\0006\000\040\000c\000u\000b\000v\000a\000l\000r\000z\000\050\000\051}{subsection.4.2.1}% 438
\BOOKMARK [3][-]{subsubsection.4.2.1.17}{\376\377\0004\000.\0002\000.\0001\000.\0001\0007\000\040\000d\000i\000s\000t\0002\000d\000\050\000\051}{subsection.4.2.1}% 439
\BOOKMARK [3][-]{subsubsection.4.2.1.18}{\376\377\0004\000.\0002\000.\0001\000.\0001\0008\000\040\000d\000p\000r\000o\000d\0001\000\050\000\051}{subsection.4.2.1}% 440
\BOOKMARK [3][-]{subsubsection.4.2.1.19}{\376\377\0004\000.\0002\000.\0001\000.\0001\0009\000\040\000d\000q\000d\000x\000\050\000\051}{subsection.4.2.1}% 441
\BOOKMARK [3][-]{subsubsection.4.2.1.20}{\376\377\0004\000.\0002\000.\0001\000.\0002\0000\000\040\000e\000d\000s\000x\000\137\000c\000o\000e\000f\000\050\000\051}{subsection.4.2.1}% 442
\BOOKMARK [3][-]{subsubsection.4.2.1.21}{\376\377\0004\000.\0002\000.\0001\000.\0002\0001\000\040\000e\000g\000t\000\137\000b\000o\000s\000s\000\050\000\051}{subsection.4.2.1}% 443
\BOOKMARK [3][-]{subsubsection.4.2.1.22}{\376\377\0004\000.\0002\000.\0001\000.\0002\0002\000\040\000e\000g\000t\000\137\000c\000s\000p\000l\000\050\000\051}{subsection.4.2.1}% 444
\BOOKMARK [3][-]{subsubsection.4.2.1.23}{\376\377\0004\000.\0002\000.\0001\000.\0002\0003\000\040\000e\000g\000t\000\137\000h\000n\000k\000\050\000\051}{subsection.4.2.1}% 445
\BOOKMARK [3][-]{subsubsection.4.2.1.24}{\376\377\0004\000.\0002\000.\0001\000.\0002\0004\000\040\000e\000g\000t\000\137\000k\000e\000r\000\050\000\051}{subsection.4.2.1}% 446
\BOOKMARK [3][-]{subsubsection.4.2.1.25}{\376\377\0004\000.\0002\000.\0001\000.\0002\0005\000\040\000e\000g\000t\000\137\000p\000l\000\137\000b\000o\000s\000s\000\050\000\051}{subsection.4.2.1}% 447
\BOOKMARK [3][-]{subsubsection.4.2.1.26}{\376\377\0004\000.\0002\000.\0001\000.\0002\0006\000\040\000e\000g\000t\000\137\000u\000l\000\137\000b\000o\000s\000s\000\050\000\051}{subsection.4.2.1}% 448
\BOOKMARK [3][-]{subsubsection.4.2.1.27}{\376\377\0004\000.\0002\000.\0001\000.\0002\0007\000\040\000e\000g\000t\000\137\000u\000l\000\137\000c\000s\000p\000l\000\050\000\051}{subsection.4.2.1}% 449
\BOOKMARK [3][-]{subsubsection.4.2.1.28}{\376\377\0004\000.\0002\000.\0001\000.\0002\0008\000\040\000e\000g\000t\000\137\000u\000l\000\137\000h\000n\000k\000\050\000\051}{subsection.4.2.1}% 450
\BOOKMARK [3][-]{subsubsection.4.2.1.29}{\376\377\0004\000.\0002\000.\0001\000.\0002\0009\000\040\000e\000g\000t\000\137\000u\000l\000\137\000k\000e\000r\000\050\000\051}{subsection.4.2.1}% 451
\BOOKMARK [3][-]{subsubsection.4.2.1.30}{\376\377\0004\000.\0002\000.\0001\000.\0003\0000\000\040\000e\000g\000t\000d\000i\000r\000\050\000\051}{subsection.4.2.1}% 452
\BOOKMARK [3][-]{subsubsection.4.2.1.31}{\376\377\0004\000.\0002\000.\0001\000.\0003\0001\000\040\000e\000g\000t\000r\000x\000\137\000b\000o\000s\000s\000\050\000\051}{subsection.4.2.1}% 453
\BOOKMARK [3][-]{subsubsection.4.2.1.32}{\376\377\0004\000.\0002\000.\0001\000.\0003\0002\000\040\000e\000g\000t\000r\000x\000\137\000b\000o\000s\000s\000\137\000u\000l\000\050\000\051}{subsection.4.2.1}% 454
\BOOKMARK [3][-]{subsubsection.4.2.1.33}{\376\377\0004\000.\0002\000.\0001\000.\0003\0003\000\040\000e\000g\000t\000r\000x\000\137\000c\000s\000p\000l\000\050\000\051}{subsection.4.2.1}% 455
\BOOKMARK [3][-]{subsubsection.4.2.1.34}{\376\377\0004\000.\0002\000.\0001\000.\0003\0004\000\040\000e\000g\000t\000r\000x\000\137\000d\000i\000r\000\050\000\051}{subsection.4.2.1}% 456
\BOOKMARK [3][-]{subsubsection.4.2.1.35}{\376\377\0004\000.\0002\000.\0001\000.\0003\0005\000\040\000e\000g\000t\000r\000x\000\137\000h\000n\000k\000\050\000\051}{subsection.4.2.1}% 457
\BOOKMARK [3][-]{subsubsection.4.2.1.36}{\376\377\0004\000.\0002\000.\0001\000.\0003\0006\000\040\000e\000g\000t\000r\000x\000\137\000k\000e\000r\000\050\000\051}{subsection.4.2.1}% 458
\BOOKMARK [3][-]{subsubsection.4.2.1.37}{\376\377\0004\000.\0002\000.\0001\000.\0003\0007\000\040\000e\000s\000v\000d\000\050\000\051}{subsection.4.2.1}% 459
\BOOKMARK [3][-]{subsubsection.4.2.1.38}{\376\377\0004\000.\0002\000.\0001\000.\0003\0008\000\040\000f\000d\000r\000e\000a\000d\000\050\000\051}{subsection.4.2.1}% 460
\BOOKMARK [3][-]{subsubsection.4.2.1.39}{\376\377\0004\000.\0002\000.\0001\000.\0003\0009\000\040\000f\000o\000l\000d\000\137\000a\000n\000d\000\137\000c\000o\000n\000v\000o\000l\000v\000e\000\050\000\051}{subsection.4.2.1}% 461
\BOOKMARK [3][-]{subsubsection.4.2.1.40}{\376\377\0004\000.\0002\000.\0001\000.\0004\0000\000\040\000f\000o\000r\000j\000a\000c\000\050\000\051}{subsection.4.2.1}% 462
\BOOKMARK [3][-]{subsubsection.4.2.1.41}{\376\377\0004\000.\0002\000.\0001\000.\0004\0001\000\040\000g\000e\000t\000\137\000f\000w\000d\000\137\000m\000o\000d\000l\000\050\000\051}{subsection.4.2.1}% 463
\BOOKMARK [3][-]{subsubsection.4.2.1.42}{\376\377\0004\000.\0002\000.\0001\000.\0004\0002\000\040\000g\000e\000t\000\137\000s\000o\000u\000r\000c\000e\000\137\000t\000e\000x\000t\000\050\000\051}{subsection.4.2.1}% 464
\BOOKMARK [3][-]{subsubsection.4.2.1.43}{\376\377\0004\000.\0002\000.\0001\000.\0004\0003\000\040\000g\000e\000t\000\137\000s\000u\000r\000v\000e\000y\000\137\000t\000e\000x\000t\000\050\000\051}{subsection.4.2.1}% 465
\BOOKMARK [3][-]{subsubsection.4.2.1.44}{\376\377\0004\000.\0002\000.\0001\000.\0004\0004\000\040\000g\000e\000t\000\137\000u\000n\000i\000t\000s\000\137\000t\000e\000x\000t\000\050\000\051}{subsection.4.2.1}% 466
\BOOKMARK [3][-]{subsubsection.4.2.1.45}{\376\377\0004\000.\0002\000.\0001\000.\0004\0005\000\040\000h\000s\000\137\000c\000d\000n\000t\000\050\000\051}{subsection.4.2.1}% 467
\BOOKMARK [3][-]{subsubsection.4.2.1.46}{\376\377\0004\000.\0002\000.\0001\000.\0004\0006\000\040\000h\000s\000\137\000c\000d\000n\000t\000\137\000s\000e\000t\000\137\000r\000x\000\050\000\051}{subsection.4.2.1}% 468
\BOOKMARK [3][-]{subsubsection.4.2.1.47}{\376\377\0004\000.\0002\000.\0001\000.\0004\0007\000\040\000h\000s\000b\000o\000s\000s\000\050\000\051}{subsection.4.2.1}% 469
\BOOKMARK [3][-]{subsubsection.4.2.1.48}{\376\377\0004\000.\0002\000.\0001\000.\0004\0008\000\040\000h\000s\000b\000o\000s\000s\000\137\000t\000d\000\050\000\051}{subsection.4.2.1}% 470
\BOOKMARK [3][-]{subsubsection.4.2.1.49}{\376\377\0004\000.\0002\000.\0001\000.\0004\0009\000\040\000h\000s\000c\000l\000b\000\137\000h\000n\000k\000\050\000\051}{subsection.4.2.1}% 471
\BOOKMARK [3][-]{subsubsection.4.2.1.50}{\376\377\0004\000.\0002\000.\0001\000.\0005\0000\000\040\000h\000s\000c\000l\000b\000\137\000k\000e\000r\000\050\000\051}{subsection.4.2.1}% 472
\BOOKMARK [3][-]{subsubsection.4.2.1.51}{\376\377\0004\000.\0002\000.\0001\000.\0005\0001\000\040\000h\000s\000g\000w\000b\000\137\000h\000n\000k\000\050\000\051}{subsection.4.2.1}% 473
\BOOKMARK [3][-]{subsubsection.4.2.1.52}{\376\377\0004\000.\0002\000.\0001\000.\0005\0002\000\040\000h\000s\000g\000w\000b\000\137\000k\000e\000r\000\050\000\051}{subsection.4.2.1}% 474
\BOOKMARK [3][-]{subsubsection.4.2.1.53}{\376\377\0004\000.\0002\000.\0001\000.\0005\0003\000\040\000h\000s\000l\000p\000b\000\050\000\051}{subsection.4.2.1}% 475
\BOOKMARK [3][-]{subsubsection.4.2.1.54}{\376\377\0004\000.\0002\000.\0001\000.\0005\0004\000\040\000h\000s\000l\000p\000e\000\050\000\051}{subsection.4.2.1}% 476
\BOOKMARK [3][-]{subsubsection.4.2.1.55}{\376\377\0004\000.\0002\000.\0001\000.\0005\0005\000\040\000h\000s\000l\000p\000e\000\137\000h\000n\000k\000\050\000\051}{subsection.4.2.1}% 477
\BOOKMARK [3][-]{subsubsection.4.2.1.56}{\376\377\0004\000.\0002\000.\0001\000.\0005\0006\000\040\000h\000s\000l\000p\000e\000\137\000k\000e\000r\000\050\000\051}{subsection.4.2.1}% 478
\BOOKMARK [3][-]{subsubsection.4.2.1.57}{\376\377\0004\000.\0002\000.\0001\000.\0005\0007\000\040\000h\000s\000l\000p\000e\000d\000\050\000\051}{subsection.4.2.1}% 479
\BOOKMARK [3][-]{subsubsection.4.2.1.58}{\376\377\0004\000.\0002\000.\0001\000.\0005\0008\000\040\000h\000s\000l\000p\000l\000p\000\137\000h\000n\000k\000\050\000\051}{subsection.4.2.1}% 480
\BOOKMARK [3][-]{subsubsection.4.2.1.59}{\376\377\0004\000.\0002\000.\0001\000.\0005\0009\000\040\000h\000s\000l\000p\000l\000p\000\137\000k\000e\000r\000\050\000\051}{subsection.4.2.1}% 481
\BOOKMARK [3][-]{subsubsection.4.2.1.60}{\376\377\0004\000.\0002\000.\0001\000.\0006\0000\000\040\000h\000s\000m\000d\000b\000\050\000\051}{subsection.4.2.1}% 482
\BOOKMARK [3][-]{subsubsection.4.2.1.61}{\376\377\0004\000.\0002\000.\0001\000.\0006\0001\000\040\000h\000s\000m\000d\000b\000\137\000h\000n\000k\000\050\000\051}{subsection.4.2.1}% 483
\BOOKMARK [3][-]{subsubsection.4.2.1.62}{\376\377\0004\000.\0002\000.\0001\000.\0006\0002\000\040\000h\000s\000m\000d\000b\000\137\000k\000e\000r\000\050\000\051}{subsection.4.2.1}% 484
\BOOKMARK [3][-]{subsubsection.4.2.1.63}{\376\377\0004\000.\0002\000.\0001\000.\0006\0003\000\040\000i\000n\000d\000e\000x\000\137\000m\000p\000a\000r\000\050\000\051}{subsection.4.2.1}% 485
\BOOKMARK [3][-]{subsubsection.4.2.1.64}{\376\377\0004\000.\0002\000.\0001\000.\0006\0004\000\040\000i\000n\000t\000e\000r\000\137\000e\000g\000t\000\137\000b\000o\000s\000s\000\050\000\051}{subsection.4.2.1}% 486
\BOOKMARK [3][-]{subsubsection.4.2.1.65}{\376\377\0004\000.\0002\000.\0001\000.\0006\0005\000\040\000i\000n\000t\000e\000r\000\137\000e\000g\000t\000\137\000b\000o\000s\000s\000\137\000u\000l\000\050\000\051}{subsection.4.2.1}% 487
\BOOKMARK [3][-]{subsubsection.4.2.1.66}{\376\377\0004\000.\0002\000.\0001\000.\0006\0006\000\040\000i\000n\000t\000e\000r\000\137\000e\000g\000t\000\137\000d\000i\000r\000\050\000\051}{subsection.4.2.1}% 488
\BOOKMARK [3][-]{subsubsection.4.2.1.67}{\376\377\0004\000.\0002\000.\0001\000.\0006\0007\000\040\000i\000n\000t\000e\000r\000v\000\050\000\051}{subsection.4.2.1}% 489
\BOOKMARK [3][-]{subsubsection.4.2.1.68}{\376\377\0004\000.\0002\000.\0001\000.\0006\0008\000\040\000i\000n\000t\000e\000r\000v\000\137\000z\000\050\000\051}{subsection.4.2.1}% 490
\BOOKMARK [3][-]{subsubsection.4.2.1.69}{\376\377\0004\000.\0002\000.\0001\000.\0006\0009\000\040\000l\000e\000r\000o\000i\000\137\0003\000d\000\050\000\051}{subsection.4.2.1}% 491
\BOOKMARK [3][-]{subsubsection.4.2.1.70}{\376\377\0004\000.\0002\000.\0001\000.\0007\0000\000\040\000l\000i\000n\000v\000a\000l\000\050\000\051}{subsection.4.2.1}% 492
\BOOKMARK [3][-]{subsubsection.4.2.1.71}{\376\377\0004\000.\0002\000.\0001\000.\0007\0001\000\040\000m\000a\000i\000n\000\050\000\051}{subsection.4.2.1}% 493
\BOOKMARK [3][-]{subsubsection.4.2.1.72}{\376\377\0004\000.\0002\000.\0001\000.\0007\0002\000\040\000m\000d\000s\000x\000\137\000c\000o\000e\000f\000\050\000\051}{subsection.4.2.1}% 494
\BOOKMARK [3][-]{subsubsection.4.2.1.73}{\376\377\0004\000.\0002\000.\0001\000.\0007\0003\000\040\000m\000g\000t\000\137\000b\000o\000s\000s\000\050\000\051}{subsection.4.2.1}% 495
\BOOKMARK [3][-]{subsubsection.4.2.1.74}{\376\377\0004\000.\0002\000.\0001\000.\0007\0004\000\040\000m\000g\000t\000\137\000b\000o\000s\000s\000\137\000u\000l\000\050\000\051}{subsection.4.2.1}% 496
\BOOKMARK [3][-]{subsubsection.4.2.1.75}{\376\377\0004\000.\0002\000.\0001\000.\0007\0005\000\040\000m\000g\000t\000\137\000c\000s\000p\000l\000\050\000\051}{subsection.4.2.1}% 497
\BOOKMARK [3][-]{subsubsection.4.2.1.76}{\376\377\0004\000.\0002\000.\0001\000.\0007\0006\000\040\000m\000g\000t\000\137\000h\000n\000k\000\050\000\051}{subsection.4.2.1}% 498
\BOOKMARK [3][-]{subsubsection.4.2.1.77}{\376\377\0004\000.\0002\000.\0001\000.\0007\0007\000\040\000m\000g\000t\000\137\000k\000e\000r\000\050\000\051}{subsection.4.2.1}% 499
\BOOKMARK [3][-]{subsubsection.4.2.1.78}{\376\377\0004\000.\0002\000.\0001\000.\0007\0008\000\040\000m\000g\000t\000d\000i\000r\000\050\000\051}{subsection.4.2.1}% 500
\BOOKMARK [3][-]{subsubsection.4.2.1.79}{\376\377\0004\000.\0002\000.\0001\000.\0007\0009\000\040\000n\000l\000s\000q\0002\000\050\000\051}{subsection.4.2.1}% 501
\BOOKMARK [3][-]{subsubsection.4.2.1.80}{\376\377\0004\000.\0002\000.\0001\000.\0008\0000\000\040\000n\000o\000i\000s\000e\000\137\0002\000\137\000s\000i\000g\000r\000\050\000\051}{subsection.4.2.1}% 502
\BOOKMARK [3][-]{subsubsection.4.2.1.81}{\376\377\0004\000.\0002\000.\0001\000.\0008\0001\000\040\000p\000r\000m\000\137\000b\000o\000s\000s\000\137\000l\000p\000\050\000\051}{subsection.4.2.1}% 503
\BOOKMARK [3][-]{subsubsection.4.2.1.82}{\376\377\0004\000.\0002\000.\0001\000.\0008\0002\000\040\000p\000r\000m\000\137\000b\000o\000s\000s\000\137\000m\000d\000\050\000\051}{subsection.4.2.1}% 504
\BOOKMARK [3][-]{subsubsection.4.2.1.83}{\376\377\0004\000.\0002\000.\0001\000.\0008\0003\000\040\000p\000r\000m\000\137\000b\000o\000s\000s\000\137\000u\000l\000\137\000l\000p\000\050\000\051}{subsection.4.2.1}% 505
\BOOKMARK [3][-]{subsubsection.4.2.1.84}{\376\377\0004\000.\0002\000.\0001\000.\0008\0004\000\040\000p\000r\000m\000\137\000b\000o\000s\000s\000\137\000u\000l\000\137\000m\000d\000\050\000\051}{subsection.4.2.1}% 506
\BOOKMARK [3][-]{subsubsection.4.2.1.85}{\376\377\0004\000.\0002\000.\0001\000.\0008\0005\000\040\000p\000r\000m\000\137\000h\000n\000k\0001\000\137\000c\000l\000\050\000\051}{subsection.4.2.1}% 507
\BOOKMARK [3][-]{subsubsection.4.2.1.86}{\376\377\0004\000.\0002\000.\0001\000.\0008\0006\000\040\000p\000r\000m\000\137\000h\000n\000k\0001\000\137\000m\000d\000\050\000\051}{subsection.4.2.1}% 508
\BOOKMARK [3][-]{subsubsection.4.2.1.87}{\376\377\0004\000.\0002\000.\0001\000.\0008\0007\000\040\000p\000r\000m\000\137\000h\000n\000k\0001\000\137\000o\000l\000\050\000\051}{subsection.4.2.1}% 509
\BOOKMARK [3][-]{subsubsection.4.2.1.88}{\376\377\0004\000.\0002\000.\0001\000.\0008\0008\000\040\000p\000r\000m\000\137\000h\000n\000k\000\137\000c\000l\000\050\000\051}{subsection.4.2.1}% 510
\BOOKMARK [3][-]{subsubsection.4.2.1.89}{\376\377\0004\000.\0002\000.\0001\000.\0008\0009\000\040\000p\000r\000m\000\137\000h\000n\000k\000\137\000m\000d\000\050\000\051}{subsection.4.2.1}% 511
\BOOKMARK [3][-]{subsubsection.4.2.1.90}{\376\377\0004\000.\0002\000.\0001\000.\0009\0000\000\040\000p\000r\000m\000\137\000h\000n\000k\000\137\000o\000l\000\050\000\051}{subsection.4.2.1}% 512
\BOOKMARK [3][-]{subsubsection.4.2.1.91}{\376\377\0004\000.\0002\000.\0001\000.\0009\0001\000\040\000p\000r\000m\000\137\000k\000e\000r\0001\000\137\000c\000l\000\050\000\051}{subsection.4.2.1}% 513
\BOOKMARK [3][-]{subsubsection.4.2.1.92}{\376\377\0004\000.\0002\000.\0001\000.\0009\0002\000\040\000p\000r\000m\000\137\000k\000e\000r\0001\000\137\000m\000d\000\050\000\051}{subsection.4.2.1}% 514
\BOOKMARK [3][-]{subsubsection.4.2.1.93}{\376\377\0004\000.\0002\000.\0001\000.\0009\0003\000\040\000p\000r\000m\000\137\000k\000e\000r\0001\000\137\000o\000l\000\050\000\051}{subsection.4.2.1}% 515
\BOOKMARK [3][-]{subsubsection.4.2.1.94}{\376\377\0004\000.\0002\000.\0001\000.\0009\0004\000\040\000p\000r\000m\000\137\000k\000e\000r\000\137\000c\000l\000\050\000\051}{subsection.4.2.1}% 516
\BOOKMARK [3][-]{subsubsection.4.2.1.95}{\376\377\0004\000.\0002\000.\0001\000.\0009\0005\000\040\000p\000r\000m\000\137\000k\000e\000r\000\137\000m\000d\000\050\000\051}{subsection.4.2.1}% 517
\BOOKMARK [3][-]{subsubsection.4.2.1.96}{\376\377\0004\000.\0002\000.\0001\000.\0009\0006\000\040\000p\000r\000m\000\137\000k\000e\000r\000\137\000o\000l\000\050\000\051}{subsection.4.2.1}% 518
\BOOKMARK [3][-]{subsubsection.4.2.1.97}{\376\377\0004\000.\0002\000.\0001\000.\0009\0007\000\040\000p\000r\000m\000d\000c\000\137\000l\000p\000\050\000\051}{subsection.4.2.1}% 519
\BOOKMARK [3][-]{subsubsection.4.2.1.98}{\376\377\0004\000.\0002\000.\0001\000.\0009\0008\000\040\000p\000r\000m\000d\000c\000\137\000m\000d\000\050\000\051}{subsection.4.2.1}% 520
\BOOKMARK [3][-]{subsubsection.4.2.1.99}{\376\377\0004\000.\0002\000.\0001\000.\0009\0009\000\040\000p\000r\000o\000p\000a\000g\000a\000t\000e\000\050\000\051}{subsection.4.2.1}% 521
\BOOKMARK [3][-]{subsubsection.4.2.1.100}{\376\377\0004\000.\0002\000.\0001\000.\0001\0000\0000\000\040\000q\000\050\000\051}{subsection.4.2.1}% 522
\BOOKMARK [3][-]{subsubsection.4.2.1.101}{\376\377\0004\000.\0002\000.\0001\000.\0001\0000\0001\000\040\000r\000\050\000\051}{subsection.4.2.1}% 523
\BOOKMARK [3][-]{subsubsection.4.2.1.102}{\376\377\0004\000.\0002\000.\0001\000.\0001\0000\0002\000\040\000r\000i\000n\000t\000\050\000\051}{subsection.4.2.1}% 524
\BOOKMARK [3][-]{subsubsection.4.2.1.103}{\376\377\0004\000.\0002\000.\0001\000.\0001\0000\0003\000\040\000r\000p\000l\000t\0002\000x\000y\000z\000\050\000\051}{subsection.4.2.1}% 525
\BOOKMARK [3][-]{subsubsection.4.2.1.104}{\376\377\0004\000.\0002\000.\0001\000.\0001\0000\0004\000\040\000r\000x\000y\000z\0002\000p\000l\000t\000\050\000\051}{subsection.4.2.1}% 526
\BOOKMARK [3][-]{subsubsection.4.2.1.105}{\376\377\0004\000.\0002\000.\0001\000.\0001\0000\0005\000\040\000s\000c\000a\000t\000\137\000c\000r\000n\000t\000\050\000\051}{subsection.4.2.1}% 527
\BOOKMARK [3][-]{subsubsection.4.2.1.106}{\376\377\0004\000.\0002\000.\0001\000.\0001\0000\0006\000\040\000s\000c\000a\000t\000\137\000e\000m\000\050\000\051}{subsection.4.2.1}% 528
\BOOKMARK [3][-]{subsubsection.4.2.1.107}{\376\377\0004\000.\0002\000.\0001\000.\0001\0000\0007\000\040\000s\000c\000a\000t\000\137\000m\000t\000r\000x\000\137\000b\000o\000s\000s\000\050\000\051}{subsection.4.2.1}% 529
\BOOKMARK [3][-]{subsubsection.4.2.1.108}{\376\377\0004\000.\0002\000.\0001\000.\0001\0000\0008\000\040\000s\000c\000a\000t\000\137\000m\000t\000r\000x\000\137\000l\000u\000\137\000d\000c\000m\000p\000\050\000\051}{subsection.4.2.1}% 530
\BOOKMARK [3][-]{subsubsection.4.2.1.109}{\376\377\0004\000.\0002\000.\0001\000.\0001\0000\0009\000\040\000s\000e\000t\000\137\000c\000e\000l\000l\000s\000\137\0001\000\050\000\051}{subsection.4.2.1}% 531
\BOOKMARK [3][-]{subsubsection.4.2.1.110}{\376\377\0004\000.\0002\000.\0001\000.\0001\0001\0000\000\040\000s\000e\000t\000\137\000c\000e\000l\000l\000s\000\137\0002\000\050\000\051}{subsection.4.2.1}% 532
\BOOKMARK [3][-]{subsubsection.4.2.1.111}{\376\377\0004\000.\0002\000.\0001\000.\0001\0001\0001\000\040\000s\000e\000t\000\137\000k\000f\000g\000\050\000\051}{subsection.4.2.1}% 533
\BOOKMARK [3][-]{subsubsection.4.2.1.112}{\376\377\0004\000.\0002\000.\0001\000.\0001\0001\0002\000\040\000s\000e\000t\000\137\000m\000a\000x\000\137\000i\000n\000t\000r\000p\000\050\000\051}{subsection.4.2.1}% 534
\BOOKMARK [3][-]{subsubsection.4.2.1.113}{\376\377\0004\000.\0002\000.\0001\000.\0001\0001\0003\000\040\000s\000e\000t\000\137\000m\000g\000t\000\050\000\051}{subsection.4.2.1}% 535
\BOOKMARK [3][-]{subsubsection.4.2.1.114}{\376\377\0004\000.\0002\000.\0001\000.\0001\0001\0004\000\040\000s\000e\000t\000\137\000n\000r\000h\000s\000\050\000\051}{subsection.4.2.1}% 536
\BOOKMARK [3][-]{subsubsection.4.2.1.115}{\376\377\0004\000.\0002\000.\0001\000.\0001\0001\0005\000\040\000s\000e\000t\000\137\000o\000u\000t\000p\000u\000t\000\137\000l\000i\000n\000e\000s\000\137\000f\000d\000\050\000\051}{subsection.4.2.1}% 537
\BOOKMARK [3][-]{subsubsection.4.2.1.116}{\376\377\0004\000.\0002\000.\0001\000.\0001\0001\0006\000\040\000s\000e\000t\000\137\000o\000u\000t\000p\000u\000t\000\137\000l\000i\000n\000e\000s\000\137\000t\000d\000\050\000\051}{subsection.4.2.1}% 538
\BOOKMARK [3][-]{subsubsection.4.2.1.117}{\376\377\0004\000.\0002\000.\0001\000.\0001\0001\0007\000\040\000s\000e\000t\000\137\000r\000x\000\137\000s\000u\000b\000n\000e\000t\000\050\000\051}{subsection.4.2.1}% 539
\BOOKMARK [3][-]{subsubsection.4.2.1.118}{\376\377\0004\000.\0002\000.\0001\000.\0001\0001\0008\000\040\000s\000e\000t\000\137\000r\000x\000\137\000s\000u\000b\000n\000e\000t\000\137\000c\000l\000\050\000\051}{subsection.4.2.1}% 540
\BOOKMARK [3][-]{subsubsection.4.2.1.119}{\376\377\0004\000.\0002\000.\0001\000.\0001\0001\0009\000\040\000s\000e\000t\000\137\000r\000x\000\137\000s\000u\000b\000n\000e\000t\000\137\000q\000u\000a\000d\000\050\000\051}{subsection.4.2.1}% 541
\BOOKMARK [3][-]{subsubsection.4.2.1.120}{\376\377\0004\000.\0002\000.\0001\000.\0001\0002\0000\000\040\000s\000e\000t\000\137\000s\000u\000r\000v\000e\000y\000\137\0001\000\050\000\051}{subsection.4.2.1}% 542
\BOOKMARK [3][-]{subsubsection.4.2.1.121}{\376\377\0004\000.\0002\000.\0001\000.\0001\0002\0001\000\040\000s\000e\000t\000\137\000s\000u\000r\000v\000e\000y\000\137\0002\000\050\000\051}{subsection.4.2.1}% 543
\BOOKMARK [3][-]{subsubsection.4.2.1.122}{\376\377\0004\000.\0002\000.\0001\000.\0001\0002\0002\000\040\000s\000e\000t\000\137\000s\000u\000r\000v\000e\000y\000\137\0004\000\050\000\051}{subsection.4.2.1}% 544
\BOOKMARK [3][-]{subsubsection.4.2.1.123}{\376\377\0004\000.\0002\000.\0001\000.\0001\0002\0003\000\040\000s\000e\000t\000\137\000s\000u\000r\000v\000e\000y\000\137\0005\000\050\000\051}{subsection.4.2.1}% 545
\BOOKMARK [3][-]{subsubsection.4.2.1.124}{\376\377\0004\000.\0002\000.\0001\000.\0001\0002\0004\000\040\000s\000e\000t\000\137\000s\000w\000y\000t\000d\000\050\000\051}{subsection.4.2.1}% 546
\BOOKMARK [3][-]{subsubsection.4.2.1.125}{\376\377\0004\000.\0002\000.\0001\000.\0001\0002\0005\000\040\000s\000e\000t\000\137\000t\000i\000m\000e\000\137\000o\000r\000d\000e\000r\000\050\000\051}{subsection.4.2.1}% 547
\BOOKMARK [3][-]{subsubsection.4.2.1.126}{\376\377\0004\000.\0002\000.\0001\000.\0001\0002\0006\000\040\000s\000e\000t\000\137\000t\000m\000s\000r\000\050\000\051}{subsection.4.2.1}% 548
\BOOKMARK [3][-]{subsubsection.4.2.1.127}{\376\377\0004\000.\0002\000.\0001\000.\0001\0002\0007\000\040\000s\000e\000t\000\137\000v\000e\000r\000t\000e\000x\000\137\000o\000r\000d\000e\000r\000\050\000\051}{subsection.4.2.1}% 549
\BOOKMARK [3][-]{subsubsection.4.2.1.128}{\376\377\0004\000.\0002\000.\0001\000.\0001\0002\0008\000\040\000s\000e\000t\000\137\000z\000\050\000\051}{subsection.4.2.1}% 550
\BOOKMARK [3][-]{subsubsection.4.2.1.129}{\376\377\0004\000.\0002\000.\0001\000.\0001\0002\0009\000\040\000s\000o\000l\000v\000e\0002\000\050\000\051}{subsection.4.2.1}% 551
\BOOKMARK [3][-]{subsubsection.4.2.1.130}{\376\377\0004\000.\0002\000.\0001\000.\0001\0003\0000\000\040\000t\000d\000e\000m\000\137\0003\000d\000\050\000\051}{subsection.4.2.1}% 552
\BOOKMARK [3][-]{subsubsection.4.2.1.131}{\376\377\0004\000.\0002\000.\0001\000.\0001\0003\0001\000\040\000t\000x\000c\000m\000r\000g\000\050\000\051}{subsection.4.2.1}% 553
\BOOKMARK [3][-]{subsubsection.4.2.1.132}{\376\377\0004\000.\0002\000.\0001\000.\0001\0003\0002\000\040\000t\000x\000c\000n\000v\000d\000\050\000\051}{subsection.4.2.1}% 554
\BOOKMARK [3][-]{subsubsection.4.2.1.133}{\376\377\0004\000.\0002\000.\0001\000.\0001\0003\0003\000\040\000t\000x\000c\000n\000v\000l\000\050\000\051}{subsection.4.2.1}% 555
\BOOKMARK [3][-]{subsubsection.4.2.1.134}{\376\377\0004\000.\0002\000.\0001\000.\0001\0003\0004\000\040\000v\000a\000l\000i\000d\000a\000t\000e\000\137\000c\000m\000p\000\050\000\051}{subsection.4.2.1}% 556
\BOOKMARK [3][-]{subsubsection.4.2.1.135}{\376\377\0004\000.\0002\000.\0001\000.\0001\0003\0005\000\040\000v\000a\000l\000i\000d\000a\000t\000e\000\137\000k\000m\000p\000\050\000\051}{subsection.4.2.1}% 557
\BOOKMARK [3][-]{subsubsection.4.2.1.136}{\376\377\0004\000.\0002\000.\0001\000.\0001\0003\0006\000\040\000v\000a\000l\000i\000d\000a\000t\000e\000\137\000l\000i\000n\000e\000\050\000\051}{subsection.4.2.1}% 558
\BOOKMARK [3][-]{subsubsection.4.2.1.137}{\376\377\0004\000.\0002\000.\0001\000.\0001\0003\0007\000\040\000w\000r\000f\000d\000p\000\050\000\051}{subsection.4.2.1}% 559
\BOOKMARK [3][-]{subsubsection.4.2.1.138}{\376\377\0004\000.\0002\000.\0001\000.\0001\0003\0008\000\040\000w\000r\000i\000t\000e\000\137\000d\000a\000t\000a\000\050\000\051}{subsection.4.2.1}% 560
\BOOKMARK [3][-]{subsubsection.4.2.1.139}{\376\377\0004\000.\0002\000.\0001\000.\0001\0003\0009\000\040\000w\000r\000i\000t\000e\000\137\000f\000d\000\050\000\051}{subsection.4.2.1}% 561
\BOOKMARK [3][-]{subsubsection.4.2.1.140}{\376\377\0004\000.\0002\000.\0001\000.\0001\0004\0000\000\040\000w\000r\000i\000t\000e\000\137\000f\000d\000\137\000m\000i\000s\000f\000i\000t\000\050\000\051}{subsection.4.2.1}% 562
\BOOKMARK [3][-]{subsubsection.4.2.1.141}{\376\377\0004\000.\0002\000.\0001\000.\0001\0004\0001\000\040\000w\000r\000i\000t\000e\000\137\000i\000n\000v\000m\000d\000l\000\050\000\051}{subsection.4.2.1}% 563
\BOOKMARK [3][-]{subsubsection.4.2.1.142}{\376\377\0004\000.\0002\000.\0001\000.\0001\0004\0002\000\040\000w\000r\000i\000t\000e\000\137\000l\000o\000g\000\137\000f\000i\000l\000e\000\050\000\051}{subsection.4.2.1}% 564
\BOOKMARK [3][-]{subsubsection.4.2.1.143}{\376\377\0004\000.\0002\000.\0001\000.\0001\0004\0003\000\040\000w\000r\000i\000t\000e\000\137\000t\000d\000\050\000\051}{subsection.4.2.1}% 565
\BOOKMARK [3][-]{subsubsection.4.2.1.144}{\376\377\0004\000.\0002\000.\0001\000.\0001\0004\0004\000\040\000w\000r\000i\000t\000e\000\137\000t\000d\000\137\000m\000i\000s\000f\000i\000t\000\050\000\051}{subsection.4.2.1}% 566
\BOOKMARK [3][-]{subsubsection.4.2.1.145}{\376\377\0004\000.\0002\000.\0001\000.\0001\0004\0005\000\040\000w\000r\000t\000d\000p\000\050\000\051}{subsection.4.2.1}% 567
\BOOKMARK [0][-]{section*.351}{\376\377\000I\000n\000d\000e\000x}{}% 568
