

  SamAir task started at 13:54 on 14 JAN 2013



      ######################################################################
      #                                                                    #
      #                 SamAir - Version 2.2.5   22 September 2007         #        
      #                 ------------------------------------------         #        
      #                                                                    #
      #      Develped by:  CSIRO Electromagnetic Modelling Group           #
      #                    Fred Sugeng, Glenn Wilson & Art Raiche          #
      #                                                                    #
      #              For:  AMIRA project P223F                             #
      #                                                                    #
      ######################################################################


          INPUT DATA
          ----------


 SamAir Inversion - Geotem X & Z, Date : 25 July 2006, Time : 3:18PM, Project File : C:\CSIRO\WIP\AEM Inversion Studies\P

  TDFD =  1   DO3D = -2   PRFL =  1    ISTOP = 0

  ISW =   1   NSX =  37   STEP = 0    UNITS =   1  NCHNL =  16
  KRXW =  1   OFFTYM =   16.00    


         +----------------------------------------------
         +    Time-Domain AEM Impulse System Input Data 
         +          dB/dt output will be in nT/s
         +----------------------------------------------


                          Transmitter current
           TXON (ms)      waveform in amps
           ---------      -----------------

      1        0.000         0.000    
      2        0.111        0.8720E-01
      3        0.222        0.1736    
      4        0.333        0.2588    
      5        0.444        0.3420    
      6        0.556        0.4226    
      7        0.667        0.5000    
      8        0.778        0.5736    
      9        0.889        0.6428    
     10        1.000        0.7071    
     11        1.111        0.7660    
     12        1.222        0.8192    
     13        1.333        0.8660    
     14        1.444        0.9063    
     15        1.556        0.9397    
     16        1.667        0.9659    
     17        1.778        0.9848    
     18        1.889        0.9962    
     19        2.000         1.000    
     20        2.111        0.9962    
     21        2.222        0.9848    
     22        2.333        0.9659    
     23        2.444        0.9397    
     24        2.556        0.9063    
     25        2.667        0.8660    
     26        2.778        0.8192    
     27        2.889        0.7660    
     28        3.000        0.7071    
     29        3.111        0.6428    
     30        3.222        0.5736    
     31        3.333        0.5000    
     32        3.444        0.4226    
     33        3.556        0.3420    
     34        3.667        0.2588    
     35        3.778        0.1736    
     36        3.889        0.8720E-01
     37        4.000         0.000    

         Receiver Window Specifications (ms)
         -----------------------------------

       Window     Open        Close      Width      Centre
       ------     ----        -----      -----      ------
          1       4.423       4.579      0.156       4.501
          2       4.580       4.736      0.156       4.658
          3       4.736       4.892      0.156       4.814
          4       4.891       5.205      0.313       5.048
          5       5.205       5.517      0.313       5.361
          6       5.516       5.985      0.469       5.751
          7       5.985       6.455      0.469       6.220
          8       6.455       7.080      0.625       6.767
          9       7.080       7.860      0.781       7.470
         10       7.861       8.799      0.938       8.330
         11       8.798       9.892      1.094       9.345
         12       9.892      11.142      1.250      10.517
         13      11.142      12.705      1.563      11.923
         14      12.705      14.580      1.875      13.642
         15      14.580      17.080      2.500      15.830
         16      17.080      19.892      2.813      18.486

  CMP =  2    KPPM = 123
  Inclination angle of transmitter in level flight =  6.0 degrees (front up)

  Tx area =   10000 m^2;    NTRN = 1

  Initial Rx offset relative to Tx:   60.0 Below,  105.0 Behind,   0.0 Starboard
