

  SamAir task started at 13:54 on 14 JAN 2013



      ######################################################################
      #                                                                    #
      #                 SamAir - Version 2.2.5   22 September 2007         #        
      #                 ------------------------------------------         #        
      #                                                                    #
      #      Develped by:  CSIRO Electromagnetic Modelling Group           #
      #                    Fred Sugeng, Glenn Wilson & Art Raiche          #
      #                                                                    #
      #              For:  AMIRA project P223F                             #
      #                                                                    #
      ######################################################################


          INPUT DATA
          ----------


 SamAir Inversion - Geotem Z B, Date : 25 July 2006, Time : 3:19PM, Project File : C:\CSIRO\WIP\AEM Inversion Studies\Pro

  TDFD =  1   DO3D = -2   PRFL =  1    ISTOP = 0

  ISW =   1   NSX =  37   STEP = 1    UNITS =   3  NCHNL =  16
  KRXW =  1   OFFTYM =   16.00    


         +----------------------------------------------
         +    Time-Domain AEM Step System Input Data    
         +        B output will be in fT
         +----------------------------------------------


                          Transmitter current
           TXON (ms)      waveform in amps
           ---------      -----------------

      1        0.000         0.000    
      2        0.111         87.16    
      3        0.222         173.6    
      4        0.333         258.8    
      5        0.444         342.0    
      6        0.556         422.6    
      7        0.667         500.0    
      8        0.778         573.6    
      9        0.889         642.8    
     10        1.000         707.1    
     11        1.111         766.0    
     12        1.222         819.2    
     13        1.333         866.0    
     14        1.444         906.3    
     15        1.556         939.7    
     16        1.667         965.9    
     17        1.778         984.8    
     18        1.889         996.2    
     19        2.000         1000.    
     20        2.111         996.2    
     21        2.222         984.8    
     22        2.333         965.9    
     23        2.444         939.7    
     24        2.556         906.3    
     25        2.667         866.0    
     26        2.778         819.2    
     27        2.889         766.0    
     28        3.000         707.1    
     29        3.111         642.8    
     30        3.222         573.6    
     31        3.333         500.0    
     32        3.444         422.6    
     33        3.556         342.0    
     34        3.667         258.8    
     35        3.778         173.6    
     36        3.889         87.16    
     37        4.000         0.000    

         Receiver Window Specifications (ms)
         -----------------------------------

       Window     Open        Close      Width      Centre
       ------     ----        -----      -----      ------
          1       4.423       4.579      0.156       4.501
          2       4.580       4.736      0.156       4.658
          3       4.736       4.892      0.156       4.814
          4       4.891       5.205      0.313       5.048
          5       5.205       5.517      0.313       5.361
          6       5.516       5.985      0.469       5.751
          7       5.985       6.455      0.469       6.220
          8       6.455       7.080      0.625       6.767
          9       7.080       7.860      0.781       7.470
         10       7.861       8.799      0.938       8.330
         11       8.798       9.892      1.094       9.345
         12       9.892      11.142      1.250      10.517
         13      11.142      12.705      1.563      11.923
         14      12.705      14.580      1.875      13.642
         15      14.580      17.080      2.500      15.830
         16      17.080      19.892      2.813      18.486

  CMP = 13    KPPM =   0
  Inclination angle of transmitter in level flight =  6.0 degrees (front up)

  Tx area =     232 m^2;    NTRN = 3

  Initial Rx offset relative to Tx:   60.0 Below,  105.0 Behind,   0.0 Starboard
